[2024-06-06T15:50:33.590+0530] {processor.py:161} INFO - Started process (PID=33713) to work on /home/wsl/airflow_venv/lib/python3.10/site-packages/airflow/example_dags/example_params_trigger_ui.py
[2024-06-06T15:50:33.591+0530] {processor.py:830} INFO - Processing file /home/wsl/airflow_venv/lib/python3.10/site-packages/airflow/example_dags/example_params_trigger_ui.py for tasks to queue
[2024-06-06T15:50:33.593+0530] {logging_mixin.py:188} INFO - [2024-06-06T15:50:33.592+0530] {dagbag.py:540} INFO - Filling up the DagBag from /home/wsl/airflow_venv/lib/python3.10/site-packages/airflow/example_dags/example_params_trigger_ui.py
[2024-06-06T15:50:33.616+0530] {processor.py:840} INFO - DAG(s) 'example_params_trigger_ui' retrieved from /home/wsl/airflow_venv/lib/python3.10/site-packages/airflow/example_dags/example_params_trigger_ui.py
[2024-06-06T15:50:33.741+0530] {logging_mixin.py:188} INFO - [2024-06-06T15:50:33.741+0530] {dag.py:3096} INFO - Sync 1 DAGs
[2024-06-06T15:50:33.751+0530] {logging_mixin.py:188} INFO - [2024-06-06T15:50:33.750+0530] {dag.py:3954} INFO - Setting next_dagrun for example_params_trigger_ui to None, run_after=None
[2024-06-06T15:50:33.779+0530] {processor.py:183} INFO - Processing /home/wsl/airflow_venv/lib/python3.10/site-packages/airflow/example_dags/example_params_trigger_ui.py took 0.200 seconds
[2024-06-06T15:51:46.921+0530] {processor.py:161} INFO - Started process (PID=34385) to work on /home/wsl/airflow_venv/lib/python3.10/site-packages/airflow/example_dags/example_params_trigger_ui.py
[2024-06-06T15:51:46.924+0530] {processor.py:830} INFO - Processing file /home/wsl/airflow_venv/lib/python3.10/site-packages/airflow/example_dags/example_params_trigger_ui.py for tasks to queue
[2024-06-06T15:51:46.925+0530] {logging_mixin.py:188} INFO - [2024-06-06T15:51:46.925+0530] {dagbag.py:540} INFO - Filling up the DagBag from /home/wsl/airflow_venv/lib/python3.10/site-packages/airflow/example_dags/example_params_trigger_ui.py
[2024-06-06T15:51:46.945+0530] {processor.py:840} INFO - DAG(s) 'example_params_trigger_ui' retrieved from /home/wsl/airflow_venv/lib/python3.10/site-packages/airflow/example_dags/example_params_trigger_ui.py
[2024-06-06T15:51:47.003+0530] {logging_mixin.py:188} INFO - [2024-06-06T15:51:47.002+0530] {dag.py:3096} INFO - Sync 1 DAGs
[2024-06-06T15:51:47.016+0530] {logging_mixin.py:188} INFO - [2024-06-06T15:51:47.016+0530] {dag.py:3954} INFO - Setting next_dagrun for example_params_trigger_ui to None, run_after=None
[2024-06-06T15:51:47.054+0530] {processor.py:183} INFO - Processing /home/wsl/airflow_venv/lib/python3.10/site-packages/airflow/example_dags/example_params_trigger_ui.py took 0.142 seconds
[2024-06-06T15:53:36.564+0530] {processor.py:161} INFO - Started process (PID=35518) to work on /home/wsl/airflow_venv/lib/python3.10/site-packages/airflow/example_dags/example_params_trigger_ui.py
[2024-06-06T15:53:36.567+0530] {processor.py:830} INFO - Processing file /home/wsl/airflow_venv/lib/python3.10/site-packages/airflow/example_dags/example_params_trigger_ui.py for tasks to queue
[2024-06-06T15:53:36.568+0530] {logging_mixin.py:188} INFO - [2024-06-06T15:53:36.567+0530] {dagbag.py:540} INFO - Filling up the DagBag from /home/wsl/airflow_venv/lib/python3.10/site-packages/airflow/example_dags/example_params_trigger_ui.py
[2024-06-06T15:53:36.588+0530] {processor.py:840} INFO - DAG(s) 'example_params_trigger_ui' retrieved from /home/wsl/airflow_venv/lib/python3.10/site-packages/airflow/example_dags/example_params_trigger_ui.py
[2024-06-06T15:53:36.733+0530] {logging_mixin.py:188} INFO - [2024-06-06T15:53:36.733+0530] {dag.py:3096} INFO - Sync 1 DAGs
[2024-06-06T15:53:36.745+0530] {logging_mixin.py:188} INFO - [2024-06-06T15:53:36.745+0530] {dag.py:3954} INFO - Setting next_dagrun for example_params_trigger_ui to None, run_after=None
[2024-06-06T15:53:36.773+0530] {processor.py:183} INFO - Processing /home/wsl/airflow_venv/lib/python3.10/site-packages/airflow/example_dags/example_params_trigger_ui.py took 0.218 seconds
[2024-06-06T15:56:29.604+0530] {processor.py:161} INFO - Started process (PID=37146) to work on /home/wsl/airflow_venv/lib/python3.10/site-packages/airflow/example_dags/example_params_trigger_ui.py
[2024-06-06T15:56:29.606+0530] {processor.py:830} INFO - Processing file /home/wsl/airflow_venv/lib/python3.10/site-packages/airflow/example_dags/example_params_trigger_ui.py for tasks to queue
[2024-06-06T15:56:29.607+0530] {logging_mixin.py:188} INFO - [2024-06-06T15:56:29.607+0530] {dagbag.py:540} INFO - Filling up the DagBag from /home/wsl/airflow_venv/lib/python3.10/site-packages/airflow/example_dags/example_params_trigger_ui.py
[2024-06-06T15:56:29.660+0530] {processor.py:840} INFO - DAG(s) 'example_params_trigger_ui' retrieved from /home/wsl/airflow_venv/lib/python3.10/site-packages/airflow/example_dags/example_params_trigger_ui.py
[2024-06-06T15:56:29.715+0530] {logging_mixin.py:188} INFO - [2024-06-06T15:56:29.715+0530] {dag.py:3096} INFO - Sync 1 DAGs
[2024-06-06T15:56:29.728+0530] {logging_mixin.py:188} INFO - [2024-06-06T15:56:29.727+0530] {dag.py:3954} INFO - Setting next_dagrun for example_params_trigger_ui to None, run_after=None
[2024-06-06T15:56:29.759+0530] {processor.py:183} INFO - Processing /home/wsl/airflow_venv/lib/python3.10/site-packages/airflow/example_dags/example_params_trigger_ui.py took 0.166 seconds
[2024-06-06T15:57:59.487+0530] {processor.py:161} INFO - Started process (PID=37889) to work on /home/wsl/airflow_venv/lib/python3.10/site-packages/airflow/example_dags/example_params_trigger_ui.py
[2024-06-06T15:57:59.489+0530] {processor.py:830} INFO - Processing file /home/wsl/airflow_venv/lib/python3.10/site-packages/airflow/example_dags/example_params_trigger_ui.py for tasks to queue
[2024-06-06T15:57:59.491+0530] {logging_mixin.py:188} INFO - [2024-06-06T15:57:59.490+0530] {dagbag.py:540} INFO - Filling up the DagBag from /home/wsl/airflow_venv/lib/python3.10/site-packages/airflow/example_dags/example_params_trigger_ui.py
[2024-06-06T15:57:59.513+0530] {processor.py:840} INFO - DAG(s) 'example_params_trigger_ui' retrieved from /home/wsl/airflow_venv/lib/python3.10/site-packages/airflow/example_dags/example_params_trigger_ui.py
[2024-06-06T15:57:59.561+0530] {logging_mixin.py:188} INFO - [2024-06-06T15:57:59.561+0530] {dag.py:3096} INFO - Sync 1 DAGs
[2024-06-06T15:57:59.577+0530] {logging_mixin.py:188} INFO - [2024-06-06T15:57:59.577+0530] {dag.py:3954} INFO - Setting next_dagrun for example_params_trigger_ui to None, run_after=None
[2024-06-06T15:57:59.608+0530] {processor.py:183} INFO - Processing /home/wsl/airflow_venv/lib/python3.10/site-packages/airflow/example_dags/example_params_trigger_ui.py took 0.130 seconds
[2024-06-06T15:59:18.134+0530] {processor.py:161} INFO - Started process (PID=38421) to work on /home/wsl/airflow_venv/lib/python3.10/site-packages/airflow/example_dags/example_params_trigger_ui.py
[2024-06-06T15:59:18.135+0530] {processor.py:830} INFO - Processing file /home/wsl/airflow_venv/lib/python3.10/site-packages/airflow/example_dags/example_params_trigger_ui.py for tasks to queue
[2024-06-06T15:59:18.136+0530] {logging_mixin.py:188} INFO - [2024-06-06T15:59:18.136+0530] {dagbag.py:540} INFO - Filling up the DagBag from /home/wsl/airflow_venv/lib/python3.10/site-packages/airflow/example_dags/example_params_trigger_ui.py
[2024-06-06T15:59:18.151+0530] {processor.py:840} INFO - DAG(s) 'example_params_trigger_ui' retrieved from /home/wsl/airflow_venv/lib/python3.10/site-packages/airflow/example_dags/example_params_trigger_ui.py
[2024-06-06T15:59:18.194+0530] {logging_mixin.py:188} INFO - [2024-06-06T15:59:18.193+0530] {dag.py:3096} INFO - Sync 1 DAGs
[2024-06-06T15:59:18.207+0530] {logging_mixin.py:188} INFO - [2024-06-06T15:59:18.207+0530] {dag.py:3954} INFO - Setting next_dagrun for example_params_trigger_ui to None, run_after=None
[2024-06-06T15:59:18.233+0530] {processor.py:183} INFO - Processing /home/wsl/airflow_venv/lib/python3.10/site-packages/airflow/example_dags/example_params_trigger_ui.py took 0.106 seconds
[2024-06-06T16:00:20.850+0530] {processor.py:161} INFO - Started process (PID=39130) to work on /home/wsl/airflow_venv/lib/python3.10/site-packages/airflow/example_dags/example_params_trigger_ui.py
[2024-06-06T16:00:20.957+0530] {processor.py:830} INFO - Processing file /home/wsl/airflow_venv/lib/python3.10/site-packages/airflow/example_dags/example_params_trigger_ui.py for tasks to queue
[2024-06-06T16:00:20.959+0530] {logging_mixin.py:188} INFO - [2024-06-06T16:00:20.958+0530] {dagbag.py:540} INFO - Filling up the DagBag from /home/wsl/airflow_venv/lib/python3.10/site-packages/airflow/example_dags/example_params_trigger_ui.py
[2024-06-06T16:00:21.029+0530] {processor.py:840} INFO - DAG(s) 'example_params_trigger_ui' retrieved from /home/wsl/airflow_venv/lib/python3.10/site-packages/airflow/example_dags/example_params_trigger_ui.py
[2024-06-06T16:00:21.272+0530] {logging_mixin.py:188} INFO - [2024-06-06T16:00:21.271+0530] {dag.py:3096} INFO - Sync 1 DAGs
[2024-06-06T16:00:21.335+0530] {logging_mixin.py:188} INFO - [2024-06-06T16:00:21.335+0530] {dag.py:3954} INFO - Setting next_dagrun for example_params_trigger_ui to None, run_after=None
[2024-06-06T16:00:22.318+0530] {processor.py:183} INFO - Processing /home/wsl/airflow_venv/lib/python3.10/site-packages/airflow/example_dags/example_params_trigger_ui.py took 1.480 seconds
[2024-06-06T16:06:25.257+0530] {processor.py:161} INFO - Started process (PID=41574) to work on /home/wsl/airflow_venv/lib/python3.10/site-packages/airflow/example_dags/example_params_trigger_ui.py
[2024-06-06T16:06:25.259+0530] {processor.py:830} INFO - Processing file /home/wsl/airflow_venv/lib/python3.10/site-packages/airflow/example_dags/example_params_trigger_ui.py for tasks to queue
[2024-06-06T16:06:25.260+0530] {logging_mixin.py:188} INFO - [2024-06-06T16:06:25.260+0530] {dagbag.py:540} INFO - Filling up the DagBag from /home/wsl/airflow_venv/lib/python3.10/site-packages/airflow/example_dags/example_params_trigger_ui.py
[2024-06-06T16:06:25.274+0530] {processor.py:840} INFO - DAG(s) 'example_params_trigger_ui' retrieved from /home/wsl/airflow_venv/lib/python3.10/site-packages/airflow/example_dags/example_params_trigger_ui.py
[2024-06-06T16:06:25.485+0530] {logging_mixin.py:188} INFO - [2024-06-06T16:06:25.485+0530] {dag.py:3096} INFO - Sync 1 DAGs
[2024-06-06T16:06:25.494+0530] {logging_mixin.py:188} INFO - [2024-06-06T16:06:25.494+0530] {dag.py:3954} INFO - Setting next_dagrun for example_params_trigger_ui to None, run_after=None
[2024-06-06T16:06:25.522+0530] {processor.py:183} INFO - Processing /home/wsl/airflow_venv/lib/python3.10/site-packages/airflow/example_dags/example_params_trigger_ui.py took 0.271 seconds
[2024-06-06T16:08:00.424+0530] {processor.py:161} INFO - Started process (PID=42484) to work on /home/wsl/airflow_venv/lib/python3.10/site-packages/airflow/example_dags/example_params_trigger_ui.py
[2024-06-06T16:08:00.426+0530] {processor.py:830} INFO - Processing file /home/wsl/airflow_venv/lib/python3.10/site-packages/airflow/example_dags/example_params_trigger_ui.py for tasks to queue
[2024-06-06T16:08:00.427+0530] {logging_mixin.py:188} INFO - [2024-06-06T16:08:00.426+0530] {dagbag.py:540} INFO - Filling up the DagBag from /home/wsl/airflow_venv/lib/python3.10/site-packages/airflow/example_dags/example_params_trigger_ui.py
[2024-06-06T16:08:00.444+0530] {processor.py:840} INFO - DAG(s) 'example_params_trigger_ui' retrieved from /home/wsl/airflow_venv/lib/python3.10/site-packages/airflow/example_dags/example_params_trigger_ui.py
[2024-06-06T16:08:00.499+0530] {logging_mixin.py:188} INFO - [2024-06-06T16:08:00.498+0530] {dag.py:3096} INFO - Sync 1 DAGs
[2024-06-06T16:08:00.513+0530] {logging_mixin.py:188} INFO - [2024-06-06T16:08:00.513+0530] {dag.py:3954} INFO - Setting next_dagrun for example_params_trigger_ui to None, run_after=None
[2024-06-06T16:08:00.543+0530] {processor.py:183} INFO - Processing /home/wsl/airflow_venv/lib/python3.10/site-packages/airflow/example_dags/example_params_trigger_ui.py took 0.128 seconds
[2024-06-06T16:10:11.821+0530] {processor.py:161} INFO - Started process (PID=43842) to work on /home/wsl/airflow_venv/lib/python3.10/site-packages/airflow/example_dags/example_params_trigger_ui.py
[2024-06-06T16:10:11.824+0530] {processor.py:830} INFO - Processing file /home/wsl/airflow_venv/lib/python3.10/site-packages/airflow/example_dags/example_params_trigger_ui.py for tasks to queue
[2024-06-06T16:10:11.826+0530] {logging_mixin.py:188} INFO - [2024-06-06T16:10:11.825+0530] {dagbag.py:540} INFO - Filling up the DagBag from /home/wsl/airflow_venv/lib/python3.10/site-packages/airflow/example_dags/example_params_trigger_ui.py
[2024-06-06T16:10:11.853+0530] {processor.py:840} INFO - DAG(s) 'example_params_trigger_ui' retrieved from /home/wsl/airflow_venv/lib/python3.10/site-packages/airflow/example_dags/example_params_trigger_ui.py
[2024-06-06T16:10:11.904+0530] {logging_mixin.py:188} INFO - [2024-06-06T16:10:11.903+0530] {dag.py:3096} INFO - Sync 1 DAGs
[2024-06-06T16:10:11.916+0530] {logging_mixin.py:188} INFO - [2024-06-06T16:10:11.916+0530] {dag.py:3954} INFO - Setting next_dagrun for example_params_trigger_ui to None, run_after=None
[2024-06-06T16:10:11.943+0530] {processor.py:183} INFO - Processing /home/wsl/airflow_venv/lib/python3.10/site-packages/airflow/example_dags/example_params_trigger_ui.py took 0.135 seconds
[2024-06-06T16:11:43.826+0530] {processor.py:161} INFO - Started process (PID=44914) to work on /home/wsl/airflow_venv/lib/python3.10/site-packages/airflow/example_dags/example_params_trigger_ui.py
[2024-06-06T16:11:43.829+0530] {processor.py:830} INFO - Processing file /home/wsl/airflow_venv/lib/python3.10/site-packages/airflow/example_dags/example_params_trigger_ui.py for tasks to queue
[2024-06-06T16:11:43.831+0530] {logging_mixin.py:188} INFO - [2024-06-06T16:11:43.830+0530] {dagbag.py:540} INFO - Filling up the DagBag from /home/wsl/airflow_venv/lib/python3.10/site-packages/airflow/example_dags/example_params_trigger_ui.py
[2024-06-06T16:11:43.848+0530] {processor.py:840} INFO - DAG(s) 'example_params_trigger_ui' retrieved from /home/wsl/airflow_venv/lib/python3.10/site-packages/airflow/example_dags/example_params_trigger_ui.py
[2024-06-06T16:11:43.892+0530] {logging_mixin.py:188} INFO - [2024-06-06T16:11:43.892+0530] {dag.py:3096} INFO - Sync 1 DAGs
[2024-06-06T16:11:43.904+0530] {logging_mixin.py:188} INFO - [2024-06-06T16:11:43.903+0530] {dag.py:3954} INFO - Setting next_dagrun for example_params_trigger_ui to None, run_after=None
[2024-06-06T16:11:43.931+0530] {processor.py:183} INFO - Processing /home/wsl/airflow_venv/lib/python3.10/site-packages/airflow/example_dags/example_params_trigger_ui.py took 0.118 seconds
[2024-06-06T16:14:30.366+0530] {processor.py:161} INFO - Started process (PID=46810) to work on /home/wsl/airflow_venv/lib/python3.10/site-packages/airflow/example_dags/example_params_trigger_ui.py
[2024-06-06T16:14:30.368+0530] {processor.py:830} INFO - Processing file /home/wsl/airflow_venv/lib/python3.10/site-packages/airflow/example_dags/example_params_trigger_ui.py for tasks to queue
[2024-06-06T16:14:30.369+0530] {logging_mixin.py:188} INFO - [2024-06-06T16:14:30.369+0530] {dagbag.py:540} INFO - Filling up the DagBag from /home/wsl/airflow_venv/lib/python3.10/site-packages/airflow/example_dags/example_params_trigger_ui.py
[2024-06-06T16:14:30.390+0530] {processor.py:840} INFO - DAG(s) 'example_params_trigger_ui' retrieved from /home/wsl/airflow_venv/lib/python3.10/site-packages/airflow/example_dags/example_params_trigger_ui.py
[2024-06-06T16:14:30.437+0530] {logging_mixin.py:188} INFO - [2024-06-06T16:14:30.436+0530] {dag.py:3096} INFO - Sync 1 DAGs
[2024-06-06T16:14:30.450+0530] {logging_mixin.py:188} INFO - [2024-06-06T16:14:30.449+0530] {dag.py:3954} INFO - Setting next_dagrun for example_params_trigger_ui to None, run_after=None
[2024-06-06T16:14:30.482+0530] {processor.py:183} INFO - Processing /home/wsl/airflow_venv/lib/python3.10/site-packages/airflow/example_dags/example_params_trigger_ui.py took 0.130 seconds
[2024-06-06T16:25:55.193+0530] {processor.py:161} INFO - Started process (PID=51969) to work on /home/wsl/airflow_venv/lib/python3.10/site-packages/airflow/example_dags/example_params_trigger_ui.py
[2024-06-06T16:25:55.195+0530] {processor.py:830} INFO - Processing file /home/wsl/airflow_venv/lib/python3.10/site-packages/airflow/example_dags/example_params_trigger_ui.py for tasks to queue
[2024-06-06T16:25:55.206+0530] {logging_mixin.py:188} INFO - [2024-06-06T16:25:55.197+0530] {dagbag.py:540} INFO - Filling up the DagBag from /home/wsl/airflow_venv/lib/python3.10/site-packages/airflow/example_dags/example_params_trigger_ui.py
[2024-06-06T16:25:55.286+0530] {processor.py:840} INFO - DAG(s) 'example_params_trigger_ui' retrieved from /home/wsl/airflow_venv/lib/python3.10/site-packages/airflow/example_dags/example_params_trigger_ui.py
[2024-06-06T16:25:55.587+0530] {logging_mixin.py:188} INFO - [2024-06-06T16:25:55.586+0530] {dag.py:3096} INFO - Sync 1 DAGs
[2024-06-06T16:25:55.612+0530] {logging_mixin.py:188} INFO - [2024-06-06T16:25:55.612+0530] {dag.py:3954} INFO - Setting next_dagrun for example_params_trigger_ui to None, run_after=None
[2024-06-06T16:25:55.673+0530] {processor.py:183} INFO - Processing /home/wsl/airflow_venv/lib/python3.10/site-packages/airflow/example_dags/example_params_trigger_ui.py took 0.494 seconds
[2024-06-06T16:28:09.143+0530] {processor.py:161} INFO - Started process (PID=53181) to work on /home/wsl/airflow_venv/lib/python3.10/site-packages/airflow/example_dags/example_params_trigger_ui.py
[2024-06-06T16:28:09.145+0530] {processor.py:830} INFO - Processing file /home/wsl/airflow_venv/lib/python3.10/site-packages/airflow/example_dags/example_params_trigger_ui.py for tasks to queue
[2024-06-06T16:28:09.146+0530] {logging_mixin.py:188} INFO - [2024-06-06T16:28:09.146+0530] {dagbag.py:540} INFO - Filling up the DagBag from /home/wsl/airflow_venv/lib/python3.10/site-packages/airflow/example_dags/example_params_trigger_ui.py
[2024-06-06T16:28:09.167+0530] {processor.py:840} INFO - DAG(s) 'example_params_trigger_ui' retrieved from /home/wsl/airflow_venv/lib/python3.10/site-packages/airflow/example_dags/example_params_trigger_ui.py
[2024-06-06T16:28:09.228+0530] {logging_mixin.py:188} INFO - [2024-06-06T16:28:09.228+0530] {dag.py:3096} INFO - Sync 1 DAGs
[2024-06-06T16:28:09.241+0530] {logging_mixin.py:188} INFO - [2024-06-06T16:28:09.240+0530] {dag.py:3954} INFO - Setting next_dagrun for example_params_trigger_ui to None, run_after=None
[2024-06-06T16:28:09.272+0530] {processor.py:183} INFO - Processing /home/wsl/airflow_venv/lib/python3.10/site-packages/airflow/example_dags/example_params_trigger_ui.py took 0.140 seconds
[2024-06-06T16:30:46.024+0530] {processor.py:161} INFO - Started process (PID=55060) to work on /home/wsl/airflow_venv/lib/python3.10/site-packages/airflow/example_dags/example_params_trigger_ui.py
[2024-06-06T16:30:46.026+0530] {processor.py:830} INFO - Processing file /home/wsl/airflow_venv/lib/python3.10/site-packages/airflow/example_dags/example_params_trigger_ui.py for tasks to queue
[2024-06-06T16:30:46.028+0530] {logging_mixin.py:188} INFO - [2024-06-06T16:30:46.027+0530] {dagbag.py:540} INFO - Filling up the DagBag from /home/wsl/airflow_venv/lib/python3.10/site-packages/airflow/example_dags/example_params_trigger_ui.py
[2024-06-06T16:30:46.052+0530] {processor.py:840} INFO - DAG(s) 'example_params_trigger_ui' retrieved from /home/wsl/airflow_venv/lib/python3.10/site-packages/airflow/example_dags/example_params_trigger_ui.py
[2024-06-06T16:30:46.097+0530] {logging_mixin.py:188} INFO - [2024-06-06T16:30:46.097+0530] {dag.py:3096} INFO - Sync 1 DAGs
[2024-06-06T16:30:46.111+0530] {logging_mixin.py:188} INFO - [2024-06-06T16:30:46.110+0530] {dag.py:3954} INFO - Setting next_dagrun for example_params_trigger_ui to None, run_after=None
[2024-06-06T16:30:46.140+0530] {processor.py:183} INFO - Processing /home/wsl/airflow_venv/lib/python3.10/site-packages/airflow/example_dags/example_params_trigger_ui.py took 0.131 seconds
[2024-06-06T16:33:07.685+0530] {processor.py:161} INFO - Started process (PID=56496) to work on /home/wsl/airflow_venv/lib/python3.10/site-packages/airflow/example_dags/example_params_trigger_ui.py
[2024-06-06T16:33:07.688+0530] {processor.py:830} INFO - Processing file /home/wsl/airflow_venv/lib/python3.10/site-packages/airflow/example_dags/example_params_trigger_ui.py for tasks to queue
[2024-06-06T16:33:07.690+0530] {logging_mixin.py:188} INFO - [2024-06-06T16:33:07.689+0530] {dagbag.py:540} INFO - Filling up the DagBag from /home/wsl/airflow_venv/lib/python3.10/site-packages/airflow/example_dags/example_params_trigger_ui.py
[2024-06-06T16:33:07.712+0530] {processor.py:840} INFO - DAG(s) 'example_params_trigger_ui' retrieved from /home/wsl/airflow_venv/lib/python3.10/site-packages/airflow/example_dags/example_params_trigger_ui.py
[2024-06-06T16:33:07.757+0530] {logging_mixin.py:188} INFO - [2024-06-06T16:33:07.756+0530] {dag.py:3096} INFO - Sync 1 DAGs
[2024-06-06T16:33:07.769+0530] {logging_mixin.py:188} INFO - [2024-06-06T16:33:07.769+0530] {dag.py:3954} INFO - Setting next_dagrun for example_params_trigger_ui to None, run_after=None
[2024-06-06T16:33:07.799+0530] {processor.py:183} INFO - Processing /home/wsl/airflow_venv/lib/python3.10/site-packages/airflow/example_dags/example_params_trigger_ui.py took 0.128 seconds
[2024-06-06T16:35:16.200+0530] {processor.py:161} INFO - Started process (PID=57930) to work on /home/wsl/airflow_venv/lib/python3.10/site-packages/airflow/example_dags/example_params_trigger_ui.py
[2024-06-06T16:35:16.202+0530] {processor.py:830} INFO - Processing file /home/wsl/airflow_venv/lib/python3.10/site-packages/airflow/example_dags/example_params_trigger_ui.py for tasks to queue
[2024-06-06T16:35:16.203+0530] {logging_mixin.py:188} INFO - [2024-06-06T16:35:16.203+0530] {dagbag.py:540} INFO - Filling up the DagBag from /home/wsl/airflow_venv/lib/python3.10/site-packages/airflow/example_dags/example_params_trigger_ui.py
[2024-06-06T16:35:16.224+0530] {processor.py:840} INFO - DAG(s) 'example_params_trigger_ui' retrieved from /home/wsl/airflow_venv/lib/python3.10/site-packages/airflow/example_dags/example_params_trigger_ui.py
[2024-06-06T16:35:16.281+0530] {logging_mixin.py:188} INFO - [2024-06-06T16:35:16.281+0530] {dag.py:3096} INFO - Sync 1 DAGs
[2024-06-06T16:35:16.296+0530] {logging_mixin.py:188} INFO - [2024-06-06T16:35:16.295+0530] {dag.py:3954} INFO - Setting next_dagrun for example_params_trigger_ui to None, run_after=None
[2024-06-06T16:35:16.328+0530] {processor.py:183} INFO - Processing /home/wsl/airflow_venv/lib/python3.10/site-packages/airflow/example_dags/example_params_trigger_ui.py took 0.140 seconds
[2024-06-06T16:37:33.522+0530] {processor.py:161} INFO - Started process (PID=59443) to work on /home/wsl/airflow_venv/lib/python3.10/site-packages/airflow/example_dags/example_params_trigger_ui.py
[2024-06-06T16:37:33.525+0530] {processor.py:830} INFO - Processing file /home/wsl/airflow_venv/lib/python3.10/site-packages/airflow/example_dags/example_params_trigger_ui.py for tasks to queue
[2024-06-06T16:37:33.526+0530] {logging_mixin.py:188} INFO - [2024-06-06T16:37:33.525+0530] {dagbag.py:540} INFO - Filling up the DagBag from /home/wsl/airflow_venv/lib/python3.10/site-packages/airflow/example_dags/example_params_trigger_ui.py
[2024-06-06T16:37:33.543+0530] {processor.py:840} INFO - DAG(s) 'example_params_trigger_ui' retrieved from /home/wsl/airflow_venv/lib/python3.10/site-packages/airflow/example_dags/example_params_trigger_ui.py
[2024-06-06T16:37:33.599+0530] {logging_mixin.py:188} INFO - [2024-06-06T16:37:33.599+0530] {dag.py:3096} INFO - Sync 1 DAGs
[2024-06-06T16:37:33.612+0530] {logging_mixin.py:188} INFO - [2024-06-06T16:37:33.612+0530] {dag.py:3954} INFO - Setting next_dagrun for example_params_trigger_ui to None, run_after=None
[2024-06-06T16:37:33.642+0530] {processor.py:183} INFO - Processing /home/wsl/airflow_venv/lib/python3.10/site-packages/airflow/example_dags/example_params_trigger_ui.py took 0.128 seconds
[2024-06-06T16:40:32.600+0530] {processor.py:161} INFO - Started process (PID=61556) to work on /home/wsl/airflow_venv/lib/python3.10/site-packages/airflow/example_dags/example_params_trigger_ui.py
[2024-06-06T16:40:32.604+0530] {processor.py:830} INFO - Processing file /home/wsl/airflow_venv/lib/python3.10/site-packages/airflow/example_dags/example_params_trigger_ui.py for tasks to queue
[2024-06-06T16:40:32.605+0530] {logging_mixin.py:188} INFO - [2024-06-06T16:40:32.604+0530] {dagbag.py:540} INFO - Filling up the DagBag from /home/wsl/airflow_venv/lib/python3.10/site-packages/airflow/example_dags/example_params_trigger_ui.py
[2024-06-06T16:40:32.620+0530] {processor.py:840} INFO - DAG(s) 'example_params_trigger_ui' retrieved from /home/wsl/airflow_venv/lib/python3.10/site-packages/airflow/example_dags/example_params_trigger_ui.py
[2024-06-06T16:40:32.663+0530] {logging_mixin.py:188} INFO - [2024-06-06T16:40:32.662+0530] {dag.py:3096} INFO - Sync 1 DAGs
[2024-06-06T16:40:32.674+0530] {logging_mixin.py:188} INFO - [2024-06-06T16:40:32.674+0530] {dag.py:3954} INFO - Setting next_dagrun for example_params_trigger_ui to None, run_after=None
[2024-06-06T16:40:32.702+0530] {processor.py:183} INFO - Processing /home/wsl/airflow_venv/lib/python3.10/site-packages/airflow/example_dags/example_params_trigger_ui.py took 0.117 seconds
[2024-06-06T16:42:28.209+0530] {processor.py:161} INFO - Started process (PID=62427) to work on /home/wsl/airflow_venv/lib/python3.10/site-packages/airflow/example_dags/example_params_trigger_ui.py
[2024-06-06T16:42:28.211+0530] {processor.py:830} INFO - Processing file /home/wsl/airflow_venv/lib/python3.10/site-packages/airflow/example_dags/example_params_trigger_ui.py for tasks to queue
[2024-06-06T16:42:28.212+0530] {logging_mixin.py:188} INFO - [2024-06-06T16:42:28.212+0530] {dagbag.py:540} INFO - Filling up the DagBag from /home/wsl/airflow_venv/lib/python3.10/site-packages/airflow/example_dags/example_params_trigger_ui.py
[2024-06-06T16:42:28.234+0530] {processor.py:840} INFO - DAG(s) 'example_params_trigger_ui' retrieved from /home/wsl/airflow_venv/lib/python3.10/site-packages/airflow/example_dags/example_params_trigger_ui.py
[2024-06-06T16:42:28.284+0530] {logging_mixin.py:188} INFO - [2024-06-06T16:42:28.283+0530] {dag.py:3096} INFO - Sync 1 DAGs
[2024-06-06T16:42:28.295+0530] {logging_mixin.py:188} INFO - [2024-06-06T16:42:28.295+0530] {dag.py:3954} INFO - Setting next_dagrun for example_params_trigger_ui to None, run_after=None
[2024-06-06T16:42:28.322+0530] {processor.py:183} INFO - Processing /home/wsl/airflow_venv/lib/python3.10/site-packages/airflow/example_dags/example_params_trigger_ui.py took 0.123 seconds
[2024-06-06T16:44:41.180+0530] {processor.py:161} INFO - Started process (PID=63994) to work on /home/wsl/airflow_venv/lib/python3.10/site-packages/airflow/example_dags/example_params_trigger_ui.py
[2024-06-06T16:44:41.183+0530] {processor.py:830} INFO - Processing file /home/wsl/airflow_venv/lib/python3.10/site-packages/airflow/example_dags/example_params_trigger_ui.py for tasks to queue
[2024-06-06T16:44:41.185+0530] {logging_mixin.py:188} INFO - [2024-06-06T16:44:41.184+0530] {dagbag.py:540} INFO - Filling up the DagBag from /home/wsl/airflow_venv/lib/python3.10/site-packages/airflow/example_dags/example_params_trigger_ui.py
[2024-06-06T16:44:41.211+0530] {processor.py:840} INFO - DAG(s) 'example_params_trigger_ui' retrieved from /home/wsl/airflow_venv/lib/python3.10/site-packages/airflow/example_dags/example_params_trigger_ui.py
[2024-06-06T16:44:41.289+0530] {logging_mixin.py:188} INFO - [2024-06-06T16:44:41.289+0530] {dag.py:3096} INFO - Sync 1 DAGs
[2024-06-06T16:44:41.307+0530] {logging_mixin.py:188} INFO - [2024-06-06T16:44:41.306+0530] {dag.py:3954} INFO - Setting next_dagrun for example_params_trigger_ui to None, run_after=None
[2024-06-06T16:44:41.338+0530] {processor.py:183} INFO - Processing /home/wsl/airflow_venv/lib/python3.10/site-packages/airflow/example_dags/example_params_trigger_ui.py took 0.175 seconds
[2024-06-06T16:47:18.194+0530] {processor.py:161} INFO - Started process (PID=65919) to work on /home/wsl/airflow_venv/lib/python3.10/site-packages/airflow/example_dags/example_params_trigger_ui.py
[2024-06-06T16:47:18.198+0530] {processor.py:830} INFO - Processing file /home/wsl/airflow_venv/lib/python3.10/site-packages/airflow/example_dags/example_params_trigger_ui.py for tasks to queue
[2024-06-06T16:47:18.200+0530] {logging_mixin.py:188} INFO - [2024-06-06T16:47:18.199+0530] {dagbag.py:540} INFO - Filling up the DagBag from /home/wsl/airflow_venv/lib/python3.10/site-packages/airflow/example_dags/example_params_trigger_ui.py
[2024-06-06T16:47:18.222+0530] {processor.py:840} INFO - DAG(s) 'example_params_trigger_ui' retrieved from /home/wsl/airflow_venv/lib/python3.10/site-packages/airflow/example_dags/example_params_trigger_ui.py
[2024-06-06T16:47:18.264+0530] {logging_mixin.py:188} INFO - [2024-06-06T16:47:18.264+0530] {dag.py:3096} INFO - Sync 1 DAGs
[2024-06-06T16:47:18.276+0530] {logging_mixin.py:188} INFO - [2024-06-06T16:47:18.276+0530] {dag.py:3954} INFO - Setting next_dagrun for example_params_trigger_ui to None, run_after=None
[2024-06-06T16:47:18.303+0530] {processor.py:183} INFO - Processing /home/wsl/airflow_venv/lib/python3.10/site-packages/airflow/example_dags/example_params_trigger_ui.py took 0.126 seconds
[2024-06-06T16:49:45.017+0530] {processor.py:161} INFO - Started process (PID=67533) to work on /home/wsl/airflow_venv/lib/python3.10/site-packages/airflow/example_dags/example_params_trigger_ui.py
[2024-06-06T16:49:45.019+0530] {processor.py:830} INFO - Processing file /home/wsl/airflow_venv/lib/python3.10/site-packages/airflow/example_dags/example_params_trigger_ui.py for tasks to queue
[2024-06-06T16:49:45.021+0530] {logging_mixin.py:188} INFO - [2024-06-06T16:49:45.020+0530] {dagbag.py:540} INFO - Filling up the DagBag from /home/wsl/airflow_venv/lib/python3.10/site-packages/airflow/example_dags/example_params_trigger_ui.py
[2024-06-06T16:49:45.050+0530] {processor.py:840} INFO - DAG(s) 'example_params_trigger_ui' retrieved from /home/wsl/airflow_venv/lib/python3.10/site-packages/airflow/example_dags/example_params_trigger_ui.py
[2024-06-06T16:49:45.117+0530] {logging_mixin.py:188} INFO - [2024-06-06T16:49:45.117+0530] {dag.py:3096} INFO - Sync 1 DAGs
[2024-06-06T16:49:45.133+0530] {logging_mixin.py:188} INFO - [2024-06-06T16:49:45.133+0530] {dag.py:3954} INFO - Setting next_dagrun for example_params_trigger_ui to None, run_after=None
[2024-06-06T16:49:45.177+0530] {processor.py:183} INFO - Processing /home/wsl/airflow_venv/lib/python3.10/site-packages/airflow/example_dags/example_params_trigger_ui.py took 0.174 seconds
[2024-06-06T16:52:40.560+0530] {processor.py:161} INFO - Started process (PID=69282) to work on /home/wsl/airflow_venv/lib/python3.10/site-packages/airflow/example_dags/example_params_trigger_ui.py
[2024-06-06T16:52:40.562+0530] {processor.py:830} INFO - Processing file /home/wsl/airflow_venv/lib/python3.10/site-packages/airflow/example_dags/example_params_trigger_ui.py for tasks to queue
[2024-06-06T16:52:40.564+0530] {logging_mixin.py:188} INFO - [2024-06-06T16:52:40.563+0530] {dagbag.py:540} INFO - Filling up the DagBag from /home/wsl/airflow_venv/lib/python3.10/site-packages/airflow/example_dags/example_params_trigger_ui.py
[2024-06-06T16:52:40.586+0530] {processor.py:840} INFO - DAG(s) 'example_params_trigger_ui' retrieved from /home/wsl/airflow_venv/lib/python3.10/site-packages/airflow/example_dags/example_params_trigger_ui.py
[2024-06-06T16:52:40.630+0530] {logging_mixin.py:188} INFO - [2024-06-06T16:52:40.629+0530] {dag.py:3096} INFO - Sync 1 DAGs
[2024-06-06T16:52:40.644+0530] {logging_mixin.py:188} INFO - [2024-06-06T16:52:40.644+0530] {dag.py:3954} INFO - Setting next_dagrun for example_params_trigger_ui to None, run_after=None
[2024-06-06T16:52:40.673+0530] {processor.py:183} INFO - Processing /home/wsl/airflow_venv/lib/python3.10/site-packages/airflow/example_dags/example_params_trigger_ui.py took 0.125 seconds
[2024-06-06T16:55:07.604+0530] {processor.py:161} INFO - Started process (PID=70976) to work on /home/wsl/airflow_venv/lib/python3.10/site-packages/airflow/example_dags/example_params_trigger_ui.py
[2024-06-06T16:55:07.607+0530] {processor.py:830} INFO - Processing file /home/wsl/airflow_venv/lib/python3.10/site-packages/airflow/example_dags/example_params_trigger_ui.py for tasks to queue
[2024-06-06T16:55:07.608+0530] {logging_mixin.py:188} INFO - [2024-06-06T16:55:07.608+0530] {dagbag.py:540} INFO - Filling up the DagBag from /home/wsl/airflow_venv/lib/python3.10/site-packages/airflow/example_dags/example_params_trigger_ui.py
[2024-06-06T16:55:07.624+0530] {processor.py:840} INFO - DAG(s) 'example_params_trigger_ui' retrieved from /home/wsl/airflow_venv/lib/python3.10/site-packages/airflow/example_dags/example_params_trigger_ui.py
[2024-06-06T16:55:07.668+0530] {logging_mixin.py:188} INFO - [2024-06-06T16:55:07.668+0530] {dag.py:3096} INFO - Sync 1 DAGs
[2024-06-06T16:55:07.679+0530] {logging_mixin.py:188} INFO - [2024-06-06T16:55:07.679+0530] {dag.py:3954} INFO - Setting next_dagrun for example_params_trigger_ui to None, run_after=None
[2024-06-06T16:55:07.712+0530] {processor.py:183} INFO - Processing /home/wsl/airflow_venv/lib/python3.10/site-packages/airflow/example_dags/example_params_trigger_ui.py took 0.118 seconds
[2024-06-06T16:56:59.946+0530] {processor.py:161} INFO - Started process (PID=72470) to work on /home/wsl/airflow_venv/lib/python3.10/site-packages/airflow/example_dags/example_params_trigger_ui.py
[2024-06-06T16:56:59.949+0530] {processor.py:830} INFO - Processing file /home/wsl/airflow_venv/lib/python3.10/site-packages/airflow/example_dags/example_params_trigger_ui.py for tasks to queue
[2024-06-06T16:56:59.950+0530] {logging_mixin.py:188} INFO - [2024-06-06T16:56:59.950+0530] {dagbag.py:540} INFO - Filling up the DagBag from /home/wsl/airflow_venv/lib/python3.10/site-packages/airflow/example_dags/example_params_trigger_ui.py
[2024-06-06T16:56:59.973+0530] {processor.py:840} INFO - DAG(s) 'example_params_trigger_ui' retrieved from /home/wsl/airflow_venv/lib/python3.10/site-packages/airflow/example_dags/example_params_trigger_ui.py
[2024-06-06T16:57:00.031+0530] {logging_mixin.py:188} INFO - [2024-06-06T16:57:00.031+0530] {dag.py:3096} INFO - Sync 1 DAGs
[2024-06-06T16:57:00.043+0530] {logging_mixin.py:188} INFO - [2024-06-06T16:57:00.043+0530] {dag.py:3954} INFO - Setting next_dagrun for example_params_trigger_ui to None, run_after=None
[2024-06-06T16:57:00.264+0530] {processor.py:183} INFO - Processing /home/wsl/airflow_venv/lib/python3.10/site-packages/airflow/example_dags/example_params_trigger_ui.py took 0.327 seconds
[2024-06-06T16:59:34.451+0530] {processor.py:161} INFO - Started process (PID=74261) to work on /home/wsl/airflow_venv/lib/python3.10/site-packages/airflow/example_dags/example_params_trigger_ui.py
[2024-06-06T16:59:34.456+0530] {processor.py:830} INFO - Processing file /home/wsl/airflow_venv/lib/python3.10/site-packages/airflow/example_dags/example_params_trigger_ui.py for tasks to queue
[2024-06-06T16:59:34.457+0530] {logging_mixin.py:188} INFO - [2024-06-06T16:59:34.456+0530] {dagbag.py:540} INFO - Filling up the DagBag from /home/wsl/airflow_venv/lib/python3.10/site-packages/airflow/example_dags/example_params_trigger_ui.py
[2024-06-06T16:59:34.474+0530] {processor.py:840} INFO - DAG(s) 'example_params_trigger_ui' retrieved from /home/wsl/airflow_venv/lib/python3.10/site-packages/airflow/example_dags/example_params_trigger_ui.py
[2024-06-06T16:59:34.523+0530] {logging_mixin.py:188} INFO - [2024-06-06T16:59:34.523+0530] {dag.py:3096} INFO - Sync 1 DAGs
[2024-06-06T16:59:34.537+0530] {logging_mixin.py:188} INFO - [2024-06-06T16:59:34.536+0530] {dag.py:3954} INFO - Setting next_dagrun for example_params_trigger_ui to None, run_after=None
[2024-06-06T16:59:34.566+0530] {processor.py:183} INFO - Processing /home/wsl/airflow_venv/lib/python3.10/site-packages/airflow/example_dags/example_params_trigger_ui.py took 0.125 seconds
[2024-06-06T17:01:40.785+0530] {processor.py:161} INFO - Started process (PID=75927) to work on /home/wsl/airflow_venv/lib/python3.10/site-packages/airflow/example_dags/example_params_trigger_ui.py
[2024-06-06T17:01:40.787+0530] {processor.py:830} INFO - Processing file /home/wsl/airflow_venv/lib/python3.10/site-packages/airflow/example_dags/example_params_trigger_ui.py for tasks to queue
[2024-06-06T17:01:40.789+0530] {logging_mixin.py:188} INFO - [2024-06-06T17:01:40.788+0530] {dagbag.py:540} INFO - Filling up the DagBag from /home/wsl/airflow_venv/lib/python3.10/site-packages/airflow/example_dags/example_params_trigger_ui.py
[2024-06-06T17:01:40.817+0530] {processor.py:840} INFO - DAG(s) 'example_params_trigger_ui' retrieved from /home/wsl/airflow_venv/lib/python3.10/site-packages/airflow/example_dags/example_params_trigger_ui.py
[2024-06-06T17:01:40.881+0530] {logging_mixin.py:188} INFO - [2024-06-06T17:01:40.881+0530] {dag.py:3096} INFO - Sync 1 DAGs
[2024-06-06T17:01:40.898+0530] {logging_mixin.py:188} INFO - [2024-06-06T17:01:40.898+0530] {dag.py:3954} INFO - Setting next_dagrun for example_params_trigger_ui to None, run_after=None
[2024-06-06T17:01:40.926+0530] {processor.py:183} INFO - Processing /home/wsl/airflow_venv/lib/python3.10/site-packages/airflow/example_dags/example_params_trigger_ui.py took 0.151 seconds
[2024-06-06T17:03:40.869+0530] {processor.py:161} INFO - Started process (PID=77451) to work on /home/wsl/airflow_venv/lib/python3.10/site-packages/airflow/example_dags/example_params_trigger_ui.py
[2024-06-06T17:03:40.873+0530] {processor.py:830} INFO - Processing file /home/wsl/airflow_venv/lib/python3.10/site-packages/airflow/example_dags/example_params_trigger_ui.py for tasks to queue
[2024-06-06T17:03:40.875+0530] {logging_mixin.py:188} INFO - [2024-06-06T17:03:40.874+0530] {dagbag.py:540} INFO - Filling up the DagBag from /home/wsl/airflow_venv/lib/python3.10/site-packages/airflow/example_dags/example_params_trigger_ui.py
[2024-06-06T17:03:40.910+0530] {processor.py:840} INFO - DAG(s) 'example_params_trigger_ui' retrieved from /home/wsl/airflow_venv/lib/python3.10/site-packages/airflow/example_dags/example_params_trigger_ui.py
[2024-06-06T17:03:41.055+0530] {logging_mixin.py:188} INFO - [2024-06-06T17:03:41.054+0530] {dag.py:3096} INFO - Sync 1 DAGs
[2024-06-06T17:03:41.067+0530] {logging_mixin.py:188} INFO - [2024-06-06T17:03:41.067+0530] {dag.py:3954} INFO - Setting next_dagrun for example_params_trigger_ui to None, run_after=None
[2024-06-06T17:03:41.142+0530] {processor.py:183} INFO - Processing /home/wsl/airflow_venv/lib/python3.10/site-packages/airflow/example_dags/example_params_trigger_ui.py took 0.293 seconds
[2024-06-06T17:05:45.616+0530] {processor.py:161} INFO - Started process (PID=79017) to work on /home/wsl/airflow_venv/lib/python3.10/site-packages/airflow/example_dags/example_params_trigger_ui.py
[2024-06-06T17:05:45.619+0530] {processor.py:830} INFO - Processing file /home/wsl/airflow_venv/lib/python3.10/site-packages/airflow/example_dags/example_params_trigger_ui.py for tasks to queue
[2024-06-06T17:05:45.621+0530] {logging_mixin.py:188} INFO - [2024-06-06T17:05:45.620+0530] {dagbag.py:540} INFO - Filling up the DagBag from /home/wsl/airflow_venv/lib/python3.10/site-packages/airflow/example_dags/example_params_trigger_ui.py
[2024-06-06T17:05:45.644+0530] {processor.py:840} INFO - DAG(s) 'example_params_trigger_ui' retrieved from /home/wsl/airflow_venv/lib/python3.10/site-packages/airflow/example_dags/example_params_trigger_ui.py
[2024-06-06T17:05:45.688+0530] {logging_mixin.py:188} INFO - [2024-06-06T17:05:45.688+0530] {dag.py:3096} INFO - Sync 1 DAGs
[2024-06-06T17:05:45.699+0530] {logging_mixin.py:188} INFO - [2024-06-06T17:05:45.699+0530] {dag.py:3954} INFO - Setting next_dagrun for example_params_trigger_ui to None, run_after=None
[2024-06-06T17:05:45.725+0530] {processor.py:183} INFO - Processing /home/wsl/airflow_venv/lib/python3.10/site-packages/airflow/example_dags/example_params_trigger_ui.py took 0.126 seconds
[2024-06-06T17:07:41.017+0530] {processor.py:161} INFO - Started process (PID=80494) to work on /home/wsl/airflow_venv/lib/python3.10/site-packages/airflow/example_dags/example_params_trigger_ui.py
[2024-06-06T17:07:41.026+0530] {processor.py:830} INFO - Processing file /home/wsl/airflow_venv/lib/python3.10/site-packages/airflow/example_dags/example_params_trigger_ui.py for tasks to queue
[2024-06-06T17:07:41.027+0530] {logging_mixin.py:188} INFO - [2024-06-06T17:07:41.026+0530] {dagbag.py:540} INFO - Filling up the DagBag from /home/wsl/airflow_venv/lib/python3.10/site-packages/airflow/example_dags/example_params_trigger_ui.py
[2024-06-06T17:07:41.045+0530] {processor.py:840} INFO - DAG(s) 'example_params_trigger_ui' retrieved from /home/wsl/airflow_venv/lib/python3.10/site-packages/airflow/example_dags/example_params_trigger_ui.py
[2024-06-06T17:07:41.114+0530] {logging_mixin.py:188} INFO - [2024-06-06T17:07:41.113+0530] {dag.py:3096} INFO - Sync 1 DAGs
[2024-06-06T17:07:41.130+0530] {logging_mixin.py:188} INFO - [2024-06-06T17:07:41.129+0530] {dag.py:3954} INFO - Setting next_dagrun for example_params_trigger_ui to None, run_after=None
[2024-06-06T17:07:41.172+0530] {processor.py:183} INFO - Processing /home/wsl/airflow_venv/lib/python3.10/site-packages/airflow/example_dags/example_params_trigger_ui.py took 0.162 seconds
[2024-06-06T17:09:56.059+0530] {processor.py:161} INFO - Started process (PID=82252) to work on /home/wsl/airflow_venv/lib/python3.10/site-packages/airflow/example_dags/example_params_trigger_ui.py
[2024-06-06T17:09:56.061+0530] {processor.py:830} INFO - Processing file /home/wsl/airflow_venv/lib/python3.10/site-packages/airflow/example_dags/example_params_trigger_ui.py for tasks to queue
[2024-06-06T17:09:56.062+0530] {logging_mixin.py:188} INFO - [2024-06-06T17:09:56.062+0530] {dagbag.py:540} INFO - Filling up the DagBag from /home/wsl/airflow_venv/lib/python3.10/site-packages/airflow/example_dags/example_params_trigger_ui.py
[2024-06-06T17:09:56.079+0530] {processor.py:840} INFO - DAG(s) 'example_params_trigger_ui' retrieved from /home/wsl/airflow_venv/lib/python3.10/site-packages/airflow/example_dags/example_params_trigger_ui.py
[2024-06-06T17:09:56.131+0530] {logging_mixin.py:188} INFO - [2024-06-06T17:09:56.131+0530] {dag.py:3096} INFO - Sync 1 DAGs
[2024-06-06T17:09:56.143+0530] {logging_mixin.py:188} INFO - [2024-06-06T17:09:56.143+0530] {dag.py:3954} INFO - Setting next_dagrun for example_params_trigger_ui to None, run_after=None
[2024-06-06T17:09:56.173+0530] {processor.py:183} INFO - Processing /home/wsl/airflow_venv/lib/python3.10/site-packages/airflow/example_dags/example_params_trigger_ui.py took 0.122 seconds
[2024-06-06T17:12:23.280+0530] {processor.py:161} INFO - Started process (PID=84132) to work on /home/wsl/airflow_venv/lib/python3.10/site-packages/airflow/example_dags/example_params_trigger_ui.py
[2024-06-06T17:12:23.282+0530] {processor.py:830} INFO - Processing file /home/wsl/airflow_venv/lib/python3.10/site-packages/airflow/example_dags/example_params_trigger_ui.py for tasks to queue
[2024-06-06T17:12:23.283+0530] {logging_mixin.py:188} INFO - [2024-06-06T17:12:23.282+0530] {dagbag.py:540} INFO - Filling up the DagBag from /home/wsl/airflow_venv/lib/python3.10/site-packages/airflow/example_dags/example_params_trigger_ui.py
[2024-06-06T17:12:23.299+0530] {processor.py:840} INFO - DAG(s) 'example_params_trigger_ui' retrieved from /home/wsl/airflow_venv/lib/python3.10/site-packages/airflow/example_dags/example_params_trigger_ui.py
[2024-06-06T17:12:23.355+0530] {logging_mixin.py:188} INFO - [2024-06-06T17:12:23.354+0530] {dag.py:3096} INFO - Sync 1 DAGs
[2024-06-06T17:12:23.368+0530] {logging_mixin.py:188} INFO - [2024-06-06T17:12:23.368+0530] {dag.py:3954} INFO - Setting next_dagrun for example_params_trigger_ui to None, run_after=None
[2024-06-06T17:12:23.401+0530] {processor.py:183} INFO - Processing /home/wsl/airflow_venv/lib/python3.10/site-packages/airflow/example_dags/example_params_trigger_ui.py took 0.129 seconds
