[2024-06-06T15:50:56.412+0530] {processor.py:161} INFO - Started process (PID=33905) to work on /home/wsl/airflow_venv/lib/python3.10/site-packages/airflow/example_dags/example_external_task_marker_dag.py
[2024-06-06T15:50:56.413+0530] {processor.py:830} INFO - Processing file /home/wsl/airflow_venv/lib/python3.10/site-packages/airflow/example_dags/example_external_task_marker_dag.py for tasks to queue
[2024-06-06T15:50:56.414+0530] {logging_mixin.py:188} INFO - [2024-06-06T15:50:56.414+0530] {dagbag.py:540} INFO - Filling up the DagBag from /home/wsl/airflow_venv/lib/python3.10/site-packages/airflow/example_dags/example_external_task_marker_dag.py
[2024-06-06T15:50:56.421+0530] {processor.py:840} INFO - DAG(s) 'example_external_task_marker_child', 'example_external_task_marker_parent' retrieved from /home/wsl/airflow_venv/lib/python3.10/site-packages/airflow/example_dags/example_external_task_marker_dag.py
[2024-06-06T15:50:56.524+0530] {logging_mixin.py:188} INFO - [2024-06-06T15:50:56.524+0530] {dag.py:3096} INFO - Sync 2 DAGs
[2024-06-06T15:50:56.622+0530] {logging_mixin.py:188} INFO - [2024-06-06T15:50:56.622+0530] {dag.py:3954} INFO - Setting next_dagrun for example_external_task_marker_child to None, run_after=None
[2024-06-06T15:50:56.625+0530] {logging_mixin.py:188} INFO - [2024-06-06T15:50:56.625+0530] {dag.py:3954} INFO - Setting next_dagrun for example_external_task_marker_parent to None, run_after=None
[2024-06-06T15:50:56.649+0530] {processor.py:183} INFO - Processing /home/wsl/airflow_venv/lib/python3.10/site-packages/airflow/example_dags/example_external_task_marker_dag.py took 0.249 seconds
[2024-06-06T15:52:20.480+0530] {processor.py:161} INFO - Started process (PID=34747) to work on /home/wsl/airflow_venv/lib/python3.10/site-packages/airflow/example_dags/example_external_task_marker_dag.py
[2024-06-06T15:52:20.481+0530] {processor.py:830} INFO - Processing file /home/wsl/airflow_venv/lib/python3.10/site-packages/airflow/example_dags/example_external_task_marker_dag.py for tasks to queue
[2024-06-06T15:52:20.483+0530] {logging_mixin.py:188} INFO - [2024-06-06T15:52:20.482+0530] {dagbag.py:540} INFO - Filling up the DagBag from /home/wsl/airflow_venv/lib/python3.10/site-packages/airflow/example_dags/example_external_task_marker_dag.py
[2024-06-06T15:52:20.491+0530] {processor.py:840} INFO - DAG(s) 'example_external_task_marker_parent', 'example_external_task_marker_child' retrieved from /home/wsl/airflow_venv/lib/python3.10/site-packages/airflow/example_dags/example_external_task_marker_dag.py
[2024-06-06T15:52:20.520+0530] {logging_mixin.py:188} INFO - [2024-06-06T15:52:20.520+0530] {dag.py:3096} INFO - Sync 2 DAGs
[2024-06-06T15:52:20.537+0530] {logging_mixin.py:188} INFO - [2024-06-06T15:52:20.537+0530] {dag.py:3954} INFO - Setting next_dagrun for example_external_task_marker_child to None, run_after=None
[2024-06-06T15:52:20.540+0530] {logging_mixin.py:188} INFO - [2024-06-06T15:52:20.540+0530] {dag.py:3954} INFO - Setting next_dagrun for example_external_task_marker_parent to None, run_after=None
[2024-06-06T15:52:20.565+0530] {processor.py:183} INFO - Processing /home/wsl/airflow_venv/lib/python3.10/site-packages/airflow/example_dags/example_external_task_marker_dag.py took 0.092 seconds
[2024-06-06T15:54:47.699+0530] {processor.py:161} INFO - Started process (PID=36259) to work on /home/wsl/airflow_venv/lib/python3.10/site-packages/airflow/example_dags/example_external_task_marker_dag.py
[2024-06-06T15:54:47.701+0530] {processor.py:830} INFO - Processing file /home/wsl/airflow_venv/lib/python3.10/site-packages/airflow/example_dags/example_external_task_marker_dag.py for tasks to queue
[2024-06-06T15:54:47.702+0530] {logging_mixin.py:188} INFO - [2024-06-06T15:54:47.702+0530] {dagbag.py:540} INFO - Filling up the DagBag from /home/wsl/airflow_venv/lib/python3.10/site-packages/airflow/example_dags/example_external_task_marker_dag.py
[2024-06-06T15:54:47.714+0530] {processor.py:840} INFO - DAG(s) 'example_external_task_marker_parent', 'example_external_task_marker_child' retrieved from /home/wsl/airflow_venv/lib/python3.10/site-packages/airflow/example_dags/example_external_task_marker_dag.py
[2024-06-06T15:54:47.744+0530] {logging_mixin.py:188} INFO - [2024-06-06T15:54:47.744+0530] {dag.py:3096} INFO - Sync 2 DAGs
[2024-06-06T15:54:47.758+0530] {logging_mixin.py:188} INFO - [2024-06-06T15:54:47.758+0530] {dag.py:3954} INFO - Setting next_dagrun for example_external_task_marker_child to None, run_after=None
[2024-06-06T15:54:47.762+0530] {logging_mixin.py:188} INFO - [2024-06-06T15:54:47.762+0530] {dag.py:3954} INFO - Setting next_dagrun for example_external_task_marker_parent to None, run_after=None
[2024-06-06T15:54:47.790+0530] {processor.py:183} INFO - Processing /home/wsl/airflow_venv/lib/python3.10/site-packages/airflow/example_dags/example_external_task_marker_dag.py took 0.101 seconds
[2024-06-06T15:57:29.629+0530] {processor.py:161} INFO - Started process (PID=37521) to work on /home/wsl/airflow_venv/lib/python3.10/site-packages/airflow/example_dags/example_external_task_marker_dag.py
[2024-06-06T15:57:29.632+0530] {processor.py:830} INFO - Processing file /home/wsl/airflow_venv/lib/python3.10/site-packages/airflow/example_dags/example_external_task_marker_dag.py for tasks to queue
[2024-06-06T15:57:29.633+0530] {logging_mixin.py:188} INFO - [2024-06-06T15:57:29.632+0530] {dagbag.py:540} INFO - Filling up the DagBag from /home/wsl/airflow_venv/lib/python3.10/site-packages/airflow/example_dags/example_external_task_marker_dag.py
[2024-06-06T15:57:29.642+0530] {processor.py:840} INFO - DAG(s) 'example_external_task_marker_child', 'example_external_task_marker_parent' retrieved from /home/wsl/airflow_venv/lib/python3.10/site-packages/airflow/example_dags/example_external_task_marker_dag.py
[2024-06-06T15:57:29.669+0530] {logging_mixin.py:188} INFO - [2024-06-06T15:57:29.669+0530] {dag.py:3096} INFO - Sync 2 DAGs
[2024-06-06T15:57:29.686+0530] {logging_mixin.py:188} INFO - [2024-06-06T15:57:29.686+0530] {dag.py:3954} INFO - Setting next_dagrun for example_external_task_marker_child to None, run_after=None
[2024-06-06T15:57:29.690+0530] {logging_mixin.py:188} INFO - [2024-06-06T15:57:29.690+0530] {dag.py:3954} INFO - Setting next_dagrun for example_external_task_marker_parent to None, run_after=None
[2024-06-06T15:57:29.732+0530] {processor.py:183} INFO - Processing /home/wsl/airflow_venv/lib/python3.10/site-packages/airflow/example_dags/example_external_task_marker_dag.py took 0.113 seconds
[2024-06-06T15:58:39.032+0530] {processor.py:161} INFO - Started process (PID=38250) to work on /home/wsl/airflow_venv/lib/python3.10/site-packages/airflow/example_dags/example_external_task_marker_dag.py
[2024-06-06T15:58:39.043+0530] {processor.py:830} INFO - Processing file /home/wsl/airflow_venv/lib/python3.10/site-packages/airflow/example_dags/example_external_task_marker_dag.py for tasks to queue
[2024-06-06T15:58:39.045+0530] {logging_mixin.py:188} INFO - [2024-06-06T15:58:39.044+0530] {dagbag.py:540} INFO - Filling up the DagBag from /home/wsl/airflow_venv/lib/python3.10/site-packages/airflow/example_dags/example_external_task_marker_dag.py
[2024-06-06T15:58:39.069+0530] {processor.py:840} INFO - DAG(s) 'example_external_task_marker_parent', 'example_external_task_marker_child' retrieved from /home/wsl/airflow_venv/lib/python3.10/site-packages/airflow/example_dags/example_external_task_marker_dag.py
[2024-06-06T15:58:39.177+0530] {logging_mixin.py:188} INFO - [2024-06-06T15:58:39.177+0530] {dag.py:3096} INFO - Sync 2 DAGs
[2024-06-06T15:58:39.241+0530] {logging_mixin.py:188} INFO - [2024-06-06T15:58:39.240+0530] {dag.py:3954} INFO - Setting next_dagrun for example_external_task_marker_child to None, run_after=None
[2024-06-06T15:58:39.259+0530] {logging_mixin.py:188} INFO - [2024-06-06T15:58:39.259+0530] {dag.py:3954} INFO - Setting next_dagrun for example_external_task_marker_parent to None, run_after=None
[2024-06-06T15:58:39.632+0530] {processor.py:183} INFO - Processing /home/wsl/airflow_venv/lib/python3.10/site-packages/airflow/example_dags/example_external_task_marker_dag.py took 0.631 seconds
[2024-06-06T15:59:54.576+0530] {processor.py:161} INFO - Started process (PID=38882) to work on /home/wsl/airflow_venv/lib/python3.10/site-packages/airflow/example_dags/example_external_task_marker_dag.py
[2024-06-06T15:59:54.578+0530] {processor.py:830} INFO - Processing file /home/wsl/airflow_venv/lib/python3.10/site-packages/airflow/example_dags/example_external_task_marker_dag.py for tasks to queue
[2024-06-06T15:59:54.579+0530] {logging_mixin.py:188} INFO - [2024-06-06T15:59:54.578+0530] {dagbag.py:540} INFO - Filling up the DagBag from /home/wsl/airflow_venv/lib/python3.10/site-packages/airflow/example_dags/example_external_task_marker_dag.py
[2024-06-06T15:59:54.589+0530] {processor.py:840} INFO - DAG(s) 'example_external_task_marker_parent', 'example_external_task_marker_child' retrieved from /home/wsl/airflow_venv/lib/python3.10/site-packages/airflow/example_dags/example_external_task_marker_dag.py
[2024-06-06T15:59:54.621+0530] {logging_mixin.py:188} INFO - [2024-06-06T15:59:54.621+0530] {dag.py:3096} INFO - Sync 2 DAGs
[2024-06-06T15:59:54.644+0530] {logging_mixin.py:188} INFO - [2024-06-06T15:59:54.643+0530] {dag.py:3954} INFO - Setting next_dagrun for example_external_task_marker_child to None, run_after=None
[2024-06-06T15:59:54.650+0530] {logging_mixin.py:188} INFO - [2024-06-06T15:59:54.650+0530] {dag.py:3954} INFO - Setting next_dagrun for example_external_task_marker_parent to None, run_after=None
[2024-06-06T15:59:54.732+0530] {processor.py:183} INFO - Processing /home/wsl/airflow_venv/lib/python3.10/site-packages/airflow/example_dags/example_external_task_marker_dag.py took 0.168 seconds
[2024-06-06T16:06:49.193+0530] {processor.py:161} INFO - Started process (PID=41801) to work on /home/wsl/airflow_venv/lib/python3.10/site-packages/airflow/example_dags/example_external_task_marker_dag.py
[2024-06-06T16:06:49.196+0530] {processor.py:830} INFO - Processing file /home/wsl/airflow_venv/lib/python3.10/site-packages/airflow/example_dags/example_external_task_marker_dag.py for tasks to queue
[2024-06-06T16:06:49.197+0530] {logging_mixin.py:188} INFO - [2024-06-06T16:06:49.197+0530] {dagbag.py:540} INFO - Filling up the DagBag from /home/wsl/airflow_venv/lib/python3.10/site-packages/airflow/example_dags/example_external_task_marker_dag.py
[2024-06-06T16:06:49.206+0530] {processor.py:840} INFO - DAG(s) 'example_external_task_marker_parent', 'example_external_task_marker_child' retrieved from /home/wsl/airflow_venv/lib/python3.10/site-packages/airflow/example_dags/example_external_task_marker_dag.py
[2024-06-06T16:06:49.346+0530] {logging_mixin.py:188} INFO - [2024-06-06T16:06:49.346+0530] {dag.py:3096} INFO - Sync 2 DAGs
[2024-06-06T16:06:49.357+0530] {logging_mixin.py:188} INFO - [2024-06-06T16:06:49.357+0530] {dag.py:3954} INFO - Setting next_dagrun for example_external_task_marker_child to None, run_after=None
[2024-06-06T16:06:49.360+0530] {logging_mixin.py:188} INFO - [2024-06-06T16:06:49.359+0530] {dag.py:3954} INFO - Setting next_dagrun for example_external_task_marker_parent to None, run_after=None
[2024-06-06T16:06:49.388+0530] {processor.py:183} INFO - Processing /home/wsl/airflow_venv/lib/python3.10/site-packages/airflow/example_dags/example_external_task_marker_dag.py took 0.206 seconds
[2024-06-06T16:08:51.841+0530] {processor.py:161} INFO - Started process (PID=43064) to work on /home/wsl/airflow_venv/lib/python3.10/site-packages/airflow/example_dags/example_external_task_marker_dag.py
[2024-06-06T16:08:52.305+0530] {processor.py:830} INFO - Processing file /home/wsl/airflow_venv/lib/python3.10/site-packages/airflow/example_dags/example_external_task_marker_dag.py for tasks to queue
[2024-06-06T16:08:52.307+0530] {logging_mixin.py:188} INFO - [2024-06-06T16:08:52.306+0530] {dagbag.py:540} INFO - Filling up the DagBag from /home/wsl/airflow_venv/lib/python3.10/site-packages/airflow/example_dags/example_external_task_marker_dag.py
[2024-06-06T16:08:52.320+0530] {processor.py:840} INFO - DAG(s) 'example_external_task_marker_child', 'example_external_task_marker_parent' retrieved from /home/wsl/airflow_venv/lib/python3.10/site-packages/airflow/example_dags/example_external_task_marker_dag.py
[2024-06-06T16:08:52.352+0530] {logging_mixin.py:188} INFO - [2024-06-06T16:08:52.352+0530] {dag.py:3096} INFO - Sync 2 DAGs
[2024-06-06T16:08:52.365+0530] {logging_mixin.py:188} INFO - [2024-06-06T16:08:52.365+0530] {dag.py:3954} INFO - Setting next_dagrun for example_external_task_marker_child to None, run_after=None
[2024-06-06T16:08:52.369+0530] {logging_mixin.py:188} INFO - [2024-06-06T16:08:52.368+0530] {dag.py:3954} INFO - Setting next_dagrun for example_external_task_marker_parent to None, run_after=None
[2024-06-06T16:09:00.249+0530] {processor.py:183} INFO - Processing /home/wsl/airflow_venv/lib/python3.10/site-packages/airflow/example_dags/example_external_task_marker_dag.py took 8.419 seconds
[2024-06-06T16:11:02.884+0530] {processor.py:161} INFO - Started process (PID=44396) to work on /home/wsl/airflow_venv/lib/python3.10/site-packages/airflow/example_dags/example_external_task_marker_dag.py
[2024-06-06T16:11:02.887+0530] {processor.py:830} INFO - Processing file /home/wsl/airflow_venv/lib/python3.10/site-packages/airflow/example_dags/example_external_task_marker_dag.py for tasks to queue
[2024-06-06T16:11:02.888+0530] {logging_mixin.py:188} INFO - [2024-06-06T16:11:02.887+0530] {dagbag.py:540} INFO - Filling up the DagBag from /home/wsl/airflow_venv/lib/python3.10/site-packages/airflow/example_dags/example_external_task_marker_dag.py
[2024-06-06T16:11:02.894+0530] {processor.py:840} INFO - DAG(s) 'example_external_task_marker_child', 'example_external_task_marker_parent' retrieved from /home/wsl/airflow_venv/lib/python3.10/site-packages/airflow/example_dags/example_external_task_marker_dag.py
[2024-06-06T16:11:02.914+0530] {logging_mixin.py:188} INFO - [2024-06-06T16:11:02.914+0530] {dag.py:3096} INFO - Sync 2 DAGs
[2024-06-06T16:11:02.926+0530] {logging_mixin.py:188} INFO - [2024-06-06T16:11:02.926+0530] {dag.py:3954} INFO - Setting next_dagrun for example_external_task_marker_child to None, run_after=None
[2024-06-06T16:11:02.929+0530] {logging_mixin.py:188} INFO - [2024-06-06T16:11:02.929+0530] {dag.py:3954} INFO - Setting next_dagrun for example_external_task_marker_parent to None, run_after=None
[2024-06-06T16:11:02.954+0530] {processor.py:183} INFO - Processing /home/wsl/airflow_venv/lib/python3.10/site-packages/airflow/example_dags/example_external_task_marker_dag.py took 0.080 seconds
[2024-06-06T16:12:45.423+0530] {processor.py:161} INFO - Started process (PID=45597) to work on /home/wsl/airflow_venv/lib/python3.10/site-packages/airflow/example_dags/example_external_task_marker_dag.py
[2024-06-06T16:12:45.430+0530] {processor.py:830} INFO - Processing file /home/wsl/airflow_venv/lib/python3.10/site-packages/airflow/example_dags/example_external_task_marker_dag.py for tasks to queue
[2024-06-06T16:12:45.431+0530] {logging_mixin.py:188} INFO - [2024-06-06T16:12:45.431+0530] {dagbag.py:540} INFO - Filling up the DagBag from /home/wsl/airflow_venv/lib/python3.10/site-packages/airflow/example_dags/example_external_task_marker_dag.py
[2024-06-06T16:12:45.438+0530] {processor.py:840} INFO - DAG(s) 'example_external_task_marker_parent', 'example_external_task_marker_child' retrieved from /home/wsl/airflow_venv/lib/python3.10/site-packages/airflow/example_dags/example_external_task_marker_dag.py
[2024-06-06T16:12:45.646+0530] {logging_mixin.py:188} INFO - [2024-06-06T16:12:45.645+0530] {dag.py:3096} INFO - Sync 2 DAGs
[2024-06-06T16:12:45.659+0530] {logging_mixin.py:188} INFO - [2024-06-06T16:12:45.659+0530] {dag.py:3954} INFO - Setting next_dagrun for example_external_task_marker_child to None, run_after=None
[2024-06-06T16:12:45.662+0530] {logging_mixin.py:188} INFO - [2024-06-06T16:12:45.662+0530] {dag.py:3954} INFO - Setting next_dagrun for example_external_task_marker_parent to None, run_after=None
[2024-06-06T16:12:45.848+0530] {processor.py:183} INFO - Processing /home/wsl/airflow_venv/lib/python3.10/site-packages/airflow/example_dags/example_external_task_marker_dag.py took 0.433 seconds
[2024-06-06T16:26:34.333+0530] {processor.py:161} INFO - Started process (PID=52232) to work on /home/wsl/airflow_venv/lib/python3.10/site-packages/airflow/example_dags/example_external_task_marker_dag.py
[2024-06-06T16:26:34.336+0530] {processor.py:830} INFO - Processing file /home/wsl/airflow_venv/lib/python3.10/site-packages/airflow/example_dags/example_external_task_marker_dag.py for tasks to queue
[2024-06-06T16:26:34.339+0530] {logging_mixin.py:188} INFO - [2024-06-06T16:26:34.338+0530] {dagbag.py:540} INFO - Filling up the DagBag from /home/wsl/airflow_venv/lib/python3.10/site-packages/airflow/example_dags/example_external_task_marker_dag.py
[2024-06-06T16:26:34.355+0530] {processor.py:840} INFO - DAG(s) 'example_external_task_marker_child', 'example_external_task_marker_parent' retrieved from /home/wsl/airflow_venv/lib/python3.10/site-packages/airflow/example_dags/example_external_task_marker_dag.py
[2024-06-06T16:26:34.526+0530] {logging_mixin.py:188} INFO - [2024-06-06T16:26:34.525+0530] {dag.py:3096} INFO - Sync 2 DAGs
[2024-06-06T16:26:34.543+0530] {logging_mixin.py:188} INFO - [2024-06-06T16:26:34.542+0530] {dag.py:3954} INFO - Setting next_dagrun for example_external_task_marker_child to None, run_after=None
[2024-06-06T16:26:34.545+0530] {logging_mixin.py:188} INFO - [2024-06-06T16:26:34.545+0530] {dag.py:3954} INFO - Setting next_dagrun for example_external_task_marker_parent to None, run_after=None
[2024-06-06T16:26:34.573+0530] {processor.py:183} INFO - Processing /home/wsl/airflow_venv/lib/python3.10/site-packages/airflow/example_dags/example_external_task_marker_dag.py took 0.272 seconds
[2024-06-06T16:29:32.491+0530] {processor.py:161} INFO - Started process (PID=54017) to work on /home/wsl/airflow_venv/lib/python3.10/site-packages/airflow/example_dags/example_external_task_marker_dag.py
[2024-06-06T16:29:32.496+0530] {processor.py:830} INFO - Processing file /home/wsl/airflow_venv/lib/python3.10/site-packages/airflow/example_dags/example_external_task_marker_dag.py for tasks to queue
[2024-06-06T16:29:32.499+0530] {logging_mixin.py:188} INFO - [2024-06-06T16:29:32.497+0530] {dagbag.py:540} INFO - Filling up the DagBag from /home/wsl/airflow_venv/lib/python3.10/site-packages/airflow/example_dags/example_external_task_marker_dag.py
[2024-06-06T16:29:32.521+0530] {processor.py:840} INFO - DAG(s) 'example_external_task_marker_child', 'example_external_task_marker_parent' retrieved from /home/wsl/airflow_venv/lib/python3.10/site-packages/airflow/example_dags/example_external_task_marker_dag.py
[2024-06-06T16:29:32.568+0530] {logging_mixin.py:188} INFO - [2024-06-06T16:29:32.568+0530] {dag.py:3096} INFO - Sync 2 DAGs
[2024-06-06T16:29:32.592+0530] {logging_mixin.py:188} INFO - [2024-06-06T16:29:32.592+0530] {dag.py:3954} INFO - Setting next_dagrun for example_external_task_marker_child to None, run_after=None
[2024-06-06T16:29:32.596+0530] {logging_mixin.py:188} INFO - [2024-06-06T16:29:32.596+0530] {dag.py:3954} INFO - Setting next_dagrun for example_external_task_marker_parent to None, run_after=None
[2024-06-06T16:29:32.622+0530] {processor.py:183} INFO - Processing /home/wsl/airflow_venv/lib/python3.10/site-packages/airflow/example_dags/example_external_task_marker_dag.py took 0.168 seconds
[2024-06-06T16:32:06.303+0530] {processor.py:161} INFO - Started process (PID=55789) to work on /home/wsl/airflow_venv/lib/python3.10/site-packages/airflow/example_dags/example_external_task_marker_dag.py
[2024-06-06T16:32:06.306+0530] {processor.py:830} INFO - Processing file /home/wsl/airflow_venv/lib/python3.10/site-packages/airflow/example_dags/example_external_task_marker_dag.py for tasks to queue
[2024-06-06T16:32:06.310+0530] {logging_mixin.py:188} INFO - [2024-06-06T16:32:06.308+0530] {dagbag.py:540} INFO - Filling up the DagBag from /home/wsl/airflow_venv/lib/python3.10/site-packages/airflow/example_dags/example_external_task_marker_dag.py
[2024-06-06T16:32:06.325+0530] {processor.py:840} INFO - DAG(s) 'example_external_task_marker_child', 'example_external_task_marker_parent' retrieved from /home/wsl/airflow_venv/lib/python3.10/site-packages/airflow/example_dags/example_external_task_marker_dag.py
[2024-06-06T16:32:06.349+0530] {logging_mixin.py:188} INFO - [2024-06-06T16:32:06.349+0530] {dag.py:3096} INFO - Sync 2 DAGs
[2024-06-06T16:32:06.362+0530] {logging_mixin.py:188} INFO - [2024-06-06T16:32:06.362+0530] {dag.py:3954} INFO - Setting next_dagrun for example_external_task_marker_child to None, run_after=None
[2024-06-06T16:32:06.365+0530] {logging_mixin.py:188} INFO - [2024-06-06T16:32:06.365+0530] {dag.py:3954} INFO - Setting next_dagrun for example_external_task_marker_parent to None, run_after=None
[2024-06-06T16:32:06.395+0530] {processor.py:183} INFO - Processing /home/wsl/airflow_venv/lib/python3.10/site-packages/airflow/example_dags/example_external_task_marker_dag.py took 0.109 seconds
[2024-06-06T16:34:09.919+0530] {processor.py:161} INFO - Started process (PID=57190) to work on /home/wsl/airflow_venv/lib/python3.10/site-packages/airflow/example_dags/example_external_task_marker_dag.py
[2024-06-06T16:34:09.922+0530] {processor.py:830} INFO - Processing file /home/wsl/airflow_venv/lib/python3.10/site-packages/airflow/example_dags/example_external_task_marker_dag.py for tasks to queue
[2024-06-06T16:34:09.923+0530] {logging_mixin.py:188} INFO - [2024-06-06T16:34:09.922+0530] {dagbag.py:540} INFO - Filling up the DagBag from /home/wsl/airflow_venv/lib/python3.10/site-packages/airflow/example_dags/example_external_task_marker_dag.py
[2024-06-06T16:34:09.931+0530] {processor.py:840} INFO - DAG(s) 'example_external_task_marker_child', 'example_external_task_marker_parent' retrieved from /home/wsl/airflow_venv/lib/python3.10/site-packages/airflow/example_dags/example_external_task_marker_dag.py
[2024-06-06T16:34:09.956+0530] {logging_mixin.py:188} INFO - [2024-06-06T16:34:09.956+0530] {dag.py:3096} INFO - Sync 2 DAGs
[2024-06-06T16:34:09.969+0530] {logging_mixin.py:188} INFO - [2024-06-06T16:34:09.968+0530] {dag.py:3954} INFO - Setting next_dagrun for example_external_task_marker_child to None, run_after=None
[2024-06-06T16:34:09.972+0530] {logging_mixin.py:188} INFO - [2024-06-06T16:34:09.971+0530] {dag.py:3954} INFO - Setting next_dagrun for example_external_task_marker_parent to None, run_after=None
[2024-06-06T16:34:09.995+0530] {processor.py:183} INFO - Processing /home/wsl/airflow_venv/lib/python3.10/site-packages/airflow/example_dags/example_external_task_marker_dag.py took 0.092 seconds
[2024-06-06T16:36:15.042+0530] {processor.py:161} INFO - Started process (PID=58636) to work on /home/wsl/airflow_venv/lib/python3.10/site-packages/airflow/example_dags/example_external_task_marker_dag.py
[2024-06-06T16:36:15.043+0530] {processor.py:830} INFO - Processing file /home/wsl/airflow_venv/lib/python3.10/site-packages/airflow/example_dags/example_external_task_marker_dag.py for tasks to queue
[2024-06-06T16:36:15.044+0530] {logging_mixin.py:188} INFO - [2024-06-06T16:36:15.044+0530] {dagbag.py:540} INFO - Filling up the DagBag from /home/wsl/airflow_venv/lib/python3.10/site-packages/airflow/example_dags/example_external_task_marker_dag.py
[2024-06-06T16:36:15.051+0530] {processor.py:840} INFO - DAG(s) 'example_external_task_marker_parent', 'example_external_task_marker_child' retrieved from /home/wsl/airflow_venv/lib/python3.10/site-packages/airflow/example_dags/example_external_task_marker_dag.py
[2024-06-06T16:36:15.071+0530] {logging_mixin.py:188} INFO - [2024-06-06T16:36:15.071+0530] {dag.py:3096} INFO - Sync 2 DAGs
[2024-06-06T16:36:15.083+0530] {logging_mixin.py:188} INFO - [2024-06-06T16:36:15.082+0530] {dag.py:3954} INFO - Setting next_dagrun for example_external_task_marker_child to None, run_after=None
[2024-06-06T16:36:15.086+0530] {logging_mixin.py:188} INFO - [2024-06-06T16:36:15.085+0530] {dag.py:3954} INFO - Setting next_dagrun for example_external_task_marker_parent to None, run_after=None
[2024-06-06T16:36:15.304+0530] {processor.py:183} INFO - Processing /home/wsl/airflow_venv/lib/python3.10/site-packages/airflow/example_dags/example_external_task_marker_dag.py took 0.270 seconds
[2024-06-06T16:39:00.386+0530] {processor.py:161} INFO - Started process (PID=60164) to work on /home/wsl/airflow_venv/lib/python3.10/site-packages/airflow/example_dags/example_external_task_marker_dag.py
[2024-06-06T16:39:00.874+0530] {processor.py:830} INFO - Processing file /home/wsl/airflow_venv/lib/python3.10/site-packages/airflow/example_dags/example_external_task_marker_dag.py for tasks to queue
[2024-06-06T16:39:00.877+0530] {logging_mixin.py:188} INFO - [2024-06-06T16:39:00.876+0530] {dagbag.py:540} INFO - Filling up the DagBag from /home/wsl/airflow_venv/lib/python3.10/site-packages/airflow/example_dags/example_external_task_marker_dag.py
[2024-06-06T16:39:01.226+0530] {processor.py:840} INFO - DAG(s) 'example_external_task_marker_parent', 'example_external_task_marker_child' retrieved from /home/wsl/airflow_venv/lib/python3.10/site-packages/airflow/example_dags/example_external_task_marker_dag.py
[2024-06-06T16:39:06.315+0530] {logging_mixin.py:188} INFO - [2024-06-06T16:39:06.315+0530] {dag.py:3096} INFO - Sync 2 DAGs
[2024-06-06T16:39:06.334+0530] {logging_mixin.py:188} INFO - [2024-06-06T16:39:06.334+0530] {dag.py:3954} INFO - Setting next_dagrun for example_external_task_marker_child to None, run_after=None
[2024-06-06T16:39:06.339+0530] {logging_mixin.py:188} INFO - [2024-06-06T16:39:06.339+0530] {dag.py:3954} INFO - Setting next_dagrun for example_external_task_marker_parent to None, run_after=None
[2024-06-06T16:39:06.811+0530] {processor.py:183} INFO - Processing /home/wsl/airflow_venv/lib/python3.10/site-packages/airflow/example_dags/example_external_task_marker_dag.py took 6.454 seconds
[2024-06-06T16:41:38.462+0530] {processor.py:161} INFO - Started process (PID=62031) to work on /home/wsl/airflow_venv/lib/python3.10/site-packages/airflow/example_dags/example_external_task_marker_dag.py
[2024-06-06T16:41:38.491+0530] {processor.py:830} INFO - Processing file /home/wsl/airflow_venv/lib/python3.10/site-packages/airflow/example_dags/example_external_task_marker_dag.py for tasks to queue
[2024-06-06T16:41:38.492+0530] {logging_mixin.py:188} INFO - [2024-06-06T16:41:38.492+0530] {dagbag.py:540} INFO - Filling up the DagBag from /home/wsl/airflow_venv/lib/python3.10/site-packages/airflow/example_dags/example_external_task_marker_dag.py
[2024-06-06T16:41:38.499+0530] {processor.py:840} INFO - DAG(s) 'example_external_task_marker_child', 'example_external_task_marker_parent' retrieved from /home/wsl/airflow_venv/lib/python3.10/site-packages/airflow/example_dags/example_external_task_marker_dag.py
[2024-06-06T16:41:38.632+0530] {logging_mixin.py:188} INFO - [2024-06-06T16:41:38.632+0530] {dag.py:3096} INFO - Sync 2 DAGs
[2024-06-06T16:41:38.644+0530] {logging_mixin.py:188} INFO - [2024-06-06T16:41:38.644+0530] {dag.py:3954} INFO - Setting next_dagrun for example_external_task_marker_child to None, run_after=None
[2024-06-06T16:41:38.647+0530] {logging_mixin.py:188} INFO - [2024-06-06T16:41:38.647+0530] {dag.py:3954} INFO - Setting next_dagrun for example_external_task_marker_parent to None, run_after=None
[2024-06-06T16:41:38.778+0530] {processor.py:183} INFO - Processing /home/wsl/airflow_venv/lib/python3.10/site-packages/airflow/example_dags/example_external_task_marker_dag.py took 0.323 seconds
[2024-06-06T16:43:40.210+0530] {processor.py:161} INFO - Started process (PID=63284) to work on /home/wsl/airflow_venv/lib/python3.10/site-packages/airflow/example_dags/example_external_task_marker_dag.py
[2024-06-06T16:43:40.214+0530] {processor.py:830} INFO - Processing file /home/wsl/airflow_venv/lib/python3.10/site-packages/airflow/example_dags/example_external_task_marker_dag.py for tasks to queue
[2024-06-06T16:43:40.216+0530] {logging_mixin.py:188} INFO - [2024-06-06T16:43:40.215+0530] {dagbag.py:540} INFO - Filling up the DagBag from /home/wsl/airflow_venv/lib/python3.10/site-packages/airflow/example_dags/example_external_task_marker_dag.py
[2024-06-06T16:43:40.223+0530] {processor.py:840} INFO - DAG(s) 'example_external_task_marker_child', 'example_external_task_marker_parent' retrieved from /home/wsl/airflow_venv/lib/python3.10/site-packages/airflow/example_dags/example_external_task_marker_dag.py
[2024-06-06T16:43:40.257+0530] {logging_mixin.py:188} INFO - [2024-06-06T16:43:40.257+0530] {dag.py:3096} INFO - Sync 2 DAGs
[2024-06-06T16:43:40.278+0530] {logging_mixin.py:188} INFO - [2024-06-06T16:43:40.278+0530] {dag.py:3954} INFO - Setting next_dagrun for example_external_task_marker_child to None, run_after=None
[2024-06-06T16:43:40.282+0530] {logging_mixin.py:188} INFO - [2024-06-06T16:43:40.282+0530] {dag.py:3954} INFO - Setting next_dagrun for example_external_task_marker_parent to None, run_after=None
[2024-06-06T16:43:40.310+0530] {processor.py:183} INFO - Processing /home/wsl/airflow_venv/lib/python3.10/site-packages/airflow/example_dags/example_external_task_marker_dag.py took 0.112 seconds
[2024-06-06T16:45:57.084+0530] {processor.py:161} INFO - Started process (PID=64894) to work on /home/wsl/airflow_venv/lib/python3.10/site-packages/airflow/example_dags/example_external_task_marker_dag.py
[2024-06-06T16:45:57.087+0530] {processor.py:830} INFO - Processing file /home/wsl/airflow_venv/lib/python3.10/site-packages/airflow/example_dags/example_external_task_marker_dag.py for tasks to queue
[2024-06-06T16:45:57.089+0530] {logging_mixin.py:188} INFO - [2024-06-06T16:45:57.088+0530] {dagbag.py:540} INFO - Filling up the DagBag from /home/wsl/airflow_venv/lib/python3.10/site-packages/airflow/example_dags/example_external_task_marker_dag.py
[2024-06-06T16:45:57.108+0530] {processor.py:840} INFO - DAG(s) 'example_external_task_marker_parent', 'example_external_task_marker_child' retrieved from /home/wsl/airflow_venv/lib/python3.10/site-packages/airflow/example_dags/example_external_task_marker_dag.py
[2024-06-06T16:45:57.181+0530] {logging_mixin.py:188} INFO - [2024-06-06T16:45:57.181+0530] {dag.py:3096} INFO - Sync 2 DAGs
[2024-06-06T16:45:57.219+0530] {logging_mixin.py:188} INFO - [2024-06-06T16:45:57.219+0530] {dag.py:3954} INFO - Setting next_dagrun for example_external_task_marker_child to None, run_after=None
[2024-06-06T16:45:57.232+0530] {logging_mixin.py:188} INFO - [2024-06-06T16:45:57.231+0530] {dag.py:3954} INFO - Setting next_dagrun for example_external_task_marker_parent to None, run_after=None
[2024-06-06T16:45:57.477+0530] {processor.py:183} INFO - Processing /home/wsl/airflow_venv/lib/python3.10/site-packages/airflow/example_dags/example_external_task_marker_dag.py took 0.408 seconds
[2024-06-06T16:48:31.935+0530] {processor.py:161} INFO - Started process (PID=66801) to work on /home/wsl/airflow_venv/lib/python3.10/site-packages/airflow/example_dags/example_external_task_marker_dag.py
[2024-06-06T16:48:31.939+0530] {processor.py:830} INFO - Processing file /home/wsl/airflow_venv/lib/python3.10/site-packages/airflow/example_dags/example_external_task_marker_dag.py for tasks to queue
[2024-06-06T16:48:31.940+0530] {logging_mixin.py:188} INFO - [2024-06-06T16:48:31.940+0530] {dagbag.py:540} INFO - Filling up the DagBag from /home/wsl/airflow_venv/lib/python3.10/site-packages/airflow/example_dags/example_external_task_marker_dag.py
[2024-06-06T16:48:31.947+0530] {processor.py:840} INFO - DAG(s) 'example_external_task_marker_parent', 'example_external_task_marker_child' retrieved from /home/wsl/airflow_venv/lib/python3.10/site-packages/airflow/example_dags/example_external_task_marker_dag.py
[2024-06-06T16:48:31.968+0530] {logging_mixin.py:188} INFO - [2024-06-06T16:48:31.968+0530] {dag.py:3096} INFO - Sync 2 DAGs
[2024-06-06T16:48:31.980+0530] {logging_mixin.py:188} INFO - [2024-06-06T16:48:31.980+0530] {dag.py:3954} INFO - Setting next_dagrun for example_external_task_marker_child to None, run_after=None
[2024-06-06T16:48:31.983+0530] {logging_mixin.py:188} INFO - [2024-06-06T16:48:31.983+0530] {dag.py:3954} INFO - Setting next_dagrun for example_external_task_marker_parent to None, run_after=None
[2024-06-06T16:48:32.009+0530] {processor.py:183} INFO - Processing /home/wsl/airflow_venv/lib/python3.10/site-packages/airflow/example_dags/example_external_task_marker_dag.py took 0.090 seconds
[2024-06-06T16:51:26.373+0530] {processor.py:161} INFO - Started process (PID=68438) to work on /home/wsl/airflow_venv/lib/python3.10/site-packages/airflow/example_dags/example_external_task_marker_dag.py
[2024-06-06T16:51:26.381+0530] {processor.py:830} INFO - Processing file /home/wsl/airflow_venv/lib/python3.10/site-packages/airflow/example_dags/example_external_task_marker_dag.py for tasks to queue
[2024-06-06T16:51:26.382+0530] {logging_mixin.py:188} INFO - [2024-06-06T16:51:26.382+0530] {dagbag.py:540} INFO - Filling up the DagBag from /home/wsl/airflow_venv/lib/python3.10/site-packages/airflow/example_dags/example_external_task_marker_dag.py
[2024-06-06T16:51:26.399+0530] {processor.py:840} INFO - DAG(s) 'example_external_task_marker_parent', 'example_external_task_marker_child' retrieved from /home/wsl/airflow_venv/lib/python3.10/site-packages/airflow/example_dags/example_external_task_marker_dag.py
[2024-06-06T16:51:26.450+0530] {logging_mixin.py:188} INFO - [2024-06-06T16:51:26.450+0530] {dag.py:3096} INFO - Sync 2 DAGs
[2024-06-06T16:51:26.480+0530] {logging_mixin.py:188} INFO - [2024-06-06T16:51:26.479+0530] {dag.py:3954} INFO - Setting next_dagrun for example_external_task_marker_child to None, run_after=None
[2024-06-06T16:51:26.484+0530] {logging_mixin.py:188} INFO - [2024-06-06T16:51:26.484+0530] {dag.py:3954} INFO - Setting next_dagrun for example_external_task_marker_parent to None, run_after=None
[2024-06-06T16:51:26.549+0530] {processor.py:183} INFO - Processing /home/wsl/airflow_venv/lib/python3.10/site-packages/airflow/example_dags/example_external_task_marker_dag.py took 0.186 seconds
[2024-06-06T16:54:12.011+0530] {processor.py:161} INFO - Started process (PID=70287) to work on /home/wsl/airflow_venv/lib/python3.10/site-packages/airflow/example_dags/example_external_task_marker_dag.py
[2024-06-06T16:54:12.013+0530] {processor.py:830} INFO - Processing file /home/wsl/airflow_venv/lib/python3.10/site-packages/airflow/example_dags/example_external_task_marker_dag.py for tasks to queue
[2024-06-06T16:54:12.014+0530] {logging_mixin.py:188} INFO - [2024-06-06T16:54:12.014+0530] {dagbag.py:540} INFO - Filling up the DagBag from /home/wsl/airflow_venv/lib/python3.10/site-packages/airflow/example_dags/example_external_task_marker_dag.py
[2024-06-06T16:54:12.022+0530] {processor.py:840} INFO - DAG(s) 'example_external_task_marker_child', 'example_external_task_marker_parent' retrieved from /home/wsl/airflow_venv/lib/python3.10/site-packages/airflow/example_dags/example_external_task_marker_dag.py
[2024-06-06T16:54:12.053+0530] {logging_mixin.py:188} INFO - [2024-06-06T16:54:12.052+0530] {dag.py:3096} INFO - Sync 2 DAGs
[2024-06-06T16:54:12.074+0530] {logging_mixin.py:188} INFO - [2024-06-06T16:54:12.074+0530] {dag.py:3954} INFO - Setting next_dagrun for example_external_task_marker_child to None, run_after=None
[2024-06-06T16:54:12.079+0530] {logging_mixin.py:188} INFO - [2024-06-06T16:54:12.078+0530] {dag.py:3954} INFO - Setting next_dagrun for example_external_task_marker_parent to None, run_after=None
[2024-06-06T16:54:12.132+0530] {processor.py:183} INFO - Processing /home/wsl/airflow_venv/lib/python3.10/site-packages/airflow/example_dags/example_external_task_marker_dag.py took 0.131 seconds
[2024-06-06T16:56:06.636+0530] {processor.py:161} INFO - Started process (PID=71759) to work on /home/wsl/airflow_venv/lib/python3.10/site-packages/airflow/example_dags/example_external_task_marker_dag.py
[2024-06-06T16:56:06.639+0530] {processor.py:830} INFO - Processing file /home/wsl/airflow_venv/lib/python3.10/site-packages/airflow/example_dags/example_external_task_marker_dag.py for tasks to queue
[2024-06-06T16:56:06.641+0530] {logging_mixin.py:188} INFO - [2024-06-06T16:56:06.640+0530] {dagbag.py:540} INFO - Filling up the DagBag from /home/wsl/airflow_venv/lib/python3.10/site-packages/airflow/example_dags/example_external_task_marker_dag.py
[2024-06-06T16:56:06.651+0530] {processor.py:840} INFO - DAG(s) 'example_external_task_marker_parent', 'example_external_task_marker_child' retrieved from /home/wsl/airflow_venv/lib/python3.10/site-packages/airflow/example_dags/example_external_task_marker_dag.py
[2024-06-06T16:56:06.672+0530] {logging_mixin.py:188} INFO - [2024-06-06T16:56:06.672+0530] {dag.py:3096} INFO - Sync 2 DAGs
[2024-06-06T16:56:06.683+0530] {logging_mixin.py:188} INFO - [2024-06-06T16:56:06.683+0530] {dag.py:3954} INFO - Setting next_dagrun for example_external_task_marker_child to None, run_after=None
[2024-06-06T16:56:06.686+0530] {logging_mixin.py:188} INFO - [2024-06-06T16:56:06.686+0530] {dag.py:3954} INFO - Setting next_dagrun for example_external_task_marker_parent to None, run_after=None
[2024-06-06T16:56:06.711+0530] {processor.py:183} INFO - Processing /home/wsl/airflow_venv/lib/python3.10/site-packages/airflow/example_dags/example_external_task_marker_dag.py took 0.087 seconds
[2024-06-06T16:58:22.791+0530] {processor.py:161} INFO - Started process (PID=73414) to work on /home/wsl/airflow_venv/lib/python3.10/site-packages/airflow/example_dags/example_external_task_marker_dag.py
[2024-06-06T16:58:22.796+0530] {processor.py:830} INFO - Processing file /home/wsl/airflow_venv/lib/python3.10/site-packages/airflow/example_dags/example_external_task_marker_dag.py for tasks to queue
[2024-06-06T16:58:22.797+0530] {logging_mixin.py:188} INFO - [2024-06-06T16:58:22.797+0530] {dagbag.py:540} INFO - Filling up the DagBag from /home/wsl/airflow_venv/lib/python3.10/site-packages/airflow/example_dags/example_external_task_marker_dag.py
[2024-06-06T16:58:22.804+0530] {processor.py:840} INFO - DAG(s) 'example_external_task_marker_child', 'example_external_task_marker_parent' retrieved from /home/wsl/airflow_venv/lib/python3.10/site-packages/airflow/example_dags/example_external_task_marker_dag.py
[2024-06-06T16:58:22.833+0530] {logging_mixin.py:188} INFO - [2024-06-06T16:58:22.833+0530] {dag.py:3096} INFO - Sync 2 DAGs
[2024-06-06T16:58:22.852+0530] {logging_mixin.py:188} INFO - [2024-06-06T16:58:22.852+0530] {dag.py:3954} INFO - Setting next_dagrun for example_external_task_marker_child to None, run_after=None
[2024-06-06T16:58:22.855+0530] {logging_mixin.py:188} INFO - [2024-06-06T16:58:22.855+0530] {dag.py:3954} INFO - Setting next_dagrun for example_external_task_marker_parent to None, run_after=None
[2024-06-06T16:58:22.895+0530] {processor.py:183} INFO - Processing /home/wsl/airflow_venv/lib/python3.10/site-packages/airflow/example_dags/example_external_task_marker_dag.py took 0.113 seconds
[2024-06-06T17:00:38.160+0530] {processor.py:161} INFO - Started process (PID=75088) to work on /home/wsl/airflow_venv/lib/python3.10/site-packages/airflow/example_dags/example_external_task_marker_dag.py
[2024-06-06T17:00:38.162+0530] {processor.py:830} INFO - Processing file /home/wsl/airflow_venv/lib/python3.10/site-packages/airflow/example_dags/example_external_task_marker_dag.py for tasks to queue
[2024-06-06T17:00:38.163+0530] {logging_mixin.py:188} INFO - [2024-06-06T17:00:38.163+0530] {dagbag.py:540} INFO - Filling up the DagBag from /home/wsl/airflow_venv/lib/python3.10/site-packages/airflow/example_dags/example_external_task_marker_dag.py
[2024-06-06T17:00:38.170+0530] {processor.py:840} INFO - DAG(s) 'example_external_task_marker_parent', 'example_external_task_marker_child' retrieved from /home/wsl/airflow_venv/lib/python3.10/site-packages/airflow/example_dags/example_external_task_marker_dag.py
[2024-06-06T17:00:38.192+0530] {logging_mixin.py:188} INFO - [2024-06-06T17:00:38.192+0530] {dag.py:3096} INFO - Sync 2 DAGs
[2024-06-06T17:00:38.208+0530] {logging_mixin.py:188} INFO - [2024-06-06T17:00:38.207+0530] {dag.py:3954} INFO - Setting next_dagrun for example_external_task_marker_child to None, run_after=None
[2024-06-06T17:00:38.211+0530] {logging_mixin.py:188} INFO - [2024-06-06T17:00:38.210+0530] {dag.py:3954} INFO - Setting next_dagrun for example_external_task_marker_parent to None, run_after=None
[2024-06-06T17:00:38.241+0530] {processor.py:183} INFO - Processing /home/wsl/airflow_venv/lib/python3.10/site-packages/airflow/example_dags/example_external_task_marker_dag.py took 0.089 seconds
[2024-06-06T17:02:54.192+0530] {processor.py:161} INFO - Started process (PID=76715) to work on /home/wsl/airflow_venv/lib/python3.10/site-packages/airflow/example_dags/example_external_task_marker_dag.py
[2024-06-06T17:02:54.195+0530] {processor.py:830} INFO - Processing file /home/wsl/airflow_venv/lib/python3.10/site-packages/airflow/example_dags/example_external_task_marker_dag.py for tasks to queue
[2024-06-06T17:02:54.196+0530] {logging_mixin.py:188} INFO - [2024-06-06T17:02:54.196+0530] {dagbag.py:540} INFO - Filling up the DagBag from /home/wsl/airflow_venv/lib/python3.10/site-packages/airflow/example_dags/example_external_task_marker_dag.py
[2024-06-06T17:02:54.207+0530] {processor.py:840} INFO - DAG(s) 'example_external_task_marker_parent', 'example_external_task_marker_child' retrieved from /home/wsl/airflow_venv/lib/python3.10/site-packages/airflow/example_dags/example_external_task_marker_dag.py
[2024-06-06T17:02:54.241+0530] {logging_mixin.py:188} INFO - [2024-06-06T17:02:54.241+0530] {dag.py:3096} INFO - Sync 2 DAGs
[2024-06-06T17:02:54.262+0530] {logging_mixin.py:188} INFO - [2024-06-06T17:02:54.262+0530] {dag.py:3954} INFO - Setting next_dagrun for example_external_task_marker_child to None, run_after=None
[2024-06-06T17:02:54.266+0530] {logging_mixin.py:188} INFO - [2024-06-06T17:02:54.266+0530] {dag.py:3954} INFO - Setting next_dagrun for example_external_task_marker_parent to None, run_after=None
[2024-06-06T17:02:54.300+0530] {processor.py:183} INFO - Processing /home/wsl/airflow_venv/lib/python3.10/site-packages/airflow/example_dags/example_external_task_marker_dag.py took 0.121 seconds
[2024-06-06T17:04:58.781+0530] {processor.py:161} INFO - Started process (PID=78348) to work on /home/wsl/airflow_venv/lib/python3.10/site-packages/airflow/example_dags/example_external_task_marker_dag.py
[2024-06-06T17:04:58.783+0530] {processor.py:830} INFO - Processing file /home/wsl/airflow_venv/lib/python3.10/site-packages/airflow/example_dags/example_external_task_marker_dag.py for tasks to queue
[2024-06-06T17:04:58.785+0530] {logging_mixin.py:188} INFO - [2024-06-06T17:04:58.784+0530] {dagbag.py:540} INFO - Filling up the DagBag from /home/wsl/airflow_venv/lib/python3.10/site-packages/airflow/example_dags/example_external_task_marker_dag.py
[2024-06-06T17:04:58.794+0530] {processor.py:840} INFO - DAG(s) 'example_external_task_marker_parent', 'example_external_task_marker_child' retrieved from /home/wsl/airflow_venv/lib/python3.10/site-packages/airflow/example_dags/example_external_task_marker_dag.py
[2024-06-06T17:04:58.816+0530] {logging_mixin.py:188} INFO - [2024-06-06T17:04:58.815+0530] {dag.py:3096} INFO - Sync 2 DAGs
[2024-06-06T17:04:58.827+0530] {logging_mixin.py:188} INFO - [2024-06-06T17:04:58.827+0530] {dag.py:3954} INFO - Setting next_dagrun for example_external_task_marker_child to None, run_after=None
[2024-06-06T17:04:58.830+0530] {logging_mixin.py:188} INFO - [2024-06-06T17:04:58.830+0530] {dag.py:3954} INFO - Setting next_dagrun for example_external_task_marker_parent to None, run_after=None
[2024-06-06T17:04:58.863+0530] {processor.py:183} INFO - Processing /home/wsl/airflow_venv/lib/python3.10/site-packages/airflow/example_dags/example_external_task_marker_dag.py took 0.094 seconds
[2024-06-06T17:06:47.125+0530] {processor.py:161} INFO - Started process (PID=79825) to work on /home/wsl/airflow_venv/lib/python3.10/site-packages/airflow/example_dags/example_external_task_marker_dag.py
[2024-06-06T17:06:47.126+0530] {processor.py:830} INFO - Processing file /home/wsl/airflow_venv/lib/python3.10/site-packages/airflow/example_dags/example_external_task_marker_dag.py for tasks to queue
[2024-06-06T17:06:47.127+0530] {logging_mixin.py:188} INFO - [2024-06-06T17:06:47.127+0530] {dagbag.py:540} INFO - Filling up the DagBag from /home/wsl/airflow_venv/lib/python3.10/site-packages/airflow/example_dags/example_external_task_marker_dag.py
[2024-06-06T17:06:47.134+0530] {processor.py:840} INFO - DAG(s) 'example_external_task_marker_parent', 'example_external_task_marker_child' retrieved from /home/wsl/airflow_venv/lib/python3.10/site-packages/airflow/example_dags/example_external_task_marker_dag.py
[2024-06-06T17:06:47.161+0530] {logging_mixin.py:188} INFO - [2024-06-06T17:06:47.161+0530] {dag.py:3096} INFO - Sync 2 DAGs
[2024-06-06T17:06:47.173+0530] {logging_mixin.py:188} INFO - [2024-06-06T17:06:47.172+0530] {dag.py:3954} INFO - Setting next_dagrun for example_external_task_marker_child to None, run_after=None
[2024-06-06T17:06:47.176+0530] {logging_mixin.py:188} INFO - [2024-06-06T17:06:47.176+0530] {dag.py:3954} INFO - Setting next_dagrun for example_external_task_marker_parent to None, run_after=None
[2024-06-06T17:06:47.202+0530] {processor.py:183} INFO - Processing /home/wsl/airflow_venv/lib/python3.10/site-packages/airflow/example_dags/example_external_task_marker_dag.py took 0.085 seconds
[2024-06-06T17:08:59.118+0530] {processor.py:161} INFO - Started process (PID=81475) to work on /home/wsl/airflow_venv/lib/python3.10/site-packages/airflow/example_dags/example_external_task_marker_dag.py
[2024-06-06T17:08:59.120+0530] {processor.py:830} INFO - Processing file /home/wsl/airflow_venv/lib/python3.10/site-packages/airflow/example_dags/example_external_task_marker_dag.py for tasks to queue
[2024-06-06T17:08:59.121+0530] {logging_mixin.py:188} INFO - [2024-06-06T17:08:59.121+0530] {dagbag.py:540} INFO - Filling up the DagBag from /home/wsl/airflow_venv/lib/python3.10/site-packages/airflow/example_dags/example_external_task_marker_dag.py
[2024-06-06T17:08:59.134+0530] {processor.py:840} INFO - DAG(s) 'example_external_task_marker_parent', 'example_external_task_marker_child' retrieved from /home/wsl/airflow_venv/lib/python3.10/site-packages/airflow/example_dags/example_external_task_marker_dag.py
[2024-06-06T17:08:59.170+0530] {logging_mixin.py:188} INFO - [2024-06-06T17:08:59.169+0530] {dag.py:3096} INFO - Sync 2 DAGs
[2024-06-06T17:08:59.191+0530] {logging_mixin.py:188} INFO - [2024-06-06T17:08:59.191+0530] {dag.py:3954} INFO - Setting next_dagrun for example_external_task_marker_child to None, run_after=None
[2024-06-06T17:08:59.202+0530] {logging_mixin.py:188} INFO - [2024-06-06T17:08:59.201+0530] {dag.py:3954} INFO - Setting next_dagrun for example_external_task_marker_parent to None, run_after=None
[2024-06-06T17:08:59.241+0530] {processor.py:183} INFO - Processing /home/wsl/airflow_venv/lib/python3.10/site-packages/airflow/example_dags/example_external_task_marker_dag.py took 0.137 seconds
[2024-06-06T17:11:11.930+0530] {processor.py:161} INFO - Started process (PID=83233) to work on /home/wsl/airflow_venv/lib/python3.10/site-packages/airflow/example_dags/example_external_task_marker_dag.py
[2024-06-06T17:11:11.932+0530] {processor.py:830} INFO - Processing file /home/wsl/airflow_venv/lib/python3.10/site-packages/airflow/example_dags/example_external_task_marker_dag.py for tasks to queue
[2024-06-06T17:11:11.936+0530] {logging_mixin.py:188} INFO - [2024-06-06T17:11:11.934+0530] {dagbag.py:540} INFO - Filling up the DagBag from /home/wsl/airflow_venv/lib/python3.10/site-packages/airflow/example_dags/example_external_task_marker_dag.py
[2024-06-06T17:11:11.944+0530] {processor.py:840} INFO - DAG(s) 'example_external_task_marker_child', 'example_external_task_marker_parent' retrieved from /home/wsl/airflow_venv/lib/python3.10/site-packages/airflow/example_dags/example_external_task_marker_dag.py
[2024-06-06T17:11:11.973+0530] {logging_mixin.py:188} INFO - [2024-06-06T17:11:11.973+0530] {dag.py:3096} INFO - Sync 2 DAGs
[2024-06-06T17:11:11.992+0530] {logging_mixin.py:188} INFO - [2024-06-06T17:11:11.992+0530] {dag.py:3954} INFO - Setting next_dagrun for example_external_task_marker_child to None, run_after=None
[2024-06-06T17:11:11.998+0530] {logging_mixin.py:188} INFO - [2024-06-06T17:11:11.997+0530] {dag.py:3954} INFO - Setting next_dagrun for example_external_task_marker_parent to None, run_after=None
[2024-06-06T17:11:12.044+0530] {processor.py:183} INFO - Processing /home/wsl/airflow_venv/lib/python3.10/site-packages/airflow/example_dags/example_external_task_marker_dag.py took 0.122 seconds
