[2024-06-06T15:50:40.309+0530] {processor.py:161} INFO - Started process (PID=33748) to work on /home/wsl/airflow_venv/lib/python3.10/site-packages/airflow/example_dags/example_branch_datetime_operator.py
[2024-06-06T15:50:40.310+0530] {processor.py:830} INFO - Processing file /home/wsl/airflow_venv/lib/python3.10/site-packages/airflow/example_dags/example_branch_datetime_operator.py for tasks to queue
[2024-06-06T15:50:40.311+0530] {logging_mixin.py:188} INFO - [2024-06-06T15:50:40.311+0530] {dagbag.py:540} INFO - Filling up the DagBag from /home/wsl/airflow_venv/lib/python3.10/site-packages/airflow/example_dags/example_branch_datetime_operator.py
[2024-06-06T15:50:40.324+0530] {processor.py:840} INFO - DAG(s) 'example_branch_datetime_operator_3', 'example_branch_datetime_operator_2', 'example_branch_datetime_operator' retrieved from /home/wsl/airflow_venv/lib/python3.10/site-packages/airflow/example_dags/example_branch_datetime_operator.py
[2024-06-06T15:50:40.441+0530] {logging_mixin.py:188} INFO - [2024-06-06T15:50:40.441+0530] {dag.py:3096} INFO - Sync 3 DAGs
[2024-06-06T15:50:40.464+0530] {logging_mixin.py:188} INFO - [2024-06-06T15:50:40.464+0530] {dag.py:3954} INFO - Setting next_dagrun for example_branch_datetime_operator to 2024-06-05 00:00:00+00:00, run_after=2024-06-06 00:00:00+00:00
[2024-06-06T15:50:40.468+0530] {logging_mixin.py:188} INFO - [2024-06-06T15:50:40.468+0530] {dag.py:3954} INFO - Setting next_dagrun for example_branch_datetime_operator_2 to 2024-06-05 00:00:00+00:00, run_after=2024-06-06 00:00:00+00:00
[2024-06-06T15:50:40.567+0530] {logging_mixin.py:188} INFO - [2024-06-06T15:50:40.566+0530] {dag.py:3954} INFO - Setting next_dagrun for example_branch_datetime_operator_3 to 2024-06-05 00:00:00+00:00, run_after=2024-06-06 00:00:00+00:00
[2024-06-06T15:50:40.590+0530] {processor.py:183} INFO - Processing /home/wsl/airflow_venv/lib/python3.10/site-packages/airflow/example_dags/example_branch_datetime_operator.py took 0.289 seconds
[2024-06-06T15:52:07.167+0530] {processor.py:161} INFO - Started process (PID=34625) to work on /home/wsl/airflow_venv/lib/python3.10/site-packages/airflow/example_dags/example_branch_datetime_operator.py
[2024-06-06T15:52:07.175+0530] {processor.py:830} INFO - Processing file /home/wsl/airflow_venv/lib/python3.10/site-packages/airflow/example_dags/example_branch_datetime_operator.py for tasks to queue
[2024-06-06T15:52:07.177+0530] {logging_mixin.py:188} INFO - [2024-06-06T15:52:07.176+0530] {dagbag.py:540} INFO - Filling up the DagBag from /home/wsl/airflow_venv/lib/python3.10/site-packages/airflow/example_dags/example_branch_datetime_operator.py
[2024-06-06T15:52:07.191+0530] {processor.py:840} INFO - DAG(s) 'example_branch_datetime_operator_2', 'example_branch_datetime_operator', 'example_branch_datetime_operator_3' retrieved from /home/wsl/airflow_venv/lib/python3.10/site-packages/airflow/example_dags/example_branch_datetime_operator.py
[2024-06-06T15:52:07.217+0530] {logging_mixin.py:188} INFO - [2024-06-06T15:52:07.216+0530] {dag.py:3096} INFO - Sync 3 DAGs
[2024-06-06T15:52:07.238+0530] {logging_mixin.py:188} INFO - [2024-06-06T15:52:07.238+0530] {dag.py:3954} INFO - Setting next_dagrun for example_branch_datetime_operator to 2024-06-05 00:00:00+00:00, run_after=2024-06-06 00:00:00+00:00
[2024-06-06T15:52:07.243+0530] {logging_mixin.py:188} INFO - [2024-06-06T15:52:07.242+0530] {dag.py:3954} INFO - Setting next_dagrun for example_branch_datetime_operator_2 to 2024-06-05 00:00:00+00:00, run_after=2024-06-06 00:00:00+00:00
[2024-06-06T15:52:07.245+0530] {logging_mixin.py:188} INFO - [2024-06-06T15:52:07.245+0530] {dag.py:3954} INFO - Setting next_dagrun for example_branch_datetime_operator_3 to 2024-06-05 00:00:00+00:00, run_after=2024-06-06 00:00:00+00:00
[2024-06-06T15:52:07.268+0530] {processor.py:183} INFO - Processing /home/wsl/airflow_venv/lib/python3.10/site-packages/airflow/example_dags/example_branch_datetime_operator.py took 0.115 seconds
[2024-06-06T15:53:50.374+0530] {processor.py:161} INFO - Started process (PID=35569) to work on /home/wsl/airflow_venv/lib/python3.10/site-packages/airflow/example_dags/example_branch_datetime_operator.py
[2024-06-06T15:53:50.377+0530] {processor.py:830} INFO - Processing file /home/wsl/airflow_venv/lib/python3.10/site-packages/airflow/example_dags/example_branch_datetime_operator.py for tasks to queue
[2024-06-06T15:53:50.380+0530] {logging_mixin.py:188} INFO - [2024-06-06T15:53:50.379+0530] {dagbag.py:540} INFO - Filling up the DagBag from /home/wsl/airflow_venv/lib/python3.10/site-packages/airflow/example_dags/example_branch_datetime_operator.py
[2024-06-06T15:53:50.399+0530] {processor.py:840} INFO - DAG(s) 'example_branch_datetime_operator', 'example_branch_datetime_operator_2', 'example_branch_datetime_operator_3' retrieved from /home/wsl/airflow_venv/lib/python3.10/site-packages/airflow/example_dags/example_branch_datetime_operator.py
[2024-06-06T15:53:50.515+0530] {logging_mixin.py:188} INFO - [2024-06-06T15:53:50.515+0530] {dag.py:3096} INFO - Sync 3 DAGs
[2024-06-06T15:53:50.537+0530] {logging_mixin.py:188} INFO - [2024-06-06T15:53:50.537+0530] {dag.py:3954} INFO - Setting next_dagrun for example_branch_datetime_operator to 2024-06-05 00:00:00+00:00, run_after=2024-06-06 00:00:00+00:00
[2024-06-06T15:53:50.541+0530] {logging_mixin.py:188} INFO - [2024-06-06T15:53:50.541+0530] {dag.py:3954} INFO - Setting next_dagrun for example_branch_datetime_operator_2 to 2024-06-05 00:00:00+00:00, run_after=2024-06-06 00:00:00+00:00
[2024-06-06T15:53:50.544+0530] {logging_mixin.py:188} INFO - [2024-06-06T15:53:50.544+0530] {dag.py:3954} INFO - Setting next_dagrun for example_branch_datetime_operator_3 to 2024-06-05 00:00:00+00:00, run_after=2024-06-06 00:00:00+00:00
[2024-06-06T15:53:50.580+0530] {processor.py:183} INFO - Processing /home/wsl/airflow_venv/lib/python3.10/site-packages/airflow/example_dags/example_branch_datetime_operator.py took 0.218 seconds
[2024-06-06T15:56:37.398+0530] {processor.py:161} INFO - Started process (PID=37183) to work on /home/wsl/airflow_venv/lib/python3.10/site-packages/airflow/example_dags/example_branch_datetime_operator.py
[2024-06-06T15:56:37.402+0530] {processor.py:830} INFO - Processing file /home/wsl/airflow_venv/lib/python3.10/site-packages/airflow/example_dags/example_branch_datetime_operator.py for tasks to queue
[2024-06-06T15:56:37.403+0530] {logging_mixin.py:188} INFO - [2024-06-06T15:56:37.402+0530] {dagbag.py:540} INFO - Filling up the DagBag from /home/wsl/airflow_venv/lib/python3.10/site-packages/airflow/example_dags/example_branch_datetime_operator.py
[2024-06-06T15:56:37.418+0530] {processor.py:840} INFO - DAG(s) 'example_branch_datetime_operator_2', 'example_branch_datetime_operator_3', 'example_branch_datetime_operator' retrieved from /home/wsl/airflow_venv/lib/python3.10/site-packages/airflow/example_dags/example_branch_datetime_operator.py
[2024-06-06T15:56:37.445+0530] {logging_mixin.py:188} INFO - [2024-06-06T15:56:37.445+0530] {dag.py:3096} INFO - Sync 3 DAGs
[2024-06-06T15:56:37.472+0530] {logging_mixin.py:188} INFO - [2024-06-06T15:56:37.471+0530] {dag.py:3954} INFO - Setting next_dagrun for example_branch_datetime_operator to 2024-06-05 00:00:00+00:00, run_after=2024-06-06 00:00:00+00:00
[2024-06-06T15:56:37.476+0530] {logging_mixin.py:188} INFO - [2024-06-06T15:56:37.476+0530] {dag.py:3954} INFO - Setting next_dagrun for example_branch_datetime_operator_2 to 2024-06-05 00:00:00+00:00, run_after=2024-06-06 00:00:00+00:00
[2024-06-06T15:56:37.480+0530] {logging_mixin.py:188} INFO - [2024-06-06T15:56:37.479+0530] {dag.py:3954} INFO - Setting next_dagrun for example_branch_datetime_operator_3 to 2024-06-05 00:00:00+00:00, run_after=2024-06-06 00:00:00+00:00
[2024-06-06T15:56:37.509+0530] {processor.py:183} INFO - Processing /home/wsl/airflow_venv/lib/python3.10/site-packages/airflow/example_dags/example_branch_datetime_operator.py took 0.121 seconds
[2024-06-06T15:58:06.141+0530] {processor.py:161} INFO - Started process (PID=37920) to work on /home/wsl/airflow_venv/lib/python3.10/site-packages/airflow/example_dags/example_branch_datetime_operator.py
[2024-06-06T15:58:06.146+0530] {processor.py:830} INFO - Processing file /home/wsl/airflow_venv/lib/python3.10/site-packages/airflow/example_dags/example_branch_datetime_operator.py for tasks to queue
[2024-06-06T15:58:06.148+0530] {logging_mixin.py:188} INFO - [2024-06-06T15:58:06.147+0530] {dagbag.py:540} INFO - Filling up the DagBag from /home/wsl/airflow_venv/lib/python3.10/site-packages/airflow/example_dags/example_branch_datetime_operator.py
[2024-06-06T15:58:06.163+0530] {processor.py:840} INFO - DAG(s) 'example_branch_datetime_operator_2', 'example_branch_datetime_operator_3', 'example_branch_datetime_operator' retrieved from /home/wsl/airflow_venv/lib/python3.10/site-packages/airflow/example_dags/example_branch_datetime_operator.py
[2024-06-06T15:58:06.189+0530] {logging_mixin.py:188} INFO - [2024-06-06T15:58:06.189+0530] {dag.py:3096} INFO - Sync 3 DAGs
[2024-06-06T15:58:06.212+0530] {logging_mixin.py:188} INFO - [2024-06-06T15:58:06.212+0530] {dag.py:3954} INFO - Setting next_dagrun for example_branch_datetime_operator to 2024-06-05 00:00:00+00:00, run_after=2024-06-06 00:00:00+00:00
[2024-06-06T15:58:06.217+0530] {logging_mixin.py:188} INFO - [2024-06-06T15:58:06.217+0530] {dag.py:3954} INFO - Setting next_dagrun for example_branch_datetime_operator_2 to 2024-06-05 00:00:00+00:00, run_after=2024-06-06 00:00:00+00:00
[2024-06-06T15:58:06.219+0530] {logging_mixin.py:188} INFO - [2024-06-06T15:58:06.219+0530] {dag.py:3954} INFO - Setting next_dagrun for example_branch_datetime_operator_3 to 2024-06-05 00:00:00+00:00, run_after=2024-06-06 00:00:00+00:00
[2024-06-06T15:58:06.244+0530] {processor.py:183} INFO - Processing /home/wsl/airflow_venv/lib/python3.10/site-packages/airflow/example_dags/example_branch_datetime_operator.py took 0.117 seconds
[2024-06-06T15:59:24.046+0530] {processor.py:161} INFO - Started process (PID=38450) to work on /home/wsl/airflow_venv/lib/python3.10/site-packages/airflow/example_dags/example_branch_datetime_operator.py
[2024-06-06T15:59:24.047+0530] {processor.py:830} INFO - Processing file /home/wsl/airflow_venv/lib/python3.10/site-packages/airflow/example_dags/example_branch_datetime_operator.py for tasks to queue
[2024-06-06T15:59:24.048+0530] {logging_mixin.py:188} INFO - [2024-06-06T15:59:24.048+0530] {dagbag.py:540} INFO - Filling up the DagBag from /home/wsl/airflow_venv/lib/python3.10/site-packages/airflow/example_dags/example_branch_datetime_operator.py
[2024-06-06T15:59:24.061+0530] {processor.py:840} INFO - DAG(s) 'example_branch_datetime_operator_3', 'example_branch_datetime_operator_2', 'example_branch_datetime_operator' retrieved from /home/wsl/airflow_venv/lib/python3.10/site-packages/airflow/example_dags/example_branch_datetime_operator.py
[2024-06-06T15:59:24.088+0530] {logging_mixin.py:188} INFO - [2024-06-06T15:59:24.087+0530] {dag.py:3096} INFO - Sync 3 DAGs
[2024-06-06T15:59:24.112+0530] {logging_mixin.py:188} INFO - [2024-06-06T15:59:24.112+0530] {dag.py:3954} INFO - Setting next_dagrun for example_branch_datetime_operator to 2024-06-05 00:00:00+00:00, run_after=2024-06-06 00:00:00+00:00
[2024-06-06T15:59:24.117+0530] {logging_mixin.py:188} INFO - [2024-06-06T15:59:24.117+0530] {dag.py:3954} INFO - Setting next_dagrun for example_branch_datetime_operator_2 to 2024-06-05 00:00:00+00:00, run_after=2024-06-06 00:00:00+00:00
[2024-06-06T15:59:24.120+0530] {logging_mixin.py:188} INFO - [2024-06-06T15:59:24.120+0530] {dag.py:3954} INFO - Setting next_dagrun for example_branch_datetime_operator_3 to 2024-06-05 00:00:00+00:00, run_after=2024-06-06 00:00:00+00:00
[2024-06-06T15:59:24.148+0530] {processor.py:183} INFO - Processing /home/wsl/airflow_venv/lib/python3.10/site-packages/airflow/example_dags/example_branch_datetime_operator.py took 0.110 seconds
[2024-06-06T16:06:31.742+0530] {processor.py:161} INFO - Started process (PID=41666) to work on /home/wsl/airflow_venv/lib/python3.10/site-packages/airflow/example_dags/example_branch_datetime_operator.py
[2024-06-06T16:06:31.745+0530] {processor.py:830} INFO - Processing file /home/wsl/airflow_venv/lib/python3.10/site-packages/airflow/example_dags/example_branch_datetime_operator.py for tasks to queue
[2024-06-06T16:06:31.747+0530] {logging_mixin.py:188} INFO - [2024-06-06T16:06:31.746+0530] {dagbag.py:540} INFO - Filling up the DagBag from /home/wsl/airflow_venv/lib/python3.10/site-packages/airflow/example_dags/example_branch_datetime_operator.py
[2024-06-06T16:06:31.764+0530] {processor.py:840} INFO - DAG(s) 'example_branch_datetime_operator_2', 'example_branch_datetime_operator', 'example_branch_datetime_operator_3' retrieved from /home/wsl/airflow_venv/lib/python3.10/site-packages/airflow/example_dags/example_branch_datetime_operator.py
[2024-06-06T16:06:32.003+0530] {logging_mixin.py:188} INFO - [2024-06-06T16:06:32.002+0530] {dag.py:3096} INFO - Sync 3 DAGs
[2024-06-06T16:06:32.023+0530] {logging_mixin.py:188} INFO - [2024-06-06T16:06:32.022+0530] {dag.py:3954} INFO - Setting next_dagrun for example_branch_datetime_operator to 2024-06-05 00:00:00+00:00, run_after=2024-06-06 00:00:00+00:00
[2024-06-06T16:06:32.027+0530] {logging_mixin.py:188} INFO - [2024-06-06T16:06:32.026+0530] {dag.py:3954} INFO - Setting next_dagrun for example_branch_datetime_operator_2 to 2024-06-05 00:00:00+00:00, run_after=2024-06-06 00:00:00+00:00
[2024-06-06T16:06:32.029+0530] {logging_mixin.py:188} INFO - [2024-06-06T16:06:32.029+0530] {dag.py:3954} INFO - Setting next_dagrun for example_branch_datetime_operator_3 to 2024-06-05 00:00:00+00:00, run_after=2024-06-06 00:00:00+00:00
[2024-06-06T16:06:32.061+0530] {processor.py:183} INFO - Processing /home/wsl/airflow_venv/lib/python3.10/site-packages/airflow/example_dags/example_branch_datetime_operator.py took 0.328 seconds
[2024-06-06T16:08:27.272+0530] {processor.py:161} INFO - Started process (PID=42837) to work on /home/wsl/airflow_venv/lib/python3.10/site-packages/airflow/example_dags/example_branch_datetime_operator.py
[2024-06-06T16:08:27.275+0530] {processor.py:830} INFO - Processing file /home/wsl/airflow_venv/lib/python3.10/site-packages/airflow/example_dags/example_branch_datetime_operator.py for tasks to queue
[2024-06-06T16:08:27.276+0530] {logging_mixin.py:188} INFO - [2024-06-06T16:08:27.276+0530] {dagbag.py:540} INFO - Filling up the DagBag from /home/wsl/airflow_venv/lib/python3.10/site-packages/airflow/example_dags/example_branch_datetime_operator.py
[2024-06-06T16:08:27.292+0530] {processor.py:840} INFO - DAG(s) 'example_branch_datetime_operator_3', 'example_branch_datetime_operator_2', 'example_branch_datetime_operator' retrieved from /home/wsl/airflow_venv/lib/python3.10/site-packages/airflow/example_dags/example_branch_datetime_operator.py
[2024-06-06T16:08:27.316+0530] {logging_mixin.py:188} INFO - [2024-06-06T16:08:27.316+0530] {dag.py:3096} INFO - Sync 3 DAGs
[2024-06-06T16:08:27.336+0530] {logging_mixin.py:188} INFO - [2024-06-06T16:08:27.336+0530] {dag.py:3954} INFO - Setting next_dagrun for example_branch_datetime_operator to 2024-06-05 00:00:00+00:00, run_after=2024-06-06 00:00:00+00:00
[2024-06-06T16:08:27.341+0530] {logging_mixin.py:188} INFO - [2024-06-06T16:08:27.340+0530] {dag.py:3954} INFO - Setting next_dagrun for example_branch_datetime_operator_2 to 2024-06-05 00:00:00+00:00, run_after=2024-06-06 00:00:00+00:00
[2024-06-06T16:08:27.343+0530] {logging_mixin.py:188} INFO - [2024-06-06T16:08:27.343+0530] {dag.py:3954} INFO - Setting next_dagrun for example_branch_datetime_operator_3 to 2024-06-05 00:00:00+00:00, run_after=2024-06-06 00:00:00+00:00
[2024-06-06T16:08:27.369+0530] {processor.py:183} INFO - Processing /home/wsl/airflow_venv/lib/python3.10/site-packages/airflow/example_dags/example_branch_datetime_operator.py took 0.106 seconds
[2024-06-06T16:10:17.474+0530] {processor.py:161} INFO - Started process (PID=43869) to work on /home/wsl/airflow_venv/lib/python3.10/site-packages/airflow/example_dags/example_branch_datetime_operator.py
[2024-06-06T16:10:17.477+0530] {processor.py:830} INFO - Processing file /home/wsl/airflow_venv/lib/python3.10/site-packages/airflow/example_dags/example_branch_datetime_operator.py for tasks to queue
[2024-06-06T16:10:17.478+0530] {logging_mixin.py:188} INFO - [2024-06-06T16:10:17.477+0530] {dagbag.py:540} INFO - Filling up the DagBag from /home/wsl/airflow_venv/lib/python3.10/site-packages/airflow/example_dags/example_branch_datetime_operator.py
[2024-06-06T16:10:17.489+0530] {processor.py:840} INFO - DAG(s) 'example_branch_datetime_operator_2', 'example_branch_datetime_operator_3', 'example_branch_datetime_operator' retrieved from /home/wsl/airflow_venv/lib/python3.10/site-packages/airflow/example_dags/example_branch_datetime_operator.py
[2024-06-06T16:10:17.516+0530] {logging_mixin.py:188} INFO - [2024-06-06T16:10:17.515+0530] {dag.py:3096} INFO - Sync 3 DAGs
[2024-06-06T16:10:17.538+0530] {logging_mixin.py:188} INFO - [2024-06-06T16:10:17.538+0530] {dag.py:3954} INFO - Setting next_dagrun for example_branch_datetime_operator to 2024-06-05 00:00:00+00:00, run_after=2024-06-06 00:00:00+00:00
[2024-06-06T16:10:17.543+0530] {logging_mixin.py:188} INFO - [2024-06-06T16:10:17.542+0530] {dag.py:3954} INFO - Setting next_dagrun for example_branch_datetime_operator_2 to 2024-06-05 00:00:00+00:00, run_after=2024-06-06 00:00:00+00:00
[2024-06-06T16:10:17.545+0530] {logging_mixin.py:188} INFO - [2024-06-06T16:10:17.545+0530] {dag.py:3954} INFO - Setting next_dagrun for example_branch_datetime_operator_3 to 2024-06-05 00:00:00+00:00, run_after=2024-06-06 00:00:00+00:00
[2024-06-06T16:10:17.571+0530] {processor.py:183} INFO - Processing /home/wsl/airflow_venv/lib/python3.10/site-packages/airflow/example_dags/example_branch_datetime_operator.py took 0.103 seconds
[2024-06-06T16:11:51.550+0530] {processor.py:161} INFO - Started process (PID=44948) to work on /home/wsl/airflow_venv/lib/python3.10/site-packages/airflow/example_dags/example_branch_datetime_operator.py
[2024-06-06T16:11:51.552+0530] {processor.py:830} INFO - Processing file /home/wsl/airflow_venv/lib/python3.10/site-packages/airflow/example_dags/example_branch_datetime_operator.py for tasks to queue
[2024-06-06T16:11:51.553+0530] {logging_mixin.py:188} INFO - [2024-06-06T16:11:51.553+0530] {dagbag.py:540} INFO - Filling up the DagBag from /home/wsl/airflow_venv/lib/python3.10/site-packages/airflow/example_dags/example_branch_datetime_operator.py
[2024-06-06T16:11:51.567+0530] {processor.py:840} INFO - DAG(s) 'example_branch_datetime_operator', 'example_branch_datetime_operator_3', 'example_branch_datetime_operator_2' retrieved from /home/wsl/airflow_venv/lib/python3.10/site-packages/airflow/example_dags/example_branch_datetime_operator.py
[2024-06-06T16:11:51.591+0530] {logging_mixin.py:188} INFO - [2024-06-06T16:11:51.590+0530] {dag.py:3096} INFO - Sync 3 DAGs
[2024-06-06T16:11:51.612+0530] {logging_mixin.py:188} INFO - [2024-06-06T16:11:51.611+0530] {dag.py:3954} INFO - Setting next_dagrun for example_branch_datetime_operator to 2024-06-05 00:00:00+00:00, run_after=2024-06-06 00:00:00+00:00
[2024-06-06T16:11:51.616+0530] {logging_mixin.py:188} INFO - [2024-06-06T16:11:51.615+0530] {dag.py:3954} INFO - Setting next_dagrun for example_branch_datetime_operator_2 to 2024-06-05 00:00:00+00:00, run_after=2024-06-06 00:00:00+00:00
[2024-06-06T16:11:51.619+0530] {logging_mixin.py:188} INFO - [2024-06-06T16:11:51.618+0530] {dag.py:3954} INFO - Setting next_dagrun for example_branch_datetime_operator_3 to 2024-06-05 00:00:00+00:00, run_after=2024-06-06 00:00:00+00:00
[2024-06-06T16:11:51.643+0530] {processor.py:183} INFO - Processing /home/wsl/airflow_venv/lib/python3.10/site-packages/airflow/example_dags/example_branch_datetime_operator.py took 0.103 seconds
[2024-06-06T16:14:38.244+0530] {processor.py:161} INFO - Started process (PID=46846) to work on /home/wsl/airflow_venv/lib/python3.10/site-packages/airflow/example_dags/example_branch_datetime_operator.py
[2024-06-06T16:14:38.364+0530] {processor.py:830} INFO - Processing file /home/wsl/airflow_venv/lib/python3.10/site-packages/airflow/example_dags/example_branch_datetime_operator.py for tasks to queue
[2024-06-06T16:14:38.365+0530] {logging_mixin.py:188} INFO - [2024-06-06T16:14:38.364+0530] {dagbag.py:540} INFO - Filling up the DagBag from /home/wsl/airflow_venv/lib/python3.10/site-packages/airflow/example_dags/example_branch_datetime_operator.py
[2024-06-06T16:14:38.380+0530] {processor.py:840} INFO - DAG(s) 'example_branch_datetime_operator', 'example_branch_datetime_operator_3', 'example_branch_datetime_operator_2' retrieved from /home/wsl/airflow_venv/lib/python3.10/site-packages/airflow/example_dags/example_branch_datetime_operator.py
[2024-06-06T16:14:38.408+0530] {logging_mixin.py:188} INFO - [2024-06-06T16:14:38.408+0530] {dag.py:3096} INFO - Sync 3 DAGs
[2024-06-06T16:14:38.432+0530] {logging_mixin.py:188} INFO - [2024-06-06T16:14:38.432+0530] {dag.py:3954} INFO - Setting next_dagrun for example_branch_datetime_operator to 2024-06-05 00:00:00+00:00, run_after=2024-06-06 00:00:00+00:00
[2024-06-06T16:14:38.438+0530] {logging_mixin.py:188} INFO - [2024-06-06T16:14:38.438+0530] {dag.py:3954} INFO - Setting next_dagrun for example_branch_datetime_operator_2 to 2024-06-05 00:00:00+00:00, run_after=2024-06-06 00:00:00+00:00
[2024-06-06T16:14:38.442+0530] {logging_mixin.py:188} INFO - [2024-06-06T16:14:38.442+0530] {dag.py:3954} INFO - Setting next_dagrun for example_branch_datetime_operator_3 to 2024-06-05 00:00:00+00:00, run_after=2024-06-06 00:00:00+00:00
[2024-06-06T16:14:38.655+0530] {processor.py:183} INFO - Processing /home/wsl/airflow_venv/lib/python3.10/site-packages/airflow/example_dags/example_branch_datetime_operator.py took 0.419 seconds
[2024-06-06T16:26:14.827+0530] {processor.py:161} INFO - Started process (PID=52095) to work on /home/wsl/airflow_venv/lib/python3.10/site-packages/airflow/example_dags/example_branch_datetime_operator.py
[2024-06-06T16:26:14.830+0530] {processor.py:830} INFO - Processing file /home/wsl/airflow_venv/lib/python3.10/site-packages/airflow/example_dags/example_branch_datetime_operator.py for tasks to queue
[2024-06-06T16:26:14.841+0530] {logging_mixin.py:188} INFO - [2024-06-06T16:26:14.840+0530] {dagbag.py:540} INFO - Filling up the DagBag from /home/wsl/airflow_venv/lib/python3.10/site-packages/airflow/example_dags/example_branch_datetime_operator.py
[2024-06-06T16:26:14.889+0530] {processor.py:840} INFO - DAG(s) 'example_branch_datetime_operator_2', 'example_branch_datetime_operator', 'example_branch_datetime_operator_3' retrieved from /home/wsl/airflow_venv/lib/python3.10/site-packages/airflow/example_dags/example_branch_datetime_operator.py
[2024-06-06T16:26:15.543+0530] {logging_mixin.py:188} INFO - [2024-06-06T16:26:15.542+0530] {dag.py:3096} INFO - Sync 3 DAGs
[2024-06-06T16:26:15.642+0530] {logging_mixin.py:188} INFO - [2024-06-06T16:26:15.641+0530] {dag.py:3954} INFO - Setting next_dagrun for example_branch_datetime_operator to 2024-06-05 00:00:00+00:00, run_after=2024-06-06 00:00:00+00:00
[2024-06-06T16:26:15.659+0530] {logging_mixin.py:188} INFO - [2024-06-06T16:26:15.659+0530] {dag.py:3954} INFO - Setting next_dagrun for example_branch_datetime_operator_2 to 2024-06-05 00:00:00+00:00, run_after=2024-06-06 00:00:00+00:00
[2024-06-06T16:26:15.673+0530] {logging_mixin.py:188} INFO - [2024-06-06T16:26:15.673+0530] {dag.py:3954} INFO - Setting next_dagrun for example_branch_datetime_operator_3 to 2024-06-05 00:00:00+00:00, run_after=2024-06-06 00:00:00+00:00
[2024-06-06T16:26:17.709+0530] {processor.py:183} INFO - Processing /home/wsl/airflow_venv/lib/python3.10/site-packages/airflow/example_dags/example_branch_datetime_operator.py took 2.912 seconds
[2024-06-06T16:29:15.934+0530] {processor.py:161} INFO - Started process (PID=53889) to work on /home/wsl/airflow_venv/lib/python3.10/site-packages/airflow/example_dags/example_branch_datetime_operator.py
[2024-06-06T16:29:15.941+0530] {processor.py:830} INFO - Processing file /home/wsl/airflow_venv/lib/python3.10/site-packages/airflow/example_dags/example_branch_datetime_operator.py for tasks to queue
[2024-06-06T16:29:15.943+0530] {logging_mixin.py:188} INFO - [2024-06-06T16:29:15.942+0530] {dagbag.py:540} INFO - Filling up the DagBag from /home/wsl/airflow_venv/lib/python3.10/site-packages/airflow/example_dags/example_branch_datetime_operator.py
[2024-06-06T16:29:15.968+0530] {processor.py:840} INFO - DAG(s) 'example_branch_datetime_operator', 'example_branch_datetime_operator_2', 'example_branch_datetime_operator_3' retrieved from /home/wsl/airflow_venv/lib/python3.10/site-packages/airflow/example_dags/example_branch_datetime_operator.py
[2024-06-06T16:29:16.272+0530] {logging_mixin.py:188} INFO - [2024-06-06T16:29:16.271+0530] {dag.py:3096} INFO - Sync 3 DAGs
[2024-06-06T16:29:16.343+0530] {logging_mixin.py:188} INFO - [2024-06-06T16:29:16.343+0530] {dag.py:3954} INFO - Setting next_dagrun for example_branch_datetime_operator to 2024-06-05 00:00:00+00:00, run_after=2024-06-06 00:00:00+00:00
[2024-06-06T16:29:16.352+0530] {logging_mixin.py:188} INFO - [2024-06-06T16:29:16.351+0530] {dag.py:3954} INFO - Setting next_dagrun for example_branch_datetime_operator_2 to 2024-06-05 00:00:00+00:00, run_after=2024-06-06 00:00:00+00:00
[2024-06-06T16:29:16.358+0530] {logging_mixin.py:188} INFO - [2024-06-06T16:29:16.357+0530] {dag.py:3954} INFO - Setting next_dagrun for example_branch_datetime_operator_3 to 2024-06-05 00:00:00+00:00, run_after=2024-06-06 00:00:00+00:00
[2024-06-06T16:29:16.590+0530] {processor.py:183} INFO - Processing /home/wsl/airflow_venv/lib/python3.10/site-packages/airflow/example_dags/example_branch_datetime_operator.py took 0.683 seconds
[2024-06-06T16:31:45.600+0530] {processor.py:161} INFO - Started process (PID=55592) to work on /home/wsl/airflow_venv/lib/python3.10/site-packages/airflow/example_dags/example_branch_datetime_operator.py
[2024-06-06T16:31:45.602+0530] {processor.py:830} INFO - Processing file /home/wsl/airflow_venv/lib/python3.10/site-packages/airflow/example_dags/example_branch_datetime_operator.py for tasks to queue
[2024-06-06T16:31:45.603+0530] {logging_mixin.py:188} INFO - [2024-06-06T16:31:45.602+0530] {dagbag.py:540} INFO - Filling up the DagBag from /home/wsl/airflow_venv/lib/python3.10/site-packages/airflow/example_dags/example_branch_datetime_operator.py
[2024-06-06T16:31:45.616+0530] {processor.py:840} INFO - DAG(s) 'example_branch_datetime_operator', 'example_branch_datetime_operator_3', 'example_branch_datetime_operator_2' retrieved from /home/wsl/airflow_venv/lib/python3.10/site-packages/airflow/example_dags/example_branch_datetime_operator.py
[2024-06-06T16:31:45.643+0530] {logging_mixin.py:188} INFO - [2024-06-06T16:31:45.642+0530] {dag.py:3096} INFO - Sync 3 DAGs
[2024-06-06T16:31:45.665+0530] {logging_mixin.py:188} INFO - [2024-06-06T16:31:45.665+0530] {dag.py:3954} INFO - Setting next_dagrun for example_branch_datetime_operator to 2024-06-05 00:00:00+00:00, run_after=2024-06-06 00:00:00+00:00
[2024-06-06T16:31:45.670+0530] {logging_mixin.py:188} INFO - [2024-06-06T16:31:45.670+0530] {dag.py:3954} INFO - Setting next_dagrun for example_branch_datetime_operator_2 to 2024-06-05 00:00:00+00:00, run_after=2024-06-06 00:00:00+00:00
[2024-06-06T16:31:45.673+0530] {logging_mixin.py:188} INFO - [2024-06-06T16:31:45.673+0530] {dag.py:3954} INFO - Setting next_dagrun for example_branch_datetime_operator_3 to 2024-06-05 00:00:00+00:00, run_after=2024-06-06 00:00:00+00:00
[2024-06-06T16:31:45.854+0530] {processor.py:183} INFO - Processing /home/wsl/airflow_venv/lib/python3.10/site-packages/airflow/example_dags/example_branch_datetime_operator.py took 0.261 seconds
[2024-06-06T16:33:45.529+0530] {processor.py:161} INFO - Started process (PID=57025) to work on /home/wsl/airflow_venv/lib/python3.10/site-packages/airflow/example_dags/example_branch_datetime_operator.py
[2024-06-06T16:33:45.531+0530] {processor.py:830} INFO - Processing file /home/wsl/airflow_venv/lib/python3.10/site-packages/airflow/example_dags/example_branch_datetime_operator.py for tasks to queue
[2024-06-06T16:33:45.533+0530] {logging_mixin.py:188} INFO - [2024-06-06T16:33:45.532+0530] {dagbag.py:540} INFO - Filling up the DagBag from /home/wsl/airflow_venv/lib/python3.10/site-packages/airflow/example_dags/example_branch_datetime_operator.py
[2024-06-06T16:33:45.553+0530] {processor.py:840} INFO - DAG(s) 'example_branch_datetime_operator_3', 'example_branch_datetime_operator_2', 'example_branch_datetime_operator' retrieved from /home/wsl/airflow_venv/lib/python3.10/site-packages/airflow/example_dags/example_branch_datetime_operator.py
[2024-06-06T16:33:45.578+0530] {logging_mixin.py:188} INFO - [2024-06-06T16:33:45.578+0530] {dag.py:3096} INFO - Sync 3 DAGs
[2024-06-06T16:33:45.598+0530] {logging_mixin.py:188} INFO - [2024-06-06T16:33:45.598+0530] {dag.py:3954} INFO - Setting next_dagrun for example_branch_datetime_operator to 2024-06-05 00:00:00+00:00, run_after=2024-06-06 00:00:00+00:00
[2024-06-06T16:33:45.603+0530] {logging_mixin.py:188} INFO - [2024-06-06T16:33:45.602+0530] {dag.py:3954} INFO - Setting next_dagrun for example_branch_datetime_operator_2 to 2024-06-05 00:00:00+00:00, run_after=2024-06-06 00:00:00+00:00
[2024-06-06T16:33:45.605+0530] {logging_mixin.py:188} INFO - [2024-06-06T16:33:45.605+0530] {dag.py:3954} INFO - Setting next_dagrun for example_branch_datetime_operator_3 to 2024-06-05 00:00:00+00:00, run_after=2024-06-06 00:00:00+00:00
[2024-06-06T16:33:45.630+0530] {processor.py:183} INFO - Processing /home/wsl/airflow_venv/lib/python3.10/site-packages/airflow/example_dags/example_branch_datetime_operator.py took 0.116 seconds
[2024-06-06T16:35:22.699+0530] {processor.py:161} INFO - Started process (PID=57968) to work on /home/wsl/airflow_venv/lib/python3.10/site-packages/airflow/example_dags/example_branch_datetime_operator.py
[2024-06-06T16:35:22.701+0530] {processor.py:830} INFO - Processing file /home/wsl/airflow_venv/lib/python3.10/site-packages/airflow/example_dags/example_branch_datetime_operator.py for tasks to queue
[2024-06-06T16:35:22.702+0530] {logging_mixin.py:188} INFO - [2024-06-06T16:35:22.702+0530] {dagbag.py:540} INFO - Filling up the DagBag from /home/wsl/airflow_venv/lib/python3.10/site-packages/airflow/example_dags/example_branch_datetime_operator.py
[2024-06-06T16:35:22.714+0530] {processor.py:840} INFO - DAG(s) 'example_branch_datetime_operator_2', 'example_branch_datetime_operator_3', 'example_branch_datetime_operator' retrieved from /home/wsl/airflow_venv/lib/python3.10/site-packages/airflow/example_dags/example_branch_datetime_operator.py
[2024-06-06T16:35:22.738+0530] {logging_mixin.py:188} INFO - [2024-06-06T16:35:22.737+0530] {dag.py:3096} INFO - Sync 3 DAGs
[2024-06-06T16:35:22.757+0530] {logging_mixin.py:188} INFO - [2024-06-06T16:35:22.757+0530] {dag.py:3954} INFO - Setting next_dagrun for example_branch_datetime_operator to 2024-06-05 00:00:00+00:00, run_after=2024-06-06 00:00:00+00:00
[2024-06-06T16:35:22.761+0530] {logging_mixin.py:188} INFO - [2024-06-06T16:35:22.761+0530] {dag.py:3954} INFO - Setting next_dagrun for example_branch_datetime_operator_2 to 2024-06-05 00:00:00+00:00, run_after=2024-06-06 00:00:00+00:00
[2024-06-06T16:35:22.764+0530] {logging_mixin.py:188} INFO - [2024-06-06T16:35:22.763+0530] {dag.py:3954} INFO - Setting next_dagrun for example_branch_datetime_operator_3 to 2024-06-05 00:00:00+00:00, run_after=2024-06-06 00:00:00+00:00
[2024-06-06T16:35:22.789+0530] {processor.py:183} INFO - Processing /home/wsl/airflow_venv/lib/python3.10/site-packages/airflow/example_dags/example_branch_datetime_operator.py took 0.101 seconds
[2024-06-06T16:37:40.121+0530] {processor.py:161} INFO - Started process (PID=59541) to work on /home/wsl/airflow_venv/lib/python3.10/site-packages/airflow/example_dags/example_branch_datetime_operator.py
[2024-06-06T16:37:40.123+0530] {processor.py:830} INFO - Processing file /home/wsl/airflow_venv/lib/python3.10/site-packages/airflow/example_dags/example_branch_datetime_operator.py for tasks to queue
[2024-06-06T16:37:40.125+0530] {logging_mixin.py:188} INFO - [2024-06-06T16:37:40.124+0530] {dagbag.py:540} INFO - Filling up the DagBag from /home/wsl/airflow_venv/lib/python3.10/site-packages/airflow/example_dags/example_branch_datetime_operator.py
[2024-06-06T16:37:40.141+0530] {processor.py:840} INFO - DAG(s) 'example_branch_datetime_operator_2', 'example_branch_datetime_operator', 'example_branch_datetime_operator_3' retrieved from /home/wsl/airflow_venv/lib/python3.10/site-packages/airflow/example_dags/example_branch_datetime_operator.py
[2024-06-06T16:37:40.169+0530] {logging_mixin.py:188} INFO - [2024-06-06T16:37:40.169+0530] {dag.py:3096} INFO - Sync 3 DAGs
[2024-06-06T16:37:40.189+0530] {logging_mixin.py:188} INFO - [2024-06-06T16:37:40.189+0530] {dag.py:3954} INFO - Setting next_dagrun for example_branch_datetime_operator to 2024-06-05 00:00:00+00:00, run_after=2024-06-06 00:00:00+00:00
[2024-06-06T16:37:40.196+0530] {logging_mixin.py:188} INFO - [2024-06-06T16:37:40.196+0530] {dag.py:3954} INFO - Setting next_dagrun for example_branch_datetime_operator_2 to 2024-06-05 00:00:00+00:00, run_after=2024-06-06 00:00:00+00:00
[2024-06-06T16:37:40.199+0530] {logging_mixin.py:188} INFO - [2024-06-06T16:37:40.199+0530] {dag.py:3954} INFO - Setting next_dagrun for example_branch_datetime_operator_3 to 2024-06-05 00:00:00+00:00, run_after=2024-06-06 00:00:00+00:00
[2024-06-06T16:37:40.229+0530] {processor.py:183} INFO - Processing /home/wsl/airflow_venv/lib/python3.10/site-packages/airflow/example_dags/example_branch_datetime_operator.py took 0.121 seconds
[2024-06-06T16:40:38.563+0530] {processor.py:161} INFO - Started process (PID=61584) to work on /home/wsl/airflow_venv/lib/python3.10/site-packages/airflow/example_dags/example_branch_datetime_operator.py
[2024-06-06T16:40:38.567+0530] {processor.py:830} INFO - Processing file /home/wsl/airflow_venv/lib/python3.10/site-packages/airflow/example_dags/example_branch_datetime_operator.py for tasks to queue
[2024-06-06T16:40:38.568+0530] {logging_mixin.py:188} INFO - [2024-06-06T16:40:38.568+0530] {dagbag.py:540} INFO - Filling up the DagBag from /home/wsl/airflow_venv/lib/python3.10/site-packages/airflow/example_dags/example_branch_datetime_operator.py
[2024-06-06T16:40:38.583+0530] {processor.py:840} INFO - DAG(s) 'example_branch_datetime_operator_2', 'example_branch_datetime_operator_3', 'example_branch_datetime_operator' retrieved from /home/wsl/airflow_venv/lib/python3.10/site-packages/airflow/example_dags/example_branch_datetime_operator.py
[2024-06-06T16:40:38.609+0530] {logging_mixin.py:188} INFO - [2024-06-06T16:40:38.609+0530] {dag.py:3096} INFO - Sync 3 DAGs
[2024-06-06T16:40:38.630+0530] {logging_mixin.py:188} INFO - [2024-06-06T16:40:38.629+0530] {dag.py:3954} INFO - Setting next_dagrun for example_branch_datetime_operator to 2024-06-05 00:00:00+00:00, run_after=2024-06-06 00:00:00+00:00
[2024-06-06T16:40:38.634+0530] {logging_mixin.py:188} INFO - [2024-06-06T16:40:38.634+0530] {dag.py:3954} INFO - Setting next_dagrun for example_branch_datetime_operator_2 to 2024-06-05 00:00:00+00:00, run_after=2024-06-06 00:00:00+00:00
[2024-06-06T16:40:38.636+0530] {logging_mixin.py:188} INFO - [2024-06-06T16:40:38.636+0530] {dag.py:3954} INFO - Setting next_dagrun for example_branch_datetime_operator_3 to 2024-06-05 00:00:00+00:00, run_after=2024-06-06 00:00:00+00:00
[2024-06-06T16:40:38.663+0530] {processor.py:183} INFO - Processing /home/wsl/airflow_venv/lib/python3.10/site-packages/airflow/example_dags/example_branch_datetime_operator.py took 0.117 seconds
[2024-06-06T16:42:35.816+0530] {processor.py:161} INFO - Started process (PID=62462) to work on /home/wsl/airflow_venv/lib/python3.10/site-packages/airflow/example_dags/example_branch_datetime_operator.py
[2024-06-06T16:42:35.819+0530] {processor.py:830} INFO - Processing file /home/wsl/airflow_venv/lib/python3.10/site-packages/airflow/example_dags/example_branch_datetime_operator.py for tasks to queue
[2024-06-06T16:42:35.821+0530] {logging_mixin.py:188} INFO - [2024-06-06T16:42:35.820+0530] {dagbag.py:540} INFO - Filling up the DagBag from /home/wsl/airflow_venv/lib/python3.10/site-packages/airflow/example_dags/example_branch_datetime_operator.py
[2024-06-06T16:42:35.847+0530] {processor.py:840} INFO - DAG(s) 'example_branch_datetime_operator_2', 'example_branch_datetime_operator', 'example_branch_datetime_operator_3' retrieved from /home/wsl/airflow_venv/lib/python3.10/site-packages/airflow/example_dags/example_branch_datetime_operator.py
[2024-06-06T16:42:35.881+0530] {logging_mixin.py:188} INFO - [2024-06-06T16:42:35.881+0530] {dag.py:3096} INFO - Sync 3 DAGs
[2024-06-06T16:42:35.908+0530] {logging_mixin.py:188} INFO - [2024-06-06T16:42:35.908+0530] {dag.py:3954} INFO - Setting next_dagrun for example_branch_datetime_operator to 2024-06-05 00:00:00+00:00, run_after=2024-06-06 00:00:00+00:00
[2024-06-06T16:42:35.912+0530] {logging_mixin.py:188} INFO - [2024-06-06T16:42:35.912+0530] {dag.py:3954} INFO - Setting next_dagrun for example_branch_datetime_operator_2 to 2024-06-05 00:00:00+00:00, run_after=2024-06-06 00:00:00+00:00
[2024-06-06T16:42:35.916+0530] {logging_mixin.py:188} INFO - [2024-06-06T16:42:35.915+0530] {dag.py:3954} INFO - Setting next_dagrun for example_branch_datetime_operator_3 to 2024-06-05 00:00:00+00:00, run_after=2024-06-06 00:00:00+00:00
[2024-06-06T16:42:35.949+0530] {processor.py:183} INFO - Processing /home/wsl/airflow_venv/lib/python3.10/site-packages/airflow/example_dags/example_branch_datetime_operator.py took 0.147 seconds
[2024-06-06T16:44:49.043+0530] {processor.py:161} INFO - Started process (PID=64089) to work on /home/wsl/airflow_venv/lib/python3.10/site-packages/airflow/example_dags/example_branch_datetime_operator.py
[2024-06-06T16:44:49.045+0530] {processor.py:830} INFO - Processing file /home/wsl/airflow_venv/lib/python3.10/site-packages/airflow/example_dags/example_branch_datetime_operator.py for tasks to queue
[2024-06-06T16:44:49.046+0530] {logging_mixin.py:188} INFO - [2024-06-06T16:44:49.046+0530] {dagbag.py:540} INFO - Filling up the DagBag from /home/wsl/airflow_venv/lib/python3.10/site-packages/airflow/example_dags/example_branch_datetime_operator.py
[2024-06-06T16:44:49.057+0530] {processor.py:840} INFO - DAG(s) 'example_branch_datetime_operator', 'example_branch_datetime_operator_3', 'example_branch_datetime_operator_2' retrieved from /home/wsl/airflow_venv/lib/python3.10/site-packages/airflow/example_dags/example_branch_datetime_operator.py
[2024-06-06T16:44:49.080+0530] {logging_mixin.py:188} INFO - [2024-06-06T16:44:49.080+0530] {dag.py:3096} INFO - Sync 3 DAGs
[2024-06-06T16:44:49.101+0530] {logging_mixin.py:188} INFO - [2024-06-06T16:44:49.101+0530] {dag.py:3954} INFO - Setting next_dagrun for example_branch_datetime_operator to 2024-06-05 00:00:00+00:00, run_after=2024-06-06 00:00:00+00:00
[2024-06-06T16:44:49.106+0530] {logging_mixin.py:188} INFO - [2024-06-06T16:44:49.106+0530] {dag.py:3954} INFO - Setting next_dagrun for example_branch_datetime_operator_2 to 2024-06-05 00:00:00+00:00, run_after=2024-06-06 00:00:00+00:00
[2024-06-06T16:44:49.108+0530] {logging_mixin.py:188} INFO - [2024-06-06T16:44:49.108+0530] {dag.py:3954} INFO - Setting next_dagrun for example_branch_datetime_operator_3 to 2024-06-05 00:00:00+00:00, run_after=2024-06-06 00:00:00+00:00
[2024-06-06T16:44:49.135+0530] {processor.py:183} INFO - Processing /home/wsl/airflow_venv/lib/python3.10/site-packages/airflow/example_dags/example_branch_datetime_operator.py took 0.098 seconds
[2024-06-06T16:47:25.232+0530] {processor.py:161} INFO - Started process (PID=65953) to work on /home/wsl/airflow_venv/lib/python3.10/site-packages/airflow/example_dags/example_branch_datetime_operator.py
[2024-06-06T16:47:25.235+0530] {processor.py:830} INFO - Processing file /home/wsl/airflow_venv/lib/python3.10/site-packages/airflow/example_dags/example_branch_datetime_operator.py for tasks to queue
[2024-06-06T16:47:25.237+0530] {logging_mixin.py:188} INFO - [2024-06-06T16:47:25.236+0530] {dagbag.py:540} INFO - Filling up the DagBag from /home/wsl/airflow_venv/lib/python3.10/site-packages/airflow/example_dags/example_branch_datetime_operator.py
[2024-06-06T16:47:25.256+0530] {processor.py:840} INFO - DAG(s) 'example_branch_datetime_operator_3', 'example_branch_datetime_operator_2', 'example_branch_datetime_operator' retrieved from /home/wsl/airflow_venv/lib/python3.10/site-packages/airflow/example_dags/example_branch_datetime_operator.py
[2024-06-06T16:47:25.279+0530] {logging_mixin.py:188} INFO - [2024-06-06T16:47:25.278+0530] {dag.py:3096} INFO - Sync 3 DAGs
[2024-06-06T16:47:25.298+0530] {logging_mixin.py:188} INFO - [2024-06-06T16:47:25.298+0530] {dag.py:3954} INFO - Setting next_dagrun for example_branch_datetime_operator to 2024-06-05 00:00:00+00:00, run_after=2024-06-06 00:00:00+00:00
[2024-06-06T16:47:25.303+0530] {logging_mixin.py:188} INFO - [2024-06-06T16:47:25.303+0530] {dag.py:3954} INFO - Setting next_dagrun for example_branch_datetime_operator_2 to 2024-06-05 00:00:00+00:00, run_after=2024-06-06 00:00:00+00:00
[2024-06-06T16:47:25.305+0530] {logging_mixin.py:188} INFO - [2024-06-06T16:47:25.305+0530] {dag.py:3954} INFO - Setting next_dagrun for example_branch_datetime_operator_3 to 2024-06-05 00:00:00+00:00, run_after=2024-06-06 00:00:00+00:00
[2024-06-06T16:47:25.333+0530] {processor.py:183} INFO - Processing /home/wsl/airflow_venv/lib/python3.10/site-packages/airflow/example_dags/example_branch_datetime_operator.py took 0.113 seconds
[2024-06-06T16:49:52.843+0530] {processor.py:161} INFO - Started process (PID=67591) to work on /home/wsl/airflow_venv/lib/python3.10/site-packages/airflow/example_dags/example_branch_datetime_operator.py
[2024-06-06T16:49:52.865+0530] {processor.py:830} INFO - Processing file /home/wsl/airflow_venv/lib/python3.10/site-packages/airflow/example_dags/example_branch_datetime_operator.py for tasks to queue
[2024-06-06T16:49:52.867+0530] {logging_mixin.py:188} INFO - [2024-06-06T16:49:52.866+0530] {dagbag.py:540} INFO - Filling up the DagBag from /home/wsl/airflow_venv/lib/python3.10/site-packages/airflow/example_dags/example_branch_datetime_operator.py
[2024-06-06T16:49:52.921+0530] {processor.py:840} INFO - DAG(s) 'example_branch_datetime_operator', 'example_branch_datetime_operator_2', 'example_branch_datetime_operator_3' retrieved from /home/wsl/airflow_venv/lib/python3.10/site-packages/airflow/example_dags/example_branch_datetime_operator.py
[2024-06-06T16:49:53.571+0530] {logging_mixin.py:188} INFO - [2024-06-06T16:49:53.570+0530] {dag.py:3096} INFO - Sync 3 DAGs
[2024-06-06T16:49:53.909+0530] {logging_mixin.py:188} INFO - [2024-06-06T16:49:53.909+0530] {dag.py:3954} INFO - Setting next_dagrun for example_branch_datetime_operator to 2024-06-05 00:00:00+00:00, run_after=2024-06-06 00:00:00+00:00
[2024-06-06T16:49:53.929+0530] {logging_mixin.py:188} INFO - [2024-06-06T16:49:53.928+0530] {dag.py:3954} INFO - Setting next_dagrun for example_branch_datetime_operator_2 to 2024-06-05 00:00:00+00:00, run_after=2024-06-06 00:00:00+00:00
[2024-06-06T16:49:53.957+0530] {logging_mixin.py:188} INFO - [2024-06-06T16:49:53.948+0530] {dag.py:3954} INFO - Setting next_dagrun for example_branch_datetime_operator_3 to 2024-06-05 00:00:00+00:00, run_after=2024-06-06 00:00:00+00:00
[2024-06-06T16:49:54.545+0530] {processor.py:183} INFO - Processing /home/wsl/airflow_venv/lib/python3.10/site-packages/airflow/example_dags/example_branch_datetime_operator.py took 1.723 seconds
[2024-06-06T16:52:47.305+0530] {processor.py:161} INFO - Started process (PID=69313) to work on /home/wsl/airflow_venv/lib/python3.10/site-packages/airflow/example_dags/example_branch_datetime_operator.py
[2024-06-06T16:52:47.313+0530] {processor.py:830} INFO - Processing file /home/wsl/airflow_venv/lib/python3.10/site-packages/airflow/example_dags/example_branch_datetime_operator.py for tasks to queue
[2024-06-06T16:52:47.315+0530] {logging_mixin.py:188} INFO - [2024-06-06T16:52:47.314+0530] {dagbag.py:540} INFO - Filling up the DagBag from /home/wsl/airflow_venv/lib/python3.10/site-packages/airflow/example_dags/example_branch_datetime_operator.py
[2024-06-06T16:52:47.329+0530] {processor.py:840} INFO - DAG(s) 'example_branch_datetime_operator_2', 'example_branch_datetime_operator_3', 'example_branch_datetime_operator' retrieved from /home/wsl/airflow_venv/lib/python3.10/site-packages/airflow/example_dags/example_branch_datetime_operator.py
[2024-06-06T16:52:47.352+0530] {logging_mixin.py:188} INFO - [2024-06-06T16:52:47.352+0530] {dag.py:3096} INFO - Sync 3 DAGs
[2024-06-06T16:52:47.373+0530] {logging_mixin.py:188} INFO - [2024-06-06T16:52:47.373+0530] {dag.py:3954} INFO - Setting next_dagrun for example_branch_datetime_operator to 2024-06-05 00:00:00+00:00, run_after=2024-06-06 00:00:00+00:00
[2024-06-06T16:52:47.377+0530] {logging_mixin.py:188} INFO - [2024-06-06T16:52:47.377+0530] {dag.py:3954} INFO - Setting next_dagrun for example_branch_datetime_operator_2 to 2024-06-05 00:00:00+00:00, run_after=2024-06-06 00:00:00+00:00
[2024-06-06T16:52:47.380+0530] {logging_mixin.py:188} INFO - [2024-06-06T16:52:47.380+0530] {dag.py:3954} INFO - Setting next_dagrun for example_branch_datetime_operator_3 to 2024-06-05 00:00:00+00:00, run_after=2024-06-06 00:00:00+00:00
[2024-06-06T16:52:47.406+0530] {processor.py:183} INFO - Processing /home/wsl/airflow_venv/lib/python3.10/site-packages/airflow/example_dags/example_branch_datetime_operator.py took 0.116 seconds
[2024-06-06T16:55:12.919+0530] {processor.py:161} INFO - Started process (PID=71076) to work on /home/wsl/airflow_venv/lib/python3.10/site-packages/airflow/example_dags/example_branch_datetime_operator.py
[2024-06-06T16:55:12.921+0530] {processor.py:830} INFO - Processing file /home/wsl/airflow_venv/lib/python3.10/site-packages/airflow/example_dags/example_branch_datetime_operator.py for tasks to queue
[2024-06-06T16:55:12.922+0530] {logging_mixin.py:188} INFO - [2024-06-06T16:55:12.922+0530] {dagbag.py:540} INFO - Filling up the DagBag from /home/wsl/airflow_venv/lib/python3.10/site-packages/airflow/example_dags/example_branch_datetime_operator.py
[2024-06-06T16:55:12.934+0530] {processor.py:840} INFO - DAG(s) 'example_branch_datetime_operator_2', 'example_branch_datetime_operator', 'example_branch_datetime_operator_3' retrieved from /home/wsl/airflow_venv/lib/python3.10/site-packages/airflow/example_dags/example_branch_datetime_operator.py
[2024-06-06T16:55:12.958+0530] {logging_mixin.py:188} INFO - [2024-06-06T16:55:12.958+0530] {dag.py:3096} INFO - Sync 3 DAGs
[2024-06-06T16:55:12.979+0530] {logging_mixin.py:188} INFO - [2024-06-06T16:55:12.978+0530] {dag.py:3954} INFO - Setting next_dagrun for example_branch_datetime_operator to 2024-06-05 00:00:00+00:00, run_after=2024-06-06 00:00:00+00:00
[2024-06-06T16:55:12.983+0530] {logging_mixin.py:188} INFO - [2024-06-06T16:55:12.982+0530] {dag.py:3954} INFO - Setting next_dagrun for example_branch_datetime_operator_2 to 2024-06-05 00:00:00+00:00, run_after=2024-06-06 00:00:00+00:00
[2024-06-06T16:55:12.986+0530] {logging_mixin.py:188} INFO - [2024-06-06T16:55:12.986+0530] {dag.py:3954} INFO - Setting next_dagrun for example_branch_datetime_operator_3 to 2024-06-05 00:00:00+00:00, run_after=2024-06-06 00:00:00+00:00
[2024-06-06T16:55:13.010+0530] {processor.py:183} INFO - Processing /home/wsl/airflow_venv/lib/python3.10/site-packages/airflow/example_dags/example_branch_datetime_operator.py took 0.104 seconds
[2024-06-06T16:57:06.503+0530] {processor.py:161} INFO - Started process (PID=72500) to work on /home/wsl/airflow_venv/lib/python3.10/site-packages/airflow/example_dags/example_branch_datetime_operator.py
[2024-06-06T16:57:06.505+0530] {processor.py:830} INFO - Processing file /home/wsl/airflow_venv/lib/python3.10/site-packages/airflow/example_dags/example_branch_datetime_operator.py for tasks to queue
[2024-06-06T16:57:06.506+0530] {logging_mixin.py:188} INFO - [2024-06-06T16:57:06.506+0530] {dagbag.py:540} INFO - Filling up the DagBag from /home/wsl/airflow_venv/lib/python3.10/site-packages/airflow/example_dags/example_branch_datetime_operator.py
[2024-06-06T16:57:06.518+0530] {processor.py:840} INFO - DAG(s) 'example_branch_datetime_operator_2', 'example_branch_datetime_operator_3', 'example_branch_datetime_operator' retrieved from /home/wsl/airflow_venv/lib/python3.10/site-packages/airflow/example_dags/example_branch_datetime_operator.py
[2024-06-06T16:57:06.543+0530] {logging_mixin.py:188} INFO - [2024-06-06T16:57:06.543+0530] {dag.py:3096} INFO - Sync 3 DAGs
[2024-06-06T16:57:06.562+0530] {logging_mixin.py:188} INFO - [2024-06-06T16:57:06.562+0530] {dag.py:3954} INFO - Setting next_dagrun for example_branch_datetime_operator to 2024-06-05 00:00:00+00:00, run_after=2024-06-06 00:00:00+00:00
[2024-06-06T16:57:06.567+0530] {logging_mixin.py:188} INFO - [2024-06-06T16:57:06.567+0530] {dag.py:3954} INFO - Setting next_dagrun for example_branch_datetime_operator_2 to 2024-06-05 00:00:00+00:00, run_after=2024-06-06 00:00:00+00:00
[2024-06-06T16:57:06.570+0530] {logging_mixin.py:188} INFO - [2024-06-06T16:57:06.569+0530] {dag.py:3954} INFO - Setting next_dagrun for example_branch_datetime_operator_3 to 2024-06-05 00:00:00+00:00, run_after=2024-06-06 00:00:00+00:00
[2024-06-06T16:57:06.932+0530] {processor.py:183} INFO - Processing /home/wsl/airflow_venv/lib/python3.10/site-packages/airflow/example_dags/example_branch_datetime_operator.py took 0.436 seconds
[2024-06-06T16:59:41.942+0530] {processor.py:161} INFO - Started process (PID=74298) to work on /home/wsl/airflow_venv/lib/python3.10/site-packages/airflow/example_dags/example_branch_datetime_operator.py
[2024-06-06T16:59:41.945+0530] {processor.py:830} INFO - Processing file /home/wsl/airflow_venv/lib/python3.10/site-packages/airflow/example_dags/example_branch_datetime_operator.py for tasks to queue
[2024-06-06T16:59:41.946+0530] {logging_mixin.py:188} INFO - [2024-06-06T16:59:41.946+0530] {dagbag.py:540} INFO - Filling up the DagBag from /home/wsl/airflow_venv/lib/python3.10/site-packages/airflow/example_dags/example_branch_datetime_operator.py
[2024-06-06T16:59:41.966+0530] {processor.py:840} INFO - DAG(s) 'example_branch_datetime_operator_3', 'example_branch_datetime_operator', 'example_branch_datetime_operator_2' retrieved from /home/wsl/airflow_venv/lib/python3.10/site-packages/airflow/example_dags/example_branch_datetime_operator.py
[2024-06-06T16:59:42.000+0530] {logging_mixin.py:188} INFO - [2024-06-06T16:59:42.000+0530] {dag.py:3096} INFO - Sync 3 DAGs
[2024-06-06T16:59:42.024+0530] {logging_mixin.py:188} INFO - [2024-06-06T16:59:42.024+0530] {dag.py:3954} INFO - Setting next_dagrun for example_branch_datetime_operator to 2024-06-05 00:00:00+00:00, run_after=2024-06-06 00:00:00+00:00
[2024-06-06T16:59:42.029+0530] {logging_mixin.py:188} INFO - [2024-06-06T16:59:42.028+0530] {dag.py:3954} INFO - Setting next_dagrun for example_branch_datetime_operator_2 to 2024-06-05 00:00:00+00:00, run_after=2024-06-06 00:00:00+00:00
[2024-06-06T16:59:42.031+0530] {logging_mixin.py:188} INFO - [2024-06-06T16:59:42.031+0530] {dag.py:3954} INFO - Setting next_dagrun for example_branch_datetime_operator_3 to 2024-06-05 00:00:00+00:00, run_after=2024-06-06 00:00:00+00:00
[2024-06-06T16:59:42.063+0530] {processor.py:183} INFO - Processing /home/wsl/airflow_venv/lib/python3.10/site-packages/airflow/example_dags/example_branch_datetime_operator.py took 0.138 seconds
[2024-06-06T17:01:46.678+0530] {processor.py:161} INFO - Started process (PID=75956) to work on /home/wsl/airflow_venv/lib/python3.10/site-packages/airflow/example_dags/example_branch_datetime_operator.py
[2024-06-06T17:01:46.680+0530] {processor.py:830} INFO - Processing file /home/wsl/airflow_venv/lib/python3.10/site-packages/airflow/example_dags/example_branch_datetime_operator.py for tasks to queue
[2024-06-06T17:01:46.681+0530] {logging_mixin.py:188} INFO - [2024-06-06T17:01:46.681+0530] {dagbag.py:540} INFO - Filling up the DagBag from /home/wsl/airflow_venv/lib/python3.10/site-packages/airflow/example_dags/example_branch_datetime_operator.py
[2024-06-06T17:01:46.703+0530] {processor.py:840} INFO - DAG(s) 'example_branch_datetime_operator', 'example_branch_datetime_operator_2', 'example_branch_datetime_operator_3' retrieved from /home/wsl/airflow_venv/lib/python3.10/site-packages/airflow/example_dags/example_branch_datetime_operator.py
[2024-06-06T17:01:46.741+0530] {logging_mixin.py:188} INFO - [2024-06-06T17:01:46.741+0530] {dag.py:3096} INFO - Sync 3 DAGs
[2024-06-06T17:01:46.764+0530] {logging_mixin.py:188} INFO - [2024-06-06T17:01:46.764+0530] {dag.py:3954} INFO - Setting next_dagrun for example_branch_datetime_operator to 2024-06-05 00:00:00+00:00, run_after=2024-06-06 00:00:00+00:00
[2024-06-06T17:01:46.769+0530] {logging_mixin.py:188} INFO - [2024-06-06T17:01:46.769+0530] {dag.py:3954} INFO - Setting next_dagrun for example_branch_datetime_operator_2 to 2024-06-05 00:00:00+00:00, run_after=2024-06-06 00:00:00+00:00
[2024-06-06T17:01:46.772+0530] {logging_mixin.py:188} INFO - [2024-06-06T17:01:46.772+0530] {dag.py:3954} INFO - Setting next_dagrun for example_branch_datetime_operator_3 to 2024-06-05 00:00:00+00:00, run_after=2024-06-06 00:00:00+00:00
[2024-06-06T17:01:46.800+0530] {processor.py:183} INFO - Processing /home/wsl/airflow_venv/lib/python3.10/site-packages/airflow/example_dags/example_branch_datetime_operator.py took 0.131 seconds
[2024-06-06T17:03:48.209+0530] {processor.py:161} INFO - Started process (PID=77486) to work on /home/wsl/airflow_venv/lib/python3.10/site-packages/airflow/example_dags/example_branch_datetime_operator.py
[2024-06-06T17:03:48.211+0530] {processor.py:830} INFO - Processing file /home/wsl/airflow_venv/lib/python3.10/site-packages/airflow/example_dags/example_branch_datetime_operator.py for tasks to queue
[2024-06-06T17:03:48.212+0530] {logging_mixin.py:188} INFO - [2024-06-06T17:03:48.212+0530] {dagbag.py:540} INFO - Filling up the DagBag from /home/wsl/airflow_venv/lib/python3.10/site-packages/airflow/example_dags/example_branch_datetime_operator.py
[2024-06-06T17:03:48.232+0530] {processor.py:840} INFO - DAG(s) 'example_branch_datetime_operator', 'example_branch_datetime_operator_2', 'example_branch_datetime_operator_3' retrieved from /home/wsl/airflow_venv/lib/python3.10/site-packages/airflow/example_dags/example_branch_datetime_operator.py
[2024-06-06T17:03:48.269+0530] {logging_mixin.py:188} INFO - [2024-06-06T17:03:48.269+0530] {dag.py:3096} INFO - Sync 3 DAGs
[2024-06-06T17:03:48.291+0530] {logging_mixin.py:188} INFO - [2024-06-06T17:03:48.291+0530] {dag.py:3954} INFO - Setting next_dagrun for example_branch_datetime_operator to 2024-06-05 00:00:00+00:00, run_after=2024-06-06 00:00:00+00:00
[2024-06-06T17:03:48.295+0530] {logging_mixin.py:188} INFO - [2024-06-06T17:03:48.295+0530] {dag.py:3954} INFO - Setting next_dagrun for example_branch_datetime_operator_2 to 2024-06-05 00:00:00+00:00, run_after=2024-06-06 00:00:00+00:00
[2024-06-06T17:03:48.298+0530] {logging_mixin.py:188} INFO - [2024-06-06T17:03:48.298+0530] {dag.py:3954} INFO - Setting next_dagrun for example_branch_datetime_operator_3 to 2024-06-05 00:00:00+00:00, run_after=2024-06-06 00:00:00+00:00
[2024-06-06T17:03:48.324+0530] {processor.py:183} INFO - Processing /home/wsl/airflow_venv/lib/python3.10/site-packages/airflow/example_dags/example_branch_datetime_operator.py took 0.128 seconds
[2024-06-06T17:05:51.698+0530] {processor.py:161} INFO - Started process (PID=79046) to work on /home/wsl/airflow_venv/lib/python3.10/site-packages/airflow/example_dags/example_branch_datetime_operator.py
[2024-06-06T17:05:51.700+0530] {processor.py:830} INFO - Processing file /home/wsl/airflow_venv/lib/python3.10/site-packages/airflow/example_dags/example_branch_datetime_operator.py for tasks to queue
[2024-06-06T17:05:51.702+0530] {logging_mixin.py:188} INFO - [2024-06-06T17:05:51.701+0530] {dagbag.py:540} INFO - Filling up the DagBag from /home/wsl/airflow_venv/lib/python3.10/site-packages/airflow/example_dags/example_branch_datetime_operator.py
[2024-06-06T17:05:51.714+0530] {processor.py:840} INFO - DAG(s) 'example_branch_datetime_operator_3', 'example_branch_datetime_operator', 'example_branch_datetime_operator_2' retrieved from /home/wsl/airflow_venv/lib/python3.10/site-packages/airflow/example_dags/example_branch_datetime_operator.py
[2024-06-06T17:05:51.737+0530] {logging_mixin.py:188} INFO - [2024-06-06T17:05:51.737+0530] {dag.py:3096} INFO - Sync 3 DAGs
[2024-06-06T17:05:51.757+0530] {logging_mixin.py:188} INFO - [2024-06-06T17:05:51.756+0530] {dag.py:3954} INFO - Setting next_dagrun for example_branch_datetime_operator to 2024-06-05 00:00:00+00:00, run_after=2024-06-06 00:00:00+00:00
[2024-06-06T17:05:51.761+0530] {logging_mixin.py:188} INFO - [2024-06-06T17:05:51.760+0530] {dag.py:3954} INFO - Setting next_dagrun for example_branch_datetime_operator_2 to 2024-06-05 00:00:00+00:00, run_after=2024-06-06 00:00:00+00:00
[2024-06-06T17:05:51.763+0530] {logging_mixin.py:188} INFO - [2024-06-06T17:05:51.763+0530] {dag.py:3954} INFO - Setting next_dagrun for example_branch_datetime_operator_3 to 2024-06-05 00:00:00+00:00, run_after=2024-06-06 00:00:00+00:00
[2024-06-06T17:05:51.789+0530] {processor.py:183} INFO - Processing /home/wsl/airflow_venv/lib/python3.10/site-packages/airflow/example_dags/example_branch_datetime_operator.py took 0.102 seconds
[2024-06-06T17:07:48.645+0530] {processor.py:161} INFO - Started process (PID=80598) to work on /home/wsl/airflow_venv/lib/python3.10/site-packages/airflow/example_dags/example_branch_datetime_operator.py
[2024-06-06T17:07:48.648+0530] {processor.py:830} INFO - Processing file /home/wsl/airflow_venv/lib/python3.10/site-packages/airflow/example_dags/example_branch_datetime_operator.py for tasks to queue
[2024-06-06T17:07:48.649+0530] {logging_mixin.py:188} INFO - [2024-06-06T17:07:48.649+0530] {dagbag.py:540} INFO - Filling up the DagBag from /home/wsl/airflow_venv/lib/python3.10/site-packages/airflow/example_dags/example_branch_datetime_operator.py
[2024-06-06T17:07:48.671+0530] {processor.py:840} INFO - DAG(s) 'example_branch_datetime_operator', 'example_branch_datetime_operator_2', 'example_branch_datetime_operator_3' retrieved from /home/wsl/airflow_venv/lib/python3.10/site-packages/airflow/example_dags/example_branch_datetime_operator.py
[2024-06-06T17:07:48.707+0530] {logging_mixin.py:188} INFO - [2024-06-06T17:07:48.707+0530] {dag.py:3096} INFO - Sync 3 DAGs
[2024-06-06T17:07:48.746+0530] {logging_mixin.py:188} INFO - [2024-06-06T17:07:48.746+0530] {dag.py:3954} INFO - Setting next_dagrun for example_branch_datetime_operator to 2024-06-05 00:00:00+00:00, run_after=2024-06-06 00:00:00+00:00
[2024-06-06T17:07:48.757+0530] {logging_mixin.py:188} INFO - [2024-06-06T17:07:48.754+0530] {dag.py:3954} INFO - Setting next_dagrun for example_branch_datetime_operator_2 to 2024-06-05 00:00:00+00:00, run_after=2024-06-06 00:00:00+00:00
[2024-06-06T17:07:48.763+0530] {logging_mixin.py:188} INFO - [2024-06-06T17:07:48.762+0530] {dag.py:3954} INFO - Setting next_dagrun for example_branch_datetime_operator_3 to 2024-06-05 00:00:00+00:00, run_after=2024-06-06 00:00:00+00:00
[2024-06-06T17:07:48.799+0530] {processor.py:183} INFO - Processing /home/wsl/airflow_venv/lib/python3.10/site-packages/airflow/example_dags/example_branch_datetime_operator.py took 0.169 seconds
[2024-06-06T17:10:03.001+0530] {processor.py:161} INFO - Started process (PID=82349) to work on /home/wsl/airflow_venv/lib/python3.10/site-packages/airflow/example_dags/example_branch_datetime_operator.py
[2024-06-06T17:10:03.005+0530] {processor.py:830} INFO - Processing file /home/wsl/airflow_venv/lib/python3.10/site-packages/airflow/example_dags/example_branch_datetime_operator.py for tasks to queue
[2024-06-06T17:10:03.015+0530] {logging_mixin.py:188} INFO - [2024-06-06T17:10:03.014+0530] {dagbag.py:540} INFO - Filling up the DagBag from /home/wsl/airflow_venv/lib/python3.10/site-packages/airflow/example_dags/example_branch_datetime_operator.py
[2024-06-06T17:10:03.048+0530] {processor.py:840} INFO - DAG(s) 'example_branch_datetime_operator', 'example_branch_datetime_operator_2', 'example_branch_datetime_operator_3' retrieved from /home/wsl/airflow_venv/lib/python3.10/site-packages/airflow/example_dags/example_branch_datetime_operator.py
[2024-06-06T17:10:03.093+0530] {logging_mixin.py:188} INFO - [2024-06-06T17:10:03.092+0530] {dag.py:3096} INFO - Sync 3 DAGs
[2024-06-06T17:10:03.127+0530] {logging_mixin.py:188} INFO - [2024-06-06T17:10:03.127+0530] {dag.py:3954} INFO - Setting next_dagrun for example_branch_datetime_operator to 2024-06-05 00:00:00+00:00, run_after=2024-06-06 00:00:00+00:00
[2024-06-06T17:10:03.132+0530] {logging_mixin.py:188} INFO - [2024-06-06T17:10:03.132+0530] {dag.py:3954} INFO - Setting next_dagrun for example_branch_datetime_operator_2 to 2024-06-05 00:00:00+00:00, run_after=2024-06-06 00:00:00+00:00
[2024-06-06T17:10:03.139+0530] {logging_mixin.py:188} INFO - [2024-06-06T17:10:03.138+0530] {dag.py:3954} INFO - Setting next_dagrun for example_branch_datetime_operator_3 to 2024-06-05 00:00:00+00:00, run_after=2024-06-06 00:00:00+00:00
[2024-06-06T17:10:03.166+0530] {processor.py:183} INFO - Processing /home/wsl/airflow_venv/lib/python3.10/site-packages/airflow/example_dags/example_branch_datetime_operator.py took 0.185 seconds
[2024-06-06T17:12:29.326+0530] {processor.py:161} INFO - Started process (PID=84161) to work on /home/wsl/airflow_venv/lib/python3.10/site-packages/airflow/example_dags/example_branch_datetime_operator.py
[2024-06-06T17:12:29.328+0530] {processor.py:830} INFO - Processing file /home/wsl/airflow_venv/lib/python3.10/site-packages/airflow/example_dags/example_branch_datetime_operator.py for tasks to queue
[2024-06-06T17:12:29.330+0530] {logging_mixin.py:188} INFO - [2024-06-06T17:12:29.329+0530] {dagbag.py:540} INFO - Filling up the DagBag from /home/wsl/airflow_venv/lib/python3.10/site-packages/airflow/example_dags/example_branch_datetime_operator.py
[2024-06-06T17:12:29.342+0530] {processor.py:840} INFO - DAG(s) 'example_branch_datetime_operator_2', 'example_branch_datetime_operator_3', 'example_branch_datetime_operator' retrieved from /home/wsl/airflow_venv/lib/python3.10/site-packages/airflow/example_dags/example_branch_datetime_operator.py
[2024-06-06T17:12:29.369+0530] {logging_mixin.py:188} INFO - [2024-06-06T17:12:29.368+0530] {dag.py:3096} INFO - Sync 3 DAGs
[2024-06-06T17:12:29.390+0530] {logging_mixin.py:188} INFO - [2024-06-06T17:12:29.390+0530] {dag.py:3954} INFO - Setting next_dagrun for example_branch_datetime_operator to 2024-06-05 00:00:00+00:00, run_after=2024-06-06 00:00:00+00:00
[2024-06-06T17:12:29.395+0530] {logging_mixin.py:188} INFO - [2024-06-06T17:12:29.394+0530] {dag.py:3954} INFO - Setting next_dagrun for example_branch_datetime_operator_2 to 2024-06-05 00:00:00+00:00, run_after=2024-06-06 00:00:00+00:00
[2024-06-06T17:12:29.398+0530] {logging_mixin.py:188} INFO - [2024-06-06T17:12:29.398+0530] {dag.py:3954} INFO - Setting next_dagrun for example_branch_datetime_operator_3 to 2024-06-05 00:00:00+00:00, run_after=2024-06-06 00:00:00+00:00
[2024-06-06T17:12:29.425+0530] {processor.py:183} INFO - Processing /home/wsl/airflow_venv/lib/python3.10/site-packages/airflow/example_dags/example_branch_datetime_operator.py took 0.109 seconds
