[2024-06-06T15:50:37.619+0530] {processor.py:161} INFO - Started process (PID=33732) to work on /home/wsl/airflow_venv/lib/python3.10/site-packages/airflow/example_dags/example_short_circuit_decorator.py
[2024-06-06T15:50:37.621+0530] {processor.py:830} INFO - Processing file /home/wsl/airflow_venv/lib/python3.10/site-packages/airflow/example_dags/example_short_circuit_decorator.py for tasks to queue
[2024-06-06T15:50:37.622+0530] {logging_mixin.py:188} INFO - [2024-06-06T15:50:37.621+0530] {dagbag.py:540} INFO - Filling up the DagBag from /home/wsl/airflow_venv/lib/python3.10/site-packages/airflow/example_dags/example_short_circuit_decorator.py
[2024-06-06T15:50:37.643+0530] {processor.py:840} INFO - DAG(s) 'example_short_circuit_decorator' retrieved from /home/wsl/airflow_venv/lib/python3.10/site-packages/airflow/example_dags/example_short_circuit_decorator.py
[2024-06-06T15:50:37.741+0530] {logging_mixin.py:188} INFO - [2024-06-06T15:50:37.740+0530] {dag.py:3096} INFO - Sync 1 DAGs
[2024-06-06T15:50:37.757+0530] {logging_mixin.py:188} INFO - [2024-06-06T15:50:37.757+0530] {dag.py:3954} INFO - Setting next_dagrun for example_short_circuit_decorator to 2024-06-05 00:00:00+00:00, run_after=2024-06-06 00:00:00+00:00
[2024-06-06T15:50:37.871+0530] {processor.py:183} INFO - Processing /home/wsl/airflow_venv/lib/python3.10/site-packages/airflow/example_dags/example_short_circuit_decorator.py took 0.265 seconds
[2024-06-06T15:51:51.265+0530] {processor.py:161} INFO - Started process (PID=34464) to work on /home/wsl/airflow_venv/lib/python3.10/site-packages/airflow/example_dags/example_short_circuit_decorator.py
[2024-06-06T15:51:51.267+0530] {processor.py:830} INFO - Processing file /home/wsl/airflow_venv/lib/python3.10/site-packages/airflow/example_dags/example_short_circuit_decorator.py for tasks to queue
[2024-06-06T15:51:51.270+0530] {logging_mixin.py:188} INFO - [2024-06-06T15:51:51.269+0530] {dagbag.py:540} INFO - Filling up the DagBag from /home/wsl/airflow_venv/lib/python3.10/site-packages/airflow/example_dags/example_short_circuit_decorator.py
[2024-06-06T15:51:51.292+0530] {processor.py:840} INFO - DAG(s) 'example_short_circuit_decorator' retrieved from /home/wsl/airflow_venv/lib/python3.10/site-packages/airflow/example_dags/example_short_circuit_decorator.py
[2024-06-06T15:51:51.315+0530] {logging_mixin.py:188} INFO - [2024-06-06T15:51:51.315+0530] {dag.py:3096} INFO - Sync 1 DAGs
[2024-06-06T15:51:51.337+0530] {logging_mixin.py:188} INFO - [2024-06-06T15:51:51.337+0530] {dag.py:3954} INFO - Setting next_dagrun for example_short_circuit_decorator to 2024-06-05 00:00:00+00:00, run_after=2024-06-06 00:00:00+00:00
[2024-06-06T15:51:51.364+0530] {processor.py:183} INFO - Processing /home/wsl/airflow_venv/lib/python3.10/site-packages/airflow/example_dags/example_short_circuit_decorator.py took 0.109 seconds
[2024-06-06T15:53:41.608+0530] {processor.py:161} INFO - Started process (PID=35541) to work on /home/wsl/airflow_venv/lib/python3.10/site-packages/airflow/example_dags/example_short_circuit_decorator.py
[2024-06-06T15:53:41.916+0530] {processor.py:830} INFO - Processing file /home/wsl/airflow_venv/lib/python3.10/site-packages/airflow/example_dags/example_short_circuit_decorator.py for tasks to queue
[2024-06-06T15:53:41.919+0530] {logging_mixin.py:188} INFO - [2024-06-06T15:53:41.917+0530] {dagbag.py:540} INFO - Filling up the DagBag from /home/wsl/airflow_venv/lib/python3.10/site-packages/airflow/example_dags/example_short_circuit_decorator.py
[2024-06-06T15:53:41.943+0530] {processor.py:840} INFO - DAG(s) 'example_short_circuit_decorator' retrieved from /home/wsl/airflow_venv/lib/python3.10/site-packages/airflow/example_dags/example_short_circuit_decorator.py
[2024-06-06T15:53:47.690+0530] {logging_mixin.py:188} INFO - [2024-06-06T15:53:47.690+0530] {dag.py:3096} INFO - Sync 1 DAGs
[2024-06-06T15:53:47.717+0530] {logging_mixin.py:188} INFO - [2024-06-06T15:53:47.716+0530] {dag.py:3954} INFO - Setting next_dagrun for example_short_circuit_decorator to 2024-06-05 00:00:00+00:00, run_after=2024-06-06 00:00:00+00:00
[2024-06-06T15:53:47.770+0530] {processor.py:183} INFO - Processing /home/wsl/airflow_venv/lib/python3.10/site-packages/airflow/example_dags/example_short_circuit_decorator.py took 6.193 seconds
[2024-06-06T15:56:34.836+0530] {processor.py:161} INFO - Started process (PID=37170) to work on /home/wsl/airflow_venv/lib/python3.10/site-packages/airflow/example_dags/example_short_circuit_decorator.py
[2024-06-06T15:56:34.839+0530] {processor.py:830} INFO - Processing file /home/wsl/airflow_venv/lib/python3.10/site-packages/airflow/example_dags/example_short_circuit_decorator.py for tasks to queue
[2024-06-06T15:56:34.840+0530] {logging_mixin.py:188} INFO - [2024-06-06T15:56:34.839+0530] {dagbag.py:540} INFO - Filling up the DagBag from /home/wsl/airflow_venv/lib/python3.10/site-packages/airflow/example_dags/example_short_circuit_decorator.py
[2024-06-06T15:56:34.853+0530] {processor.py:840} INFO - DAG(s) 'example_short_circuit_decorator' retrieved from /home/wsl/airflow_venv/lib/python3.10/site-packages/airflow/example_dags/example_short_circuit_decorator.py
[2024-06-06T15:56:34.880+0530] {logging_mixin.py:188} INFO - [2024-06-06T15:56:34.879+0530] {dag.py:3096} INFO - Sync 1 DAGs
[2024-06-06T15:56:34.907+0530] {logging_mixin.py:188} INFO - [2024-06-06T15:56:34.907+0530] {dag.py:3954} INFO - Setting next_dagrun for example_short_circuit_decorator to 2024-06-05 00:00:00+00:00, run_after=2024-06-06 00:00:00+00:00
[2024-06-06T15:56:34.945+0530] {processor.py:183} INFO - Processing /home/wsl/airflow_venv/lib/python3.10/site-packages/airflow/example_dags/example_short_circuit_decorator.py took 0.118 seconds
[2024-06-06T15:58:03.770+0530] {processor.py:161} INFO - Started process (PID=37909) to work on /home/wsl/airflow_venv/lib/python3.10/site-packages/airflow/example_dags/example_short_circuit_decorator.py
[2024-06-06T15:58:03.772+0530] {processor.py:830} INFO - Processing file /home/wsl/airflow_venv/lib/python3.10/site-packages/airflow/example_dags/example_short_circuit_decorator.py for tasks to queue
[2024-06-06T15:58:03.773+0530] {logging_mixin.py:188} INFO - [2024-06-06T15:58:03.773+0530] {dagbag.py:540} INFO - Filling up the DagBag from /home/wsl/airflow_venv/lib/python3.10/site-packages/airflow/example_dags/example_short_circuit_decorator.py
[2024-06-06T15:58:03.784+0530] {processor.py:840} INFO - DAG(s) 'example_short_circuit_decorator' retrieved from /home/wsl/airflow_venv/lib/python3.10/site-packages/airflow/example_dags/example_short_circuit_decorator.py
[2024-06-06T15:58:03.806+0530] {logging_mixin.py:188} INFO - [2024-06-06T15:58:03.806+0530] {dag.py:3096} INFO - Sync 1 DAGs
[2024-06-06T15:58:03.828+0530] {logging_mixin.py:188} INFO - [2024-06-06T15:58:03.827+0530] {dag.py:3954} INFO - Setting next_dagrun for example_short_circuit_decorator to 2024-06-05 00:00:00+00:00, run_after=2024-06-06 00:00:00+00:00
[2024-06-06T15:58:03.854+0530] {processor.py:183} INFO - Processing /home/wsl/airflow_venv/lib/python3.10/site-packages/airflow/example_dags/example_short_circuit_decorator.py took 0.091 seconds
[2024-06-06T15:59:22.591+0530] {processor.py:161} INFO - Started process (PID=38442) to work on /home/wsl/airflow_venv/lib/python3.10/site-packages/airflow/example_dags/example_short_circuit_decorator.py
[2024-06-06T15:59:22.594+0530] {processor.py:830} INFO - Processing file /home/wsl/airflow_venv/lib/python3.10/site-packages/airflow/example_dags/example_short_circuit_decorator.py for tasks to queue
[2024-06-06T15:59:22.596+0530] {logging_mixin.py:188} INFO - [2024-06-06T15:59:22.595+0530] {dagbag.py:540} INFO - Filling up the DagBag from /home/wsl/airflow_venv/lib/python3.10/site-packages/airflow/example_dags/example_short_circuit_decorator.py
[2024-06-06T15:59:22.614+0530] {processor.py:840} INFO - DAG(s) 'example_short_circuit_decorator' retrieved from /home/wsl/airflow_venv/lib/python3.10/site-packages/airflow/example_dags/example_short_circuit_decorator.py
[2024-06-06T15:59:22.649+0530] {logging_mixin.py:188} INFO - [2024-06-06T15:59:22.649+0530] {dag.py:3096} INFO - Sync 1 DAGs
[2024-06-06T15:59:22.687+0530] {logging_mixin.py:188} INFO - [2024-06-06T15:59:22.687+0530] {dag.py:3954} INFO - Setting next_dagrun for example_short_circuit_decorator to 2024-06-05 00:00:00+00:00, run_after=2024-06-06 00:00:00+00:00
[2024-06-06T15:59:22.722+0530] {processor.py:183} INFO - Processing /home/wsl/airflow_venv/lib/python3.10/site-packages/airflow/example_dags/example_short_circuit_decorator.py took 0.142 seconds
[2024-06-06T16:00:26.923+0530] {processor.py:161} INFO - Started process (PID=39158) to work on /home/wsl/airflow_venv/lib/python3.10/site-packages/airflow/example_dags/example_short_circuit_decorator.py
[2024-06-06T16:00:26.925+0530] {processor.py:830} INFO - Processing file /home/wsl/airflow_venv/lib/python3.10/site-packages/airflow/example_dags/example_short_circuit_decorator.py for tasks to queue
[2024-06-06T16:00:26.926+0530] {logging_mixin.py:188} INFO - [2024-06-06T16:00:26.926+0530] {dagbag.py:540} INFO - Filling up the DagBag from /home/wsl/airflow_venv/lib/python3.10/site-packages/airflow/example_dags/example_short_circuit_decorator.py
[2024-06-06T16:00:26.939+0530] {processor.py:840} INFO - DAG(s) 'example_short_circuit_decorator' retrieved from /home/wsl/airflow_venv/lib/python3.10/site-packages/airflow/example_dags/example_short_circuit_decorator.py
[2024-06-06T16:00:26.964+0530] {logging_mixin.py:188} INFO - [2024-06-06T16:00:26.963+0530] {dag.py:3096} INFO - Sync 1 DAGs
[2024-06-06T16:00:26.991+0530] {logging_mixin.py:188} INFO - [2024-06-06T16:00:26.991+0530] {dag.py:3954} INFO - Setting next_dagrun for example_short_circuit_decorator to 2024-06-05 00:00:00+00:00, run_after=2024-06-06 00:00:00+00:00
[2024-06-06T16:00:27.026+0530] {processor.py:183} INFO - Processing /home/wsl/airflow_venv/lib/python3.10/site-packages/airflow/example_dags/example_short_circuit_decorator.py took 0.116 seconds
[2024-06-06T16:06:29.303+0530] {processor.py:161} INFO - Started process (PID=41596) to work on /home/wsl/airflow_venv/lib/python3.10/site-packages/airflow/example_dags/example_short_circuit_decorator.py
[2024-06-06T16:06:29.305+0530] {processor.py:830} INFO - Processing file /home/wsl/airflow_venv/lib/python3.10/site-packages/airflow/example_dags/example_short_circuit_decorator.py for tasks to queue
[2024-06-06T16:06:29.307+0530] {logging_mixin.py:188} INFO - [2024-06-06T16:06:29.306+0530] {dagbag.py:540} INFO - Filling up the DagBag from /home/wsl/airflow_venv/lib/python3.10/site-packages/airflow/example_dags/example_short_circuit_decorator.py
[2024-06-06T16:06:29.328+0530] {processor.py:840} INFO - DAG(s) 'example_short_circuit_decorator' retrieved from /home/wsl/airflow_venv/lib/python3.10/site-packages/airflow/example_dags/example_short_circuit_decorator.py
[2024-06-06T16:06:29.569+0530] {logging_mixin.py:188} INFO - [2024-06-06T16:06:29.568+0530] {dag.py:3096} INFO - Sync 1 DAGs
[2024-06-06T16:06:29.591+0530] {logging_mixin.py:188} INFO - [2024-06-06T16:06:29.591+0530] {dag.py:3954} INFO - Setting next_dagrun for example_short_circuit_decorator to 2024-06-05 00:00:00+00:00, run_after=2024-06-06 00:00:00+00:00
[2024-06-06T16:06:29.620+0530] {processor.py:183} INFO - Processing /home/wsl/airflow_venv/lib/python3.10/site-packages/airflow/example_dags/example_short_circuit_decorator.py took 0.333 seconds
[2024-06-06T16:08:24.887+0530] {processor.py:161} INFO - Started process (PID=42825) to work on /home/wsl/airflow_venv/lib/python3.10/site-packages/airflow/example_dags/example_short_circuit_decorator.py
[2024-06-06T16:08:24.888+0530] {processor.py:830} INFO - Processing file /home/wsl/airflow_venv/lib/python3.10/site-packages/airflow/example_dags/example_short_circuit_decorator.py for tasks to queue
[2024-06-06T16:08:24.890+0530] {logging_mixin.py:188} INFO - [2024-06-06T16:08:24.889+0530] {dagbag.py:540} INFO - Filling up the DagBag from /home/wsl/airflow_venv/lib/python3.10/site-packages/airflow/example_dags/example_short_circuit_decorator.py
[2024-06-06T16:08:24.903+0530] {processor.py:840} INFO - DAG(s) 'example_short_circuit_decorator' retrieved from /home/wsl/airflow_venv/lib/python3.10/site-packages/airflow/example_dags/example_short_circuit_decorator.py
[2024-06-06T16:08:24.925+0530] {logging_mixin.py:188} INFO - [2024-06-06T16:08:24.925+0530] {dag.py:3096} INFO - Sync 1 DAGs
[2024-06-06T16:08:24.948+0530] {logging_mixin.py:188} INFO - [2024-06-06T16:08:24.948+0530] {dag.py:3954} INFO - Setting next_dagrun for example_short_circuit_decorator to 2024-06-05 00:00:00+00:00, run_after=2024-06-06 00:00:00+00:00
[2024-06-06T16:08:24.974+0530] {processor.py:183} INFO - Processing /home/wsl/airflow_venv/lib/python3.10/site-packages/airflow/example_dags/example_short_circuit_decorator.py took 0.101 seconds
[2024-06-06T16:10:15.123+0530] {processor.py:161} INFO - Started process (PID=43859) to work on /home/wsl/airflow_venv/lib/python3.10/site-packages/airflow/example_dags/example_short_circuit_decorator.py
[2024-06-06T16:10:15.125+0530] {processor.py:830} INFO - Processing file /home/wsl/airflow_venv/lib/python3.10/site-packages/airflow/example_dags/example_short_circuit_decorator.py for tasks to queue
[2024-06-06T16:10:15.127+0530] {logging_mixin.py:188} INFO - [2024-06-06T16:10:15.126+0530] {dagbag.py:540} INFO - Filling up the DagBag from /home/wsl/airflow_venv/lib/python3.10/site-packages/airflow/example_dags/example_short_circuit_decorator.py
[2024-06-06T16:10:15.137+0530] {processor.py:840} INFO - DAG(s) 'example_short_circuit_decorator' retrieved from /home/wsl/airflow_venv/lib/python3.10/site-packages/airflow/example_dags/example_short_circuit_decorator.py
[2024-06-06T16:10:15.157+0530] {logging_mixin.py:188} INFO - [2024-06-06T16:10:15.157+0530] {dag.py:3096} INFO - Sync 1 DAGs
[2024-06-06T16:10:15.176+0530] {logging_mixin.py:188} INFO - [2024-06-06T16:10:15.176+0530] {dag.py:3954} INFO - Setting next_dagrun for example_short_circuit_decorator to 2024-06-05 00:00:00+00:00, run_after=2024-06-06 00:00:00+00:00
[2024-06-06T16:10:15.204+0530] {processor.py:183} INFO - Processing /home/wsl/airflow_venv/lib/python3.10/site-packages/airflow/example_dags/example_short_circuit_decorator.py took 0.090 seconds
[2024-06-06T16:11:49.090+0530] {processor.py:161} INFO - Started process (PID=44937) to work on /home/wsl/airflow_venv/lib/python3.10/site-packages/airflow/example_dags/example_short_circuit_decorator.py
[2024-06-06T16:11:49.092+0530] {processor.py:830} INFO - Processing file /home/wsl/airflow_venv/lib/python3.10/site-packages/airflow/example_dags/example_short_circuit_decorator.py for tasks to queue
[2024-06-06T16:11:49.094+0530] {logging_mixin.py:188} INFO - [2024-06-06T16:11:49.093+0530] {dagbag.py:540} INFO - Filling up the DagBag from /home/wsl/airflow_venv/lib/python3.10/site-packages/airflow/example_dags/example_short_circuit_decorator.py
[2024-06-06T16:11:49.106+0530] {processor.py:840} INFO - DAG(s) 'example_short_circuit_decorator' retrieved from /home/wsl/airflow_venv/lib/python3.10/site-packages/airflow/example_dags/example_short_circuit_decorator.py
[2024-06-06T16:11:49.130+0530] {logging_mixin.py:188} INFO - [2024-06-06T16:11:49.130+0530] {dag.py:3096} INFO - Sync 1 DAGs
[2024-06-06T16:11:49.149+0530] {logging_mixin.py:188} INFO - [2024-06-06T16:11:49.149+0530] {dag.py:3954} INFO - Setting next_dagrun for example_short_circuit_decorator to 2024-06-05 00:00:00+00:00, run_after=2024-06-06 00:00:00+00:00
[2024-06-06T16:11:49.179+0530] {processor.py:183} INFO - Processing /home/wsl/airflow_venv/lib/python3.10/site-packages/airflow/example_dags/example_short_circuit_decorator.py took 0.100 seconds
[2024-06-06T16:14:35.673+0530] {processor.py:161} INFO - Started process (PID=46834) to work on /home/wsl/airflow_venv/lib/python3.10/site-packages/airflow/example_dags/example_short_circuit_decorator.py
[2024-06-06T16:14:35.676+0530] {processor.py:830} INFO - Processing file /home/wsl/airflow_venv/lib/python3.10/site-packages/airflow/example_dags/example_short_circuit_decorator.py for tasks to queue
[2024-06-06T16:14:35.677+0530] {logging_mixin.py:188} INFO - [2024-06-06T16:14:35.676+0530] {dagbag.py:540} INFO - Filling up the DagBag from /home/wsl/airflow_venv/lib/python3.10/site-packages/airflow/example_dags/example_short_circuit_decorator.py
[2024-06-06T16:14:35.688+0530] {processor.py:840} INFO - DAG(s) 'example_short_circuit_decorator' retrieved from /home/wsl/airflow_venv/lib/python3.10/site-packages/airflow/example_dags/example_short_circuit_decorator.py
[2024-06-06T16:14:35.712+0530] {logging_mixin.py:188} INFO - [2024-06-06T16:14:35.712+0530] {dag.py:3096} INFO - Sync 1 DAGs
[2024-06-06T16:14:35.736+0530] {logging_mixin.py:188} INFO - [2024-06-06T16:14:35.736+0530] {dag.py:3954} INFO - Setting next_dagrun for example_short_circuit_decorator to 2024-06-05 00:00:00+00:00, run_after=2024-06-06 00:00:00+00:00
[2024-06-06T16:14:35.868+0530] {processor.py:183} INFO - Processing /home/wsl/airflow_venv/lib/python3.10/site-packages/airflow/example_dags/example_short_circuit_decorator.py took 0.203 seconds
[2024-06-06T16:26:03.217+0530] {processor.py:161} INFO - Started process (PID=52011) to work on /home/wsl/airflow_venv/lib/python3.10/site-packages/airflow/example_dags/example_short_circuit_decorator.py
[2024-06-06T16:26:03.226+0530] {processor.py:830} INFO - Processing file /home/wsl/airflow_venv/lib/python3.10/site-packages/airflow/example_dags/example_short_circuit_decorator.py for tasks to queue
[2024-06-06T16:26:03.229+0530] {logging_mixin.py:188} INFO - [2024-06-06T16:26:03.228+0530] {dagbag.py:540} INFO - Filling up the DagBag from /home/wsl/airflow_venv/lib/python3.10/site-packages/airflow/example_dags/example_short_circuit_decorator.py
[2024-06-06T16:26:03.279+0530] {processor.py:840} INFO - DAG(s) 'example_short_circuit_decorator' retrieved from /home/wsl/airflow_venv/lib/python3.10/site-packages/airflow/example_dags/example_short_circuit_decorator.py
[2024-06-06T16:26:03.837+0530] {logging_mixin.py:188} INFO - [2024-06-06T16:26:03.837+0530] {dag.py:3096} INFO - Sync 1 DAGs
[2024-06-06T16:26:03.920+0530] {logging_mixin.py:188} INFO - [2024-06-06T16:26:03.920+0530] {dag.py:3954} INFO - Setting next_dagrun for example_short_circuit_decorator to 2024-06-05 00:00:00+00:00, run_after=2024-06-06 00:00:00+00:00
[2024-06-06T16:26:10.712+0530] {processor.py:183} INFO - Processing /home/wsl/airflow_venv/lib/python3.10/site-packages/airflow/example_dags/example_short_circuit_decorator.py took 7.515 seconds
[2024-06-06T16:28:14.884+0530] {processor.py:161} INFO - Started process (PID=53206) to work on /home/wsl/airflow_venv/lib/python3.10/site-packages/airflow/example_dags/example_short_circuit_decorator.py
[2024-06-06T16:28:14.887+0530] {processor.py:830} INFO - Processing file /home/wsl/airflow_venv/lib/python3.10/site-packages/airflow/example_dags/example_short_circuit_decorator.py for tasks to queue
[2024-06-06T16:28:14.890+0530] {logging_mixin.py:188} INFO - [2024-06-06T16:28:14.889+0530] {dagbag.py:540} INFO - Filling up the DagBag from /home/wsl/airflow_venv/lib/python3.10/site-packages/airflow/example_dags/example_short_circuit_decorator.py
[2024-06-06T16:28:14.912+0530] {processor.py:840} INFO - DAG(s) 'example_short_circuit_decorator' retrieved from /home/wsl/airflow_venv/lib/python3.10/site-packages/airflow/example_dags/example_short_circuit_decorator.py
[2024-06-06T16:28:14.997+0530] {logging_mixin.py:188} INFO - [2024-06-06T16:28:14.996+0530] {dag.py:3096} INFO - Sync 1 DAGs
[2024-06-06T16:28:15.045+0530] {logging_mixin.py:188} INFO - [2024-06-06T16:28:15.045+0530] {dag.py:3954} INFO - Setting next_dagrun for example_short_circuit_decorator to 2024-06-05 00:00:00+00:00, run_after=2024-06-06 00:00:00+00:00
[2024-06-06T16:28:15.100+0530] {processor.py:183} INFO - Processing /home/wsl/airflow_venv/lib/python3.10/site-packages/airflow/example_dags/example_short_circuit_decorator.py took 0.226 seconds
[2024-06-06T16:30:51.032+0530] {processor.py:161} INFO - Started process (PID=55086) to work on /home/wsl/airflow_venv/lib/python3.10/site-packages/airflow/example_dags/example_short_circuit_decorator.py
[2024-06-06T16:30:51.034+0530] {processor.py:830} INFO - Processing file /home/wsl/airflow_venv/lib/python3.10/site-packages/airflow/example_dags/example_short_circuit_decorator.py for tasks to queue
[2024-06-06T16:30:51.035+0530] {logging_mixin.py:188} INFO - [2024-06-06T16:30:51.035+0530] {dagbag.py:540} INFO - Filling up the DagBag from /home/wsl/airflow_venv/lib/python3.10/site-packages/airflow/example_dags/example_short_circuit_decorator.py
[2024-06-06T16:30:51.054+0530] {processor.py:840} INFO - DAG(s) 'example_short_circuit_decorator' retrieved from /home/wsl/airflow_venv/lib/python3.10/site-packages/airflow/example_dags/example_short_circuit_decorator.py
[2024-06-06T16:30:51.077+0530] {logging_mixin.py:188} INFO - [2024-06-06T16:30:51.077+0530] {dag.py:3096} INFO - Sync 1 DAGs
[2024-06-06T16:30:51.097+0530] {logging_mixin.py:188} INFO - [2024-06-06T16:30:51.096+0530] {dag.py:3954} INFO - Setting next_dagrun for example_short_circuit_decorator to 2024-06-05 00:00:00+00:00, run_after=2024-06-06 00:00:00+00:00
[2024-06-06T16:30:51.129+0530] {processor.py:183} INFO - Processing /home/wsl/airflow_venv/lib/python3.10/site-packages/airflow/example_dags/example_short_circuit_decorator.py took 0.108 seconds
[2024-06-06T16:33:13.129+0530] {processor.py:161} INFO - Started process (PID=56578) to work on /home/wsl/airflow_venv/lib/python3.10/site-packages/airflow/example_dags/example_short_circuit_decorator.py
[2024-06-06T16:33:13.131+0530] {processor.py:830} INFO - Processing file /home/wsl/airflow_venv/lib/python3.10/site-packages/airflow/example_dags/example_short_circuit_decorator.py for tasks to queue
[2024-06-06T16:33:13.133+0530] {logging_mixin.py:188} INFO - [2024-06-06T16:33:13.132+0530] {dagbag.py:540} INFO - Filling up the DagBag from /home/wsl/airflow_venv/lib/python3.10/site-packages/airflow/example_dags/example_short_circuit_decorator.py
[2024-06-06T16:33:13.145+0530] {processor.py:840} INFO - DAG(s) 'example_short_circuit_decorator' retrieved from /home/wsl/airflow_venv/lib/python3.10/site-packages/airflow/example_dags/example_short_circuit_decorator.py
[2024-06-06T16:33:13.166+0530] {logging_mixin.py:188} INFO - [2024-06-06T16:33:13.165+0530] {dag.py:3096} INFO - Sync 1 DAGs
[2024-06-06T16:33:13.185+0530] {logging_mixin.py:188} INFO - [2024-06-06T16:33:13.185+0530] {dag.py:3954} INFO - Setting next_dagrun for example_short_circuit_decorator to 2024-06-05 00:00:00+00:00, run_after=2024-06-06 00:00:00+00:00
[2024-06-06T16:33:13.212+0530] {processor.py:183} INFO - Processing /home/wsl/airflow_venv/lib/python3.10/site-packages/airflow/example_dags/example_short_circuit_decorator.py took 0.093 seconds
[2024-06-06T16:35:20.134+0530] {processor.py:161} INFO - Started process (PID=57956) to work on /home/wsl/airflow_venv/lib/python3.10/site-packages/airflow/example_dags/example_short_circuit_decorator.py
[2024-06-06T16:35:20.138+0530] {processor.py:830} INFO - Processing file /home/wsl/airflow_venv/lib/python3.10/site-packages/airflow/example_dags/example_short_circuit_decorator.py for tasks to queue
[2024-06-06T16:35:20.140+0530] {logging_mixin.py:188} INFO - [2024-06-06T16:35:20.139+0530] {dagbag.py:540} INFO - Filling up the DagBag from /home/wsl/airflow_venv/lib/python3.10/site-packages/airflow/example_dags/example_short_circuit_decorator.py
[2024-06-06T16:35:20.153+0530] {processor.py:840} INFO - DAG(s) 'example_short_circuit_decorator' retrieved from /home/wsl/airflow_venv/lib/python3.10/site-packages/airflow/example_dags/example_short_circuit_decorator.py
[2024-06-06T16:35:20.173+0530] {logging_mixin.py:188} INFO - [2024-06-06T16:35:20.173+0530] {dag.py:3096} INFO - Sync 1 DAGs
[2024-06-06T16:35:20.194+0530] {logging_mixin.py:188} INFO - [2024-06-06T16:35:20.194+0530] {dag.py:3954} INFO - Setting next_dagrun for example_short_circuit_decorator to 2024-06-05 00:00:00+00:00, run_after=2024-06-06 00:00:00+00:00
[2024-06-06T16:35:20.226+0530] {processor.py:183} INFO - Processing /home/wsl/airflow_venv/lib/python3.10/site-packages/airflow/example_dags/example_short_circuit_decorator.py took 0.106 seconds
[2024-06-06T16:37:38.751+0530] {processor.py:161} INFO - Started process (PID=59534) to work on /home/wsl/airflow_venv/lib/python3.10/site-packages/airflow/example_dags/example_short_circuit_decorator.py
[2024-06-06T16:37:38.786+0530] {processor.py:830} INFO - Processing file /home/wsl/airflow_venv/lib/python3.10/site-packages/airflow/example_dags/example_short_circuit_decorator.py for tasks to queue
[2024-06-06T16:37:38.788+0530] {logging_mixin.py:188} INFO - [2024-06-06T16:37:38.787+0530] {dagbag.py:540} INFO - Filling up the DagBag from /home/wsl/airflow_venv/lib/python3.10/site-packages/airflow/example_dags/example_short_circuit_decorator.py
[2024-06-06T16:37:38.835+0530] {processor.py:840} INFO - DAG(s) 'example_short_circuit_decorator' retrieved from /home/wsl/airflow_venv/lib/python3.10/site-packages/airflow/example_dags/example_short_circuit_decorator.py
[2024-06-06T16:37:38.882+0530] {logging_mixin.py:188} INFO - [2024-06-06T16:37:38.881+0530] {dag.py:3096} INFO - Sync 1 DAGs
[2024-06-06T16:37:38.947+0530] {logging_mixin.py:188} INFO - [2024-06-06T16:37:38.947+0530] {dag.py:3954} INFO - Setting next_dagrun for example_short_circuit_decorator to 2024-06-05 00:00:00+00:00, run_after=2024-06-06 00:00:00+00:00
[2024-06-06T16:37:39.077+0530] {processor.py:183} INFO - Processing /home/wsl/airflow_venv/lib/python3.10/site-packages/airflow/example_dags/example_short_circuit_decorator.py took 0.336 seconds
[2024-06-06T16:40:36.589+0530] {processor.py:161} INFO - Started process (PID=61575) to work on /home/wsl/airflow_venv/lib/python3.10/site-packages/airflow/example_dags/example_short_circuit_decorator.py
[2024-06-06T16:40:36.591+0530] {processor.py:830} INFO - Processing file /home/wsl/airflow_venv/lib/python3.10/site-packages/airflow/example_dags/example_short_circuit_decorator.py for tasks to queue
[2024-06-06T16:40:36.592+0530] {logging_mixin.py:188} INFO - [2024-06-06T16:40:36.592+0530] {dagbag.py:540} INFO - Filling up the DagBag from /home/wsl/airflow_venv/lib/python3.10/site-packages/airflow/example_dags/example_short_circuit_decorator.py
[2024-06-06T16:40:36.602+0530] {processor.py:840} INFO - DAG(s) 'example_short_circuit_decorator' retrieved from /home/wsl/airflow_venv/lib/python3.10/site-packages/airflow/example_dags/example_short_circuit_decorator.py
[2024-06-06T16:40:36.622+0530] {logging_mixin.py:188} INFO - [2024-06-06T16:40:36.621+0530] {dag.py:3096} INFO - Sync 1 DAGs
[2024-06-06T16:40:36.643+0530] {logging_mixin.py:188} INFO - [2024-06-06T16:40:36.642+0530] {dag.py:3954} INFO - Setting next_dagrun for example_short_circuit_decorator to 2024-06-05 00:00:00+00:00, run_after=2024-06-06 00:00:00+00:00
[2024-06-06T16:40:36.675+0530] {processor.py:183} INFO - Processing /home/wsl/airflow_venv/lib/python3.10/site-packages/airflow/example_dags/example_short_circuit_decorator.py took 0.099 seconds
[2024-06-06T16:42:33.293+0530] {processor.py:161} INFO - Started process (PID=62450) to work on /home/wsl/airflow_venv/lib/python3.10/site-packages/airflow/example_dags/example_short_circuit_decorator.py
[2024-06-06T16:42:33.296+0530] {processor.py:830} INFO - Processing file /home/wsl/airflow_venv/lib/python3.10/site-packages/airflow/example_dags/example_short_circuit_decorator.py for tasks to queue
[2024-06-06T16:42:33.298+0530] {logging_mixin.py:188} INFO - [2024-06-06T16:42:33.297+0530] {dagbag.py:540} INFO - Filling up the DagBag from /home/wsl/airflow_venv/lib/python3.10/site-packages/airflow/example_dags/example_short_circuit_decorator.py
[2024-06-06T16:42:33.312+0530] {processor.py:840} INFO - DAG(s) 'example_short_circuit_decorator' retrieved from /home/wsl/airflow_venv/lib/python3.10/site-packages/airflow/example_dags/example_short_circuit_decorator.py
[2024-06-06T16:42:33.334+0530] {logging_mixin.py:188} INFO - [2024-06-06T16:42:33.334+0530] {dag.py:3096} INFO - Sync 1 DAGs
[2024-06-06T16:42:33.355+0530] {logging_mixin.py:188} INFO - [2024-06-06T16:42:33.354+0530] {dag.py:3954} INFO - Setting next_dagrun for example_short_circuit_decorator to 2024-06-05 00:00:00+00:00, run_after=2024-06-06 00:00:00+00:00
[2024-06-06T16:42:33.384+0530] {processor.py:183} INFO - Processing /home/wsl/airflow_venv/lib/python3.10/site-packages/airflow/example_dags/example_short_circuit_decorator.py took 0.104 seconds
[2024-06-06T16:44:46.532+0530] {processor.py:161} INFO - Started process (PID=64078) to work on /home/wsl/airflow_venv/lib/python3.10/site-packages/airflow/example_dags/example_short_circuit_decorator.py
[2024-06-06T16:44:46.534+0530] {processor.py:830} INFO - Processing file /home/wsl/airflow_venv/lib/python3.10/site-packages/airflow/example_dags/example_short_circuit_decorator.py for tasks to queue
[2024-06-06T16:44:46.536+0530] {logging_mixin.py:188} INFO - [2024-06-06T16:44:46.536+0530] {dagbag.py:540} INFO - Filling up the DagBag from /home/wsl/airflow_venv/lib/python3.10/site-packages/airflow/example_dags/example_short_circuit_decorator.py
[2024-06-06T16:44:46.548+0530] {processor.py:840} INFO - DAG(s) 'example_short_circuit_decorator' retrieved from /home/wsl/airflow_venv/lib/python3.10/site-packages/airflow/example_dags/example_short_circuit_decorator.py
[2024-06-06T16:44:46.579+0530] {logging_mixin.py:188} INFO - [2024-06-06T16:44:46.578+0530] {dag.py:3096} INFO - Sync 1 DAGs
[2024-06-06T16:44:46.612+0530] {logging_mixin.py:188} INFO - [2024-06-06T16:44:46.611+0530] {dag.py:3954} INFO - Setting next_dagrun for example_short_circuit_decorator to 2024-06-05 00:00:00+00:00, run_after=2024-06-06 00:00:00+00:00
[2024-06-06T16:44:46.653+0530] {processor.py:183} INFO - Processing /home/wsl/airflow_venv/lib/python3.10/site-packages/airflow/example_dags/example_short_circuit_decorator.py took 0.129 seconds
[2024-06-06T16:47:22.749+0530] {processor.py:161} INFO - Started process (PID=65941) to work on /home/wsl/airflow_venv/lib/python3.10/site-packages/airflow/example_dags/example_short_circuit_decorator.py
[2024-06-06T16:47:22.752+0530] {processor.py:830} INFO - Processing file /home/wsl/airflow_venv/lib/python3.10/site-packages/airflow/example_dags/example_short_circuit_decorator.py for tasks to queue
[2024-06-06T16:47:22.755+0530] {logging_mixin.py:188} INFO - [2024-06-06T16:47:22.754+0530] {dagbag.py:540} INFO - Filling up the DagBag from /home/wsl/airflow_venv/lib/python3.10/site-packages/airflow/example_dags/example_short_circuit_decorator.py
[2024-06-06T16:47:22.769+0530] {processor.py:840} INFO - DAG(s) 'example_short_circuit_decorator' retrieved from /home/wsl/airflow_venv/lib/python3.10/site-packages/airflow/example_dags/example_short_circuit_decorator.py
[2024-06-06T16:47:22.792+0530] {logging_mixin.py:188} INFO - [2024-06-06T16:47:22.791+0530] {dag.py:3096} INFO - Sync 1 DAGs
[2024-06-06T16:47:22.810+0530] {logging_mixin.py:188} INFO - [2024-06-06T16:47:22.810+0530] {dag.py:3954} INFO - Setting next_dagrun for example_short_circuit_decorator to 2024-06-05 00:00:00+00:00, run_after=2024-06-06 00:00:00+00:00
[2024-06-06T16:47:22.838+0530] {processor.py:183} INFO - Processing /home/wsl/airflow_venv/lib/python3.10/site-packages/airflow/example_dags/example_short_circuit_decorator.py took 0.105 seconds
[2024-06-06T16:49:50.077+0530] {processor.py:161} INFO - Started process (PID=67559) to work on /home/wsl/airflow_venv/lib/python3.10/site-packages/airflow/example_dags/example_short_circuit_decorator.py
[2024-06-06T16:49:50.085+0530] {processor.py:830} INFO - Processing file /home/wsl/airflow_venv/lib/python3.10/site-packages/airflow/example_dags/example_short_circuit_decorator.py for tasks to queue
[2024-06-06T16:49:50.087+0530] {logging_mixin.py:188} INFO - [2024-06-06T16:49:50.086+0530] {dagbag.py:540} INFO - Filling up the DagBag from /home/wsl/airflow_venv/lib/python3.10/site-packages/airflow/example_dags/example_short_circuit_decorator.py
[2024-06-06T16:49:50.107+0530] {processor.py:840} INFO - DAG(s) 'example_short_circuit_decorator' retrieved from /home/wsl/airflow_venv/lib/python3.10/site-packages/airflow/example_dags/example_short_circuit_decorator.py
[2024-06-06T16:49:50.160+0530] {logging_mixin.py:188} INFO - [2024-06-06T16:49:50.160+0530] {dag.py:3096} INFO - Sync 1 DAGs
[2024-06-06T16:49:50.223+0530] {logging_mixin.py:188} INFO - [2024-06-06T16:49:50.223+0530] {dag.py:3954} INFO - Setting next_dagrun for example_short_circuit_decorator to 2024-06-05 00:00:00+00:00, run_after=2024-06-06 00:00:00+00:00
[2024-06-06T16:49:50.307+0530] {processor.py:183} INFO - Processing /home/wsl/airflow_venv/lib/python3.10/site-packages/airflow/example_dags/example_short_circuit_decorator.py took 0.248 seconds
[2024-06-06T16:52:44.874+0530] {processor.py:161} INFO - Started process (PID=69303) to work on /home/wsl/airflow_venv/lib/python3.10/site-packages/airflow/example_dags/example_short_circuit_decorator.py
[2024-06-06T16:52:44.876+0530] {processor.py:830} INFO - Processing file /home/wsl/airflow_venv/lib/python3.10/site-packages/airflow/example_dags/example_short_circuit_decorator.py for tasks to queue
[2024-06-06T16:52:44.877+0530] {logging_mixin.py:188} INFO - [2024-06-06T16:52:44.876+0530] {dagbag.py:540} INFO - Filling up the DagBag from /home/wsl/airflow_venv/lib/python3.10/site-packages/airflow/example_dags/example_short_circuit_decorator.py
[2024-06-06T16:52:44.886+0530] {processor.py:840} INFO - DAG(s) 'example_short_circuit_decorator' retrieved from /home/wsl/airflow_venv/lib/python3.10/site-packages/airflow/example_dags/example_short_circuit_decorator.py
[2024-06-06T16:52:44.906+0530] {logging_mixin.py:188} INFO - [2024-06-06T16:52:44.906+0530] {dag.py:3096} INFO - Sync 1 DAGs
[2024-06-06T16:52:44.925+0530] {logging_mixin.py:188} INFO - [2024-06-06T16:52:44.925+0530] {dag.py:3954} INFO - Setting next_dagrun for example_short_circuit_decorator to 2024-06-05 00:00:00+00:00, run_after=2024-06-06 00:00:00+00:00
[2024-06-06T16:52:44.955+0530] {processor.py:183} INFO - Processing /home/wsl/airflow_venv/lib/python3.10/site-packages/airflow/example_dags/example_short_circuit_decorator.py took 0.097 seconds
[2024-06-06T16:55:10.735+0530] {processor.py:161} INFO - Started process (PID=70993) to work on /home/wsl/airflow_venv/lib/python3.10/site-packages/airflow/example_dags/example_short_circuit_decorator.py
[2024-06-06T16:55:10.739+0530] {processor.py:830} INFO - Processing file /home/wsl/airflow_venv/lib/python3.10/site-packages/airflow/example_dags/example_short_circuit_decorator.py for tasks to queue
[2024-06-06T16:55:10.741+0530] {logging_mixin.py:188} INFO - [2024-06-06T16:55:10.740+0530] {dagbag.py:540} INFO - Filling up the DagBag from /home/wsl/airflow_venv/lib/python3.10/site-packages/airflow/example_dags/example_short_circuit_decorator.py
[2024-06-06T16:55:10.764+0530] {processor.py:840} INFO - DAG(s) 'example_short_circuit_decorator' retrieved from /home/wsl/airflow_venv/lib/python3.10/site-packages/airflow/example_dags/example_short_circuit_decorator.py
[2024-06-06T16:55:10.802+0530] {logging_mixin.py:188} INFO - [2024-06-06T16:55:10.802+0530] {dag.py:3096} INFO - Sync 1 DAGs
[2024-06-06T16:55:10.831+0530] {logging_mixin.py:188} INFO - [2024-06-06T16:55:10.831+0530] {dag.py:3954} INFO - Setting next_dagrun for example_short_circuit_decorator to 2024-06-05 00:00:00+00:00, run_after=2024-06-06 00:00:00+00:00
[2024-06-06T16:55:10.860+0530] {processor.py:183} INFO - Processing /home/wsl/airflow_venv/lib/python3.10/site-packages/airflow/example_dags/example_short_circuit_decorator.py took 0.145 seconds
[2024-06-06T16:57:05.435+0530] {processor.py:161} INFO - Started process (PID=72494) to work on /home/wsl/airflow_venv/lib/python3.10/site-packages/airflow/example_dags/example_short_circuit_decorator.py
[2024-06-06T16:57:05.447+0530] {processor.py:830} INFO - Processing file /home/wsl/airflow_venv/lib/python3.10/site-packages/airflow/example_dags/example_short_circuit_decorator.py for tasks to queue
[2024-06-06T16:57:05.448+0530] {logging_mixin.py:188} INFO - [2024-06-06T16:57:05.448+0530] {dagbag.py:540} INFO - Filling up the DagBag from /home/wsl/airflow_venv/lib/python3.10/site-packages/airflow/example_dags/example_short_circuit_decorator.py
[2024-06-06T16:57:05.461+0530] {processor.py:840} INFO - DAG(s) 'example_short_circuit_decorator' retrieved from /home/wsl/airflow_venv/lib/python3.10/site-packages/airflow/example_dags/example_short_circuit_decorator.py
[2024-06-06T16:57:05.482+0530] {logging_mixin.py:188} INFO - [2024-06-06T16:57:05.481+0530] {dag.py:3096} INFO - Sync 1 DAGs
[2024-06-06T16:57:05.502+0530] {logging_mixin.py:188} INFO - [2024-06-06T16:57:05.502+0530] {dag.py:3954} INFO - Setting next_dagrun for example_short_circuit_decorator to 2024-06-05 00:00:00+00:00, run_after=2024-06-06 00:00:00+00:00
[2024-06-06T16:57:05.756+0530] {processor.py:183} INFO - Processing /home/wsl/airflow_venv/lib/python3.10/site-packages/airflow/example_dags/example_short_circuit_decorator.py took 0.332 seconds
[2024-06-06T16:59:39.513+0530] {processor.py:161} INFO - Started process (PID=74285) to work on /home/wsl/airflow_venv/lib/python3.10/site-packages/airflow/example_dags/example_short_circuit_decorator.py
[2024-06-06T16:59:39.515+0530] {processor.py:830} INFO - Processing file /home/wsl/airflow_venv/lib/python3.10/site-packages/airflow/example_dags/example_short_circuit_decorator.py for tasks to queue
[2024-06-06T16:59:39.517+0530] {logging_mixin.py:188} INFO - [2024-06-06T16:59:39.516+0530] {dagbag.py:540} INFO - Filling up the DagBag from /home/wsl/airflow_venv/lib/python3.10/site-packages/airflow/example_dags/example_short_circuit_decorator.py
[2024-06-06T16:59:39.527+0530] {processor.py:840} INFO - DAG(s) 'example_short_circuit_decorator' retrieved from /home/wsl/airflow_venv/lib/python3.10/site-packages/airflow/example_dags/example_short_circuit_decorator.py
[2024-06-06T16:59:39.551+0530] {logging_mixin.py:188} INFO - [2024-06-06T16:59:39.551+0530] {dag.py:3096} INFO - Sync 1 DAGs
[2024-06-06T16:59:39.573+0530] {logging_mixin.py:188} INFO - [2024-06-06T16:59:39.573+0530] {dag.py:3954} INFO - Setting next_dagrun for example_short_circuit_decorator to 2024-06-05 00:00:00+00:00, run_after=2024-06-06 00:00:00+00:00
[2024-06-06T16:59:39.611+0530] {processor.py:183} INFO - Processing /home/wsl/airflow_venv/lib/python3.10/site-packages/airflow/example_dags/example_short_circuit_decorator.py took 0.104 seconds
[2024-06-06T17:01:45.929+0530] {processor.py:161} INFO - Started process (PID=75951) to work on /home/wsl/airflow_venv/lib/python3.10/site-packages/airflow/example_dags/example_short_circuit_decorator.py
[2024-06-06T17:01:45.931+0530] {processor.py:830} INFO - Processing file /home/wsl/airflow_venv/lib/python3.10/site-packages/airflow/example_dags/example_short_circuit_decorator.py for tasks to queue
[2024-06-06T17:01:45.933+0530] {logging_mixin.py:188} INFO - [2024-06-06T17:01:45.932+0530] {dagbag.py:540} INFO - Filling up the DagBag from /home/wsl/airflow_venv/lib/python3.10/site-packages/airflow/example_dags/example_short_circuit_decorator.py
[2024-06-06T17:01:45.946+0530] {processor.py:840} INFO - DAG(s) 'example_short_circuit_decorator' retrieved from /home/wsl/airflow_venv/lib/python3.10/site-packages/airflow/example_dags/example_short_circuit_decorator.py
[2024-06-06T17:01:45.968+0530] {logging_mixin.py:188} INFO - [2024-06-06T17:01:45.968+0530] {dag.py:3096} INFO - Sync 1 DAGs
[2024-06-06T17:01:45.991+0530] {logging_mixin.py:188} INFO - [2024-06-06T17:01:45.990+0530] {dag.py:3954} INFO - Setting next_dagrun for example_short_circuit_decorator to 2024-06-05 00:00:00+00:00, run_after=2024-06-06 00:00:00+00:00
[2024-06-06T17:01:46.020+0530] {processor.py:183} INFO - Processing /home/wsl/airflow_venv/lib/python3.10/site-packages/airflow/example_dags/example_short_circuit_decorator.py took 0.103 seconds
[2024-06-06T17:03:46.323+0530] {processor.py:161} INFO - Started process (PID=77477) to work on /home/wsl/airflow_venv/lib/python3.10/site-packages/airflow/example_dags/example_short_circuit_decorator.py
[2024-06-06T17:03:46.325+0530] {processor.py:830} INFO - Processing file /home/wsl/airflow_venv/lib/python3.10/site-packages/airflow/example_dags/example_short_circuit_decorator.py for tasks to queue
[2024-06-06T17:03:46.327+0530] {logging_mixin.py:188} INFO - [2024-06-06T17:03:46.326+0530] {dagbag.py:540} INFO - Filling up the DagBag from /home/wsl/airflow_venv/lib/python3.10/site-packages/airflow/example_dags/example_short_circuit_decorator.py
[2024-06-06T17:03:46.342+0530] {processor.py:840} INFO - DAG(s) 'example_short_circuit_decorator' retrieved from /home/wsl/airflow_venv/lib/python3.10/site-packages/airflow/example_dags/example_short_circuit_decorator.py
[2024-06-06T17:03:46.373+0530] {logging_mixin.py:188} INFO - [2024-06-06T17:03:46.372+0530] {dag.py:3096} INFO - Sync 1 DAGs
[2024-06-06T17:03:46.401+0530] {logging_mixin.py:188} INFO - [2024-06-06T17:03:46.401+0530] {dag.py:3954} INFO - Setting next_dagrun for example_short_circuit_decorator to 2024-06-05 00:00:00+00:00, run_after=2024-06-06 00:00:00+00:00
[2024-06-06T17:03:46.447+0530] {processor.py:183} INFO - Processing /home/wsl/airflow_venv/lib/python3.10/site-packages/airflow/example_dags/example_short_circuit_decorator.py took 0.137 seconds
[2024-06-06T17:05:49.675+0530] {processor.py:161} INFO - Started process (PID=79036) to work on /home/wsl/airflow_venv/lib/python3.10/site-packages/airflow/example_dags/example_short_circuit_decorator.py
[2024-06-06T17:05:49.677+0530] {processor.py:830} INFO - Processing file /home/wsl/airflow_venv/lib/python3.10/site-packages/airflow/example_dags/example_short_circuit_decorator.py for tasks to queue
[2024-06-06T17:05:49.679+0530] {logging_mixin.py:188} INFO - [2024-06-06T17:05:49.678+0530] {dagbag.py:540} INFO - Filling up the DagBag from /home/wsl/airflow_venv/lib/python3.10/site-packages/airflow/example_dags/example_short_circuit_decorator.py
[2024-06-06T17:05:49.693+0530] {processor.py:840} INFO - DAG(s) 'example_short_circuit_decorator' retrieved from /home/wsl/airflow_venv/lib/python3.10/site-packages/airflow/example_dags/example_short_circuit_decorator.py
[2024-06-06T17:05:49.728+0530] {logging_mixin.py:188} INFO - [2024-06-06T17:05:49.727+0530] {dag.py:3096} INFO - Sync 1 DAGs
[2024-06-06T17:05:49.754+0530] {logging_mixin.py:188} INFO - [2024-06-06T17:05:49.754+0530] {dag.py:3954} INFO - Setting next_dagrun for example_short_circuit_decorator to 2024-06-05 00:00:00+00:00, run_after=2024-06-06 00:00:00+00:00
[2024-06-06T17:05:49.782+0530] {processor.py:183} INFO - Processing /home/wsl/airflow_venv/lib/python3.10/site-packages/airflow/example_dags/example_short_circuit_decorator.py took 0.118 seconds
[2024-06-06T17:07:46.226+0530] {processor.py:161} INFO - Started process (PID=80586) to work on /home/wsl/airflow_venv/lib/python3.10/site-packages/airflow/example_dags/example_short_circuit_decorator.py
[2024-06-06T17:07:46.229+0530] {processor.py:830} INFO - Processing file /home/wsl/airflow_venv/lib/python3.10/site-packages/airflow/example_dags/example_short_circuit_decorator.py for tasks to queue
[2024-06-06T17:07:46.230+0530] {logging_mixin.py:188} INFO - [2024-06-06T17:07:46.230+0530] {dagbag.py:540} INFO - Filling up the DagBag from /home/wsl/airflow_venv/lib/python3.10/site-packages/airflow/example_dags/example_short_circuit_decorator.py
[2024-06-06T17:07:46.240+0530] {processor.py:840} INFO - DAG(s) 'example_short_circuit_decorator' retrieved from /home/wsl/airflow_venv/lib/python3.10/site-packages/airflow/example_dags/example_short_circuit_decorator.py
[2024-06-06T17:07:46.260+0530] {logging_mixin.py:188} INFO - [2024-06-06T17:07:46.260+0530] {dag.py:3096} INFO - Sync 1 DAGs
[2024-06-06T17:07:46.281+0530] {logging_mixin.py:188} INFO - [2024-06-06T17:07:46.280+0530] {dag.py:3954} INFO - Setting next_dagrun for example_short_circuit_decorator to 2024-06-05 00:00:00+00:00, run_after=2024-06-06 00:00:00+00:00
[2024-06-06T17:07:46.308+0530] {processor.py:183} INFO - Processing /home/wsl/airflow_venv/lib/python3.10/site-packages/airflow/example_dags/example_short_circuit_decorator.py took 0.092 seconds
[2024-06-06T17:10:00.355+0530] {processor.py:161} INFO - Started process (PID=82274) to work on /home/wsl/airflow_venv/lib/python3.10/site-packages/airflow/example_dags/example_short_circuit_decorator.py
[2024-06-06T17:10:00.363+0530] {processor.py:830} INFO - Processing file /home/wsl/airflow_venv/lib/python3.10/site-packages/airflow/example_dags/example_short_circuit_decorator.py for tasks to queue
[2024-06-06T17:10:00.364+0530] {logging_mixin.py:188} INFO - [2024-06-06T17:10:00.364+0530] {dagbag.py:540} INFO - Filling up the DagBag from /home/wsl/airflow_venv/lib/python3.10/site-packages/airflow/example_dags/example_short_circuit_decorator.py
[2024-06-06T17:10:00.381+0530] {processor.py:840} INFO - DAG(s) 'example_short_circuit_decorator' retrieved from /home/wsl/airflow_venv/lib/python3.10/site-packages/airflow/example_dags/example_short_circuit_decorator.py
[2024-06-06T17:10:00.415+0530] {logging_mixin.py:188} INFO - [2024-06-06T17:10:00.415+0530] {dag.py:3096} INFO - Sync 1 DAGs
[2024-06-06T17:10:00.452+0530] {logging_mixin.py:188} INFO - [2024-06-06T17:10:00.452+0530] {dag.py:3954} INFO - Setting next_dagrun for example_short_circuit_decorator to 2024-06-05 00:00:00+00:00, run_after=2024-06-06 00:00:00+00:00
[2024-06-06T17:10:00.503+0530] {processor.py:183} INFO - Processing /home/wsl/airflow_venv/lib/python3.10/site-packages/airflow/example_dags/example_short_circuit_decorator.py took 0.162 seconds
[2024-06-06T17:12:27.025+0530] {processor.py:161} INFO - Started process (PID=84150) to work on /home/wsl/airflow_venv/lib/python3.10/site-packages/airflow/example_dags/example_short_circuit_decorator.py
[2024-06-06T17:12:27.027+0530] {processor.py:830} INFO - Processing file /home/wsl/airflow_venv/lib/python3.10/site-packages/airflow/example_dags/example_short_circuit_decorator.py for tasks to queue
[2024-06-06T17:12:27.029+0530] {logging_mixin.py:188} INFO - [2024-06-06T17:12:27.028+0530] {dagbag.py:540} INFO - Filling up the DagBag from /home/wsl/airflow_venv/lib/python3.10/site-packages/airflow/example_dags/example_short_circuit_decorator.py
[2024-06-06T17:12:27.040+0530] {processor.py:840} INFO - DAG(s) 'example_short_circuit_decorator' retrieved from /home/wsl/airflow_venv/lib/python3.10/site-packages/airflow/example_dags/example_short_circuit_decorator.py
[2024-06-06T17:12:27.062+0530] {logging_mixin.py:188} INFO - [2024-06-06T17:12:27.061+0530] {dag.py:3096} INFO - Sync 1 DAGs
[2024-06-06T17:12:27.082+0530] {logging_mixin.py:188} INFO - [2024-06-06T17:12:27.082+0530] {dag.py:3954} INFO - Setting next_dagrun for example_short_circuit_decorator to 2024-06-05 00:00:00+00:00, run_after=2024-06-06 00:00:00+00:00
[2024-06-06T17:12:27.114+0530] {processor.py:183} INFO - Processing /home/wsl/airflow_venv/lib/python3.10/site-packages/airflow/example_dags/example_short_circuit_decorator.py took 0.095 seconds
