[2024-06-06T15:50:54.920+0530] {processor.py:161} INFO - Started process (PID=33895) to work on /home/wsl/airflow_venv/lib/python3.10/site-packages/airflow/example_dags/example_skip_dag.py
[2024-06-06T15:50:54.921+0530] {processor.py:830} INFO - Processing file /home/wsl/airflow_venv/lib/python3.10/site-packages/airflow/example_dags/example_skip_dag.py for tasks to queue
[2024-06-06T15:50:54.923+0530] {logging_mixin.py:188} INFO - [2024-06-06T15:50:54.922+0530] {dagbag.py:540} INFO - Filling up the DagBag from /home/wsl/airflow_venv/lib/python3.10/site-packages/airflow/example_dags/example_skip_dag.py
[2024-06-06T15:50:54.937+0530] {processor.py:840} INFO - DAG(s) 'example_skip_dag' retrieved from /home/wsl/airflow_venv/lib/python3.10/site-packages/airflow/example_dags/example_skip_dag.py
[2024-06-06T15:50:55.058+0530] {logging_mixin.py:188} INFO - [2024-06-06T15:50:55.058+0530] {dag.py:3096} INFO - Sync 1 DAGs
[2024-06-06T15:50:55.175+0530] {logging_mixin.py:188} INFO - [2024-06-06T15:50:55.175+0530] {dag.py:3954} INFO - Setting next_dagrun for example_skip_dag to 2024-06-05 00:00:00+00:00, run_after=2024-06-06 00:00:00+00:00
[2024-06-06T15:50:55.217+0530] {processor.py:183} INFO - Processing /home/wsl/airflow_venv/lib/python3.10/site-packages/airflow/example_dags/example_skip_dag.py took 0.307 seconds
[2024-06-06T15:52:19.820+0530] {processor.py:161} INFO - Started process (PID=34712) to work on /home/wsl/airflow_venv/lib/python3.10/site-packages/airflow/example_dags/example_skip_dag.py
[2024-06-06T15:52:19.826+0530] {processor.py:830} INFO - Processing file /home/wsl/airflow_venv/lib/python3.10/site-packages/airflow/example_dags/example_skip_dag.py for tasks to queue
[2024-06-06T15:52:19.833+0530] {logging_mixin.py:188} INFO - [2024-06-06T15:52:19.832+0530] {dagbag.py:540} INFO - Filling up the DagBag from /home/wsl/airflow_venv/lib/python3.10/site-packages/airflow/example_dags/example_skip_dag.py
[2024-06-06T15:52:19.857+0530] {processor.py:840} INFO - DAG(s) 'example_skip_dag' retrieved from /home/wsl/airflow_venv/lib/python3.10/site-packages/airflow/example_dags/example_skip_dag.py
[2024-06-06T15:52:19.887+0530] {logging_mixin.py:188} INFO - [2024-06-06T15:52:19.886+0530] {dag.py:3096} INFO - Sync 1 DAGs
[2024-06-06T15:52:19.917+0530] {logging_mixin.py:188} INFO - [2024-06-06T15:52:19.917+0530] {dag.py:3954} INFO - Setting next_dagrun for example_skip_dag to 2024-06-05 00:00:00+00:00, run_after=2024-06-06 00:00:00+00:00
[2024-06-06T15:52:20.072+0530] {processor.py:183} INFO - Processing /home/wsl/airflow_venv/lib/python3.10/site-packages/airflow/example_dags/example_skip_dag.py took 0.271 seconds
[2024-06-06T15:54:47.420+0530] {processor.py:161} INFO - Started process (PID=36257) to work on /home/wsl/airflow_venv/lib/python3.10/site-packages/airflow/example_dags/example_skip_dag.py
[2024-06-06T15:54:47.423+0530] {processor.py:830} INFO - Processing file /home/wsl/airflow_venv/lib/python3.10/site-packages/airflow/example_dags/example_skip_dag.py for tasks to queue
[2024-06-06T15:54:47.424+0530] {logging_mixin.py:188} INFO - [2024-06-06T15:54:47.424+0530] {dagbag.py:540} INFO - Filling up the DagBag from /home/wsl/airflow_venv/lib/python3.10/site-packages/airflow/example_dags/example_skip_dag.py
[2024-06-06T15:54:47.435+0530] {processor.py:840} INFO - DAG(s) 'example_skip_dag' retrieved from /home/wsl/airflow_venv/lib/python3.10/site-packages/airflow/example_dags/example_skip_dag.py
[2024-06-06T15:54:47.458+0530] {logging_mixin.py:188} INFO - [2024-06-06T15:54:47.458+0530] {dag.py:3096} INFO - Sync 1 DAGs
[2024-06-06T15:54:47.480+0530] {logging_mixin.py:188} INFO - [2024-06-06T15:54:47.479+0530] {dag.py:3954} INFO - Setting next_dagrun for example_skip_dag to 2024-06-05 00:00:00+00:00, run_after=2024-06-06 00:00:00+00:00
[2024-06-06T15:54:47.513+0530] {processor.py:183} INFO - Processing /home/wsl/airflow_venv/lib/python3.10/site-packages/airflow/example_dags/example_skip_dag.py took 0.107 seconds
[2024-06-06T15:57:28.339+0530] {processor.py:161} INFO - Started process (PID=37515) to work on /home/wsl/airflow_venv/lib/python3.10/site-packages/airflow/example_dags/example_skip_dag.py
[2024-06-06T15:57:28.341+0530] {processor.py:830} INFO - Processing file /home/wsl/airflow_venv/lib/python3.10/site-packages/airflow/example_dags/example_skip_dag.py for tasks to queue
[2024-06-06T15:57:28.344+0530] {logging_mixin.py:188} INFO - [2024-06-06T15:57:28.343+0530] {dagbag.py:540} INFO - Filling up the DagBag from /home/wsl/airflow_venv/lib/python3.10/site-packages/airflow/example_dags/example_skip_dag.py
[2024-06-06T15:57:28.357+0530] {processor.py:840} INFO - DAG(s) 'example_skip_dag' retrieved from /home/wsl/airflow_venv/lib/python3.10/site-packages/airflow/example_dags/example_skip_dag.py
[2024-06-06T15:57:28.420+0530] {logging_mixin.py:188} INFO - [2024-06-06T15:57:28.420+0530] {dag.py:3096} INFO - Sync 1 DAGs
[2024-06-06T15:57:28.458+0530] {logging_mixin.py:188} INFO - [2024-06-06T15:57:28.457+0530] {dag.py:3954} INFO - Setting next_dagrun for example_skip_dag to 2024-06-05 00:00:00+00:00, run_after=2024-06-06 00:00:00+00:00
[2024-06-06T15:57:28.507+0530] {processor.py:183} INFO - Processing /home/wsl/airflow_venv/lib/python3.10/site-packages/airflow/example_dags/example_skip_dag.py took 0.176 seconds
[2024-06-06T15:58:37.731+0530] {processor.py:161} INFO - Started process (PID=38244) to work on /home/wsl/airflow_venv/lib/python3.10/site-packages/airflow/example_dags/example_skip_dag.py
[2024-06-06T15:58:37.733+0530] {processor.py:830} INFO - Processing file /home/wsl/airflow_venv/lib/python3.10/site-packages/airflow/example_dags/example_skip_dag.py for tasks to queue
[2024-06-06T15:58:37.734+0530] {logging_mixin.py:188} INFO - [2024-06-06T15:58:37.734+0530] {dagbag.py:540} INFO - Filling up the DagBag from /home/wsl/airflow_venv/lib/python3.10/site-packages/airflow/example_dags/example_skip_dag.py
[2024-06-06T15:58:37.746+0530] {processor.py:840} INFO - DAG(s) 'example_skip_dag' retrieved from /home/wsl/airflow_venv/lib/python3.10/site-packages/airflow/example_dags/example_skip_dag.py
[2024-06-06T15:58:37.766+0530] {logging_mixin.py:188} INFO - [2024-06-06T15:58:37.766+0530] {dag.py:3096} INFO - Sync 1 DAGs
[2024-06-06T15:58:37.789+0530] {logging_mixin.py:188} INFO - [2024-06-06T15:58:37.789+0530] {dag.py:3954} INFO - Setting next_dagrun for example_skip_dag to 2024-06-05 00:00:00+00:00, run_after=2024-06-06 00:00:00+00:00
[2024-06-06T15:58:37.823+0530] {processor.py:183} INFO - Processing /home/wsl/airflow_venv/lib/python3.10/site-packages/airflow/example_dags/example_skip_dag.py took 0.102 seconds
[2024-06-06T15:59:53.236+0530] {processor.py:161} INFO - Started process (PID=38874) to work on /home/wsl/airflow_venv/lib/python3.10/site-packages/airflow/example_dags/example_skip_dag.py
[2024-06-06T15:59:53.240+0530] {processor.py:830} INFO - Processing file /home/wsl/airflow_venv/lib/python3.10/site-packages/airflow/example_dags/example_skip_dag.py for tasks to queue
[2024-06-06T15:59:53.249+0530] {logging_mixin.py:188} INFO - [2024-06-06T15:59:53.247+0530] {dagbag.py:540} INFO - Filling up the DagBag from /home/wsl/airflow_venv/lib/python3.10/site-packages/airflow/example_dags/example_skip_dag.py
[2024-06-06T15:59:53.285+0530] {processor.py:840} INFO - DAG(s) 'example_skip_dag' retrieved from /home/wsl/airflow_venv/lib/python3.10/site-packages/airflow/example_dags/example_skip_dag.py
[2024-06-06T15:59:53.340+0530] {logging_mixin.py:188} INFO - [2024-06-06T15:59:53.340+0530] {dag.py:3096} INFO - Sync 1 DAGs
[2024-06-06T15:59:53.379+0530] {logging_mixin.py:188} INFO - [2024-06-06T15:59:53.379+0530] {dag.py:3954} INFO - Setting next_dagrun for example_skip_dag to 2024-06-05 00:00:00+00:00, run_after=2024-06-06 00:00:00+00:00
[2024-06-06T15:59:53.413+0530] {processor.py:183} INFO - Processing /home/wsl/airflow_venv/lib/python3.10/site-packages/airflow/example_dags/example_skip_dag.py took 0.210 seconds
[2024-06-06T16:06:47.802+0530] {processor.py:161} INFO - Started process (PID=41794) to work on /home/wsl/airflow_venv/lib/python3.10/site-packages/airflow/example_dags/example_skip_dag.py
[2024-06-06T16:06:47.804+0530] {processor.py:830} INFO - Processing file /home/wsl/airflow_venv/lib/python3.10/site-packages/airflow/example_dags/example_skip_dag.py for tasks to queue
[2024-06-06T16:06:47.805+0530] {logging_mixin.py:188} INFO - [2024-06-06T16:06:47.805+0530] {dagbag.py:540} INFO - Filling up the DagBag from /home/wsl/airflow_venv/lib/python3.10/site-packages/airflow/example_dags/example_skip_dag.py
[2024-06-06T16:06:47.814+0530] {processor.py:840} INFO - DAG(s) 'example_skip_dag' retrieved from /home/wsl/airflow_venv/lib/python3.10/site-packages/airflow/example_dags/example_skip_dag.py
[2024-06-06T16:06:47.933+0530] {logging_mixin.py:188} INFO - [2024-06-06T16:06:47.932+0530] {dag.py:3096} INFO - Sync 1 DAGs
[2024-06-06T16:06:47.955+0530] {logging_mixin.py:188} INFO - [2024-06-06T16:06:47.955+0530] {dag.py:3954} INFO - Setting next_dagrun for example_skip_dag to 2024-06-05 00:00:00+00:00, run_after=2024-06-06 00:00:00+00:00
[2024-06-06T16:06:47.994+0530] {processor.py:183} INFO - Processing /home/wsl/airflow_venv/lib/python3.10/site-packages/airflow/example_dags/example_skip_dag.py took 0.201 seconds
[2024-06-06T16:08:50.550+0530] {processor.py:161} INFO - Started process (PID=43058) to work on /home/wsl/airflow_venv/lib/python3.10/site-packages/airflow/example_dags/example_skip_dag.py
[2024-06-06T16:08:50.553+0530] {processor.py:830} INFO - Processing file /home/wsl/airflow_venv/lib/python3.10/site-packages/airflow/example_dags/example_skip_dag.py for tasks to queue
[2024-06-06T16:08:50.554+0530] {logging_mixin.py:188} INFO - [2024-06-06T16:08:50.554+0530] {dagbag.py:540} INFO - Filling up the DagBag from /home/wsl/airflow_venv/lib/python3.10/site-packages/airflow/example_dags/example_skip_dag.py
[2024-06-06T16:08:50.565+0530] {processor.py:840} INFO - DAG(s) 'example_skip_dag' retrieved from /home/wsl/airflow_venv/lib/python3.10/site-packages/airflow/example_dags/example_skip_dag.py
[2024-06-06T16:08:50.596+0530] {logging_mixin.py:188} INFO - [2024-06-06T16:08:50.596+0530] {dag.py:3096} INFO - Sync 1 DAGs
[2024-06-06T16:08:50.637+0530] {logging_mixin.py:188} INFO - [2024-06-06T16:08:50.637+0530] {dag.py:3954} INFO - Setting next_dagrun for example_skip_dag to 2024-06-05 00:00:00+00:00, run_after=2024-06-06 00:00:00+00:00
[2024-06-06T16:08:50.688+0530] {processor.py:183} INFO - Processing /home/wsl/airflow_venv/lib/python3.10/site-packages/airflow/example_dags/example_skip_dag.py took 0.152 seconds
[2024-06-06T16:11:02.572+0530] {processor.py:161} INFO - Started process (PID=44393) to work on /home/wsl/airflow_venv/lib/python3.10/site-packages/airflow/example_dags/example_skip_dag.py
[2024-06-06T16:11:02.576+0530] {processor.py:830} INFO - Processing file /home/wsl/airflow_venv/lib/python3.10/site-packages/airflow/example_dags/example_skip_dag.py for tasks to queue
[2024-06-06T16:11:02.579+0530] {logging_mixin.py:188} INFO - [2024-06-06T16:11:02.578+0530] {dagbag.py:540} INFO - Filling up the DagBag from /home/wsl/airflow_venv/lib/python3.10/site-packages/airflow/example_dags/example_skip_dag.py
[2024-06-06T16:11:02.590+0530] {processor.py:840} INFO - DAG(s) 'example_skip_dag' retrieved from /home/wsl/airflow_venv/lib/python3.10/site-packages/airflow/example_dags/example_skip_dag.py
[2024-06-06T16:11:02.609+0530] {logging_mixin.py:188} INFO - [2024-06-06T16:11:02.608+0530] {dag.py:3096} INFO - Sync 1 DAGs
[2024-06-06T16:11:02.628+0530] {logging_mixin.py:188} INFO - [2024-06-06T16:11:02.628+0530] {dag.py:3954} INFO - Setting next_dagrun for example_skip_dag to 2024-06-05 00:00:00+00:00, run_after=2024-06-06 00:00:00+00:00
[2024-06-06T16:11:02.655+0530] {processor.py:183} INFO - Processing /home/wsl/airflow_venv/lib/python3.10/site-packages/airflow/example_dags/example_skip_dag.py took 0.105 seconds
[2024-06-06T16:12:44.099+0530] {processor.py:161} INFO - Started process (PID=45591) to work on /home/wsl/airflow_venv/lib/python3.10/site-packages/airflow/example_dags/example_skip_dag.py
[2024-06-06T16:12:44.101+0530] {processor.py:830} INFO - Processing file /home/wsl/airflow_venv/lib/python3.10/site-packages/airflow/example_dags/example_skip_dag.py for tasks to queue
[2024-06-06T16:12:44.102+0530] {logging_mixin.py:188} INFO - [2024-06-06T16:12:44.101+0530] {dagbag.py:540} INFO - Filling up the DagBag from /home/wsl/airflow_venv/lib/python3.10/site-packages/airflow/example_dags/example_skip_dag.py
[2024-06-06T16:12:44.110+0530] {processor.py:840} INFO - DAG(s) 'example_skip_dag' retrieved from /home/wsl/airflow_venv/lib/python3.10/site-packages/airflow/example_dags/example_skip_dag.py
[2024-06-06T16:12:44.134+0530] {logging_mixin.py:188} INFO - [2024-06-06T16:12:44.133+0530] {dag.py:3096} INFO - Sync 1 DAGs
[2024-06-06T16:12:44.158+0530] {logging_mixin.py:188} INFO - [2024-06-06T16:12:44.158+0530] {dag.py:3954} INFO - Setting next_dagrun for example_skip_dag to 2024-06-05 00:00:00+00:00, run_after=2024-06-06 00:00:00+00:00
[2024-06-06T16:12:44.342+0530] {processor.py:183} INFO - Processing /home/wsl/airflow_venv/lib/python3.10/site-packages/airflow/example_dags/example_skip_dag.py took 0.254 seconds
[2024-06-06T16:26:33.634+0530] {processor.py:161} INFO - Started process (PID=52229) to work on /home/wsl/airflow_venv/lib/python3.10/site-packages/airflow/example_dags/example_skip_dag.py
[2024-06-06T16:26:33.638+0530] {processor.py:830} INFO - Processing file /home/wsl/airflow_venv/lib/python3.10/site-packages/airflow/example_dags/example_skip_dag.py for tasks to queue
[2024-06-06T16:26:33.640+0530] {logging_mixin.py:188} INFO - [2024-06-06T16:26:33.639+0530] {dagbag.py:540} INFO - Filling up the DagBag from /home/wsl/airflow_venv/lib/python3.10/site-packages/airflow/example_dags/example_skip_dag.py
[2024-06-06T16:26:33.655+0530] {processor.py:840} INFO - DAG(s) 'example_skip_dag' retrieved from /home/wsl/airflow_venv/lib/python3.10/site-packages/airflow/example_dags/example_skip_dag.py
[2024-06-06T16:26:33.872+0530] {logging_mixin.py:188} INFO - [2024-06-06T16:26:33.872+0530] {dag.py:3096} INFO - Sync 1 DAGs
[2024-06-06T16:26:33.911+0530] {logging_mixin.py:188} INFO - [2024-06-06T16:26:33.910+0530] {dag.py:3954} INFO - Setting next_dagrun for example_skip_dag to 2024-06-05 00:00:00+00:00, run_after=2024-06-06 00:00:00+00:00
[2024-06-06T16:26:33.944+0530] {processor.py:183} INFO - Processing /home/wsl/airflow_venv/lib/python3.10/site-packages/airflow/example_dags/example_skip_dag.py took 0.325 seconds
[2024-06-06T16:29:31.148+0530] {processor.py:161} INFO - Started process (PID=54008) to work on /home/wsl/airflow_venv/lib/python3.10/site-packages/airflow/example_dags/example_skip_dag.py
[2024-06-06T16:29:31.153+0530] {processor.py:830} INFO - Processing file /home/wsl/airflow_venv/lib/python3.10/site-packages/airflow/example_dags/example_skip_dag.py for tasks to queue
[2024-06-06T16:29:31.157+0530] {logging_mixin.py:188} INFO - [2024-06-06T16:29:31.155+0530] {dagbag.py:540} INFO - Filling up the DagBag from /home/wsl/airflow_venv/lib/python3.10/site-packages/airflow/example_dags/example_skip_dag.py
[2024-06-06T16:29:31.182+0530] {processor.py:840} INFO - DAG(s) 'example_skip_dag' retrieved from /home/wsl/airflow_venv/lib/python3.10/site-packages/airflow/example_dags/example_skip_dag.py
[2024-06-06T16:29:31.221+0530] {logging_mixin.py:188} INFO - [2024-06-06T16:29:31.220+0530] {dag.py:3096} INFO - Sync 1 DAGs
[2024-06-06T16:29:31.240+0530] {logging_mixin.py:188} INFO - [2024-06-06T16:29:31.240+0530] {dag.py:3954} INFO - Setting next_dagrun for example_skip_dag to 2024-06-05 00:00:00+00:00, run_after=2024-06-06 00:00:00+00:00
[2024-06-06T16:29:31.266+0530] {processor.py:183} INFO - Processing /home/wsl/airflow_venv/lib/python3.10/site-packages/airflow/example_dags/example_skip_dag.py took 0.142 seconds
[2024-06-06T16:32:05.134+0530] {processor.py:161} INFO - Started process (PID=55784) to work on /home/wsl/airflow_venv/lib/python3.10/site-packages/airflow/example_dags/example_skip_dag.py
[2024-06-06T16:32:05.135+0530] {processor.py:830} INFO - Processing file /home/wsl/airflow_venv/lib/python3.10/site-packages/airflow/example_dags/example_skip_dag.py for tasks to queue
[2024-06-06T16:32:05.137+0530] {logging_mixin.py:188} INFO - [2024-06-06T16:32:05.136+0530] {dagbag.py:540} INFO - Filling up the DagBag from /home/wsl/airflow_venv/lib/python3.10/site-packages/airflow/example_dags/example_skip_dag.py
[2024-06-06T16:32:05.144+0530] {processor.py:840} INFO - DAG(s) 'example_skip_dag' retrieved from /home/wsl/airflow_venv/lib/python3.10/site-packages/airflow/example_dags/example_skip_dag.py
[2024-06-06T16:32:05.164+0530] {logging_mixin.py:188} INFO - [2024-06-06T16:32:05.164+0530] {dag.py:3096} INFO - Sync 1 DAGs
[2024-06-06T16:32:05.184+0530] {logging_mixin.py:188} INFO - [2024-06-06T16:32:05.184+0530] {dag.py:3954} INFO - Setting next_dagrun for example_skip_dag to 2024-06-05 00:00:00+00:00, run_after=2024-06-06 00:00:00+00:00
[2024-06-06T16:32:05.213+0530] {processor.py:183} INFO - Processing /home/wsl/airflow_venv/lib/python3.10/site-packages/airflow/example_dags/example_skip_dag.py took 0.086 seconds
[2024-06-06T16:34:08.735+0530] {processor.py:161} INFO - Started process (PID=57185) to work on /home/wsl/airflow_venv/lib/python3.10/site-packages/airflow/example_dags/example_skip_dag.py
[2024-06-06T16:34:08.738+0530] {processor.py:830} INFO - Processing file /home/wsl/airflow_venv/lib/python3.10/site-packages/airflow/example_dags/example_skip_dag.py for tasks to queue
[2024-06-06T16:34:08.739+0530] {logging_mixin.py:188} INFO - [2024-06-06T16:34:08.738+0530] {dagbag.py:540} INFO - Filling up the DagBag from /home/wsl/airflow_venv/lib/python3.10/site-packages/airflow/example_dags/example_skip_dag.py
[2024-06-06T16:34:08.749+0530] {processor.py:840} INFO - DAG(s) 'example_skip_dag' retrieved from /home/wsl/airflow_venv/lib/python3.10/site-packages/airflow/example_dags/example_skip_dag.py
[2024-06-06T16:34:08.769+0530] {logging_mixin.py:188} INFO - [2024-06-06T16:34:08.768+0530] {dag.py:3096} INFO - Sync 1 DAGs
[2024-06-06T16:34:08.788+0530] {logging_mixin.py:188} INFO - [2024-06-06T16:34:08.787+0530] {dag.py:3954} INFO - Setting next_dagrun for example_skip_dag to 2024-06-05 00:00:00+00:00, run_after=2024-06-06 00:00:00+00:00
[2024-06-06T16:34:08.812+0530] {processor.py:183} INFO - Processing /home/wsl/airflow_venv/lib/python3.10/site-packages/airflow/example_dags/example_skip_dag.py took 0.089 seconds
[2024-06-06T16:36:13.528+0530] {processor.py:161} INFO - Started process (PID=58629) to work on /home/wsl/airflow_venv/lib/python3.10/site-packages/airflow/example_dags/example_skip_dag.py
[2024-06-06T16:36:13.530+0530] {processor.py:830} INFO - Processing file /home/wsl/airflow_venv/lib/python3.10/site-packages/airflow/example_dags/example_skip_dag.py for tasks to queue
[2024-06-06T16:36:13.531+0530] {logging_mixin.py:188} INFO - [2024-06-06T16:36:13.531+0530] {dagbag.py:540} INFO - Filling up the DagBag from /home/wsl/airflow_venv/lib/python3.10/site-packages/airflow/example_dags/example_skip_dag.py
[2024-06-06T16:36:13.539+0530] {processor.py:840} INFO - DAG(s) 'example_skip_dag' retrieved from /home/wsl/airflow_venv/lib/python3.10/site-packages/airflow/example_dags/example_skip_dag.py
[2024-06-06T16:36:13.559+0530] {logging_mixin.py:188} INFO - [2024-06-06T16:36:13.559+0530] {dag.py:3096} INFO - Sync 1 DAGs
[2024-06-06T16:36:13.583+0530] {logging_mixin.py:188} INFO - [2024-06-06T16:36:13.583+0530] {dag.py:3954} INFO - Setting next_dagrun for example_skip_dag to 2024-06-05 00:00:00+00:00, run_after=2024-06-06 00:00:00+00:00
[2024-06-06T16:36:13.781+0530] {processor.py:183} INFO - Processing /home/wsl/airflow_venv/lib/python3.10/site-packages/airflow/example_dags/example_skip_dag.py took 0.262 seconds
[2024-06-06T16:38:58.555+0530] {processor.py:161} INFO - Started process (PID=60155) to work on /home/wsl/airflow_venv/lib/python3.10/site-packages/airflow/example_dags/example_skip_dag.py
[2024-06-06T16:38:58.567+0530] {processor.py:830} INFO - Processing file /home/wsl/airflow_venv/lib/python3.10/site-packages/airflow/example_dags/example_skip_dag.py for tasks to queue
[2024-06-06T16:38:58.569+0530] {logging_mixin.py:188} INFO - [2024-06-06T16:38:58.568+0530] {dagbag.py:540} INFO - Filling up the DagBag from /home/wsl/airflow_venv/lib/python3.10/site-packages/airflow/example_dags/example_skip_dag.py
[2024-06-06T16:38:58.598+0530] {processor.py:840} INFO - DAG(s) 'example_skip_dag' retrieved from /home/wsl/airflow_venv/lib/python3.10/site-packages/airflow/example_dags/example_skip_dag.py
[2024-06-06T16:38:58.687+0530] {logging_mixin.py:188} INFO - [2024-06-06T16:38:58.686+0530] {dag.py:3096} INFO - Sync 1 DAGs
[2024-06-06T16:38:58.735+0530] {logging_mixin.py:188} INFO - [2024-06-06T16:38:58.735+0530] {dag.py:3954} INFO - Setting next_dagrun for example_skip_dag to 2024-06-05 00:00:00+00:00, run_after=2024-06-06 00:00:00+00:00
[2024-06-06T16:38:58.771+0530] {processor.py:183} INFO - Processing /home/wsl/airflow_venv/lib/python3.10/site-packages/airflow/example_dags/example_skip_dag.py took 0.246 seconds
[2024-06-06T16:41:37.110+0530] {processor.py:161} INFO - Started process (PID=62025) to work on /home/wsl/airflow_venv/lib/python3.10/site-packages/airflow/example_dags/example_skip_dag.py
[2024-06-06T16:41:37.113+0530] {processor.py:830} INFO - Processing file /home/wsl/airflow_venv/lib/python3.10/site-packages/airflow/example_dags/example_skip_dag.py for tasks to queue
[2024-06-06T16:41:37.114+0530] {logging_mixin.py:188} INFO - [2024-06-06T16:41:37.114+0530] {dagbag.py:540} INFO - Filling up the DagBag from /home/wsl/airflow_venv/lib/python3.10/site-packages/airflow/example_dags/example_skip_dag.py
[2024-06-06T16:41:37.124+0530] {processor.py:840} INFO - DAG(s) 'example_skip_dag' retrieved from /home/wsl/airflow_venv/lib/python3.10/site-packages/airflow/example_dags/example_skip_dag.py
[2024-06-06T16:41:37.143+0530] {logging_mixin.py:188} INFO - [2024-06-06T16:41:37.143+0530] {dag.py:3096} INFO - Sync 1 DAGs
[2024-06-06T16:41:37.161+0530] {logging_mixin.py:188} INFO - [2024-06-06T16:41:37.161+0530] {dag.py:3954} INFO - Setting next_dagrun for example_skip_dag to 2024-06-05 00:00:00+00:00, run_after=2024-06-06 00:00:00+00:00
[2024-06-06T16:41:37.368+0530] {processor.py:183} INFO - Processing /home/wsl/airflow_venv/lib/python3.10/site-packages/airflow/example_dags/example_skip_dag.py took 0.269 seconds
[2024-06-06T16:43:38.923+0530] {processor.py:161} INFO - Started process (PID=63263) to work on /home/wsl/airflow_venv/lib/python3.10/site-packages/airflow/example_dags/example_skip_dag.py
[2024-06-06T16:43:38.925+0530] {processor.py:830} INFO - Processing file /home/wsl/airflow_venv/lib/python3.10/site-packages/airflow/example_dags/example_skip_dag.py for tasks to queue
[2024-06-06T16:43:38.927+0530] {logging_mixin.py:188} INFO - [2024-06-06T16:43:38.926+0530] {dagbag.py:540} INFO - Filling up the DagBag from /home/wsl/airflow_venv/lib/python3.10/site-packages/airflow/example_dags/example_skip_dag.py
[2024-06-06T16:43:38.938+0530] {processor.py:840} INFO - DAG(s) 'example_skip_dag' retrieved from /home/wsl/airflow_venv/lib/python3.10/site-packages/airflow/example_dags/example_skip_dag.py
[2024-06-06T16:43:38.957+0530] {logging_mixin.py:188} INFO - [2024-06-06T16:43:38.956+0530] {dag.py:3096} INFO - Sync 1 DAGs
[2024-06-06T16:43:38.981+0530] {logging_mixin.py:188} INFO - [2024-06-06T16:43:38.981+0530] {dag.py:3954} INFO - Setting next_dagrun for example_skip_dag to 2024-06-05 00:00:00+00:00, run_after=2024-06-06 00:00:00+00:00
[2024-06-06T16:43:39.029+0530] {processor.py:183} INFO - Processing /home/wsl/airflow_venv/lib/python3.10/site-packages/airflow/example_dags/example_skip_dag.py took 0.128 seconds
[2024-06-06T16:45:55.690+0530] {processor.py:161} INFO - Started process (PID=64887) to work on /home/wsl/airflow_venv/lib/python3.10/site-packages/airflow/example_dags/example_skip_dag.py
[2024-06-06T16:45:55.693+0530] {processor.py:830} INFO - Processing file /home/wsl/airflow_venv/lib/python3.10/site-packages/airflow/example_dags/example_skip_dag.py for tasks to queue
[2024-06-06T16:45:55.697+0530] {logging_mixin.py:188} INFO - [2024-06-06T16:45:55.694+0530] {dagbag.py:540} INFO - Filling up the DagBag from /home/wsl/airflow_venv/lib/python3.10/site-packages/airflow/example_dags/example_skip_dag.py
[2024-06-06T16:45:55.718+0530] {processor.py:840} INFO - DAG(s) 'example_skip_dag' retrieved from /home/wsl/airflow_venv/lib/python3.10/site-packages/airflow/example_dags/example_skip_dag.py
[2024-06-06T16:45:55.768+0530] {logging_mixin.py:188} INFO - [2024-06-06T16:45:55.767+0530] {dag.py:3096} INFO - Sync 1 DAGs
[2024-06-06T16:45:55.818+0530] {logging_mixin.py:188} INFO - [2024-06-06T16:45:55.818+0530] {dag.py:3954} INFO - Setting next_dagrun for example_skip_dag to 2024-06-05 00:00:00+00:00, run_after=2024-06-06 00:00:00+00:00
[2024-06-06T16:45:55.902+0530] {processor.py:183} INFO - Processing /home/wsl/airflow_venv/lib/python3.10/site-packages/airflow/example_dags/example_skip_dag.py took 0.222 seconds
[2024-06-06T16:48:30.548+0530] {processor.py:161} INFO - Started process (PID=66761) to work on /home/wsl/airflow_venv/lib/python3.10/site-packages/airflow/example_dags/example_skip_dag.py
[2024-06-06T16:48:30.560+0530] {processor.py:830} INFO - Processing file /home/wsl/airflow_venv/lib/python3.10/site-packages/airflow/example_dags/example_skip_dag.py for tasks to queue
[2024-06-06T16:48:30.562+0530] {logging_mixin.py:188} INFO - [2024-06-06T16:48:30.562+0530] {dagbag.py:540} INFO - Filling up the DagBag from /home/wsl/airflow_venv/lib/python3.10/site-packages/airflow/example_dags/example_skip_dag.py
[2024-06-06T16:48:30.584+0530] {processor.py:840} INFO - DAG(s) 'example_skip_dag' retrieved from /home/wsl/airflow_venv/lib/python3.10/site-packages/airflow/example_dags/example_skip_dag.py
[2024-06-06T16:48:30.664+0530] {logging_mixin.py:188} INFO - [2024-06-06T16:48:30.664+0530] {dag.py:3096} INFO - Sync 1 DAGs
[2024-06-06T16:48:30.701+0530] {logging_mixin.py:188} INFO - [2024-06-06T16:48:30.701+0530] {dag.py:3954} INFO - Setting next_dagrun for example_skip_dag to 2024-06-05 00:00:00+00:00, run_after=2024-06-06 00:00:00+00:00
[2024-06-06T16:48:30.758+0530] {processor.py:183} INFO - Processing /home/wsl/airflow_venv/lib/python3.10/site-packages/airflow/example_dags/example_skip_dag.py took 0.241 seconds
[2024-06-06T16:51:24.898+0530] {processor.py:161} INFO - Started process (PID=68431) to work on /home/wsl/airflow_venv/lib/python3.10/site-packages/airflow/example_dags/example_skip_dag.py
[2024-06-06T16:51:24.900+0530] {processor.py:830} INFO - Processing file /home/wsl/airflow_venv/lib/python3.10/site-packages/airflow/example_dags/example_skip_dag.py for tasks to queue
[2024-06-06T16:51:24.902+0530] {logging_mixin.py:188} INFO - [2024-06-06T16:51:24.902+0530] {dagbag.py:540} INFO - Filling up the DagBag from /home/wsl/airflow_venv/lib/python3.10/site-packages/airflow/example_dags/example_skip_dag.py
[2024-06-06T16:51:24.930+0530] {processor.py:840} INFO - DAG(s) 'example_skip_dag' retrieved from /home/wsl/airflow_venv/lib/python3.10/site-packages/airflow/example_dags/example_skip_dag.py
[2024-06-06T16:51:25.018+0530] {logging_mixin.py:188} INFO - [2024-06-06T16:51:25.017+0530] {dag.py:3096} INFO - Sync 1 DAGs
[2024-06-06T16:51:25.121+0530] {logging_mixin.py:188} INFO - [2024-06-06T16:51:25.121+0530] {dag.py:3954} INFO - Setting next_dagrun for example_skip_dag to 2024-06-05 00:00:00+00:00, run_after=2024-06-06 00:00:00+00:00
[2024-06-06T16:51:25.237+0530] {processor.py:183} INFO - Processing /home/wsl/airflow_venv/lib/python3.10/site-packages/airflow/example_dags/example_skip_dag.py took 0.370 seconds
[2024-06-06T16:54:11.803+0530] {processor.py:161} INFO - Started process (PID=70285) to work on /home/wsl/airflow_venv/lib/python3.10/site-packages/airflow/example_dags/example_skip_dag.py
[2024-06-06T16:54:11.805+0530] {processor.py:830} INFO - Processing file /home/wsl/airflow_venv/lib/python3.10/site-packages/airflow/example_dags/example_skip_dag.py for tasks to queue
[2024-06-06T16:54:11.807+0530] {logging_mixin.py:188} INFO - [2024-06-06T16:54:11.806+0530] {dagbag.py:540} INFO - Filling up the DagBag from /home/wsl/airflow_venv/lib/python3.10/site-packages/airflow/example_dags/example_skip_dag.py
[2024-06-06T16:54:11.814+0530] {processor.py:840} INFO - DAG(s) 'example_skip_dag' retrieved from /home/wsl/airflow_venv/lib/python3.10/site-packages/airflow/example_dags/example_skip_dag.py
[2024-06-06T16:54:11.833+0530] {logging_mixin.py:188} INFO - [2024-06-06T16:54:11.832+0530] {dag.py:3096} INFO - Sync 1 DAGs
[2024-06-06T16:54:11.851+0530] {logging_mixin.py:188} INFO - [2024-06-06T16:54:11.851+0530] {dag.py:3954} INFO - Setting next_dagrun for example_skip_dag to 2024-06-05 00:00:00+00:00, run_after=2024-06-06 00:00:00+00:00
[2024-06-06T16:54:11.876+0530] {processor.py:183} INFO - Processing /home/wsl/airflow_venv/lib/python3.10/site-packages/airflow/example_dags/example_skip_dag.py took 0.083 seconds
[2024-06-06T16:56:06.247+0530] {processor.py:161} INFO - Started process (PID=71756) to work on /home/wsl/airflow_venv/lib/python3.10/site-packages/airflow/example_dags/example_skip_dag.py
[2024-06-06T16:56:06.249+0530] {processor.py:830} INFO - Processing file /home/wsl/airflow_venv/lib/python3.10/site-packages/airflow/example_dags/example_skip_dag.py for tasks to queue
[2024-06-06T16:56:06.251+0530] {logging_mixin.py:188} INFO - [2024-06-06T16:56:06.250+0530] {dagbag.py:540} INFO - Filling up the DagBag from /home/wsl/airflow_venv/lib/python3.10/site-packages/airflow/example_dags/example_skip_dag.py
[2024-06-06T16:56:06.260+0530] {processor.py:840} INFO - DAG(s) 'example_skip_dag' retrieved from /home/wsl/airflow_venv/lib/python3.10/site-packages/airflow/example_dags/example_skip_dag.py
[2024-06-06T16:56:06.284+0530] {logging_mixin.py:188} INFO - [2024-06-06T16:56:06.284+0530] {dag.py:3096} INFO - Sync 1 DAGs
[2024-06-06T16:56:06.305+0530] {logging_mixin.py:188} INFO - [2024-06-06T16:56:06.304+0530] {dag.py:3954} INFO - Setting next_dagrun for example_skip_dag to 2024-06-05 00:00:00+00:00, run_after=2024-06-06 00:00:00+00:00
[2024-06-06T16:56:06.330+0530] {processor.py:183} INFO - Processing /home/wsl/airflow_venv/lib/python3.10/site-packages/airflow/example_dags/example_skip_dag.py took 0.093 seconds
[2024-06-06T16:58:21.544+0530] {processor.py:161} INFO - Started process (PID=73408) to work on /home/wsl/airflow_venv/lib/python3.10/site-packages/airflow/example_dags/example_skip_dag.py
[2024-06-06T16:58:21.551+0530] {processor.py:830} INFO - Processing file /home/wsl/airflow_venv/lib/python3.10/site-packages/airflow/example_dags/example_skip_dag.py for tasks to queue
[2024-06-06T16:58:21.552+0530] {logging_mixin.py:188} INFO - [2024-06-06T16:58:21.552+0530] {dagbag.py:540} INFO - Filling up the DagBag from /home/wsl/airflow_venv/lib/python3.10/site-packages/airflow/example_dags/example_skip_dag.py
[2024-06-06T16:58:21.562+0530] {processor.py:840} INFO - DAG(s) 'example_skip_dag' retrieved from /home/wsl/airflow_venv/lib/python3.10/site-packages/airflow/example_dags/example_skip_dag.py
[2024-06-06T16:58:21.591+0530] {logging_mixin.py:188} INFO - [2024-06-06T16:58:21.590+0530] {dag.py:3096} INFO - Sync 1 DAGs
[2024-06-06T16:58:21.617+0530] {logging_mixin.py:188} INFO - [2024-06-06T16:58:21.617+0530] {dag.py:3954} INFO - Setting next_dagrun for example_skip_dag to 2024-06-05 00:00:00+00:00, run_after=2024-06-06 00:00:00+00:00
[2024-06-06T16:58:21.663+0530] {processor.py:183} INFO - Processing /home/wsl/airflow_venv/lib/python3.10/site-packages/airflow/example_dags/example_skip_dag.py took 0.131 seconds
[2024-06-06T17:00:37.932+0530] {processor.py:161} INFO - Started process (PID=75086) to work on /home/wsl/airflow_venv/lib/python3.10/site-packages/airflow/example_dags/example_skip_dag.py
[2024-06-06T17:00:37.934+0530] {processor.py:830} INFO - Processing file /home/wsl/airflow_venv/lib/python3.10/site-packages/airflow/example_dags/example_skip_dag.py for tasks to queue
[2024-06-06T17:00:37.936+0530] {logging_mixin.py:188} INFO - [2024-06-06T17:00:37.935+0530] {dagbag.py:540} INFO - Filling up the DagBag from /home/wsl/airflow_venv/lib/python3.10/site-packages/airflow/example_dags/example_skip_dag.py
[2024-06-06T17:00:37.943+0530] {processor.py:840} INFO - DAG(s) 'example_skip_dag' retrieved from /home/wsl/airflow_venv/lib/python3.10/site-packages/airflow/example_dags/example_skip_dag.py
[2024-06-06T17:00:37.966+0530] {logging_mixin.py:188} INFO - [2024-06-06T17:00:37.966+0530] {dag.py:3096} INFO - Sync 1 DAGs
[2024-06-06T17:00:37.987+0530] {logging_mixin.py:188} INFO - [2024-06-06T17:00:37.987+0530] {dag.py:3954} INFO - Setting next_dagrun for example_skip_dag to 2024-06-05 00:00:00+00:00, run_after=2024-06-06 00:00:00+00:00
[2024-06-06T17:00:38.018+0530] {processor.py:183} INFO - Processing /home/wsl/airflow_venv/lib/python3.10/site-packages/airflow/example_dags/example_skip_dag.py took 0.093 seconds
[2024-06-06T17:02:52.918+0530] {processor.py:161} INFO - Started process (PID=76709) to work on /home/wsl/airflow_venv/lib/python3.10/site-packages/airflow/example_dags/example_skip_dag.py
[2024-06-06T17:02:52.920+0530] {processor.py:830} INFO - Processing file /home/wsl/airflow_venv/lib/python3.10/site-packages/airflow/example_dags/example_skip_dag.py for tasks to queue
[2024-06-06T17:02:52.922+0530] {logging_mixin.py:188} INFO - [2024-06-06T17:02:52.921+0530] {dagbag.py:540} INFO - Filling up the DagBag from /home/wsl/airflow_venv/lib/python3.10/site-packages/airflow/example_dags/example_skip_dag.py
[2024-06-06T17:02:52.931+0530] {processor.py:840} INFO - DAG(s) 'example_skip_dag' retrieved from /home/wsl/airflow_venv/lib/python3.10/site-packages/airflow/example_dags/example_skip_dag.py
[2024-06-06T17:02:52.950+0530] {logging_mixin.py:188} INFO - [2024-06-06T17:02:52.950+0530] {dag.py:3096} INFO - Sync 1 DAGs
[2024-06-06T17:02:52.968+0530] {logging_mixin.py:188} INFO - [2024-06-06T17:02:52.968+0530] {dag.py:3954} INFO - Setting next_dagrun for example_skip_dag to 2024-06-05 00:00:00+00:00, run_after=2024-06-06 00:00:00+00:00
[2024-06-06T17:02:52.994+0530] {processor.py:183} INFO - Processing /home/wsl/airflow_venv/lib/python3.10/site-packages/airflow/example_dags/example_skip_dag.py took 0.090 seconds
[2024-06-06T17:04:57.586+0530] {processor.py:161} INFO - Started process (PID=78343) to work on /home/wsl/airflow_venv/lib/python3.10/site-packages/airflow/example_dags/example_skip_dag.py
[2024-06-06T17:04:57.588+0530] {processor.py:830} INFO - Processing file /home/wsl/airflow_venv/lib/python3.10/site-packages/airflow/example_dags/example_skip_dag.py for tasks to queue
[2024-06-06T17:04:57.589+0530] {logging_mixin.py:188} INFO - [2024-06-06T17:04:57.588+0530] {dagbag.py:540} INFO - Filling up the DagBag from /home/wsl/airflow_venv/lib/python3.10/site-packages/airflow/example_dags/example_skip_dag.py
[2024-06-06T17:04:57.596+0530] {processor.py:840} INFO - DAG(s) 'example_skip_dag' retrieved from /home/wsl/airflow_venv/lib/python3.10/site-packages/airflow/example_dags/example_skip_dag.py
[2024-06-06T17:04:57.615+0530] {logging_mixin.py:188} INFO - [2024-06-06T17:04:57.615+0530] {dag.py:3096} INFO - Sync 1 DAGs
[2024-06-06T17:04:57.635+0530] {logging_mixin.py:188} INFO - [2024-06-06T17:04:57.635+0530] {dag.py:3954} INFO - Setting next_dagrun for example_skip_dag to 2024-06-05 00:00:00+00:00, run_after=2024-06-06 00:00:00+00:00
[2024-06-06T17:04:57.659+0530] {processor.py:183} INFO - Processing /home/wsl/airflow_venv/lib/python3.10/site-packages/airflow/example_dags/example_skip_dag.py took 0.080 seconds
[2024-06-06T17:06:46.969+0530] {processor.py:161} INFO - Started process (PID=79823) to work on /home/wsl/airflow_venv/lib/python3.10/site-packages/airflow/example_dags/example_skip_dag.py
[2024-06-06T17:06:46.971+0530] {processor.py:830} INFO - Processing file /home/wsl/airflow_venv/lib/python3.10/site-packages/airflow/example_dags/example_skip_dag.py for tasks to queue
[2024-06-06T17:06:46.973+0530] {logging_mixin.py:188} INFO - [2024-06-06T17:06:46.972+0530] {dagbag.py:540} INFO - Filling up the DagBag from /home/wsl/airflow_venv/lib/python3.10/site-packages/airflow/example_dags/example_skip_dag.py
[2024-06-06T17:06:46.981+0530] {processor.py:840} INFO - DAG(s) 'example_skip_dag' retrieved from /home/wsl/airflow_venv/lib/python3.10/site-packages/airflow/example_dags/example_skip_dag.py
[2024-06-06T17:06:46.999+0530] {logging_mixin.py:188} INFO - [2024-06-06T17:06:46.999+0530] {dag.py:3096} INFO - Sync 1 DAGs
[2024-06-06T17:06:47.017+0530] {logging_mixin.py:188} INFO - [2024-06-06T17:06:47.017+0530] {dag.py:3954} INFO - Setting next_dagrun for example_skip_dag to 2024-06-05 00:00:00+00:00, run_after=2024-06-06 00:00:00+00:00
[2024-06-06T17:06:47.046+0530] {processor.py:183} INFO - Processing /home/wsl/airflow_venv/lib/python3.10/site-packages/airflow/example_dags/example_skip_dag.py took 0.088 seconds
[2024-06-06T17:08:58.540+0530] {processor.py:161} INFO - Started process (PID=81472) to work on /home/wsl/airflow_venv/lib/python3.10/site-packages/airflow/example_dags/example_skip_dag.py
[2024-06-06T17:08:58.542+0530] {processor.py:830} INFO - Processing file /home/wsl/airflow_venv/lib/python3.10/site-packages/airflow/example_dags/example_skip_dag.py for tasks to queue
[2024-06-06T17:08:58.543+0530] {logging_mixin.py:188} INFO - [2024-06-06T17:08:58.543+0530] {dagbag.py:540} INFO - Filling up the DagBag from /home/wsl/airflow_venv/lib/python3.10/site-packages/airflow/example_dags/example_skip_dag.py
[2024-06-06T17:08:58.557+0530] {processor.py:840} INFO - DAG(s) 'example_skip_dag' retrieved from /home/wsl/airflow_venv/lib/python3.10/site-packages/airflow/example_dags/example_skip_dag.py
[2024-06-06T17:08:58.586+0530] {logging_mixin.py:188} INFO - [2024-06-06T17:08:58.585+0530] {dag.py:3096} INFO - Sync 1 DAGs
[2024-06-06T17:08:58.622+0530] {logging_mixin.py:188} INFO - [2024-06-06T17:08:58.621+0530] {dag.py:3954} INFO - Setting next_dagrun for example_skip_dag to 2024-06-05 00:00:00+00:00, run_after=2024-06-06 00:00:00+00:00
[2024-06-06T17:08:58.673+0530] {processor.py:183} INFO - Processing /home/wsl/airflow_venv/lib/python3.10/site-packages/airflow/example_dags/example_skip_dag.py took 0.146 seconds
[2024-06-06T17:11:11.313+0530] {processor.py:161} INFO - Started process (PID=83229) to work on /home/wsl/airflow_venv/lib/python3.10/site-packages/airflow/example_dags/example_skip_dag.py
[2024-06-06T17:11:11.315+0530] {processor.py:830} INFO - Processing file /home/wsl/airflow_venv/lib/python3.10/site-packages/airflow/example_dags/example_skip_dag.py for tasks to queue
[2024-06-06T17:11:11.317+0530] {logging_mixin.py:188} INFO - [2024-06-06T17:11:11.316+0530] {dagbag.py:540} INFO - Filling up the DagBag from /home/wsl/airflow_venv/lib/python3.10/site-packages/airflow/example_dags/example_skip_dag.py
[2024-06-06T17:11:11.331+0530] {processor.py:840} INFO - DAG(s) 'example_skip_dag' retrieved from /home/wsl/airflow_venv/lib/python3.10/site-packages/airflow/example_dags/example_skip_dag.py
[2024-06-06T17:11:11.367+0530] {logging_mixin.py:188} INFO - [2024-06-06T17:11:11.367+0530] {dag.py:3096} INFO - Sync 1 DAGs
[2024-06-06T17:11:11.409+0530] {logging_mixin.py:188} INFO - [2024-06-06T17:11:11.409+0530] {dag.py:3954} INFO - Setting next_dagrun for example_skip_dag to 2024-06-05 00:00:00+00:00, run_after=2024-06-06 00:00:00+00:00
[2024-06-06T17:11:11.467+0530] {processor.py:183} INFO - Processing /home/wsl/airflow_venv/lib/python3.10/site-packages/airflow/example_dags/example_skip_dag.py took 0.167 seconds
