[2024-06-06T15:50:00.004+0530] {processor.py:161} INFO - Started process (PID=33450) to work on /home/wsl/airflow_venv/lib/python3.10/site-packages/airflow/example_dags/example_trigger_controller_dag.py
[2024-06-06T15:50:00.005+0530] {processor.py:830} INFO - Processing file /home/wsl/airflow_venv/lib/python3.10/site-packages/airflow/example_dags/example_trigger_controller_dag.py for tasks to queue
[2024-06-06T15:50:00.008+0530] {logging_mixin.py:188} INFO - [2024-06-06T15:50:00.008+0530] {dagbag.py:540} INFO - Filling up the DagBag from /home/wsl/airflow_venv/lib/python3.10/site-packages/airflow/example_dags/example_trigger_controller_dag.py
[2024-06-06T15:50:00.024+0530] {processor.py:840} INFO - DAG(s) 'example_trigger_controller_dag' retrieved from /home/wsl/airflow_venv/lib/python3.10/site-packages/airflow/example_dags/example_trigger_controller_dag.py
[2024-06-06T15:50:00.163+0530] {logging_mixin.py:188} INFO - [2024-06-06T15:50:00.162+0530] {dag.py:3096} INFO - Sync 1 DAGs
[2024-06-06T15:50:00.183+0530] {logging_mixin.py:188} INFO - [2024-06-06T15:50:00.183+0530] {dag.py:3954} INFO - Setting next_dagrun for example_trigger_controller_dag to 2021-01-01 00:00:00+00:00, run_after=2021-01-01 00:00:00+00:00
[2024-06-06T15:50:00.211+0530] {processor.py:183} INFO - Processing /home/wsl/airflow_venv/lib/python3.10/site-packages/airflow/example_dags/example_trigger_controller_dag.py took 0.218 seconds
[2024-06-06T15:51:28.963+0530] {processor.py:161} INFO - Started process (PID=34236) to work on /home/wsl/airflow_venv/lib/python3.10/site-packages/airflow/example_dags/example_trigger_controller_dag.py
[2024-06-06T15:51:28.965+0530] {processor.py:830} INFO - Processing file /home/wsl/airflow_venv/lib/python3.10/site-packages/airflow/example_dags/example_trigger_controller_dag.py for tasks to queue
[2024-06-06T15:51:28.966+0530] {logging_mixin.py:188} INFO - [2024-06-06T15:51:28.966+0530] {dagbag.py:540} INFO - Filling up the DagBag from /home/wsl/airflow_venv/lib/python3.10/site-packages/airflow/example_dags/example_trigger_controller_dag.py
[2024-06-06T15:51:28.974+0530] {processor.py:840} INFO - DAG(s) 'example_trigger_controller_dag' retrieved from /home/wsl/airflow_venv/lib/python3.10/site-packages/airflow/example_dags/example_trigger_controller_dag.py
[2024-06-06T15:51:28.997+0530] {logging_mixin.py:188} INFO - [2024-06-06T15:51:28.996+0530] {dag.py:3096} INFO - Sync 1 DAGs
[2024-06-06T15:51:29.022+0530] {logging_mixin.py:188} INFO - [2024-06-06T15:51:29.022+0530] {dag.py:3954} INFO - Setting next_dagrun for example_trigger_controller_dag to 2021-01-01 00:00:00+00:00, run_after=2021-01-01 00:00:00+00:00
[2024-06-06T15:51:29.048+0530] {processor.py:183} INFO - Processing /home/wsl/airflow_venv/lib/python3.10/site-packages/airflow/example_dags/example_trigger_controller_dag.py took 0.094 seconds
[2024-06-06T15:53:09.202+0530] {processor.py:161} INFO - Started process (PID=35141) to work on /home/wsl/airflow_venv/lib/python3.10/site-packages/airflow/example_dags/example_trigger_controller_dag.py
[2024-06-06T15:53:09.204+0530] {processor.py:830} INFO - Processing file /home/wsl/airflow_venv/lib/python3.10/site-packages/airflow/example_dags/example_trigger_controller_dag.py for tasks to queue
[2024-06-06T15:53:09.205+0530] {logging_mixin.py:188} INFO - [2024-06-06T15:53:09.204+0530] {dagbag.py:540} INFO - Filling up the DagBag from /home/wsl/airflow_venv/lib/python3.10/site-packages/airflow/example_dags/example_trigger_controller_dag.py
[2024-06-06T15:53:09.210+0530] {processor.py:840} INFO - DAG(s) 'example_trigger_controller_dag' retrieved from /home/wsl/airflow_venv/lib/python3.10/site-packages/airflow/example_dags/example_trigger_controller_dag.py
[2024-06-06T15:53:09.231+0530] {logging_mixin.py:188} INFO - [2024-06-06T15:53:09.231+0530] {dag.py:3096} INFO - Sync 1 DAGs
[2024-06-06T15:53:09.255+0530] {logging_mixin.py:188} INFO - [2024-06-06T15:53:09.255+0530] {dag.py:3954} INFO - Setting next_dagrun for example_trigger_controller_dag to 2021-01-01 00:00:00+00:00, run_after=2021-01-01 00:00:00+00:00
[2024-06-06T15:53:09.688+0530] {processor.py:183} INFO - Processing /home/wsl/airflow_venv/lib/python3.10/site-packages/airflow/example_dags/example_trigger_controller_dag.py took 0.494 seconds
[2024-06-06T15:54:29.150+0530] {processor.py:161} INFO - Started process (PID=36071) to work on /home/wsl/airflow_venv/lib/python3.10/site-packages/airflow/example_dags/example_trigger_controller_dag.py
[2024-06-06T15:54:29.152+0530] {processor.py:830} INFO - Processing file /home/wsl/airflow_venv/lib/python3.10/site-packages/airflow/example_dags/example_trigger_controller_dag.py for tasks to queue
[2024-06-06T15:54:29.153+0530] {logging_mixin.py:188} INFO - [2024-06-06T15:54:29.152+0530] {dagbag.py:540} INFO - Filling up the DagBag from /home/wsl/airflow_venv/lib/python3.10/site-packages/airflow/example_dags/example_trigger_controller_dag.py
[2024-06-06T15:54:29.160+0530] {processor.py:840} INFO - DAG(s) 'example_trigger_controller_dag' retrieved from /home/wsl/airflow_venv/lib/python3.10/site-packages/airflow/example_dags/example_trigger_controller_dag.py
[2024-06-06T15:54:29.181+0530] {logging_mixin.py:188} INFO - [2024-06-06T15:54:29.180+0530] {dag.py:3096} INFO - Sync 1 DAGs
[2024-06-06T15:54:29.204+0530] {logging_mixin.py:188} INFO - [2024-06-06T15:54:29.204+0530] {dag.py:3954} INFO - Setting next_dagrun for example_trigger_controller_dag to 2021-01-01 00:00:00+00:00, run_after=2021-01-01 00:00:00+00:00
[2024-06-06T15:54:29.237+0530] {processor.py:183} INFO - Processing /home/wsl/airflow_venv/lib/python3.10/site-packages/airflow/example_dags/example_trigger_controller_dag.py took 0.095 seconds
[2024-06-06T15:57:10.014+0530] {processor.py:161} INFO - Started process (PID=37419) to work on /home/wsl/airflow_venv/lib/python3.10/site-packages/airflow/example_dags/example_trigger_controller_dag.py
[2024-06-06T15:57:10.017+0530] {processor.py:830} INFO - Processing file /home/wsl/airflow_venv/lib/python3.10/site-packages/airflow/example_dags/example_trigger_controller_dag.py for tasks to queue
[2024-06-06T15:57:10.019+0530] {logging_mixin.py:188} INFO - [2024-06-06T15:57:10.018+0530] {dagbag.py:540} INFO - Filling up the DagBag from /home/wsl/airflow_venv/lib/python3.10/site-packages/airflow/example_dags/example_trigger_controller_dag.py
[2024-06-06T15:57:10.027+0530] {processor.py:840} INFO - DAG(s) 'example_trigger_controller_dag' retrieved from /home/wsl/airflow_venv/lib/python3.10/site-packages/airflow/example_dags/example_trigger_controller_dag.py
[2024-06-06T15:57:10.045+0530] {logging_mixin.py:188} INFO - [2024-06-06T15:57:10.045+0530] {dag.py:3096} INFO - Sync 1 DAGs
[2024-06-06T15:57:10.065+0530] {logging_mixin.py:188} INFO - [2024-06-06T15:57:10.065+0530] {dag.py:3954} INFO - Setting next_dagrun for example_trigger_controller_dag to 2021-01-01 00:00:00+00:00, run_after=2021-01-01 00:00:00+00:00
[2024-06-06T15:57:10.092+0530] {processor.py:183} INFO - Processing /home/wsl/airflow_venv/lib/python3.10/site-packages/airflow/example_dags/example_trigger_controller_dag.py took 0.089 seconds
[2024-06-06T15:58:18.830+0530] {processor.py:161} INFO - Started process (PID=37982) to work on /home/wsl/airflow_venv/lib/python3.10/site-packages/airflow/example_dags/example_trigger_controller_dag.py
[2024-06-06T15:58:18.832+0530] {processor.py:830} INFO - Processing file /home/wsl/airflow_venv/lib/python3.10/site-packages/airflow/example_dags/example_trigger_controller_dag.py for tasks to queue
[2024-06-06T15:58:18.834+0530] {logging_mixin.py:188} INFO - [2024-06-06T15:58:18.833+0530] {dagbag.py:540} INFO - Filling up the DagBag from /home/wsl/airflow_venv/lib/python3.10/site-packages/airflow/example_dags/example_trigger_controller_dag.py
[2024-06-06T15:58:18.841+0530] {processor.py:840} INFO - DAG(s) 'example_trigger_controller_dag' retrieved from /home/wsl/airflow_venv/lib/python3.10/site-packages/airflow/example_dags/example_trigger_controller_dag.py
[2024-06-06T15:58:18.861+0530] {logging_mixin.py:188} INFO - [2024-06-06T15:58:18.861+0530] {dag.py:3096} INFO - Sync 1 DAGs
[2024-06-06T15:58:18.888+0530] {logging_mixin.py:188} INFO - [2024-06-06T15:58:18.887+0530] {dag.py:3954} INFO - Setting next_dagrun for example_trigger_controller_dag to 2021-01-01 00:00:00+00:00, run_after=2021-01-01 00:00:00+00:00
[2024-06-06T15:58:18.929+0530] {processor.py:183} INFO - Processing /home/wsl/airflow_venv/lib/python3.10/site-packages/airflow/example_dags/example_trigger_controller_dag.py took 0.110 seconds
[2024-06-06T15:59:34.029+0530] {processor.py:161} INFO - Started process (PID=38496) to work on /home/wsl/airflow_venv/lib/python3.10/site-packages/airflow/example_dags/example_trigger_controller_dag.py
[2024-06-06T15:59:34.031+0530] {processor.py:830} INFO - Processing file /home/wsl/airflow_venv/lib/python3.10/site-packages/airflow/example_dags/example_trigger_controller_dag.py for tasks to queue
[2024-06-06T15:59:34.033+0530] {logging_mixin.py:188} INFO - [2024-06-06T15:59:34.032+0530] {dagbag.py:540} INFO - Filling up the DagBag from /home/wsl/airflow_venv/lib/python3.10/site-packages/airflow/example_dags/example_trigger_controller_dag.py
[2024-06-06T15:59:34.039+0530] {processor.py:840} INFO - DAG(s) 'example_trigger_controller_dag' retrieved from /home/wsl/airflow_venv/lib/python3.10/site-packages/airflow/example_dags/example_trigger_controller_dag.py
[2024-06-06T15:59:34.058+0530] {logging_mixin.py:188} INFO - [2024-06-06T15:59:34.058+0530] {dag.py:3096} INFO - Sync 1 DAGs
[2024-06-06T15:59:34.082+0530] {logging_mixin.py:188} INFO - [2024-06-06T15:59:34.082+0530] {dag.py:3954} INFO - Setting next_dagrun for example_trigger_controller_dag to 2021-01-01 00:00:00+00:00, run_after=2021-01-01 00:00:00+00:00
[2024-06-06T15:59:34.112+0530] {processor.py:183} INFO - Processing /home/wsl/airflow_venv/lib/python3.10/site-packages/airflow/example_dags/example_trigger_controller_dag.py took 0.095 seconds
[2024-06-06T16:06:05.231+0530] {processor.py:161} INFO - Started process (PID=41336) to work on /home/wsl/airflow_venv/lib/python3.10/site-packages/airflow/example_dags/example_trigger_controller_dag.py
[2024-06-06T16:06:05.234+0530] {processor.py:830} INFO - Processing file /home/wsl/airflow_venv/lib/python3.10/site-packages/airflow/example_dags/example_trigger_controller_dag.py for tasks to queue
[2024-06-06T16:06:05.235+0530] {logging_mixin.py:188} INFO - [2024-06-06T16:06:05.235+0530] {dagbag.py:540} INFO - Filling up the DagBag from /home/wsl/airflow_venv/lib/python3.10/site-packages/airflow/example_dags/example_trigger_controller_dag.py
[2024-06-06T16:06:05.242+0530] {processor.py:840} INFO - DAG(s) 'example_trigger_controller_dag' retrieved from /home/wsl/airflow_venv/lib/python3.10/site-packages/airflow/example_dags/example_trigger_controller_dag.py
[2024-06-06T16:06:05.433+0530] {logging_mixin.py:188} INFO - [2024-06-06T16:06:05.433+0530] {dag.py:3096} INFO - Sync 1 DAGs
[2024-06-06T16:06:05.449+0530] {logging_mixin.py:188} INFO - [2024-06-06T16:06:05.449+0530] {dag.py:3954} INFO - Setting next_dagrun for example_trigger_controller_dag to 2021-01-01 00:00:00+00:00, run_after=2021-01-01 00:00:00+00:00
[2024-06-06T16:06:05.477+0530] {processor.py:183} INFO - Processing /home/wsl/airflow_venv/lib/python3.10/site-packages/airflow/example_dags/example_trigger_controller_dag.py took 0.257 seconds
[2024-06-06T16:07:42.342+0530] {processor.py:161} INFO - Started process (PID=42334) to work on /home/wsl/airflow_venv/lib/python3.10/site-packages/airflow/example_dags/example_trigger_controller_dag.py
[2024-06-06T16:07:42.344+0530] {processor.py:830} INFO - Processing file /home/wsl/airflow_venv/lib/python3.10/site-packages/airflow/example_dags/example_trigger_controller_dag.py for tasks to queue
[2024-06-06T16:07:42.345+0530] {logging_mixin.py:188} INFO - [2024-06-06T16:07:42.345+0530] {dagbag.py:540} INFO - Filling up the DagBag from /home/wsl/airflow_venv/lib/python3.10/site-packages/airflow/example_dags/example_trigger_controller_dag.py
[2024-06-06T16:07:42.354+0530] {processor.py:840} INFO - DAG(s) 'example_trigger_controller_dag' retrieved from /home/wsl/airflow_venv/lib/python3.10/site-packages/airflow/example_dags/example_trigger_controller_dag.py
[2024-06-06T16:07:42.376+0530] {logging_mixin.py:188} INFO - [2024-06-06T16:07:42.376+0530] {dag.py:3096} INFO - Sync 1 DAGs
[2024-06-06T16:07:42.409+0530] {logging_mixin.py:188} INFO - [2024-06-06T16:07:42.408+0530] {dag.py:3954} INFO - Setting next_dagrun for example_trigger_controller_dag to 2021-01-01 00:00:00+00:00, run_after=2021-01-01 00:00:00+00:00
[2024-06-06T16:07:42.446+0530] {processor.py:183} INFO - Processing /home/wsl/airflow_venv/lib/python3.10/site-packages/airflow/example_dags/example_trigger_controller_dag.py took 0.112 seconds
[2024-06-06T16:09:54.125+0530] {processor.py:161} INFO - Started process (PID=43693) to work on /home/wsl/airflow_venv/lib/python3.10/site-packages/airflow/example_dags/example_trigger_controller_dag.py
[2024-06-06T16:09:54.127+0530] {processor.py:830} INFO - Processing file /home/wsl/airflow_venv/lib/python3.10/site-packages/airflow/example_dags/example_trigger_controller_dag.py for tasks to queue
[2024-06-06T16:09:54.129+0530] {logging_mixin.py:188} INFO - [2024-06-06T16:09:54.128+0530] {dagbag.py:540} INFO - Filling up the DagBag from /home/wsl/airflow_venv/lib/python3.10/site-packages/airflow/example_dags/example_trigger_controller_dag.py
[2024-06-06T16:09:54.139+0530] {processor.py:840} INFO - DAG(s) 'example_trigger_controller_dag' retrieved from /home/wsl/airflow_venv/lib/python3.10/site-packages/airflow/example_dags/example_trigger_controller_dag.py
[2024-06-06T16:09:54.188+0530] {logging_mixin.py:188} INFO - [2024-06-06T16:09:54.188+0530] {dag.py:3096} INFO - Sync 1 DAGs
[2024-06-06T16:09:54.213+0530] {logging_mixin.py:188} INFO - [2024-06-06T16:09:54.212+0530] {dag.py:3954} INFO - Setting next_dagrun for example_trigger_controller_dag to 2021-01-01 00:00:00+00:00, run_after=2021-01-01 00:00:00+00:00
[2024-06-06T16:09:54.246+0530] {processor.py:183} INFO - Processing /home/wsl/airflow_venv/lib/python3.10/site-packages/airflow/example_dags/example_trigger_controller_dag.py took 0.128 seconds
[2024-06-06T16:10:53.737+0530] {processor.py:161} INFO - Started process (PID=44353) to work on /home/wsl/airflow_venv/lib/python3.10/site-packages/airflow/example_dags/example_trigger_controller_dag.py
[2024-06-06T16:10:53.744+0530] {processor.py:830} INFO - Processing file /home/wsl/airflow_venv/lib/python3.10/site-packages/airflow/example_dags/example_trigger_controller_dag.py for tasks to queue
[2024-06-06T16:10:53.745+0530] {logging_mixin.py:188} INFO - [2024-06-06T16:10:53.745+0530] {dagbag.py:540} INFO - Filling up the DagBag from /home/wsl/airflow_venv/lib/python3.10/site-packages/airflow/example_dags/example_trigger_controller_dag.py
[2024-06-06T16:10:53.750+0530] {processor.py:840} INFO - DAG(s) 'example_trigger_controller_dag' retrieved from /home/wsl/airflow_venv/lib/python3.10/site-packages/airflow/example_dags/example_trigger_controller_dag.py
[2024-06-06T16:10:53.786+0530] {logging_mixin.py:188} INFO - [2024-06-06T16:10:53.785+0530] {dag.py:3096} INFO - Sync 1 DAGs
[2024-06-06T16:10:53.828+0530] {logging_mixin.py:188} INFO - [2024-06-06T16:10:53.828+0530] {dag.py:3954} INFO - Setting next_dagrun for example_trigger_controller_dag to 2021-01-01 00:00:00+00:00, run_after=2021-01-01 00:00:00+00:00
[2024-06-06T16:10:53.921+0530] {processor.py:183} INFO - Processing /home/wsl/airflow_venv/lib/python3.10/site-packages/airflow/example_dags/example_trigger_controller_dag.py took 0.191 seconds
[2024-06-06T16:12:32.516+0530] {processor.py:161} INFO - Started process (PID=45465) to work on /home/wsl/airflow_venv/lib/python3.10/site-packages/airflow/example_dags/example_trigger_controller_dag.py
[2024-06-06T16:12:32.518+0530] {processor.py:830} INFO - Processing file /home/wsl/airflow_venv/lib/python3.10/site-packages/airflow/example_dags/example_trigger_controller_dag.py for tasks to queue
[2024-06-06T16:12:32.519+0530] {logging_mixin.py:188} INFO - [2024-06-06T16:12:32.519+0530] {dagbag.py:540} INFO - Filling up the DagBag from /home/wsl/airflow_venv/lib/python3.10/site-packages/airflow/example_dags/example_trigger_controller_dag.py
[2024-06-06T16:12:32.528+0530] {processor.py:840} INFO - DAG(s) 'example_trigger_controller_dag' retrieved from /home/wsl/airflow_venv/lib/python3.10/site-packages/airflow/example_dags/example_trigger_controller_dag.py
[2024-06-06T16:12:32.550+0530] {logging_mixin.py:188} INFO - [2024-06-06T16:12:32.550+0530] {dag.py:3096} INFO - Sync 1 DAGs
[2024-06-06T16:12:32.571+0530] {logging_mixin.py:188} INFO - [2024-06-06T16:12:32.570+0530] {dag.py:3954} INFO - Setting next_dagrun for example_trigger_controller_dag to 2021-01-01 00:00:00+00:00, run_after=2021-01-01 00:00:00+00:00
[2024-06-06T16:12:32.745+0530] {processor.py:183} INFO - Processing /home/wsl/airflow_venv/lib/python3.10/site-packages/airflow/example_dags/example_trigger_controller_dag.py took 0.242 seconds
[2024-06-06T16:15:24.967+0530] {processor.py:161} INFO - Started process (PID=47322) to work on /home/wsl/airflow_venv/lib/python3.10/site-packages/airflow/example_dags/example_trigger_controller_dag.py
[2024-06-06T16:15:24.969+0530] {processor.py:830} INFO - Processing file /home/wsl/airflow_venv/lib/python3.10/site-packages/airflow/example_dags/example_trigger_controller_dag.py for tasks to queue
[2024-06-06T16:15:24.970+0530] {logging_mixin.py:188} INFO - [2024-06-06T16:15:24.970+0530] {dagbag.py:540} INFO - Filling up the DagBag from /home/wsl/airflow_venv/lib/python3.10/site-packages/airflow/example_dags/example_trigger_controller_dag.py
[2024-06-06T16:15:24.977+0530] {processor.py:840} INFO - DAG(s) 'example_trigger_controller_dag' retrieved from /home/wsl/airflow_venv/lib/python3.10/site-packages/airflow/example_dags/example_trigger_controller_dag.py
[2024-06-06T16:15:25.000+0530] {logging_mixin.py:188} INFO - [2024-06-06T16:15:25.000+0530] {dag.py:3096} INFO - Sync 1 DAGs
[2024-06-06T16:15:25.027+0530] {logging_mixin.py:188} INFO - [2024-06-06T16:15:25.027+0530] {dag.py:3954} INFO - Setting next_dagrun for example_trigger_controller_dag to 2021-01-01 00:00:00+00:00, run_after=2021-01-01 00:00:00+00:00
[2024-06-06T16:15:25.084+0530] {processor.py:183} INFO - Processing /home/wsl/airflow_venv/lib/python3.10/site-packages/airflow/example_dags/example_trigger_controller_dag.py took 0.126 seconds
[2024-06-06T16:25:34.859+0530] {processor.py:161} INFO - Started process (PID=51815) to work on /home/wsl/airflow_venv/lib/python3.10/site-packages/airflow/example_dags/example_trigger_controller_dag.py
[2024-06-06T16:25:34.861+0530] {processor.py:830} INFO - Processing file /home/wsl/airflow_venv/lib/python3.10/site-packages/airflow/example_dags/example_trigger_controller_dag.py for tasks to queue
[2024-06-06T16:25:34.863+0530] {logging_mixin.py:188} INFO - [2024-06-06T16:25:34.862+0530] {dagbag.py:540} INFO - Filling up the DagBag from /home/wsl/airflow_venv/lib/python3.10/site-packages/airflow/example_dags/example_trigger_controller_dag.py
[2024-06-06T16:25:34.870+0530] {processor.py:840} INFO - DAG(s) 'example_trigger_controller_dag' retrieved from /home/wsl/airflow_venv/lib/python3.10/site-packages/airflow/example_dags/example_trigger_controller_dag.py
[2024-06-06T16:25:35.007+0530] {logging_mixin.py:188} INFO - [2024-06-06T16:25:35.007+0530] {dag.py:3096} INFO - Sync 1 DAGs
[2024-06-06T16:25:35.025+0530] {logging_mixin.py:188} INFO - [2024-06-06T16:25:35.025+0530] {dag.py:3954} INFO - Setting next_dagrun for example_trigger_controller_dag to 2021-01-01 00:00:00+00:00, run_after=2021-01-01 00:00:00+00:00
[2024-06-06T16:25:35.055+0530] {processor.py:183} INFO - Processing /home/wsl/airflow_venv/lib/python3.10/site-packages/airflow/example_dags/example_trigger_controller_dag.py took 0.205 seconds
[2024-06-06T16:27:39.093+0530] {processor.py:161} INFO - Started process (PID=52924) to work on /home/wsl/airflow_venv/lib/python3.10/site-packages/airflow/example_dags/example_trigger_controller_dag.py
[2024-06-06T16:27:39.095+0530] {processor.py:830} INFO - Processing file /home/wsl/airflow_venv/lib/python3.10/site-packages/airflow/example_dags/example_trigger_controller_dag.py for tasks to queue
[2024-06-06T16:27:39.096+0530] {logging_mixin.py:188} INFO - [2024-06-06T16:27:39.096+0530] {dagbag.py:540} INFO - Filling up the DagBag from /home/wsl/airflow_venv/lib/python3.10/site-packages/airflow/example_dags/example_trigger_controller_dag.py
[2024-06-06T16:27:39.103+0530] {processor.py:840} INFO - DAG(s) 'example_trigger_controller_dag' retrieved from /home/wsl/airflow_venv/lib/python3.10/site-packages/airflow/example_dags/example_trigger_controller_dag.py
[2024-06-06T16:27:39.121+0530] {logging_mixin.py:188} INFO - [2024-06-06T16:27:39.121+0530] {dag.py:3096} INFO - Sync 1 DAGs
[2024-06-06T16:27:39.142+0530] {logging_mixin.py:188} INFO - [2024-06-06T16:27:39.142+0530] {dag.py:3954} INFO - Setting next_dagrun for example_trigger_controller_dag to 2021-01-01 00:00:00+00:00, run_after=2021-01-01 00:00:00+00:00
[2024-06-06T16:27:39.170+0530] {processor.py:183} INFO - Processing /home/wsl/airflow_venv/lib/python3.10/site-packages/airflow/example_dags/example_trigger_controller_dag.py took 0.085 seconds
[2024-06-06T16:29:05.602+0530] {processor.py:161} INFO - Started process (PID=53840) to work on /home/wsl/airflow_venv/lib/python3.10/site-packages/airflow/example_dags/example_trigger_controller_dag.py
[2024-06-06T16:29:05.603+0530] {processor.py:830} INFO - Processing file /home/wsl/airflow_venv/lib/python3.10/site-packages/airflow/example_dags/example_trigger_controller_dag.py for tasks to queue
[2024-06-06T16:29:05.604+0530] {logging_mixin.py:188} INFO - [2024-06-06T16:29:05.604+0530] {dagbag.py:540} INFO - Filling up the DagBag from /home/wsl/airflow_venv/lib/python3.10/site-packages/airflow/example_dags/example_trigger_controller_dag.py
[2024-06-06T16:29:05.610+0530] {processor.py:840} INFO - DAG(s) 'example_trigger_controller_dag' retrieved from /home/wsl/airflow_venv/lib/python3.10/site-packages/airflow/example_dags/example_trigger_controller_dag.py
[2024-06-06T16:29:05.626+0530] {logging_mixin.py:188} INFO - [2024-06-06T16:29:05.626+0530] {dag.py:3096} INFO - Sync 1 DAGs
[2024-06-06T16:29:05.644+0530] {logging_mixin.py:188} INFO - [2024-06-06T16:29:05.644+0530] {dag.py:3954} INFO - Setting next_dagrun for example_trigger_controller_dag to 2021-01-01 00:00:00+00:00, run_after=2021-01-01 00:00:00+00:00
[2024-06-06T16:29:06.221+0530] {processor.py:183} INFO - Processing /home/wsl/airflow_venv/lib/python3.10/site-packages/airflow/example_dags/example_trigger_controller_dag.py took 0.627 seconds
[2024-06-06T16:30:32.017+0530] {processor.py:161} INFO - Started process (PID=54927) to work on /home/wsl/airflow_venv/lib/python3.10/site-packages/airflow/example_dags/example_trigger_controller_dag.py
[2024-06-06T16:30:32.020+0530] {processor.py:830} INFO - Processing file /home/wsl/airflow_venv/lib/python3.10/site-packages/airflow/example_dags/example_trigger_controller_dag.py for tasks to queue
[2024-06-06T16:30:32.021+0530] {logging_mixin.py:188} INFO - [2024-06-06T16:30:32.020+0530] {dagbag.py:540} INFO - Filling up the DagBag from /home/wsl/airflow_venv/lib/python3.10/site-packages/airflow/example_dags/example_trigger_controller_dag.py
[2024-06-06T16:30:32.026+0530] {processor.py:840} INFO - DAG(s) 'example_trigger_controller_dag' retrieved from /home/wsl/airflow_venv/lib/python3.10/site-packages/airflow/example_dags/example_trigger_controller_dag.py
[2024-06-06T16:30:32.043+0530] {logging_mixin.py:188} INFO - [2024-06-06T16:30:32.043+0530] {dag.py:3096} INFO - Sync 1 DAGs
[2024-06-06T16:30:32.061+0530] {logging_mixin.py:188} INFO - [2024-06-06T16:30:32.061+0530] {dag.py:3954} INFO - Setting next_dagrun for example_trigger_controller_dag to 2021-01-01 00:00:00+00:00, run_after=2021-01-01 00:00:00+00:00
[2024-06-06T16:30:32.088+0530] {processor.py:183} INFO - Processing /home/wsl/airflow_venv/lib/python3.10/site-packages/airflow/example_dags/example_trigger_controller_dag.py took 0.078 seconds
[2024-06-06T16:32:49.580+0530] {processor.py:161} INFO - Started process (PID=56347) to work on /home/wsl/airflow_venv/lib/python3.10/site-packages/airflow/example_dags/example_trigger_controller_dag.py
[2024-06-06T16:32:49.584+0530] {processor.py:830} INFO - Processing file /home/wsl/airflow_venv/lib/python3.10/site-packages/airflow/example_dags/example_trigger_controller_dag.py for tasks to queue
[2024-06-06T16:32:49.586+0530] {logging_mixin.py:188} INFO - [2024-06-06T16:32:49.585+0530] {dagbag.py:540} INFO - Filling up the DagBag from /home/wsl/airflow_venv/lib/python3.10/site-packages/airflow/example_dags/example_trigger_controller_dag.py
[2024-06-06T16:32:49.595+0530] {processor.py:840} INFO - DAG(s) 'example_trigger_controller_dag' retrieved from /home/wsl/airflow_venv/lib/python3.10/site-packages/airflow/example_dags/example_trigger_controller_dag.py
[2024-06-06T16:32:49.619+0530] {logging_mixin.py:188} INFO - [2024-06-06T16:32:49.619+0530] {dag.py:3096} INFO - Sync 1 DAGs
[2024-06-06T16:32:49.638+0530] {logging_mixin.py:188} INFO - [2024-06-06T16:32:49.637+0530] {dag.py:3954} INFO - Setting next_dagrun for example_trigger_controller_dag to 2021-01-01 00:00:00+00:00, run_after=2021-01-01 00:00:00+00:00
[2024-06-06T16:32:49.665+0530] {processor.py:183} INFO - Processing /home/wsl/airflow_venv/lib/python3.10/site-packages/airflow/example_dags/example_trigger_controller_dag.py took 0.102 seconds
[2024-06-06T16:34:58.267+0530] {processor.py:161} INFO - Started process (PID=57809) to work on /home/wsl/airflow_venv/lib/python3.10/site-packages/airflow/example_dags/example_trigger_controller_dag.py
[2024-06-06T16:34:58.271+0530] {processor.py:830} INFO - Processing file /home/wsl/airflow_venv/lib/python3.10/site-packages/airflow/example_dags/example_trigger_controller_dag.py for tasks to queue
[2024-06-06T16:34:58.272+0530] {logging_mixin.py:188} INFO - [2024-06-06T16:34:58.272+0530] {dagbag.py:540} INFO - Filling up the DagBag from /home/wsl/airflow_venv/lib/python3.10/site-packages/airflow/example_dags/example_trigger_controller_dag.py
[2024-06-06T16:34:58.277+0530] {processor.py:840} INFO - DAG(s) 'example_trigger_controller_dag' retrieved from /home/wsl/airflow_venv/lib/python3.10/site-packages/airflow/example_dags/example_trigger_controller_dag.py
[2024-06-06T16:34:58.294+0530] {logging_mixin.py:188} INFO - [2024-06-06T16:34:58.294+0530] {dag.py:3096} INFO - Sync 1 DAGs
[2024-06-06T16:34:58.312+0530] {logging_mixin.py:188} INFO - [2024-06-06T16:34:58.311+0530] {dag.py:3954} INFO - Setting next_dagrun for example_trigger_controller_dag to 2021-01-01 00:00:00+00:00, run_after=2021-01-01 00:00:00+00:00
[2024-06-06T16:34:58.338+0530] {processor.py:183} INFO - Processing /home/wsl/airflow_venv/lib/python3.10/site-packages/airflow/example_dags/example_trigger_controller_dag.py took 0.081 seconds
[2024-06-06T16:37:16.622+0530] {processor.py:161} INFO - Started process (PID=59308) to work on /home/wsl/airflow_venv/lib/python3.10/site-packages/airflow/example_dags/example_trigger_controller_dag.py
[2024-06-06T16:37:16.624+0530] {processor.py:830} INFO - Processing file /home/wsl/airflow_venv/lib/python3.10/site-packages/airflow/example_dags/example_trigger_controller_dag.py for tasks to queue
[2024-06-06T16:37:16.625+0530] {logging_mixin.py:188} INFO - [2024-06-06T16:37:16.625+0530] {dagbag.py:540} INFO - Filling up the DagBag from /home/wsl/airflow_venv/lib/python3.10/site-packages/airflow/example_dags/example_trigger_controller_dag.py
[2024-06-06T16:37:16.631+0530] {processor.py:840} INFO - DAG(s) 'example_trigger_controller_dag' retrieved from /home/wsl/airflow_venv/lib/python3.10/site-packages/airflow/example_dags/example_trigger_controller_dag.py
[2024-06-06T16:37:16.649+0530] {logging_mixin.py:188} INFO - [2024-06-06T16:37:16.648+0530] {dag.py:3096} INFO - Sync 1 DAGs
[2024-06-06T16:37:16.668+0530] {logging_mixin.py:188} INFO - [2024-06-06T16:37:16.668+0530] {dag.py:3954} INFO - Setting next_dagrun for example_trigger_controller_dag to 2021-01-01 00:00:00+00:00, run_after=2021-01-01 00:00:00+00:00
[2024-06-06T16:37:16.694+0530] {processor.py:183} INFO - Processing /home/wsl/airflow_venv/lib/python3.10/site-packages/airflow/example_dags/example_trigger_controller_dag.py took 0.087 seconds
[2024-06-06T16:40:12.067+0530] {processor.py:161} INFO - Started process (PID=61106) to work on /home/wsl/airflow_venv/lib/python3.10/site-packages/airflow/example_dags/example_trigger_controller_dag.py
[2024-06-06T16:40:12.070+0530] {processor.py:830} INFO - Processing file /home/wsl/airflow_venv/lib/python3.10/site-packages/airflow/example_dags/example_trigger_controller_dag.py for tasks to queue
[2024-06-06T16:40:12.072+0530] {logging_mixin.py:188} INFO - [2024-06-06T16:40:12.071+0530] {dagbag.py:540} INFO - Filling up the DagBag from /home/wsl/airflow_venv/lib/python3.10/site-packages/airflow/example_dags/example_trigger_controller_dag.py
[2024-06-06T16:40:12.082+0530] {processor.py:840} INFO - DAG(s) 'example_trigger_controller_dag' retrieved from /home/wsl/airflow_venv/lib/python3.10/site-packages/airflow/example_dags/example_trigger_controller_dag.py
[2024-06-06T16:40:12.119+0530] {logging_mixin.py:188} INFO - [2024-06-06T16:40:12.118+0530] {dag.py:3096} INFO - Sync 1 DAGs
[2024-06-06T16:40:12.150+0530] {logging_mixin.py:188} INFO - [2024-06-06T16:40:12.150+0530] {dag.py:3954} INFO - Setting next_dagrun for example_trigger_controller_dag to 2021-01-01 00:00:00+00:00, run_after=2021-01-01 00:00:00+00:00
[2024-06-06T16:40:12.184+0530] {processor.py:183} INFO - Processing /home/wsl/airflow_venv/lib/python3.10/site-packages/airflow/example_dags/example_trigger_controller_dag.py took 0.129 seconds
[2024-06-06T16:41:25.297+0530] {processor.py:161} INFO - Started process (PID=61972) to work on /home/wsl/airflow_venv/lib/python3.10/site-packages/airflow/example_dags/example_trigger_controller_dag.py
[2024-06-06T16:41:25.301+0530] {processor.py:830} INFO - Processing file /home/wsl/airflow_venv/lib/python3.10/site-packages/airflow/example_dags/example_trigger_controller_dag.py for tasks to queue
[2024-06-06T16:41:25.302+0530] {logging_mixin.py:188} INFO - [2024-06-06T16:41:25.302+0530] {dagbag.py:540} INFO - Filling up the DagBag from /home/wsl/airflow_venv/lib/python3.10/site-packages/airflow/example_dags/example_trigger_controller_dag.py
[2024-06-06T16:41:25.307+0530] {processor.py:840} INFO - DAG(s) 'example_trigger_controller_dag' retrieved from /home/wsl/airflow_venv/lib/python3.10/site-packages/airflow/example_dags/example_trigger_controller_dag.py
[2024-06-06T16:41:25.324+0530] {logging_mixin.py:188} INFO - [2024-06-06T16:41:25.324+0530] {dag.py:3096} INFO - Sync 1 DAGs
[2024-06-06T16:41:25.341+0530] {logging_mixin.py:188} INFO - [2024-06-06T16:41:25.341+0530] {dag.py:3954} INFO - Setting next_dagrun for example_trigger_controller_dag to 2021-01-01 00:00:00+00:00, run_after=2021-01-01 00:00:00+00:00
[2024-06-06T16:41:25.534+0530] {processor.py:183} INFO - Processing /home/wsl/airflow_venv/lib/python3.10/site-packages/airflow/example_dags/example_trigger_controller_dag.py took 0.245 seconds
[2024-06-06T16:43:26.163+0530] {processor.py:161} INFO - Started process (PID=63187) to work on /home/wsl/airflow_venv/lib/python3.10/site-packages/airflow/example_dags/example_trigger_controller_dag.py
[2024-06-06T16:43:26.228+0530] {processor.py:830} INFO - Processing file /home/wsl/airflow_venv/lib/python3.10/site-packages/airflow/example_dags/example_trigger_controller_dag.py for tasks to queue
[2024-06-06T16:43:26.230+0530] {logging_mixin.py:188} INFO - [2024-06-06T16:43:26.230+0530] {dagbag.py:540} INFO - Filling up the DagBag from /home/wsl/airflow_venv/lib/python3.10/site-packages/airflow/example_dags/example_trigger_controller_dag.py
[2024-06-06T16:43:26.242+0530] {processor.py:840} INFO - DAG(s) 'example_trigger_controller_dag' retrieved from /home/wsl/airflow_venv/lib/python3.10/site-packages/airflow/example_dags/example_trigger_controller_dag.py
[2024-06-06T16:43:26.282+0530] {logging_mixin.py:188} INFO - [2024-06-06T16:43:26.281+0530] {dag.py:3096} INFO - Sync 1 DAGs
[2024-06-06T16:43:26.319+0530] {logging_mixin.py:188} INFO - [2024-06-06T16:43:26.319+0530] {dag.py:3954} INFO - Setting next_dagrun for example_trigger_controller_dag to 2021-01-01 00:00:00+00:00, run_after=2021-01-01 00:00:00+00:00
[2024-06-06T16:43:26.821+0530] {processor.py:183} INFO - Processing /home/wsl/airflow_venv/lib/python3.10/site-packages/airflow/example_dags/example_trigger_controller_dag.py took 0.688 seconds
[2024-06-06T16:45:35.191+0530] {processor.py:161} INFO - Started process (PID=64696) to work on /home/wsl/airflow_venv/lib/python3.10/site-packages/airflow/example_dags/example_trigger_controller_dag.py
[2024-06-06T16:45:35.197+0530] {processor.py:830} INFO - Processing file /home/wsl/airflow_venv/lib/python3.10/site-packages/airflow/example_dags/example_trigger_controller_dag.py for tasks to queue
[2024-06-06T16:45:35.204+0530] {logging_mixin.py:188} INFO - [2024-06-06T16:45:35.198+0530] {dagbag.py:540} INFO - Filling up the DagBag from /home/wsl/airflow_venv/lib/python3.10/site-packages/airflow/example_dags/example_trigger_controller_dag.py
[2024-06-06T16:45:35.213+0530] {processor.py:840} INFO - DAG(s) 'example_trigger_controller_dag' retrieved from /home/wsl/airflow_venv/lib/python3.10/site-packages/airflow/example_dags/example_trigger_controller_dag.py
[2024-06-06T16:45:35.265+0530] {logging_mixin.py:188} INFO - [2024-06-06T16:45:35.265+0530] {dag.py:3096} INFO - Sync 1 DAGs
[2024-06-06T16:45:35.326+0530] {logging_mixin.py:188} INFO - [2024-06-06T16:45:35.325+0530] {dag.py:3954} INFO - Setting next_dagrun for example_trigger_controller_dag to 2021-01-01 00:00:00+00:00, run_after=2021-01-01 00:00:00+00:00
[2024-06-06T16:45:35.407+0530] {processor.py:183} INFO - Processing /home/wsl/airflow_venv/lib/python3.10/site-packages/airflow/example_dags/example_trigger_controller_dag.py took 0.237 seconds
[2024-06-06T16:47:01.243+0530] {processor.py:161} INFO - Started process (PID=65770) to work on /home/wsl/airflow_venv/lib/python3.10/site-packages/airflow/example_dags/example_trigger_controller_dag.py
[2024-06-06T16:47:01.245+0530] {processor.py:830} INFO - Processing file /home/wsl/airflow_venv/lib/python3.10/site-packages/airflow/example_dags/example_trigger_controller_dag.py for tasks to queue
[2024-06-06T16:47:01.246+0530] {logging_mixin.py:188} INFO - [2024-06-06T16:47:01.246+0530] {dagbag.py:540} INFO - Filling up the DagBag from /home/wsl/airflow_venv/lib/python3.10/site-packages/airflow/example_dags/example_trigger_controller_dag.py
[2024-06-06T16:47:01.251+0530] {processor.py:840} INFO - DAG(s) 'example_trigger_controller_dag' retrieved from /home/wsl/airflow_venv/lib/python3.10/site-packages/airflow/example_dags/example_trigger_controller_dag.py
[2024-06-06T16:47:01.267+0530] {logging_mixin.py:188} INFO - [2024-06-06T16:47:01.267+0530] {dag.py:3096} INFO - Sync 1 DAGs
[2024-06-06T16:47:01.284+0530] {logging_mixin.py:188} INFO - [2024-06-06T16:47:01.284+0530] {dag.py:3954} INFO - Setting next_dagrun for example_trigger_controller_dag to 2021-01-01 00:00:00+00:00, run_after=2021-01-01 00:00:00+00:00
[2024-06-06T16:47:01.311+0530] {processor.py:183} INFO - Processing /home/wsl/airflow_venv/lib/python3.10/site-packages/airflow/example_dags/example_trigger_controller_dag.py took 0.075 seconds
[2024-06-06T16:48:19.952+0530] {processor.py:161} INFO - Started process (PID=66668) to work on /home/wsl/airflow_venv/lib/python3.10/site-packages/airflow/example_dags/example_trigger_controller_dag.py
[2024-06-06T16:48:19.955+0530] {processor.py:830} INFO - Processing file /home/wsl/airflow_venv/lib/python3.10/site-packages/airflow/example_dags/example_trigger_controller_dag.py for tasks to queue
[2024-06-06T16:48:19.956+0530] {logging_mixin.py:188} INFO - [2024-06-06T16:48:19.955+0530] {dagbag.py:540} INFO - Filling up the DagBag from /home/wsl/airflow_venv/lib/python3.10/site-packages/airflow/example_dags/example_trigger_controller_dag.py
[2024-06-06T16:48:19.961+0530] {processor.py:840} INFO - DAG(s) 'example_trigger_controller_dag' retrieved from /home/wsl/airflow_venv/lib/python3.10/site-packages/airflow/example_dags/example_trigger_controller_dag.py
[2024-06-06T16:48:19.987+0530] {logging_mixin.py:188} INFO - [2024-06-06T16:48:19.986+0530] {dag.py:3096} INFO - Sync 1 DAGs
[2024-06-06T16:48:20.018+0530] {logging_mixin.py:188} INFO - [2024-06-06T16:48:20.017+0530] {dag.py:3954} INFO - Setting next_dagrun for example_trigger_controller_dag to 2021-01-01 00:00:00+00:00, run_after=2021-01-01 00:00:00+00:00
[2024-06-06T16:48:20.056+0530] {processor.py:183} INFO - Processing /home/wsl/airflow_venv/lib/python3.10/site-packages/airflow/example_dags/example_trigger_controller_dag.py took 0.111 seconds
[2024-06-06T16:51:03.807+0530] {processor.py:161} INFO - Started process (PID=68270) to work on /home/wsl/airflow_venv/lib/python3.10/site-packages/airflow/example_dags/example_trigger_controller_dag.py
[2024-06-06T16:51:03.815+0530] {processor.py:830} INFO - Processing file /home/wsl/airflow_venv/lib/python3.10/site-packages/airflow/example_dags/example_trigger_controller_dag.py for tasks to queue
[2024-06-06T16:51:03.816+0530] {logging_mixin.py:188} INFO - [2024-06-06T16:51:03.815+0530] {dagbag.py:540} INFO - Filling up the DagBag from /home/wsl/airflow_venv/lib/python3.10/site-packages/airflow/example_dags/example_trigger_controller_dag.py
[2024-06-06T16:51:03.822+0530] {processor.py:840} INFO - DAG(s) 'example_trigger_controller_dag' retrieved from /home/wsl/airflow_venv/lib/python3.10/site-packages/airflow/example_dags/example_trigger_controller_dag.py
[2024-06-06T16:51:03.856+0530] {logging_mixin.py:188} INFO - [2024-06-06T16:51:03.855+0530] {dag.py:3096} INFO - Sync 1 DAGs
[2024-06-06T16:51:03.904+0530] {logging_mixin.py:188} INFO - [2024-06-06T16:51:03.903+0530] {dag.py:3954} INFO - Setting next_dagrun for example_trigger_controller_dag to 2021-01-01 00:00:00+00:00, run_after=2021-01-01 00:00:00+00:00
[2024-06-06T16:51:03.954+0530] {processor.py:183} INFO - Processing /home/wsl/airflow_venv/lib/python3.10/site-packages/airflow/example_dags/example_trigger_controller_dag.py took 0.157 seconds
[2024-06-06T16:52:33.964+0530] {processor.py:161} INFO - Started process (PID=69181) to work on /home/wsl/airflow_venv/lib/python3.10/site-packages/airflow/example_dags/example_trigger_controller_dag.py
[2024-06-06T16:52:33.967+0530] {processor.py:830} INFO - Processing file /home/wsl/airflow_venv/lib/python3.10/site-packages/airflow/example_dags/example_trigger_controller_dag.py for tasks to queue
[2024-06-06T16:52:33.969+0530] {logging_mixin.py:188} INFO - [2024-06-06T16:52:33.968+0530] {dagbag.py:540} INFO - Filling up the DagBag from /home/wsl/airflow_venv/lib/python3.10/site-packages/airflow/example_dags/example_trigger_controller_dag.py
[2024-06-06T16:52:33.978+0530] {processor.py:840} INFO - DAG(s) 'example_trigger_controller_dag' retrieved from /home/wsl/airflow_venv/lib/python3.10/site-packages/airflow/example_dags/example_trigger_controller_dag.py
[2024-06-06T16:52:33.997+0530] {logging_mixin.py:188} INFO - [2024-06-06T16:52:33.997+0530] {dag.py:3096} INFO - Sync 1 DAGs
[2024-06-06T16:52:34.015+0530] {logging_mixin.py:188} INFO - [2024-06-06T16:52:34.015+0530] {dag.py:3954} INFO - Setting next_dagrun for example_trigger_controller_dag to 2021-01-01 00:00:00+00:00, run_after=2021-01-01 00:00:00+00:00
[2024-06-06T16:52:34.042+0530] {processor.py:183} INFO - Processing /home/wsl/airflow_venv/lib/python3.10/site-packages/airflow/example_dags/example_trigger_controller_dag.py took 0.090 seconds
[2024-06-06T16:54:57.340+0530] {processor.py:161} INFO - Started process (PID=70928) to work on /home/wsl/airflow_venv/lib/python3.10/site-packages/airflow/example_dags/example_trigger_controller_dag.py
[2024-06-06T16:54:57.356+0530] {processor.py:830} INFO - Processing file /home/wsl/airflow_venv/lib/python3.10/site-packages/airflow/example_dags/example_trigger_controller_dag.py for tasks to queue
[2024-06-06T16:54:57.357+0530] {logging_mixin.py:188} INFO - [2024-06-06T16:54:57.356+0530] {dagbag.py:540} INFO - Filling up the DagBag from /home/wsl/airflow_venv/lib/python3.10/site-packages/airflow/example_dags/example_trigger_controller_dag.py
[2024-06-06T16:54:57.362+0530] {processor.py:840} INFO - DAG(s) 'example_trigger_controller_dag' retrieved from /home/wsl/airflow_venv/lib/python3.10/site-packages/airflow/example_dags/example_trigger_controller_dag.py
[2024-06-06T16:54:57.381+0530] {logging_mixin.py:188} INFO - [2024-06-06T16:54:57.381+0530] {dag.py:3096} INFO - Sync 1 DAGs
[2024-06-06T16:54:57.407+0530] {logging_mixin.py:188} INFO - [2024-06-06T16:54:57.406+0530] {dag.py:3954} INFO - Setting next_dagrun for example_trigger_controller_dag to 2021-01-01 00:00:00+00:00, run_after=2021-01-01 00:00:00+00:00
[2024-06-06T16:54:57.442+0530] {processor.py:183} INFO - Processing /home/wsl/airflow_venv/lib/python3.10/site-packages/airflow/example_dags/example_trigger_controller_dag.py took 0.112 seconds
[2024-06-06T16:56:47.627+0530] {processor.py:161} INFO - Started process (PID=72351) to work on /home/wsl/airflow_venv/lib/python3.10/site-packages/airflow/example_dags/example_trigger_controller_dag.py
[2024-06-06T16:56:47.633+0530] {processor.py:830} INFO - Processing file /home/wsl/airflow_venv/lib/python3.10/site-packages/airflow/example_dags/example_trigger_controller_dag.py for tasks to queue
[2024-06-06T16:56:47.634+0530] {logging_mixin.py:188} INFO - [2024-06-06T16:56:47.633+0530] {dagbag.py:540} INFO - Filling up the DagBag from /home/wsl/airflow_venv/lib/python3.10/site-packages/airflow/example_dags/example_trigger_controller_dag.py
[2024-06-06T16:56:47.640+0530] {processor.py:840} INFO - DAG(s) 'example_trigger_controller_dag' retrieved from /home/wsl/airflow_venv/lib/python3.10/site-packages/airflow/example_dags/example_trigger_controller_dag.py
[2024-06-06T16:56:47.657+0530] {logging_mixin.py:188} INFO - [2024-06-06T16:56:47.656+0530] {dag.py:3096} INFO - Sync 1 DAGs
[2024-06-06T16:56:47.675+0530] {logging_mixin.py:188} INFO - [2024-06-06T16:56:47.674+0530] {dag.py:3954} INFO - Setting next_dagrun for example_trigger_controller_dag to 2021-01-01 00:00:00+00:00, run_after=2021-01-01 00:00:00+00:00
[2024-06-06T16:56:47.884+0530] {processor.py:183} INFO - Processing /home/wsl/airflow_venv/lib/python3.10/site-packages/airflow/example_dags/example_trigger_controller_dag.py took 0.270 seconds
[2024-06-06T16:59:24.086+0530] {processor.py:161} INFO - Started process (PID=74151) to work on /home/wsl/airflow_venv/lib/python3.10/site-packages/airflow/example_dags/example_trigger_controller_dag.py
[2024-06-06T16:59:24.090+0530] {processor.py:830} INFO - Processing file /home/wsl/airflow_venv/lib/python3.10/site-packages/airflow/example_dags/example_trigger_controller_dag.py for tasks to queue
[2024-06-06T16:59:24.091+0530] {logging_mixin.py:188} INFO - [2024-06-06T16:59:24.091+0530] {dagbag.py:540} INFO - Filling up the DagBag from /home/wsl/airflow_venv/lib/python3.10/site-packages/airflow/example_dags/example_trigger_controller_dag.py
[2024-06-06T16:59:24.097+0530] {processor.py:840} INFO - DAG(s) 'example_trigger_controller_dag' retrieved from /home/wsl/airflow_venv/lib/python3.10/site-packages/airflow/example_dags/example_trigger_controller_dag.py
[2024-06-06T16:59:24.114+0530] {logging_mixin.py:188} INFO - [2024-06-06T16:59:24.114+0530] {dag.py:3096} INFO - Sync 1 DAGs
[2024-06-06T16:59:24.134+0530] {logging_mixin.py:188} INFO - [2024-06-06T16:59:24.134+0530] {dag.py:3954} INFO - Setting next_dagrun for example_trigger_controller_dag to 2021-01-01 00:00:00+00:00, run_after=2021-01-01 00:00:00+00:00
[2024-06-06T16:59:24.344+0530] {processor.py:183} INFO - Processing /home/wsl/airflow_venv/lib/python3.10/site-packages/airflow/example_dags/example_trigger_controller_dag.py took 0.273 seconds
[2024-06-06T17:01:29.811+0530] {processor.py:161} INFO - Started process (PID=75821) to work on /home/wsl/airflow_venv/lib/python3.10/site-packages/airflow/example_dags/example_trigger_controller_dag.py
[2024-06-06T17:01:29.831+0530] {processor.py:830} INFO - Processing file /home/wsl/airflow_venv/lib/python3.10/site-packages/airflow/example_dags/example_trigger_controller_dag.py for tasks to queue
[2024-06-06T17:01:29.833+0530] {logging_mixin.py:188} INFO - [2024-06-06T17:01:29.832+0530] {dagbag.py:540} INFO - Filling up the DagBag from /home/wsl/airflow_venv/lib/python3.10/site-packages/airflow/example_dags/example_trigger_controller_dag.py
[2024-06-06T17:01:29.850+0530] {processor.py:840} INFO - DAG(s) 'example_trigger_controller_dag' retrieved from /home/wsl/airflow_venv/lib/python3.10/site-packages/airflow/example_dags/example_trigger_controller_dag.py
[2024-06-06T17:01:29.917+0530] {logging_mixin.py:188} INFO - [2024-06-06T17:01:29.917+0530] {dag.py:3096} INFO - Sync 1 DAGs
[2024-06-06T17:01:30.026+0530] {logging_mixin.py:188} INFO - [2024-06-06T17:01:30.025+0530] {dag.py:3954} INFO - Setting next_dagrun for example_trigger_controller_dag to 2021-01-01 00:00:00+00:00, run_after=2021-01-01 00:00:00+00:00
[2024-06-06T17:01:30.390+0530] {processor.py:183} INFO - Processing /home/wsl/airflow_venv/lib/python3.10/site-packages/airflow/example_dags/example_trigger_controller_dag.py took 0.609 seconds
[2024-06-06T17:03:29.556+0530] {processor.py:161} INFO - Started process (PID=77329) to work on /home/wsl/airflow_venv/lib/python3.10/site-packages/airflow/example_dags/example_trigger_controller_dag.py
[2024-06-06T17:03:29.558+0530] {processor.py:830} INFO - Processing file /home/wsl/airflow_venv/lib/python3.10/site-packages/airflow/example_dags/example_trigger_controller_dag.py for tasks to queue
[2024-06-06T17:03:29.560+0530] {logging_mixin.py:188} INFO - [2024-06-06T17:03:29.559+0530] {dagbag.py:540} INFO - Filling up the DagBag from /home/wsl/airflow_venv/lib/python3.10/site-packages/airflow/example_dags/example_trigger_controller_dag.py
[2024-06-06T17:03:29.569+0530] {processor.py:840} INFO - DAG(s) 'example_trigger_controller_dag' retrieved from /home/wsl/airflow_venv/lib/python3.10/site-packages/airflow/example_dags/example_trigger_controller_dag.py
[2024-06-06T17:03:29.586+0530] {logging_mixin.py:188} INFO - [2024-06-06T17:03:29.586+0530] {dag.py:3096} INFO - Sync 1 DAGs
[2024-06-06T17:03:29.604+0530] {logging_mixin.py:188} INFO - [2024-06-06T17:03:29.603+0530] {dag.py:3954} INFO - Setting next_dagrun for example_trigger_controller_dag to 2021-01-01 00:00:00+00:00, run_after=2021-01-01 00:00:00+00:00
[2024-06-06T17:03:29.632+0530] {processor.py:183} INFO - Processing /home/wsl/airflow_venv/lib/python3.10/site-packages/airflow/example_dags/example_trigger_controller_dag.py took 0.088 seconds
[2024-06-06T17:05:35.810+0530] {processor.py:161} INFO - Started process (PID=78869) to work on /home/wsl/airflow_venv/lib/python3.10/site-packages/airflow/example_dags/example_trigger_controller_dag.py
[2024-06-06T17:05:35.812+0530] {processor.py:830} INFO - Processing file /home/wsl/airflow_venv/lib/python3.10/site-packages/airflow/example_dags/example_trigger_controller_dag.py for tasks to queue
[2024-06-06T17:05:35.814+0530] {logging_mixin.py:188} INFO - [2024-06-06T17:05:35.813+0530] {dagbag.py:540} INFO - Filling up the DagBag from /home/wsl/airflow_venv/lib/python3.10/site-packages/airflow/example_dags/example_trigger_controller_dag.py
[2024-06-06T17:05:35.826+0530] {processor.py:840} INFO - DAG(s) 'example_trigger_controller_dag' retrieved from /home/wsl/airflow_venv/lib/python3.10/site-packages/airflow/example_dags/example_trigger_controller_dag.py
[2024-06-06T17:05:35.849+0530] {logging_mixin.py:188} INFO - [2024-06-06T17:05:35.849+0530] {dag.py:3096} INFO - Sync 1 DAGs
[2024-06-06T17:05:35.873+0530] {logging_mixin.py:188} INFO - [2024-06-06T17:05:35.872+0530] {dag.py:3954} INFO - Setting next_dagrun for example_trigger_controller_dag to 2021-01-01 00:00:00+00:00, run_after=2021-01-01 00:00:00+00:00
[2024-06-06T17:05:35.901+0530] {processor.py:183} INFO - Processing /home/wsl/airflow_venv/lib/python3.10/site-packages/airflow/example_dags/example_trigger_controller_dag.py took 0.102 seconds
[2024-06-06T17:07:29.356+0530] {processor.py:161} INFO - Started process (PID=80418) to work on /home/wsl/airflow_venv/lib/python3.10/site-packages/airflow/example_dags/example_trigger_controller_dag.py
[2024-06-06T17:07:29.358+0530] {processor.py:830} INFO - Processing file /home/wsl/airflow_venv/lib/python3.10/site-packages/airflow/example_dags/example_trigger_controller_dag.py for tasks to queue
[2024-06-06T17:07:29.359+0530] {logging_mixin.py:188} INFO - [2024-06-06T17:07:29.359+0530] {dagbag.py:540} INFO - Filling up the DagBag from /home/wsl/airflow_venv/lib/python3.10/site-packages/airflow/example_dags/example_trigger_controller_dag.py
[2024-06-06T17:07:29.365+0530] {processor.py:840} INFO - DAG(s) 'example_trigger_controller_dag' retrieved from /home/wsl/airflow_venv/lib/python3.10/site-packages/airflow/example_dags/example_trigger_controller_dag.py
[2024-06-06T17:07:29.381+0530] {logging_mixin.py:188} INFO - [2024-06-06T17:07:29.381+0530] {dag.py:3096} INFO - Sync 1 DAGs
[2024-06-06T17:07:29.398+0530] {logging_mixin.py:188} INFO - [2024-06-06T17:07:29.398+0530] {dag.py:3954} INFO - Setting next_dagrun for example_trigger_controller_dag to 2021-01-01 00:00:00+00:00, run_after=2021-01-01 00:00:00+00:00
[2024-06-06T17:07:29.601+0530] {processor.py:183} INFO - Processing /home/wsl/airflow_venv/lib/python3.10/site-packages/airflow/example_dags/example_trigger_controller_dag.py took 0.251 seconds
[2024-06-06T17:09:46.639+0530] {processor.py:161} INFO - Started process (PID=82149) to work on /home/wsl/airflow_venv/lib/python3.10/site-packages/airflow/example_dags/example_trigger_controller_dag.py
[2024-06-06T17:09:46.648+0530] {processor.py:830} INFO - Processing file /home/wsl/airflow_venv/lib/python3.10/site-packages/airflow/example_dags/example_trigger_controller_dag.py for tasks to queue
[2024-06-06T17:09:46.650+0530] {logging_mixin.py:188} INFO - [2024-06-06T17:09:46.649+0530] {dagbag.py:540} INFO - Filling up the DagBag from /home/wsl/airflow_venv/lib/python3.10/site-packages/airflow/example_dags/example_trigger_controller_dag.py
[2024-06-06T17:09:46.660+0530] {processor.py:840} INFO - DAG(s) 'example_trigger_controller_dag' retrieved from /home/wsl/airflow_venv/lib/python3.10/site-packages/airflow/example_dags/example_trigger_controller_dag.py
[2024-06-06T17:09:46.691+0530] {logging_mixin.py:188} INFO - [2024-06-06T17:09:46.690+0530] {dag.py:3096} INFO - Sync 1 DAGs
[2024-06-06T17:09:46.730+0530] {logging_mixin.py:188} INFO - [2024-06-06T17:09:46.729+0530] {dag.py:3954} INFO - Setting next_dagrun for example_trigger_controller_dag to 2021-01-01 00:00:00+00:00, run_after=2021-01-01 00:00:00+00:00
[2024-06-06T17:09:46.821+0530] {processor.py:183} INFO - Processing /home/wsl/airflow_venv/lib/python3.10/site-packages/airflow/example_dags/example_trigger_controller_dag.py took 0.198 seconds
[2024-06-06T17:12:13.905+0530] {processor.py:161} INFO - Started process (PID=84014) to work on /home/wsl/airflow_venv/lib/python3.10/site-packages/airflow/example_dags/example_trigger_controller_dag.py
[2024-06-06T17:12:13.907+0530] {processor.py:830} INFO - Processing file /home/wsl/airflow_venv/lib/python3.10/site-packages/airflow/example_dags/example_trigger_controller_dag.py for tasks to queue
[2024-06-06T17:12:13.908+0530] {logging_mixin.py:188} INFO - [2024-06-06T17:12:13.908+0530] {dagbag.py:540} INFO - Filling up the DagBag from /home/wsl/airflow_venv/lib/python3.10/site-packages/airflow/example_dags/example_trigger_controller_dag.py
[2024-06-06T17:12:13.916+0530] {processor.py:840} INFO - DAG(s) 'example_trigger_controller_dag' retrieved from /home/wsl/airflow_venv/lib/python3.10/site-packages/airflow/example_dags/example_trigger_controller_dag.py
[2024-06-06T17:12:13.935+0530] {logging_mixin.py:188} INFO - [2024-06-06T17:12:13.934+0530] {dag.py:3096} INFO - Sync 1 DAGs
[2024-06-06T17:12:13.955+0530] {logging_mixin.py:188} INFO - [2024-06-06T17:12:13.955+0530] {dag.py:3954} INFO - Setting next_dagrun for example_trigger_controller_dag to 2021-01-01 00:00:00+00:00, run_after=2021-01-01 00:00:00+00:00
[2024-06-06T17:12:13.985+0530] {processor.py:183} INFO - Processing /home/wsl/airflow_venv/lib/python3.10/site-packages/airflow/example_dags/example_trigger_controller_dag.py took 0.087 seconds
