[2024-06-06T15:50:26.803+0530] {processor.py:161} INFO - Started process (PID=33631) to work on /home/wsl/airflow_venv/lib/python3.10/site-packages/airflow/example_dags/example_python_operator.py
[2024-06-06T15:50:26.804+0530] {processor.py:830} INFO - Processing file /home/wsl/airflow_venv/lib/python3.10/site-packages/airflow/example_dags/example_python_operator.py for tasks to queue
[2024-06-06T15:50:26.805+0530] {logging_mixin.py:188} INFO - [2024-06-06T15:50:26.805+0530] {dagbag.py:540} INFO - Filling up the DagBag from /home/wsl/airflow_venv/lib/python3.10/site-packages/airflow/example_dags/example_python_operator.py
[2024-06-06T15:50:26.953+0530] {logging_mixin.py:188} INFO - [2024-06-06T15:50:26.952+0530] {example_python_operator.py:93} WARNING - The virtalenv_python example task requires virtualenv, please install it.
[2024-06-06T15:50:26.953+0530] {processor.py:840} INFO - DAG(s) 'example_python_operator' retrieved from /home/wsl/airflow_venv/lib/python3.10/site-packages/airflow/example_dags/example_python_operator.py
[2024-06-06T15:50:27.094+0530] {logging_mixin.py:188} INFO - [2024-06-06T15:50:27.093+0530] {dag.py:3096} INFO - Sync 1 DAGs
[2024-06-06T15:50:27.106+0530] {logging_mixin.py:188} INFO - [2024-06-06T15:50:27.106+0530] {dag.py:3954} INFO - Setting next_dagrun for example_python_operator to None, run_after=None
[2024-06-06T15:50:27.136+0530] {processor.py:183} INFO - Processing /home/wsl/airflow_venv/lib/python3.10/site-packages/airflow/example_dags/example_python_operator.py took 0.346 seconds
[2024-06-06T15:51:42.099+0530] {processor.py:161} INFO - Started process (PID=34362) to work on /home/wsl/airflow_venv/lib/python3.10/site-packages/airflow/example_dags/example_python_operator.py
[2024-06-06T15:51:42.101+0530] {processor.py:830} INFO - Processing file /home/wsl/airflow_venv/lib/python3.10/site-packages/airflow/example_dags/example_python_operator.py for tasks to queue
[2024-06-06T15:51:42.104+0530] {logging_mixin.py:188} INFO - [2024-06-06T15:51:42.103+0530] {dagbag.py:540} INFO - Filling up the DagBag from /home/wsl/airflow_venv/lib/python3.10/site-packages/airflow/example_dags/example_python_operator.py
[2024-06-06T15:51:42.252+0530] {logging_mixin.py:188} INFO - [2024-06-06T15:51:42.252+0530] {example_python_operator.py:93} WARNING - The virtalenv_python example task requires virtualenv, please install it.
[2024-06-06T15:51:42.253+0530] {processor.py:840} INFO - DAG(s) 'example_python_operator' retrieved from /home/wsl/airflow_venv/lib/python3.10/site-packages/airflow/example_dags/example_python_operator.py
[2024-06-06T15:51:42.277+0530] {logging_mixin.py:188} INFO - [2024-06-06T15:51:42.276+0530] {dag.py:3096} INFO - Sync 1 DAGs
[2024-06-06T15:51:42.294+0530] {logging_mixin.py:188} INFO - [2024-06-06T15:51:42.293+0530] {dag.py:3954} INFO - Setting next_dagrun for example_python_operator to None, run_after=None
[2024-06-06T15:51:42.325+0530] {processor.py:183} INFO - Processing /home/wsl/airflow_venv/lib/python3.10/site-packages/airflow/example_dags/example_python_operator.py took 0.241 seconds
[2024-06-06T15:53:30.818+0530] {processor.py:161} INFO - Started process (PID=35299) to work on /home/wsl/airflow_venv/lib/python3.10/site-packages/airflow/example_dags/example_python_operator.py
[2024-06-06T15:53:30.821+0530] {processor.py:830} INFO - Processing file /home/wsl/airflow_venv/lib/python3.10/site-packages/airflow/example_dags/example_python_operator.py for tasks to queue
[2024-06-06T15:53:30.822+0530] {logging_mixin.py:188} INFO - [2024-06-06T15:53:30.822+0530] {dagbag.py:540} INFO - Filling up the DagBag from /home/wsl/airflow_venv/lib/python3.10/site-packages/airflow/example_dags/example_python_operator.py
[2024-06-06T15:53:31.006+0530] {logging_mixin.py:188} INFO - [2024-06-06T15:53:31.006+0530] {example_python_operator.py:93} WARNING - The virtalenv_python example task requires virtualenv, please install it.
[2024-06-06T15:53:31.007+0530] {processor.py:840} INFO - DAG(s) 'example_python_operator' retrieved from /home/wsl/airflow_venv/lib/python3.10/site-packages/airflow/example_dags/example_python_operator.py
[2024-06-06T15:53:31.026+0530] {logging_mixin.py:188} INFO - [2024-06-06T15:53:31.026+0530] {dag.py:3096} INFO - Sync 1 DAGs
[2024-06-06T15:53:31.280+0530] {logging_mixin.py:188} INFO - [2024-06-06T15:53:31.280+0530] {dag.py:3954} INFO - Setting next_dagrun for example_python_operator to None, run_after=None
[2024-06-06T15:53:31.417+0530] {processor.py:183} INFO - Processing /home/wsl/airflow_venv/lib/python3.10/site-packages/airflow/example_dags/example_python_operator.py took 0.609 seconds
[2024-06-06T15:56:24.594+0530] {processor.py:161} INFO - Started process (PID=37121) to work on /home/wsl/airflow_venv/lib/python3.10/site-packages/airflow/example_dags/example_python_operator.py
[2024-06-06T15:56:24.596+0530] {processor.py:830} INFO - Processing file /home/wsl/airflow_venv/lib/python3.10/site-packages/airflow/example_dags/example_python_operator.py for tasks to queue
[2024-06-06T15:56:24.599+0530] {logging_mixin.py:188} INFO - [2024-06-06T15:56:24.598+0530] {dagbag.py:540} INFO - Filling up the DagBag from /home/wsl/airflow_venv/lib/python3.10/site-packages/airflow/example_dags/example_python_operator.py
[2024-06-06T15:56:24.791+0530] {logging_mixin.py:188} INFO - [2024-06-06T15:56:24.790+0530] {example_python_operator.py:93} WARNING - The virtalenv_python example task requires virtualenv, please install it.
[2024-06-06T15:56:24.792+0530] {processor.py:840} INFO - DAG(s) 'example_python_operator' retrieved from /home/wsl/airflow_venv/lib/python3.10/site-packages/airflow/example_dags/example_python_operator.py
[2024-06-06T15:56:24.846+0530] {logging_mixin.py:188} INFO - [2024-06-06T15:56:24.846+0530] {dag.py:3096} INFO - Sync 1 DAGs
[2024-06-06T15:56:24.878+0530] {logging_mixin.py:188} INFO - [2024-06-06T15:56:24.877+0530] {dag.py:3954} INFO - Setting next_dagrun for example_python_operator to None, run_after=None
[2024-06-06T15:56:24.936+0530] {processor.py:183} INFO - Processing /home/wsl/airflow_venv/lib/python3.10/site-packages/airflow/example_dags/example_python_operator.py took 0.372 seconds
[2024-06-06T15:57:55.731+0530] {processor.py:161} INFO - Started process (PID=37870) to work on /home/wsl/airflow_venv/lib/python3.10/site-packages/airflow/example_dags/example_python_operator.py
[2024-06-06T15:57:55.735+0530] {processor.py:830} INFO - Processing file /home/wsl/airflow_venv/lib/python3.10/site-packages/airflow/example_dags/example_python_operator.py for tasks to queue
[2024-06-06T15:57:55.737+0530] {logging_mixin.py:188} INFO - [2024-06-06T15:57:55.736+0530] {dagbag.py:540} INFO - Filling up the DagBag from /home/wsl/airflow_venv/lib/python3.10/site-packages/airflow/example_dags/example_python_operator.py
[2024-06-06T15:57:55.881+0530] {logging_mixin.py:188} INFO - [2024-06-06T15:57:55.880+0530] {example_python_operator.py:93} WARNING - The virtalenv_python example task requires virtualenv, please install it.
[2024-06-06T15:57:55.881+0530] {processor.py:840} INFO - DAG(s) 'example_python_operator' retrieved from /home/wsl/airflow_venv/lib/python3.10/site-packages/airflow/example_dags/example_python_operator.py
[2024-06-06T15:57:55.900+0530] {logging_mixin.py:188} INFO - [2024-06-06T15:57:55.900+0530] {dag.py:3096} INFO - Sync 1 DAGs
[2024-06-06T15:57:55.914+0530] {logging_mixin.py:188} INFO - [2024-06-06T15:57:55.914+0530] {dag.py:3954} INFO - Setting next_dagrun for example_python_operator to None, run_after=None
[2024-06-06T15:57:55.945+0530] {processor.py:183} INFO - Processing /home/wsl/airflow_venv/lib/python3.10/site-packages/airflow/example_dags/example_python_operator.py took 0.229 seconds
[2024-06-06T15:59:13.438+0530] {processor.py:161} INFO - Started process (PID=38399) to work on /home/wsl/airflow_venv/lib/python3.10/site-packages/airflow/example_dags/example_python_operator.py
[2024-06-06T15:59:13.440+0530] {processor.py:830} INFO - Processing file /home/wsl/airflow_venv/lib/python3.10/site-packages/airflow/example_dags/example_python_operator.py for tasks to queue
[2024-06-06T15:59:13.441+0530] {logging_mixin.py:188} INFO - [2024-06-06T15:59:13.440+0530] {dagbag.py:540} INFO - Filling up the DagBag from /home/wsl/airflow_venv/lib/python3.10/site-packages/airflow/example_dags/example_python_operator.py
[2024-06-06T15:59:13.585+0530] {logging_mixin.py:188} INFO - [2024-06-06T15:59:13.585+0530] {example_python_operator.py:93} WARNING - The virtalenv_python example task requires virtualenv, please install it.
[2024-06-06T15:59:13.586+0530] {processor.py:840} INFO - DAG(s) 'example_python_operator' retrieved from /home/wsl/airflow_venv/lib/python3.10/site-packages/airflow/example_dags/example_python_operator.py
[2024-06-06T15:59:13.605+0530] {logging_mixin.py:188} INFO - [2024-06-06T15:59:13.605+0530] {dag.py:3096} INFO - Sync 1 DAGs
[2024-06-06T15:59:13.618+0530] {logging_mixin.py:188} INFO - [2024-06-06T15:59:13.618+0530] {dag.py:3954} INFO - Setting next_dagrun for example_python_operator to None, run_after=None
[2024-06-06T15:59:13.644+0530] {processor.py:183} INFO - Processing /home/wsl/airflow_venv/lib/python3.10/site-packages/airflow/example_dags/example_python_operator.py took 0.213 seconds
[2024-06-06T16:00:16.557+0530] {processor.py:161} INFO - Started process (PID=39048) to work on /home/wsl/airflow_venv/lib/python3.10/site-packages/airflow/example_dags/example_python_operator.py
[2024-06-06T16:00:16.565+0530] {processor.py:830} INFO - Processing file /home/wsl/airflow_venv/lib/python3.10/site-packages/airflow/example_dags/example_python_operator.py for tasks to queue
[2024-06-06T16:00:16.568+0530] {logging_mixin.py:188} INFO - [2024-06-06T16:00:16.567+0530] {dagbag.py:540} INFO - Filling up the DagBag from /home/wsl/airflow_venv/lib/python3.10/site-packages/airflow/example_dags/example_python_operator.py
[2024-06-06T16:00:16.725+0530] {logging_mixin.py:188} INFO - [2024-06-06T16:00:16.725+0530] {example_python_operator.py:93} WARNING - The virtalenv_python example task requires virtualenv, please install it.
[2024-06-06T16:00:16.726+0530] {processor.py:840} INFO - DAG(s) 'example_python_operator' retrieved from /home/wsl/airflow_venv/lib/python3.10/site-packages/airflow/example_dags/example_python_operator.py
[2024-06-06T16:00:16.750+0530] {logging_mixin.py:188} INFO - [2024-06-06T16:00:16.749+0530] {dag.py:3096} INFO - Sync 1 DAGs
[2024-06-06T16:00:16.764+0530] {logging_mixin.py:188} INFO - [2024-06-06T16:00:16.764+0530] {dag.py:3954} INFO - Setting next_dagrun for example_python_operator to None, run_after=None
[2024-06-06T16:00:16.795+0530] {processor.py:183} INFO - Processing /home/wsl/airflow_venv/lib/python3.10/site-packages/airflow/example_dags/example_python_operator.py took 0.256 seconds
[2024-06-06T16:06:19.894+0530] {processor.py:161} INFO - Started process (PID=41550) to work on /home/wsl/airflow_venv/lib/python3.10/site-packages/airflow/example_dags/example_python_operator.py
[2024-06-06T16:06:19.897+0530] {processor.py:830} INFO - Processing file /home/wsl/airflow_venv/lib/python3.10/site-packages/airflow/example_dags/example_python_operator.py for tasks to queue
[2024-06-06T16:06:19.899+0530] {logging_mixin.py:188} INFO - [2024-06-06T16:06:19.899+0530] {dagbag.py:540} INFO - Filling up the DagBag from /home/wsl/airflow_venv/lib/python3.10/site-packages/airflow/example_dags/example_python_operator.py
[2024-06-06T16:06:20.044+0530] {logging_mixin.py:188} INFO - [2024-06-06T16:06:20.044+0530] {example_python_operator.py:93} WARNING - The virtalenv_python example task requires virtualenv, please install it.
[2024-06-06T16:06:20.045+0530] {processor.py:840} INFO - DAG(s) 'example_python_operator' retrieved from /home/wsl/airflow_venv/lib/python3.10/site-packages/airflow/example_dags/example_python_operator.py
[2024-06-06T16:06:20.234+0530] {logging_mixin.py:188} INFO - [2024-06-06T16:06:20.234+0530] {dag.py:3096} INFO - Sync 1 DAGs
[2024-06-06T16:06:20.245+0530] {logging_mixin.py:188} INFO - [2024-06-06T16:06:20.244+0530] {dag.py:3954} INFO - Setting next_dagrun for example_python_operator to None, run_after=None
[2024-06-06T16:06:20.271+0530] {processor.py:183} INFO - Processing /home/wsl/airflow_venv/lib/python3.10/site-packages/airflow/example_dags/example_python_operator.py took 0.389 seconds
[2024-06-06T16:07:55.319+0530] {processor.py:161} INFO - Started process (PID=42461) to work on /home/wsl/airflow_venv/lib/python3.10/site-packages/airflow/example_dags/example_python_operator.py
[2024-06-06T16:07:55.322+0530] {processor.py:830} INFO - Processing file /home/wsl/airflow_venv/lib/python3.10/site-packages/airflow/example_dags/example_python_operator.py for tasks to queue
[2024-06-06T16:07:55.324+0530] {logging_mixin.py:188} INFO - [2024-06-06T16:07:55.323+0530] {dagbag.py:540} INFO - Filling up the DagBag from /home/wsl/airflow_venv/lib/python3.10/site-packages/airflow/example_dags/example_python_operator.py
[2024-06-06T16:07:55.474+0530] {logging_mixin.py:188} INFO - [2024-06-06T16:07:55.474+0530] {example_python_operator.py:93} WARNING - The virtalenv_python example task requires virtualenv, please install it.
[2024-06-06T16:07:55.475+0530] {processor.py:840} INFO - DAG(s) 'example_python_operator' retrieved from /home/wsl/airflow_venv/lib/python3.10/site-packages/airflow/example_dags/example_python_operator.py
[2024-06-06T16:07:55.493+0530] {logging_mixin.py:188} INFO - [2024-06-06T16:07:55.492+0530] {dag.py:3096} INFO - Sync 1 DAGs
[2024-06-06T16:07:55.505+0530] {logging_mixin.py:188} INFO - [2024-06-06T16:07:55.505+0530] {dag.py:3954} INFO - Setting next_dagrun for example_python_operator to None, run_after=None
[2024-06-06T16:07:55.534+0530] {processor.py:183} INFO - Processing /home/wsl/airflow_venv/lib/python3.10/site-packages/airflow/example_dags/example_python_operator.py took 0.227 seconds
[2024-06-06T16:10:06.843+0530] {processor.py:161} INFO - Started process (PID=43758) to work on /home/wsl/airflow_venv/lib/python3.10/site-packages/airflow/example_dags/example_python_operator.py
[2024-06-06T16:10:06.846+0530] {processor.py:830} INFO - Processing file /home/wsl/airflow_venv/lib/python3.10/site-packages/airflow/example_dags/example_python_operator.py for tasks to queue
[2024-06-06T16:10:06.848+0530] {logging_mixin.py:188} INFO - [2024-06-06T16:10:06.847+0530] {dagbag.py:540} INFO - Filling up the DagBag from /home/wsl/airflow_venv/lib/python3.10/site-packages/airflow/example_dags/example_python_operator.py
[2024-06-06T16:10:07.005+0530] {logging_mixin.py:188} INFO - [2024-06-06T16:10:07.005+0530] {example_python_operator.py:93} WARNING - The virtalenv_python example task requires virtualenv, please install it.
[2024-06-06T16:10:07.006+0530] {processor.py:840} INFO - DAG(s) 'example_python_operator' retrieved from /home/wsl/airflow_venv/lib/python3.10/site-packages/airflow/example_dags/example_python_operator.py
[2024-06-06T16:10:07.024+0530] {logging_mixin.py:188} INFO - [2024-06-06T16:10:07.024+0530] {dag.py:3096} INFO - Sync 1 DAGs
[2024-06-06T16:10:07.037+0530] {logging_mixin.py:188} INFO - [2024-06-06T16:10:07.037+0530] {dag.py:3954} INFO - Setting next_dagrun for example_python_operator to None, run_after=None
[2024-06-06T16:10:07.065+0530] {processor.py:183} INFO - Processing /home/wsl/airflow_venv/lib/python3.10/site-packages/airflow/example_dags/example_python_operator.py took 0.238 seconds
[2024-06-06T16:11:39.784+0530] {processor.py:161} INFO - Started process (PID=44895) to work on /home/wsl/airflow_venv/lib/python3.10/site-packages/airflow/example_dags/example_python_operator.py
[2024-06-06T16:11:39.786+0530] {processor.py:830} INFO - Processing file /home/wsl/airflow_venv/lib/python3.10/site-packages/airflow/example_dags/example_python_operator.py for tasks to queue
[2024-06-06T16:11:39.787+0530] {logging_mixin.py:188} INFO - [2024-06-06T16:11:39.787+0530] {dagbag.py:540} INFO - Filling up the DagBag from /home/wsl/airflow_venv/lib/python3.10/site-packages/airflow/example_dags/example_python_operator.py
[2024-06-06T16:11:39.918+0530] {logging_mixin.py:188} INFO - [2024-06-06T16:11:39.918+0530] {example_python_operator.py:93} WARNING - The virtalenv_python example task requires virtualenv, please install it.
[2024-06-06T16:11:39.919+0530] {processor.py:840} INFO - DAG(s) 'example_python_operator' retrieved from /home/wsl/airflow_venv/lib/python3.10/site-packages/airflow/example_dags/example_python_operator.py
[2024-06-06T16:11:39.937+0530] {logging_mixin.py:188} INFO - [2024-06-06T16:11:39.936+0530] {dag.py:3096} INFO - Sync 1 DAGs
[2024-06-06T16:11:39.948+0530] {logging_mixin.py:188} INFO - [2024-06-06T16:11:39.948+0530] {dag.py:3954} INFO - Setting next_dagrun for example_python_operator to None, run_after=None
[2024-06-06T16:11:39.972+0530] {processor.py:183} INFO - Processing /home/wsl/airflow_venv/lib/python3.10/site-packages/airflow/example_dags/example_python_operator.py took 0.206 seconds
[2024-06-06T16:14:25.231+0530] {processor.py:161} INFO - Started process (PID=46754) to work on /home/wsl/airflow_venv/lib/python3.10/site-packages/airflow/example_dags/example_python_operator.py
[2024-06-06T16:14:25.241+0530] {processor.py:830} INFO - Processing file /home/wsl/airflow_venv/lib/python3.10/site-packages/airflow/example_dags/example_python_operator.py for tasks to queue
[2024-06-06T16:14:25.244+0530] {logging_mixin.py:188} INFO - [2024-06-06T16:14:25.244+0530] {dagbag.py:540} INFO - Filling up the DagBag from /home/wsl/airflow_venv/lib/python3.10/site-packages/airflow/example_dags/example_python_operator.py
[2024-06-06T16:14:25.861+0530] {logging_mixin.py:188} INFO - [2024-06-06T16:14:25.860+0530] {example_python_operator.py:93} WARNING - The virtalenv_python example task requires virtualenv, please install it.
[2024-06-06T16:14:25.862+0530] {processor.py:840} INFO - DAG(s) 'example_python_operator' retrieved from /home/wsl/airflow_venv/lib/python3.10/site-packages/airflow/example_dags/example_python_operator.py
[2024-06-06T16:14:26.017+0530] {logging_mixin.py:188} INFO - [2024-06-06T16:14:26.017+0530] {dag.py:3096} INFO - Sync 1 DAGs
[2024-06-06T16:14:26.241+0530] {logging_mixin.py:188} INFO - [2024-06-06T16:14:26.241+0530] {dag.py:3954} INFO - Setting next_dagrun for example_python_operator to None, run_after=None
[2024-06-06T16:14:26.381+0530] {processor.py:183} INFO - Processing /home/wsl/airflow_venv/lib/python3.10/site-packages/airflow/example_dags/example_python_operator.py took 1.180 seconds
[2024-06-06T16:25:49.523+0530] {processor.py:161} INFO - Started process (PID=51944) to work on /home/wsl/airflow_venv/lib/python3.10/site-packages/airflow/example_dags/example_python_operator.py
[2024-06-06T16:25:49.529+0530] {processor.py:830} INFO - Processing file /home/wsl/airflow_venv/lib/python3.10/site-packages/airflow/example_dags/example_python_operator.py for tasks to queue
[2024-06-06T16:25:49.532+0530] {logging_mixin.py:188} INFO - [2024-06-06T16:25:49.531+0530] {dagbag.py:540} INFO - Filling up the DagBag from /home/wsl/airflow_venv/lib/python3.10/site-packages/airflow/example_dags/example_python_operator.py
[2024-06-06T16:25:49.905+0530] {logging_mixin.py:188} INFO - [2024-06-06T16:25:49.904+0530] {example_python_operator.py:93} WARNING - The virtalenv_python example task requires virtualenv, please install it.
[2024-06-06T16:25:49.907+0530] {processor.py:840} INFO - DAG(s) 'example_python_operator' retrieved from /home/wsl/airflow_venv/lib/python3.10/site-packages/airflow/example_dags/example_python_operator.py
[2024-06-06T16:25:50.043+0530] {logging_mixin.py:188} INFO - [2024-06-06T16:25:50.043+0530] {dag.py:3096} INFO - Sync 1 DAGs
[2024-06-06T16:25:50.053+0530] {logging_mixin.py:188} INFO - [2024-06-06T16:25:50.052+0530] {dag.py:3954} INFO - Setting next_dagrun for example_python_operator to None, run_after=None
[2024-06-06T16:25:50.081+0530] {processor.py:183} INFO - Processing /home/wsl/airflow_venv/lib/python3.10/site-packages/airflow/example_dags/example_python_operator.py took 0.580 seconds
[2024-06-06T16:27:57.478+0530] {processor.py:161} INFO - Started process (PID=53062) to work on /home/wsl/airflow_venv/lib/python3.10/site-packages/airflow/example_dags/example_python_operator.py
[2024-06-06T16:27:57.675+0530] {processor.py:830} INFO - Processing file /home/wsl/airflow_venv/lib/python3.10/site-packages/airflow/example_dags/example_python_operator.py for tasks to queue
[2024-06-06T16:27:57.678+0530] {logging_mixin.py:188} INFO - [2024-06-06T16:27:57.677+0530] {dagbag.py:540} INFO - Filling up the DagBag from /home/wsl/airflow_venv/lib/python3.10/site-packages/airflow/example_dags/example_python_operator.py
[2024-06-06T16:27:58.111+0530] {logging_mixin.py:188} INFO - [2024-06-06T16:27:58.111+0530] {example_python_operator.py:93} WARNING - The virtalenv_python example task requires virtualenv, please install it.
[2024-06-06T16:27:58.112+0530] {processor.py:840} INFO - DAG(s) 'example_python_operator' retrieved from /home/wsl/airflow_venv/lib/python3.10/site-packages/airflow/example_dags/example_python_operator.py
[2024-06-06T16:27:58.206+0530] {logging_mixin.py:188} INFO - [2024-06-06T16:27:58.206+0530] {dag.py:3096} INFO - Sync 1 DAGs
[2024-06-06T16:27:58.288+0530] {logging_mixin.py:188} INFO - [2024-06-06T16:27:58.287+0530] {dag.py:3954} INFO - Setting next_dagrun for example_python_operator to None, run_after=None
[2024-06-06T16:27:58.424+0530] {processor.py:183} INFO - Processing /home/wsl/airflow_venv/lib/python3.10/site-packages/airflow/example_dags/example_python_operator.py took 0.987 seconds
[2024-06-06T16:30:42.164+0530] {processor.py:161} INFO - Started process (PID=55042) to work on /home/wsl/airflow_venv/lib/python3.10/site-packages/airflow/example_dags/example_python_operator.py
[2024-06-06T16:30:42.166+0530] {processor.py:830} INFO - Processing file /home/wsl/airflow_venv/lib/python3.10/site-packages/airflow/example_dags/example_python_operator.py for tasks to queue
[2024-06-06T16:30:42.167+0530] {logging_mixin.py:188} INFO - [2024-06-06T16:30:42.167+0530] {dagbag.py:540} INFO - Filling up the DagBag from /home/wsl/airflow_venv/lib/python3.10/site-packages/airflow/example_dags/example_python_operator.py
[2024-06-06T16:30:42.307+0530] {logging_mixin.py:188} INFO - [2024-06-06T16:30:42.307+0530] {example_python_operator.py:93} WARNING - The virtalenv_python example task requires virtualenv, please install it.
[2024-06-06T16:30:42.308+0530] {processor.py:840} INFO - DAG(s) 'example_python_operator' retrieved from /home/wsl/airflow_venv/lib/python3.10/site-packages/airflow/example_dags/example_python_operator.py
[2024-06-06T16:30:42.333+0530] {logging_mixin.py:188} INFO - [2024-06-06T16:30:42.333+0530] {dag.py:3096} INFO - Sync 1 DAGs
[2024-06-06T16:30:42.349+0530] {logging_mixin.py:188} INFO - [2024-06-06T16:30:42.349+0530] {dag.py:3954} INFO - Setting next_dagrun for example_python_operator to None, run_after=None
[2024-06-06T16:30:42.376+0530] {processor.py:183} INFO - Processing /home/wsl/airflow_venv/lib/python3.10/site-packages/airflow/example_dags/example_python_operator.py took 0.219 seconds
[2024-06-06T16:33:02.587+0530] {processor.py:161} INFO - Started process (PID=56470) to work on /home/wsl/airflow_venv/lib/python3.10/site-packages/airflow/example_dags/example_python_operator.py
[2024-06-06T16:33:02.591+0530] {processor.py:830} INFO - Processing file /home/wsl/airflow_venv/lib/python3.10/site-packages/airflow/example_dags/example_python_operator.py for tasks to queue
[2024-06-06T16:33:02.593+0530] {logging_mixin.py:188} INFO - [2024-06-06T16:33:02.592+0530] {dagbag.py:540} INFO - Filling up the DagBag from /home/wsl/airflow_venv/lib/python3.10/site-packages/airflow/example_dags/example_python_operator.py
[2024-06-06T16:33:02.753+0530] {logging_mixin.py:188} INFO - [2024-06-06T16:33:02.753+0530] {example_python_operator.py:93} WARNING - The virtalenv_python example task requires virtualenv, please install it.
[2024-06-06T16:33:02.754+0530] {processor.py:840} INFO - DAG(s) 'example_python_operator' retrieved from /home/wsl/airflow_venv/lib/python3.10/site-packages/airflow/example_dags/example_python_operator.py
[2024-06-06T16:33:02.773+0530] {logging_mixin.py:188} INFO - [2024-06-06T16:33:02.773+0530] {dag.py:3096} INFO - Sync 1 DAGs
[2024-06-06T16:33:02.785+0530] {logging_mixin.py:188} INFO - [2024-06-06T16:33:02.785+0530] {dag.py:3954} INFO - Setting next_dagrun for example_python_operator to None, run_after=None
[2024-06-06T16:33:02.810+0530] {processor.py:183} INFO - Processing /home/wsl/airflow_venv/lib/python3.10/site-packages/airflow/example_dags/example_python_operator.py took 0.240 seconds
[2024-06-06T16:35:11.212+0530] {processor.py:161} INFO - Started process (PID=57907) to work on /home/wsl/airflow_venv/lib/python3.10/site-packages/airflow/example_dags/example_python_operator.py
[2024-06-06T16:35:11.215+0530] {processor.py:830} INFO - Processing file /home/wsl/airflow_venv/lib/python3.10/site-packages/airflow/example_dags/example_python_operator.py for tasks to queue
[2024-06-06T16:35:11.216+0530] {logging_mixin.py:188} INFO - [2024-06-06T16:35:11.215+0530] {dagbag.py:540} INFO - Filling up the DagBag from /home/wsl/airflow_venv/lib/python3.10/site-packages/airflow/example_dags/example_python_operator.py
[2024-06-06T16:35:11.399+0530] {logging_mixin.py:188} INFO - [2024-06-06T16:35:11.398+0530] {example_python_operator.py:93} WARNING - The virtalenv_python example task requires virtualenv, please install it.
[2024-06-06T16:35:11.399+0530] {processor.py:840} INFO - DAG(s) 'example_python_operator' retrieved from /home/wsl/airflow_venv/lib/python3.10/site-packages/airflow/example_dags/example_python_operator.py
[2024-06-06T16:35:11.419+0530] {logging_mixin.py:188} INFO - [2024-06-06T16:35:11.419+0530] {dag.py:3096} INFO - Sync 1 DAGs
[2024-06-06T16:35:11.430+0530] {logging_mixin.py:188} INFO - [2024-06-06T16:35:11.430+0530] {dag.py:3954} INFO - Setting next_dagrun for example_python_operator to None, run_after=None
[2024-06-06T16:35:11.464+0530] {processor.py:183} INFO - Processing /home/wsl/airflow_venv/lib/python3.10/site-packages/airflow/example_dags/example_python_operator.py took 0.264 seconds
[2024-06-06T16:37:29.326+0530] {processor.py:161} INFO - Started process (PID=59420) to work on /home/wsl/airflow_venv/lib/python3.10/site-packages/airflow/example_dags/example_python_operator.py
[2024-06-06T16:37:29.329+0530] {processor.py:830} INFO - Processing file /home/wsl/airflow_venv/lib/python3.10/site-packages/airflow/example_dags/example_python_operator.py for tasks to queue
[2024-06-06T16:37:29.331+0530] {logging_mixin.py:188} INFO - [2024-06-06T16:37:29.330+0530] {dagbag.py:540} INFO - Filling up the DagBag from /home/wsl/airflow_venv/lib/python3.10/site-packages/airflow/example_dags/example_python_operator.py
[2024-06-06T16:37:29.461+0530] {logging_mixin.py:188} INFO - [2024-06-06T16:37:29.461+0530] {example_python_operator.py:93} WARNING - The virtalenv_python example task requires virtualenv, please install it.
[2024-06-06T16:37:29.462+0530] {processor.py:840} INFO - DAG(s) 'example_python_operator' retrieved from /home/wsl/airflow_venv/lib/python3.10/site-packages/airflow/example_dags/example_python_operator.py
[2024-06-06T16:37:29.480+0530] {logging_mixin.py:188} INFO - [2024-06-06T16:37:29.480+0530] {dag.py:3096} INFO - Sync 1 DAGs
[2024-06-06T16:37:29.493+0530] {logging_mixin.py:188} INFO - [2024-06-06T16:37:29.492+0530] {dag.py:3954} INFO - Setting next_dagrun for example_python_operator to None, run_after=None
[2024-06-06T16:37:29.518+0530] {processor.py:183} INFO - Processing /home/wsl/airflow_venv/lib/python3.10/site-packages/airflow/example_dags/example_python_operator.py took 0.204 seconds
[2024-06-06T16:40:27.153+0530] {processor.py:161} INFO - Started process (PID=61283) to work on /home/wsl/airflow_venv/lib/python3.10/site-packages/airflow/example_dags/example_python_operator.py
[2024-06-06T16:40:27.155+0530] {processor.py:830} INFO - Processing file /home/wsl/airflow_venv/lib/python3.10/site-packages/airflow/example_dags/example_python_operator.py for tasks to queue
[2024-06-06T16:40:27.157+0530] {logging_mixin.py:188} INFO - [2024-06-06T16:40:27.156+0530] {dagbag.py:540} INFO - Filling up the DagBag from /home/wsl/airflow_venv/lib/python3.10/site-packages/airflow/example_dags/example_python_operator.py
[2024-06-06T16:40:27.367+0530] {logging_mixin.py:188} INFO - [2024-06-06T16:40:27.366+0530] {example_python_operator.py:93} WARNING - The virtalenv_python example task requires virtualenv, please install it.
[2024-06-06T16:40:27.368+0530] {processor.py:840} INFO - DAG(s) 'example_python_operator' retrieved from /home/wsl/airflow_venv/lib/python3.10/site-packages/airflow/example_dags/example_python_operator.py
[2024-06-06T16:40:27.406+0530] {logging_mixin.py:188} INFO - [2024-06-06T16:40:27.406+0530] {dag.py:3096} INFO - Sync 1 DAGs
[2024-06-06T16:40:27.430+0530] {logging_mixin.py:188} INFO - [2024-06-06T16:40:27.430+0530] {dag.py:3954} INFO - Setting next_dagrun for example_python_operator to None, run_after=None
[2024-06-06T16:40:27.490+0530] {processor.py:183} INFO - Processing /home/wsl/airflow_venv/lib/python3.10/site-packages/airflow/example_dags/example_python_operator.py took 0.349 seconds
[2024-06-06T16:42:24.201+0530] {processor.py:161} INFO - Started process (PID=62408) to work on /home/wsl/airflow_venv/lib/python3.10/site-packages/airflow/example_dags/example_python_operator.py
[2024-06-06T16:42:24.203+0530] {processor.py:830} INFO - Processing file /home/wsl/airflow_venv/lib/python3.10/site-packages/airflow/example_dags/example_python_operator.py for tasks to queue
[2024-06-06T16:42:24.204+0530] {logging_mixin.py:188} INFO - [2024-06-06T16:42:24.204+0530] {dagbag.py:540} INFO - Filling up the DagBag from /home/wsl/airflow_venv/lib/python3.10/site-packages/airflow/example_dags/example_python_operator.py
[2024-06-06T16:42:24.371+0530] {logging_mixin.py:188} INFO - [2024-06-06T16:42:24.371+0530] {example_python_operator.py:93} WARNING - The virtalenv_python example task requires virtualenv, please install it.
[2024-06-06T16:42:24.372+0530] {processor.py:840} INFO - DAG(s) 'example_python_operator' retrieved from /home/wsl/airflow_venv/lib/python3.10/site-packages/airflow/example_dags/example_python_operator.py
[2024-06-06T16:42:24.391+0530] {logging_mixin.py:188} INFO - [2024-06-06T16:42:24.391+0530] {dag.py:3096} INFO - Sync 1 DAGs
[2024-06-06T16:42:24.403+0530] {logging_mixin.py:188} INFO - [2024-06-06T16:42:24.403+0530] {dag.py:3954} INFO - Setting next_dagrun for example_python_operator to None, run_after=None
[2024-06-06T16:42:24.429+0530] {processor.py:183} INFO - Processing /home/wsl/airflow_venv/lib/python3.10/site-packages/airflow/example_dags/example_python_operator.py took 0.237 seconds
[2024-06-06T16:44:36.008+0530] {processor.py:161} INFO - Started process (PID=63968) to work on /home/wsl/airflow_venv/lib/python3.10/site-packages/airflow/example_dags/example_python_operator.py
[2024-06-06T16:44:36.011+0530] {processor.py:830} INFO - Processing file /home/wsl/airflow_venv/lib/python3.10/site-packages/airflow/example_dags/example_python_operator.py for tasks to queue
[2024-06-06T16:44:36.012+0530] {logging_mixin.py:188} INFO - [2024-06-06T16:44:36.012+0530] {dagbag.py:540} INFO - Filling up the DagBag from /home/wsl/airflow_venv/lib/python3.10/site-packages/airflow/example_dags/example_python_operator.py
[2024-06-06T16:44:36.151+0530] {logging_mixin.py:188} INFO - [2024-06-06T16:44:36.150+0530] {example_python_operator.py:93} WARNING - The virtalenv_python example task requires virtualenv, please install it.
[2024-06-06T16:44:36.151+0530] {processor.py:840} INFO - DAG(s) 'example_python_operator' retrieved from /home/wsl/airflow_venv/lib/python3.10/site-packages/airflow/example_dags/example_python_operator.py
[2024-06-06T16:44:36.170+0530] {logging_mixin.py:188} INFO - [2024-06-06T16:44:36.170+0530] {dag.py:3096} INFO - Sync 1 DAGs
[2024-06-06T16:44:36.182+0530] {logging_mixin.py:188} INFO - [2024-06-06T16:44:36.182+0530] {dag.py:3954} INFO - Setting next_dagrun for example_python_operator to None, run_after=None
[2024-06-06T16:44:36.210+0530] {processor.py:183} INFO - Processing /home/wsl/airflow_venv/lib/python3.10/site-packages/airflow/example_dags/example_python_operator.py took 0.216 seconds
[2024-06-06T16:47:13.795+0530] {processor.py:161} INFO - Started process (PID=65852) to work on /home/wsl/airflow_venv/lib/python3.10/site-packages/airflow/example_dags/example_python_operator.py
[2024-06-06T16:47:13.798+0530] {processor.py:830} INFO - Processing file /home/wsl/airflow_venv/lib/python3.10/site-packages/airflow/example_dags/example_python_operator.py for tasks to queue
[2024-06-06T16:47:13.799+0530] {logging_mixin.py:188} INFO - [2024-06-06T16:47:13.799+0530] {dagbag.py:540} INFO - Filling up the DagBag from /home/wsl/airflow_venv/lib/python3.10/site-packages/airflow/example_dags/example_python_operator.py
[2024-06-06T16:47:13.951+0530] {logging_mixin.py:188} INFO - [2024-06-06T16:47:13.950+0530] {example_python_operator.py:93} WARNING - The virtalenv_python example task requires virtualenv, please install it.
[2024-06-06T16:47:13.951+0530] {processor.py:840} INFO - DAG(s) 'example_python_operator' retrieved from /home/wsl/airflow_venv/lib/python3.10/site-packages/airflow/example_dags/example_python_operator.py
[2024-06-06T16:47:13.971+0530] {logging_mixin.py:188} INFO - [2024-06-06T16:47:13.970+0530] {dag.py:3096} INFO - Sync 1 DAGs
[2024-06-06T16:47:14.022+0530] {logging_mixin.py:188} INFO - [2024-06-06T16:47:14.022+0530] {dag.py:3954} INFO - Setting next_dagrun for example_python_operator to None, run_after=None
[2024-06-06T16:47:14.224+0530] {processor.py:183} INFO - Processing /home/wsl/airflow_venv/lib/python3.10/site-packages/airflow/example_dags/example_python_operator.py took 0.440 seconds
[2024-06-06T16:49:40.737+0530] {processor.py:161} INFO - Started process (PID=67512) to work on /home/wsl/airflow_venv/lib/python3.10/site-packages/airflow/example_dags/example_python_operator.py
[2024-06-06T16:49:40.745+0530] {processor.py:830} INFO - Processing file /home/wsl/airflow_venv/lib/python3.10/site-packages/airflow/example_dags/example_python_operator.py for tasks to queue
[2024-06-06T16:49:40.753+0530] {logging_mixin.py:188} INFO - [2024-06-06T16:49:40.751+0530] {dagbag.py:540} INFO - Filling up the DagBag from /home/wsl/airflow_venv/lib/python3.10/site-packages/airflow/example_dags/example_python_operator.py
[2024-06-06T16:49:41.083+0530] {logging_mixin.py:188} INFO - [2024-06-06T16:49:41.083+0530] {example_python_operator.py:93} WARNING - The virtalenv_python example task requires virtualenv, please install it.
[2024-06-06T16:49:41.084+0530] {processor.py:840} INFO - DAG(s) 'example_python_operator' retrieved from /home/wsl/airflow_venv/lib/python3.10/site-packages/airflow/example_dags/example_python_operator.py
[2024-06-06T16:49:41.121+0530] {logging_mixin.py:188} INFO - [2024-06-06T16:49:41.121+0530] {dag.py:3096} INFO - Sync 1 DAGs
[2024-06-06T16:49:41.145+0530] {logging_mixin.py:188} INFO - [2024-06-06T16:49:41.144+0530] {dag.py:3954} INFO - Setting next_dagrun for example_python_operator to None, run_after=None
[2024-06-06T16:49:41.191+0530] {processor.py:183} INFO - Processing /home/wsl/airflow_venv/lib/python3.10/site-packages/airflow/example_dags/example_python_operator.py took 0.498 seconds
[2024-06-06T16:52:36.116+0530] {processor.py:161} INFO - Started process (PID=69194) to work on /home/wsl/airflow_venv/lib/python3.10/site-packages/airflow/example_dags/example_python_operator.py
[2024-06-06T16:52:36.118+0530] {processor.py:830} INFO - Processing file /home/wsl/airflow_venv/lib/python3.10/site-packages/airflow/example_dags/example_python_operator.py for tasks to queue
[2024-06-06T16:52:36.120+0530] {logging_mixin.py:188} INFO - [2024-06-06T16:52:36.119+0530] {dagbag.py:540} INFO - Filling up the DagBag from /home/wsl/airflow_venv/lib/python3.10/site-packages/airflow/example_dags/example_python_operator.py
[2024-06-06T16:52:36.266+0530] {logging_mixin.py:188} INFO - [2024-06-06T16:52:36.265+0530] {example_python_operator.py:93} WARNING - The virtalenv_python example task requires virtualenv, please install it.
[2024-06-06T16:52:36.266+0530] {processor.py:840} INFO - DAG(s) 'example_python_operator' retrieved from /home/wsl/airflow_venv/lib/python3.10/site-packages/airflow/example_dags/example_python_operator.py
[2024-06-06T16:52:36.285+0530] {logging_mixin.py:188} INFO - [2024-06-06T16:52:36.284+0530] {dag.py:3096} INFO - Sync 1 DAGs
[2024-06-06T16:52:36.297+0530] {logging_mixin.py:188} INFO - [2024-06-06T16:52:36.296+0530] {dag.py:3954} INFO - Setting next_dagrun for example_python_operator to None, run_after=None
[2024-06-06T16:52:36.330+0530] {processor.py:183} INFO - Processing /home/wsl/airflow_venv/lib/python3.10/site-packages/airflow/example_dags/example_python_operator.py took 0.230 seconds
[2024-06-06T16:55:02.576+0530] {processor.py:161} INFO - Started process (PID=70953) to work on /home/wsl/airflow_venv/lib/python3.10/site-packages/airflow/example_dags/example_python_operator.py
[2024-06-06T16:55:02.579+0530] {processor.py:830} INFO - Processing file /home/wsl/airflow_venv/lib/python3.10/site-packages/airflow/example_dags/example_python_operator.py for tasks to queue
[2024-06-06T16:55:02.580+0530] {logging_mixin.py:188} INFO - [2024-06-06T16:55:02.580+0530] {dagbag.py:540} INFO - Filling up the DagBag from /home/wsl/airflow_venv/lib/python3.10/site-packages/airflow/example_dags/example_python_operator.py
[2024-06-06T16:55:02.726+0530] {logging_mixin.py:188} INFO - [2024-06-06T16:55:02.725+0530] {example_python_operator.py:93} WARNING - The virtalenv_python example task requires virtualenv, please install it.
[2024-06-06T16:55:02.727+0530] {processor.py:840} INFO - DAG(s) 'example_python_operator' retrieved from /home/wsl/airflow_venv/lib/python3.10/site-packages/airflow/example_dags/example_python_operator.py
[2024-06-06T16:55:02.746+0530] {logging_mixin.py:188} INFO - [2024-06-06T16:55:02.746+0530] {dag.py:3096} INFO - Sync 1 DAGs
[2024-06-06T16:55:02.760+0530] {logging_mixin.py:188} INFO - [2024-06-06T16:55:02.759+0530] {dag.py:3954} INFO - Setting next_dagrun for example_python_operator to None, run_after=None
[2024-06-06T16:55:02.789+0530] {processor.py:183} INFO - Processing /home/wsl/airflow_venv/lib/python3.10/site-packages/airflow/example_dags/example_python_operator.py took 0.222 seconds
[2024-06-06T16:56:54.634+0530] {processor.py:161} INFO - Started process (PID=72382) to work on /home/wsl/airflow_venv/lib/python3.10/site-packages/airflow/example_dags/example_python_operator.py
[2024-06-06T16:56:54.686+0530] {processor.py:830} INFO - Processing file /home/wsl/airflow_venv/lib/python3.10/site-packages/airflow/example_dags/example_python_operator.py for tasks to queue
[2024-06-06T16:56:54.687+0530] {logging_mixin.py:188} INFO - [2024-06-06T16:56:54.687+0530] {dagbag.py:540} INFO - Filling up the DagBag from /home/wsl/airflow_venv/lib/python3.10/site-packages/airflow/example_dags/example_python_operator.py
[2024-06-06T16:56:54.886+0530] {logging_mixin.py:188} INFO - [2024-06-06T16:56:54.885+0530] {example_python_operator.py:93} WARNING - The virtalenv_python example task requires virtualenv, please install it.
[2024-06-06T16:56:54.887+0530] {processor.py:840} INFO - DAG(s) 'example_python_operator' retrieved from /home/wsl/airflow_venv/lib/python3.10/site-packages/airflow/example_dags/example_python_operator.py
[2024-06-06T16:56:54.955+0530] {logging_mixin.py:188} INFO - [2024-06-06T16:56:54.954+0530] {dag.py:3096} INFO - Sync 1 DAGs
[2024-06-06T16:56:54.969+0530] {logging_mixin.py:188} INFO - [2024-06-06T16:56:54.969+0530] {dag.py:3954} INFO - Setting next_dagrun for example_python_operator to None, run_after=None
[2024-06-06T16:56:55.160+0530] {processor.py:183} INFO - Processing /home/wsl/airflow_venv/lib/python3.10/site-packages/airflow/example_dags/example_python_operator.py took 0.556 seconds
[2024-06-06T16:59:30.658+0530] {processor.py:161} INFO - Started process (PID=74182) to work on /home/wsl/airflow_venv/lib/python3.10/site-packages/airflow/example_dags/example_python_operator.py
[2024-06-06T16:59:30.661+0530] {processor.py:830} INFO - Processing file /home/wsl/airflow_venv/lib/python3.10/site-packages/airflow/example_dags/example_python_operator.py for tasks to queue
[2024-06-06T16:59:30.663+0530] {logging_mixin.py:188} INFO - [2024-06-06T16:59:30.662+0530] {dagbag.py:540} INFO - Filling up the DagBag from /home/wsl/airflow_venv/lib/python3.10/site-packages/airflow/example_dags/example_python_operator.py
[2024-06-06T16:59:30.821+0530] {logging_mixin.py:188} INFO - [2024-06-06T16:59:30.820+0530] {example_python_operator.py:93} WARNING - The virtalenv_python example task requires virtualenv, please install it.
[2024-06-06T16:59:30.822+0530] {processor.py:840} INFO - DAG(s) 'example_python_operator' retrieved from /home/wsl/airflow_venv/lib/python3.10/site-packages/airflow/example_dags/example_python_operator.py
[2024-06-06T16:59:30.843+0530] {logging_mixin.py:188} INFO - [2024-06-06T16:59:30.843+0530] {dag.py:3096} INFO - Sync 1 DAGs
[2024-06-06T16:59:30.858+0530] {logging_mixin.py:188} INFO - [2024-06-06T16:59:30.858+0530] {dag.py:3954} INFO - Setting next_dagrun for example_python_operator to None, run_after=None
[2024-06-06T16:59:31.099+0530] {processor.py:183} INFO - Processing /home/wsl/airflow_venv/lib/python3.10/site-packages/airflow/example_dags/example_python_operator.py took 0.457 seconds
[2024-06-06T17:01:35.847+0530] {processor.py:161} INFO - Started process (PID=75848) to work on /home/wsl/airflow_venv/lib/python3.10/site-packages/airflow/example_dags/example_python_operator.py
[2024-06-06T17:01:35.849+0530] {processor.py:830} INFO - Processing file /home/wsl/airflow_venv/lib/python3.10/site-packages/airflow/example_dags/example_python_operator.py for tasks to queue
[2024-06-06T17:01:35.851+0530] {logging_mixin.py:188} INFO - [2024-06-06T17:01:35.850+0530] {dagbag.py:540} INFO - Filling up the DagBag from /home/wsl/airflow_venv/lib/python3.10/site-packages/airflow/example_dags/example_python_operator.py
[2024-06-06T17:01:36.015+0530] {logging_mixin.py:188} INFO - [2024-06-06T17:01:36.014+0530] {example_python_operator.py:93} WARNING - The virtalenv_python example task requires virtualenv, please install it.
[2024-06-06T17:01:36.015+0530] {processor.py:840} INFO - DAG(s) 'example_python_operator' retrieved from /home/wsl/airflow_venv/lib/python3.10/site-packages/airflow/example_dags/example_python_operator.py
[2024-06-06T17:01:36.038+0530] {logging_mixin.py:188} INFO - [2024-06-06T17:01:36.038+0530] {dag.py:3096} INFO - Sync 1 DAGs
[2024-06-06T17:01:36.050+0530] {logging_mixin.py:188} INFO - [2024-06-06T17:01:36.050+0530] {dag.py:3954} INFO - Setting next_dagrun for example_python_operator to None, run_after=None
[2024-06-06T17:01:36.075+0530] {processor.py:183} INFO - Processing /home/wsl/airflow_venv/lib/python3.10/site-packages/airflow/example_dags/example_python_operator.py took 0.238 seconds
[2024-06-06T17:03:35.857+0530] {processor.py:161} INFO - Started process (PID=77358) to work on /home/wsl/airflow_venv/lib/python3.10/site-packages/airflow/example_dags/example_python_operator.py
[2024-06-06T17:03:35.860+0530] {processor.py:830} INFO - Processing file /home/wsl/airflow_venv/lib/python3.10/site-packages/airflow/example_dags/example_python_operator.py for tasks to queue
[2024-06-06T17:03:35.861+0530] {logging_mixin.py:188} INFO - [2024-06-06T17:03:35.861+0530] {dagbag.py:540} INFO - Filling up the DagBag from /home/wsl/airflow_venv/lib/python3.10/site-packages/airflow/example_dags/example_python_operator.py
[2024-06-06T17:03:36.003+0530] {logging_mixin.py:188} INFO - [2024-06-06T17:03:36.003+0530] {example_python_operator.py:93} WARNING - The virtalenv_python example task requires virtualenv, please install it.
[2024-06-06T17:03:36.004+0530] {processor.py:840} INFO - DAG(s) 'example_python_operator' retrieved from /home/wsl/airflow_venv/lib/python3.10/site-packages/airflow/example_dags/example_python_operator.py
[2024-06-06T17:03:36.022+0530] {logging_mixin.py:188} INFO - [2024-06-06T17:03:36.022+0530] {dag.py:3096} INFO - Sync 1 DAGs
[2024-06-06T17:03:36.034+0530] {logging_mixin.py:188} INFO - [2024-06-06T17:03:36.034+0530] {dag.py:3954} INFO - Setting next_dagrun for example_python_operator to None, run_after=None
[2024-06-06T17:03:36.061+0530] {processor.py:183} INFO - Processing /home/wsl/airflow_venv/lib/python3.10/site-packages/airflow/example_dags/example_python_operator.py took 0.217 seconds
[2024-06-06T17:05:41.099+0530] {processor.py:161} INFO - Started process (PID=78894) to work on /home/wsl/airflow_venv/lib/python3.10/site-packages/airflow/example_dags/example_python_operator.py
[2024-06-06T17:05:41.106+0530] {processor.py:830} INFO - Processing file /home/wsl/airflow_venv/lib/python3.10/site-packages/airflow/example_dags/example_python_operator.py for tasks to queue
[2024-06-06T17:05:41.107+0530] {logging_mixin.py:188} INFO - [2024-06-06T17:05:41.107+0530] {dagbag.py:540} INFO - Filling up the DagBag from /home/wsl/airflow_venv/lib/python3.10/site-packages/airflow/example_dags/example_python_operator.py
[2024-06-06T17:05:41.251+0530] {logging_mixin.py:188} INFO - [2024-06-06T17:05:41.250+0530] {example_python_operator.py:93} WARNING - The virtalenv_python example task requires virtualenv, please install it.
[2024-06-06T17:05:41.252+0530] {processor.py:840} INFO - DAG(s) 'example_python_operator' retrieved from /home/wsl/airflow_venv/lib/python3.10/site-packages/airflow/example_dags/example_python_operator.py
[2024-06-06T17:05:41.271+0530] {logging_mixin.py:188} INFO - [2024-06-06T17:05:41.271+0530] {dag.py:3096} INFO - Sync 1 DAGs
[2024-06-06T17:05:41.283+0530] {logging_mixin.py:188} INFO - [2024-06-06T17:05:41.283+0530] {dag.py:3954} INFO - Setting next_dagrun for example_python_operator to None, run_after=None
[2024-06-06T17:05:41.311+0530] {processor.py:183} INFO - Processing /home/wsl/airflow_venv/lib/python3.10/site-packages/airflow/example_dags/example_python_operator.py took 0.221 seconds
[2024-06-06T17:07:35.800+0530] {processor.py:161} INFO - Started process (PID=80471) to work on /home/wsl/airflow_venv/lib/python3.10/site-packages/airflow/example_dags/example_python_operator.py
[2024-06-06T17:07:35.803+0530] {processor.py:830} INFO - Processing file /home/wsl/airflow_venv/lib/python3.10/site-packages/airflow/example_dags/example_python_operator.py for tasks to queue
[2024-06-06T17:07:35.804+0530] {logging_mixin.py:188} INFO - [2024-06-06T17:07:35.804+0530] {dagbag.py:540} INFO - Filling up the DagBag from /home/wsl/airflow_venv/lib/python3.10/site-packages/airflow/example_dags/example_python_operator.py
[2024-06-06T17:07:35.946+0530] {logging_mixin.py:188} INFO - [2024-06-06T17:07:35.946+0530] {example_python_operator.py:93} WARNING - The virtalenv_python example task requires virtualenv, please install it.
[2024-06-06T17:07:35.947+0530] {processor.py:840} INFO - DAG(s) 'example_python_operator' retrieved from /home/wsl/airflow_venv/lib/python3.10/site-packages/airflow/example_dags/example_python_operator.py
[2024-06-06T17:07:35.965+0530] {logging_mixin.py:188} INFO - [2024-06-06T17:07:35.965+0530] {dag.py:3096} INFO - Sync 1 DAGs
[2024-06-06T17:07:35.977+0530] {logging_mixin.py:188} INFO - [2024-06-06T17:07:35.977+0530] {dag.py:3954} INFO - Setting next_dagrun for example_python_operator to None, run_after=None
[2024-06-06T17:07:36.002+0530] {processor.py:183} INFO - Processing /home/wsl/airflow_venv/lib/python3.10/site-packages/airflow/example_dags/example_python_operator.py took 0.214 seconds
[2024-06-06T17:09:51.718+0530] {processor.py:161} INFO - Started process (PID=82231) to work on /home/wsl/airflow_venv/lib/python3.10/site-packages/airflow/example_dags/example_python_operator.py
[2024-06-06T17:09:51.720+0530] {processor.py:830} INFO - Processing file /home/wsl/airflow_venv/lib/python3.10/site-packages/airflow/example_dags/example_python_operator.py for tasks to queue
[2024-06-06T17:09:51.721+0530] {logging_mixin.py:188} INFO - [2024-06-06T17:09:51.721+0530] {dagbag.py:540} INFO - Filling up the DagBag from /home/wsl/airflow_venv/lib/python3.10/site-packages/airflow/example_dags/example_python_operator.py
[2024-06-06T17:09:51.938+0530] {logging_mixin.py:188} INFO - [2024-06-06T17:09:51.938+0530] {example_python_operator.py:93} WARNING - The virtalenv_python example task requires virtualenv, please install it.
[2024-06-06T17:09:51.939+0530] {processor.py:840} INFO - DAG(s) 'example_python_operator' retrieved from /home/wsl/airflow_venv/lib/python3.10/site-packages/airflow/example_dags/example_python_operator.py
[2024-06-06T17:09:51.972+0530] {logging_mixin.py:188} INFO - [2024-06-06T17:09:51.972+0530] {dag.py:3096} INFO - Sync 1 DAGs
[2024-06-06T17:09:51.999+0530] {logging_mixin.py:188} INFO - [2024-06-06T17:09:51.999+0530] {dag.py:3954} INFO - Setting next_dagrun for example_python_operator to None, run_after=None
[2024-06-06T17:09:52.048+0530] {processor.py:183} INFO - Processing /home/wsl/airflow_venv/lib/python3.10/site-packages/airflow/example_dags/example_python_operator.py took 0.345 seconds
[2024-06-06T17:12:19.050+0530] {processor.py:161} INFO - Started process (PID=84039) to work on /home/wsl/airflow_venv/lib/python3.10/site-packages/airflow/example_dags/example_python_operator.py
[2024-06-06T17:12:19.052+0530] {processor.py:830} INFO - Processing file /home/wsl/airflow_venv/lib/python3.10/site-packages/airflow/example_dags/example_python_operator.py for tasks to queue
[2024-06-06T17:12:19.053+0530] {logging_mixin.py:188} INFO - [2024-06-06T17:12:19.052+0530] {dagbag.py:540} INFO - Filling up the DagBag from /home/wsl/airflow_venv/lib/python3.10/site-packages/airflow/example_dags/example_python_operator.py
[2024-06-06T17:12:19.193+0530] {logging_mixin.py:188} INFO - [2024-06-06T17:12:19.193+0530] {example_python_operator.py:93} WARNING - The virtalenv_python example task requires virtualenv, please install it.
[2024-06-06T17:12:19.194+0530] {processor.py:840} INFO - DAG(s) 'example_python_operator' retrieved from /home/wsl/airflow_venv/lib/python3.10/site-packages/airflow/example_dags/example_python_operator.py
[2024-06-06T17:12:19.216+0530] {logging_mixin.py:188} INFO - [2024-06-06T17:12:19.216+0530] {dag.py:3096} INFO - Sync 1 DAGs
[2024-06-06T17:12:19.228+0530] {logging_mixin.py:188} INFO - [2024-06-06T17:12:19.228+0530] {dag.py:3954} INFO - Setting next_dagrun for example_python_operator to None, run_after=None
[2024-06-06T17:12:19.255+0530] {processor.py:183} INFO - Processing /home/wsl/airflow_venv/lib/python3.10/site-packages/airflow/example_dags/example_python_operator.py took 0.214 seconds
