[2024-06-06T15:50:36.320+0530] {processor.py:161} INFO - Started process (PID=33726) to work on /home/wsl/airflow_venv/lib/python3.10/site-packages/airflow/example_dags/example_branch_operator.py
[2024-06-06T15:50:36.321+0530] {processor.py:830} INFO - Processing file /home/wsl/airflow_venv/lib/python3.10/site-packages/airflow/example_dags/example_branch_operator.py for tasks to queue
[2024-06-06T15:50:36.322+0530] {logging_mixin.py:188} INFO - [2024-06-06T15:50:36.321+0530] {dagbag.py:540} INFO - Filling up the DagBag from /home/wsl/airflow_venv/lib/python3.10/site-packages/airflow/example_dags/example_branch_operator.py
[2024-06-06T15:50:36.462+0530] {processor.py:842} WARNING - No viable dags retrieved from /home/wsl/airflow_venv/lib/python3.10/site-packages/airflow/example_dags/example_branch_operator.py
[2024-06-06T15:50:36.474+0530] {processor.py:183} INFO - Processing /home/wsl/airflow_venv/lib/python3.10/site-packages/airflow/example_dags/example_branch_operator.py took 0.162 seconds
[2024-06-06T15:51:50.008+0530] {processor.py:161} INFO - Started process (PID=34458) to work on /home/wsl/airflow_venv/lib/python3.10/site-packages/airflow/example_dags/example_branch_operator.py
[2024-06-06T15:51:50.010+0530] {processor.py:830} INFO - Processing file /home/wsl/airflow_venv/lib/python3.10/site-packages/airflow/example_dags/example_branch_operator.py for tasks to queue
[2024-06-06T15:51:50.012+0530] {logging_mixin.py:188} INFO - [2024-06-06T15:51:50.011+0530] {dagbag.py:540} INFO - Filling up the DagBag from /home/wsl/airflow_venv/lib/python3.10/site-packages/airflow/example_dags/example_branch_operator.py
[2024-06-06T15:51:50.129+0530] {processor.py:842} WARNING - No viable dags retrieved from /home/wsl/airflow_venv/lib/python3.10/site-packages/airflow/example_dags/example_branch_operator.py
[2024-06-06T15:51:50.142+0530] {processor.py:183} INFO - Processing /home/wsl/airflow_venv/lib/python3.10/site-packages/airflow/example_dags/example_branch_operator.py took 0.148 seconds
[2024-06-06T15:53:40.339+0530] {processor.py:161} INFO - Started process (PID=35535) to work on /home/wsl/airflow_venv/lib/python3.10/site-packages/airflow/example_dags/example_branch_operator.py
[2024-06-06T15:53:40.341+0530] {processor.py:830} INFO - Processing file /home/wsl/airflow_venv/lib/python3.10/site-packages/airflow/example_dags/example_branch_operator.py for tasks to queue
[2024-06-06T15:53:40.343+0530] {logging_mixin.py:188} INFO - [2024-06-06T15:53:40.342+0530] {dagbag.py:540} INFO - Filling up the DagBag from /home/wsl/airflow_venv/lib/python3.10/site-packages/airflow/example_dags/example_branch_operator.py
[2024-06-06T15:53:40.486+0530] {processor.py:842} WARNING - No viable dags retrieved from /home/wsl/airflow_venv/lib/python3.10/site-packages/airflow/example_dags/example_branch_operator.py
[2024-06-06T15:53:40.498+0530] {processor.py:183} INFO - Processing /home/wsl/airflow_venv/lib/python3.10/site-packages/airflow/example_dags/example_branch_operator.py took 0.175 seconds
[2024-06-06T15:56:33.424+0530] {processor.py:161} INFO - Started process (PID=37164) to work on /home/wsl/airflow_venv/lib/python3.10/site-packages/airflow/example_dags/example_branch_operator.py
[2024-06-06T15:56:33.426+0530] {processor.py:830} INFO - Processing file /home/wsl/airflow_venv/lib/python3.10/site-packages/airflow/example_dags/example_branch_operator.py for tasks to queue
[2024-06-06T15:56:33.427+0530] {logging_mixin.py:188} INFO - [2024-06-06T15:56:33.427+0530] {dagbag.py:540} INFO - Filling up the DagBag from /home/wsl/airflow_venv/lib/python3.10/site-packages/airflow/example_dags/example_branch_operator.py
[2024-06-06T15:56:33.605+0530] {processor.py:842} WARNING - No viable dags retrieved from /home/wsl/airflow_venv/lib/python3.10/site-packages/airflow/example_dags/example_branch_operator.py
[2024-06-06T15:56:33.621+0530] {processor.py:183} INFO - Processing /home/wsl/airflow_venv/lib/python3.10/site-packages/airflow/example_dags/example_branch_operator.py took 0.205 seconds
[2024-06-06T15:58:03.260+0530] {processor.py:161} INFO - Started process (PID=37906) to work on /home/wsl/airflow_venv/lib/python3.10/site-packages/airflow/example_dags/example_branch_operator.py
[2024-06-06T15:58:03.264+0530] {processor.py:830} INFO - Processing file /home/wsl/airflow_venv/lib/python3.10/site-packages/airflow/example_dags/example_branch_operator.py for tasks to queue
[2024-06-06T15:58:03.265+0530] {logging_mixin.py:188} INFO - [2024-06-06T15:58:03.264+0530] {dagbag.py:540} INFO - Filling up the DagBag from /home/wsl/airflow_venv/lib/python3.10/site-packages/airflow/example_dags/example_branch_operator.py
[2024-06-06T15:58:03.404+0530] {processor.py:842} WARNING - No viable dags retrieved from /home/wsl/airflow_venv/lib/python3.10/site-packages/airflow/example_dags/example_branch_operator.py
[2024-06-06T15:58:03.417+0530] {processor.py:183} INFO - Processing /home/wsl/airflow_venv/lib/python3.10/site-packages/airflow/example_dags/example_branch_operator.py took 0.166 seconds
[2024-06-06T15:59:21.330+0530] {processor.py:161} INFO - Started process (PID=38436) to work on /home/wsl/airflow_venv/lib/python3.10/site-packages/airflow/example_dags/example_branch_operator.py
[2024-06-06T15:59:21.333+0530] {processor.py:830} INFO - Processing file /home/wsl/airflow_venv/lib/python3.10/site-packages/airflow/example_dags/example_branch_operator.py for tasks to queue
[2024-06-06T15:59:21.336+0530] {logging_mixin.py:188} INFO - [2024-06-06T15:59:21.335+0530] {dagbag.py:540} INFO - Filling up the DagBag from /home/wsl/airflow_venv/lib/python3.10/site-packages/airflow/example_dags/example_branch_operator.py
[2024-06-06T15:59:21.483+0530] {processor.py:842} WARNING - No viable dags retrieved from /home/wsl/airflow_venv/lib/python3.10/site-packages/airflow/example_dags/example_branch_operator.py
[2024-06-06T15:59:21.496+0530] {processor.py:183} INFO - Processing /home/wsl/airflow_venv/lib/python3.10/site-packages/airflow/example_dags/example_branch_operator.py took 0.178 seconds
[2024-06-06T16:00:25.650+0530] {processor.py:161} INFO - Started process (PID=39152) to work on /home/wsl/airflow_venv/lib/python3.10/site-packages/airflow/example_dags/example_branch_operator.py
[2024-06-06T16:00:25.653+0530] {processor.py:830} INFO - Processing file /home/wsl/airflow_venv/lib/python3.10/site-packages/airflow/example_dags/example_branch_operator.py for tasks to queue
[2024-06-06T16:00:25.654+0530] {logging_mixin.py:188} INFO - [2024-06-06T16:00:25.654+0530] {dagbag.py:540} INFO - Filling up the DagBag from /home/wsl/airflow_venv/lib/python3.10/site-packages/airflow/example_dags/example_branch_operator.py
[2024-06-06T16:00:25.797+0530] {processor.py:842} WARNING - No viable dags retrieved from /home/wsl/airflow_venv/lib/python3.10/site-packages/airflow/example_dags/example_branch_operator.py
[2024-06-06T16:00:25.814+0530] {processor.py:183} INFO - Processing /home/wsl/airflow_venv/lib/python3.10/site-packages/airflow/example_dags/example_branch_operator.py took 0.172 seconds
[2024-06-06T16:06:28.822+0530] {processor.py:161} INFO - Started process (PID=41594) to work on /home/wsl/airflow_venv/lib/python3.10/site-packages/airflow/example_dags/example_branch_operator.py
[2024-06-06T16:06:28.824+0530] {processor.py:830} INFO - Processing file /home/wsl/airflow_venv/lib/python3.10/site-packages/airflow/example_dags/example_branch_operator.py for tasks to queue
[2024-06-06T16:06:28.826+0530] {logging_mixin.py:188} INFO - [2024-06-06T16:06:28.825+0530] {dagbag.py:540} INFO - Filling up the DagBag from /home/wsl/airflow_venv/lib/python3.10/site-packages/airflow/example_dags/example_branch_operator.py
[2024-06-06T16:06:28.959+0530] {processor.py:842} WARNING - No viable dags retrieved from /home/wsl/airflow_venv/lib/python3.10/site-packages/airflow/example_dags/example_branch_operator.py
[2024-06-06T16:06:28.974+0530] {processor.py:183} INFO - Processing /home/wsl/airflow_venv/lib/python3.10/site-packages/airflow/example_dags/example_branch_operator.py took 0.163 seconds
[2024-06-06T16:08:23.676+0530] {processor.py:161} INFO - Started process (PID=42817) to work on /home/wsl/airflow_venv/lib/python3.10/site-packages/airflow/example_dags/example_branch_operator.py
[2024-06-06T16:08:23.679+0530] {processor.py:830} INFO - Processing file /home/wsl/airflow_venv/lib/python3.10/site-packages/airflow/example_dags/example_branch_operator.py for tasks to queue
[2024-06-06T16:08:23.681+0530] {logging_mixin.py:188} INFO - [2024-06-06T16:08:23.680+0530] {dagbag.py:540} INFO - Filling up the DagBag from /home/wsl/airflow_venv/lib/python3.10/site-packages/airflow/example_dags/example_branch_operator.py
[2024-06-06T16:08:23.841+0530] {processor.py:842} WARNING - No viable dags retrieved from /home/wsl/airflow_venv/lib/python3.10/site-packages/airflow/example_dags/example_branch_operator.py
[2024-06-06T16:08:23.861+0530] {processor.py:183} INFO - Processing /home/wsl/airflow_venv/lib/python3.10/site-packages/airflow/example_dags/example_branch_operator.py took 0.194 seconds
[2024-06-06T16:10:13.880+0530] {processor.py:161} INFO - Started process (PID=43853) to work on /home/wsl/airflow_venv/lib/python3.10/site-packages/airflow/example_dags/example_branch_operator.py
[2024-06-06T16:10:13.882+0530] {processor.py:830} INFO - Processing file /home/wsl/airflow_venv/lib/python3.10/site-packages/airflow/example_dags/example_branch_operator.py for tasks to queue
[2024-06-06T16:10:13.884+0530] {logging_mixin.py:188} INFO - [2024-06-06T16:10:13.883+0530] {dagbag.py:540} INFO - Filling up the DagBag from /home/wsl/airflow_venv/lib/python3.10/site-packages/airflow/example_dags/example_branch_operator.py
[2024-06-06T16:10:14.035+0530] {processor.py:842} WARNING - No viable dags retrieved from /home/wsl/airflow_venv/lib/python3.10/site-packages/airflow/example_dags/example_branch_operator.py
[2024-06-06T16:10:14.053+0530] {processor.py:183} INFO - Processing /home/wsl/airflow_venv/lib/python3.10/site-packages/airflow/example_dags/example_branch_operator.py took 0.184 seconds
[2024-06-06T16:11:47.807+0530] {processor.py:161} INFO - Started process (PID=44931) to work on /home/wsl/airflow_venv/lib/python3.10/site-packages/airflow/example_dags/example_branch_operator.py
[2024-06-06T16:11:47.809+0530] {processor.py:830} INFO - Processing file /home/wsl/airflow_venv/lib/python3.10/site-packages/airflow/example_dags/example_branch_operator.py for tasks to queue
[2024-06-06T16:11:47.811+0530] {logging_mixin.py:188} INFO - [2024-06-06T16:11:47.810+0530] {dagbag.py:540} INFO - Filling up the DagBag from /home/wsl/airflow_venv/lib/python3.10/site-packages/airflow/example_dags/example_branch_operator.py
[2024-06-06T16:11:47.947+0530] {processor.py:842} WARNING - No viable dags retrieved from /home/wsl/airflow_venv/lib/python3.10/site-packages/airflow/example_dags/example_branch_operator.py
[2024-06-06T16:11:47.959+0530] {processor.py:183} INFO - Processing /home/wsl/airflow_venv/lib/python3.10/site-packages/airflow/example_dags/example_branch_operator.py took 0.164 seconds
[2024-06-06T16:14:34.249+0530] {processor.py:161} INFO - Started process (PID=46828) to work on /home/wsl/airflow_venv/lib/python3.10/site-packages/airflow/example_dags/example_branch_operator.py
[2024-06-06T16:14:34.277+0530] {processor.py:830} INFO - Processing file /home/wsl/airflow_venv/lib/python3.10/site-packages/airflow/example_dags/example_branch_operator.py for tasks to queue
[2024-06-06T16:14:34.278+0530] {logging_mixin.py:188} INFO - [2024-06-06T16:14:34.278+0530] {dagbag.py:540} INFO - Filling up the DagBag from /home/wsl/airflow_venv/lib/python3.10/site-packages/airflow/example_dags/example_branch_operator.py
[2024-06-06T16:14:34.410+0530] {processor.py:842} WARNING - No viable dags retrieved from /home/wsl/airflow_venv/lib/python3.10/site-packages/airflow/example_dags/example_branch_operator.py
[2024-06-06T16:14:34.423+0530] {processor.py:183} INFO - Processing /home/wsl/airflow_venv/lib/python3.10/site-packages/airflow/example_dags/example_branch_operator.py took 0.181 seconds
[2024-06-06T16:26:00.108+0530] {processor.py:161} INFO - Started process (PID=51993) to work on /home/wsl/airflow_venv/lib/python3.10/site-packages/airflow/example_dags/example_branch_operator.py
[2024-06-06T16:26:00.119+0530] {processor.py:830} INFO - Processing file /home/wsl/airflow_venv/lib/python3.10/site-packages/airflow/example_dags/example_branch_operator.py for tasks to queue
[2024-06-06T16:26:00.121+0530] {logging_mixin.py:188} INFO - [2024-06-06T16:26:00.120+0530] {dagbag.py:540} INFO - Filling up the DagBag from /home/wsl/airflow_venv/lib/python3.10/site-packages/airflow/example_dags/example_branch_operator.py
[2024-06-06T16:26:00.945+0530] {processor.py:842} WARNING - No viable dags retrieved from /home/wsl/airflow_venv/lib/python3.10/site-packages/airflow/example_dags/example_branch_operator.py
[2024-06-06T16:26:00.994+0530] {processor.py:183} INFO - Processing /home/wsl/airflow_venv/lib/python3.10/site-packages/airflow/example_dags/example_branch_operator.py took 0.902 seconds
[2024-06-06T16:28:13.371+0530] {processor.py:161} INFO - Started process (PID=53200) to work on /home/wsl/airflow_venv/lib/python3.10/site-packages/airflow/example_dags/example_branch_operator.py
[2024-06-06T16:28:13.422+0530] {processor.py:830} INFO - Processing file /home/wsl/airflow_venv/lib/python3.10/site-packages/airflow/example_dags/example_branch_operator.py for tasks to queue
[2024-06-06T16:28:13.427+0530] {logging_mixin.py:188} INFO - [2024-06-06T16:28:13.425+0530] {dagbag.py:540} INFO - Filling up the DagBag from /home/wsl/airflow_venv/lib/python3.10/site-packages/airflow/example_dags/example_branch_operator.py
[2024-06-06T16:28:13.648+0530] {processor.py:842} WARNING - No viable dags retrieved from /home/wsl/airflow_venv/lib/python3.10/site-packages/airflow/example_dags/example_branch_operator.py
[2024-06-06T16:28:13.659+0530] {processor.py:183} INFO - Processing /home/wsl/airflow_venv/lib/python3.10/site-packages/airflow/example_dags/example_branch_operator.py took 0.313 seconds
[2024-06-06T16:30:49.771+0530] {processor.py:161} INFO - Started process (PID=55077) to work on /home/wsl/airflow_venv/lib/python3.10/site-packages/airflow/example_dags/example_branch_operator.py
[2024-06-06T16:30:49.773+0530] {processor.py:830} INFO - Processing file /home/wsl/airflow_venv/lib/python3.10/site-packages/airflow/example_dags/example_branch_operator.py for tasks to queue
[2024-06-06T16:30:49.777+0530] {logging_mixin.py:188} INFO - [2024-06-06T16:30:49.776+0530] {dagbag.py:540} INFO - Filling up the DagBag from /home/wsl/airflow_venv/lib/python3.10/site-packages/airflow/example_dags/example_branch_operator.py
[2024-06-06T16:30:49.923+0530] {processor.py:842} WARNING - No viable dags retrieved from /home/wsl/airflow_venv/lib/python3.10/site-packages/airflow/example_dags/example_branch_operator.py
[2024-06-06T16:30:49.935+0530] {processor.py:183} INFO - Processing /home/wsl/airflow_venv/lib/python3.10/site-packages/airflow/example_dags/example_branch_operator.py took 0.182 seconds
[2024-06-06T16:33:11.868+0530] {processor.py:161} INFO - Started process (PID=56572) to work on /home/wsl/airflow_venv/lib/python3.10/site-packages/airflow/example_dags/example_branch_operator.py
[2024-06-06T16:33:11.870+0530] {processor.py:830} INFO - Processing file /home/wsl/airflow_venv/lib/python3.10/site-packages/airflow/example_dags/example_branch_operator.py for tasks to queue
[2024-06-06T16:33:11.871+0530] {logging_mixin.py:188} INFO - [2024-06-06T16:33:11.870+0530] {dagbag.py:540} INFO - Filling up the DagBag from /home/wsl/airflow_venv/lib/python3.10/site-packages/airflow/example_dags/example_branch_operator.py
[2024-06-06T16:33:12.010+0530] {processor.py:842} WARNING - No viable dags retrieved from /home/wsl/airflow_venv/lib/python3.10/site-packages/airflow/example_dags/example_branch_operator.py
[2024-06-06T16:33:12.023+0530] {processor.py:183} INFO - Processing /home/wsl/airflow_venv/lib/python3.10/site-packages/airflow/example_dags/example_branch_operator.py took 0.162 seconds
[2024-06-06T16:35:19.050+0530] {processor.py:161} INFO - Started process (PID=57946) to work on /home/wsl/airflow_venv/lib/python3.10/site-packages/airflow/example_dags/example_branch_operator.py
[2024-06-06T16:35:19.053+0530] {processor.py:830} INFO - Processing file /home/wsl/airflow_venv/lib/python3.10/site-packages/airflow/example_dags/example_branch_operator.py for tasks to queue
[2024-06-06T16:35:19.054+0530] {logging_mixin.py:188} INFO - [2024-06-06T16:35:19.053+0530] {dagbag.py:540} INFO - Filling up the DagBag from /home/wsl/airflow_venv/lib/python3.10/site-packages/airflow/example_dags/example_branch_operator.py
[2024-06-06T16:35:19.347+0530] {processor.py:842} WARNING - No viable dags retrieved from /home/wsl/airflow_venv/lib/python3.10/site-packages/airflow/example_dags/example_branch_operator.py
[2024-06-06T16:35:19.366+0530] {processor.py:183} INFO - Processing /home/wsl/airflow_venv/lib/python3.10/site-packages/airflow/example_dags/example_branch_operator.py took 0.325 seconds
[2024-06-06T16:37:37.379+0530] {processor.py:161} INFO - Started process (PID=59528) to work on /home/wsl/airflow_venv/lib/python3.10/site-packages/airflow/example_dags/example_branch_operator.py
[2024-06-06T16:37:37.381+0530] {processor.py:830} INFO - Processing file /home/wsl/airflow_venv/lib/python3.10/site-packages/airflow/example_dags/example_branch_operator.py for tasks to queue
[2024-06-06T16:37:37.382+0530] {logging_mixin.py:188} INFO - [2024-06-06T16:37:37.382+0530] {dagbag.py:540} INFO - Filling up the DagBag from /home/wsl/airflow_venv/lib/python3.10/site-packages/airflow/example_dags/example_branch_operator.py
[2024-06-06T16:37:37.541+0530] {processor.py:842} WARNING - No viable dags retrieved from /home/wsl/airflow_venv/lib/python3.10/site-packages/airflow/example_dags/example_branch_operator.py
[2024-06-06T16:37:37.553+0530] {processor.py:183} INFO - Processing /home/wsl/airflow_venv/lib/python3.10/site-packages/airflow/example_dags/example_branch_operator.py took 0.183 seconds
[2024-06-06T16:40:36.119+0530] {processor.py:161} INFO - Started process (PID=61572) to work on /home/wsl/airflow_venv/lib/python3.10/site-packages/airflow/example_dags/example_branch_operator.py
[2024-06-06T16:40:36.121+0530] {processor.py:830} INFO - Processing file /home/wsl/airflow_venv/lib/python3.10/site-packages/airflow/example_dags/example_branch_operator.py for tasks to queue
[2024-06-06T16:40:36.123+0530] {logging_mixin.py:188} INFO - [2024-06-06T16:40:36.122+0530] {dagbag.py:540} INFO - Filling up the DagBag from /home/wsl/airflow_venv/lib/python3.10/site-packages/airflow/example_dags/example_branch_operator.py
[2024-06-06T16:40:36.257+0530] {processor.py:842} WARNING - No viable dags retrieved from /home/wsl/airflow_venv/lib/python3.10/site-packages/airflow/example_dags/example_branch_operator.py
[2024-06-06T16:40:36.271+0530] {processor.py:183} INFO - Processing /home/wsl/airflow_venv/lib/python3.10/site-packages/airflow/example_dags/example_branch_operator.py took 0.161 seconds
[2024-06-06T16:42:31.990+0530] {processor.py:161} INFO - Started process (PID=62445) to work on /home/wsl/airflow_venv/lib/python3.10/site-packages/airflow/example_dags/example_branch_operator.py
[2024-06-06T16:42:31.992+0530] {processor.py:830} INFO - Processing file /home/wsl/airflow_venv/lib/python3.10/site-packages/airflow/example_dags/example_branch_operator.py for tasks to queue
[2024-06-06T16:42:31.993+0530] {logging_mixin.py:188} INFO - [2024-06-06T16:42:31.992+0530] {dagbag.py:540} INFO - Filling up the DagBag from /home/wsl/airflow_venv/lib/python3.10/site-packages/airflow/example_dags/example_branch_operator.py
[2024-06-06T16:42:32.130+0530] {processor.py:842} WARNING - No viable dags retrieved from /home/wsl/airflow_venv/lib/python3.10/site-packages/airflow/example_dags/example_branch_operator.py
[2024-06-06T16:42:32.143+0530] {processor.py:183} INFO - Processing /home/wsl/airflow_venv/lib/python3.10/site-packages/airflow/example_dags/example_branch_operator.py took 0.160 seconds
[2024-06-06T16:44:45.163+0530] {processor.py:161} INFO - Started process (PID=64071) to work on /home/wsl/airflow_venv/lib/python3.10/site-packages/airflow/example_dags/example_branch_operator.py
[2024-06-06T16:44:45.166+0530] {processor.py:830} INFO - Processing file /home/wsl/airflow_venv/lib/python3.10/site-packages/airflow/example_dags/example_branch_operator.py for tasks to queue
[2024-06-06T16:44:45.168+0530] {logging_mixin.py:188} INFO - [2024-06-06T16:44:45.168+0530] {dagbag.py:540} INFO - Filling up the DagBag from /home/wsl/airflow_venv/lib/python3.10/site-packages/airflow/example_dags/example_branch_operator.py
[2024-06-06T16:44:45.345+0530] {processor.py:842} WARNING - No viable dags retrieved from /home/wsl/airflow_venv/lib/python3.10/site-packages/airflow/example_dags/example_branch_operator.py
[2024-06-06T16:44:45.364+0530] {processor.py:183} INFO - Processing /home/wsl/airflow_venv/lib/python3.10/site-packages/airflow/example_dags/example_branch_operator.py took 0.215 seconds
[2024-06-06T16:47:21.483+0530] {processor.py:161} INFO - Started process (PID=65936) to work on /home/wsl/airflow_venv/lib/python3.10/site-packages/airflow/example_dags/example_branch_operator.py
[2024-06-06T16:47:21.486+0530] {processor.py:830} INFO - Processing file /home/wsl/airflow_venv/lib/python3.10/site-packages/airflow/example_dags/example_branch_operator.py for tasks to queue
[2024-06-06T16:47:21.488+0530] {logging_mixin.py:188} INFO - [2024-06-06T16:47:21.487+0530] {dagbag.py:540} INFO - Filling up the DagBag from /home/wsl/airflow_venv/lib/python3.10/site-packages/airflow/example_dags/example_branch_operator.py
[2024-06-06T16:47:21.619+0530] {processor.py:842} WARNING - No viable dags retrieved from /home/wsl/airflow_venv/lib/python3.10/site-packages/airflow/example_dags/example_branch_operator.py
[2024-06-06T16:47:21.630+0530] {processor.py:183} INFO - Processing /home/wsl/airflow_venv/lib/python3.10/site-packages/airflow/example_dags/example_branch_operator.py took 0.161 seconds
[2024-06-06T16:49:48.592+0530] {processor.py:161} INFO - Started process (PID=67553) to work on /home/wsl/airflow_venv/lib/python3.10/site-packages/airflow/example_dags/example_branch_operator.py
[2024-06-06T16:49:48.595+0530] {processor.py:830} INFO - Processing file /home/wsl/airflow_venv/lib/python3.10/site-packages/airflow/example_dags/example_branch_operator.py for tasks to queue
[2024-06-06T16:49:48.598+0530] {logging_mixin.py:188} INFO - [2024-06-06T16:49:48.596+0530] {dagbag.py:540} INFO - Filling up the DagBag from /home/wsl/airflow_venv/lib/python3.10/site-packages/airflow/example_dags/example_branch_operator.py
[2024-06-06T16:49:48.922+0530] {processor.py:842} WARNING - No viable dags retrieved from /home/wsl/airflow_venv/lib/python3.10/site-packages/airflow/example_dags/example_branch_operator.py
[2024-06-06T16:49:48.939+0530] {processor.py:183} INFO - Processing /home/wsl/airflow_venv/lib/python3.10/site-packages/airflow/example_dags/example_branch_operator.py took 0.364 seconds
[2024-06-06T16:52:43.578+0530] {processor.py:161} INFO - Started process (PID=69297) to work on /home/wsl/airflow_venv/lib/python3.10/site-packages/airflow/example_dags/example_branch_operator.py
[2024-06-06T16:52:43.580+0530] {processor.py:830} INFO - Processing file /home/wsl/airflow_venv/lib/python3.10/site-packages/airflow/example_dags/example_branch_operator.py for tasks to queue
[2024-06-06T16:52:43.582+0530] {logging_mixin.py:188} INFO - [2024-06-06T16:52:43.581+0530] {dagbag.py:540} INFO - Filling up the DagBag from /home/wsl/airflow_venv/lib/python3.10/site-packages/airflow/example_dags/example_branch_operator.py
[2024-06-06T16:52:43.722+0530] {processor.py:842} WARNING - No viable dags retrieved from /home/wsl/airflow_venv/lib/python3.10/site-packages/airflow/example_dags/example_branch_operator.py
[2024-06-06T16:52:43.737+0530] {processor.py:183} INFO - Processing /home/wsl/airflow_venv/lib/python3.10/site-packages/airflow/example_dags/example_branch_operator.py took 0.168 seconds
[2024-06-06T16:55:10.395+0530] {processor.py:161} INFO - Started process (PID=70989) to work on /home/wsl/airflow_venv/lib/python3.10/site-packages/airflow/example_dags/example_branch_operator.py
[2024-06-06T16:55:10.398+0530] {processor.py:830} INFO - Processing file /home/wsl/airflow_venv/lib/python3.10/site-packages/airflow/example_dags/example_branch_operator.py for tasks to queue
[2024-06-06T16:55:10.399+0530] {logging_mixin.py:188} INFO - [2024-06-06T16:55:10.398+0530] {dagbag.py:540} INFO - Filling up the DagBag from /home/wsl/airflow_venv/lib/python3.10/site-packages/airflow/example_dags/example_branch_operator.py
[2024-06-06T16:55:10.522+0530] {processor.py:842} WARNING - No viable dags retrieved from /home/wsl/airflow_venv/lib/python3.10/site-packages/airflow/example_dags/example_branch_operator.py
[2024-06-06T16:55:10.535+0530] {processor.py:183} INFO - Processing /home/wsl/airflow_venv/lib/python3.10/site-packages/airflow/example_dags/example_branch_operator.py took 0.150 seconds
[2024-06-06T16:57:04.046+0530] {processor.py:161} INFO - Started process (PID=72488) to work on /home/wsl/airflow_venv/lib/python3.10/site-packages/airflow/example_dags/example_branch_operator.py
[2024-06-06T16:57:04.066+0530] {processor.py:830} INFO - Processing file /home/wsl/airflow_venv/lib/python3.10/site-packages/airflow/example_dags/example_branch_operator.py for tasks to queue
[2024-06-06T16:57:04.068+0530] {logging_mixin.py:188} INFO - [2024-06-06T16:57:04.067+0530] {dagbag.py:540} INFO - Filling up the DagBag from /home/wsl/airflow_venv/lib/python3.10/site-packages/airflow/example_dags/example_branch_operator.py
[2024-06-06T16:57:04.227+0530] {processor.py:842} WARNING - No viable dags retrieved from /home/wsl/airflow_venv/lib/python3.10/site-packages/airflow/example_dags/example_branch_operator.py
[2024-06-06T16:57:04.239+0530] {processor.py:183} INFO - Processing /home/wsl/airflow_venv/lib/python3.10/site-packages/airflow/example_dags/example_branch_operator.py took 0.203 seconds
[2024-06-06T16:59:38.127+0530] {processor.py:161} INFO - Started process (PID=74278) to work on /home/wsl/airflow_venv/lib/python3.10/site-packages/airflow/example_dags/example_branch_operator.py
[2024-06-06T16:59:38.129+0530] {processor.py:830} INFO - Processing file /home/wsl/airflow_venv/lib/python3.10/site-packages/airflow/example_dags/example_branch_operator.py for tasks to queue
[2024-06-06T16:59:38.131+0530] {logging_mixin.py:188} INFO - [2024-06-06T16:59:38.131+0530] {dagbag.py:540} INFO - Filling up the DagBag from /home/wsl/airflow_venv/lib/python3.10/site-packages/airflow/example_dags/example_branch_operator.py
[2024-06-06T16:59:38.296+0530] {processor.py:842} WARNING - No viable dags retrieved from /home/wsl/airflow_venv/lib/python3.10/site-packages/airflow/example_dags/example_branch_operator.py
[2024-06-06T16:59:38.309+0530] {processor.py:183} INFO - Processing /home/wsl/airflow_venv/lib/python3.10/site-packages/airflow/example_dags/example_branch_operator.py took 0.195 seconds
[2024-06-06T17:01:44.650+0530] {processor.py:161} INFO - Started process (PID=75945) to work on /home/wsl/airflow_venv/lib/python3.10/site-packages/airflow/example_dags/example_branch_operator.py
[2024-06-06T17:01:44.652+0530] {processor.py:830} INFO - Processing file /home/wsl/airflow_venv/lib/python3.10/site-packages/airflow/example_dags/example_branch_operator.py for tasks to queue
[2024-06-06T17:01:44.654+0530] {logging_mixin.py:188} INFO - [2024-06-06T17:01:44.653+0530] {dagbag.py:540} INFO - Filling up the DagBag from /home/wsl/airflow_venv/lib/python3.10/site-packages/airflow/example_dags/example_branch_operator.py
[2024-06-06T17:01:44.803+0530] {processor.py:842} WARNING - No viable dags retrieved from /home/wsl/airflow_venv/lib/python3.10/site-packages/airflow/example_dags/example_branch_operator.py
[2024-06-06T17:01:44.817+0530] {processor.py:183} INFO - Processing /home/wsl/airflow_venv/lib/python3.10/site-packages/airflow/example_dags/example_branch_operator.py took 0.178 seconds
[2024-06-06T17:03:44.010+0530] {processor.py:161} INFO - Started process (PID=77468) to work on /home/wsl/airflow_venv/lib/python3.10/site-packages/airflow/example_dags/example_branch_operator.py
[2024-06-06T17:03:44.060+0530] {processor.py:830} INFO - Processing file /home/wsl/airflow_venv/lib/python3.10/site-packages/airflow/example_dags/example_branch_operator.py for tasks to queue
[2024-06-06T17:03:44.063+0530] {logging_mixin.py:188} INFO - [2024-06-06T17:03:44.062+0530] {dagbag.py:540} INFO - Filling up the DagBag from /home/wsl/airflow_venv/lib/python3.10/site-packages/airflow/example_dags/example_branch_operator.py
[2024-06-06T17:03:45.124+0530] {processor.py:842} WARNING - No viable dags retrieved from /home/wsl/airflow_venv/lib/python3.10/site-packages/airflow/example_dags/example_branch_operator.py
[2024-06-06T17:03:45.155+0530] {processor.py:183} INFO - Processing /home/wsl/airflow_venv/lib/python3.10/site-packages/airflow/example_dags/example_branch_operator.py took 1.168 seconds
[2024-06-06T17:05:48.411+0530] {processor.py:161} INFO - Started process (PID=79030) to work on /home/wsl/airflow_venv/lib/python3.10/site-packages/airflow/example_dags/example_branch_operator.py
[2024-06-06T17:05:48.414+0530] {processor.py:830} INFO - Processing file /home/wsl/airflow_venv/lib/python3.10/site-packages/airflow/example_dags/example_branch_operator.py for tasks to queue
[2024-06-06T17:05:48.415+0530] {logging_mixin.py:188} INFO - [2024-06-06T17:05:48.415+0530] {dagbag.py:540} INFO - Filling up the DagBag from /home/wsl/airflow_venv/lib/python3.10/site-packages/airflow/example_dags/example_branch_operator.py
[2024-06-06T17:05:48.554+0530] {processor.py:842} WARNING - No viable dags retrieved from /home/wsl/airflow_venv/lib/python3.10/site-packages/airflow/example_dags/example_branch_operator.py
[2024-06-06T17:05:48.568+0530] {processor.py:183} INFO - Processing /home/wsl/airflow_venv/lib/python3.10/site-packages/airflow/example_dags/example_branch_operator.py took 0.171 seconds
[2024-06-06T17:07:44.957+0530] {processor.py:161} INFO - Started process (PID=80532) to work on /home/wsl/airflow_venv/lib/python3.10/site-packages/airflow/example_dags/example_branch_operator.py
[2024-06-06T17:07:44.993+0530] {processor.py:830} INFO - Processing file /home/wsl/airflow_venv/lib/python3.10/site-packages/airflow/example_dags/example_branch_operator.py for tasks to queue
[2024-06-06T17:07:44.994+0530] {logging_mixin.py:188} INFO - [2024-06-06T17:07:44.994+0530] {dagbag.py:540} INFO - Filling up the DagBag from /home/wsl/airflow_venv/lib/python3.10/site-packages/airflow/example_dags/example_branch_operator.py
[2024-06-06T17:07:45.283+0530] {processor.py:842} WARNING - No viable dags retrieved from /home/wsl/airflow_venv/lib/python3.10/site-packages/airflow/example_dags/example_branch_operator.py
[2024-06-06T17:07:45.312+0530] {processor.py:183} INFO - Processing /home/wsl/airflow_venv/lib/python3.10/site-packages/airflow/example_dags/example_branch_operator.py took 0.375 seconds
[2024-06-06T17:09:58.980+0530] {processor.py:161} INFO - Started process (PID=82266) to work on /home/wsl/airflow_venv/lib/python3.10/site-packages/airflow/example_dags/example_branch_operator.py
[2024-06-06T17:09:58.982+0530] {processor.py:830} INFO - Processing file /home/wsl/airflow_venv/lib/python3.10/site-packages/airflow/example_dags/example_branch_operator.py for tasks to queue
[2024-06-06T17:09:58.984+0530] {logging_mixin.py:188} INFO - [2024-06-06T17:09:58.983+0530] {dagbag.py:540} INFO - Filling up the DagBag from /home/wsl/airflow_venv/lib/python3.10/site-packages/airflow/example_dags/example_branch_operator.py
[2024-06-06T17:09:59.172+0530] {processor.py:842} WARNING - No viable dags retrieved from /home/wsl/airflow_venv/lib/python3.10/site-packages/airflow/example_dags/example_branch_operator.py
[2024-06-06T17:09:59.198+0530] {processor.py:183} INFO - Processing /home/wsl/airflow_venv/lib/python3.10/site-packages/airflow/example_dags/example_branch_operator.py took 0.233 seconds
[2024-06-06T17:12:25.777+0530] {processor.py:161} INFO - Started process (PID=84145) to work on /home/wsl/airflow_venv/lib/python3.10/site-packages/airflow/example_dags/example_branch_operator.py
[2024-06-06T17:12:25.780+0530] {processor.py:830} INFO - Processing file /home/wsl/airflow_venv/lib/python3.10/site-packages/airflow/example_dags/example_branch_operator.py for tasks to queue
[2024-06-06T17:12:25.781+0530] {logging_mixin.py:188} INFO - [2024-06-06T17:12:25.781+0530] {dagbag.py:540} INFO - Filling up the DagBag from /home/wsl/airflow_venv/lib/python3.10/site-packages/airflow/example_dags/example_branch_operator.py
[2024-06-06T17:12:25.927+0530] {processor.py:842} WARNING - No viable dags retrieved from /home/wsl/airflow_venv/lib/python3.10/site-packages/airflow/example_dags/example_branch_operator.py
[2024-06-06T17:12:25.940+0530] {processor.py:183} INFO - Processing /home/wsl/airflow_venv/lib/python3.10/site-packages/airflow/example_dags/example_branch_operator.py took 0.172 seconds
