[2024-06-06T15:50:46.690+0530] {processor.py:161} INFO - Started process (PID=33857) to work on /home/wsl/airflow_venv/lib/python3.10/site-packages/airflow/example_dags/example_branch_day_of_week_operator.py
[2024-06-06T15:50:46.691+0530] {processor.py:830} INFO - Processing file /home/wsl/airflow_venv/lib/python3.10/site-packages/airflow/example_dags/example_branch_day_of_week_operator.py for tasks to queue
[2024-06-06T15:50:46.692+0530] {logging_mixin.py:188} INFO - [2024-06-06T15:50:46.692+0530] {dagbag.py:540} INFO - Filling up the DagBag from /home/wsl/airflow_venv/lib/python3.10/site-packages/airflow/example_dags/example_branch_day_of_week_operator.py
[2024-06-06T15:50:46.709+0530] {processor.py:840} INFO - DAG(s) 'example_weekday_branch_operator' retrieved from /home/wsl/airflow_venv/lib/python3.10/site-packages/airflow/example_dags/example_branch_day_of_week_operator.py
[2024-06-06T15:50:46.869+0530] {logging_mixin.py:188} INFO - [2024-06-06T15:50:46.868+0530] {dag.py:3096} INFO - Sync 1 DAGs
[2024-06-06T15:50:46.891+0530] {logging_mixin.py:188} INFO - [2024-06-06T15:50:46.890+0530] {dag.py:3954} INFO - Setting next_dagrun for example_weekday_branch_operator to 2024-06-05 00:00:00+00:00, run_after=2024-06-06 00:00:00+00:00
[2024-06-06T15:50:47.013+0530] {processor.py:183} INFO - Processing /home/wsl/airflow_venv/lib/python3.10/site-packages/airflow/example_dags/example_branch_day_of_week_operator.py took 0.339 seconds
[2024-06-06T15:52:12.383+0530] {processor.py:161} INFO - Started process (PID=34650) to work on /home/wsl/airflow_venv/lib/python3.10/site-packages/airflow/example_dags/example_branch_day_of_week_operator.py
[2024-06-06T15:52:12.385+0530] {processor.py:830} INFO - Processing file /home/wsl/airflow_venv/lib/python3.10/site-packages/airflow/example_dags/example_branch_day_of_week_operator.py for tasks to queue
[2024-06-06T15:52:12.386+0530] {logging_mixin.py:188} INFO - [2024-06-06T15:52:12.386+0530] {dagbag.py:540} INFO - Filling up the DagBag from /home/wsl/airflow_venv/lib/python3.10/site-packages/airflow/example_dags/example_branch_day_of_week_operator.py
[2024-06-06T15:52:12.395+0530] {processor.py:840} INFO - DAG(s) 'example_weekday_branch_operator' retrieved from /home/wsl/airflow_venv/lib/python3.10/site-packages/airflow/example_dags/example_branch_day_of_week_operator.py
[2024-06-06T15:52:12.413+0530] {logging_mixin.py:188} INFO - [2024-06-06T15:52:12.413+0530] {dag.py:3096} INFO - Sync 1 DAGs
[2024-06-06T15:52:12.434+0530] {logging_mixin.py:188} INFO - [2024-06-06T15:52:12.434+0530] {dag.py:3954} INFO - Setting next_dagrun for example_weekday_branch_operator to 2024-06-05 00:00:00+00:00, run_after=2024-06-06 00:00:00+00:00
[2024-06-06T15:52:12.461+0530] {processor.py:183} INFO - Processing /home/wsl/airflow_venv/lib/python3.10/site-packages/airflow/example_dags/example_branch_day_of_week_operator.py took 0.085 seconds
[2024-06-06T15:54:39.340+0530] {processor.py:161} INFO - Started process (PID=36219) to work on /home/wsl/airflow_venv/lib/python3.10/site-packages/airflow/example_dags/example_branch_day_of_week_operator.py
[2024-06-06T15:54:39.360+0530] {processor.py:830} INFO - Processing file /home/wsl/airflow_venv/lib/python3.10/site-packages/airflow/example_dags/example_branch_day_of_week_operator.py for tasks to queue
[2024-06-06T15:54:39.362+0530] {logging_mixin.py:188} INFO - [2024-06-06T15:54:39.361+0530] {dagbag.py:540} INFO - Filling up the DagBag from /home/wsl/airflow_venv/lib/python3.10/site-packages/airflow/example_dags/example_branch_day_of_week_operator.py
[2024-06-06T15:54:39.398+0530] {processor.py:840} INFO - DAG(s) 'example_weekday_branch_operator' retrieved from /home/wsl/airflow_venv/lib/python3.10/site-packages/airflow/example_dags/example_branch_day_of_week_operator.py
[2024-06-06T15:54:39.480+0530] {logging_mixin.py:188} INFO - [2024-06-06T15:54:39.479+0530] {dag.py:3096} INFO - Sync 1 DAGs
[2024-06-06T15:54:39.534+0530] {logging_mixin.py:188} INFO - [2024-06-06T15:54:39.533+0530] {dag.py:3954} INFO - Setting next_dagrun for example_weekday_branch_operator to 2024-06-05 00:00:00+00:00, run_after=2024-06-06 00:00:00+00:00
[2024-06-06T15:54:39.582+0530] {processor.py:183} INFO - Processing /home/wsl/airflow_venv/lib/python3.10/site-packages/airflow/example_dags/example_branch_day_of_week_operator.py took 0.273 seconds
[2024-06-06T15:57:21.701+0530] {processor.py:161} INFO - Started process (PID=37480) to work on /home/wsl/airflow_venv/lib/python3.10/site-packages/airflow/example_dags/example_branch_day_of_week_operator.py
[2024-06-06T15:57:21.703+0530] {processor.py:830} INFO - Processing file /home/wsl/airflow_venv/lib/python3.10/site-packages/airflow/example_dags/example_branch_day_of_week_operator.py for tasks to queue
[2024-06-06T15:57:21.704+0530] {logging_mixin.py:188} INFO - [2024-06-06T15:57:21.704+0530] {dagbag.py:540} INFO - Filling up the DagBag from /home/wsl/airflow_venv/lib/python3.10/site-packages/airflow/example_dags/example_branch_day_of_week_operator.py
[2024-06-06T15:57:21.717+0530] {processor.py:840} INFO - DAG(s) 'example_weekday_branch_operator' retrieved from /home/wsl/airflow_venv/lib/python3.10/site-packages/airflow/example_dags/example_branch_day_of_week_operator.py
[2024-06-06T15:57:21.741+0530] {logging_mixin.py:188} INFO - [2024-06-06T15:57:21.740+0530] {dag.py:3096} INFO - Sync 1 DAGs
[2024-06-06T15:57:21.773+0530] {logging_mixin.py:188} INFO - [2024-06-06T15:57:21.772+0530] {dag.py:3954} INFO - Setting next_dagrun for example_weekday_branch_operator to 2024-06-05 00:00:00+00:00, run_after=2024-06-06 00:00:00+00:00
[2024-06-06T15:57:21.825+0530] {processor.py:183} INFO - Processing /home/wsl/airflow_venv/lib/python3.10/site-packages/airflow/example_dags/example_branch_day_of_week_operator.py took 0.136 seconds
[2024-06-06T15:58:30.318+0530] {processor.py:161} INFO - Started process (PID=38150) to work on /home/wsl/airflow_venv/lib/python3.10/site-packages/airflow/example_dags/example_branch_day_of_week_operator.py
[2024-06-06T15:58:30.337+0530] {processor.py:830} INFO - Processing file /home/wsl/airflow_venv/lib/python3.10/site-packages/airflow/example_dags/example_branch_day_of_week_operator.py for tasks to queue
[2024-06-06T15:58:30.339+0530] {logging_mixin.py:188} INFO - [2024-06-06T15:58:30.338+0530] {dagbag.py:540} INFO - Filling up the DagBag from /home/wsl/airflow_venv/lib/python3.10/site-packages/airflow/example_dags/example_branch_day_of_week_operator.py
[2024-06-06T15:58:30.386+0530] {processor.py:840} INFO - DAG(s) 'example_weekday_branch_operator' retrieved from /home/wsl/airflow_venv/lib/python3.10/site-packages/airflow/example_dags/example_branch_day_of_week_operator.py
[2024-06-06T15:58:30.469+0530] {logging_mixin.py:188} INFO - [2024-06-06T15:58:30.468+0530] {dag.py:3096} INFO - Sync 1 DAGs
[2024-06-06T15:58:30.596+0530] {logging_mixin.py:188} INFO - [2024-06-06T15:58:30.596+0530] {dag.py:3954} INFO - Setting next_dagrun for example_weekday_branch_operator to 2024-06-05 00:00:00+00:00, run_after=2024-06-06 00:00:00+00:00
[2024-06-06T15:58:30.737+0530] {processor.py:183} INFO - Processing /home/wsl/airflow_venv/lib/python3.10/site-packages/airflow/example_dags/example_branch_day_of_week_operator.py took 0.452 seconds
[2024-06-06T15:59:46.282+0530] {processor.py:161} INFO - Started process (PID=38569) to work on /home/wsl/airflow_venv/lib/python3.10/site-packages/airflow/example_dags/example_branch_day_of_week_operator.py
[2024-06-06T15:59:46.284+0530] {processor.py:830} INFO - Processing file /home/wsl/airflow_venv/lib/python3.10/site-packages/airflow/example_dags/example_branch_day_of_week_operator.py for tasks to queue
[2024-06-06T15:59:46.286+0530] {logging_mixin.py:188} INFO - [2024-06-06T15:59:46.285+0530] {dagbag.py:540} INFO - Filling up the DagBag from /home/wsl/airflow_venv/lib/python3.10/site-packages/airflow/example_dags/example_branch_day_of_week_operator.py
[2024-06-06T15:59:46.302+0530] {processor.py:840} INFO - DAG(s) 'example_weekday_branch_operator' retrieved from /home/wsl/airflow_venv/lib/python3.10/site-packages/airflow/example_dags/example_branch_day_of_week_operator.py
[2024-06-06T15:59:46.324+0530] {logging_mixin.py:188} INFO - [2024-06-06T15:59:46.323+0530] {dag.py:3096} INFO - Sync 1 DAGs
[2024-06-06T15:59:46.347+0530] {logging_mixin.py:188} INFO - [2024-06-06T15:59:46.347+0530] {dag.py:3954} INFO - Setting next_dagrun for example_weekday_branch_operator to 2024-06-05 00:00:00+00:00, run_after=2024-06-06 00:00:00+00:00
[2024-06-06T15:59:46.379+0530] {processor.py:183} INFO - Processing /home/wsl/airflow_venv/lib/python3.10/site-packages/airflow/example_dags/example_branch_day_of_week_operator.py took 0.109 seconds
[2024-06-06T16:06:38.812+0530] {processor.py:161} INFO - Started process (PID=41698) to work on /home/wsl/airflow_venv/lib/python3.10/site-packages/airflow/example_dags/example_branch_day_of_week_operator.py
[2024-06-06T16:06:38.814+0530] {processor.py:830} INFO - Processing file /home/wsl/airflow_venv/lib/python3.10/site-packages/airflow/example_dags/example_branch_day_of_week_operator.py for tasks to queue
[2024-06-06T16:06:38.817+0530] {logging_mixin.py:188} INFO - [2024-06-06T16:06:38.816+0530] {dagbag.py:540} INFO - Filling up the DagBag from /home/wsl/airflow_venv/lib/python3.10/site-packages/airflow/example_dags/example_branch_day_of_week_operator.py
[2024-06-06T16:06:38.830+0530] {processor.py:840} INFO - DAG(s) 'example_weekday_branch_operator' retrieved from /home/wsl/airflow_venv/lib/python3.10/site-packages/airflow/example_dags/example_branch_day_of_week_operator.py
[2024-06-06T16:06:39.047+0530] {logging_mixin.py:188} INFO - [2024-06-06T16:06:39.047+0530] {dag.py:3096} INFO - Sync 1 DAGs
[2024-06-06T16:06:39.065+0530] {logging_mixin.py:188} INFO - [2024-06-06T16:06:39.065+0530] {dag.py:3954} INFO - Setting next_dagrun for example_weekday_branch_operator to 2024-06-05 00:00:00+00:00, run_after=2024-06-06 00:00:00+00:00
[2024-06-06T16:06:39.097+0530] {processor.py:183} INFO - Processing /home/wsl/airflow_venv/lib/python3.10/site-packages/airflow/example_dags/example_branch_day_of_week_operator.py took 0.296 seconds
[2024-06-06T16:08:33.541+0530] {processor.py:161} INFO - Started process (PID=42956) to work on /home/wsl/airflow_venv/lib/python3.10/site-packages/airflow/example_dags/example_branch_day_of_week_operator.py
[2024-06-06T16:08:33.816+0530] {processor.py:830} INFO - Processing file /home/wsl/airflow_venv/lib/python3.10/site-packages/airflow/example_dags/example_branch_day_of_week_operator.py for tasks to queue
[2024-06-06T16:08:33.818+0530] {logging_mixin.py:188} INFO - [2024-06-06T16:08:33.817+0530] {dagbag.py:540} INFO - Filling up the DagBag from /home/wsl/airflow_venv/lib/python3.10/site-packages/airflow/example_dags/example_branch_day_of_week_operator.py
[2024-06-06T16:08:33.831+0530] {processor.py:840} INFO - DAG(s) 'example_weekday_branch_operator' retrieved from /home/wsl/airflow_venv/lib/python3.10/site-packages/airflow/example_dags/example_branch_day_of_week_operator.py
[2024-06-06T16:08:33.895+0530] {logging_mixin.py:188} INFO - [2024-06-06T16:08:33.895+0530] {dag.py:3096} INFO - Sync 1 DAGs
[2024-06-06T16:08:33.955+0530] {logging_mixin.py:188} INFO - [2024-06-06T16:08:33.955+0530] {dag.py:3954} INFO - Setting next_dagrun for example_weekday_branch_operator to 2024-06-05 00:00:00+00:00, run_after=2024-06-06 00:00:00+00:00
[2024-06-06T16:08:34.307+0530] {processor.py:183} INFO - Processing /home/wsl/airflow_venv/lib/python3.10/site-packages/airflow/example_dags/example_branch_day_of_week_operator.py took 0.784 seconds
[2024-06-06T16:10:22.761+0530] {processor.py:161} INFO - Started process (PID=43914) to work on /home/wsl/airflow_venv/lib/python3.10/site-packages/airflow/example_dags/example_branch_day_of_week_operator.py
[2024-06-06T16:10:22.774+0530] {processor.py:830} INFO - Processing file /home/wsl/airflow_venv/lib/python3.10/site-packages/airflow/example_dags/example_branch_day_of_week_operator.py for tasks to queue
[2024-06-06T16:10:22.776+0530] {logging_mixin.py:188} INFO - [2024-06-06T16:10:22.775+0530] {dagbag.py:540} INFO - Filling up the DagBag from /home/wsl/airflow_venv/lib/python3.10/site-packages/airflow/example_dags/example_branch_day_of_week_operator.py
[2024-06-06T16:10:22.809+0530] {processor.py:840} INFO - DAG(s) 'example_weekday_branch_operator' retrieved from /home/wsl/airflow_venv/lib/python3.10/site-packages/airflow/example_dags/example_branch_day_of_week_operator.py
[2024-06-06T16:10:22.877+0530] {logging_mixin.py:188} INFO - [2024-06-06T16:10:22.877+0530] {dag.py:3096} INFO - Sync 1 DAGs
[2024-06-06T16:10:22.976+0530] {logging_mixin.py:188} INFO - [2024-06-06T16:10:22.975+0530] {dag.py:3954} INFO - Setting next_dagrun for example_weekday_branch_operator to 2024-06-05 00:00:00+00:00, run_after=2024-06-06 00:00:00+00:00
[2024-06-06T16:10:23.138+0530] {processor.py:183} INFO - Processing /home/wsl/airflow_venv/lib/python3.10/site-packages/airflow/example_dags/example_branch_day_of_week_operator.py took 0.406 seconds
[2024-06-06T16:11:56.701+0530] {processor.py:161} INFO - Started process (PID=45031) to work on /home/wsl/airflow_venv/lib/python3.10/site-packages/airflow/example_dags/example_branch_day_of_week_operator.py
[2024-06-06T16:11:56.706+0530] {processor.py:830} INFO - Processing file /home/wsl/airflow_venv/lib/python3.10/site-packages/airflow/example_dags/example_branch_day_of_week_operator.py for tasks to queue
[2024-06-06T16:11:56.708+0530] {logging_mixin.py:188} INFO - [2024-06-06T16:11:56.707+0530] {dagbag.py:540} INFO - Filling up the DagBag from /home/wsl/airflow_venv/lib/python3.10/site-packages/airflow/example_dags/example_branch_day_of_week_operator.py
[2024-06-06T16:11:56.720+0530] {processor.py:840} INFO - DAG(s) 'example_weekday_branch_operator' retrieved from /home/wsl/airflow_venv/lib/python3.10/site-packages/airflow/example_dags/example_branch_day_of_week_operator.py
[2024-06-06T16:11:56.742+0530] {logging_mixin.py:188} INFO - [2024-06-06T16:11:56.742+0530] {dag.py:3096} INFO - Sync 1 DAGs
[2024-06-06T16:11:56.762+0530] {logging_mixin.py:188} INFO - [2024-06-06T16:11:56.761+0530] {dag.py:3954} INFO - Setting next_dagrun for example_weekday_branch_operator to 2024-06-05 00:00:00+00:00, run_after=2024-06-06 00:00:00+00:00
[2024-06-06T16:11:56.787+0530] {processor.py:183} INFO - Processing /home/wsl/airflow_venv/lib/python3.10/site-packages/airflow/example_dags/example_branch_day_of_week_operator.py took 0.107 seconds
[2024-06-06T16:14:47.771+0530] {processor.py:161} INFO - Started process (PID=46968) to work on /home/wsl/airflow_venv/lib/python3.10/site-packages/airflow/example_dags/example_branch_day_of_week_operator.py
[2024-06-06T16:14:47.799+0530] {processor.py:830} INFO - Processing file /home/wsl/airflow_venv/lib/python3.10/site-packages/airflow/example_dags/example_branch_day_of_week_operator.py for tasks to queue
[2024-06-06T16:14:47.801+0530] {logging_mixin.py:188} INFO - [2024-06-06T16:14:47.800+0530] {dagbag.py:540} INFO - Filling up the DagBag from /home/wsl/airflow_venv/lib/python3.10/site-packages/airflow/example_dags/example_branch_day_of_week_operator.py
[2024-06-06T16:14:47.812+0530] {processor.py:840} INFO - DAG(s) 'example_weekday_branch_operator' retrieved from /home/wsl/airflow_venv/lib/python3.10/site-packages/airflow/example_dags/example_branch_day_of_week_operator.py
[2024-06-06T16:14:47.834+0530] {logging_mixin.py:188} INFO - [2024-06-06T16:14:47.833+0530] {dag.py:3096} INFO - Sync 1 DAGs
[2024-06-06T16:14:47.853+0530] {logging_mixin.py:188} INFO - [2024-06-06T16:14:47.853+0530] {dag.py:3954} INFO - Setting next_dagrun for example_weekday_branch_operator to 2024-06-05 00:00:00+00:00, run_after=2024-06-06 00:00:00+00:00
[2024-06-06T16:14:48.091+0530] {processor.py:183} INFO - Processing /home/wsl/airflow_venv/lib/python3.10/site-packages/airflow/example_dags/example_branch_day_of_week_operator.py took 0.334 seconds
[2024-06-06T16:26:23.825+0530] {processor.py:161} INFO - Started process (PID=52135) to work on /home/wsl/airflow_venv/lib/python3.10/site-packages/airflow/example_dags/example_branch_day_of_week_operator.py
[2024-06-06T16:26:23.827+0530] {processor.py:830} INFO - Processing file /home/wsl/airflow_venv/lib/python3.10/site-packages/airflow/example_dags/example_branch_day_of_week_operator.py for tasks to queue
[2024-06-06T16:26:23.829+0530] {logging_mixin.py:188} INFO - [2024-06-06T16:26:23.828+0530] {dagbag.py:540} INFO - Filling up the DagBag from /home/wsl/airflow_venv/lib/python3.10/site-packages/airflow/example_dags/example_branch_day_of_week_operator.py
[2024-06-06T16:26:23.846+0530] {processor.py:840} INFO - DAG(s) 'example_weekday_branch_operator' retrieved from /home/wsl/airflow_venv/lib/python3.10/site-packages/airflow/example_dags/example_branch_day_of_week_operator.py
[2024-06-06T16:26:24.043+0530] {logging_mixin.py:188} INFO - [2024-06-06T16:26:24.043+0530] {dag.py:3096} INFO - Sync 1 DAGs
[2024-06-06T16:26:24.066+0530] {logging_mixin.py:188} INFO - [2024-06-06T16:26:24.065+0530] {dag.py:3954} INFO - Setting next_dagrun for example_weekday_branch_operator to 2024-06-05 00:00:00+00:00, run_after=2024-06-06 00:00:00+00:00
[2024-06-06T16:26:24.103+0530] {processor.py:183} INFO - Processing /home/wsl/airflow_venv/lib/python3.10/site-packages/airflow/example_dags/example_branch_day_of_week_operator.py took 0.296 seconds
[2024-06-06T16:29:22.962+0530] {processor.py:161} INFO - Started process (PID=53971) to work on /home/wsl/airflow_venv/lib/python3.10/site-packages/airflow/example_dags/example_branch_day_of_week_operator.py
[2024-06-06T16:29:22.965+0530] {processor.py:830} INFO - Processing file /home/wsl/airflow_venv/lib/python3.10/site-packages/airflow/example_dags/example_branch_day_of_week_operator.py for tasks to queue
[2024-06-06T16:29:22.968+0530] {logging_mixin.py:188} INFO - [2024-06-06T16:29:22.967+0530] {dagbag.py:540} INFO - Filling up the DagBag from /home/wsl/airflow_venv/lib/python3.10/site-packages/airflow/example_dags/example_branch_day_of_week_operator.py
[2024-06-06T16:29:22.987+0530] {processor.py:840} INFO - DAG(s) 'example_weekday_branch_operator' retrieved from /home/wsl/airflow_venv/lib/python3.10/site-packages/airflow/example_dags/example_branch_day_of_week_operator.py
[2024-06-06T16:29:23.010+0530] {logging_mixin.py:188} INFO - [2024-06-06T16:29:23.010+0530] {dag.py:3096} INFO - Sync 1 DAGs
[2024-06-06T16:29:23.034+0530] {logging_mixin.py:188} INFO - [2024-06-06T16:29:23.033+0530] {dag.py:3954} INFO - Setting next_dagrun for example_weekday_branch_operator to 2024-06-05 00:00:00+00:00, run_after=2024-06-06 00:00:00+00:00
[2024-06-06T16:29:23.067+0530] {processor.py:183} INFO - Processing /home/wsl/airflow_venv/lib/python3.10/site-packages/airflow/example_dags/example_branch_day_of_week_operator.py took 0.121 seconds
[2024-06-06T16:31:57.150+0530] {processor.py:161} INFO - Started process (PID=55746) to work on /home/wsl/airflow_venv/lib/python3.10/site-packages/airflow/example_dags/example_branch_day_of_week_operator.py
[2024-06-06T16:31:57.190+0530] {processor.py:830} INFO - Processing file /home/wsl/airflow_venv/lib/python3.10/site-packages/airflow/example_dags/example_branch_day_of_week_operator.py for tasks to queue
[2024-06-06T16:31:57.192+0530] {logging_mixin.py:188} INFO - [2024-06-06T16:31:57.191+0530] {dagbag.py:540} INFO - Filling up the DagBag from /home/wsl/airflow_venv/lib/python3.10/site-packages/airflow/example_dags/example_branch_day_of_week_operator.py
[2024-06-06T16:31:57.201+0530] {processor.py:840} INFO - DAG(s) 'example_weekday_branch_operator' retrieved from /home/wsl/airflow_venv/lib/python3.10/site-packages/airflow/example_dags/example_branch_day_of_week_operator.py
[2024-06-06T16:31:57.222+0530] {logging_mixin.py:188} INFO - [2024-06-06T16:31:57.222+0530] {dag.py:3096} INFO - Sync 1 DAGs
[2024-06-06T16:31:57.244+0530] {logging_mixin.py:188} INFO - [2024-06-06T16:31:57.244+0530] {dag.py:3954} INFO - Setting next_dagrun for example_weekday_branch_operator to 2024-06-05 00:00:00+00:00, run_after=2024-06-06 00:00:00+00:00
[2024-06-06T16:31:57.433+0530] {processor.py:183} INFO - Processing /home/wsl/airflow_venv/lib/python3.10/site-packages/airflow/example_dags/example_branch_day_of_week_operator.py took 0.296 seconds
[2024-06-06T16:33:50.851+0530] {processor.py:161} INFO - Started process (PID=57053) to work on /home/wsl/airflow_venv/lib/python3.10/site-packages/airflow/example_dags/example_branch_day_of_week_operator.py
[2024-06-06T16:33:50.854+0530] {processor.py:830} INFO - Processing file /home/wsl/airflow_venv/lib/python3.10/site-packages/airflow/example_dags/example_branch_day_of_week_operator.py for tasks to queue
[2024-06-06T16:33:50.856+0530] {logging_mixin.py:188} INFO - [2024-06-06T16:33:50.855+0530] {dagbag.py:540} INFO - Filling up the DagBag from /home/wsl/airflow_venv/lib/python3.10/site-packages/airflow/example_dags/example_branch_day_of_week_operator.py
[2024-06-06T16:33:50.874+0530] {processor.py:840} INFO - DAG(s) 'example_weekday_branch_operator' retrieved from /home/wsl/airflow_venv/lib/python3.10/site-packages/airflow/example_dags/example_branch_day_of_week_operator.py
[2024-06-06T16:33:50.908+0530] {logging_mixin.py:188} INFO - [2024-06-06T16:33:50.908+0530] {dag.py:3096} INFO - Sync 1 DAGs
[2024-06-06T16:33:50.930+0530] {logging_mixin.py:188} INFO - [2024-06-06T16:33:50.930+0530] {dag.py:3954} INFO - Setting next_dagrun for example_weekday_branch_operator to 2024-06-05 00:00:00+00:00, run_after=2024-06-06 00:00:00+00:00
[2024-06-06T16:33:50.960+0530] {processor.py:183} INFO - Processing /home/wsl/airflow_venv/lib/python3.10/site-packages/airflow/example_dags/example_branch_day_of_week_operator.py took 0.124 seconds
[2024-06-06T16:36:04.228+0530] {processor.py:161} INFO - Started process (PID=58549) to work on /home/wsl/airflow_venv/lib/python3.10/site-packages/airflow/example_dags/example_branch_day_of_week_operator.py
[2024-06-06T16:36:04.262+0530] {processor.py:830} INFO - Processing file /home/wsl/airflow_venv/lib/python3.10/site-packages/airflow/example_dags/example_branch_day_of_week_operator.py for tasks to queue
[2024-06-06T16:36:04.264+0530] {logging_mixin.py:188} INFO - [2024-06-06T16:36:04.263+0530] {dagbag.py:540} INFO - Filling up the DagBag from /home/wsl/airflow_venv/lib/python3.10/site-packages/airflow/example_dags/example_branch_day_of_week_operator.py
[2024-06-06T16:36:04.287+0530] {processor.py:840} INFO - DAG(s) 'example_weekday_branch_operator' retrieved from /home/wsl/airflow_venv/lib/python3.10/site-packages/airflow/example_dags/example_branch_day_of_week_operator.py
[2024-06-06T16:36:04.368+0530] {logging_mixin.py:188} INFO - [2024-06-06T16:36:04.367+0530] {dag.py:3096} INFO - Sync 1 DAGs
[2024-06-06T16:36:04.487+0530] {logging_mixin.py:188} INFO - [2024-06-06T16:36:04.487+0530] {dag.py:3954} INFO - Setting next_dagrun for example_weekday_branch_operator to 2024-06-05 00:00:00+00:00, run_after=2024-06-06 00:00:00+00:00
[2024-06-06T16:36:04.601+0530] {processor.py:183} INFO - Processing /home/wsl/airflow_venv/lib/python3.10/site-packages/airflow/example_dags/example_branch_day_of_week_operator.py took 0.394 seconds
[2024-06-06T16:38:35.613+0530] {processor.py:161} INFO - Started process (PID=60004) to work on /home/wsl/airflow_venv/lib/python3.10/site-packages/airflow/example_dags/example_branch_day_of_week_operator.py
[2024-06-06T16:38:35.615+0530] {processor.py:830} INFO - Processing file /home/wsl/airflow_venv/lib/python3.10/site-packages/airflow/example_dags/example_branch_day_of_week_operator.py for tasks to queue
[2024-06-06T16:38:35.617+0530] {logging_mixin.py:188} INFO - [2024-06-06T16:38:35.616+0530] {dagbag.py:540} INFO - Filling up the DagBag from /home/wsl/airflow_venv/lib/python3.10/site-packages/airflow/example_dags/example_branch_day_of_week_operator.py
[2024-06-06T16:38:35.648+0530] {processor.py:840} INFO - DAG(s) 'example_weekday_branch_operator' retrieved from /home/wsl/airflow_venv/lib/python3.10/site-packages/airflow/example_dags/example_branch_day_of_week_operator.py
[2024-06-06T16:38:36.027+0530] {logging_mixin.py:188} INFO - [2024-06-06T16:38:36.026+0530] {dag.py:3096} INFO - Sync 1 DAGs
[2024-06-06T16:38:36.112+0530] {logging_mixin.py:188} INFO - [2024-06-06T16:38:36.111+0530] {dag.py:3954} INFO - Setting next_dagrun for example_weekday_branch_operator to 2024-06-05 00:00:00+00:00, run_after=2024-06-06 00:00:00+00:00
[2024-06-06T16:38:36.268+0530] {processor.py:183} INFO - Processing /home/wsl/airflow_venv/lib/python3.10/site-packages/airflow/example_dags/example_branch_day_of_week_operator.py took 0.685 seconds
[2024-06-06T16:40:43.852+0530] {processor.py:161} INFO - Started process (PID=61611) to work on /home/wsl/airflow_venv/lib/python3.10/site-packages/airflow/example_dags/example_branch_day_of_week_operator.py
[2024-06-06T16:40:43.855+0530] {processor.py:830} INFO - Processing file /home/wsl/airflow_venv/lib/python3.10/site-packages/airflow/example_dags/example_branch_day_of_week_operator.py for tasks to queue
[2024-06-06T16:40:43.857+0530] {logging_mixin.py:188} INFO - [2024-06-06T16:40:43.856+0530] {dagbag.py:540} INFO - Filling up the DagBag from /home/wsl/airflow_venv/lib/python3.10/site-packages/airflow/example_dags/example_branch_day_of_week_operator.py
[2024-06-06T16:40:43.872+0530] {processor.py:840} INFO - DAG(s) 'example_weekday_branch_operator' retrieved from /home/wsl/airflow_venv/lib/python3.10/site-packages/airflow/example_dags/example_branch_day_of_week_operator.py
[2024-06-06T16:40:43.894+0530] {logging_mixin.py:188} INFO - [2024-06-06T16:40:43.893+0530] {dag.py:3096} INFO - Sync 1 DAGs
[2024-06-06T16:40:43.913+0530] {logging_mixin.py:188} INFO - [2024-06-06T16:40:43.912+0530] {dag.py:3954} INFO - Setting next_dagrun for example_weekday_branch_operator to 2024-06-05 00:00:00+00:00, run_after=2024-06-06 00:00:00+00:00
[2024-06-06T16:40:43.941+0530] {processor.py:183} INFO - Processing /home/wsl/airflow_venv/lib/python3.10/site-packages/airflow/example_dags/example_branch_day_of_week_operator.py took 0.100 seconds
[2024-06-06T16:42:41.080+0530] {processor.py:161} INFO - Started process (PID=62487) to work on /home/wsl/airflow_venv/lib/python3.10/site-packages/airflow/example_dags/example_branch_day_of_week_operator.py
[2024-06-06T16:42:41.082+0530] {processor.py:830} INFO - Processing file /home/wsl/airflow_venv/lib/python3.10/site-packages/airflow/example_dags/example_branch_day_of_week_operator.py for tasks to queue
[2024-06-06T16:42:41.083+0530] {logging_mixin.py:188} INFO - [2024-06-06T16:42:41.082+0530] {dagbag.py:540} INFO - Filling up the DagBag from /home/wsl/airflow_venv/lib/python3.10/site-packages/airflow/example_dags/example_branch_day_of_week_operator.py
[2024-06-06T16:42:41.091+0530] {processor.py:840} INFO - DAG(s) 'example_weekday_branch_operator' retrieved from /home/wsl/airflow_venv/lib/python3.10/site-packages/airflow/example_dags/example_branch_day_of_week_operator.py
[2024-06-06T16:42:41.111+0530] {logging_mixin.py:188} INFO - [2024-06-06T16:42:41.111+0530] {dag.py:3096} INFO - Sync 1 DAGs
[2024-06-06T16:42:41.134+0530] {logging_mixin.py:188} INFO - [2024-06-06T16:42:41.134+0530] {dag.py:3954} INFO - Setting next_dagrun for example_weekday_branch_operator to 2024-06-05 00:00:00+00:00, run_after=2024-06-06 00:00:00+00:00
[2024-06-06T16:42:41.170+0530] {processor.py:183} INFO - Processing /home/wsl/airflow_venv/lib/python3.10/site-packages/airflow/example_dags/example_branch_day_of_week_operator.py took 0.098 seconds
[2024-06-06T16:44:55.306+0530] {processor.py:161} INFO - Started process (PID=64118) to work on /home/wsl/airflow_venv/lib/python3.10/site-packages/airflow/example_dags/example_branch_day_of_week_operator.py
[2024-06-06T16:44:55.308+0530] {processor.py:830} INFO - Processing file /home/wsl/airflow_venv/lib/python3.10/site-packages/airflow/example_dags/example_branch_day_of_week_operator.py for tasks to queue
[2024-06-06T16:44:55.309+0530] {logging_mixin.py:188} INFO - [2024-06-06T16:44:55.309+0530] {dagbag.py:540} INFO - Filling up the DagBag from /home/wsl/airflow_venv/lib/python3.10/site-packages/airflow/example_dags/example_branch_day_of_week_operator.py
[2024-06-06T16:44:55.320+0530] {processor.py:840} INFO - DAG(s) 'example_weekday_branch_operator' retrieved from /home/wsl/airflow_venv/lib/python3.10/site-packages/airflow/example_dags/example_branch_day_of_week_operator.py
[2024-06-06T16:44:55.342+0530] {logging_mixin.py:188} INFO - [2024-06-06T16:44:55.341+0530] {dag.py:3096} INFO - Sync 1 DAGs
[2024-06-06T16:44:55.371+0530] {logging_mixin.py:188} INFO - [2024-06-06T16:44:55.371+0530] {dag.py:3954} INFO - Setting next_dagrun for example_weekday_branch_operator to 2024-06-05 00:00:00+00:00, run_after=2024-06-06 00:00:00+00:00
[2024-06-06T16:44:55.414+0530] {processor.py:183} INFO - Processing /home/wsl/airflow_venv/lib/python3.10/site-packages/airflow/example_dags/example_branch_day_of_week_operator.py took 0.115 seconds
[2024-06-06T16:47:31.607+0530] {processor.py:161} INFO - Started process (PID=66043) to work on /home/wsl/airflow_venv/lib/python3.10/site-packages/airflow/example_dags/example_branch_day_of_week_operator.py
[2024-06-06T16:47:31.609+0530] {processor.py:830} INFO - Processing file /home/wsl/airflow_venv/lib/python3.10/site-packages/airflow/example_dags/example_branch_day_of_week_operator.py for tasks to queue
[2024-06-06T16:47:31.610+0530] {logging_mixin.py:188} INFO - [2024-06-06T16:47:31.610+0530] {dagbag.py:540} INFO - Filling up the DagBag from /home/wsl/airflow_venv/lib/python3.10/site-packages/airflow/example_dags/example_branch_day_of_week_operator.py
[2024-06-06T16:47:31.623+0530] {processor.py:840} INFO - DAG(s) 'example_weekday_branch_operator' retrieved from /home/wsl/airflow_venv/lib/python3.10/site-packages/airflow/example_dags/example_branch_day_of_week_operator.py
[2024-06-06T16:47:31.645+0530] {logging_mixin.py:188} INFO - [2024-06-06T16:47:31.645+0530] {dag.py:3096} INFO - Sync 1 DAGs
[2024-06-06T16:47:31.664+0530] {logging_mixin.py:188} INFO - [2024-06-06T16:47:31.664+0530] {dag.py:3954} INFO - Setting next_dagrun for example_weekday_branch_operator to 2024-06-05 00:00:00+00:00, run_after=2024-06-06 00:00:00+00:00
[2024-06-06T16:47:31.688+0530] {processor.py:183} INFO - Processing /home/wsl/airflow_venv/lib/python3.10/site-packages/airflow/example_dags/example_branch_day_of_week_operator.py took 0.094 seconds
[2024-06-06T16:50:02.310+0530] {processor.py:161} INFO - Started process (PID=67668) to work on /home/wsl/airflow_venv/lib/python3.10/site-packages/airflow/example_dags/example_branch_day_of_week_operator.py
[2024-06-06T16:50:02.319+0530] {processor.py:830} INFO - Processing file /home/wsl/airflow_venv/lib/python3.10/site-packages/airflow/example_dags/example_branch_day_of_week_operator.py for tasks to queue
[2024-06-06T16:50:02.320+0530] {logging_mixin.py:188} INFO - [2024-06-06T16:50:02.320+0530] {dagbag.py:540} INFO - Filling up the DagBag from /home/wsl/airflow_venv/lib/python3.10/site-packages/airflow/example_dags/example_branch_day_of_week_operator.py
[2024-06-06T16:50:02.339+0530] {processor.py:840} INFO - DAG(s) 'example_weekday_branch_operator' retrieved from /home/wsl/airflow_venv/lib/python3.10/site-packages/airflow/example_dags/example_branch_day_of_week_operator.py
[2024-06-06T16:50:02.386+0530] {logging_mixin.py:188} INFO - [2024-06-06T16:50:02.383+0530] {dag.py:3096} INFO - Sync 1 DAGs
[2024-06-06T16:50:02.423+0530] {logging_mixin.py:188} INFO - [2024-06-06T16:50:02.422+0530] {dag.py:3954} INFO - Setting next_dagrun for example_weekday_branch_operator to 2024-06-05 00:00:00+00:00, run_after=2024-06-06 00:00:00+00:00
[2024-06-06T16:50:02.452+0530] {processor.py:183} INFO - Processing /home/wsl/airflow_venv/lib/python3.10/site-packages/airflow/example_dags/example_branch_day_of_week_operator.py took 0.159 seconds
[2024-06-06T16:52:53.732+0530] {processor.py:161} INFO - Started process (PID=69408) to work on /home/wsl/airflow_venv/lib/python3.10/site-packages/airflow/example_dags/example_branch_day_of_week_operator.py
[2024-06-06T16:52:53.736+0530] {processor.py:830} INFO - Processing file /home/wsl/airflow_venv/lib/python3.10/site-packages/airflow/example_dags/example_branch_day_of_week_operator.py for tasks to queue
[2024-06-06T16:52:53.737+0530] {logging_mixin.py:188} INFO - [2024-06-06T16:52:53.736+0530] {dagbag.py:540} INFO - Filling up the DagBag from /home/wsl/airflow_venv/lib/python3.10/site-packages/airflow/example_dags/example_branch_day_of_week_operator.py
[2024-06-06T16:52:53.747+0530] {processor.py:840} INFO - DAG(s) 'example_weekday_branch_operator' retrieved from /home/wsl/airflow_venv/lib/python3.10/site-packages/airflow/example_dags/example_branch_day_of_week_operator.py
[2024-06-06T16:52:53.773+0530] {logging_mixin.py:188} INFO - [2024-06-06T16:52:53.772+0530] {dag.py:3096} INFO - Sync 1 DAGs
[2024-06-06T16:52:53.798+0530] {logging_mixin.py:188} INFO - [2024-06-06T16:52:53.798+0530] {dag.py:3954} INFO - Setting next_dagrun for example_weekday_branch_operator to 2024-06-05 00:00:00+00:00, run_after=2024-06-06 00:00:00+00:00
[2024-06-06T16:52:53.837+0530] {processor.py:183} INFO - Processing /home/wsl/airflow_venv/lib/python3.10/site-packages/airflow/example_dags/example_branch_day_of_week_operator.py took 0.115 seconds
[2024-06-06T16:55:19.276+0530] {processor.py:161} INFO - Started process (PID=71104) to work on /home/wsl/airflow_venv/lib/python3.10/site-packages/airflow/example_dags/example_branch_day_of_week_operator.py
[2024-06-06T16:55:19.279+0530] {processor.py:830} INFO - Processing file /home/wsl/airflow_venv/lib/python3.10/site-packages/airflow/example_dags/example_branch_day_of_week_operator.py for tasks to queue
[2024-06-06T16:55:19.280+0530] {logging_mixin.py:188} INFO - [2024-06-06T16:55:19.280+0530] {dagbag.py:540} INFO - Filling up the DagBag from /home/wsl/airflow_venv/lib/python3.10/site-packages/airflow/example_dags/example_branch_day_of_week_operator.py
[2024-06-06T16:55:19.290+0530] {processor.py:840} INFO - DAG(s) 'example_weekday_branch_operator' retrieved from /home/wsl/airflow_venv/lib/python3.10/site-packages/airflow/example_dags/example_branch_day_of_week_operator.py
[2024-06-06T16:55:19.308+0530] {logging_mixin.py:188} INFO - [2024-06-06T16:55:19.308+0530] {dag.py:3096} INFO - Sync 1 DAGs
[2024-06-06T16:55:19.328+0530] {logging_mixin.py:188} INFO - [2024-06-06T16:55:19.328+0530] {dag.py:3954} INFO - Setting next_dagrun for example_weekday_branch_operator to 2024-06-05 00:00:00+00:00, run_after=2024-06-06 00:00:00+00:00
[2024-06-06T16:55:19.355+0530] {processor.py:183} INFO - Processing /home/wsl/airflow_venv/lib/python3.10/site-packages/airflow/example_dags/example_branch_day_of_week_operator.py took 0.097 seconds
[2024-06-06T16:57:13.326+0530] {processor.py:161} INFO - Started process (PID=72601) to work on /home/wsl/airflow_venv/lib/python3.10/site-packages/airflow/example_dags/example_branch_day_of_week_operator.py
[2024-06-06T16:57:13.328+0530] {processor.py:830} INFO - Processing file /home/wsl/airflow_venv/lib/python3.10/site-packages/airflow/example_dags/example_branch_day_of_week_operator.py for tasks to queue
[2024-06-06T16:57:13.329+0530] {logging_mixin.py:188} INFO - [2024-06-06T16:57:13.329+0530] {dagbag.py:540} INFO - Filling up the DagBag from /home/wsl/airflow_venv/lib/python3.10/site-packages/airflow/example_dags/example_branch_day_of_week_operator.py
[2024-06-06T16:57:13.342+0530] {processor.py:840} INFO - DAG(s) 'example_weekday_branch_operator' retrieved from /home/wsl/airflow_venv/lib/python3.10/site-packages/airflow/example_dags/example_branch_day_of_week_operator.py
[2024-06-06T16:57:13.370+0530] {logging_mixin.py:188} INFO - [2024-06-06T16:57:13.369+0530] {dag.py:3096} INFO - Sync 1 DAGs
[2024-06-06T16:57:13.390+0530] {logging_mixin.py:188} INFO - [2024-06-06T16:57:13.390+0530] {dag.py:3954} INFO - Setting next_dagrun for example_weekday_branch_operator to 2024-06-05 00:00:00+00:00, run_after=2024-06-06 00:00:00+00:00
[2024-06-06T16:57:13.420+0530] {processor.py:183} INFO - Processing /home/wsl/airflow_venv/lib/python3.10/site-packages/airflow/example_dags/example_branch_day_of_week_operator.py took 0.102 seconds
[2024-06-06T16:59:46.435+0530] {processor.py:161} INFO - Started process (PID=74321) to work on /home/wsl/airflow_venv/lib/python3.10/site-packages/airflow/example_dags/example_branch_day_of_week_operator.py
[2024-06-06T16:59:46.438+0530] {processor.py:830} INFO - Processing file /home/wsl/airflow_venv/lib/python3.10/site-packages/airflow/example_dags/example_branch_day_of_week_operator.py for tasks to queue
[2024-06-06T16:59:46.440+0530] {logging_mixin.py:188} INFO - [2024-06-06T16:59:46.439+0530] {dagbag.py:540} INFO - Filling up the DagBag from /home/wsl/airflow_venv/lib/python3.10/site-packages/airflow/example_dags/example_branch_day_of_week_operator.py
[2024-06-06T16:59:46.455+0530] {processor.py:840} INFO - DAG(s) 'example_weekday_branch_operator' retrieved from /home/wsl/airflow_venv/lib/python3.10/site-packages/airflow/example_dags/example_branch_day_of_week_operator.py
[2024-06-06T16:59:46.489+0530] {logging_mixin.py:188} INFO - [2024-06-06T16:59:46.489+0530] {dag.py:3096} INFO - Sync 1 DAGs
[2024-06-06T16:59:46.510+0530] {logging_mixin.py:188} INFO - [2024-06-06T16:59:46.509+0530] {dag.py:3954} INFO - Setting next_dagrun for example_weekday_branch_operator to 2024-06-05 00:00:00+00:00, run_after=2024-06-06 00:00:00+00:00
[2024-06-06T16:59:46.540+0530] {processor.py:183} INFO - Processing /home/wsl/airflow_venv/lib/python3.10/site-packages/airflow/example_dags/example_branch_day_of_week_operator.py took 0.116 seconds
[2024-06-06T17:01:52.074+0530] {processor.py:161} INFO - Started process (PID=76048) to work on /home/wsl/airflow_venv/lib/python3.10/site-packages/airflow/example_dags/example_branch_day_of_week_operator.py
[2024-06-06T17:01:52.086+0530] {processor.py:830} INFO - Processing file /home/wsl/airflow_venv/lib/python3.10/site-packages/airflow/example_dags/example_branch_day_of_week_operator.py for tasks to queue
[2024-06-06T17:01:52.088+0530] {logging_mixin.py:188} INFO - [2024-06-06T17:01:52.087+0530] {dagbag.py:540} INFO - Filling up the DagBag from /home/wsl/airflow_venv/lib/python3.10/site-packages/airflow/example_dags/example_branch_day_of_week_operator.py
[2024-06-06T17:01:52.109+0530] {processor.py:840} INFO - DAG(s) 'example_weekday_branch_operator' retrieved from /home/wsl/airflow_venv/lib/python3.10/site-packages/airflow/example_dags/example_branch_day_of_week_operator.py
[2024-06-06T17:01:52.193+0530] {logging_mixin.py:188} INFO - [2024-06-06T17:01:52.193+0530] {dag.py:3096} INFO - Sync 1 DAGs
[2024-06-06T17:01:52.301+0530] {logging_mixin.py:188} INFO - [2024-06-06T17:01:52.291+0530] {dag.py:3954} INFO - Setting next_dagrun for example_weekday_branch_operator to 2024-06-05 00:00:00+00:00, run_after=2024-06-06 00:00:00+00:00
[2024-06-06T17:01:52.466+0530] {processor.py:183} INFO - Processing /home/wsl/airflow_venv/lib/python3.10/site-packages/airflow/example_dags/example_branch_day_of_week_operator.py took 0.413 seconds
[2024-06-06T17:03:52.835+0530] {processor.py:161} INFO - Started process (PID=77509) to work on /home/wsl/airflow_venv/lib/python3.10/site-packages/airflow/example_dags/example_branch_day_of_week_operator.py
[2024-06-06T17:03:52.836+0530] {processor.py:830} INFO - Processing file /home/wsl/airflow_venv/lib/python3.10/site-packages/airflow/example_dags/example_branch_day_of_week_operator.py for tasks to queue
[2024-06-06T17:03:52.838+0530] {logging_mixin.py:188} INFO - [2024-06-06T17:03:52.837+0530] {dagbag.py:540} INFO - Filling up the DagBag from /home/wsl/airflow_venv/lib/python3.10/site-packages/airflow/example_dags/example_branch_day_of_week_operator.py
[2024-06-06T17:03:52.849+0530] {processor.py:840} INFO - DAG(s) 'example_weekday_branch_operator' retrieved from /home/wsl/airflow_venv/lib/python3.10/site-packages/airflow/example_dags/example_branch_day_of_week_operator.py
[2024-06-06T17:03:52.869+0530] {logging_mixin.py:188} INFO - [2024-06-06T17:03:52.869+0530] {dag.py:3096} INFO - Sync 1 DAGs
[2024-06-06T17:03:52.891+0530] {logging_mixin.py:188} INFO - [2024-06-06T17:03:52.891+0530] {dag.py:3954} INFO - Setting next_dagrun for example_weekday_branch_operator to 2024-06-05 00:00:00+00:00, run_after=2024-06-06 00:00:00+00:00
[2024-06-06T17:03:52.926+0530] {processor.py:183} INFO - Processing /home/wsl/airflow_venv/lib/python3.10/site-packages/airflow/example_dags/example_branch_day_of_week_operator.py took 0.100 seconds
[2024-06-06T17:05:57.045+0530] {processor.py:161} INFO - Started process (PID=79093) to work on /home/wsl/airflow_venv/lib/python3.10/site-packages/airflow/example_dags/example_branch_day_of_week_operator.py
[2024-06-06T17:05:57.047+0530] {processor.py:830} INFO - Processing file /home/wsl/airflow_venv/lib/python3.10/site-packages/airflow/example_dags/example_branch_day_of_week_operator.py for tasks to queue
[2024-06-06T17:05:57.049+0530] {logging_mixin.py:188} INFO - [2024-06-06T17:05:57.048+0530] {dagbag.py:540} INFO - Filling up the DagBag from /home/wsl/airflow_venv/lib/python3.10/site-packages/airflow/example_dags/example_branch_day_of_week_operator.py
[2024-06-06T17:05:57.063+0530] {processor.py:840} INFO - DAG(s) 'example_weekday_branch_operator' retrieved from /home/wsl/airflow_venv/lib/python3.10/site-packages/airflow/example_dags/example_branch_day_of_week_operator.py
[2024-06-06T17:05:57.085+0530] {logging_mixin.py:188} INFO - [2024-06-06T17:05:57.085+0530] {dag.py:3096} INFO - Sync 1 DAGs
[2024-06-06T17:05:57.106+0530] {logging_mixin.py:188} INFO - [2024-06-06T17:05:57.106+0530] {dag.py:3954} INFO - Setting next_dagrun for example_weekday_branch_operator to 2024-06-05 00:00:00+00:00, run_after=2024-06-06 00:00:00+00:00
[2024-06-06T17:05:57.147+0530] {processor.py:183} INFO - Processing /home/wsl/airflow_venv/lib/python3.10/site-packages/airflow/example_dags/example_branch_day_of_week_operator.py took 0.113 seconds
[2024-06-06T17:07:53.886+0530] {processor.py:161} INFO - Started process (PID=80622) to work on /home/wsl/airflow_venv/lib/python3.10/site-packages/airflow/example_dags/example_branch_day_of_week_operator.py
[2024-06-06T17:07:53.889+0530] {processor.py:830} INFO - Processing file /home/wsl/airflow_venv/lib/python3.10/site-packages/airflow/example_dags/example_branch_day_of_week_operator.py for tasks to queue
[2024-06-06T17:07:53.891+0530] {logging_mixin.py:188} INFO - [2024-06-06T17:07:53.890+0530] {dagbag.py:540} INFO - Filling up the DagBag from /home/wsl/airflow_venv/lib/python3.10/site-packages/airflow/example_dags/example_branch_day_of_week_operator.py
[2024-06-06T17:07:53.903+0530] {processor.py:840} INFO - DAG(s) 'example_weekday_branch_operator' retrieved from /home/wsl/airflow_venv/lib/python3.10/site-packages/airflow/example_dags/example_branch_day_of_week_operator.py
[2024-06-06T17:07:53.926+0530] {logging_mixin.py:188} INFO - [2024-06-06T17:07:53.926+0530] {dag.py:3096} INFO - Sync 1 DAGs
[2024-06-06T17:07:53.944+0530] {logging_mixin.py:188} INFO - [2024-06-06T17:07:53.944+0530] {dag.py:3954} INFO - Setting next_dagrun for example_weekday_branch_operator to 2024-06-05 00:00:00+00:00, run_after=2024-06-06 00:00:00+00:00
[2024-06-06T17:07:53.974+0530] {processor.py:183} INFO - Processing /home/wsl/airflow_venv/lib/python3.10/site-packages/airflow/example_dags/example_branch_day_of_week_operator.py took 0.100 seconds
[2024-06-06T17:10:08.314+0530] {processor.py:161} INFO - Started process (PID=82387) to work on /home/wsl/airflow_venv/lib/python3.10/site-packages/airflow/example_dags/example_branch_day_of_week_operator.py
[2024-06-06T17:10:08.317+0530] {processor.py:830} INFO - Processing file /home/wsl/airflow_venv/lib/python3.10/site-packages/airflow/example_dags/example_branch_day_of_week_operator.py for tasks to queue
[2024-06-06T17:10:08.321+0530] {logging_mixin.py:188} INFO - [2024-06-06T17:10:08.318+0530] {dagbag.py:540} INFO - Filling up the DagBag from /home/wsl/airflow_venv/lib/python3.10/site-packages/airflow/example_dags/example_branch_day_of_week_operator.py
[2024-06-06T17:10:08.336+0530] {processor.py:840} INFO - DAG(s) 'example_weekday_branch_operator' retrieved from /home/wsl/airflow_venv/lib/python3.10/site-packages/airflow/example_dags/example_branch_day_of_week_operator.py
[2024-06-06T17:10:08.362+0530] {logging_mixin.py:188} INFO - [2024-06-06T17:10:08.362+0530] {dag.py:3096} INFO - Sync 1 DAGs
[2024-06-06T17:10:08.398+0530] {logging_mixin.py:188} INFO - [2024-06-06T17:10:08.398+0530] {dag.py:3954} INFO - Setting next_dagrun for example_weekday_branch_operator to 2024-06-05 00:00:00+00:00, run_after=2024-06-06 00:00:00+00:00
[2024-06-06T17:10:08.445+0530] {processor.py:183} INFO - Processing /home/wsl/airflow_venv/lib/python3.10/site-packages/airflow/example_dags/example_branch_day_of_week_operator.py took 0.144 seconds
[2024-06-06T17:12:34.616+0530] {processor.py:161} INFO - Started process (PID=84190) to work on /home/wsl/airflow_venv/lib/python3.10/site-packages/airflow/example_dags/example_branch_day_of_week_operator.py
[2024-06-06T17:12:34.618+0530] {processor.py:830} INFO - Processing file /home/wsl/airflow_venv/lib/python3.10/site-packages/airflow/example_dags/example_branch_day_of_week_operator.py for tasks to queue
[2024-06-06T17:12:34.620+0530] {logging_mixin.py:188} INFO - [2024-06-06T17:12:34.619+0530] {dagbag.py:540} INFO - Filling up the DagBag from /home/wsl/airflow_venv/lib/python3.10/site-packages/airflow/example_dags/example_branch_day_of_week_operator.py
[2024-06-06T17:12:34.632+0530] {processor.py:840} INFO - DAG(s) 'example_weekday_branch_operator' retrieved from /home/wsl/airflow_venv/lib/python3.10/site-packages/airflow/example_dags/example_branch_day_of_week_operator.py
[2024-06-06T17:12:34.655+0530] {logging_mixin.py:188} INFO - [2024-06-06T17:12:34.654+0530] {dag.py:3096} INFO - Sync 1 DAGs
[2024-06-06T17:12:34.682+0530] {logging_mixin.py:188} INFO - [2024-06-06T17:12:34.681+0530] {dag.py:3954} INFO - Setting next_dagrun for example_weekday_branch_operator to 2024-06-05 00:00:00+00:00, run_after=2024-06-06 00:00:00+00:00
[2024-06-06T17:12:34.710+0530] {processor.py:183} INFO - Processing /home/wsl/airflow_venv/lib/python3.10/site-packages/airflow/example_dags/example_branch_day_of_week_operator.py took 0.103 seconds
