[2024-06-06T15:50:44.144+0530] {processor.py:161} INFO - Started process (PID=33765) to work on /home/wsl/airflow_venv/lib/python3.10/site-packages/airflow/example_dags/example_branch_python_dop_operator_3.py
[2024-06-06T15:50:44.146+0530] {processor.py:830} INFO - Processing file /home/wsl/airflow_venv/lib/python3.10/site-packages/airflow/example_dags/example_branch_python_dop_operator_3.py for tasks to queue
[2024-06-06T15:50:44.148+0530] {logging_mixin.py:188} INFO - [2024-06-06T15:50:44.147+0530] {dagbag.py:540} INFO - Filling up the DagBag from /home/wsl/airflow_venv/lib/python3.10/site-packages/airflow/example_dags/example_branch_python_dop_operator_3.py
[2024-06-06T15:50:44.176+0530] {processor.py:840} INFO - DAG(s) 'example_branch_dop_operator_v3' retrieved from /home/wsl/airflow_venv/lib/python3.10/site-packages/airflow/example_dags/example_branch_python_dop_operator_3.py
[2024-06-06T15:50:44.494+0530] {logging_mixin.py:188} INFO - [2024-06-06T15:50:44.494+0530] {dag.py:3096} INFO - Sync 1 DAGs
[2024-06-06T15:50:44.528+0530] {logging_mixin.py:188} INFO - [2024-06-06T15:50:44.527+0530] {dag.py:3954} INFO - Setting next_dagrun for example_branch_dop_operator_v3 to 2024-06-06 10:19:00+00:00, run_after=2024-06-06 10:20:00+00:00
[2024-06-06T15:50:44.712+0530] {processor.py:183} INFO - Processing /home/wsl/airflow_venv/lib/python3.10/site-packages/airflow/example_dags/example_branch_python_dop_operator_3.py took 0.586 seconds
[2024-06-06T15:52:09.946+0530] {processor.py:161} INFO - Started process (PID=34638) to work on /home/wsl/airflow_venv/lib/python3.10/site-packages/airflow/example_dags/example_branch_python_dop_operator_3.py
[2024-06-06T15:52:09.951+0530] {processor.py:830} INFO - Processing file /home/wsl/airflow_venv/lib/python3.10/site-packages/airflow/example_dags/example_branch_python_dop_operator_3.py for tasks to queue
[2024-06-06T15:52:09.952+0530] {logging_mixin.py:188} INFO - [2024-06-06T15:52:09.952+0530] {dagbag.py:540} INFO - Filling up the DagBag from /home/wsl/airflow_venv/lib/python3.10/site-packages/airflow/example_dags/example_branch_python_dop_operator_3.py
[2024-06-06T15:52:09.963+0530] {processor.py:840} INFO - DAG(s) 'example_branch_dop_operator_v3' retrieved from /home/wsl/airflow_venv/lib/python3.10/site-packages/airflow/example_dags/example_branch_python_dop_operator_3.py
[2024-06-06T15:52:09.981+0530] {logging_mixin.py:188} INFO - [2024-06-06T15:52:09.980+0530] {dag.py:3096} INFO - Sync 1 DAGs
[2024-06-06T15:52:10.008+0530] {logging_mixin.py:188} INFO - [2024-06-06T15:52:10.007+0530] {dag.py:3954} INFO - Setting next_dagrun for example_branch_dop_operator_v3 to 2024-06-06 10:21:00+00:00, run_after=2024-06-06 10:22:00+00:00
[2024-06-06T15:52:10.046+0530] {processor.py:183} INFO - Processing /home/wsl/airflow_venv/lib/python3.10/site-packages/airflow/example_dags/example_branch_python_dop_operator_3.py took 0.112 seconds
[2024-06-06T15:53:55.722+0530] {processor.py:161} INFO - Started process (PID=35601) to work on /home/wsl/airflow_venv/lib/python3.10/site-packages/airflow/example_dags/example_branch_python_dop_operator_3.py
[2024-06-06T15:53:55.729+0530] {processor.py:830} INFO - Processing file /home/wsl/airflow_venv/lib/python3.10/site-packages/airflow/example_dags/example_branch_python_dop_operator_3.py for tasks to queue
[2024-06-06T15:53:55.730+0530] {logging_mixin.py:188} INFO - [2024-06-06T15:53:55.730+0530] {dagbag.py:540} INFO - Filling up the DagBag from /home/wsl/airflow_venv/lib/python3.10/site-packages/airflow/example_dags/example_branch_python_dop_operator_3.py
[2024-06-06T15:53:55.740+0530] {processor.py:840} INFO - DAG(s) 'example_branch_dop_operator_v3' retrieved from /home/wsl/airflow_venv/lib/python3.10/site-packages/airflow/example_dags/example_branch_python_dop_operator_3.py
[2024-06-06T15:53:55.872+0530] {logging_mixin.py:188} INFO - [2024-06-06T15:53:55.871+0530] {dag.py:3096} INFO - Sync 1 DAGs
[2024-06-06T15:53:55.909+0530] {logging_mixin.py:188} INFO - [2024-06-06T15:53:55.908+0530] {dag.py:3954} INFO - Setting next_dagrun for example_branch_dop_operator_v3 to 2024-06-06 10:22:00+00:00, run_after=2024-06-06 10:23:00+00:00
[2024-06-06T15:53:56.287+0530] {processor.py:183} INFO - Processing /home/wsl/airflow_venv/lib/python3.10/site-packages/airflow/example_dags/example_branch_python_dop_operator_3.py took 0.581 seconds
[2024-06-06T15:56:41.719+0530] {processor.py:161} INFO - Started process (PID=37262) to work on /home/wsl/airflow_venv/lib/python3.10/site-packages/airflow/example_dags/example_branch_python_dop_operator_3.py
[2024-06-06T15:56:41.722+0530] {processor.py:830} INFO - Processing file /home/wsl/airflow_venv/lib/python3.10/site-packages/airflow/example_dags/example_branch_python_dop_operator_3.py for tasks to queue
[2024-06-06T15:56:41.724+0530] {logging_mixin.py:188} INFO - [2024-06-06T15:56:41.723+0530] {dagbag.py:540} INFO - Filling up the DagBag from /home/wsl/airflow_venv/lib/python3.10/site-packages/airflow/example_dags/example_branch_python_dop_operator_3.py
[2024-06-06T15:56:41.740+0530] {processor.py:840} INFO - DAG(s) 'example_branch_dop_operator_v3' retrieved from /home/wsl/airflow_venv/lib/python3.10/site-packages/airflow/example_dags/example_branch_python_dop_operator_3.py
[2024-06-06T15:56:41.773+0530] {logging_mixin.py:188} INFO - [2024-06-06T15:56:41.772+0530] {dag.py:3096} INFO - Sync 1 DAGs
[2024-06-06T15:56:41.799+0530] {logging_mixin.py:188} INFO - [2024-06-06T15:56:41.799+0530] {dag.py:3954} INFO - Setting next_dagrun for example_branch_dop_operator_v3 to 2024-06-06 10:25:00+00:00, run_after=2024-06-06 10:26:00+00:00
[2024-06-06T15:56:41.826+0530] {processor.py:183} INFO - Processing /home/wsl/airflow_venv/lib/python3.10/site-packages/airflow/example_dags/example_branch_python_dop_operator_3.py took 0.119 seconds
[2024-06-06T15:58:09.757+0530] {processor.py:161} INFO - Started process (PID=37940) to work on /home/wsl/airflow_venv/lib/python3.10/site-packages/airflow/example_dags/example_branch_python_dop_operator_3.py
[2024-06-06T15:58:09.758+0530] {processor.py:830} INFO - Processing file /home/wsl/airflow_venv/lib/python3.10/site-packages/airflow/example_dags/example_branch_python_dop_operator_3.py for tasks to queue
[2024-06-06T15:58:09.759+0530] {logging_mixin.py:188} INFO - [2024-06-06T15:58:09.759+0530] {dagbag.py:540} INFO - Filling up the DagBag from /home/wsl/airflow_venv/lib/python3.10/site-packages/airflow/example_dags/example_branch_python_dop_operator_3.py
[2024-06-06T15:58:09.771+0530] {processor.py:840} INFO - DAG(s) 'example_branch_dop_operator_v3' retrieved from /home/wsl/airflow_venv/lib/python3.10/site-packages/airflow/example_dags/example_branch_python_dop_operator_3.py
[2024-06-06T15:58:09.791+0530] {logging_mixin.py:188} INFO - [2024-06-06T15:58:09.791+0530] {dag.py:3096} INFO - Sync 1 DAGs
[2024-06-06T15:58:09.823+0530] {logging_mixin.py:188} INFO - [2024-06-06T15:58:09.823+0530] {dag.py:3954} INFO - Setting next_dagrun for example_branch_dop_operator_v3 to 2024-06-06 10:27:00+00:00, run_after=2024-06-06 10:28:00+00:00
[2024-06-06T15:58:09.855+0530] {processor.py:183} INFO - Processing /home/wsl/airflow_venv/lib/python3.10/site-packages/airflow/example_dags/example_branch_python_dop_operator_3.py took 0.108 seconds
[2024-06-06T15:59:28.343+0530] {processor.py:161} INFO - Started process (PID=38469) to work on /home/wsl/airflow_venv/lib/python3.10/site-packages/airflow/example_dags/example_branch_python_dop_operator_3.py
[2024-06-06T15:59:28.345+0530] {processor.py:830} INFO - Processing file /home/wsl/airflow_venv/lib/python3.10/site-packages/airflow/example_dags/example_branch_python_dop_operator_3.py for tasks to queue
[2024-06-06T15:59:28.346+0530] {logging_mixin.py:188} INFO - [2024-06-06T15:59:28.346+0530] {dagbag.py:540} INFO - Filling up the DagBag from /home/wsl/airflow_venv/lib/python3.10/site-packages/airflow/example_dags/example_branch_python_dop_operator_3.py
[2024-06-06T15:59:28.357+0530] {processor.py:840} INFO - DAG(s) 'example_branch_dop_operator_v3' retrieved from /home/wsl/airflow_venv/lib/python3.10/site-packages/airflow/example_dags/example_branch_python_dop_operator_3.py
[2024-06-06T15:59:28.382+0530] {logging_mixin.py:188} INFO - [2024-06-06T15:59:28.380+0530] {dag.py:3096} INFO - Sync 1 DAGs
[2024-06-06T15:59:28.413+0530] {logging_mixin.py:188} INFO - [2024-06-06T15:59:28.413+0530] {dag.py:3954} INFO - Setting next_dagrun for example_branch_dop_operator_v3 to 2024-06-06 10:28:00+00:00, run_after=2024-06-06 10:29:00+00:00
[2024-06-06T15:59:28.442+0530] {processor.py:183} INFO - Processing /home/wsl/airflow_venv/lib/python3.10/site-packages/airflow/example_dags/example_branch_python_dop_operator_3.py took 0.108 seconds
[2024-06-06T16:06:36.213+0530] {processor.py:161} INFO - Started process (PID=41686) to work on /home/wsl/airflow_venv/lib/python3.10/site-packages/airflow/example_dags/example_branch_python_dop_operator_3.py
[2024-06-06T16:06:36.215+0530] {processor.py:830} INFO - Processing file /home/wsl/airflow_venv/lib/python3.10/site-packages/airflow/example_dags/example_branch_python_dop_operator_3.py for tasks to queue
[2024-06-06T16:06:36.216+0530] {logging_mixin.py:188} INFO - [2024-06-06T16:06:36.216+0530] {dagbag.py:540} INFO - Filling up the DagBag from /home/wsl/airflow_venv/lib/python3.10/site-packages/airflow/example_dags/example_branch_python_dop_operator_3.py
[2024-06-06T16:06:36.226+0530] {processor.py:840} INFO - DAG(s) 'example_branch_dop_operator_v3' retrieved from /home/wsl/airflow_venv/lib/python3.10/site-packages/airflow/example_dags/example_branch_python_dop_operator_3.py
[2024-06-06T16:06:36.492+0530] {logging_mixin.py:188} INFO - [2024-06-06T16:06:36.491+0530] {dag.py:3096} INFO - Sync 1 DAGs
[2024-06-06T16:06:36.524+0530] {logging_mixin.py:188} INFO - [2024-06-06T16:06:36.523+0530] {dag.py:3954} INFO - Setting next_dagrun for example_branch_dop_operator_v3 to 2024-06-06 10:35:00+00:00, run_after=2024-06-06 10:36:00+00:00
[2024-06-06T16:06:36.575+0530] {processor.py:183} INFO - Processing /home/wsl/airflow_venv/lib/python3.10/site-packages/airflow/example_dags/example_branch_python_dop_operator_3.py took 0.381 seconds
[2024-06-06T16:08:31.067+0530] {processor.py:161} INFO - Started process (PID=42857) to work on /home/wsl/airflow_venv/lib/python3.10/site-packages/airflow/example_dags/example_branch_python_dop_operator_3.py
[2024-06-06T16:08:31.075+0530] {processor.py:830} INFO - Processing file /home/wsl/airflow_venv/lib/python3.10/site-packages/airflow/example_dags/example_branch_python_dop_operator_3.py for tasks to queue
[2024-06-06T16:08:31.078+0530] {logging_mixin.py:188} INFO - [2024-06-06T16:08:31.077+0530] {dagbag.py:540} INFO - Filling up the DagBag from /home/wsl/airflow_venv/lib/python3.10/site-packages/airflow/example_dags/example_branch_python_dop_operator_3.py
[2024-06-06T16:08:31.118+0530] {processor.py:840} INFO - DAG(s) 'example_branch_dop_operator_v3' retrieved from /home/wsl/airflow_venv/lib/python3.10/site-packages/airflow/example_dags/example_branch_python_dop_operator_3.py
[2024-06-06T16:08:31.160+0530] {logging_mixin.py:188} INFO - [2024-06-06T16:08:31.160+0530] {dag.py:3096} INFO - Sync 1 DAGs
[2024-06-06T16:08:31.204+0530] {logging_mixin.py:188} INFO - [2024-06-06T16:08:31.204+0530] {dag.py:3954} INFO - Setting next_dagrun for example_branch_dop_operator_v3 to 2024-06-06 10:37:00+00:00, run_after=2024-06-06 10:38:00+00:00
[2024-06-06T16:08:31.240+0530] {processor.py:183} INFO - Processing /home/wsl/airflow_venv/lib/python3.10/site-packages/airflow/example_dags/example_branch_python_dop_operator_3.py took 0.190 seconds
[2024-06-06T16:10:21.342+0530] {processor.py:161} INFO - Started process (PID=43887) to work on /home/wsl/airflow_venv/lib/python3.10/site-packages/airflow/example_dags/example_branch_python_dop_operator_3.py
[2024-06-06T16:10:21.344+0530] {processor.py:830} INFO - Processing file /home/wsl/airflow_venv/lib/python3.10/site-packages/airflow/example_dags/example_branch_python_dop_operator_3.py for tasks to queue
[2024-06-06T16:10:21.346+0530] {logging_mixin.py:188} INFO - [2024-06-06T16:10:21.345+0530] {dagbag.py:540} INFO - Filling up the DagBag from /home/wsl/airflow_venv/lib/python3.10/site-packages/airflow/example_dags/example_branch_python_dop_operator_3.py
[2024-06-06T16:10:21.358+0530] {processor.py:840} INFO - DAG(s) 'example_branch_dop_operator_v3' retrieved from /home/wsl/airflow_venv/lib/python3.10/site-packages/airflow/example_dags/example_branch_python_dop_operator_3.py
[2024-06-06T16:10:21.378+0530] {logging_mixin.py:188} INFO - [2024-06-06T16:10:21.378+0530] {dag.py:3096} INFO - Sync 1 DAGs
[2024-06-06T16:10:21.401+0530] {logging_mixin.py:188} INFO - [2024-06-06T16:10:21.401+0530] {dag.py:3954} INFO - Setting next_dagrun for example_branch_dop_operator_v3 to 2024-06-06 10:39:00+00:00, run_after=2024-06-06 10:40:00+00:00
[2024-06-06T16:10:21.425+0530] {processor.py:183} INFO - Processing /home/wsl/airflow_venv/lib/python3.10/site-packages/airflow/example_dags/example_branch_python_dop_operator_3.py took 0.092 seconds
[2024-06-06T16:11:54.354+0530] {processor.py:161} INFO - Started process (PID=45020) to work on /home/wsl/airflow_venv/lib/python3.10/site-packages/airflow/example_dags/example_branch_python_dop_operator_3.py
[2024-06-06T16:11:54.356+0530] {processor.py:830} INFO - Processing file /home/wsl/airflow_venv/lib/python3.10/site-packages/airflow/example_dags/example_branch_python_dop_operator_3.py for tasks to queue
[2024-06-06T16:11:54.357+0530] {logging_mixin.py:188} INFO - [2024-06-06T16:11:54.356+0530] {dagbag.py:540} INFO - Filling up the DagBag from /home/wsl/airflow_venv/lib/python3.10/site-packages/airflow/example_dags/example_branch_python_dop_operator_3.py
[2024-06-06T16:11:54.367+0530] {processor.py:840} INFO - DAG(s) 'example_branch_dop_operator_v3' retrieved from /home/wsl/airflow_venv/lib/python3.10/site-packages/airflow/example_dags/example_branch_python_dop_operator_3.py
[2024-06-06T16:11:54.389+0530] {logging_mixin.py:188} INFO - [2024-06-06T16:11:54.389+0530] {dag.py:3096} INFO - Sync 1 DAGs
[2024-06-06T16:11:54.412+0530] {logging_mixin.py:188} INFO - [2024-06-06T16:11:54.411+0530] {dag.py:3954} INFO - Setting next_dagrun for example_branch_dop_operator_v3 to 2024-06-06 10:40:00+00:00, run_after=2024-06-06 10:41:00+00:00
[2024-06-06T16:11:54.438+0530] {processor.py:183} INFO - Processing /home/wsl/airflow_venv/lib/python3.10/site-packages/airflow/example_dags/example_branch_python_dop_operator_3.py took 0.092 seconds
[2024-06-06T16:14:44.498+0530] {processor.py:161} INFO - Started process (PID=46952) to work on /home/wsl/airflow_venv/lib/python3.10/site-packages/airflow/example_dags/example_branch_python_dop_operator_3.py
[2024-06-06T16:14:44.501+0530] {processor.py:830} INFO - Processing file /home/wsl/airflow_venv/lib/python3.10/site-packages/airflow/example_dags/example_branch_python_dop_operator_3.py for tasks to queue
[2024-06-06T16:14:44.502+0530] {logging_mixin.py:188} INFO - [2024-06-06T16:14:44.502+0530] {dagbag.py:540} INFO - Filling up the DagBag from /home/wsl/airflow_venv/lib/python3.10/site-packages/airflow/example_dags/example_branch_python_dop_operator_3.py
[2024-06-06T16:14:44.515+0530] {processor.py:840} INFO - DAG(s) 'example_branch_dop_operator_v3' retrieved from /home/wsl/airflow_venv/lib/python3.10/site-packages/airflow/example_dags/example_branch_python_dop_operator_3.py
[2024-06-06T16:14:44.532+0530] {logging_mixin.py:188} INFO - [2024-06-06T16:14:44.532+0530] {dag.py:3096} INFO - Sync 1 DAGs
[2024-06-06T16:14:44.555+0530] {logging_mixin.py:188} INFO - [2024-06-06T16:14:44.554+0530] {dag.py:3954} INFO - Setting next_dagrun for example_branch_dop_operator_v3 to 2024-06-06 10:43:00+00:00, run_after=2024-06-06 10:44:00+00:00
[2024-06-06T16:14:44.779+0530] {processor.py:183} INFO - Processing /home/wsl/airflow_venv/lib/python3.10/site-packages/airflow/example_dags/example_branch_python_dop_operator_3.py took 0.295 seconds
[2024-06-06T16:26:21.672+0530] {processor.py:161} INFO - Started process (PID=52125) to work on /home/wsl/airflow_venv/lib/python3.10/site-packages/airflow/example_dags/example_branch_python_dop_operator_3.py
[2024-06-06T16:26:21.678+0530] {processor.py:830} INFO - Processing file /home/wsl/airflow_venv/lib/python3.10/site-packages/airflow/example_dags/example_branch_python_dop_operator_3.py for tasks to queue
[2024-06-06T16:26:21.679+0530] {logging_mixin.py:188} INFO - [2024-06-06T16:26:21.679+0530] {dagbag.py:540} INFO - Filling up the DagBag from /home/wsl/airflow_venv/lib/python3.10/site-packages/airflow/example_dags/example_branch_python_dop_operator_3.py
[2024-06-06T16:26:21.702+0530] {processor.py:840} INFO - DAG(s) 'example_branch_dop_operator_v3' retrieved from /home/wsl/airflow_venv/lib/python3.10/site-packages/airflow/example_dags/example_branch_python_dop_operator_3.py
[2024-06-06T16:26:21.873+0530] {logging_mixin.py:188} INFO - [2024-06-06T16:26:21.872+0530] {dag.py:3096} INFO - Sync 1 DAGs
[2024-06-06T16:26:21.907+0530] {logging_mixin.py:188} INFO - [2024-06-06T16:26:21.906+0530] {dag.py:3954} INFO - Setting next_dagrun for example_branch_dop_operator_v3 to 2024-06-06 10:55:00+00:00, run_after=2024-06-06 10:56:00+00:00
[2024-06-06T16:26:21.939+0530] {processor.py:183} INFO - Processing /home/wsl/airflow_venv/lib/python3.10/site-packages/airflow/example_dags/example_branch_python_dop_operator_3.py took 0.283 seconds
[2024-06-06T16:29:20.808+0530] {processor.py:161} INFO - Started process (PID=53961) to work on /home/wsl/airflow_venv/lib/python3.10/site-packages/airflow/example_dags/example_branch_python_dop_operator_3.py
[2024-06-06T16:29:20.816+0530] {processor.py:830} INFO - Processing file /home/wsl/airflow_venv/lib/python3.10/site-packages/airflow/example_dags/example_branch_python_dop_operator_3.py for tasks to queue
[2024-06-06T16:29:20.818+0530] {logging_mixin.py:188} INFO - [2024-06-06T16:29:20.817+0530] {dagbag.py:540} INFO - Filling up the DagBag from /home/wsl/airflow_venv/lib/python3.10/site-packages/airflow/example_dags/example_branch_python_dop_operator_3.py
[2024-06-06T16:29:20.832+0530] {processor.py:840} INFO - DAG(s) 'example_branch_dop_operator_v3' retrieved from /home/wsl/airflow_venv/lib/python3.10/site-packages/airflow/example_dags/example_branch_python_dop_operator_3.py
[2024-06-06T16:29:20.854+0530] {logging_mixin.py:188} INFO - [2024-06-06T16:29:20.853+0530] {dag.py:3096} INFO - Sync 1 DAGs
[2024-06-06T16:29:20.915+0530] {logging_mixin.py:188} INFO - [2024-06-06T16:29:20.914+0530] {dag.py:3954} INFO - Setting next_dagrun for example_branch_dop_operator_v3 to 2024-06-06 10:58:00+00:00, run_after=2024-06-06 10:59:00+00:00
[2024-06-06T16:29:21.151+0530] {processor.py:183} INFO - Processing /home/wsl/airflow_venv/lib/python3.10/site-packages/airflow/example_dags/example_branch_python_dop_operator_3.py took 0.353 seconds
[2024-06-06T16:31:54.187+0530] {processor.py:161} INFO - Started process (PID=55681) to work on /home/wsl/airflow_venv/lib/python3.10/site-packages/airflow/example_dags/example_branch_python_dop_operator_3.py
[2024-06-06T16:31:54.198+0530] {processor.py:830} INFO - Processing file /home/wsl/airflow_venv/lib/python3.10/site-packages/airflow/example_dags/example_branch_python_dop_operator_3.py for tasks to queue
[2024-06-06T16:31:54.200+0530] {logging_mixin.py:188} INFO - [2024-06-06T16:31:54.199+0530] {dagbag.py:540} INFO - Filling up the DagBag from /home/wsl/airflow_venv/lib/python3.10/site-packages/airflow/example_dags/example_branch_python_dop_operator_3.py
[2024-06-06T16:31:54.218+0530] {processor.py:840} INFO - DAG(s) 'example_branch_dop_operator_v3' retrieved from /home/wsl/airflow_venv/lib/python3.10/site-packages/airflow/example_dags/example_branch_python_dop_operator_3.py
[2024-06-06T16:31:54.245+0530] {logging_mixin.py:188} INFO - [2024-06-06T16:31:54.244+0530] {dag.py:3096} INFO - Sync 1 DAGs
[2024-06-06T16:31:54.274+0530] {logging_mixin.py:188} INFO - [2024-06-06T16:31:54.273+0530] {dag.py:3954} INFO - Setting next_dagrun for example_branch_dop_operator_v3 to 2024-06-06 11:00:00+00:00, run_after=2024-06-06 11:01:00+00:00
[2024-06-06T16:31:54.762+0530] {processor.py:183} INFO - Processing /home/wsl/airflow_venv/lib/python3.10/site-packages/airflow/example_dags/example_branch_python_dop_operator_3.py took 0.582 seconds
[2024-06-06T16:33:48.455+0530] {processor.py:161} INFO - Started process (PID=57039) to work on /home/wsl/airflow_venv/lib/python3.10/site-packages/airflow/example_dags/example_branch_python_dop_operator_3.py
[2024-06-06T16:33:48.457+0530] {processor.py:830} INFO - Processing file /home/wsl/airflow_venv/lib/python3.10/site-packages/airflow/example_dags/example_branch_python_dop_operator_3.py for tasks to queue
[2024-06-06T16:33:48.458+0530] {logging_mixin.py:188} INFO - [2024-06-06T16:33:48.458+0530] {dagbag.py:540} INFO - Filling up the DagBag from /home/wsl/airflow_venv/lib/python3.10/site-packages/airflow/example_dags/example_branch_python_dop_operator_3.py
[2024-06-06T16:33:48.468+0530] {processor.py:840} INFO - DAG(s) 'example_branch_dop_operator_v3' retrieved from /home/wsl/airflow_venv/lib/python3.10/site-packages/airflow/example_dags/example_branch_python_dop_operator_3.py
[2024-06-06T16:33:48.486+0530] {logging_mixin.py:188} INFO - [2024-06-06T16:33:48.485+0530] {dag.py:3096} INFO - Sync 1 DAGs
[2024-06-06T16:33:48.510+0530] {logging_mixin.py:188} INFO - [2024-06-06T16:33:48.510+0530] {dag.py:3954} INFO - Setting next_dagrun for example_branch_dop_operator_v3 to 2024-06-06 11:02:00+00:00, run_after=2024-06-06 11:03:00+00:00
[2024-06-06T16:33:48.540+0530] {processor.py:183} INFO - Processing /home/wsl/airflow_venv/lib/python3.10/site-packages/airflow/example_dags/example_branch_python_dop_operator_3.py took 0.093 seconds
[2024-06-06T16:36:02.687+0530] {processor.py:161} INFO - Started process (PID=58488) to work on /home/wsl/airflow_venv/lib/python3.10/site-packages/airflow/example_dags/example_branch_python_dop_operator_3.py
[2024-06-06T16:36:02.688+0530] {processor.py:830} INFO - Processing file /home/wsl/airflow_venv/lib/python3.10/site-packages/airflow/example_dags/example_branch_python_dop_operator_3.py for tasks to queue
[2024-06-06T16:36:02.690+0530] {logging_mixin.py:188} INFO - [2024-06-06T16:36:02.689+0530] {dagbag.py:540} INFO - Filling up the DagBag from /home/wsl/airflow_venv/lib/python3.10/site-packages/airflow/example_dags/example_branch_python_dop_operator_3.py
[2024-06-06T16:36:02.700+0530] {processor.py:840} INFO - DAG(s) 'example_branch_dop_operator_v3' retrieved from /home/wsl/airflow_venv/lib/python3.10/site-packages/airflow/example_dags/example_branch_python_dop_operator_3.py
[2024-06-06T16:36:02.717+0530] {logging_mixin.py:188} INFO - [2024-06-06T16:36:02.717+0530] {dag.py:3096} INFO - Sync 1 DAGs
[2024-06-06T16:36:02.741+0530] {logging_mixin.py:188} INFO - [2024-06-06T16:36:02.740+0530] {dag.py:3954} INFO - Setting next_dagrun for example_branch_dop_operator_v3 to 2024-06-06 11:05:00+00:00, run_after=2024-06-06 11:06:00+00:00
[2024-06-06T16:36:02.768+0530] {processor.py:183} INFO - Processing /home/wsl/airflow_venv/lib/python3.10/site-packages/airflow/example_dags/example_branch_python_dop_operator_3.py took 0.091 seconds
[2024-06-06T16:38:32.967+0530] {processor.py:161} INFO - Started process (PID=59992) to work on /home/wsl/airflow_venv/lib/python3.10/site-packages/airflow/example_dags/example_branch_python_dop_operator_3.py
[2024-06-06T16:38:32.969+0530] {processor.py:830} INFO - Processing file /home/wsl/airflow_venv/lib/python3.10/site-packages/airflow/example_dags/example_branch_python_dop_operator_3.py for tasks to queue
[2024-06-06T16:38:32.971+0530] {logging_mixin.py:188} INFO - [2024-06-06T16:38:32.970+0530] {dagbag.py:540} INFO - Filling up the DagBag from /home/wsl/airflow_venv/lib/python3.10/site-packages/airflow/example_dags/example_branch_python_dop_operator_3.py
[2024-06-06T16:38:32.989+0530] {processor.py:840} INFO - DAG(s) 'example_branch_dop_operator_v3' retrieved from /home/wsl/airflow_venv/lib/python3.10/site-packages/airflow/example_dags/example_branch_python_dop_operator_3.py
[2024-06-06T16:38:33.007+0530] {logging_mixin.py:188} INFO - [2024-06-06T16:38:33.007+0530] {dag.py:3096} INFO - Sync 1 DAGs
[2024-06-06T16:38:33.030+0530] {logging_mixin.py:188} INFO - [2024-06-06T16:38:33.030+0530] {dag.py:3954} INFO - Setting next_dagrun for example_branch_dop_operator_v3 to 2024-06-06 11:07:00+00:00, run_after=2024-06-06 11:08:00+00:00
[2024-06-06T16:38:33.058+0530] {processor.py:183} INFO - Processing /home/wsl/airflow_venv/lib/python3.10/site-packages/airflow/example_dags/example_branch_python_dop_operator_3.py took 0.102 seconds
[2024-06-06T16:40:41.903+0530] {processor.py:161} INFO - Started process (PID=61601) to work on /home/wsl/airflow_venv/lib/python3.10/site-packages/airflow/example_dags/example_branch_python_dop_operator_3.py
[2024-06-06T16:40:41.905+0530] {processor.py:830} INFO - Processing file /home/wsl/airflow_venv/lib/python3.10/site-packages/airflow/example_dags/example_branch_python_dop_operator_3.py for tasks to queue
[2024-06-06T16:40:41.906+0530] {logging_mixin.py:188} INFO - [2024-06-06T16:40:41.906+0530] {dagbag.py:540} INFO - Filling up the DagBag from /home/wsl/airflow_venv/lib/python3.10/site-packages/airflow/example_dags/example_branch_python_dop_operator_3.py
[2024-06-06T16:40:41.915+0530] {processor.py:840} INFO - DAG(s) 'example_branch_dop_operator_v3' retrieved from /home/wsl/airflow_venv/lib/python3.10/site-packages/airflow/example_dags/example_branch_python_dop_operator_3.py
[2024-06-06T16:40:41.932+0530] {logging_mixin.py:188} INFO - [2024-06-06T16:40:41.932+0530] {dag.py:3096} INFO - Sync 1 DAGs
[2024-06-06T16:40:41.954+0530] {logging_mixin.py:188} INFO - [2024-06-06T16:40:41.954+0530] {dag.py:3954} INFO - Setting next_dagrun for example_branch_dop_operator_v3 to 2024-06-06 11:09:00+00:00, run_after=2024-06-06 11:10:00+00:00
[2024-06-06T16:40:41.979+0530] {processor.py:183} INFO - Processing /home/wsl/airflow_venv/lib/python3.10/site-packages/airflow/example_dags/example_branch_python_dop_operator_3.py took 0.090 seconds
[2024-06-06T16:42:38.615+0530] {processor.py:161} INFO - Started process (PID=62476) to work on /home/wsl/airflow_venv/lib/python3.10/site-packages/airflow/example_dags/example_branch_python_dop_operator_3.py
[2024-06-06T16:42:38.617+0530] {processor.py:830} INFO - Processing file /home/wsl/airflow_venv/lib/python3.10/site-packages/airflow/example_dags/example_branch_python_dop_operator_3.py for tasks to queue
[2024-06-06T16:42:38.618+0530] {logging_mixin.py:188} INFO - [2024-06-06T16:42:38.618+0530] {dagbag.py:540} INFO - Filling up the DagBag from /home/wsl/airflow_venv/lib/python3.10/site-packages/airflow/example_dags/example_branch_python_dop_operator_3.py
[2024-06-06T16:42:38.632+0530] {processor.py:840} INFO - DAG(s) 'example_branch_dop_operator_v3' retrieved from /home/wsl/airflow_venv/lib/python3.10/site-packages/airflow/example_dags/example_branch_python_dop_operator_3.py
[2024-06-06T16:42:38.655+0530] {logging_mixin.py:188} INFO - [2024-06-06T16:42:38.655+0530] {dag.py:3096} INFO - Sync 1 DAGs
[2024-06-06T16:42:38.687+0530] {logging_mixin.py:188} INFO - [2024-06-06T16:42:38.687+0530] {dag.py:3954} INFO - Setting next_dagrun for example_branch_dop_operator_v3 to 2024-06-06 11:11:00+00:00, run_after=2024-06-06 11:12:00+00:00
[2024-06-06T16:42:38.726+0530] {processor.py:183} INFO - Processing /home/wsl/airflow_venv/lib/python3.10/site-packages/airflow/example_dags/example_branch_python_dop_operator_3.py took 0.122 seconds
[2024-06-06T16:44:52.759+0530] {processor.py:161} INFO - Started process (PID=64106) to work on /home/wsl/airflow_venv/lib/python3.10/site-packages/airflow/example_dags/example_branch_python_dop_operator_3.py
[2024-06-06T16:44:52.762+0530] {processor.py:830} INFO - Processing file /home/wsl/airflow_venv/lib/python3.10/site-packages/airflow/example_dags/example_branch_python_dop_operator_3.py for tasks to queue
[2024-06-06T16:44:52.764+0530] {logging_mixin.py:188} INFO - [2024-06-06T16:44:52.763+0530] {dagbag.py:540} INFO - Filling up the DagBag from /home/wsl/airflow_venv/lib/python3.10/site-packages/airflow/example_dags/example_branch_python_dop_operator_3.py
[2024-06-06T16:44:52.776+0530] {processor.py:840} INFO - DAG(s) 'example_branch_dop_operator_v3' retrieved from /home/wsl/airflow_venv/lib/python3.10/site-packages/airflow/example_dags/example_branch_python_dop_operator_3.py
[2024-06-06T16:44:52.794+0530] {logging_mixin.py:188} INFO - [2024-06-06T16:44:52.794+0530] {dag.py:3096} INFO - Sync 1 DAGs
[2024-06-06T16:44:52.816+0530] {logging_mixin.py:188} INFO - [2024-06-06T16:44:52.816+0530] {dag.py:3954} INFO - Setting next_dagrun for example_branch_dop_operator_v3 to 2024-06-06 11:13:00+00:00, run_after=2024-06-06 11:14:00+00:00
[2024-06-06T16:44:52.844+0530] {processor.py:183} INFO - Processing /home/wsl/airflow_venv/lib/python3.10/site-packages/airflow/example_dags/example_branch_python_dop_operator_3.py took 0.097 seconds
[2024-06-06T16:47:29.078+0530] {processor.py:161} INFO - Started process (PID=65989) to work on /home/wsl/airflow_venv/lib/python3.10/site-packages/airflow/example_dags/example_branch_python_dop_operator_3.py
[2024-06-06T16:47:29.137+0530] {processor.py:830} INFO - Processing file /home/wsl/airflow_venv/lib/python3.10/site-packages/airflow/example_dags/example_branch_python_dop_operator_3.py for tasks to queue
[2024-06-06T16:47:29.140+0530] {logging_mixin.py:188} INFO - [2024-06-06T16:47:29.139+0530] {dagbag.py:540} INFO - Filling up the DagBag from /home/wsl/airflow_venv/lib/python3.10/site-packages/airflow/example_dags/example_branch_python_dop_operator_3.py
[2024-06-06T16:47:29.167+0530] {processor.py:840} INFO - DAG(s) 'example_branch_dop_operator_v3' retrieved from /home/wsl/airflow_venv/lib/python3.10/site-packages/airflow/example_dags/example_branch_python_dop_operator_3.py
[2024-06-06T16:47:29.213+0530] {logging_mixin.py:188} INFO - [2024-06-06T16:47:29.213+0530] {dag.py:3096} INFO - Sync 1 DAGs
[2024-06-06T16:47:29.255+0530] {logging_mixin.py:188} INFO - [2024-06-06T16:47:29.254+0530] {dag.py:3954} INFO - Setting next_dagrun for example_branch_dop_operator_v3 to 2024-06-06 11:16:00+00:00, run_after=2024-06-06 11:17:00+00:00
[2024-06-06T16:47:29.282+0530] {processor.py:183} INFO - Processing /home/wsl/airflow_venv/lib/python3.10/site-packages/airflow/example_dags/example_branch_python_dop_operator_3.py took 0.212 seconds
[2024-06-06T16:49:59.875+0530] {processor.py:161} INFO - Started process (PID=67656) to work on /home/wsl/airflow_venv/lib/python3.10/site-packages/airflow/example_dags/example_branch_python_dop_operator_3.py
[2024-06-06T16:49:59.877+0530] {processor.py:830} INFO - Processing file /home/wsl/airflow_venv/lib/python3.10/site-packages/airflow/example_dags/example_branch_python_dop_operator_3.py for tasks to queue
[2024-06-06T16:49:59.882+0530] {logging_mixin.py:188} INFO - [2024-06-06T16:49:59.879+0530] {dagbag.py:540} INFO - Filling up the DagBag from /home/wsl/airflow_venv/lib/python3.10/site-packages/airflow/example_dags/example_branch_python_dop_operator_3.py
[2024-06-06T16:49:59.903+0530] {processor.py:840} INFO - DAG(s) 'example_branch_dop_operator_v3' retrieved from /home/wsl/airflow_venv/lib/python3.10/site-packages/airflow/example_dags/example_branch_python_dop_operator_3.py
[2024-06-06T16:49:59.932+0530] {logging_mixin.py:188} INFO - [2024-06-06T16:49:59.932+0530] {dag.py:3096} INFO - Sync 1 DAGs
[2024-06-06T16:49:59.974+0530] {logging_mixin.py:188} INFO - [2024-06-06T16:49:59.973+0530] {dag.py:3954} INFO - Setting next_dagrun for example_branch_dop_operator_v3 to 2024-06-06 11:18:00+00:00, run_after=2024-06-06 11:19:00+00:00
[2024-06-06T16:50:00.020+0530] {processor.py:183} INFO - Processing /home/wsl/airflow_venv/lib/python3.10/site-packages/airflow/example_dags/example_branch_python_dop_operator_3.py took 0.154 seconds
[2024-06-06T16:52:51.277+0530] {processor.py:161} INFO - Started process (PID=69332) to work on /home/wsl/airflow_venv/lib/python3.10/site-packages/airflow/example_dags/example_branch_python_dop_operator_3.py
[2024-06-06T16:52:51.285+0530] {processor.py:830} INFO - Processing file /home/wsl/airflow_venv/lib/python3.10/site-packages/airflow/example_dags/example_branch_python_dop_operator_3.py for tasks to queue
[2024-06-06T16:52:51.287+0530] {logging_mixin.py:188} INFO - [2024-06-06T16:52:51.286+0530] {dagbag.py:540} INFO - Filling up the DagBag from /home/wsl/airflow_venv/lib/python3.10/site-packages/airflow/example_dags/example_branch_python_dop_operator_3.py
[2024-06-06T16:52:51.304+0530] {processor.py:840} INFO - DAG(s) 'example_branch_dop_operator_v3' retrieved from /home/wsl/airflow_venv/lib/python3.10/site-packages/airflow/example_dags/example_branch_python_dop_operator_3.py
[2024-06-06T16:52:51.338+0530] {logging_mixin.py:188} INFO - [2024-06-06T16:52:51.337+0530] {dag.py:3096} INFO - Sync 1 DAGs
[2024-06-06T16:52:51.367+0530] {logging_mixin.py:188} INFO - [2024-06-06T16:52:51.367+0530] {dag.py:3954} INFO - Setting next_dagrun for example_branch_dop_operator_v3 to 2024-06-06 11:21:00+00:00, run_after=2024-06-06 11:22:00+00:00
[2024-06-06T16:52:51.396+0530] {processor.py:183} INFO - Processing /home/wsl/airflow_venv/lib/python3.10/site-packages/airflow/example_dags/example_branch_python_dop_operator_3.py took 0.133 seconds
[2024-06-06T16:55:16.821+0530] {processor.py:161} INFO - Started process (PID=71093) to work on /home/wsl/airflow_venv/lib/python3.10/site-packages/airflow/example_dags/example_branch_python_dop_operator_3.py
[2024-06-06T16:55:16.823+0530] {processor.py:830} INFO - Processing file /home/wsl/airflow_venv/lib/python3.10/site-packages/airflow/example_dags/example_branch_python_dop_operator_3.py for tasks to queue
[2024-06-06T16:55:16.824+0530] {logging_mixin.py:188} INFO - [2024-06-06T16:55:16.824+0530] {dagbag.py:540} INFO - Filling up the DagBag from /home/wsl/airflow_venv/lib/python3.10/site-packages/airflow/example_dags/example_branch_python_dop_operator_3.py
[2024-06-06T16:55:16.834+0530] {processor.py:840} INFO - DAG(s) 'example_branch_dop_operator_v3' retrieved from /home/wsl/airflow_venv/lib/python3.10/site-packages/airflow/example_dags/example_branch_python_dop_operator_3.py
[2024-06-06T16:55:16.852+0530] {logging_mixin.py:188} INFO - [2024-06-06T16:55:16.852+0530] {dag.py:3096} INFO - Sync 1 DAGs
[2024-06-06T16:55:16.876+0530] {logging_mixin.py:188} INFO - [2024-06-06T16:55:16.876+0530] {dag.py:3954} INFO - Setting next_dagrun for example_branch_dop_operator_v3 to 2024-06-06 11:24:00+00:00, run_after=2024-06-06 11:25:00+00:00
[2024-06-06T16:55:16.903+0530] {processor.py:183} INFO - Processing /home/wsl/airflow_venv/lib/python3.10/site-packages/airflow/example_dags/example_branch_python_dop_operator_3.py took 0.102 seconds
[2024-06-06T16:57:10.870+0530] {processor.py:161} INFO - Started process (PID=72523) to work on /home/wsl/airflow_venv/lib/python3.10/site-packages/airflow/example_dags/example_branch_python_dop_operator_3.py
[2024-06-06T16:57:10.873+0530] {processor.py:830} INFO - Processing file /home/wsl/airflow_venv/lib/python3.10/site-packages/airflow/example_dags/example_branch_python_dop_operator_3.py for tasks to queue
[2024-06-06T16:57:10.874+0530] {logging_mixin.py:188} INFO - [2024-06-06T16:57:10.874+0530] {dagbag.py:540} INFO - Filling up the DagBag from /home/wsl/airflow_venv/lib/python3.10/site-packages/airflow/example_dags/example_branch_python_dop_operator_3.py
[2024-06-06T16:57:10.891+0530] {processor.py:840} INFO - DAG(s) 'example_branch_dop_operator_v3' retrieved from /home/wsl/airflow_venv/lib/python3.10/site-packages/airflow/example_dags/example_branch_python_dop_operator_3.py
[2024-06-06T16:57:10.908+0530] {logging_mixin.py:188} INFO - [2024-06-06T16:57:10.908+0530] {dag.py:3096} INFO - Sync 1 DAGs
[2024-06-06T16:57:10.931+0530] {logging_mixin.py:188} INFO - [2024-06-06T16:57:10.931+0530] {dag.py:3954} INFO - Setting next_dagrun for example_branch_dop_operator_v3 to 2024-06-06 11:26:00+00:00, run_after=2024-06-06 11:27:00+00:00
[2024-06-06T16:57:10.960+0530] {processor.py:183} INFO - Processing /home/wsl/airflow_venv/lib/python3.10/site-packages/airflow/example_dags/example_branch_python_dop_operator_3.py took 0.102 seconds
[2024-06-06T16:59:44.840+0530] {processor.py:161} INFO - Started process (PID=74313) to work on /home/wsl/airflow_venv/lib/python3.10/site-packages/airflow/example_dags/example_branch_python_dop_operator_3.py
[2024-06-06T16:59:44.843+0530] {processor.py:830} INFO - Processing file /home/wsl/airflow_venv/lib/python3.10/site-packages/airflow/example_dags/example_branch_python_dop_operator_3.py for tasks to queue
[2024-06-06T16:59:44.845+0530] {logging_mixin.py:188} INFO - [2024-06-06T16:59:44.845+0530] {dagbag.py:540} INFO - Filling up the DagBag from /home/wsl/airflow_venv/lib/python3.10/site-packages/airflow/example_dags/example_branch_python_dop_operator_3.py
[2024-06-06T16:59:44.866+0530] {processor.py:840} INFO - DAG(s) 'example_branch_dop_operator_v3' retrieved from /home/wsl/airflow_venv/lib/python3.10/site-packages/airflow/example_dags/example_branch_python_dop_operator_3.py
[2024-06-06T16:59:44.906+0530] {logging_mixin.py:188} INFO - [2024-06-06T16:59:44.906+0530] {dag.py:3096} INFO - Sync 1 DAGs
[2024-06-06T16:59:44.930+0530] {logging_mixin.py:188} INFO - [2024-06-06T16:59:44.930+0530] {dag.py:3954} INFO - Setting next_dagrun for example_branch_dop_operator_v3 to 2024-06-06 11:28:00+00:00, run_after=2024-06-06 11:29:00+00:00
[2024-06-06T16:59:44.961+0530] {processor.py:183} INFO - Processing /home/wsl/airflow_venv/lib/python3.10/site-packages/airflow/example_dags/example_branch_python_dop_operator_3.py took 0.135 seconds
[2024-06-06T17:01:49.729+0530] {processor.py:161} INFO - Started process (PID=75974) to work on /home/wsl/airflow_venv/lib/python3.10/site-packages/airflow/example_dags/example_branch_python_dop_operator_3.py
[2024-06-06T17:01:49.732+0530] {processor.py:830} INFO - Processing file /home/wsl/airflow_venv/lib/python3.10/site-packages/airflow/example_dags/example_branch_python_dop_operator_3.py for tasks to queue
[2024-06-06T17:01:49.733+0530] {logging_mixin.py:188} INFO - [2024-06-06T17:01:49.733+0530] {dagbag.py:540} INFO - Filling up the DagBag from /home/wsl/airflow_venv/lib/python3.10/site-packages/airflow/example_dags/example_branch_python_dop_operator_3.py
[2024-06-06T17:01:49.745+0530] {processor.py:840} INFO - DAG(s) 'example_branch_dop_operator_v3' retrieved from /home/wsl/airflow_venv/lib/python3.10/site-packages/airflow/example_dags/example_branch_python_dop_operator_3.py
[2024-06-06T17:01:49.763+0530] {logging_mixin.py:188} INFO - [2024-06-06T17:01:49.762+0530] {dag.py:3096} INFO - Sync 1 DAGs
[2024-06-06T17:01:49.785+0530] {logging_mixin.py:188} INFO - [2024-06-06T17:01:49.785+0530] {dag.py:3954} INFO - Setting next_dagrun for example_branch_dop_operator_v3 to 2024-06-06 11:30:00+00:00, run_after=2024-06-06 11:31:00+00:00
[2024-06-06T17:01:49.813+0530] {processor.py:183} INFO - Processing /home/wsl/airflow_venv/lib/python3.10/site-packages/airflow/example_dags/example_branch_python_dop_operator_3.py took 0.093 seconds
[2024-06-06T17:03:51.151+0530] {processor.py:161} INFO - Started process (PID=77501) to work on /home/wsl/airflow_venv/lib/python3.10/site-packages/airflow/example_dags/example_branch_python_dop_operator_3.py
[2024-06-06T17:03:51.195+0530] {processor.py:830} INFO - Processing file /home/wsl/airflow_venv/lib/python3.10/site-packages/airflow/example_dags/example_branch_python_dop_operator_3.py for tasks to queue
[2024-06-06T17:03:51.196+0530] {logging_mixin.py:188} INFO - [2024-06-06T17:03:51.196+0530] {dagbag.py:540} INFO - Filling up the DagBag from /home/wsl/airflow_venv/lib/python3.10/site-packages/airflow/example_dags/example_branch_python_dop_operator_3.py
[2024-06-06T17:03:51.206+0530] {processor.py:840} INFO - DAG(s) 'example_branch_dop_operator_v3' retrieved from /home/wsl/airflow_venv/lib/python3.10/site-packages/airflow/example_dags/example_branch_python_dop_operator_3.py
[2024-06-06T17:03:51.223+0530] {logging_mixin.py:188} INFO - [2024-06-06T17:03:51.223+0530] {dag.py:3096} INFO - Sync 1 DAGs
[2024-06-06T17:03:51.245+0530] {logging_mixin.py:188} INFO - [2024-06-06T17:03:51.245+0530] {dag.py:3954} INFO - Setting next_dagrun for example_branch_dop_operator_v3 to 2024-06-06 11:32:00+00:00, run_after=2024-06-06 11:33:00+00:00
[2024-06-06T17:03:51.272+0530] {processor.py:183} INFO - Processing /home/wsl/airflow_venv/lib/python3.10/site-packages/airflow/example_dags/example_branch_python_dop_operator_3.py took 0.133 seconds
[2024-06-06T17:05:55.373+0530] {processor.py:161} INFO - Started process (PID=79065) to work on /home/wsl/airflow_venv/lib/python3.10/site-packages/airflow/example_dags/example_branch_python_dop_operator_3.py
[2024-06-06T17:05:55.376+0530] {processor.py:830} INFO - Processing file /home/wsl/airflow_venv/lib/python3.10/site-packages/airflow/example_dags/example_branch_python_dop_operator_3.py for tasks to queue
[2024-06-06T17:05:55.378+0530] {logging_mixin.py:188} INFO - [2024-06-06T17:05:55.377+0530] {dagbag.py:540} INFO - Filling up the DagBag from /home/wsl/airflow_venv/lib/python3.10/site-packages/airflow/example_dags/example_branch_python_dop_operator_3.py
[2024-06-06T17:05:55.394+0530] {processor.py:840} INFO - DAG(s) 'example_branch_dop_operator_v3' retrieved from /home/wsl/airflow_venv/lib/python3.10/site-packages/airflow/example_dags/example_branch_python_dop_operator_3.py
[2024-06-06T17:05:55.412+0530] {logging_mixin.py:188} INFO - [2024-06-06T17:05:55.412+0530] {dag.py:3096} INFO - Sync 1 DAGs
[2024-06-06T17:05:55.434+0530] {logging_mixin.py:188} INFO - [2024-06-06T17:05:55.434+0530] {dag.py:3954} INFO - Setting next_dagrun for example_branch_dop_operator_v3 to 2024-06-06 11:34:00+00:00, run_after=2024-06-06 11:35:00+00:00
[2024-06-06T17:05:55.461+0530] {processor.py:183} INFO - Processing /home/wsl/airflow_venv/lib/python3.10/site-packages/airflow/example_dags/example_branch_python_dop_operator_3.py took 0.109 seconds
[2024-06-06T17:07:52.243+0530] {processor.py:161} INFO - Started process (PID=80614) to work on /home/wsl/airflow_venv/lib/python3.10/site-packages/airflow/example_dags/example_branch_python_dop_operator_3.py
[2024-06-06T17:07:52.245+0530] {processor.py:830} INFO - Processing file /home/wsl/airflow_venv/lib/python3.10/site-packages/airflow/example_dags/example_branch_python_dop_operator_3.py for tasks to queue
[2024-06-06T17:07:52.247+0530] {logging_mixin.py:188} INFO - [2024-06-06T17:07:52.246+0530] {dagbag.py:540} INFO - Filling up the DagBag from /home/wsl/airflow_venv/lib/python3.10/site-packages/airflow/example_dags/example_branch_python_dop_operator_3.py
[2024-06-06T17:07:52.258+0530] {processor.py:840} INFO - DAG(s) 'example_branch_dop_operator_v3' retrieved from /home/wsl/airflow_venv/lib/python3.10/site-packages/airflow/example_dags/example_branch_python_dop_operator_3.py
[2024-06-06T17:07:52.276+0530] {logging_mixin.py:188} INFO - [2024-06-06T17:07:52.276+0530] {dag.py:3096} INFO - Sync 1 DAGs
[2024-06-06T17:07:52.299+0530] {logging_mixin.py:188} INFO - [2024-06-06T17:07:52.298+0530] {dag.py:3954} INFO - Setting next_dagrun for example_branch_dop_operator_v3 to 2024-06-06 11:36:00+00:00, run_after=2024-06-06 11:37:00+00:00
[2024-06-06T17:07:52.323+0530] {processor.py:183} INFO - Processing /home/wsl/airflow_venv/lib/python3.10/site-packages/airflow/example_dags/example_branch_python_dop_operator_3.py took 0.090 seconds
[2024-06-06T17:10:06.914+0530] {processor.py:161} INFO - Started process (PID=82379) to work on /home/wsl/airflow_venv/lib/python3.10/site-packages/airflow/example_dags/example_branch_python_dop_operator_3.py
[2024-06-06T17:10:06.917+0530] {processor.py:830} INFO - Processing file /home/wsl/airflow_venv/lib/python3.10/site-packages/airflow/example_dags/example_branch_python_dop_operator_3.py for tasks to queue
[2024-06-06T17:10:06.919+0530] {logging_mixin.py:188} INFO - [2024-06-06T17:10:06.918+0530] {dagbag.py:540} INFO - Filling up the DagBag from /home/wsl/airflow_venv/lib/python3.10/site-packages/airflow/example_dags/example_branch_python_dop_operator_3.py
[2024-06-06T17:10:06.936+0530] {processor.py:840} INFO - DAG(s) 'example_branch_dop_operator_v3' retrieved from /home/wsl/airflow_venv/lib/python3.10/site-packages/airflow/example_dags/example_branch_python_dop_operator_3.py
[2024-06-06T17:10:06.954+0530] {logging_mixin.py:188} INFO - [2024-06-06T17:10:06.954+0530] {dag.py:3096} INFO - Sync 1 DAGs
[2024-06-06T17:10:06.981+0530] {logging_mixin.py:188} INFO - [2024-06-06T17:10:06.981+0530] {dag.py:3954} INFO - Setting next_dagrun for example_branch_dop_operator_v3 to 2024-06-06 11:39:00+00:00, run_after=2024-06-06 11:40:00+00:00
[2024-06-06T17:10:07.014+0530] {processor.py:183} INFO - Processing /home/wsl/airflow_venv/lib/python3.10/site-packages/airflow/example_dags/example_branch_python_dop_operator_3.py took 0.114 seconds
[2024-06-06T17:12:32.199+0530] {processor.py:161} INFO - Started process (PID=84176) to work on /home/wsl/airflow_venv/lib/python3.10/site-packages/airflow/example_dags/example_branch_python_dop_operator_3.py
[2024-06-06T17:12:32.201+0530] {processor.py:830} INFO - Processing file /home/wsl/airflow_venv/lib/python3.10/site-packages/airflow/example_dags/example_branch_python_dop_operator_3.py for tasks to queue
[2024-06-06T17:12:32.202+0530] {logging_mixin.py:188} INFO - [2024-06-06T17:12:32.202+0530] {dagbag.py:540} INFO - Filling up the DagBag from /home/wsl/airflow_venv/lib/python3.10/site-packages/airflow/example_dags/example_branch_python_dop_operator_3.py
[2024-06-06T17:12:32.214+0530] {processor.py:840} INFO - DAG(s) 'example_branch_dop_operator_v3' retrieved from /home/wsl/airflow_venv/lib/python3.10/site-packages/airflow/example_dags/example_branch_python_dop_operator_3.py
[2024-06-06T17:12:32.232+0530] {logging_mixin.py:188} INFO - [2024-06-06T17:12:32.232+0530] {dag.py:3096} INFO - Sync 1 DAGs
[2024-06-06T17:12:32.257+0530] {logging_mixin.py:188} INFO - [2024-06-06T17:12:32.257+0530] {dag.py:3954} INFO - Setting next_dagrun for example_branch_dop_operator_v3 to 2024-06-06 11:41:00+00:00, run_after=2024-06-06 11:42:00+00:00
[2024-06-06T17:12:32.288+0530] {processor.py:183} INFO - Processing /home/wsl/airflow_venv/lib/python3.10/site-packages/airflow/example_dags/example_branch_python_dop_operator_3.py took 0.097 seconds
