[2024-06-06T15:50:49.786+0530] {processor.py:161} INFO - Started process (PID=33871) to work on /home/wsl/airflow_venv/lib/python3.10/site-packages/airflow/example_dags/example_latest_only.py
[2024-06-06T15:50:49.791+0530] {processor.py:830} INFO - Processing file /home/wsl/airflow_venv/lib/python3.10/site-packages/airflow/example_dags/example_latest_only.py for tasks to queue
[2024-06-06T15:50:49.793+0530] {logging_mixin.py:188} INFO - [2024-06-06T15:50:49.792+0530] {dagbag.py:540} INFO - Filling up the DagBag from /home/wsl/airflow_venv/lib/python3.10/site-packages/airflow/example_dags/example_latest_only.py
[2024-06-06T15:50:49.803+0530] {processor.py:840} INFO - DAG(s) 'latest_only' retrieved from /home/wsl/airflow_venv/lib/python3.10/site-packages/airflow/example_dags/example_latest_only.py
[2024-06-06T15:50:49.940+0530] {logging_mixin.py:188} INFO - [2024-06-06T15:50:49.940+0530] {dag.py:3096} INFO - Sync 1 DAGs
[2024-06-06T15:50:50.045+0530] {logging_mixin.py:188} INFO - [2024-06-06T15:50:50.045+0530] {dag.py:3954} INFO - Setting next_dagrun for latest_only to 2024-06-06 04:00:00+00:00, run_after=2024-06-06 08:00:00+00:00
[2024-06-06T15:50:50.070+0530] {processor.py:183} INFO - Processing /home/wsl/airflow_venv/lib/python3.10/site-packages/airflow/example_dags/example_latest_only.py took 0.303 seconds
[2024-06-06T15:52:14.926+0530] {processor.py:161} INFO - Started process (PID=34661) to work on /home/wsl/airflow_venv/lib/python3.10/site-packages/airflow/example_dags/example_latest_only.py
[2024-06-06T15:52:14.928+0530] {processor.py:830} INFO - Processing file /home/wsl/airflow_venv/lib/python3.10/site-packages/airflow/example_dags/example_latest_only.py for tasks to queue
[2024-06-06T15:52:14.929+0530] {logging_mixin.py:188} INFO - [2024-06-06T15:52:14.929+0530] {dagbag.py:540} INFO - Filling up the DagBag from /home/wsl/airflow_venv/lib/python3.10/site-packages/airflow/example_dags/example_latest_only.py
[2024-06-06T15:52:14.937+0530] {processor.py:840} INFO - DAG(s) 'latest_only' retrieved from /home/wsl/airflow_venv/lib/python3.10/site-packages/airflow/example_dags/example_latest_only.py
[2024-06-06T15:52:14.961+0530] {logging_mixin.py:188} INFO - [2024-06-06T15:52:14.961+0530] {dag.py:3096} INFO - Sync 1 DAGs
[2024-06-06T15:52:14.999+0530] {logging_mixin.py:188} INFO - [2024-06-06T15:52:14.999+0530] {dag.py:3954} INFO - Setting next_dagrun for latest_only to 2024-06-06 04:00:00+00:00, run_after=2024-06-06 08:00:00+00:00
[2024-06-06T15:52:15.028+0530] {processor.py:183} INFO - Processing /home/wsl/airflow_venv/lib/python3.10/site-packages/airflow/example_dags/example_latest_only.py took 0.118 seconds
[2024-06-06T15:54:41.981+0530] {processor.py:161} INFO - Started process (PID=36231) to work on /home/wsl/airflow_venv/lib/python3.10/site-packages/airflow/example_dags/example_latest_only.py
[2024-06-06T15:54:41.983+0530] {processor.py:830} INFO - Processing file /home/wsl/airflow_venv/lib/python3.10/site-packages/airflow/example_dags/example_latest_only.py for tasks to queue
[2024-06-06T15:54:41.984+0530] {logging_mixin.py:188} INFO - [2024-06-06T15:54:41.984+0530] {dagbag.py:540} INFO - Filling up the DagBag from /home/wsl/airflow_venv/lib/python3.10/site-packages/airflow/example_dags/example_latest_only.py
[2024-06-06T15:54:41.993+0530] {processor.py:840} INFO - DAG(s) 'latest_only' retrieved from /home/wsl/airflow_venv/lib/python3.10/site-packages/airflow/example_dags/example_latest_only.py
[2024-06-06T15:54:42.012+0530] {logging_mixin.py:188} INFO - [2024-06-06T15:54:42.012+0530] {dag.py:3096} INFO - Sync 1 DAGs
[2024-06-06T15:54:42.035+0530] {logging_mixin.py:188} INFO - [2024-06-06T15:54:42.035+0530] {dag.py:3954} INFO - Setting next_dagrun for latest_only to 2024-06-06 04:00:00+00:00, run_after=2024-06-06 08:00:00+00:00
[2024-06-06T15:54:42.069+0530] {processor.py:183} INFO - Processing /home/wsl/airflow_venv/lib/python3.10/site-packages/airflow/example_dags/example_latest_only.py took 0.099 seconds
[2024-06-06T15:57:24.286+0530] {processor.py:161} INFO - Started process (PID=37494) to work on /home/wsl/airflow_venv/lib/python3.10/site-packages/airflow/example_dags/example_latest_only.py
[2024-06-06T15:57:24.288+0530] {processor.py:830} INFO - Processing file /home/wsl/airflow_venv/lib/python3.10/site-packages/airflow/example_dags/example_latest_only.py for tasks to queue
[2024-06-06T15:57:24.290+0530] {logging_mixin.py:188} INFO - [2024-06-06T15:57:24.289+0530] {dagbag.py:540} INFO - Filling up the DagBag from /home/wsl/airflow_venv/lib/python3.10/site-packages/airflow/example_dags/example_latest_only.py
[2024-06-06T15:57:24.296+0530] {processor.py:840} INFO - DAG(s) 'latest_only' retrieved from /home/wsl/airflow_venv/lib/python3.10/site-packages/airflow/example_dags/example_latest_only.py
[2024-06-06T15:57:24.314+0530] {logging_mixin.py:188} INFO - [2024-06-06T15:57:24.313+0530] {dag.py:3096} INFO - Sync 1 DAGs
[2024-06-06T15:57:24.335+0530] {logging_mixin.py:188} INFO - [2024-06-06T15:57:24.334+0530] {dag.py:3954} INFO - Setting next_dagrun for latest_only to 2024-06-06 04:00:00+00:00, run_after=2024-06-06 08:00:00+00:00
[2024-06-06T15:57:24.367+0530] {processor.py:183} INFO - Processing /home/wsl/airflow_venv/lib/python3.10/site-packages/airflow/example_dags/example_latest_only.py took 0.091 seconds
[2024-06-06T15:58:32.454+0530] {processor.py:161} INFO - Started process (PID=38219) to work on /home/wsl/airflow_venv/lib/python3.10/site-packages/airflow/example_dags/example_latest_only.py
[2024-06-06T15:58:32.456+0530] {processor.py:830} INFO - Processing file /home/wsl/airflow_venv/lib/python3.10/site-packages/airflow/example_dags/example_latest_only.py for tasks to queue
[2024-06-06T15:58:32.458+0530] {logging_mixin.py:188} INFO - [2024-06-06T15:58:32.457+0530] {dagbag.py:540} INFO - Filling up the DagBag from /home/wsl/airflow_venv/lib/python3.10/site-packages/airflow/example_dags/example_latest_only.py
[2024-06-06T15:58:32.465+0530] {processor.py:840} INFO - DAG(s) 'latest_only' retrieved from /home/wsl/airflow_venv/lib/python3.10/site-packages/airflow/example_dags/example_latest_only.py
[2024-06-06T15:58:32.516+0530] {logging_mixin.py:188} INFO - [2024-06-06T15:58:32.516+0530] {dag.py:3096} INFO - Sync 1 DAGs
[2024-06-06T15:58:32.576+0530] {logging_mixin.py:188} INFO - [2024-06-06T15:58:32.570+0530] {dag.py:3954} INFO - Setting next_dagrun for latest_only to 2024-06-06 04:00:00+00:00, run_after=2024-06-06 08:00:00+00:00
[2024-06-06T15:58:32.628+0530] {processor.py:183} INFO - Processing /home/wsl/airflow_venv/lib/python3.10/site-packages/airflow/example_dags/example_latest_only.py took 0.183 seconds
[2024-06-06T15:59:48.181+0530] {processor.py:161} INFO - Started process (PID=38578) to work on /home/wsl/airflow_venv/lib/python3.10/site-packages/airflow/example_dags/example_latest_only.py
[2024-06-06T15:59:48.185+0530] {processor.py:830} INFO - Processing file /home/wsl/airflow_venv/lib/python3.10/site-packages/airflow/example_dags/example_latest_only.py for tasks to queue
[2024-06-06T15:59:48.187+0530] {logging_mixin.py:188} INFO - [2024-06-06T15:59:48.186+0530] {dagbag.py:540} INFO - Filling up the DagBag from /home/wsl/airflow_venv/lib/python3.10/site-packages/airflow/example_dags/example_latest_only.py
[2024-06-06T15:59:48.195+0530] {processor.py:840} INFO - DAG(s) 'latest_only' retrieved from /home/wsl/airflow_venv/lib/python3.10/site-packages/airflow/example_dags/example_latest_only.py
[2024-06-06T15:59:48.220+0530] {logging_mixin.py:188} INFO - [2024-06-06T15:59:48.219+0530] {dag.py:3096} INFO - Sync 1 DAGs
[2024-06-06T15:59:48.246+0530] {logging_mixin.py:188} INFO - [2024-06-06T15:59:48.246+0530] {dag.py:3954} INFO - Setting next_dagrun for latest_only to 2024-06-06 04:00:00+00:00, run_after=2024-06-06 08:00:00+00:00
[2024-06-06T15:59:48.280+0530] {processor.py:183} INFO - Processing /home/wsl/airflow_venv/lib/python3.10/site-packages/airflow/example_dags/example_latest_only.py took 0.112 seconds
[2024-06-06T16:06:41.676+0530] {processor.py:161} INFO - Started process (PID=41711) to work on /home/wsl/airflow_venv/lib/python3.10/site-packages/airflow/example_dags/example_latest_only.py
[2024-06-06T16:06:41.681+0530] {processor.py:830} INFO - Processing file /home/wsl/airflow_venv/lib/python3.10/site-packages/airflow/example_dags/example_latest_only.py for tasks to queue
[2024-06-06T16:06:41.682+0530] {logging_mixin.py:188} INFO - [2024-06-06T16:06:41.682+0530] {dagbag.py:540} INFO - Filling up the DagBag from /home/wsl/airflow_venv/lib/python3.10/site-packages/airflow/example_dags/example_latest_only.py
[2024-06-06T16:06:41.689+0530] {processor.py:840} INFO - DAG(s) 'latest_only' retrieved from /home/wsl/airflow_venv/lib/python3.10/site-packages/airflow/example_dags/example_latest_only.py
[2024-06-06T16:06:41.872+0530] {logging_mixin.py:188} INFO - [2024-06-06T16:06:41.872+0530] {dag.py:3096} INFO - Sync 1 DAGs
[2024-06-06T16:06:41.886+0530] {logging_mixin.py:188} INFO - [2024-06-06T16:06:41.885+0530] {dag.py:3954} INFO - Setting next_dagrun for latest_only to 2024-06-06 04:00:00+00:00, run_after=2024-06-06 08:00:00+00:00
[2024-06-06T16:06:41.912+0530] {processor.py:183} INFO - Processing /home/wsl/airflow_venv/lib/python3.10/site-packages/airflow/example_dags/example_latest_only.py took 0.249 seconds
[2024-06-06T16:08:45.034+0530] {processor.py:161} INFO - Started process (PID=42999) to work on /home/wsl/airflow_venv/lib/python3.10/site-packages/airflow/example_dags/example_latest_only.py
[2024-06-06T16:08:45.036+0530] {processor.py:830} INFO - Processing file /home/wsl/airflow_venv/lib/python3.10/site-packages/airflow/example_dags/example_latest_only.py for tasks to queue
[2024-06-06T16:08:45.037+0530] {logging_mixin.py:188} INFO - [2024-06-06T16:08:45.036+0530] {dagbag.py:540} INFO - Filling up the DagBag from /home/wsl/airflow_venv/lib/python3.10/site-packages/airflow/example_dags/example_latest_only.py
[2024-06-06T16:08:45.044+0530] {processor.py:840} INFO - DAG(s) 'latest_only' retrieved from /home/wsl/airflow_venv/lib/python3.10/site-packages/airflow/example_dags/example_latest_only.py
[2024-06-06T16:08:45.066+0530] {logging_mixin.py:188} INFO - [2024-06-06T16:08:45.066+0530] {dag.py:3096} INFO - Sync 1 DAGs
[2024-06-06T16:08:45.093+0530] {logging_mixin.py:188} INFO - [2024-06-06T16:08:45.092+0530] {dag.py:3954} INFO - Setting next_dagrun for latest_only to 2024-06-06 04:00:00+00:00, run_after=2024-06-06 08:00:00+00:00
[2024-06-06T16:08:45.149+0530] {processor.py:183} INFO - Processing /home/wsl/airflow_venv/lib/python3.10/site-packages/airflow/example_dags/example_latest_only.py took 0.124 seconds
[2024-06-06T16:10:56.298+0530] {processor.py:161} INFO - Started process (PID=44365) to work on /home/wsl/airflow_venv/lib/python3.10/site-packages/airflow/example_dags/example_latest_only.py
[2024-06-06T16:10:56.300+0530] {processor.py:830} INFO - Processing file /home/wsl/airflow_venv/lib/python3.10/site-packages/airflow/example_dags/example_latest_only.py for tasks to queue
[2024-06-06T16:10:56.303+0530] {logging_mixin.py:188} INFO - [2024-06-06T16:10:56.302+0530] {dagbag.py:540} INFO - Filling up the DagBag from /home/wsl/airflow_venv/lib/python3.10/site-packages/airflow/example_dags/example_latest_only.py
[2024-06-06T16:10:56.315+0530] {processor.py:840} INFO - DAG(s) 'latest_only' retrieved from /home/wsl/airflow_venv/lib/python3.10/site-packages/airflow/example_dags/example_latest_only.py
[2024-06-06T16:10:56.334+0530] {logging_mixin.py:188} INFO - [2024-06-06T16:10:56.334+0530] {dag.py:3096} INFO - Sync 1 DAGs
[2024-06-06T16:10:56.353+0530] {logging_mixin.py:188} INFO - [2024-06-06T16:10:56.353+0530] {dag.py:3954} INFO - Setting next_dagrun for latest_only to 2024-06-06 04:00:00+00:00, run_after=2024-06-06 08:00:00+00:00
[2024-06-06T16:10:56.382+0530] {processor.py:183} INFO - Processing /home/wsl/airflow_venv/lib/python3.10/site-packages/airflow/example_dags/example_latest_only.py took 0.098 seconds
[2024-06-06T16:12:36.718+0530] {processor.py:161} INFO - Started process (PID=45487) to work on /home/wsl/airflow_venv/lib/python3.10/site-packages/airflow/example_dags/example_latest_only.py
[2024-06-06T16:12:36.746+0530] {processor.py:830} INFO - Processing file /home/wsl/airflow_venv/lib/python3.10/site-packages/airflow/example_dags/example_latest_only.py for tasks to queue
[2024-06-06T16:12:36.747+0530] {logging_mixin.py:188} INFO - [2024-06-06T16:12:36.747+0530] {dagbag.py:540} INFO - Filling up the DagBag from /home/wsl/airflow_venv/lib/python3.10/site-packages/airflow/example_dags/example_latest_only.py
[2024-06-06T16:12:36.753+0530] {processor.py:840} INFO - DAG(s) 'latest_only' retrieved from /home/wsl/airflow_venv/lib/python3.10/site-packages/airflow/example_dags/example_latest_only.py
[2024-06-06T16:12:36.770+0530] {logging_mixin.py:188} INFO - [2024-06-06T16:12:36.770+0530] {dag.py:3096} INFO - Sync 1 DAGs
[2024-06-06T16:12:36.790+0530] {logging_mixin.py:188} INFO - [2024-06-06T16:12:36.789+0530] {dag.py:3954} INFO - Setting next_dagrun for latest_only to 2024-06-06 04:00:00+00:00, run_after=2024-06-06 08:00:00+00:00
[2024-06-06T16:12:36.921+0530] {processor.py:183} INFO - Processing /home/wsl/airflow_venv/lib/python3.10/site-packages/airflow/example_dags/example_latest_only.py took 0.211 seconds
[2024-06-06T16:26:26.359+0530] {processor.py:161} INFO - Started process (PID=52196) to work on /home/wsl/airflow_venv/lib/python3.10/site-packages/airflow/example_dags/example_latest_only.py
[2024-06-06T16:26:26.393+0530] {processor.py:830} INFO - Processing file /home/wsl/airflow_venv/lib/python3.10/site-packages/airflow/example_dags/example_latest_only.py for tasks to queue
[2024-06-06T16:26:26.395+0530] {logging_mixin.py:188} INFO - [2024-06-06T16:26:26.394+0530] {dagbag.py:540} INFO - Filling up the DagBag from /home/wsl/airflow_venv/lib/python3.10/site-packages/airflow/example_dags/example_latest_only.py
[2024-06-06T16:26:26.414+0530] {processor.py:840} INFO - DAG(s) 'latest_only' retrieved from /home/wsl/airflow_venv/lib/python3.10/site-packages/airflow/example_dags/example_latest_only.py
[2024-06-06T16:26:26.895+0530] {logging_mixin.py:188} INFO - [2024-06-06T16:26:26.895+0530] {dag.py:3096} INFO - Sync 1 DAGs
[2024-06-06T16:26:26.938+0530] {logging_mixin.py:188} INFO - [2024-06-06T16:26:26.937+0530] {dag.py:3954} INFO - Setting next_dagrun for latest_only to 2024-06-06 04:00:00+00:00, run_after=2024-06-06 08:00:00+00:00
[2024-06-06T16:26:26.993+0530] {processor.py:183} INFO - Processing /home/wsl/airflow_venv/lib/python3.10/site-packages/airflow/example_dags/example_latest_only.py took 0.654 seconds
[2024-06-06T16:29:24.746+0530] {processor.py:161} INFO - Started process (PID=53980) to work on /home/wsl/airflow_venv/lib/python3.10/site-packages/airflow/example_dags/example_latest_only.py
[2024-06-06T16:29:24.750+0530] {processor.py:830} INFO - Processing file /home/wsl/airflow_venv/lib/python3.10/site-packages/airflow/example_dags/example_latest_only.py for tasks to queue
[2024-06-06T16:29:24.753+0530] {logging_mixin.py:188} INFO - [2024-06-06T16:29:24.752+0530] {dagbag.py:540} INFO - Filling up the DagBag from /home/wsl/airflow_venv/lib/python3.10/site-packages/airflow/example_dags/example_latest_only.py
[2024-06-06T16:29:24.779+0530] {processor.py:840} INFO - DAG(s) 'latest_only' retrieved from /home/wsl/airflow_venv/lib/python3.10/site-packages/airflow/example_dags/example_latest_only.py
[2024-06-06T16:29:24.822+0530] {logging_mixin.py:188} INFO - [2024-06-06T16:29:24.822+0530] {dag.py:3096} INFO - Sync 1 DAGs
[2024-06-06T16:29:24.840+0530] {logging_mixin.py:188} INFO - [2024-06-06T16:29:24.840+0530] {dag.py:3954} INFO - Setting next_dagrun for latest_only to 2024-06-06 04:00:00+00:00, run_after=2024-06-06 08:00:00+00:00
[2024-06-06T16:29:24.868+0530] {processor.py:183} INFO - Processing /home/wsl/airflow_venv/lib/python3.10/site-packages/airflow/example_dags/example_latest_only.py took 0.143 seconds
[2024-06-06T16:31:59.899+0530] {processor.py:161} INFO - Started process (PID=55758) to work on /home/wsl/airflow_venv/lib/python3.10/site-packages/airflow/example_dags/example_latest_only.py
[2024-06-06T16:31:59.923+0530] {processor.py:830} INFO - Processing file /home/wsl/airflow_venv/lib/python3.10/site-packages/airflow/example_dags/example_latest_only.py for tasks to queue
[2024-06-06T16:31:59.925+0530] {logging_mixin.py:188} INFO - [2024-06-06T16:31:59.924+0530] {dagbag.py:540} INFO - Filling up the DagBag from /home/wsl/airflow_venv/lib/python3.10/site-packages/airflow/example_dags/example_latest_only.py
[2024-06-06T16:31:59.933+0530] {processor.py:840} INFO - DAG(s) 'latest_only' retrieved from /home/wsl/airflow_venv/lib/python3.10/site-packages/airflow/example_dags/example_latest_only.py
[2024-06-06T16:31:59.951+0530] {logging_mixin.py:188} INFO - [2024-06-06T16:31:59.951+0530] {dag.py:3096} INFO - Sync 1 DAGs
[2024-06-06T16:31:59.971+0530] {logging_mixin.py:188} INFO - [2024-06-06T16:31:59.971+0530] {dag.py:3954} INFO - Setting next_dagrun for latest_only to 2024-06-06 04:00:00+00:00, run_after=2024-06-06 08:00:00+00:00
[2024-06-06T16:32:00.209+0530] {processor.py:183} INFO - Processing /home/wsl/airflow_venv/lib/python3.10/site-packages/airflow/example_dags/example_latest_only.py took 0.321 seconds
[2024-06-06T16:33:52.464+0530] {processor.py:161} INFO - Started process (PID=57061) to work on /home/wsl/airflow_venv/lib/python3.10/site-packages/airflow/example_dags/example_latest_only.py
[2024-06-06T16:33:52.466+0530] {processor.py:830} INFO - Processing file /home/wsl/airflow_venv/lib/python3.10/site-packages/airflow/example_dags/example_latest_only.py for tasks to queue
[2024-06-06T16:33:52.467+0530] {logging_mixin.py:188} INFO - [2024-06-06T16:33:52.466+0530] {dagbag.py:540} INFO - Filling up the DagBag from /home/wsl/airflow_venv/lib/python3.10/site-packages/airflow/example_dags/example_latest_only.py
[2024-06-06T16:33:52.473+0530] {processor.py:840} INFO - DAG(s) 'latest_only' retrieved from /home/wsl/airflow_venv/lib/python3.10/site-packages/airflow/example_dags/example_latest_only.py
[2024-06-06T16:33:52.491+0530] {logging_mixin.py:188} INFO - [2024-06-06T16:33:52.490+0530] {dag.py:3096} INFO - Sync 1 DAGs
[2024-06-06T16:33:52.509+0530] {logging_mixin.py:188} INFO - [2024-06-06T16:33:52.509+0530] {dag.py:3954} INFO - Setting next_dagrun for latest_only to 2024-06-06 04:00:00+00:00, run_after=2024-06-06 08:00:00+00:00
[2024-06-06T16:33:52.537+0530] {processor.py:183} INFO - Processing /home/wsl/airflow_venv/lib/python3.10/site-packages/airflow/example_dags/example_latest_only.py took 0.081 seconds
[2024-06-06T16:36:06.726+0530] {processor.py:161} INFO - Started process (PID=58599) to work on /home/wsl/airflow_venv/lib/python3.10/site-packages/airflow/example_dags/example_latest_only.py
[2024-06-06T16:36:06.730+0530] {processor.py:830} INFO - Processing file /home/wsl/airflow_venv/lib/python3.10/site-packages/airflow/example_dags/example_latest_only.py for tasks to queue
[2024-06-06T16:36:06.733+0530] {logging_mixin.py:188} INFO - [2024-06-06T16:36:06.732+0530] {dagbag.py:540} INFO - Filling up the DagBag from /home/wsl/airflow_venv/lib/python3.10/site-packages/airflow/example_dags/example_latest_only.py
[2024-06-06T16:36:06.741+0530] {processor.py:840} INFO - DAG(s) 'latest_only' retrieved from /home/wsl/airflow_venv/lib/python3.10/site-packages/airflow/example_dags/example_latest_only.py
[2024-06-06T16:36:06.760+0530] {logging_mixin.py:188} INFO - [2024-06-06T16:36:06.760+0530] {dag.py:3096} INFO - Sync 1 DAGs
[2024-06-06T16:36:06.781+0530] {logging_mixin.py:188} INFO - [2024-06-06T16:36:06.781+0530] {dag.py:3954} INFO - Setting next_dagrun for latest_only to 2024-06-06 04:00:00+00:00, run_after=2024-06-06 08:00:00+00:00
[2024-06-06T16:36:06.809+0530] {processor.py:183} INFO - Processing /home/wsl/airflow_venv/lib/python3.10/site-packages/airflow/example_dags/example_latest_only.py took 0.101 seconds
[2024-06-06T16:38:38.244+0530] {processor.py:161} INFO - Started process (PID=60016) to work on /home/wsl/airflow_venv/lib/python3.10/site-packages/airflow/example_dags/example_latest_only.py
[2024-06-06T16:38:38.259+0530] {processor.py:830} INFO - Processing file /home/wsl/airflow_venv/lib/python3.10/site-packages/airflow/example_dags/example_latest_only.py for tasks to queue
[2024-06-06T16:38:38.262+0530] {logging_mixin.py:188} INFO - [2024-06-06T16:38:38.261+0530] {dagbag.py:540} INFO - Filling up the DagBag from /home/wsl/airflow_venv/lib/python3.10/site-packages/airflow/example_dags/example_latest_only.py
[2024-06-06T16:38:38.270+0530] {processor.py:840} INFO - DAG(s) 'latest_only' retrieved from /home/wsl/airflow_venv/lib/python3.10/site-packages/airflow/example_dags/example_latest_only.py
[2024-06-06T16:38:38.293+0530] {logging_mixin.py:188} INFO - [2024-06-06T16:38:38.293+0530] {dag.py:3096} INFO - Sync 1 DAGs
[2024-06-06T16:38:38.313+0530] {logging_mixin.py:188} INFO - [2024-06-06T16:38:38.313+0530] {dag.py:3954} INFO - Setting next_dagrun for latest_only to 2024-06-06 04:00:00+00:00, run_after=2024-06-06 08:00:00+00:00
[2024-06-06T16:38:46.106+0530] {processor.py:183} INFO - Processing /home/wsl/airflow_venv/lib/python3.10/site-packages/airflow/example_dags/example_latest_only.py took 7.872 seconds
[2024-06-06T16:41:30.899+0530] {processor.py:161} INFO - Started process (PID=61996) to work on /home/wsl/airflow_venv/lib/python3.10/site-packages/airflow/example_dags/example_latest_only.py
[2024-06-06T16:41:30.901+0530] {processor.py:830} INFO - Processing file /home/wsl/airflow_venv/lib/python3.10/site-packages/airflow/example_dags/example_latest_only.py for tasks to queue
[2024-06-06T16:41:30.902+0530] {logging_mixin.py:188} INFO - [2024-06-06T16:41:30.902+0530] {dagbag.py:540} INFO - Filling up the DagBag from /home/wsl/airflow_venv/lib/python3.10/site-packages/airflow/example_dags/example_latest_only.py
[2024-06-06T16:41:30.909+0530] {processor.py:840} INFO - DAG(s) 'latest_only' retrieved from /home/wsl/airflow_venv/lib/python3.10/site-packages/airflow/example_dags/example_latest_only.py
[2024-06-06T16:41:30.927+0530] {logging_mixin.py:188} INFO - [2024-06-06T16:41:30.927+0530] {dag.py:3096} INFO - Sync 1 DAGs
[2024-06-06T16:41:30.945+0530] {logging_mixin.py:188} INFO - [2024-06-06T16:41:30.945+0530] {dag.py:3954} INFO - Setting next_dagrun for latest_only to 2024-06-06 04:00:00+00:00, run_after=2024-06-06 08:00:00+00:00
[2024-06-06T16:41:31.159+0530] {processor.py:183} INFO - Processing /home/wsl/airflow_venv/lib/python3.10/site-packages/airflow/example_dags/example_latest_only.py took 0.272 seconds
[2024-06-06T16:43:32.381+0530] {processor.py:161} INFO - Started process (PID=63231) to work on /home/wsl/airflow_venv/lib/python3.10/site-packages/airflow/example_dags/example_latest_only.py
[2024-06-06T16:43:32.383+0530] {processor.py:830} INFO - Processing file /home/wsl/airflow_venv/lib/python3.10/site-packages/airflow/example_dags/example_latest_only.py for tasks to queue
[2024-06-06T16:43:32.385+0530] {logging_mixin.py:188} INFO - [2024-06-06T16:43:32.384+0530] {dagbag.py:540} INFO - Filling up the DagBag from /home/wsl/airflow_venv/lib/python3.10/site-packages/airflow/example_dags/example_latest_only.py
[2024-06-06T16:43:32.394+0530] {processor.py:840} INFO - DAG(s) 'latest_only' retrieved from /home/wsl/airflow_venv/lib/python3.10/site-packages/airflow/example_dags/example_latest_only.py
[2024-06-06T16:43:32.415+0530] {logging_mixin.py:188} INFO - [2024-06-06T16:43:32.414+0530] {dag.py:3096} INFO - Sync 1 DAGs
[2024-06-06T16:43:32.432+0530] {logging_mixin.py:188} INFO - [2024-06-06T16:43:32.432+0530] {dag.py:3954} INFO - Setting next_dagrun for latest_only to 2024-06-06 04:00:00+00:00, run_after=2024-06-06 08:00:00+00:00
[2024-06-06T16:43:32.598+0530] {processor.py:183} INFO - Processing /home/wsl/airflow_venv/lib/python3.10/site-packages/airflow/example_dags/example_latest_only.py took 0.229 seconds
[2024-06-06T16:45:41.251+0530] {processor.py:161} INFO - Started process (PID=64723) to work on /home/wsl/airflow_venv/lib/python3.10/site-packages/airflow/example_dags/example_latest_only.py
[2024-06-06T16:45:41.285+0530] {processor.py:830} INFO - Processing file /home/wsl/airflow_venv/lib/python3.10/site-packages/airflow/example_dags/example_latest_only.py for tasks to queue
[2024-06-06T16:45:41.287+0530] {logging_mixin.py:188} INFO - [2024-06-06T16:45:41.286+0530] {dagbag.py:540} INFO - Filling up the DagBag from /home/wsl/airflow_venv/lib/python3.10/site-packages/airflow/example_dags/example_latest_only.py
[2024-06-06T16:45:41.298+0530] {processor.py:840} INFO - DAG(s) 'latest_only' retrieved from /home/wsl/airflow_venv/lib/python3.10/site-packages/airflow/example_dags/example_latest_only.py
[2024-06-06T16:45:41.332+0530] {logging_mixin.py:188} INFO - [2024-06-06T16:45:41.332+0530] {dag.py:3096} INFO - Sync 1 DAGs
[2024-06-06T16:45:41.361+0530] {logging_mixin.py:188} INFO - [2024-06-06T16:45:41.361+0530] {dag.py:3954} INFO - Setting next_dagrun for latest_only to 2024-06-06 04:00:00+00:00, run_after=2024-06-06 08:00:00+00:00
[2024-06-06T16:45:42.468+0530] {processor.py:183} INFO - Processing /home/wsl/airflow_venv/lib/python3.10/site-packages/airflow/example_dags/example_latest_only.py took 1.226 seconds
[2024-06-06T16:48:24.797+0530] {processor.py:161} INFO - Started process (PID=66691) to work on /home/wsl/airflow_venv/lib/python3.10/site-packages/airflow/example_dags/example_latest_only.py
[2024-06-06T16:48:24.801+0530] {processor.py:830} INFO - Processing file /home/wsl/airflow_venv/lib/python3.10/site-packages/airflow/example_dags/example_latest_only.py for tasks to queue
[2024-06-06T16:48:24.804+0530] {logging_mixin.py:188} INFO - [2024-06-06T16:48:24.803+0530] {dagbag.py:540} INFO - Filling up the DagBag from /home/wsl/airflow_venv/lib/python3.10/site-packages/airflow/example_dags/example_latest_only.py
[2024-06-06T16:48:24.813+0530] {processor.py:840} INFO - DAG(s) 'latest_only' retrieved from /home/wsl/airflow_venv/lib/python3.10/site-packages/airflow/example_dags/example_latest_only.py
[2024-06-06T16:48:24.852+0530] {logging_mixin.py:188} INFO - [2024-06-06T16:48:24.852+0530] {dag.py:3096} INFO - Sync 1 DAGs
[2024-06-06T16:48:24.910+0530] {logging_mixin.py:188} INFO - [2024-06-06T16:48:24.910+0530] {dag.py:3954} INFO - Setting next_dagrun for latest_only to 2024-06-06 04:00:00+00:00, run_after=2024-06-06 08:00:00+00:00
[2024-06-06T16:48:24.945+0530] {processor.py:183} INFO - Processing /home/wsl/airflow_venv/lib/python3.10/site-packages/airflow/example_dags/example_latest_only.py took 0.170 seconds
[2024-06-06T16:51:16.267+0530] {processor.py:161} INFO - Started process (PID=68349) to work on /home/wsl/airflow_venv/lib/python3.10/site-packages/airflow/example_dags/example_latest_only.py
[2024-06-06T16:51:16.269+0530] {processor.py:830} INFO - Processing file /home/wsl/airflow_venv/lib/python3.10/site-packages/airflow/example_dags/example_latest_only.py for tasks to queue
[2024-06-06T16:51:16.270+0530] {logging_mixin.py:188} INFO - [2024-06-06T16:51:16.269+0530] {dagbag.py:540} INFO - Filling up the DagBag from /home/wsl/airflow_venv/lib/python3.10/site-packages/airflow/example_dags/example_latest_only.py
[2024-06-06T16:51:16.283+0530] {processor.py:840} INFO - DAG(s) 'latest_only' retrieved from /home/wsl/airflow_venv/lib/python3.10/site-packages/airflow/example_dags/example_latest_only.py
[2024-06-06T16:51:16.318+0530] {logging_mixin.py:188} INFO - [2024-06-06T16:51:16.318+0530] {dag.py:3096} INFO - Sync 1 DAGs
[2024-06-06T16:51:16.353+0530] {logging_mixin.py:188} INFO - [2024-06-06T16:51:16.352+0530] {dag.py:3954} INFO - Setting next_dagrun for latest_only to 2024-06-06 04:00:00+00:00, run_after=2024-06-06 08:00:00+00:00
[2024-06-06T16:51:16.400+0530] {processor.py:183} INFO - Processing /home/wsl/airflow_venv/lib/python3.10/site-packages/airflow/example_dags/example_latest_only.py took 0.148 seconds
[2024-06-06T16:53:58.031+0530] {processor.py:161} INFO - Started process (PID=70166) to work on /home/wsl/airflow_venv/lib/python3.10/site-packages/airflow/example_dags/example_latest_only.py
[2024-06-06T16:53:58.035+0530] {processor.py:830} INFO - Processing file /home/wsl/airflow_venv/lib/python3.10/site-packages/airflow/example_dags/example_latest_only.py for tasks to queue
[2024-06-06T16:53:58.037+0530] {logging_mixin.py:188} INFO - [2024-06-06T16:53:58.036+0530] {dagbag.py:540} INFO - Filling up the DagBag from /home/wsl/airflow_venv/lib/python3.10/site-packages/airflow/example_dags/example_latest_only.py
[2024-06-06T16:53:58.045+0530] {processor.py:840} INFO - DAG(s) 'latest_only' retrieved from /home/wsl/airflow_venv/lib/python3.10/site-packages/airflow/example_dags/example_latest_only.py
[2024-06-06T16:53:58.062+0530] {logging_mixin.py:188} INFO - [2024-06-06T16:53:58.062+0530] {dag.py:3096} INFO - Sync 1 DAGs
[2024-06-06T16:53:58.080+0530] {logging_mixin.py:188} INFO - [2024-06-06T16:53:58.080+0530] {dag.py:3954} INFO - Setting next_dagrun for latest_only to 2024-06-06 04:00:00+00:00, run_after=2024-06-06 08:00:00+00:00
[2024-06-06T16:53:58.108+0530] {processor.py:183} INFO - Processing /home/wsl/airflow_venv/lib/python3.10/site-packages/airflow/example_dags/example_latest_only.py took 0.090 seconds
[2024-06-06T16:56:00.025+0530] {processor.py:161} INFO - Started process (PID=71728) to work on /home/wsl/airflow_venv/lib/python3.10/site-packages/airflow/example_dags/example_latest_only.py
[2024-06-06T16:56:00.027+0530] {processor.py:830} INFO - Processing file /home/wsl/airflow_venv/lib/python3.10/site-packages/airflow/example_dags/example_latest_only.py for tasks to queue
[2024-06-06T16:56:00.028+0530] {logging_mixin.py:188} INFO - [2024-06-06T16:56:00.028+0530] {dagbag.py:540} INFO - Filling up the DagBag from /home/wsl/airflow_venv/lib/python3.10/site-packages/airflow/example_dags/example_latest_only.py
[2024-06-06T16:56:00.035+0530] {processor.py:840} INFO - DAG(s) 'latest_only' retrieved from /home/wsl/airflow_venv/lib/python3.10/site-packages/airflow/example_dags/example_latest_only.py
[2024-06-06T16:56:00.054+0530] {logging_mixin.py:188} INFO - [2024-06-06T16:56:00.054+0530] {dag.py:3096} INFO - Sync 1 DAGs
[2024-06-06T16:56:00.072+0530] {logging_mixin.py:188} INFO - [2024-06-06T16:56:00.072+0530] {dag.py:3954} INFO - Setting next_dagrun for latest_only to 2024-06-06 04:00:00+00:00, run_after=2024-06-06 08:00:00+00:00
[2024-06-06T16:56:00.100+0530] {processor.py:183} INFO - Processing /home/wsl/airflow_venv/lib/python3.10/site-packages/airflow/example_dags/example_latest_only.py took 0.088 seconds
[2024-06-06T16:58:13.573+0530] {processor.py:161} INFO - Started process (PID=73336) to work on /home/wsl/airflow_venv/lib/python3.10/site-packages/airflow/example_dags/example_latest_only.py
[2024-06-06T16:58:13.583+0530] {processor.py:830} INFO - Processing file /home/wsl/airflow_venv/lib/python3.10/site-packages/airflow/example_dags/example_latest_only.py for tasks to queue
[2024-06-06T16:58:13.585+0530] {logging_mixin.py:188} INFO - [2024-06-06T16:58:13.584+0530] {dagbag.py:540} INFO - Filling up the DagBag from /home/wsl/airflow_venv/lib/python3.10/site-packages/airflow/example_dags/example_latest_only.py
[2024-06-06T16:58:13.607+0530] {processor.py:840} INFO - DAG(s) 'latest_only' retrieved from /home/wsl/airflow_venv/lib/python3.10/site-packages/airflow/example_dags/example_latest_only.py
[2024-06-06T16:58:13.687+0530] {logging_mixin.py:188} INFO - [2024-06-06T16:58:13.687+0530] {dag.py:3096} INFO - Sync 1 DAGs
[2024-06-06T16:58:13.784+0530] {logging_mixin.py:188} INFO - [2024-06-06T16:58:13.783+0530] {dag.py:3954} INFO - Setting next_dagrun for latest_only to 2024-06-06 04:00:00+00:00, run_after=2024-06-06 08:00:00+00:00
[2024-06-06T16:58:14.613+0530] {processor.py:183} INFO - Processing /home/wsl/airflow_venv/lib/python3.10/site-packages/airflow/example_dags/example_latest_only.py took 1.088 seconds
[2024-06-06T17:00:31.479+0530] {processor.py:161} INFO - Started process (PID=74978) to work on /home/wsl/airflow_venv/lib/python3.10/site-packages/airflow/example_dags/example_latest_only.py
[2024-06-06T17:00:31.482+0530] {processor.py:830} INFO - Processing file /home/wsl/airflow_venv/lib/python3.10/site-packages/airflow/example_dags/example_latest_only.py for tasks to queue
[2024-06-06T17:00:31.485+0530] {logging_mixin.py:188} INFO - [2024-06-06T17:00:31.484+0530] {dagbag.py:540} INFO - Filling up the DagBag from /home/wsl/airflow_venv/lib/python3.10/site-packages/airflow/example_dags/example_latest_only.py
[2024-06-06T17:00:31.492+0530] {processor.py:840} INFO - DAG(s) 'latest_only' retrieved from /home/wsl/airflow_venv/lib/python3.10/site-packages/airflow/example_dags/example_latest_only.py
[2024-06-06T17:00:31.513+0530] {logging_mixin.py:188} INFO - [2024-06-06T17:00:31.513+0530] {dag.py:3096} INFO - Sync 1 DAGs
[2024-06-06T17:00:31.538+0530] {logging_mixin.py:188} INFO - [2024-06-06T17:00:31.538+0530] {dag.py:3954} INFO - Setting next_dagrun for latest_only to 2024-06-06 04:00:00+00:00, run_after=2024-06-06 08:00:00+00:00
[2024-06-06T17:00:31.573+0530] {processor.py:183} INFO - Processing /home/wsl/airflow_venv/lib/python3.10/site-packages/airflow/example_dags/example_latest_only.py took 0.102 seconds
[2024-06-06T17:02:46.325+0530] {processor.py:161} INFO - Started process (PID=76680) to work on /home/wsl/airflow_venv/lib/python3.10/site-packages/airflow/example_dags/example_latest_only.py
[2024-06-06T17:02:46.328+0530] {processor.py:830} INFO - Processing file /home/wsl/airflow_venv/lib/python3.10/site-packages/airflow/example_dags/example_latest_only.py for tasks to queue
[2024-06-06T17:02:46.329+0530] {logging_mixin.py:188} INFO - [2024-06-06T17:02:46.329+0530] {dagbag.py:540} INFO - Filling up the DagBag from /home/wsl/airflow_venv/lib/python3.10/site-packages/airflow/example_dags/example_latest_only.py
[2024-06-06T17:02:46.338+0530] {processor.py:840} INFO - DAG(s) 'latest_only' retrieved from /home/wsl/airflow_venv/lib/python3.10/site-packages/airflow/example_dags/example_latest_only.py
[2024-06-06T17:02:46.357+0530] {logging_mixin.py:188} INFO - [2024-06-06T17:02:46.357+0530] {dag.py:3096} INFO - Sync 1 DAGs
[2024-06-06T17:02:46.376+0530] {logging_mixin.py:188} INFO - [2024-06-06T17:02:46.375+0530] {dag.py:3954} INFO - Setting next_dagrun for latest_only to 2024-06-06 04:00:00+00:00, run_after=2024-06-06 08:00:00+00:00
[2024-06-06T17:02:46.412+0530] {processor.py:183} INFO - Processing /home/wsl/airflow_venv/lib/python3.10/site-packages/airflow/example_dags/example_latest_only.py took 0.097 seconds
[2024-06-06T17:04:52.382+0530] {processor.py:161} INFO - Started process (PID=78248) to work on /home/wsl/airflow_venv/lib/python3.10/site-packages/airflow/example_dags/example_latest_only.py
[2024-06-06T17:04:52.385+0530] {processor.py:830} INFO - Processing file /home/wsl/airflow_venv/lib/python3.10/site-packages/airflow/example_dags/example_latest_only.py for tasks to queue
[2024-06-06T17:04:52.386+0530] {logging_mixin.py:188} INFO - [2024-06-06T17:04:52.386+0530] {dagbag.py:540} INFO - Filling up the DagBag from /home/wsl/airflow_venv/lib/python3.10/site-packages/airflow/example_dags/example_latest_only.py
[2024-06-06T17:04:52.395+0530] {processor.py:840} INFO - DAG(s) 'latest_only' retrieved from /home/wsl/airflow_venv/lib/python3.10/site-packages/airflow/example_dags/example_latest_only.py
[2024-06-06T17:04:52.417+0530] {logging_mixin.py:188} INFO - [2024-06-06T17:04:52.417+0530] {dag.py:3096} INFO - Sync 1 DAGs
[2024-06-06T17:04:52.436+0530] {logging_mixin.py:188} INFO - [2024-06-06T17:04:52.435+0530] {dag.py:3954} INFO - Setting next_dagrun for latest_only to 2024-06-06 04:00:00+00:00, run_after=2024-06-06 08:00:00+00:00
[2024-06-06T17:04:52.463+0530] {processor.py:183} INFO - Processing /home/wsl/airflow_venv/lib/python3.10/site-packages/airflow/example_dags/example_latest_only.py took 0.093 seconds
[2024-06-06T17:06:41.268+0530] {processor.py:161} INFO - Started process (PID=79726) to work on /home/wsl/airflow_venv/lib/python3.10/site-packages/airflow/example_dags/example_latest_only.py
[2024-06-06T17:06:41.270+0530] {processor.py:830} INFO - Processing file /home/wsl/airflow_venv/lib/python3.10/site-packages/airflow/example_dags/example_latest_only.py for tasks to queue
[2024-06-06T17:06:41.271+0530] {logging_mixin.py:188} INFO - [2024-06-06T17:06:41.271+0530] {dagbag.py:540} INFO - Filling up the DagBag from /home/wsl/airflow_venv/lib/python3.10/site-packages/airflow/example_dags/example_latest_only.py
[2024-06-06T17:06:41.277+0530] {processor.py:840} INFO - DAG(s) 'latest_only' retrieved from /home/wsl/airflow_venv/lib/python3.10/site-packages/airflow/example_dags/example_latest_only.py
[2024-06-06T17:06:41.294+0530] {logging_mixin.py:188} INFO - [2024-06-06T17:06:41.294+0530] {dag.py:3096} INFO - Sync 1 DAGs
[2024-06-06T17:06:41.311+0530] {logging_mixin.py:188} INFO - [2024-06-06T17:06:41.311+0530] {dag.py:3954} INFO - Setting next_dagrun for latest_only to 2024-06-06 04:00:00+00:00, run_after=2024-06-06 08:00:00+00:00
[2024-06-06T17:06:41.340+0530] {processor.py:183} INFO - Processing /home/wsl/airflow_venv/lib/python3.10/site-packages/airflow/example_dags/example_latest_only.py took 0.085 seconds
[2024-06-06T17:08:53.800+0530] {processor.py:161} INFO - Started process (PID=81449) to work on /home/wsl/airflow_venv/lib/python3.10/site-packages/airflow/example_dags/example_latest_only.py
[2024-06-06T17:08:53.803+0530] {processor.py:830} INFO - Processing file /home/wsl/airflow_venv/lib/python3.10/site-packages/airflow/example_dags/example_latest_only.py for tasks to queue
[2024-06-06T17:08:53.807+0530] {logging_mixin.py:188} INFO - [2024-06-06T17:08:53.804+0530] {dagbag.py:540} INFO - Filling up the DagBag from /home/wsl/airflow_venv/lib/python3.10/site-packages/airflow/example_dags/example_latest_only.py
[2024-06-06T17:08:53.816+0530] {processor.py:840} INFO - DAG(s) 'latest_only' retrieved from /home/wsl/airflow_venv/lib/python3.10/site-packages/airflow/example_dags/example_latest_only.py
[2024-06-06T17:08:53.848+0530] {logging_mixin.py:188} INFO - [2024-06-06T17:08:53.848+0530] {dag.py:3096} INFO - Sync 1 DAGs
[2024-06-06T17:08:53.882+0530] {logging_mixin.py:188} INFO - [2024-06-06T17:08:53.882+0530] {dag.py:3954} INFO - Setting next_dagrun for latest_only to 2024-06-06 04:00:00+00:00, run_after=2024-06-06 08:00:00+00:00
[2024-06-06T17:08:53.920+0530] {processor.py:183} INFO - Processing /home/wsl/airflow_venv/lib/python3.10/site-packages/airflow/example_dags/example_latest_only.py took 0.135 seconds
[2024-06-06T17:11:05.995+0530] {processor.py:161} INFO - Started process (PID=83204) to work on /home/wsl/airflow_venv/lib/python3.10/site-packages/airflow/example_dags/example_latest_only.py
[2024-06-06T17:11:05.997+0530] {processor.py:830} INFO - Processing file /home/wsl/airflow_venv/lib/python3.10/site-packages/airflow/example_dags/example_latest_only.py for tasks to queue
[2024-06-06T17:11:05.998+0530] {logging_mixin.py:188} INFO - [2024-06-06T17:11:05.997+0530] {dagbag.py:540} INFO - Filling up the DagBag from /home/wsl/airflow_venv/lib/python3.10/site-packages/airflow/example_dags/example_latest_only.py
[2024-06-06T17:11:06.005+0530] {processor.py:840} INFO - DAG(s) 'latest_only' retrieved from /home/wsl/airflow_venv/lib/python3.10/site-packages/airflow/example_dags/example_latest_only.py
[2024-06-06T17:11:06.027+0530] {logging_mixin.py:188} INFO - [2024-06-06T17:11:06.027+0530] {dag.py:3096} INFO - Sync 1 DAGs
[2024-06-06T17:11:06.050+0530] {logging_mixin.py:188} INFO - [2024-06-06T17:11:06.050+0530] {dag.py:3954} INFO - Setting next_dagrun for latest_only to 2024-06-06 04:00:00+00:00, run_after=2024-06-06 08:00:00+00:00
[2024-06-06T17:11:06.090+0530] {processor.py:183} INFO - Processing /home/wsl/airflow_venv/lib/python3.10/site-packages/airflow/example_dags/example_latest_only.py took 0.103 seconds
