[2024-06-06T15:50:45.812+0530] {processor.py:161} INFO - Started process (PID=33853) to work on /home/wsl/airflow_venv/lib/python3.10/site-packages/airflow/example_dags/example_kubernetes_executor.py
[2024-06-06T15:50:45.824+0530] {processor.py:830} INFO - Processing file /home/wsl/airflow_venv/lib/python3.10/site-packages/airflow/example_dags/example_kubernetes_executor.py for tasks to queue
[2024-06-06T15:50:45.826+0530] {logging_mixin.py:188} INFO - [2024-06-06T15:50:45.825+0530] {dagbag.py:540} INFO - Filling up the DagBag from /home/wsl/airflow_venv/lib/python3.10/site-packages/airflow/example_dags/example_kubernetes_executor.py
[2024-06-06T15:50:45.842+0530] {logging_mixin.py:188} INFO - [2024-06-06T15:50:45.842+0530] {example_kubernetes_executor.py:39} WARNING - The example_kubernetes_executor example DAG requires the kubernetes provider. Please install it with: pip install apache-airflow[cncf.kubernetes]
[2024-06-06T15:50:45.843+0530] {processor.py:842} WARNING - No viable dags retrieved from /home/wsl/airflow_venv/lib/python3.10/site-packages/airflow/example_dags/example_kubernetes_executor.py
[2024-06-06T15:50:45.904+0530] {processor.py:183} INFO - Processing /home/wsl/airflow_venv/lib/python3.10/site-packages/airflow/example_dags/example_kubernetes_executor.py took 0.115 seconds
[2024-06-06T15:52:11.236+0530] {processor.py:161} INFO - Started process (PID=34644) to work on /home/wsl/airflow_venv/lib/python3.10/site-packages/airflow/example_dags/example_kubernetes_executor.py
[2024-06-06T15:52:11.237+0530] {processor.py:830} INFO - Processing file /home/wsl/airflow_venv/lib/python3.10/site-packages/airflow/example_dags/example_kubernetes_executor.py for tasks to queue
[2024-06-06T15:52:11.239+0530] {logging_mixin.py:188} INFO - [2024-06-06T15:52:11.238+0530] {dagbag.py:540} INFO - Filling up the DagBag from /home/wsl/airflow_venv/lib/python3.10/site-packages/airflow/example_dags/example_kubernetes_executor.py
[2024-06-06T15:52:11.243+0530] {logging_mixin.py:188} INFO - [2024-06-06T15:52:11.243+0530] {example_kubernetes_executor.py:39} WARNING - The example_kubernetes_executor example DAG requires the kubernetes provider. Please install it with: pip install apache-airflow[cncf.kubernetes]
[2024-06-06T15:52:11.244+0530] {processor.py:842} WARNING - No viable dags retrieved from /home/wsl/airflow_venv/lib/python3.10/site-packages/airflow/example_dags/example_kubernetes_executor.py
[2024-06-06T15:52:11.258+0530] {processor.py:183} INFO - Processing /home/wsl/airflow_venv/lib/python3.10/site-packages/airflow/example_dags/example_kubernetes_executor.py took 0.034 seconds
[2024-06-06T15:53:57.371+0530] {processor.py:161} INFO - Started process (PID=35667) to work on /home/wsl/airflow_venv/lib/python3.10/site-packages/airflow/example_dags/example_kubernetes_executor.py
[2024-06-06T15:53:57.374+0530] {processor.py:830} INFO - Processing file /home/wsl/airflow_venv/lib/python3.10/site-packages/airflow/example_dags/example_kubernetes_executor.py for tasks to queue
[2024-06-06T15:53:57.376+0530] {logging_mixin.py:188} INFO - [2024-06-06T15:53:57.375+0530] {dagbag.py:540} INFO - Filling up the DagBag from /home/wsl/airflow_venv/lib/python3.10/site-packages/airflow/example_dags/example_kubernetes_executor.py
[2024-06-06T15:53:57.381+0530] {logging_mixin.py:188} INFO - [2024-06-06T15:53:57.381+0530] {example_kubernetes_executor.py:39} WARNING - The example_kubernetes_executor example DAG requires the kubernetes provider. Please install it with: pip install apache-airflow[cncf.kubernetes]
[2024-06-06T15:53:57.382+0530] {processor.py:842} WARNING - No viable dags retrieved from /home/wsl/airflow_venv/lib/python3.10/site-packages/airflow/example_dags/example_kubernetes_executor.py
[2024-06-06T15:53:57.400+0530] {processor.py:183} INFO - Processing /home/wsl/airflow_venv/lib/python3.10/site-packages/airflow/example_dags/example_kubernetes_executor.py took 0.043 seconds
[2024-06-06T15:56:43.027+0530] {processor.py:161} INFO - Started process (PID=37268) to work on /home/wsl/airflow_venv/lib/python3.10/site-packages/airflow/example_dags/example_kubernetes_executor.py
[2024-06-06T15:56:43.030+0530] {processor.py:830} INFO - Processing file /home/wsl/airflow_venv/lib/python3.10/site-packages/airflow/example_dags/example_kubernetes_executor.py for tasks to queue
[2024-06-06T15:56:43.032+0530] {logging_mixin.py:188} INFO - [2024-06-06T15:56:43.031+0530] {dagbag.py:540} INFO - Filling up the DagBag from /home/wsl/airflow_venv/lib/python3.10/site-packages/airflow/example_dags/example_kubernetes_executor.py
[2024-06-06T15:56:43.035+0530] {logging_mixin.py:188} INFO - [2024-06-06T15:56:43.035+0530] {example_kubernetes_executor.py:39} WARNING - The example_kubernetes_executor example DAG requires the kubernetes provider. Please install it with: pip install apache-airflow[cncf.kubernetes]
[2024-06-06T15:56:43.036+0530] {processor.py:842} WARNING - No viable dags retrieved from /home/wsl/airflow_venv/lib/python3.10/site-packages/airflow/example_dags/example_kubernetes_executor.py
[2024-06-06T15:56:43.050+0530] {processor.py:183} INFO - Processing /home/wsl/airflow_venv/lib/python3.10/site-packages/airflow/example_dags/example_kubernetes_executor.py took 0.032 seconds
[2024-06-06T15:58:11.093+0530] {processor.py:161} INFO - Started process (PID=37946) to work on /home/wsl/airflow_venv/lib/python3.10/site-packages/airflow/example_dags/example_kubernetes_executor.py
[2024-06-06T15:58:11.096+0530] {processor.py:830} INFO - Processing file /home/wsl/airflow_venv/lib/python3.10/site-packages/airflow/example_dags/example_kubernetes_executor.py for tasks to queue
[2024-06-06T15:58:11.106+0530] {logging_mixin.py:188} INFO - [2024-06-06T15:58:11.097+0530] {dagbag.py:540} INFO - Filling up the DagBag from /home/wsl/airflow_venv/lib/python3.10/site-packages/airflow/example_dags/example_kubernetes_executor.py
[2024-06-06T15:58:11.111+0530] {logging_mixin.py:188} INFO - [2024-06-06T15:58:11.111+0530] {example_kubernetes_executor.py:39} WARNING - The example_kubernetes_executor example DAG requires the kubernetes provider. Please install it with: pip install apache-airflow[cncf.kubernetes]
[2024-06-06T15:58:11.122+0530] {processor.py:842} WARNING - No viable dags retrieved from /home/wsl/airflow_venv/lib/python3.10/site-packages/airflow/example_dags/example_kubernetes_executor.py
[2024-06-06T15:58:11.161+0530] {processor.py:183} INFO - Processing /home/wsl/airflow_venv/lib/python3.10/site-packages/airflow/example_dags/example_kubernetes_executor.py took 0.100 seconds
[2024-06-06T15:59:28.614+0530] {processor.py:161} INFO - Started process (PID=38471) to work on /home/wsl/airflow_venv/lib/python3.10/site-packages/airflow/example_dags/example_kubernetes_executor.py
[2024-06-06T15:59:28.615+0530] {processor.py:830} INFO - Processing file /home/wsl/airflow_venv/lib/python3.10/site-packages/airflow/example_dags/example_kubernetes_executor.py for tasks to queue
[2024-06-06T15:59:28.617+0530] {logging_mixin.py:188} INFO - [2024-06-06T15:59:28.616+0530] {dagbag.py:540} INFO - Filling up the DagBag from /home/wsl/airflow_venv/lib/python3.10/site-packages/airflow/example_dags/example_kubernetes_executor.py
[2024-06-06T15:59:28.620+0530] {logging_mixin.py:188} INFO - [2024-06-06T15:59:28.620+0530] {example_kubernetes_executor.py:39} WARNING - The example_kubernetes_executor example DAG requires the kubernetes provider. Please install it with: pip install apache-airflow[cncf.kubernetes]
[2024-06-06T15:59:28.620+0530] {processor.py:842} WARNING - No viable dags retrieved from /home/wsl/airflow_venv/lib/python3.10/site-packages/airflow/example_dags/example_kubernetes_executor.py
[2024-06-06T15:59:28.634+0530] {processor.py:183} INFO - Processing /home/wsl/airflow_venv/lib/python3.10/site-packages/airflow/example_dags/example_kubernetes_executor.py took 0.027 seconds
[2024-06-06T16:06:37.656+0530] {processor.py:161} INFO - Started process (PID=41693) to work on /home/wsl/airflow_venv/lib/python3.10/site-packages/airflow/example_dags/example_kubernetes_executor.py
[2024-06-06T16:06:37.658+0530] {processor.py:830} INFO - Processing file /home/wsl/airflow_venv/lib/python3.10/site-packages/airflow/example_dags/example_kubernetes_executor.py for tasks to queue
[2024-06-06T16:06:37.659+0530] {logging_mixin.py:188} INFO - [2024-06-06T16:06:37.659+0530] {dagbag.py:540} INFO - Filling up the DagBag from /home/wsl/airflow_venv/lib/python3.10/site-packages/airflow/example_dags/example_kubernetes_executor.py
[2024-06-06T16:06:37.663+0530] {logging_mixin.py:188} INFO - [2024-06-06T16:06:37.663+0530] {example_kubernetes_executor.py:39} WARNING - The example_kubernetes_executor example DAG requires the kubernetes provider. Please install it with: pip install apache-airflow[cncf.kubernetes]
[2024-06-06T16:06:37.663+0530] {processor.py:842} WARNING - No viable dags retrieved from /home/wsl/airflow_venv/lib/python3.10/site-packages/airflow/example_dags/example_kubernetes_executor.py
[2024-06-06T16:06:37.676+0530] {processor.py:183} INFO - Processing /home/wsl/airflow_venv/lib/python3.10/site-packages/airflow/example_dags/example_kubernetes_executor.py took 0.030 seconds
[2024-06-06T16:08:32.353+0530] {processor.py:161} INFO - Started process (PID=42942) to work on /home/wsl/airflow_venv/lib/python3.10/site-packages/airflow/example_dags/example_kubernetes_executor.py
[2024-06-06T16:08:32.356+0530] {processor.py:830} INFO - Processing file /home/wsl/airflow_venv/lib/python3.10/site-packages/airflow/example_dags/example_kubernetes_executor.py for tasks to queue
[2024-06-06T16:08:32.357+0530] {logging_mixin.py:188} INFO - [2024-06-06T16:08:32.357+0530] {dagbag.py:540} INFO - Filling up the DagBag from /home/wsl/airflow_venv/lib/python3.10/site-packages/airflow/example_dags/example_kubernetes_executor.py
[2024-06-06T16:08:32.362+0530] {logging_mixin.py:188} INFO - [2024-06-06T16:08:32.362+0530] {example_kubernetes_executor.py:39} WARNING - The example_kubernetes_executor example DAG requires the kubernetes provider. Please install it with: pip install apache-airflow[cncf.kubernetes]
[2024-06-06T16:08:32.363+0530] {processor.py:842} WARNING - No viable dags retrieved from /home/wsl/airflow_venv/lib/python3.10/site-packages/airflow/example_dags/example_kubernetes_executor.py
[2024-06-06T16:08:32.387+0530] {processor.py:183} INFO - Processing /home/wsl/airflow_venv/lib/python3.10/site-packages/airflow/example_dags/example_kubernetes_executor.py took 0.044 seconds
[2024-06-06T16:10:22.090+0530] {processor.py:161} INFO - Started process (PID=43890) to work on /home/wsl/airflow_venv/lib/python3.10/site-packages/airflow/example_dags/example_kubernetes_executor.py
[2024-06-06T16:10:22.092+0530] {processor.py:830} INFO - Processing file /home/wsl/airflow_venv/lib/python3.10/site-packages/airflow/example_dags/example_kubernetes_executor.py for tasks to queue
[2024-06-06T16:10:22.093+0530] {logging_mixin.py:188} INFO - [2024-06-06T16:10:22.093+0530] {dagbag.py:540} INFO - Filling up the DagBag from /home/wsl/airflow_venv/lib/python3.10/site-packages/airflow/example_dags/example_kubernetes_executor.py
[2024-06-06T16:10:22.097+0530] {logging_mixin.py:188} INFO - [2024-06-06T16:10:22.097+0530] {example_kubernetes_executor.py:39} WARNING - The example_kubernetes_executor example DAG requires the kubernetes provider. Please install it with: pip install apache-airflow[cncf.kubernetes]
[2024-06-06T16:10:22.098+0530] {processor.py:842} WARNING - No viable dags retrieved from /home/wsl/airflow_venv/lib/python3.10/site-packages/airflow/example_dags/example_kubernetes_executor.py
[2024-06-06T16:10:22.112+0530] {processor.py:183} INFO - Processing /home/wsl/airflow_venv/lib/python3.10/site-packages/airflow/example_dags/example_kubernetes_executor.py took 0.035 seconds
[2024-06-06T16:11:55.521+0530] {processor.py:161} INFO - Started process (PID=45026) to work on /home/wsl/airflow_venv/lib/python3.10/site-packages/airflow/example_dags/example_kubernetes_executor.py
[2024-06-06T16:11:55.523+0530] {processor.py:830} INFO - Processing file /home/wsl/airflow_venv/lib/python3.10/site-packages/airflow/example_dags/example_kubernetes_executor.py for tasks to queue
[2024-06-06T16:11:55.525+0530] {logging_mixin.py:188} INFO - [2024-06-06T16:11:55.524+0530] {dagbag.py:540} INFO - Filling up the DagBag from /home/wsl/airflow_venv/lib/python3.10/site-packages/airflow/example_dags/example_kubernetes_executor.py
[2024-06-06T16:11:55.532+0530] {logging_mixin.py:188} INFO - [2024-06-06T16:11:55.531+0530] {example_kubernetes_executor.py:39} WARNING - The example_kubernetes_executor example DAG requires the kubernetes provider. Please install it with: pip install apache-airflow[cncf.kubernetes]
[2024-06-06T16:11:55.533+0530] {processor.py:842} WARNING - No viable dags retrieved from /home/wsl/airflow_venv/lib/python3.10/site-packages/airflow/example_dags/example_kubernetes_executor.py
[2024-06-06T16:11:55.550+0530] {processor.py:183} INFO - Processing /home/wsl/airflow_venv/lib/python3.10/site-packages/airflow/example_dags/example_kubernetes_executor.py took 0.043 seconds
[2024-06-06T16:14:46.477+0530] {processor.py:161} INFO - Started process (PID=46960) to work on /home/wsl/airflow_venv/lib/python3.10/site-packages/airflow/example_dags/example_kubernetes_executor.py
[2024-06-06T16:14:46.480+0530] {processor.py:830} INFO - Processing file /home/wsl/airflow_venv/lib/python3.10/site-packages/airflow/example_dags/example_kubernetes_executor.py for tasks to queue
[2024-06-06T16:14:46.482+0530] {logging_mixin.py:188} INFO - [2024-06-06T16:14:46.481+0530] {dagbag.py:540} INFO - Filling up the DagBag from /home/wsl/airflow_venv/lib/python3.10/site-packages/airflow/example_dags/example_kubernetes_executor.py
[2024-06-06T16:14:46.487+0530] {logging_mixin.py:188} INFO - [2024-06-06T16:14:46.487+0530] {example_kubernetes_executor.py:39} WARNING - The example_kubernetes_executor example DAG requires the kubernetes provider. Please install it with: pip install apache-airflow[cncf.kubernetes]
[2024-06-06T16:14:46.488+0530] {processor.py:842} WARNING - No viable dags retrieved from /home/wsl/airflow_venv/lib/python3.10/site-packages/airflow/example_dags/example_kubernetes_executor.py
[2024-06-06T16:14:46.499+0530] {processor.py:183} INFO - Processing /home/wsl/airflow_venv/lib/python3.10/site-packages/airflow/example_dags/example_kubernetes_executor.py took 0.043 seconds
[2024-06-06T16:26:23.018+0530] {processor.py:161} INFO - Started process (PID=52131) to work on /home/wsl/airflow_venv/lib/python3.10/site-packages/airflow/example_dags/example_kubernetes_executor.py
[2024-06-06T16:26:23.020+0530] {processor.py:830} INFO - Processing file /home/wsl/airflow_venv/lib/python3.10/site-packages/airflow/example_dags/example_kubernetes_executor.py for tasks to queue
[2024-06-06T16:26:23.022+0530] {logging_mixin.py:188} INFO - [2024-06-06T16:26:23.021+0530] {dagbag.py:540} INFO - Filling up the DagBag from /home/wsl/airflow_venv/lib/python3.10/site-packages/airflow/example_dags/example_kubernetes_executor.py
[2024-06-06T16:26:23.026+0530] {logging_mixin.py:188} INFO - [2024-06-06T16:26:23.026+0530] {example_kubernetes_executor.py:39} WARNING - The example_kubernetes_executor example DAG requires the kubernetes provider. Please install it with: pip install apache-airflow[cncf.kubernetes]
[2024-06-06T16:26:23.026+0530] {processor.py:842} WARNING - No viable dags retrieved from /home/wsl/airflow_venv/lib/python3.10/site-packages/airflow/example_dags/example_kubernetes_executor.py
[2024-06-06T16:26:23.045+0530] {processor.py:183} INFO - Processing /home/wsl/airflow_venv/lib/python3.10/site-packages/airflow/example_dags/example_kubernetes_executor.py took 0.037 seconds
[2024-06-06T16:29:22.355+0530] {processor.py:161} INFO - Started process (PID=53968) to work on /home/wsl/airflow_venv/lib/python3.10/site-packages/airflow/example_dags/example_kubernetes_executor.py
[2024-06-06T16:29:22.359+0530] {processor.py:830} INFO - Processing file /home/wsl/airflow_venv/lib/python3.10/site-packages/airflow/example_dags/example_kubernetes_executor.py for tasks to queue
[2024-06-06T16:29:22.362+0530] {logging_mixin.py:188} INFO - [2024-06-06T16:29:22.361+0530] {dagbag.py:540} INFO - Filling up the DagBag from /home/wsl/airflow_venv/lib/python3.10/site-packages/airflow/example_dags/example_kubernetes_executor.py
[2024-06-06T16:29:22.372+0530] {logging_mixin.py:188} INFO - [2024-06-06T16:29:22.371+0530] {example_kubernetes_executor.py:39} WARNING - The example_kubernetes_executor example DAG requires the kubernetes provider. Please install it with: pip install apache-airflow[cncf.kubernetes]
[2024-06-06T16:29:22.373+0530] {processor.py:842} WARNING - No viable dags retrieved from /home/wsl/airflow_venv/lib/python3.10/site-packages/airflow/example_dags/example_kubernetes_executor.py
[2024-06-06T16:29:22.410+0530] {processor.py:183} INFO - Processing /home/wsl/airflow_venv/lib/python3.10/site-packages/airflow/example_dags/example_kubernetes_executor.py took 0.074 seconds
[2024-06-06T16:31:55.963+0530] {processor.py:161} INFO - Started process (PID=55741) to work on /home/wsl/airflow_venv/lib/python3.10/site-packages/airflow/example_dags/example_kubernetes_executor.py
[2024-06-06T16:31:55.968+0530] {processor.py:830} INFO - Processing file /home/wsl/airflow_venv/lib/python3.10/site-packages/airflow/example_dags/example_kubernetes_executor.py for tasks to queue
[2024-06-06T16:31:55.970+0530] {logging_mixin.py:188} INFO - [2024-06-06T16:31:55.969+0530] {dagbag.py:540} INFO - Filling up the DagBag from /home/wsl/airflow_venv/lib/python3.10/site-packages/airflow/example_dags/example_kubernetes_executor.py
[2024-06-06T16:31:55.974+0530] {logging_mixin.py:188} INFO - [2024-06-06T16:31:55.974+0530] {example_kubernetes_executor.py:39} WARNING - The example_kubernetes_executor example DAG requires the kubernetes provider. Please install it with: pip install apache-airflow[cncf.kubernetes]
[2024-06-06T16:31:55.975+0530] {processor.py:842} WARNING - No viable dags retrieved from /home/wsl/airflow_venv/lib/python3.10/site-packages/airflow/example_dags/example_kubernetes_executor.py
[2024-06-06T16:31:55.993+0530] {processor.py:183} INFO - Processing /home/wsl/airflow_venv/lib/python3.10/site-packages/airflow/example_dags/example_kubernetes_executor.py took 0.039 seconds
[2024-06-06T16:33:49.652+0530] {processor.py:161} INFO - Started process (PID=57045) to work on /home/wsl/airflow_venv/lib/python3.10/site-packages/airflow/example_dags/example_kubernetes_executor.py
[2024-06-06T16:33:49.655+0530] {processor.py:830} INFO - Processing file /home/wsl/airflow_venv/lib/python3.10/site-packages/airflow/example_dags/example_kubernetes_executor.py for tasks to queue
[2024-06-06T16:33:49.657+0530] {logging_mixin.py:188} INFO - [2024-06-06T16:33:49.656+0530] {dagbag.py:540} INFO - Filling up the DagBag from /home/wsl/airflow_venv/lib/python3.10/site-packages/airflow/example_dags/example_kubernetes_executor.py
[2024-06-06T16:33:49.663+0530] {logging_mixin.py:188} INFO - [2024-06-06T16:33:49.663+0530] {example_kubernetes_executor.py:39} WARNING - The example_kubernetes_executor example DAG requires the kubernetes provider. Please install it with: pip install apache-airflow[cncf.kubernetes]
[2024-06-06T16:33:49.664+0530] {processor.py:842} WARNING - No viable dags retrieved from /home/wsl/airflow_venv/lib/python3.10/site-packages/airflow/example_dags/example_kubernetes_executor.py
[2024-06-06T16:33:49.677+0530] {processor.py:183} INFO - Processing /home/wsl/airflow_venv/lib/python3.10/site-packages/airflow/example_dags/example_kubernetes_executor.py took 0.040 seconds
[2024-06-06T16:36:03.025+0530] {processor.py:161} INFO - Started process (PID=58491) to work on /home/wsl/airflow_venv/lib/python3.10/site-packages/airflow/example_dags/example_kubernetes_executor.py
[2024-06-06T16:36:03.027+0530] {processor.py:830} INFO - Processing file /home/wsl/airflow_venv/lib/python3.10/site-packages/airflow/example_dags/example_kubernetes_executor.py for tasks to queue
[2024-06-06T16:36:03.029+0530] {logging_mixin.py:188} INFO - [2024-06-06T16:36:03.028+0530] {dagbag.py:540} INFO - Filling up the DagBag from /home/wsl/airflow_venv/lib/python3.10/site-packages/airflow/example_dags/example_kubernetes_executor.py
[2024-06-06T16:36:03.034+0530] {logging_mixin.py:188} INFO - [2024-06-06T16:36:03.033+0530] {example_kubernetes_executor.py:39} WARNING - The example_kubernetes_executor example DAG requires the kubernetes provider. Please install it with: pip install apache-airflow[cncf.kubernetes]
[2024-06-06T16:36:03.034+0530] {processor.py:842} WARNING - No viable dags retrieved from /home/wsl/airflow_venv/lib/python3.10/site-packages/airflow/example_dags/example_kubernetes_executor.py
[2024-06-06T16:36:03.052+0530] {processor.py:183} INFO - Processing /home/wsl/airflow_venv/lib/python3.10/site-packages/airflow/example_dags/example_kubernetes_executor.py took 0.046 seconds
[2024-06-06T16:38:34.369+0530] {processor.py:161} INFO - Started process (PID=59998) to work on /home/wsl/airflow_venv/lib/python3.10/site-packages/airflow/example_dags/example_kubernetes_executor.py
[2024-06-06T16:38:34.388+0530] {processor.py:830} INFO - Processing file /home/wsl/airflow_venv/lib/python3.10/site-packages/airflow/example_dags/example_kubernetes_executor.py for tasks to queue
[2024-06-06T16:38:34.389+0530] {logging_mixin.py:188} INFO - [2024-06-06T16:38:34.389+0530] {dagbag.py:540} INFO - Filling up the DagBag from /home/wsl/airflow_venv/lib/python3.10/site-packages/airflow/example_dags/example_kubernetes_executor.py
[2024-06-06T16:38:34.395+0530] {logging_mixin.py:188} INFO - [2024-06-06T16:38:34.395+0530] {example_kubernetes_executor.py:39} WARNING - The example_kubernetes_executor example DAG requires the kubernetes provider. Please install it with: pip install apache-airflow[cncf.kubernetes]
[2024-06-06T16:38:34.396+0530] {processor.py:842} WARNING - No viable dags retrieved from /home/wsl/airflow_venv/lib/python3.10/site-packages/airflow/example_dags/example_kubernetes_executor.py
[2024-06-06T16:38:34.439+0530] {processor.py:183} INFO - Processing /home/wsl/airflow_venv/lib/python3.10/site-packages/airflow/example_dags/example_kubernetes_executor.py took 0.079 seconds
[2024-06-06T16:40:43.122+0530] {processor.py:161} INFO - Started process (PID=61607) to work on /home/wsl/airflow_venv/lib/python3.10/site-packages/airflow/example_dags/example_kubernetes_executor.py
[2024-06-06T16:40:43.125+0530] {processor.py:830} INFO - Processing file /home/wsl/airflow_venv/lib/python3.10/site-packages/airflow/example_dags/example_kubernetes_executor.py for tasks to queue
[2024-06-06T16:40:43.127+0530] {logging_mixin.py:188} INFO - [2024-06-06T16:40:43.127+0530] {dagbag.py:540} INFO - Filling up the DagBag from /home/wsl/airflow_venv/lib/python3.10/site-packages/airflow/example_dags/example_kubernetes_executor.py
[2024-06-06T16:40:43.132+0530] {logging_mixin.py:188} INFO - [2024-06-06T16:40:43.132+0530] {example_kubernetes_executor.py:39} WARNING - The example_kubernetes_executor example DAG requires the kubernetes provider. Please install it with: pip install apache-airflow[cncf.kubernetes]
[2024-06-06T16:40:43.132+0530] {processor.py:842} WARNING - No viable dags retrieved from /home/wsl/airflow_venv/lib/python3.10/site-packages/airflow/example_dags/example_kubernetes_executor.py
[2024-06-06T16:40:43.149+0530] {processor.py:183} INFO - Processing /home/wsl/airflow_venv/lib/python3.10/site-packages/airflow/example_dags/example_kubernetes_executor.py took 0.044 seconds
[2024-06-06T16:42:39.898+0530] {processor.py:161} INFO - Started process (PID=62482) to work on /home/wsl/airflow_venv/lib/python3.10/site-packages/airflow/example_dags/example_kubernetes_executor.py
[2024-06-06T16:42:39.901+0530] {processor.py:830} INFO - Processing file /home/wsl/airflow_venv/lib/python3.10/site-packages/airflow/example_dags/example_kubernetes_executor.py for tasks to queue
[2024-06-06T16:42:39.902+0530] {logging_mixin.py:188} INFO - [2024-06-06T16:42:39.902+0530] {dagbag.py:540} INFO - Filling up the DagBag from /home/wsl/airflow_venv/lib/python3.10/site-packages/airflow/example_dags/example_kubernetes_executor.py
[2024-06-06T16:42:39.907+0530] {logging_mixin.py:188} INFO - [2024-06-06T16:42:39.907+0530] {example_kubernetes_executor.py:39} WARNING - The example_kubernetes_executor example DAG requires the kubernetes provider. Please install it with: pip install apache-airflow[cncf.kubernetes]
[2024-06-06T16:42:39.908+0530] {processor.py:842} WARNING - No viable dags retrieved from /home/wsl/airflow_venv/lib/python3.10/site-packages/airflow/example_dags/example_kubernetes_executor.py
[2024-06-06T16:42:39.931+0530] {processor.py:183} INFO - Processing /home/wsl/airflow_venv/lib/python3.10/site-packages/airflow/example_dags/example_kubernetes_executor.py took 0.044 seconds
[2024-06-06T16:44:54.116+0530] {processor.py:161} INFO - Started process (PID=64113) to work on /home/wsl/airflow_venv/lib/python3.10/site-packages/airflow/example_dags/example_kubernetes_executor.py
[2024-06-06T16:44:54.118+0530] {processor.py:830} INFO - Processing file /home/wsl/airflow_venv/lib/python3.10/site-packages/airflow/example_dags/example_kubernetes_executor.py for tasks to queue
[2024-06-06T16:44:54.120+0530] {logging_mixin.py:188} INFO - [2024-06-06T16:44:54.120+0530] {dagbag.py:540} INFO - Filling up the DagBag from /home/wsl/airflow_venv/lib/python3.10/site-packages/airflow/example_dags/example_kubernetes_executor.py
[2024-06-06T16:44:54.123+0530] {logging_mixin.py:188} INFO - [2024-06-06T16:44:54.123+0530] {example_kubernetes_executor.py:39} WARNING - The example_kubernetes_executor example DAG requires the kubernetes provider. Please install it with: pip install apache-airflow[cncf.kubernetes]
[2024-06-06T16:44:54.124+0530] {processor.py:842} WARNING - No viable dags retrieved from /home/wsl/airflow_venv/lib/python3.10/site-packages/airflow/example_dags/example_kubernetes_executor.py
[2024-06-06T16:44:54.135+0530] {processor.py:183} INFO - Processing /home/wsl/airflow_venv/lib/python3.10/site-packages/airflow/example_dags/example_kubernetes_executor.py took 0.026 seconds
[2024-06-06T16:47:30.424+0530] {processor.py:161} INFO - Started process (PID=66037) to work on /home/wsl/airflow_venv/lib/python3.10/site-packages/airflow/example_dags/example_kubernetes_executor.py
[2024-06-06T16:47:30.427+0530] {processor.py:830} INFO - Processing file /home/wsl/airflow_venv/lib/python3.10/site-packages/airflow/example_dags/example_kubernetes_executor.py for tasks to queue
[2024-06-06T16:47:30.428+0530] {logging_mixin.py:188} INFO - [2024-06-06T16:47:30.428+0530] {dagbag.py:540} INFO - Filling up the DagBag from /home/wsl/airflow_venv/lib/python3.10/site-packages/airflow/example_dags/example_kubernetes_executor.py
[2024-06-06T16:47:30.433+0530] {logging_mixin.py:188} INFO - [2024-06-06T16:47:30.432+0530] {example_kubernetes_executor.py:39} WARNING - The example_kubernetes_executor example DAG requires the kubernetes provider. Please install it with: pip install apache-airflow[cncf.kubernetes]
[2024-06-06T16:47:30.434+0530] {processor.py:842} WARNING - No viable dags retrieved from /home/wsl/airflow_venv/lib/python3.10/site-packages/airflow/example_dags/example_kubernetes_executor.py
[2024-06-06T16:47:30.449+0530] {processor.py:183} INFO - Processing /home/wsl/airflow_venv/lib/python3.10/site-packages/airflow/example_dags/example_kubernetes_executor.py took 0.033 seconds
[2024-06-06T16:50:01.139+0530] {processor.py:161} INFO - Started process (PID=67662) to work on /home/wsl/airflow_venv/lib/python3.10/site-packages/airflow/example_dags/example_kubernetes_executor.py
[2024-06-06T16:50:01.141+0530] {processor.py:830} INFO - Processing file /home/wsl/airflow_venv/lib/python3.10/site-packages/airflow/example_dags/example_kubernetes_executor.py for tasks to queue
[2024-06-06T16:50:01.142+0530] {logging_mixin.py:188} INFO - [2024-06-06T16:50:01.142+0530] {dagbag.py:540} INFO - Filling up the DagBag from /home/wsl/airflow_venv/lib/python3.10/site-packages/airflow/example_dags/example_kubernetes_executor.py
[2024-06-06T16:50:01.150+0530] {logging_mixin.py:188} INFO - [2024-06-06T16:50:01.150+0530] {example_kubernetes_executor.py:39} WARNING - The example_kubernetes_executor example DAG requires the kubernetes provider. Please install it with: pip install apache-airflow[cncf.kubernetes]
[2024-06-06T16:50:01.151+0530] {processor.py:842} WARNING - No viable dags retrieved from /home/wsl/airflow_venv/lib/python3.10/site-packages/airflow/example_dags/example_kubernetes_executor.py
[2024-06-06T16:50:01.169+0530] {processor.py:183} INFO - Processing /home/wsl/airflow_venv/lib/python3.10/site-packages/airflow/example_dags/example_kubernetes_executor.py took 0.041 seconds
[2024-06-06T16:52:52.546+0530] {processor.py:161} INFO - Started process (PID=69402) to work on /home/wsl/airflow_venv/lib/python3.10/site-packages/airflow/example_dags/example_kubernetes_executor.py
[2024-06-06T16:52:52.548+0530] {processor.py:830} INFO - Processing file /home/wsl/airflow_venv/lib/python3.10/site-packages/airflow/example_dags/example_kubernetes_executor.py for tasks to queue
[2024-06-06T16:52:52.550+0530] {logging_mixin.py:188} INFO - [2024-06-06T16:52:52.549+0530] {dagbag.py:540} INFO - Filling up the DagBag from /home/wsl/airflow_venv/lib/python3.10/site-packages/airflow/example_dags/example_kubernetes_executor.py
[2024-06-06T16:52:52.557+0530] {logging_mixin.py:188} INFO - [2024-06-06T16:52:52.557+0530] {example_kubernetes_executor.py:39} WARNING - The example_kubernetes_executor example DAG requires the kubernetes provider. Please install it with: pip install apache-airflow[cncf.kubernetes]
[2024-06-06T16:52:52.558+0530] {processor.py:842} WARNING - No viable dags retrieved from /home/wsl/airflow_venv/lib/python3.10/site-packages/airflow/example_dags/example_kubernetes_executor.py
[2024-06-06T16:52:52.575+0530] {processor.py:183} INFO - Processing /home/wsl/airflow_venv/lib/python3.10/site-packages/airflow/example_dags/example_kubernetes_executor.py took 0.038 seconds
[2024-06-06T16:55:18.107+0530] {processor.py:161} INFO - Started process (PID=71099) to work on /home/wsl/airflow_venv/lib/python3.10/site-packages/airflow/example_dags/example_kubernetes_executor.py
[2024-06-06T16:55:18.110+0530] {processor.py:830} INFO - Processing file /home/wsl/airflow_venv/lib/python3.10/site-packages/airflow/example_dags/example_kubernetes_executor.py for tasks to queue
[2024-06-06T16:55:18.111+0530] {logging_mixin.py:188} INFO - [2024-06-06T16:55:18.111+0530] {dagbag.py:540} INFO - Filling up the DagBag from /home/wsl/airflow_venv/lib/python3.10/site-packages/airflow/example_dags/example_kubernetes_executor.py
[2024-06-06T16:55:18.115+0530] {logging_mixin.py:188} INFO - [2024-06-06T16:55:18.115+0530] {example_kubernetes_executor.py:39} WARNING - The example_kubernetes_executor example DAG requires the kubernetes provider. Please install it with: pip install apache-airflow[cncf.kubernetes]
[2024-06-06T16:55:18.116+0530] {processor.py:842} WARNING - No viable dags retrieved from /home/wsl/airflow_venv/lib/python3.10/site-packages/airflow/example_dags/example_kubernetes_executor.py
[2024-06-06T16:55:18.128+0530] {processor.py:183} INFO - Processing /home/wsl/airflow_venv/lib/python3.10/site-packages/airflow/example_dags/example_kubernetes_executor.py took 0.032 seconds
[2024-06-06T16:57:12.150+0530] {processor.py:161} INFO - Started process (PID=72548) to work on /home/wsl/airflow_venv/lib/python3.10/site-packages/airflow/example_dags/example_kubernetes_executor.py
[2024-06-06T16:57:12.153+0530] {processor.py:830} INFO - Processing file /home/wsl/airflow_venv/lib/python3.10/site-packages/airflow/example_dags/example_kubernetes_executor.py for tasks to queue
[2024-06-06T16:57:12.154+0530] {logging_mixin.py:188} INFO - [2024-06-06T16:57:12.153+0530] {dagbag.py:540} INFO - Filling up the DagBag from /home/wsl/airflow_venv/lib/python3.10/site-packages/airflow/example_dags/example_kubernetes_executor.py
[2024-06-06T16:57:12.157+0530] {logging_mixin.py:188} INFO - [2024-06-06T16:57:12.157+0530] {example_kubernetes_executor.py:39} WARNING - The example_kubernetes_executor example DAG requires the kubernetes provider. Please install it with: pip install apache-airflow[cncf.kubernetes]
[2024-06-06T16:57:12.157+0530] {processor.py:842} WARNING - No viable dags retrieved from /home/wsl/airflow_venv/lib/python3.10/site-packages/airflow/example_dags/example_kubernetes_executor.py
[2024-06-06T16:57:12.170+0530] {processor.py:183} INFO - Processing /home/wsl/airflow_venv/lib/python3.10/site-packages/airflow/example_dags/example_kubernetes_executor.py took 0.027 seconds
[2024-06-06T16:59:46.084+0530] {processor.py:161} INFO - Started process (PID=74319) to work on /home/wsl/airflow_venv/lib/python3.10/site-packages/airflow/example_dags/example_kubernetes_executor.py
[2024-06-06T16:59:46.088+0530] {processor.py:830} INFO - Processing file /home/wsl/airflow_venv/lib/python3.10/site-packages/airflow/example_dags/example_kubernetes_executor.py for tasks to queue
[2024-06-06T16:59:46.089+0530] {logging_mixin.py:188} INFO - [2024-06-06T16:59:46.088+0530] {dagbag.py:540} INFO - Filling up the DagBag from /home/wsl/airflow_venv/lib/python3.10/site-packages/airflow/example_dags/example_kubernetes_executor.py
[2024-06-06T16:59:46.092+0530] {logging_mixin.py:188} INFO - [2024-06-06T16:59:46.092+0530] {example_kubernetes_executor.py:39} WARNING - The example_kubernetes_executor example DAG requires the kubernetes provider. Please install it with: pip install apache-airflow[cncf.kubernetes]
[2024-06-06T16:59:46.093+0530] {processor.py:842} WARNING - No viable dags retrieved from /home/wsl/airflow_venv/lib/python3.10/site-packages/airflow/example_dags/example_kubernetes_executor.py
[2024-06-06T16:59:46.106+0530] {processor.py:183} INFO - Processing /home/wsl/airflow_venv/lib/python3.10/site-packages/airflow/example_dags/example_kubernetes_executor.py took 0.029 seconds
[2024-06-06T17:01:50.882+0530] {processor.py:161} INFO - Started process (PID=75979) to work on /home/wsl/airflow_venv/lib/python3.10/site-packages/airflow/example_dags/example_kubernetes_executor.py
[2024-06-06T17:01:50.884+0530] {processor.py:830} INFO - Processing file /home/wsl/airflow_venv/lib/python3.10/site-packages/airflow/example_dags/example_kubernetes_executor.py for tasks to queue
[2024-06-06T17:01:50.886+0530] {logging_mixin.py:188} INFO - [2024-06-06T17:01:50.885+0530] {dagbag.py:540} INFO - Filling up the DagBag from /home/wsl/airflow_venv/lib/python3.10/site-packages/airflow/example_dags/example_kubernetes_executor.py
[2024-06-06T17:01:50.891+0530] {logging_mixin.py:188} INFO - [2024-06-06T17:01:50.890+0530] {example_kubernetes_executor.py:39} WARNING - The example_kubernetes_executor example DAG requires the kubernetes provider. Please install it with: pip install apache-airflow[cncf.kubernetes]
[2024-06-06T17:01:50.892+0530] {processor.py:842} WARNING - No viable dags retrieved from /home/wsl/airflow_venv/lib/python3.10/site-packages/airflow/example_dags/example_kubernetes_executor.py
[2024-06-06T17:01:50.916+0530] {processor.py:183} INFO - Processing /home/wsl/airflow_venv/lib/python3.10/site-packages/airflow/example_dags/example_kubernetes_executor.py took 0.047 seconds
[2024-06-06T17:03:51.667+0530] {processor.py:161} INFO - Started process (PID=77504) to work on /home/wsl/airflow_venv/lib/python3.10/site-packages/airflow/example_dags/example_kubernetes_executor.py
[2024-06-06T17:03:51.670+0530] {processor.py:830} INFO - Processing file /home/wsl/airflow_venv/lib/python3.10/site-packages/airflow/example_dags/example_kubernetes_executor.py for tasks to queue
[2024-06-06T17:03:51.671+0530] {logging_mixin.py:188} INFO - [2024-06-06T17:03:51.670+0530] {dagbag.py:540} INFO - Filling up the DagBag from /home/wsl/airflow_venv/lib/python3.10/site-packages/airflow/example_dags/example_kubernetes_executor.py
[2024-06-06T17:03:51.676+0530] {logging_mixin.py:188} INFO - [2024-06-06T17:03:51.675+0530] {example_kubernetes_executor.py:39} WARNING - The example_kubernetes_executor example DAG requires the kubernetes provider. Please install it with: pip install apache-airflow[cncf.kubernetes]
[2024-06-06T17:03:51.676+0530] {processor.py:842} WARNING - No viable dags retrieved from /home/wsl/airflow_venv/lib/python3.10/site-packages/airflow/example_dags/example_kubernetes_executor.py
[2024-06-06T17:03:51.692+0530] {processor.py:183} INFO - Processing /home/wsl/airflow_venv/lib/python3.10/site-packages/airflow/example_dags/example_kubernetes_executor.py took 0.035 seconds
[2024-06-06T17:05:55.911+0530] {processor.py:161} INFO - Started process (PID=79069) to work on /home/wsl/airflow_venv/lib/python3.10/site-packages/airflow/example_dags/example_kubernetes_executor.py
[2024-06-06T17:05:55.913+0530] {processor.py:830} INFO - Processing file /home/wsl/airflow_venv/lib/python3.10/site-packages/airflow/example_dags/example_kubernetes_executor.py for tasks to queue
[2024-06-06T17:05:55.914+0530] {logging_mixin.py:188} INFO - [2024-06-06T17:05:55.913+0530] {dagbag.py:540} INFO - Filling up the DagBag from /home/wsl/airflow_venv/lib/python3.10/site-packages/airflow/example_dags/example_kubernetes_executor.py
[2024-06-06T17:05:55.917+0530] {logging_mixin.py:188} INFO - [2024-06-06T17:05:55.917+0530] {example_kubernetes_executor.py:39} WARNING - The example_kubernetes_executor example DAG requires the kubernetes provider. Please install it with: pip install apache-airflow[cncf.kubernetes]
[2024-06-06T17:05:55.917+0530] {processor.py:842} WARNING - No viable dags retrieved from /home/wsl/airflow_venv/lib/python3.10/site-packages/airflow/example_dags/example_kubernetes_executor.py
[2024-06-06T17:05:55.929+0530] {processor.py:183} INFO - Processing /home/wsl/airflow_venv/lib/python3.10/site-packages/airflow/example_dags/example_kubernetes_executor.py took 0.026 seconds
[2024-06-06T17:07:52.667+0530] {processor.py:161} INFO - Started process (PID=80617) to work on /home/wsl/airflow_venv/lib/python3.10/site-packages/airflow/example_dags/example_kubernetes_executor.py
[2024-06-06T17:07:52.669+0530] {processor.py:830} INFO - Processing file /home/wsl/airflow_venv/lib/python3.10/site-packages/airflow/example_dags/example_kubernetes_executor.py for tasks to queue
[2024-06-06T17:07:52.671+0530] {logging_mixin.py:188} INFO - [2024-06-06T17:07:52.670+0530] {dagbag.py:540} INFO - Filling up the DagBag from /home/wsl/airflow_venv/lib/python3.10/site-packages/airflow/example_dags/example_kubernetes_executor.py
[2024-06-06T17:07:52.675+0530] {logging_mixin.py:188} INFO - [2024-06-06T17:07:52.675+0530] {example_kubernetes_executor.py:39} WARNING - The example_kubernetes_executor example DAG requires the kubernetes provider. Please install it with: pip install apache-airflow[cncf.kubernetes]
[2024-06-06T17:07:52.676+0530] {processor.py:842} WARNING - No viable dags retrieved from /home/wsl/airflow_venv/lib/python3.10/site-packages/airflow/example_dags/example_kubernetes_executor.py
[2024-06-06T17:07:52.689+0530] {processor.py:183} INFO - Processing /home/wsl/airflow_venv/lib/python3.10/site-packages/airflow/example_dags/example_kubernetes_executor.py took 0.032 seconds
[2024-06-06T17:10:07.157+0530] {processor.py:161} INFO - Started process (PID=82381) to work on /home/wsl/airflow_venv/lib/python3.10/site-packages/airflow/example_dags/example_kubernetes_executor.py
[2024-06-06T17:10:07.159+0530] {processor.py:830} INFO - Processing file /home/wsl/airflow_venv/lib/python3.10/site-packages/airflow/example_dags/example_kubernetes_executor.py for tasks to queue
[2024-06-06T17:10:07.160+0530] {logging_mixin.py:188} INFO - [2024-06-06T17:10:07.159+0530] {dagbag.py:540} INFO - Filling up the DagBag from /home/wsl/airflow_venv/lib/python3.10/site-packages/airflow/example_dags/example_kubernetes_executor.py
[2024-06-06T17:10:07.163+0530] {logging_mixin.py:188} INFO - [2024-06-06T17:10:07.163+0530] {example_kubernetes_executor.py:39} WARNING - The example_kubernetes_executor example DAG requires the kubernetes provider. Please install it with: pip install apache-airflow[cncf.kubernetes]
[2024-06-06T17:10:07.163+0530] {processor.py:842} WARNING - No viable dags retrieved from /home/wsl/airflow_venv/lib/python3.10/site-packages/airflow/example_dags/example_kubernetes_executor.py
[2024-06-06T17:10:07.178+0530] {processor.py:183} INFO - Processing /home/wsl/airflow_venv/lib/python3.10/site-packages/airflow/example_dags/example_kubernetes_executor.py took 0.030 seconds
[2024-06-06T17:12:33.470+0530] {processor.py:161} INFO - Started process (PID=84182) to work on /home/wsl/airflow_venv/lib/python3.10/site-packages/airflow/example_dags/example_kubernetes_executor.py
[2024-06-06T17:12:33.471+0530] {processor.py:830} INFO - Processing file /home/wsl/airflow_venv/lib/python3.10/site-packages/airflow/example_dags/example_kubernetes_executor.py for tasks to queue
[2024-06-06T17:12:33.472+0530] {logging_mixin.py:188} INFO - [2024-06-06T17:12:33.472+0530] {dagbag.py:540} INFO - Filling up the DagBag from /home/wsl/airflow_venv/lib/python3.10/site-packages/airflow/example_dags/example_kubernetes_executor.py
[2024-06-06T17:12:33.476+0530] {logging_mixin.py:188} INFO - [2024-06-06T17:12:33.475+0530] {example_kubernetes_executor.py:39} WARNING - The example_kubernetes_executor example DAG requires the kubernetes provider. Please install it with: pip install apache-airflow[cncf.kubernetes]
[2024-06-06T17:12:33.476+0530] {processor.py:842} WARNING - No viable dags retrieved from /home/wsl/airflow_venv/lib/python3.10/site-packages/airflow/example_dags/example_kubernetes_executor.py
[2024-06-06T17:12:33.489+0530] {processor.py:183} INFO - Processing /home/wsl/airflow_venv/lib/python3.10/site-packages/airflow/example_dags/example_kubernetes_executor.py took 0.027 seconds
