[2024-06-06T15:49:28.514+0530] {processor.py:161} INFO - Started process (PID=33240) to work on /home/wsl/airflow_venv/lib/python3.10/site-packages/airflow/example_dags/example_trigger_target_dag.py
[2024-06-06T15:49:28.516+0530] {processor.py:830} INFO - Processing file /home/wsl/airflow_venv/lib/python3.10/site-packages/airflow/example_dags/example_trigger_target_dag.py for tasks to queue
[2024-06-06T15:49:28.525+0530] {logging_mixin.py:188} INFO - [2024-06-06T15:49:28.524+0530] {dagbag.py:540} INFO - Filling up the DagBag from /home/wsl/airflow_venv/lib/python3.10/site-packages/airflow/example_dags/example_trigger_target_dag.py
[2024-06-06T15:49:28.541+0530] {processor.py:840} INFO - DAG(s) 'example_trigger_target_dag' retrieved from /home/wsl/airflow_venv/lib/python3.10/site-packages/airflow/example_dags/example_trigger_target_dag.py
[2024-06-06T15:49:28.552+0530] {logging_mixin.py:188} INFO - [2024-06-06T15:49:28.552+0530] {dag.py:3096} INFO - Sync 1 DAGs
[2024-06-06T15:49:28.572+0530] {logging_mixin.py:188} INFO - [2024-06-06T15:49:28.572+0530] {dag.py:3954} INFO - Setting next_dagrun for example_trigger_target_dag to None, run_after=None
[2024-06-06T15:49:28.601+0530] {processor.py:183} INFO - Processing /home/wsl/airflow_venv/lib/python3.10/site-packages/airflow/example_dags/example_trigger_target_dag.py took 0.098 seconds
[2024-06-06T15:51:15.830+0530] {processor.py:161} INFO - Started process (PID=34069) to work on /home/wsl/airflow_venv/lib/python3.10/site-packages/airflow/example_dags/example_trigger_target_dag.py
[2024-06-06T15:51:15.832+0530] {processor.py:830} INFO - Processing file /home/wsl/airflow_venv/lib/python3.10/site-packages/airflow/example_dags/example_trigger_target_dag.py for tasks to queue
[2024-06-06T15:51:15.833+0530] {logging_mixin.py:188} INFO - [2024-06-06T15:51:15.832+0530] {dagbag.py:540} INFO - Filling up the DagBag from /home/wsl/airflow_venv/lib/python3.10/site-packages/airflow/example_dags/example_trigger_target_dag.py
[2024-06-06T15:51:15.843+0530] {processor.py:840} INFO - DAG(s) 'example_trigger_target_dag' retrieved from /home/wsl/airflow_venv/lib/python3.10/site-packages/airflow/example_dags/example_trigger_target_dag.py
[2024-06-06T15:51:15.958+0530] {logging_mixin.py:188} INFO - [2024-06-06T15:51:15.958+0530] {dag.py:3096} INFO - Sync 1 DAGs
[2024-06-06T15:51:16.767+0530] {logging_mixin.py:188} INFO - [2024-06-06T15:51:16.767+0530] {dag.py:3954} INFO - Setting next_dagrun for example_trigger_target_dag to None, run_after=None
[2024-06-06T15:51:16.799+0530] {processor.py:183} INFO - Processing /home/wsl/airflow_venv/lib/python3.10/site-packages/airflow/example_dags/example_trigger_target_dag.py took 0.983 seconds
[2024-06-06T15:52:00.513+0530] {processor.py:161} INFO - Started process (PID=34507) to work on /home/wsl/airflow_venv/lib/python3.10/site-packages/airflow/example_dags/example_trigger_target_dag.py
[2024-06-06T15:52:00.515+0530] {processor.py:830} INFO - Processing file /home/wsl/airflow_venv/lib/python3.10/site-packages/airflow/example_dags/example_trigger_target_dag.py for tasks to queue
[2024-06-06T15:52:00.516+0530] {logging_mixin.py:188} INFO - [2024-06-06T15:52:00.515+0530] {dagbag.py:540} INFO - Filling up the DagBag from /home/wsl/airflow_venv/lib/python3.10/site-packages/airflow/example_dags/example_trigger_target_dag.py
[2024-06-06T15:52:00.526+0530] {processor.py:840} INFO - DAG(s) 'example_trigger_target_dag' retrieved from /home/wsl/airflow_venv/lib/python3.10/site-packages/airflow/example_dags/example_trigger_target_dag.py
[2024-06-06T15:52:00.547+0530] {logging_mixin.py:188} INFO - [2024-06-06T15:52:00.547+0530] {dag.py:3096} INFO - Sync 1 DAGs
[2024-06-06T15:52:00.564+0530] {logging_mixin.py:188} INFO - [2024-06-06T15:52:00.564+0530] {dag.py:3954} INFO - Setting next_dagrun for example_trigger_target_dag to None, run_after=None
[2024-06-06T15:52:00.603+0530] {processor.py:183} INFO - Processing /home/wsl/airflow_venv/lib/python3.10/site-packages/airflow/example_dags/example_trigger_target_dag.py took 0.101 seconds
[2024-06-06T15:52:49.286+0530] {processor.py:161} INFO - Started process (PID=34922) to work on /home/wsl/airflow_venv/lib/python3.10/site-packages/airflow/example_dags/example_trigger_target_dag.py
[2024-06-06T15:52:49.298+0530] {processor.py:830} INFO - Processing file /home/wsl/airflow_venv/lib/python3.10/site-packages/airflow/example_dags/example_trigger_target_dag.py for tasks to queue
[2024-06-06T15:52:49.302+0530] {logging_mixin.py:188} INFO - [2024-06-06T15:52:49.300+0530] {dagbag.py:540} INFO - Filling up the DagBag from /home/wsl/airflow_venv/lib/python3.10/site-packages/airflow/example_dags/example_trigger_target_dag.py
[2024-06-06T15:52:49.324+0530] {processor.py:840} INFO - DAG(s) 'example_trigger_target_dag' retrieved from /home/wsl/airflow_venv/lib/python3.10/site-packages/airflow/example_dags/example_trigger_target_dag.py
[2024-06-06T15:52:49.384+0530] {logging_mixin.py:188} INFO - [2024-06-06T15:52:49.384+0530] {dag.py:3096} INFO - Sync 1 DAGs
[2024-06-06T15:52:49.422+0530] {logging_mixin.py:188} INFO - [2024-06-06T15:52:49.421+0530] {dag.py:3954} INFO - Setting next_dagrun for example_trigger_target_dag to None, run_after=None
[2024-06-06T15:52:49.514+0530] {processor.py:183} INFO - Processing /home/wsl/airflow_venv/lib/python3.10/site-packages/airflow/example_dags/example_trigger_target_dag.py took 0.243 seconds
[2024-06-06T15:54:17.356+0530] {processor.py:161} INFO - Started process (PID=35974) to work on /home/wsl/airflow_venv/lib/python3.10/site-packages/airflow/example_dags/example_trigger_target_dag.py
[2024-06-06T15:54:17.357+0530] {processor.py:830} INFO - Processing file /home/wsl/airflow_venv/lib/python3.10/site-packages/airflow/example_dags/example_trigger_target_dag.py for tasks to queue
[2024-06-06T15:54:17.359+0530] {logging_mixin.py:188} INFO - [2024-06-06T15:54:17.358+0530] {dagbag.py:540} INFO - Filling up the DagBag from /home/wsl/airflow_venv/lib/python3.10/site-packages/airflow/example_dags/example_trigger_target_dag.py
[2024-06-06T15:54:17.487+0530] {processor.py:840} INFO - DAG(s) 'example_trigger_target_dag' retrieved from /home/wsl/airflow_venv/lib/python3.10/site-packages/airflow/example_dags/example_trigger_target_dag.py
[2024-06-06T15:54:17.499+0530] {logging_mixin.py:188} INFO - [2024-06-06T15:54:17.498+0530] {dag.py:3096} INFO - Sync 1 DAGs
[2024-06-06T15:54:17.513+0530] {logging_mixin.py:188} INFO - [2024-06-06T15:54:17.512+0530] {dag.py:3954} INFO - Setting next_dagrun for example_trigger_target_dag to None, run_after=None
[2024-06-06T15:54:17.559+0530] {processor.py:183} INFO - Processing /home/wsl/airflow_venv/lib/python3.10/site-packages/airflow/example_dags/example_trigger_target_dag.py took 0.215 seconds
[2024-06-06T15:55:04.273+0530] {processor.py:161} INFO - Started process (PID=36400) to work on /home/wsl/airflow_venv/lib/python3.10/site-packages/airflow/example_dags/example_trigger_target_dag.py
[2024-06-06T15:55:04.275+0530] {processor.py:830} INFO - Processing file /home/wsl/airflow_venv/lib/python3.10/site-packages/airflow/example_dags/example_trigger_target_dag.py for tasks to queue
[2024-06-06T15:55:04.276+0530] {logging_mixin.py:188} INFO - [2024-06-06T15:55:04.276+0530] {dagbag.py:540} INFO - Filling up the DagBag from /home/wsl/airflow_venv/lib/python3.10/site-packages/airflow/example_dags/example_trigger_target_dag.py
[2024-06-06T15:55:04.284+0530] {processor.py:840} INFO - DAG(s) 'example_trigger_target_dag' retrieved from /home/wsl/airflow_venv/lib/python3.10/site-packages/airflow/example_dags/example_trigger_target_dag.py
[2024-06-06T15:55:04.306+0530] {logging_mixin.py:188} INFO - [2024-06-06T15:55:04.306+0530] {dag.py:3096} INFO - Sync 1 DAGs
[2024-06-06T15:55:04.321+0530] {logging_mixin.py:188} INFO - [2024-06-06T15:55:04.321+0530] {dag.py:3954} INFO - Setting next_dagrun for example_trigger_target_dag to None, run_after=None
[2024-06-06T15:55:04.356+0530] {processor.py:183} INFO - Processing /home/wsl/airflow_venv/lib/python3.10/site-packages/airflow/example_dags/example_trigger_target_dag.py took 0.092 seconds
[2024-06-06T15:56:56.024+0530] {processor.py:161} INFO - Started process (PID=37353) to work on /home/wsl/airflow_venv/lib/python3.10/site-packages/airflow/example_dags/example_trigger_target_dag.py
[2024-06-06T15:56:56.027+0530] {processor.py:830} INFO - Processing file /home/wsl/airflow_venv/lib/python3.10/site-packages/airflow/example_dags/example_trigger_target_dag.py for tasks to queue
[2024-06-06T15:56:56.029+0530] {logging_mixin.py:188} INFO - [2024-06-06T15:56:56.028+0530] {dagbag.py:540} INFO - Filling up the DagBag from /home/wsl/airflow_venv/lib/python3.10/site-packages/airflow/example_dags/example_trigger_target_dag.py
[2024-06-06T15:56:56.041+0530] {processor.py:840} INFO - DAG(s) 'example_trigger_target_dag' retrieved from /home/wsl/airflow_venv/lib/python3.10/site-packages/airflow/example_dags/example_trigger_target_dag.py
[2024-06-06T15:56:56.068+0530] {logging_mixin.py:188} INFO - [2024-06-06T15:56:56.068+0530] {dag.py:3096} INFO - Sync 1 DAGs
[2024-06-06T15:56:56.087+0530] {logging_mixin.py:188} INFO - [2024-06-06T15:56:56.087+0530] {dag.py:3954} INFO - Setting next_dagrun for example_trigger_target_dag to None, run_after=None
[2024-06-06T15:56:56.404+0530] {processor.py:183} INFO - Processing /home/wsl/airflow_venv/lib/python3.10/site-packages/airflow/example_dags/example_trigger_target_dag.py took 0.391 seconds
[2024-06-06T15:57:43.994+0530] {processor.py:161} INFO - Started process (PID=37773) to work on /home/wsl/airflow_venv/lib/python3.10/site-packages/airflow/example_dags/example_trigger_target_dag.py
[2024-06-06T15:57:44.040+0530] {processor.py:830} INFO - Processing file /home/wsl/airflow_venv/lib/python3.10/site-packages/airflow/example_dags/example_trigger_target_dag.py for tasks to queue
[2024-06-06T15:57:44.042+0530] {logging_mixin.py:188} INFO - [2024-06-06T15:57:44.041+0530] {dagbag.py:540} INFO - Filling up the DagBag from /home/wsl/airflow_venv/lib/python3.10/site-packages/airflow/example_dags/example_trigger_target_dag.py
[2024-06-06T15:57:44.062+0530] {processor.py:840} INFO - DAG(s) 'example_trigger_target_dag' retrieved from /home/wsl/airflow_venv/lib/python3.10/site-packages/airflow/example_dags/example_trigger_target_dag.py
[2024-06-06T15:57:44.133+0530] {logging_mixin.py:188} INFO - [2024-06-06T15:57:44.133+0530] {dag.py:3096} INFO - Sync 1 DAGs
[2024-06-06T15:57:44.179+0530] {logging_mixin.py:188} INFO - [2024-06-06T15:57:44.178+0530] {dag.py:3954} INFO - Setting next_dagrun for example_trigger_target_dag to None, run_after=None
[2024-06-06T15:57:44.279+0530] {processor.py:183} INFO - Processing /home/wsl/airflow_venv/lib/python3.10/site-packages/airflow/example_dags/example_trigger_target_dag.py took 0.313 seconds
[2024-06-06T15:59:02.215+0530] {processor.py:161} INFO - Started process (PID=38344) to work on /home/wsl/airflow_venv/lib/python3.10/site-packages/airflow/example_dags/example_trigger_target_dag.py
[2024-06-06T15:59:02.217+0530] {processor.py:830} INFO - Processing file /home/wsl/airflow_venv/lib/python3.10/site-packages/airflow/example_dags/example_trigger_target_dag.py for tasks to queue
[2024-06-06T15:59:02.218+0530] {logging_mixin.py:188} INFO - [2024-06-06T15:59:02.217+0530] {dagbag.py:540} INFO - Filling up the DagBag from /home/wsl/airflow_venv/lib/python3.10/site-packages/airflow/example_dags/example_trigger_target_dag.py
[2024-06-06T15:59:02.225+0530] {processor.py:840} INFO - DAG(s) 'example_trigger_target_dag' retrieved from /home/wsl/airflow_venv/lib/python3.10/site-packages/airflow/example_dags/example_trigger_target_dag.py
[2024-06-06T15:59:02.242+0530] {logging_mixin.py:188} INFO - [2024-06-06T15:59:02.242+0530] {dag.py:3096} INFO - Sync 1 DAGs
[2024-06-06T15:59:02.256+0530] {logging_mixin.py:188} INFO - [2024-06-06T15:59:02.256+0530] {dag.py:3954} INFO - Setting next_dagrun for example_trigger_target_dag to None, run_after=None
[2024-06-06T15:59:02.291+0530] {processor.py:183} INFO - Processing /home/wsl/airflow_venv/lib/python3.10/site-packages/airflow/example_dags/example_trigger_target_dag.py took 0.090 seconds
[2024-06-06T16:00:04.554+0530] {processor.py:161} INFO - Started process (PID=38933) to work on /home/wsl/airflow_venv/lib/python3.10/site-packages/airflow/example_dags/example_trigger_target_dag.py
[2024-06-06T16:00:04.556+0530] {processor.py:830} INFO - Processing file /home/wsl/airflow_venv/lib/python3.10/site-packages/airflow/example_dags/example_trigger_target_dag.py for tasks to queue
[2024-06-06T16:00:04.558+0530] {logging_mixin.py:188} INFO - [2024-06-06T16:00:04.558+0530] {dagbag.py:540} INFO - Filling up the DagBag from /home/wsl/airflow_venv/lib/python3.10/site-packages/airflow/example_dags/example_trigger_target_dag.py
[2024-06-06T16:00:04.571+0530] {processor.py:840} INFO - DAG(s) 'example_trigger_target_dag' retrieved from /home/wsl/airflow_venv/lib/python3.10/site-packages/airflow/example_dags/example_trigger_target_dag.py
[2024-06-06T16:00:04.589+0530] {logging_mixin.py:188} INFO - [2024-06-06T16:00:04.589+0530] {dag.py:3096} INFO - Sync 1 DAGs
[2024-06-06T16:00:04.601+0530] {logging_mixin.py:188} INFO - [2024-06-06T16:00:04.601+0530] {dag.py:3954} INFO - Setting next_dagrun for example_trigger_target_dag to None, run_after=None
[2024-06-06T16:00:04.632+0530] {processor.py:183} INFO - Processing /home/wsl/airflow_venv/lib/python3.10/site-packages/airflow/example_dags/example_trigger_target_dag.py took 0.091 seconds
[2024-06-06T16:05:52.914+0530] {processor.py:161} INFO - Started process (PID=41267) to work on /home/wsl/airflow_venv/lib/python3.10/site-packages/airflow/example_dags/example_trigger_target_dag.py
[2024-06-06T16:05:52.916+0530] {processor.py:830} INFO - Processing file /home/wsl/airflow_venv/lib/python3.10/site-packages/airflow/example_dags/example_trigger_target_dag.py for tasks to queue
[2024-06-06T16:05:52.918+0530] {logging_mixin.py:188} INFO - [2024-06-06T16:05:52.917+0530] {dagbag.py:540} INFO - Filling up the DagBag from /home/wsl/airflow_venv/lib/python3.10/site-packages/airflow/example_dags/example_trigger_target_dag.py
[2024-06-06T16:05:52.924+0530] {processor.py:840} INFO - DAG(s) 'example_trigger_target_dag' retrieved from /home/wsl/airflow_venv/lib/python3.10/site-packages/airflow/example_dags/example_trigger_target_dag.py
[2024-06-06T16:05:53.115+0530] {logging_mixin.py:188} INFO - [2024-06-06T16:05:53.115+0530] {dag.py:3096} INFO - Sync 1 DAGs
[2024-06-06T16:05:53.124+0530] {logging_mixin.py:188} INFO - [2024-06-06T16:05:53.124+0530] {dag.py:3954} INFO - Setting next_dagrun for example_trigger_target_dag to None, run_after=None
[2024-06-06T16:05:53.150+0530] {processor.py:183} INFO - Processing /home/wsl/airflow_venv/lib/python3.10/site-packages/airflow/example_dags/example_trigger_target_dag.py took 0.245 seconds
[2024-06-06T16:07:30.857+0530] {processor.py:161} INFO - Started process (PID=42275) to work on /home/wsl/airflow_venv/lib/python3.10/site-packages/airflow/example_dags/example_trigger_target_dag.py
[2024-06-06T16:07:30.859+0530] {processor.py:830} INFO - Processing file /home/wsl/airflow_venv/lib/python3.10/site-packages/airflow/example_dags/example_trigger_target_dag.py for tasks to queue
[2024-06-06T16:07:30.861+0530] {logging_mixin.py:188} INFO - [2024-06-06T16:07:30.860+0530] {dagbag.py:540} INFO - Filling up the DagBag from /home/wsl/airflow_venv/lib/python3.10/site-packages/airflow/example_dags/example_trigger_target_dag.py
[2024-06-06T16:07:30.881+0530] {processor.py:840} INFO - DAG(s) 'example_trigger_target_dag' retrieved from /home/wsl/airflow_venv/lib/python3.10/site-packages/airflow/example_dags/example_trigger_target_dag.py
[2024-06-06T16:07:30.929+0530] {logging_mixin.py:188} INFO - [2024-06-06T16:07:30.929+0530] {dag.py:3096} INFO - Sync 1 DAGs
[2024-06-06T16:07:30.945+0530] {logging_mixin.py:188} INFO - [2024-06-06T16:07:30.944+0530] {dag.py:3954} INFO - Setting next_dagrun for example_trigger_target_dag to None, run_after=None
[2024-06-06T16:07:30.994+0530] {processor.py:183} INFO - Processing /home/wsl/airflow_venv/lib/python3.10/site-packages/airflow/example_dags/example_trigger_target_dag.py took 0.150 seconds
[2024-06-06T16:09:41.858+0530] {processor.py:161} INFO - Started process (PID=43584) to work on /home/wsl/airflow_venv/lib/python3.10/site-packages/airflow/example_dags/example_trigger_target_dag.py
[2024-06-06T16:09:41.861+0530] {processor.py:830} INFO - Processing file /home/wsl/airflow_venv/lib/python3.10/site-packages/airflow/example_dags/example_trigger_target_dag.py for tasks to queue
[2024-06-06T16:09:41.862+0530] {logging_mixin.py:188} INFO - [2024-06-06T16:09:41.862+0530] {dagbag.py:540} INFO - Filling up the DagBag from /home/wsl/airflow_venv/lib/python3.10/site-packages/airflow/example_dags/example_trigger_target_dag.py
[2024-06-06T16:09:41.879+0530] {processor.py:840} INFO - DAG(s) 'example_trigger_target_dag' retrieved from /home/wsl/airflow_venv/lib/python3.10/site-packages/airflow/example_dags/example_trigger_target_dag.py
[2024-06-06T16:09:41.919+0530] {logging_mixin.py:188} INFO - [2024-06-06T16:09:41.918+0530] {dag.py:3096} INFO - Sync 1 DAGs
[2024-06-06T16:09:41.968+0530] {logging_mixin.py:188} INFO - [2024-06-06T16:09:41.968+0530] {dag.py:3954} INFO - Setting next_dagrun for example_trigger_target_dag to None, run_after=None
[2024-06-06T16:09:42.297+0530] {processor.py:183} INFO - Processing /home/wsl/airflow_venv/lib/python3.10/site-packages/airflow/example_dags/example_trigger_target_dag.py took 0.452 seconds
[2024-06-06T16:10:43.358+0530] {processor.py:161} INFO - Started process (PID=44214) to work on /home/wsl/airflow_venv/lib/python3.10/site-packages/airflow/example_dags/example_trigger_target_dag.py
[2024-06-06T16:10:43.362+0530] {processor.py:830} INFO - Processing file /home/wsl/airflow_venv/lib/python3.10/site-packages/airflow/example_dags/example_trigger_target_dag.py for tasks to queue
[2024-06-06T16:10:43.363+0530] {logging_mixin.py:188} INFO - [2024-06-06T16:10:43.363+0530] {dagbag.py:540} INFO - Filling up the DagBag from /home/wsl/airflow_venv/lib/python3.10/site-packages/airflow/example_dags/example_trigger_target_dag.py
[2024-06-06T16:10:43.369+0530] {processor.py:840} INFO - DAG(s) 'example_trigger_target_dag' retrieved from /home/wsl/airflow_venv/lib/python3.10/site-packages/airflow/example_dags/example_trigger_target_dag.py
[2024-06-06T16:10:43.388+0530] {logging_mixin.py:188} INFO - [2024-06-06T16:10:43.387+0530] {dag.py:3096} INFO - Sync 1 DAGs
[2024-06-06T16:10:43.399+0530] {logging_mixin.py:188} INFO - [2024-06-06T16:10:43.399+0530] {dag.py:3954} INFO - Setting next_dagrun for example_trigger_target_dag to None, run_after=None
[2024-06-06T16:10:43.426+0530] {processor.py:183} INFO - Processing /home/wsl/airflow_venv/lib/python3.10/site-packages/airflow/example_dags/example_trigger_target_dag.py took 0.086 seconds
[2024-06-06T16:12:18.944+0530] {processor.py:161} INFO - Started process (PID=45296) to work on /home/wsl/airflow_venv/lib/python3.10/site-packages/airflow/example_dags/example_trigger_target_dag.py
[2024-06-06T16:12:18.986+0530] {processor.py:830} INFO - Processing file /home/wsl/airflow_venv/lib/python3.10/site-packages/airflow/example_dags/example_trigger_target_dag.py for tasks to queue
[2024-06-06T16:12:18.987+0530] {logging_mixin.py:188} INFO - [2024-06-06T16:12:18.987+0530] {dagbag.py:540} INFO - Filling up the DagBag from /home/wsl/airflow_venv/lib/python3.10/site-packages/airflow/example_dags/example_trigger_target_dag.py
[2024-06-06T16:12:19.001+0530] {processor.py:840} INFO - DAG(s) 'example_trigger_target_dag' retrieved from /home/wsl/airflow_venv/lib/python3.10/site-packages/airflow/example_dags/example_trigger_target_dag.py
[2024-06-06T16:12:19.032+0530] {logging_mixin.py:188} INFO - [2024-06-06T16:12:19.032+0530] {dag.py:3096} INFO - Sync 1 DAGs
[2024-06-06T16:12:19.045+0530] {logging_mixin.py:188} INFO - [2024-06-06T16:12:19.044+0530] {dag.py:3954} INFO - Setting next_dagrun for example_trigger_target_dag to None, run_after=None
[2024-06-06T16:12:19.300+0530] {processor.py:183} INFO - Processing /home/wsl/airflow_venv/lib/python3.10/site-packages/airflow/example_dags/example_trigger_target_dag.py took 0.366 seconds
[2024-06-06T16:14:08.972+0530] {processor.py:161} INFO - Started process (PID=46622) to work on /home/wsl/airflow_venv/lib/python3.10/site-packages/airflow/example_dags/example_trigger_target_dag.py
[2024-06-06T16:14:08.975+0530] {processor.py:830} INFO - Processing file /home/wsl/airflow_venv/lib/python3.10/site-packages/airflow/example_dags/example_trigger_target_dag.py for tasks to queue
[2024-06-06T16:14:08.977+0530] {logging_mixin.py:188} INFO - [2024-06-06T16:14:08.976+0530] {dagbag.py:540} INFO - Filling up the DagBag from /home/wsl/airflow_venv/lib/python3.10/site-packages/airflow/example_dags/example_trigger_target_dag.py
[2024-06-06T16:14:08.988+0530] {processor.py:840} INFO - DAG(s) 'example_trigger_target_dag' retrieved from /home/wsl/airflow_venv/lib/python3.10/site-packages/airflow/example_dags/example_trigger_target_dag.py
[2024-06-06T16:14:09.006+0530] {logging_mixin.py:188} INFO - [2024-06-06T16:14:09.006+0530] {dag.py:3096} INFO - Sync 1 DAGs
[2024-06-06T16:14:09.017+0530] {logging_mixin.py:188} INFO - [2024-06-06T16:14:09.017+0530] {dag.py:3954} INFO - Setting next_dagrun for example_trigger_target_dag to None, run_after=None
[2024-06-06T16:14:09.060+0530] {processor.py:183} INFO - Processing /home/wsl/airflow_venv/lib/python3.10/site-packages/airflow/example_dags/example_trigger_target_dag.py took 0.102 seconds
[2024-06-06T16:15:14.600+0530] {processor.py:161} INFO - Started process (PID=47272) to work on /home/wsl/airflow_venv/lib/python3.10/site-packages/airflow/example_dags/example_trigger_target_dag.py
[2024-06-06T16:15:14.603+0530] {processor.py:830} INFO - Processing file /home/wsl/airflow_venv/lib/python3.10/site-packages/airflow/example_dags/example_trigger_target_dag.py for tasks to queue
[2024-06-06T16:15:14.604+0530] {logging_mixin.py:188} INFO - [2024-06-06T16:15:14.604+0530] {dagbag.py:540} INFO - Filling up the DagBag from /home/wsl/airflow_venv/lib/python3.10/site-packages/airflow/example_dags/example_trigger_target_dag.py
[2024-06-06T16:15:14.613+0530] {processor.py:840} INFO - DAG(s) 'example_trigger_target_dag' retrieved from /home/wsl/airflow_venv/lib/python3.10/site-packages/airflow/example_dags/example_trigger_target_dag.py
[2024-06-06T16:15:14.639+0530] {logging_mixin.py:188} INFO - [2024-06-06T16:15:14.639+0530] {dag.py:3096} INFO - Sync 1 DAGs
[2024-06-06T16:15:14.659+0530] {logging_mixin.py:188} INFO - [2024-06-06T16:15:14.659+0530] {dag.py:3954} INFO - Setting next_dagrun for example_trigger_target_dag to None, run_after=None
[2024-06-06T16:15:14.701+0530] {processor.py:183} INFO - Processing /home/wsl/airflow_venv/lib/python3.10/site-packages/airflow/example_dags/example_trigger_target_dag.py took 0.113 seconds
[2024-06-06T16:25:20.006+0530] {processor.py:161} INFO - Started process (PID=51658) to work on /home/wsl/airflow_venv/lib/python3.10/site-packages/airflow/example_dags/example_trigger_target_dag.py
[2024-06-06T16:25:20.010+0530] {processor.py:830} INFO - Processing file /home/wsl/airflow_venv/lib/python3.10/site-packages/airflow/example_dags/example_trigger_target_dag.py for tasks to queue
[2024-06-06T16:25:20.012+0530] {logging_mixin.py:188} INFO - [2024-06-06T16:25:20.011+0530] {dagbag.py:540} INFO - Filling up the DagBag from /home/wsl/airflow_venv/lib/python3.10/site-packages/airflow/example_dags/example_trigger_target_dag.py
[2024-06-06T16:25:20.027+0530] {processor.py:840} INFO - DAG(s) 'example_trigger_target_dag' retrieved from /home/wsl/airflow_venv/lib/python3.10/site-packages/airflow/example_dags/example_trigger_target_dag.py
[2024-06-06T16:25:20.323+0530] {logging_mixin.py:188} INFO - [2024-06-06T16:25:20.322+0530] {dag.py:3096} INFO - Sync 1 DAGs
[2024-06-06T16:25:20.333+0530] {logging_mixin.py:188} INFO - [2024-06-06T16:25:20.332+0530] {dag.py:3954} INFO - Setting next_dagrun for example_trigger_target_dag to None, run_after=None
[2024-06-06T16:25:20.363+0530] {processor.py:183} INFO - Processing /home/wsl/airflow_venv/lib/python3.10/site-packages/airflow/example_dags/example_trigger_target_dag.py took 0.383 seconds
[2024-06-06T16:27:19.342+0530] {processor.py:161} INFO - Started process (PID=52765) to work on /home/wsl/airflow_venv/lib/python3.10/site-packages/airflow/example_dags/example_trigger_target_dag.py
[2024-06-06T16:27:20.043+0530] {processor.py:830} INFO - Processing file /home/wsl/airflow_venv/lib/python3.10/site-packages/airflow/example_dags/example_trigger_target_dag.py for tasks to queue
[2024-06-06T16:27:20.050+0530] {logging_mixin.py:188} INFO - [2024-06-06T16:27:20.047+0530] {dagbag.py:540} INFO - Filling up the DagBag from /home/wsl/airflow_venv/lib/python3.10/site-packages/airflow/example_dags/example_trigger_target_dag.py
[2024-06-06T16:27:20.082+0530] {processor.py:840} INFO - DAG(s) 'example_trigger_target_dag' retrieved from /home/wsl/airflow_venv/lib/python3.10/site-packages/airflow/example_dags/example_trigger_target_dag.py
[2024-06-06T16:27:20.131+0530] {logging_mixin.py:188} INFO - [2024-06-06T16:27:20.130+0530] {dag.py:3096} INFO - Sync 1 DAGs
[2024-06-06T16:27:20.157+0530] {logging_mixin.py:188} INFO - [2024-06-06T16:27:20.157+0530] {dag.py:3954} INFO - Setting next_dagrun for example_trigger_target_dag to None, run_after=None
[2024-06-06T16:27:20.816+0530] {processor.py:183} INFO - Processing /home/wsl/airflow_venv/lib/python3.10/site-packages/airflow/example_dags/example_trigger_target_dag.py took 1.505 seconds
[2024-06-06T16:28:50.630+0530] {processor.py:161} INFO - Started process (PID=53711) to work on /home/wsl/airflow_venv/lib/python3.10/site-packages/airflow/example_dags/example_trigger_target_dag.py
[2024-06-06T16:28:50.655+0530] {processor.py:830} INFO - Processing file /home/wsl/airflow_venv/lib/python3.10/site-packages/airflow/example_dags/example_trigger_target_dag.py for tasks to queue
[2024-06-06T16:28:50.657+0530] {logging_mixin.py:188} INFO - [2024-06-06T16:28:50.656+0530] {dagbag.py:540} INFO - Filling up the DagBag from /home/wsl/airflow_venv/lib/python3.10/site-packages/airflow/example_dags/example_trigger_target_dag.py
[2024-06-06T16:28:50.665+0530] {processor.py:840} INFO - DAG(s) 'example_trigger_target_dag' retrieved from /home/wsl/airflow_venv/lib/python3.10/site-packages/airflow/example_dags/example_trigger_target_dag.py
[2024-06-06T16:28:50.691+0530] {logging_mixin.py:188} INFO - [2024-06-06T16:28:50.691+0530] {dag.py:3096} INFO - Sync 1 DAGs
[2024-06-06T16:28:50.708+0530] {logging_mixin.py:188} INFO - [2024-06-06T16:28:50.707+0530] {dag.py:3954} INFO - Setting next_dagrun for example_trigger_target_dag to None, run_after=None
[2024-06-06T16:28:50.869+0530] {processor.py:183} INFO - Processing /home/wsl/airflow_venv/lib/python3.10/site-packages/airflow/example_dags/example_trigger_target_dag.py took 0.248 seconds
[2024-06-06T16:30:10.247+0530] {processor.py:161} INFO - Started process (PID=54602) to work on /home/wsl/airflow_venv/lib/python3.10/site-packages/airflow/example_dags/example_trigger_target_dag.py
[2024-06-06T16:30:10.252+0530] {processor.py:830} INFO - Processing file /home/wsl/airflow_venv/lib/python3.10/site-packages/airflow/example_dags/example_trigger_target_dag.py for tasks to queue
[2024-06-06T16:30:10.257+0530] {logging_mixin.py:188} INFO - [2024-06-06T16:30:10.255+0530] {dagbag.py:540} INFO - Filling up the DagBag from /home/wsl/airflow_venv/lib/python3.10/site-packages/airflow/example_dags/example_trigger_target_dag.py
[2024-06-06T16:30:10.278+0530] {processor.py:840} INFO - DAG(s) 'example_trigger_target_dag' retrieved from /home/wsl/airflow_venv/lib/python3.10/site-packages/airflow/example_dags/example_trigger_target_dag.py
[2024-06-06T16:30:10.319+0530] {logging_mixin.py:188} INFO - [2024-06-06T16:30:10.318+0530] {dag.py:3096} INFO - Sync 1 DAGs
[2024-06-06T16:30:10.349+0530] {logging_mixin.py:188} INFO - [2024-06-06T16:30:10.348+0530] {dag.py:3954} INFO - Setting next_dagrun for example_trigger_target_dag to None, run_after=None
[2024-06-06T16:30:11.305+0530] {processor.py:183} INFO - Processing /home/wsl/airflow_venv/lib/python3.10/site-packages/airflow/example_dags/example_trigger_target_dag.py took 1.098 seconds
[2024-06-06T16:31:36.336+0530] {processor.py:161} INFO - Started process (PID=55546) to work on /home/wsl/airflow_venv/lib/python3.10/site-packages/airflow/example_dags/example_trigger_target_dag.py
[2024-06-06T16:31:36.338+0530] {processor.py:830} INFO - Processing file /home/wsl/airflow_venv/lib/python3.10/site-packages/airflow/example_dags/example_trigger_target_dag.py for tasks to queue
[2024-06-06T16:31:36.339+0530] {logging_mixin.py:188} INFO - [2024-06-06T16:31:36.339+0530] {dagbag.py:540} INFO - Filling up the DagBag from /home/wsl/airflow_venv/lib/python3.10/site-packages/airflow/example_dags/example_trigger_target_dag.py
[2024-06-06T16:31:36.347+0530] {processor.py:840} INFO - DAG(s) 'example_trigger_target_dag' retrieved from /home/wsl/airflow_venv/lib/python3.10/site-packages/airflow/example_dags/example_trigger_target_dag.py
[2024-06-06T16:31:36.368+0530] {logging_mixin.py:188} INFO - [2024-06-06T16:31:36.368+0530] {dag.py:3096} INFO - Sync 1 DAGs
[2024-06-06T16:31:36.381+0530] {logging_mixin.py:188} INFO - [2024-06-06T16:31:36.381+0530] {dag.py:3954} INFO - Setting next_dagrun for example_trigger_target_dag to None, run_after=None
[2024-06-06T16:31:36.514+0530] {processor.py:183} INFO - Processing /home/wsl/airflow_venv/lib/python3.10/site-packages/airflow/example_dags/example_trigger_target_dag.py took 0.185 seconds
[2024-06-06T16:32:40.271+0530] {processor.py:161} INFO - Started process (PID=56300) to work on /home/wsl/airflow_venv/lib/python3.10/site-packages/airflow/example_dags/example_trigger_target_dag.py
[2024-06-06T16:32:40.282+0530] {processor.py:830} INFO - Processing file /home/wsl/airflow_venv/lib/python3.10/site-packages/airflow/example_dags/example_trigger_target_dag.py for tasks to queue
[2024-06-06T16:32:40.284+0530] {logging_mixin.py:188} INFO - [2024-06-06T16:32:40.284+0530] {dagbag.py:540} INFO - Filling up the DagBag from /home/wsl/airflow_venv/lib/python3.10/site-packages/airflow/example_dags/example_trigger_target_dag.py
[2024-06-06T16:32:40.304+0530] {processor.py:840} INFO - DAG(s) 'example_trigger_target_dag' retrieved from /home/wsl/airflow_venv/lib/python3.10/site-packages/airflow/example_dags/example_trigger_target_dag.py
[2024-06-06T16:32:40.360+0530] {logging_mixin.py:188} INFO - [2024-06-06T16:32:40.359+0530] {dag.py:3096} INFO - Sync 1 DAGs
[2024-06-06T16:32:40.384+0530] {logging_mixin.py:188} INFO - [2024-06-06T16:32:40.383+0530] {dag.py:3954} INFO - Setting next_dagrun for example_trigger_target_dag to None, run_after=None
[2024-06-06T16:32:40.414+0530] {processor.py:183} INFO - Processing /home/wsl/airflow_venv/lib/python3.10/site-packages/airflow/example_dags/example_trigger_target_dag.py took 0.174 seconds
[2024-06-06T16:33:38.029+0530] {processor.py:161} INFO - Started process (PID=56897) to work on /home/wsl/airflow_venv/lib/python3.10/site-packages/airflow/example_dags/example_trigger_target_dag.py
[2024-06-06T16:33:38.031+0530] {processor.py:830} INFO - Processing file /home/wsl/airflow_venv/lib/python3.10/site-packages/airflow/example_dags/example_trigger_target_dag.py for tasks to queue
[2024-06-06T16:33:38.032+0530] {logging_mixin.py:188} INFO - [2024-06-06T16:33:38.032+0530] {dagbag.py:540} INFO - Filling up the DagBag from /home/wsl/airflow_venv/lib/python3.10/site-packages/airflow/example_dags/example_trigger_target_dag.py
[2024-06-06T16:33:38.039+0530] {processor.py:840} INFO - DAG(s) 'example_trigger_target_dag' retrieved from /home/wsl/airflow_venv/lib/python3.10/site-packages/airflow/example_dags/example_trigger_target_dag.py
[2024-06-06T16:33:38.057+0530] {logging_mixin.py:188} INFO - [2024-06-06T16:33:38.056+0530] {dag.py:3096} INFO - Sync 1 DAGs
[2024-06-06T16:33:38.069+0530] {logging_mixin.py:188} INFO - [2024-06-06T16:33:38.069+0530] {dag.py:3954} INFO - Setting next_dagrun for example_trigger_target_dag to None, run_after=None
[2024-06-06T16:33:38.094+0530] {processor.py:183} INFO - Processing /home/wsl/airflow_venv/lib/python3.10/site-packages/airflow/example_dags/example_trigger_target_dag.py took 0.075 seconds
[2024-06-06T16:34:47.773+0530] {processor.py:161} INFO - Started process (PID=57702) to work on /home/wsl/airflow_venv/lib/python3.10/site-packages/airflow/example_dags/example_trigger_target_dag.py
[2024-06-06T16:34:47.775+0530] {processor.py:830} INFO - Processing file /home/wsl/airflow_venv/lib/python3.10/site-packages/airflow/example_dags/example_trigger_target_dag.py for tasks to queue
[2024-06-06T16:34:47.776+0530] {logging_mixin.py:188} INFO - [2024-06-06T16:34:47.776+0530] {dagbag.py:540} INFO - Filling up the DagBag from /home/wsl/airflow_venv/lib/python3.10/site-packages/airflow/example_dags/example_trigger_target_dag.py
[2024-06-06T16:34:47.783+0530] {processor.py:840} INFO - DAG(s) 'example_trigger_target_dag' retrieved from /home/wsl/airflow_venv/lib/python3.10/site-packages/airflow/example_dags/example_trigger_target_dag.py
[2024-06-06T16:34:47.801+0530] {logging_mixin.py:188} INFO - [2024-06-06T16:34:47.800+0530] {dag.py:3096} INFO - Sync 1 DAGs
[2024-06-06T16:34:47.813+0530] {logging_mixin.py:188} INFO - [2024-06-06T16:34:47.813+0530] {dag.py:3954} INFO - Setting next_dagrun for example_trigger_target_dag to None, run_after=None
[2024-06-06T16:34:47.996+0530] {processor.py:183} INFO - Processing /home/wsl/airflow_venv/lib/python3.10/site-packages/airflow/example_dags/example_trigger_target_dag.py took 0.233 seconds
[2024-06-06T16:35:53.916+0530] {processor.py:161} INFO - Started process (PID=58445) to work on /home/wsl/airflow_venv/lib/python3.10/site-packages/airflow/example_dags/example_trigger_target_dag.py
[2024-06-06T16:35:53.919+0530] {processor.py:830} INFO - Processing file /home/wsl/airflow_venv/lib/python3.10/site-packages/airflow/example_dags/example_trigger_target_dag.py for tasks to queue
[2024-06-06T16:35:53.921+0530] {logging_mixin.py:188} INFO - [2024-06-06T16:35:53.920+0530] {dagbag.py:540} INFO - Filling up the DagBag from /home/wsl/airflow_venv/lib/python3.10/site-packages/airflow/example_dags/example_trigger_target_dag.py
[2024-06-06T16:35:53.932+0530] {processor.py:840} INFO - DAG(s) 'example_trigger_target_dag' retrieved from /home/wsl/airflow_venv/lib/python3.10/site-packages/airflow/example_dags/example_trigger_target_dag.py
[2024-06-06T16:35:53.954+0530] {logging_mixin.py:188} INFO - [2024-06-06T16:35:53.954+0530] {dag.py:3096} INFO - Sync 1 DAGs
[2024-06-06T16:35:53.967+0530] {logging_mixin.py:188} INFO - [2024-06-06T16:35:53.967+0530] {dag.py:3954} INFO - Setting next_dagrun for example_trigger_target_dag to None, run_after=None
[2024-06-06T16:35:54.000+0530] {processor.py:183} INFO - Processing /home/wsl/airflow_venv/lib/python3.10/site-packages/airflow/example_dags/example_trigger_target_dag.py took 0.103 seconds
[2024-06-06T16:38:23.439+0530] {processor.py:161} INFO - Started process (PID=59948) to work on /home/wsl/airflow_venv/lib/python3.10/site-packages/airflow/example_dags/example_trigger_target_dag.py
[2024-06-06T16:38:23.446+0530] {processor.py:830} INFO - Processing file /home/wsl/airflow_venv/lib/python3.10/site-packages/airflow/example_dags/example_trigger_target_dag.py for tasks to queue
[2024-06-06T16:38:23.447+0530] {logging_mixin.py:188} INFO - [2024-06-06T16:38:23.447+0530] {dagbag.py:540} INFO - Filling up the DagBag from /home/wsl/airflow_venv/lib/python3.10/site-packages/airflow/example_dags/example_trigger_target_dag.py
[2024-06-06T16:38:23.467+0530] {processor.py:840} INFO - DAG(s) 'example_trigger_target_dag' retrieved from /home/wsl/airflow_venv/lib/python3.10/site-packages/airflow/example_dags/example_trigger_target_dag.py
[2024-06-06T16:38:23.522+0530] {logging_mixin.py:188} INFO - [2024-06-06T16:38:23.522+0530] {dag.py:3096} INFO - Sync 1 DAGs
[2024-06-06T16:38:23.587+0530] {logging_mixin.py:188} INFO - [2024-06-06T16:38:23.587+0530] {dag.py:3954} INFO - Setting next_dagrun for example_trigger_target_dag to None, run_after=None
[2024-06-06T16:38:23.881+0530] {processor.py:183} INFO - Processing /home/wsl/airflow_venv/lib/python3.10/site-packages/airflow/example_dags/example_trigger_target_dag.py took 0.454 seconds
[2024-06-06T16:40:00.070+0530] {processor.py:161} INFO - Started process (PID=60920) to work on /home/wsl/airflow_venv/lib/python3.10/site-packages/airflow/example_dags/example_trigger_target_dag.py
[2024-06-06T16:40:00.072+0530] {processor.py:830} INFO - Processing file /home/wsl/airflow_venv/lib/python3.10/site-packages/airflow/example_dags/example_trigger_target_dag.py for tasks to queue
[2024-06-06T16:40:00.073+0530] {logging_mixin.py:188} INFO - [2024-06-06T16:40:00.073+0530] {dagbag.py:540} INFO - Filling up the DagBag from /home/wsl/airflow_venv/lib/python3.10/site-packages/airflow/example_dags/example_trigger_target_dag.py
[2024-06-06T16:40:00.079+0530] {processor.py:840} INFO - DAG(s) 'example_trigger_target_dag' retrieved from /home/wsl/airflow_venv/lib/python3.10/site-packages/airflow/example_dags/example_trigger_target_dag.py
[2024-06-06T16:40:00.096+0530] {logging_mixin.py:188} INFO - [2024-06-06T16:40:00.096+0530] {dag.py:3096} INFO - Sync 1 DAGs
[2024-06-06T16:40:00.108+0530] {logging_mixin.py:188} INFO - [2024-06-06T16:40:00.107+0530] {dag.py:3954} INFO - Setting next_dagrun for example_trigger_target_dag to None, run_after=None
[2024-06-06T16:40:00.132+0530] {processor.py:183} INFO - Processing /home/wsl/airflow_venv/lib/python3.10/site-packages/airflow/example_dags/example_trigger_target_dag.py took 0.072 seconds
[2024-06-06T16:41:12.369+0530] {processor.py:161} INFO - Started process (PID=61912) to work on /home/wsl/airflow_venv/lib/python3.10/site-packages/airflow/example_dags/example_trigger_target_dag.py
[2024-06-06T16:41:12.398+0530] {processor.py:830} INFO - Processing file /home/wsl/airflow_venv/lib/python3.10/site-packages/airflow/example_dags/example_trigger_target_dag.py for tasks to queue
[2024-06-06T16:41:12.399+0530] {logging_mixin.py:188} INFO - [2024-06-06T16:41:12.399+0530] {dagbag.py:540} INFO - Filling up the DagBag from /home/wsl/airflow_venv/lib/python3.10/site-packages/airflow/example_dags/example_trigger_target_dag.py
[2024-06-06T16:41:12.408+0530] {processor.py:840} INFO - DAG(s) 'example_trigger_target_dag' retrieved from /home/wsl/airflow_venv/lib/python3.10/site-packages/airflow/example_dags/example_trigger_target_dag.py
[2024-06-06T16:41:12.428+0530] {logging_mixin.py:188} INFO - [2024-06-06T16:41:12.428+0530] {dag.py:3096} INFO - Sync 1 DAGs
[2024-06-06T16:41:12.440+0530] {logging_mixin.py:188} INFO - [2024-06-06T16:41:12.440+0530] {dag.py:3954} INFO - Setting next_dagrun for example_trigger_target_dag to None, run_after=None
[2024-06-06T16:41:12.577+0530] {processor.py:183} INFO - Processing /home/wsl/airflow_venv/lib/python3.10/site-packages/airflow/example_dags/example_trigger_target_dag.py took 0.218 seconds
[2024-06-06T16:42:12.558+0530] {processor.py:161} INFO - Started process (PID=62350) to work on /home/wsl/airflow_venv/lib/python3.10/site-packages/airflow/example_dags/example_trigger_target_dag.py
[2024-06-06T16:42:12.561+0530] {processor.py:830} INFO - Processing file /home/wsl/airflow_venv/lib/python3.10/site-packages/airflow/example_dags/example_trigger_target_dag.py for tasks to queue
[2024-06-06T16:42:12.563+0530] {logging_mixin.py:188} INFO - [2024-06-06T16:42:12.562+0530] {dagbag.py:540} INFO - Filling up the DagBag from /home/wsl/airflow_venv/lib/python3.10/site-packages/airflow/example_dags/example_trigger_target_dag.py
[2024-06-06T16:42:12.573+0530] {processor.py:840} INFO - DAG(s) 'example_trigger_target_dag' retrieved from /home/wsl/airflow_venv/lib/python3.10/site-packages/airflow/example_dags/example_trigger_target_dag.py
[2024-06-06T16:42:12.591+0530] {logging_mixin.py:188} INFO - [2024-06-06T16:42:12.591+0530] {dag.py:3096} INFO - Sync 1 DAGs
[2024-06-06T16:42:12.603+0530] {logging_mixin.py:188} INFO - [2024-06-06T16:42:12.602+0530] {dag.py:3954} INFO - Setting next_dagrun for example_trigger_target_dag to None, run_after=None
[2024-06-06T16:42:12.632+0530] {processor.py:183} INFO - Processing /home/wsl/airflow_venv/lib/python3.10/site-packages/airflow/example_dags/example_trigger_target_dag.py took 0.087 seconds
[2024-06-06T16:44:22.220+0530] {processor.py:161} INFO - Started process (PID=63820) to work on /home/wsl/airflow_venv/lib/python3.10/site-packages/airflow/example_dags/example_trigger_target_dag.py
[2024-06-06T16:44:22.223+0530] {processor.py:830} INFO - Processing file /home/wsl/airflow_venv/lib/python3.10/site-packages/airflow/example_dags/example_trigger_target_dag.py for tasks to queue
[2024-06-06T16:44:22.224+0530] {logging_mixin.py:188} INFO - [2024-06-06T16:44:22.223+0530] {dagbag.py:540} INFO - Filling up the DagBag from /home/wsl/airflow_venv/lib/python3.10/site-packages/airflow/example_dags/example_trigger_target_dag.py
[2024-06-06T16:44:22.231+0530] {processor.py:840} INFO - DAG(s) 'example_trigger_target_dag' retrieved from /home/wsl/airflow_venv/lib/python3.10/site-packages/airflow/example_dags/example_trigger_target_dag.py
[2024-06-06T16:44:22.248+0530] {logging_mixin.py:188} INFO - [2024-06-06T16:44:22.248+0530] {dag.py:3096} INFO - Sync 1 DAGs
[2024-06-06T16:44:22.259+0530] {logging_mixin.py:188} INFO - [2024-06-06T16:44:22.259+0530] {dag.py:3954} INFO - Setting next_dagrun for example_trigger_target_dag to None, run_after=None
[2024-06-06T16:44:22.289+0530] {processor.py:183} INFO - Processing /home/wsl/airflow_venv/lib/python3.10/site-packages/airflow/example_dags/example_trigger_target_dag.py took 0.077 seconds
[2024-06-06T16:45:24.783+0530] {processor.py:161} INFO - Started process (PID=64538) to work on /home/wsl/airflow_venv/lib/python3.10/site-packages/airflow/example_dags/example_trigger_target_dag.py
[2024-06-06T16:45:24.786+0530] {processor.py:830} INFO - Processing file /home/wsl/airflow_venv/lib/python3.10/site-packages/airflow/example_dags/example_trigger_target_dag.py for tasks to queue
[2024-06-06T16:45:24.787+0530] {logging_mixin.py:188} INFO - [2024-06-06T16:45:24.787+0530] {dagbag.py:540} INFO - Filling up the DagBag from /home/wsl/airflow_venv/lib/python3.10/site-packages/airflow/example_dags/example_trigger_target_dag.py
[2024-06-06T16:45:24.794+0530] {processor.py:840} INFO - DAG(s) 'example_trigger_target_dag' retrieved from /home/wsl/airflow_venv/lib/python3.10/site-packages/airflow/example_dags/example_trigger_target_dag.py
[2024-06-06T16:45:24.818+0530] {logging_mixin.py:188} INFO - [2024-06-06T16:45:24.818+0530] {dag.py:3096} INFO - Sync 1 DAGs
[2024-06-06T16:45:24.830+0530] {logging_mixin.py:188} INFO - [2024-06-06T16:45:24.830+0530] {dag.py:3954} INFO - Setting next_dagrun for example_trigger_target_dag to None, run_after=None
[2024-06-06T16:45:24.855+0530] {processor.py:183} INFO - Processing /home/wsl/airflow_venv/lib/python3.10/site-packages/airflow/example_dags/example_trigger_target_dag.py took 0.090 seconds
[2024-06-06T16:46:47.208+0530] {processor.py:161} INFO - Started process (PID=65616) to work on /home/wsl/airflow_venv/lib/python3.10/site-packages/airflow/example_dags/example_trigger_target_dag.py
[2024-06-06T16:46:47.216+0530] {processor.py:830} INFO - Processing file /home/wsl/airflow_venv/lib/python3.10/site-packages/airflow/example_dags/example_trigger_target_dag.py for tasks to queue
[2024-06-06T16:46:47.218+0530] {logging_mixin.py:188} INFO - [2024-06-06T16:46:47.217+0530] {dagbag.py:540} INFO - Filling up the DagBag from /home/wsl/airflow_venv/lib/python3.10/site-packages/airflow/example_dags/example_trigger_target_dag.py
[2024-06-06T16:46:47.224+0530] {processor.py:840} INFO - DAG(s) 'example_trigger_target_dag' retrieved from /home/wsl/airflow_venv/lib/python3.10/site-packages/airflow/example_dags/example_trigger_target_dag.py
[2024-06-06T16:46:47.244+0530] {logging_mixin.py:188} INFO - [2024-06-06T16:46:47.244+0530] {dag.py:3096} INFO - Sync 1 DAGs
[2024-06-06T16:46:47.264+0530] {logging_mixin.py:188} INFO - [2024-06-06T16:46:47.264+0530] {dag.py:3954} INFO - Setting next_dagrun for example_trigger_target_dag to None, run_after=None
[2024-06-06T16:46:48.539+0530] {processor.py:183} INFO - Processing /home/wsl/airflow_venv/lib/python3.10/site-packages/airflow/example_dags/example_trigger_target_dag.py took 1.338 seconds
[2024-06-06T16:48:08.237+0530] {processor.py:161} INFO - Started process (PID=66549) to work on /home/wsl/airflow_venv/lib/python3.10/site-packages/airflow/example_dags/example_trigger_target_dag.py
[2024-06-06T16:48:08.241+0530] {processor.py:830} INFO - Processing file /home/wsl/airflow_venv/lib/python3.10/site-packages/airflow/example_dags/example_trigger_target_dag.py for tasks to queue
[2024-06-06T16:48:08.243+0530] {logging_mixin.py:188} INFO - [2024-06-06T16:48:08.242+0530] {dagbag.py:540} INFO - Filling up the DagBag from /home/wsl/airflow_venv/lib/python3.10/site-packages/airflow/example_dags/example_trigger_target_dag.py
[2024-06-06T16:48:08.257+0530] {processor.py:840} INFO - DAG(s) 'example_trigger_target_dag' retrieved from /home/wsl/airflow_venv/lib/python3.10/site-packages/airflow/example_dags/example_trigger_target_dag.py
[2024-06-06T16:48:08.297+0530] {logging_mixin.py:188} INFO - [2024-06-06T16:48:08.296+0530] {dag.py:3096} INFO - Sync 1 DAGs
[2024-06-06T16:48:08.328+0530] {logging_mixin.py:188} INFO - [2024-06-06T16:48:08.327+0530] {dag.py:3954} INFO - Setting next_dagrun for example_trigger_target_dag to None, run_after=None
[2024-06-06T16:48:08.384+0530] {processor.py:183} INFO - Processing /home/wsl/airflow_venv/lib/python3.10/site-packages/airflow/example_dags/example_trigger_target_dag.py took 0.162 seconds
[2024-06-06T16:49:21.334+0530] {processor.py:161} INFO - Started process (PID=67350) to work on /home/wsl/airflow_venv/lib/python3.10/site-packages/airflow/example_dags/example_trigger_target_dag.py
[2024-06-06T16:49:21.338+0530] {processor.py:830} INFO - Processing file /home/wsl/airflow_venv/lib/python3.10/site-packages/airflow/example_dags/example_trigger_target_dag.py for tasks to queue
[2024-06-06T16:49:21.340+0530] {logging_mixin.py:188} INFO - [2024-06-06T16:49:21.339+0530] {dagbag.py:540} INFO - Filling up the DagBag from /home/wsl/airflow_venv/lib/python3.10/site-packages/airflow/example_dags/example_trigger_target_dag.py
[2024-06-06T16:49:21.351+0530] {processor.py:840} INFO - DAG(s) 'example_trigger_target_dag' retrieved from /home/wsl/airflow_venv/lib/python3.10/site-packages/airflow/example_dags/example_trigger_target_dag.py
[2024-06-06T16:49:21.376+0530] {logging_mixin.py:188} INFO - [2024-06-06T16:49:21.376+0530] {dag.py:3096} INFO - Sync 1 DAGs
[2024-06-06T16:49:21.395+0530] {logging_mixin.py:188} INFO - [2024-06-06T16:49:21.394+0530] {dag.py:3954} INFO - Setting next_dagrun for example_trigger_target_dag to None, run_after=None
[2024-06-06T16:49:21.436+0530] {processor.py:183} INFO - Processing /home/wsl/airflow_venv/lib/python3.10/site-packages/airflow/example_dags/example_trigger_target_dag.py took 0.131 seconds
[2024-06-06T16:50:51.658+0530] {processor.py:161} INFO - Started process (PID=68122) to work on /home/wsl/airflow_venv/lib/python3.10/site-packages/airflow/example_dags/example_trigger_target_dag.py
[2024-06-06T16:50:51.688+0530] {processor.py:830} INFO - Processing file /home/wsl/airflow_venv/lib/python3.10/site-packages/airflow/example_dags/example_trigger_target_dag.py for tasks to queue
[2024-06-06T16:50:51.691+0530] {logging_mixin.py:188} INFO - [2024-06-06T16:50:51.690+0530] {dagbag.py:540} INFO - Filling up the DagBag from /home/wsl/airflow_venv/lib/python3.10/site-packages/airflow/example_dags/example_trigger_target_dag.py
[2024-06-06T16:50:51.707+0530] {processor.py:840} INFO - DAG(s) 'example_trigger_target_dag' retrieved from /home/wsl/airflow_venv/lib/python3.10/site-packages/airflow/example_dags/example_trigger_target_dag.py
[2024-06-06T16:50:51.730+0530] {logging_mixin.py:188} INFO - [2024-06-06T16:50:51.730+0530] {dag.py:3096} INFO - Sync 1 DAGs
[2024-06-06T16:50:51.749+0530] {logging_mixin.py:188} INFO - [2024-06-06T16:50:51.749+0530] {dag.py:3954} INFO - Setting next_dagrun for example_trigger_target_dag to None, run_after=None
[2024-06-06T16:50:52.376+0530] {processor.py:183} INFO - Processing /home/wsl/airflow_venv/lib/python3.10/site-packages/airflow/example_dags/example_trigger_target_dag.py took 0.750 seconds
[2024-06-06T16:52:22.115+0530] {processor.py:161} INFO - Started process (PID=69126) to work on /home/wsl/airflow_venv/lib/python3.10/site-packages/airflow/example_dags/example_trigger_target_dag.py
[2024-06-06T16:52:22.130+0530] {processor.py:830} INFO - Processing file /home/wsl/airflow_venv/lib/python3.10/site-packages/airflow/example_dags/example_trigger_target_dag.py for tasks to queue
[2024-06-06T16:52:22.132+0530] {logging_mixin.py:188} INFO - [2024-06-06T16:52:22.131+0530] {dagbag.py:540} INFO - Filling up the DagBag from /home/wsl/airflow_venv/lib/python3.10/site-packages/airflow/example_dags/example_trigger_target_dag.py
[2024-06-06T16:52:22.146+0530] {processor.py:840} INFO - DAG(s) 'example_trigger_target_dag' retrieved from /home/wsl/airflow_venv/lib/python3.10/site-packages/airflow/example_dags/example_trigger_target_dag.py
[2024-06-06T16:52:22.214+0530] {logging_mixin.py:188} INFO - [2024-06-06T16:52:22.213+0530] {dag.py:3096} INFO - Sync 1 DAGs
[2024-06-06T16:52:22.240+0530] {logging_mixin.py:188} INFO - [2024-06-06T16:52:22.240+0530] {dag.py:3954} INFO - Setting next_dagrun for example_trigger_target_dag to None, run_after=None
[2024-06-06T16:52:22.284+0530] {processor.py:183} INFO - Processing /home/wsl/airflow_venv/lib/python3.10/site-packages/airflow/example_dags/example_trigger_target_dag.py took 0.189 seconds
[2024-06-06T16:53:40.830+0530] {processor.py:161} INFO - Started process (PID=70018) to work on /home/wsl/airflow_venv/lib/python3.10/site-packages/airflow/example_dags/example_trigger_target_dag.py
[2024-06-06T16:53:40.841+0530] {processor.py:830} INFO - Processing file /home/wsl/airflow_venv/lib/python3.10/site-packages/airflow/example_dags/example_trigger_target_dag.py for tasks to queue
[2024-06-06T16:53:40.843+0530] {logging_mixin.py:188} INFO - [2024-06-06T16:53:40.842+0530] {dagbag.py:540} INFO - Filling up the DagBag from /home/wsl/airflow_venv/lib/python3.10/site-packages/airflow/example_dags/example_trigger_target_dag.py
[2024-06-06T16:53:40.853+0530] {processor.py:840} INFO - DAG(s) 'example_trigger_target_dag' retrieved from /home/wsl/airflow_venv/lib/python3.10/site-packages/airflow/example_dags/example_trigger_target_dag.py
[2024-06-06T16:53:40.877+0530] {logging_mixin.py:188} INFO - [2024-06-06T16:53:40.877+0530] {dag.py:3096} INFO - Sync 1 DAGs
[2024-06-06T16:53:40.893+0530] {logging_mixin.py:188} INFO - [2024-06-06T16:53:40.893+0530] {dag.py:3954} INFO - Setting next_dagrun for example_trigger_target_dag to None, run_after=None
[2024-06-06T16:53:41.372+0530] {processor.py:183} INFO - Processing /home/wsl/airflow_venv/lib/python3.10/site-packages/airflow/example_dags/example_trigger_target_dag.py took 0.554 seconds
[2024-06-06T16:54:46.737+0530] {processor.py:161} INFO - Started process (PID=70768) to work on /home/wsl/airflow_venv/lib/python3.10/site-packages/airflow/example_dags/example_trigger_target_dag.py
[2024-06-06T16:54:46.739+0530] {processor.py:830} INFO - Processing file /home/wsl/airflow_venv/lib/python3.10/site-packages/airflow/example_dags/example_trigger_target_dag.py for tasks to queue
[2024-06-06T16:54:46.740+0530] {logging_mixin.py:188} INFO - [2024-06-06T16:54:46.740+0530] {dagbag.py:540} INFO - Filling up the DagBag from /home/wsl/airflow_venv/lib/python3.10/site-packages/airflow/example_dags/example_trigger_target_dag.py
[2024-06-06T16:54:46.747+0530] {processor.py:840} INFO - DAG(s) 'example_trigger_target_dag' retrieved from /home/wsl/airflow_venv/lib/python3.10/site-packages/airflow/example_dags/example_trigger_target_dag.py
[2024-06-06T16:54:46.766+0530] {logging_mixin.py:188} INFO - [2024-06-06T16:54:46.766+0530] {dag.py:3096} INFO - Sync 1 DAGs
[2024-06-06T16:54:46.778+0530] {logging_mixin.py:188} INFO - [2024-06-06T16:54:46.777+0530] {dag.py:3954} INFO - Setting next_dagrun for example_trigger_target_dag to None, run_after=None
[2024-06-06T16:54:46.804+0530] {processor.py:183} INFO - Processing /home/wsl/airflow_venv/lib/python3.10/site-packages/airflow/example_dags/example_trigger_target_dag.py took 0.079 seconds
[2024-06-06T16:55:47.070+0530] {processor.py:161} INFO - Started process (PID=71568) to work on /home/wsl/airflow_venv/lib/python3.10/site-packages/airflow/example_dags/example_trigger_target_dag.py
[2024-06-06T16:55:47.073+0530] {processor.py:830} INFO - Processing file /home/wsl/airflow_venv/lib/python3.10/site-packages/airflow/example_dags/example_trigger_target_dag.py for tasks to queue
[2024-06-06T16:55:47.075+0530] {logging_mixin.py:188} INFO - [2024-06-06T16:55:47.074+0530] {dagbag.py:540} INFO - Filling up the DagBag from /home/wsl/airflow_venv/lib/python3.10/site-packages/airflow/example_dags/example_trigger_target_dag.py
[2024-06-06T16:55:47.090+0530] {processor.py:840} INFO - DAG(s) 'example_trigger_target_dag' retrieved from /home/wsl/airflow_venv/lib/python3.10/site-packages/airflow/example_dags/example_trigger_target_dag.py
[2024-06-06T16:55:47.111+0530] {logging_mixin.py:188} INFO - [2024-06-06T16:55:47.110+0530] {dag.py:3096} INFO - Sync 1 DAGs
[2024-06-06T16:55:47.123+0530] {logging_mixin.py:188} INFO - [2024-06-06T16:55:47.123+0530] {dag.py:3954} INFO - Setting next_dagrun for example_trigger_target_dag to None, run_after=None
[2024-06-06T16:55:47.151+0530] {processor.py:183} INFO - Processing /home/wsl/airflow_venv/lib/python3.10/site-packages/airflow/example_dags/example_trigger_target_dag.py took 0.094 seconds
[2024-06-06T16:57:53.871+0530] {processor.py:161} INFO - Started process (PID=73083) to work on /home/wsl/airflow_venv/lib/python3.10/site-packages/airflow/example_dags/example_trigger_target_dag.py
[2024-06-06T16:57:53.873+0530] {processor.py:830} INFO - Processing file /home/wsl/airflow_venv/lib/python3.10/site-packages/airflow/example_dags/example_trigger_target_dag.py for tasks to queue
[2024-06-06T16:57:53.874+0530] {logging_mixin.py:188} INFO - [2024-06-06T16:57:53.874+0530] {dagbag.py:540} INFO - Filling up the DagBag from /home/wsl/airflow_venv/lib/python3.10/site-packages/airflow/example_dags/example_trigger_target_dag.py
[2024-06-06T16:57:53.887+0530] {processor.py:840} INFO - DAG(s) 'example_trigger_target_dag' retrieved from /home/wsl/airflow_venv/lib/python3.10/site-packages/airflow/example_dags/example_trigger_target_dag.py
[2024-06-06T16:57:53.914+0530] {logging_mixin.py:188} INFO - [2024-06-06T16:57:53.914+0530] {dag.py:3096} INFO - Sync 1 DAGs
[2024-06-06T16:57:53.938+0530] {logging_mixin.py:188} INFO - [2024-06-06T16:57:53.938+0530] {dag.py:3954} INFO - Setting next_dagrun for example_trigger_target_dag to None, run_after=None
[2024-06-06T16:57:53.986+0530] {processor.py:183} INFO - Processing /home/wsl/airflow_venv/lib/python3.10/site-packages/airflow/example_dags/example_trigger_target_dag.py took 0.127 seconds
[2024-06-06T16:59:05.798+0530] {processor.py:161} INFO - Started process (PID=74025) to work on /home/wsl/airflow_venv/lib/python3.10/site-packages/airflow/example_dags/example_trigger_target_dag.py
[2024-06-06T16:59:05.866+0530] {processor.py:830} INFO - Processing file /home/wsl/airflow_venv/lib/python3.10/site-packages/airflow/example_dags/example_trigger_target_dag.py for tasks to queue
[2024-06-06T16:59:05.867+0530] {logging_mixin.py:188} INFO - [2024-06-06T16:59:05.867+0530] {dagbag.py:540} INFO - Filling up the DagBag from /home/wsl/airflow_venv/lib/python3.10/site-packages/airflow/example_dags/example_trigger_target_dag.py
[2024-06-06T16:59:05.874+0530] {processor.py:840} INFO - DAG(s) 'example_trigger_target_dag' retrieved from /home/wsl/airflow_venv/lib/python3.10/site-packages/airflow/example_dags/example_trigger_target_dag.py
[2024-06-06T16:59:05.892+0530] {logging_mixin.py:188} INFO - [2024-06-06T16:59:05.892+0530] {dag.py:3096} INFO - Sync 1 DAGs
[2024-06-06T16:59:05.908+0530] {logging_mixin.py:188} INFO - [2024-06-06T16:59:05.907+0530] {dag.py:3954} INFO - Setting next_dagrun for example_trigger_target_dag to None, run_after=None
[2024-06-06T16:59:07.843+0530] {processor.py:183} INFO - Processing /home/wsl/airflow_venv/lib/python3.10/site-packages/airflow/example_dags/example_trigger_target_dag.py took 2.058 seconds
[2024-06-06T17:00:17.898+0530] {processor.py:161} INFO - Started process (PID=74910) to work on /home/wsl/airflow_venv/lib/python3.10/site-packages/airflow/example_dags/example_trigger_target_dag.py
[2024-06-06T17:00:17.900+0530] {processor.py:830} INFO - Processing file /home/wsl/airflow_venv/lib/python3.10/site-packages/airflow/example_dags/example_trigger_target_dag.py for tasks to queue
[2024-06-06T17:00:17.902+0530] {logging_mixin.py:188} INFO - [2024-06-06T17:00:17.901+0530] {dagbag.py:540} INFO - Filling up the DagBag from /home/wsl/airflow_venv/lib/python3.10/site-packages/airflow/example_dags/example_trigger_target_dag.py
[2024-06-06T17:00:17.912+0530] {processor.py:840} INFO - DAG(s) 'example_trigger_target_dag' retrieved from /home/wsl/airflow_venv/lib/python3.10/site-packages/airflow/example_dags/example_trigger_target_dag.py
[2024-06-06T17:00:17.941+0530] {logging_mixin.py:188} INFO - [2024-06-06T17:00:17.940+0530] {dag.py:3096} INFO - Sync 1 DAGs
[2024-06-06T17:00:17.961+0530] {logging_mixin.py:188} INFO - [2024-06-06T17:00:17.961+0530] {dag.py:3954} INFO - Setting next_dagrun for example_trigger_target_dag to None, run_after=None
[2024-06-06T17:00:18.036+0530] {processor.py:183} INFO - Processing /home/wsl/airflow_venv/lib/python3.10/site-packages/airflow/example_dags/example_trigger_target_dag.py took 0.153 seconds
[2024-06-06T17:02:31.921+0530] {processor.py:161} INFO - Started process (PID=76461) to work on /home/wsl/airflow_venv/lib/python3.10/site-packages/airflow/example_dags/example_trigger_target_dag.py
[2024-06-06T17:02:31.924+0530] {processor.py:830} INFO - Processing file /home/wsl/airflow_venv/lib/python3.10/site-packages/airflow/example_dags/example_trigger_target_dag.py for tasks to queue
[2024-06-06T17:02:31.926+0530] {logging_mixin.py:188} INFO - [2024-06-06T17:02:31.925+0530] {dagbag.py:540} INFO - Filling up the DagBag from /home/wsl/airflow_venv/lib/python3.10/site-packages/airflow/example_dags/example_trigger_target_dag.py
[2024-06-06T17:02:31.935+0530] {processor.py:840} INFO - DAG(s) 'example_trigger_target_dag' retrieved from /home/wsl/airflow_venv/lib/python3.10/site-packages/airflow/example_dags/example_trigger_target_dag.py
[2024-06-06T17:02:31.954+0530] {logging_mixin.py:188} INFO - [2024-06-06T17:02:31.954+0530] {dag.py:3096} INFO - Sync 1 DAGs
[2024-06-06T17:02:31.966+0530] {logging_mixin.py:188} INFO - [2024-06-06T17:02:31.966+0530] {dag.py:3954} INFO - Setting next_dagrun for example_trigger_target_dag to None, run_after=None
[2024-06-06T17:02:31.993+0530] {processor.py:183} INFO - Processing /home/wsl/airflow_venv/lib/python3.10/site-packages/airflow/example_dags/example_trigger_target_dag.py took 0.093 seconds
[2024-06-06T17:04:35.882+0530] {processor.py:161} INFO - Started process (PID=78061) to work on /home/wsl/airflow_venv/lib/python3.10/site-packages/airflow/example_dags/example_trigger_target_dag.py
[2024-06-06T17:04:35.885+0530] {processor.py:830} INFO - Processing file /home/wsl/airflow_venv/lib/python3.10/site-packages/airflow/example_dags/example_trigger_target_dag.py for tasks to queue
[2024-06-06T17:04:35.887+0530] {logging_mixin.py:188} INFO - [2024-06-06T17:04:35.886+0530] {dagbag.py:540} INFO - Filling up the DagBag from /home/wsl/airflow_venv/lib/python3.10/site-packages/airflow/example_dags/example_trigger_target_dag.py
[2024-06-06T17:04:35.896+0530] {processor.py:840} INFO - DAG(s) 'example_trigger_target_dag' retrieved from /home/wsl/airflow_venv/lib/python3.10/site-packages/airflow/example_dags/example_trigger_target_dag.py
[2024-06-06T17:04:35.919+0530] {logging_mixin.py:188} INFO - [2024-06-06T17:04:35.919+0530] {dag.py:3096} INFO - Sync 1 DAGs
[2024-06-06T17:04:35.931+0530] {logging_mixin.py:188} INFO - [2024-06-06T17:04:35.931+0530] {dag.py:3954} INFO - Setting next_dagrun for example_trigger_target_dag to None, run_after=None
[2024-06-06T17:04:35.964+0530] {processor.py:183} INFO - Processing /home/wsl/airflow_venv/lib/python3.10/site-packages/airflow/example_dags/example_trigger_target_dag.py took 0.093 seconds
[2024-06-06T17:05:31.795+0530] {processor.py:161} INFO - Started process (PID=78850) to work on /home/wsl/airflow_venv/lib/python3.10/site-packages/airflow/example_dags/example_trigger_target_dag.py
[2024-06-06T17:05:31.797+0530] {processor.py:830} INFO - Processing file /home/wsl/airflow_venv/lib/python3.10/site-packages/airflow/example_dags/example_trigger_target_dag.py for tasks to queue
[2024-06-06T17:05:31.798+0530] {logging_mixin.py:188} INFO - [2024-06-06T17:05:31.798+0530] {dagbag.py:540} INFO - Filling up the DagBag from /home/wsl/airflow_venv/lib/python3.10/site-packages/airflow/example_dags/example_trigger_target_dag.py
[2024-06-06T17:05:31.804+0530] {processor.py:840} INFO - DAG(s) 'example_trigger_target_dag' retrieved from /home/wsl/airflow_venv/lib/python3.10/site-packages/airflow/example_dags/example_trigger_target_dag.py
[2024-06-06T17:05:31.821+0530] {logging_mixin.py:188} INFO - [2024-06-06T17:05:31.821+0530] {dag.py:3096} INFO - Sync 1 DAGs
[2024-06-06T17:05:31.833+0530] {logging_mixin.py:188} INFO - [2024-06-06T17:05:31.833+0530] {dag.py:3954} INFO - Setting next_dagrun for example_trigger_target_dag to None, run_after=None
[2024-06-06T17:05:31.859+0530] {processor.py:183} INFO - Processing /home/wsl/airflow_venv/lib/python3.10/site-packages/airflow/example_dags/example_trigger_target_dag.py took 0.076 seconds
[2024-06-06T17:07:22.939+0530] {processor.py:161} INFO - Started process (PID=80367) to work on /home/wsl/airflow_venv/lib/python3.10/site-packages/airflow/example_dags/example_trigger_target_dag.py
[2024-06-06T17:07:23.036+0530] {processor.py:830} INFO - Processing file /home/wsl/airflow_venv/lib/python3.10/site-packages/airflow/example_dags/example_trigger_target_dag.py for tasks to queue
[2024-06-06T17:07:23.039+0530] {logging_mixin.py:188} INFO - [2024-06-06T17:07:23.038+0530] {dagbag.py:540} INFO - Filling up the DagBag from /home/wsl/airflow_venv/lib/python3.10/site-packages/airflow/example_dags/example_trigger_target_dag.py
[2024-06-06T17:07:23.067+0530] {processor.py:840} INFO - DAG(s) 'example_trigger_target_dag' retrieved from /home/wsl/airflow_venv/lib/python3.10/site-packages/airflow/example_dags/example_trigger_target_dag.py
[2024-06-06T17:07:23.099+0530] {logging_mixin.py:188} INFO - [2024-06-06T17:07:23.098+0530] {dag.py:3096} INFO - Sync 1 DAGs
[2024-06-06T17:07:23.114+0530] {logging_mixin.py:188} INFO - [2024-06-06T17:07:23.114+0530] {dag.py:3954} INFO - Setting next_dagrun for example_trigger_target_dag to None, run_after=None
[2024-06-06T17:07:24.114+0530] {processor.py:183} INFO - Processing /home/wsl/airflow_venv/lib/python3.10/site-packages/airflow/example_dags/example_trigger_target_dag.py took 1.186 seconds
[2024-06-06T17:08:34.458+0530] {processor.py:161} INFO - Started process (PID=81251) to work on /home/wsl/airflow_venv/lib/python3.10/site-packages/airflow/example_dags/example_trigger_target_dag.py
[2024-06-06T17:08:34.460+0530] {processor.py:830} INFO - Processing file /home/wsl/airflow_venv/lib/python3.10/site-packages/airflow/example_dags/example_trigger_target_dag.py for tasks to queue
[2024-06-06T17:08:34.461+0530] {logging_mixin.py:188} INFO - [2024-06-06T17:08:34.460+0530] {dagbag.py:540} INFO - Filling up the DagBag from /home/wsl/airflow_venv/lib/python3.10/site-packages/airflow/example_dags/example_trigger_target_dag.py
[2024-06-06T17:08:34.471+0530] {processor.py:840} INFO - DAG(s) 'example_trigger_target_dag' retrieved from /home/wsl/airflow_venv/lib/python3.10/site-packages/airflow/example_dags/example_trigger_target_dag.py
[2024-06-06T17:08:34.521+0530] {logging_mixin.py:188} INFO - [2024-06-06T17:08:34.520+0530] {dag.py:3096} INFO - Sync 1 DAGs
[2024-06-06T17:08:34.554+0530] {logging_mixin.py:188} INFO - [2024-06-06T17:08:34.553+0530] {dag.py:3954} INFO - Setting next_dagrun for example_trigger_target_dag to None, run_after=None
[2024-06-06T17:08:34.669+0530] {processor.py:183} INFO - Processing /home/wsl/airflow_venv/lib/python3.10/site-packages/airflow/example_dags/example_trigger_target_dag.py took 0.227 seconds
[2024-06-06T17:09:43.052+0530] {processor.py:161} INFO - Started process (PID=82049) to work on /home/wsl/airflow_venv/lib/python3.10/site-packages/airflow/example_dags/example_trigger_target_dag.py
[2024-06-06T17:09:43.054+0530] {processor.py:830} INFO - Processing file /home/wsl/airflow_venv/lib/python3.10/site-packages/airflow/example_dags/example_trigger_target_dag.py for tasks to queue
[2024-06-06T17:09:43.055+0530] {logging_mixin.py:188} INFO - [2024-06-06T17:09:43.055+0530] {dagbag.py:540} INFO - Filling up the DagBag from /home/wsl/airflow_venv/lib/python3.10/site-packages/airflow/example_dags/example_trigger_target_dag.py
[2024-06-06T17:09:43.065+0530] {processor.py:840} INFO - DAG(s) 'example_trigger_target_dag' retrieved from /home/wsl/airflow_venv/lib/python3.10/site-packages/airflow/example_dags/example_trigger_target_dag.py
[2024-06-06T17:09:43.084+0530] {logging_mixin.py:188} INFO - [2024-06-06T17:09:43.084+0530] {dag.py:3096} INFO - Sync 1 DAGs
[2024-06-06T17:09:43.099+0530] {logging_mixin.py:188} INFO - [2024-06-06T17:09:43.099+0530] {dag.py:3954} INFO - Setting next_dagrun for example_trigger_target_dag to None, run_after=None
[2024-06-06T17:09:43.129+0530] {processor.py:183} INFO - Processing /home/wsl/airflow_venv/lib/python3.10/site-packages/airflow/example_dags/example_trigger_target_dag.py took 0.089 seconds
[2024-06-06T17:12:01.099+0530] {processor.py:161} INFO - Started process (PID=83809) to work on /home/wsl/airflow_venv/lib/python3.10/site-packages/airflow/example_dags/example_trigger_target_dag.py
[2024-06-06T17:12:01.158+0530] {processor.py:830} INFO - Processing file /home/wsl/airflow_venv/lib/python3.10/site-packages/airflow/example_dags/example_trigger_target_dag.py for tasks to queue
[2024-06-06T17:12:01.159+0530] {logging_mixin.py:188} INFO - [2024-06-06T17:12:01.159+0530] {dagbag.py:540} INFO - Filling up the DagBag from /home/wsl/airflow_venv/lib/python3.10/site-packages/airflow/example_dags/example_trigger_target_dag.py
[2024-06-06T17:12:01.167+0530] {processor.py:840} INFO - DAG(s) 'example_trigger_target_dag' retrieved from /home/wsl/airflow_venv/lib/python3.10/site-packages/airflow/example_dags/example_trigger_target_dag.py
[2024-06-06T17:12:01.186+0530] {logging_mixin.py:188} INFO - [2024-06-06T17:12:01.186+0530] {dag.py:3096} INFO - Sync 1 DAGs
[2024-06-06T17:12:01.199+0530] {logging_mixin.py:188} INFO - [2024-06-06T17:12:01.199+0530] {dag.py:3954} INFO - Setting next_dagrun for example_trigger_target_dag to None, run_after=None
[2024-06-06T17:12:01.373+0530] {processor.py:183} INFO - Processing /home/wsl/airflow_venv/lib/python3.10/site-packages/airflow/example_dags/example_trigger_target_dag.py took 0.283 seconds
[2024-06-06T17:13:07.551+0530] {processor.py:161} INFO - Started process (PID=84766) to work on /home/wsl/airflow_venv/lib/python3.10/site-packages/airflow/example_dags/example_trigger_target_dag.py
[2024-06-06T17:13:07.569+0530] {processor.py:830} INFO - Processing file /home/wsl/airflow_venv/lib/python3.10/site-packages/airflow/example_dags/example_trigger_target_dag.py for tasks to queue
[2024-06-06T17:13:07.571+0530] {logging_mixin.py:188} INFO - [2024-06-06T17:13:07.570+0530] {dagbag.py:540} INFO - Filling up the DagBag from /home/wsl/airflow_venv/lib/python3.10/site-packages/airflow/example_dags/example_trigger_target_dag.py
[2024-06-06T17:13:07.596+0530] {processor.py:840} INFO - DAG(s) 'example_trigger_target_dag' retrieved from /home/wsl/airflow_venv/lib/python3.10/site-packages/airflow/example_dags/example_trigger_target_dag.py
[2024-06-06T17:13:07.666+0530] {logging_mixin.py:188} INFO - [2024-06-06T17:13:07.665+0530] {dag.py:3096} INFO - Sync 1 DAGs
[2024-06-06T17:13:07.732+0530] {logging_mixin.py:188} INFO - [2024-06-06T17:13:07.731+0530] {dag.py:3954} INFO - Setting next_dagrun for example_trigger_target_dag to None, run_after=None
[2024-06-06T17:13:07.889+0530] {processor.py:183} INFO - Processing /home/wsl/airflow_venv/lib/python3.10/site-packages/airflow/example_dags/example_trigger_target_dag.py took 0.360 seconds
