[2024-06-06T15:50:03.566+0530] {processor.py:161} INFO - Started process (PID=33467) to work on /home/wsl/airflow_venv/lib/python3.10/site-packages/airflow/example_dags/tutorial.py
[2024-06-06T15:50:03.568+0530] {processor.py:830} INFO - Processing file /home/wsl/airflow_venv/lib/python3.10/site-packages/airflow/example_dags/tutorial.py for tasks to queue
[2024-06-06T15:50:03.569+0530] {logging_mixin.py:188} INFO - [2024-06-06T15:50:03.569+0530] {dagbag.py:540} INFO - Filling up the DagBag from /home/wsl/airflow_venv/lib/python3.10/site-packages/airflow/example_dags/tutorial.py
[2024-06-06T15:50:03.577+0530] {processor.py:840} INFO - DAG(s) 'tutorial' retrieved from /home/wsl/airflow_venv/lib/python3.10/site-packages/airflow/example_dags/tutorial.py
[2024-06-06T15:50:03.700+0530] {logging_mixin.py:188} INFO - [2024-06-06T15:50:03.700+0530] {dag.py:3096} INFO - Sync 1 DAGs
[2024-06-06T15:50:03.723+0530] {logging_mixin.py:188} INFO - [2024-06-06T15:50:03.723+0530] {dag.py:3954} INFO - Setting next_dagrun for tutorial to 2024-06-05 00:00:00+00:00, run_after=2024-06-06 00:00:00+00:00
[2024-06-06T15:50:03.756+0530] {processor.py:183} INFO - Processing /home/wsl/airflow_venv/lib/python3.10/site-packages/airflow/example_dags/tutorial.py took 0.199 seconds
[2024-06-06T15:51:31.829+0530] {processor.py:161} INFO - Started process (PID=34249) to work on /home/wsl/airflow_venv/lib/python3.10/site-packages/airflow/example_dags/tutorial.py
[2024-06-06T15:51:31.831+0530] {processor.py:830} INFO - Processing file /home/wsl/airflow_venv/lib/python3.10/site-packages/airflow/example_dags/tutorial.py for tasks to queue
[2024-06-06T15:51:31.832+0530] {logging_mixin.py:188} INFO - [2024-06-06T15:51:31.831+0530] {dagbag.py:540} INFO - Filling up the DagBag from /home/wsl/airflow_venv/lib/python3.10/site-packages/airflow/example_dags/tutorial.py
[2024-06-06T15:51:31.840+0530] {processor.py:840} INFO - DAG(s) 'tutorial' retrieved from /home/wsl/airflow_venv/lib/python3.10/site-packages/airflow/example_dags/tutorial.py
[2024-06-06T15:51:31.860+0530] {logging_mixin.py:188} INFO - [2024-06-06T15:51:31.859+0530] {dag.py:3096} INFO - Sync 1 DAGs
[2024-06-06T15:51:31.882+0530] {logging_mixin.py:188} INFO - [2024-06-06T15:51:31.882+0530] {dag.py:3954} INFO - Setting next_dagrun for tutorial to 2024-06-05 00:00:00+00:00, run_after=2024-06-06 00:00:00+00:00
[2024-06-06T15:51:31.924+0530] {processor.py:183} INFO - Processing /home/wsl/airflow_venv/lib/python3.10/site-packages/airflow/example_dags/tutorial.py took 0.109 seconds
[2024-06-06T15:53:16.912+0530] {processor.py:161} INFO - Started process (PID=35175) to work on /home/wsl/airflow_venv/lib/python3.10/site-packages/airflow/example_dags/tutorial.py
[2024-06-06T15:53:16.924+0530] {processor.py:830} INFO - Processing file /home/wsl/airflow_venv/lib/python3.10/site-packages/airflow/example_dags/tutorial.py for tasks to queue
[2024-06-06T15:53:16.926+0530] {logging_mixin.py:188} INFO - [2024-06-06T15:53:16.925+0530] {dagbag.py:540} INFO - Filling up the DagBag from /home/wsl/airflow_venv/lib/python3.10/site-packages/airflow/example_dags/tutorial.py
[2024-06-06T15:53:16.948+0530] {processor.py:840} INFO - DAG(s) 'tutorial' retrieved from /home/wsl/airflow_venv/lib/python3.10/site-packages/airflow/example_dags/tutorial.py
[2024-06-06T15:53:17.008+0530] {logging_mixin.py:188} INFO - [2024-06-06T15:53:17.008+0530] {dag.py:3096} INFO - Sync 1 DAGs
[2024-06-06T15:53:18.606+0530] {logging_mixin.py:188} INFO - [2024-06-06T15:53:18.605+0530] {dag.py:3954} INFO - Setting next_dagrun for tutorial to 2024-06-05 00:00:00+00:00, run_after=2024-06-06 00:00:00+00:00
[2024-06-06T15:53:18.733+0530] {processor.py:183} INFO - Processing /home/wsl/airflow_venv/lib/python3.10/site-packages/airflow/example_dags/tutorial.py took 1.840 seconds
[2024-06-06T15:54:32.090+0530] {processor.py:161} INFO - Started process (PID=36085) to work on /home/wsl/airflow_venv/lib/python3.10/site-packages/airflow/example_dags/tutorial.py
[2024-06-06T15:54:32.094+0530] {processor.py:830} INFO - Processing file /home/wsl/airflow_venv/lib/python3.10/site-packages/airflow/example_dags/tutorial.py for tasks to queue
[2024-06-06T15:54:32.096+0530] {logging_mixin.py:188} INFO - [2024-06-06T15:54:32.095+0530] {dagbag.py:540} INFO - Filling up the DagBag from /home/wsl/airflow_venv/lib/python3.10/site-packages/airflow/example_dags/tutorial.py
[2024-06-06T15:54:32.113+0530] {processor.py:840} INFO - DAG(s) 'tutorial' retrieved from /home/wsl/airflow_venv/lib/python3.10/site-packages/airflow/example_dags/tutorial.py
[2024-06-06T15:54:32.145+0530] {logging_mixin.py:188} INFO - [2024-06-06T15:54:32.144+0530] {dag.py:3096} INFO - Sync 1 DAGs
[2024-06-06T15:54:32.168+0530] {logging_mixin.py:188} INFO - [2024-06-06T15:54:32.167+0530] {dag.py:3954} INFO - Setting next_dagrun for tutorial to 2024-06-05 00:00:00+00:00, run_after=2024-06-06 00:00:00+00:00
[2024-06-06T15:54:32.201+0530] {processor.py:183} INFO - Processing /home/wsl/airflow_venv/lib/python3.10/site-packages/airflow/example_dags/tutorial.py took 0.130 seconds
[2024-06-06T15:57:13.880+0530] {processor.py:161} INFO - Started process (PID=37439) to work on /home/wsl/airflow_venv/lib/python3.10/site-packages/airflow/example_dags/tutorial.py
[2024-06-06T15:57:13.882+0530] {processor.py:830} INFO - Processing file /home/wsl/airflow_venv/lib/python3.10/site-packages/airflow/example_dags/tutorial.py for tasks to queue
[2024-06-06T15:57:13.883+0530] {logging_mixin.py:188} INFO - [2024-06-06T15:57:13.882+0530] {dagbag.py:540} INFO - Filling up the DagBag from /home/wsl/airflow_venv/lib/python3.10/site-packages/airflow/example_dags/tutorial.py
[2024-06-06T15:57:13.890+0530] {processor.py:840} INFO - DAG(s) 'tutorial' retrieved from /home/wsl/airflow_venv/lib/python3.10/site-packages/airflow/example_dags/tutorial.py
[2024-06-06T15:57:13.907+0530] {logging_mixin.py:188} INFO - [2024-06-06T15:57:13.907+0530] {dag.py:3096} INFO - Sync 1 DAGs
[2024-06-06T15:57:13.928+0530] {logging_mixin.py:188} INFO - [2024-06-06T15:57:13.928+0530] {dag.py:3954} INFO - Setting next_dagrun for tutorial to 2024-06-05 00:00:00+00:00, run_after=2024-06-06 00:00:00+00:00
[2024-06-06T15:57:13.956+0530] {processor.py:183} INFO - Processing /home/wsl/airflow_venv/lib/python3.10/site-packages/airflow/example_dags/tutorial.py took 0.089 seconds
[2024-06-06T15:58:21.680+0530] {processor.py:161} INFO - Started process (PID=37996) to work on /home/wsl/airflow_venv/lib/python3.10/site-packages/airflow/example_dags/tutorial.py
[2024-06-06T15:58:21.682+0530] {processor.py:830} INFO - Processing file /home/wsl/airflow_venv/lib/python3.10/site-packages/airflow/example_dags/tutorial.py for tasks to queue
[2024-06-06T15:58:21.684+0530] {logging_mixin.py:188} INFO - [2024-06-06T15:58:21.683+0530] {dagbag.py:540} INFO - Filling up the DagBag from /home/wsl/airflow_venv/lib/python3.10/site-packages/airflow/example_dags/tutorial.py
[2024-06-06T15:58:21.698+0530] {processor.py:840} INFO - DAG(s) 'tutorial' retrieved from /home/wsl/airflow_venv/lib/python3.10/site-packages/airflow/example_dags/tutorial.py
[2024-06-06T15:58:21.726+0530] {logging_mixin.py:188} INFO - [2024-06-06T15:58:21.726+0530] {dag.py:3096} INFO - Sync 1 DAGs
[2024-06-06T15:58:21.751+0530] {logging_mixin.py:188} INFO - [2024-06-06T15:58:21.751+0530] {dag.py:3954} INFO - Setting next_dagrun for tutorial to 2024-06-05 00:00:00+00:00, run_after=2024-06-06 00:00:00+00:00
[2024-06-06T15:58:21.778+0530] {processor.py:183} INFO - Processing /home/wsl/airflow_venv/lib/python3.10/site-packages/airflow/example_dags/tutorial.py took 0.109 seconds
[2024-06-06T15:59:37.175+0530] {processor.py:161} INFO - Started process (PID=38523) to work on /home/wsl/airflow_venv/lib/python3.10/site-packages/airflow/example_dags/tutorial.py
[2024-06-06T15:59:37.178+0530] {processor.py:830} INFO - Processing file /home/wsl/airflow_venv/lib/python3.10/site-packages/airflow/example_dags/tutorial.py for tasks to queue
[2024-06-06T15:59:37.179+0530] {logging_mixin.py:188} INFO - [2024-06-06T15:59:37.178+0530] {dagbag.py:540} INFO - Filling up the DagBag from /home/wsl/airflow_venv/lib/python3.10/site-packages/airflow/example_dags/tutorial.py
[2024-06-06T15:59:37.189+0530] {processor.py:840} INFO - DAG(s) 'tutorial' retrieved from /home/wsl/airflow_venv/lib/python3.10/site-packages/airflow/example_dags/tutorial.py
[2024-06-06T15:59:37.208+0530] {logging_mixin.py:188} INFO - [2024-06-06T15:59:37.208+0530] {dag.py:3096} INFO - Sync 1 DAGs
[2024-06-06T15:59:37.235+0530] {logging_mixin.py:188} INFO - [2024-06-06T15:59:37.235+0530] {dag.py:3954} INFO - Setting next_dagrun for tutorial to 2024-06-05 00:00:00+00:00, run_after=2024-06-06 00:00:00+00:00
[2024-06-06T15:59:37.266+0530] {processor.py:183} INFO - Processing /home/wsl/airflow_venv/lib/python3.10/site-packages/airflow/example_dags/tutorial.py took 0.102 seconds
[2024-06-06T16:06:09.213+0530] {processor.py:161} INFO - Started process (PID=41354) to work on /home/wsl/airflow_venv/lib/python3.10/site-packages/airflow/example_dags/tutorial.py
[2024-06-06T16:06:09.215+0530] {processor.py:830} INFO - Processing file /home/wsl/airflow_venv/lib/python3.10/site-packages/airflow/example_dags/tutorial.py for tasks to queue
[2024-06-06T16:06:09.216+0530] {logging_mixin.py:188} INFO - [2024-06-06T16:06:09.216+0530] {dagbag.py:540} INFO - Filling up the DagBag from /home/wsl/airflow_venv/lib/python3.10/site-packages/airflow/example_dags/tutorial.py
[2024-06-06T16:06:09.226+0530] {processor.py:840} INFO - DAG(s) 'tutorial' retrieved from /home/wsl/airflow_venv/lib/python3.10/site-packages/airflow/example_dags/tutorial.py
[2024-06-06T16:06:09.421+0530] {logging_mixin.py:188} INFO - [2024-06-06T16:06:09.420+0530] {dag.py:3096} INFO - Sync 1 DAGs
[2024-06-06T16:06:09.435+0530] {logging_mixin.py:188} INFO - [2024-06-06T16:06:09.435+0530] {dag.py:3954} INFO - Setting next_dagrun for tutorial to 2024-06-05 00:00:00+00:00, run_after=2024-06-06 00:00:00+00:00
[2024-06-06T16:06:09.466+0530] {processor.py:183} INFO - Processing /home/wsl/airflow_venv/lib/python3.10/site-packages/airflow/example_dags/tutorial.py took 0.263 seconds
[2024-06-06T16:07:45.303+0530] {processor.py:161} INFO - Started process (PID=42348) to work on /home/wsl/airflow_venv/lib/python3.10/site-packages/airflow/example_dags/tutorial.py
[2024-06-06T16:07:45.306+0530] {processor.py:830} INFO - Processing file /home/wsl/airflow_venv/lib/python3.10/site-packages/airflow/example_dags/tutorial.py for tasks to queue
[2024-06-06T16:07:45.308+0530] {logging_mixin.py:188} INFO - [2024-06-06T16:07:45.307+0530] {dagbag.py:540} INFO - Filling up the DagBag from /home/wsl/airflow_venv/lib/python3.10/site-packages/airflow/example_dags/tutorial.py
[2024-06-06T16:07:45.317+0530] {processor.py:840} INFO - DAG(s) 'tutorial' retrieved from /home/wsl/airflow_venv/lib/python3.10/site-packages/airflow/example_dags/tutorial.py
[2024-06-06T16:07:45.334+0530] {logging_mixin.py:188} INFO - [2024-06-06T16:07:45.334+0530] {dag.py:3096} INFO - Sync 1 DAGs
[2024-06-06T16:07:45.353+0530] {logging_mixin.py:188} INFO - [2024-06-06T16:07:45.352+0530] {dag.py:3954} INFO - Setting next_dagrun for tutorial to 2024-06-05 00:00:00+00:00, run_after=2024-06-06 00:00:00+00:00
[2024-06-06T16:07:45.381+0530] {processor.py:183} INFO - Processing /home/wsl/airflow_venv/lib/python3.10/site-packages/airflow/example_dags/tutorial.py took 0.093 seconds
[2024-06-06T16:09:57.397+0530] {processor.py:161} INFO - Started process (PID=43708) to work on /home/wsl/airflow_venv/lib/python3.10/site-packages/airflow/example_dags/tutorial.py
[2024-06-06T16:09:57.399+0530] {processor.py:830} INFO - Processing file /home/wsl/airflow_venv/lib/python3.10/site-packages/airflow/example_dags/tutorial.py for tasks to queue
[2024-06-06T16:09:57.399+0530] {logging_mixin.py:188} INFO - [2024-06-06T16:09:57.399+0530] {dagbag.py:540} INFO - Filling up the DagBag from /home/wsl/airflow_venv/lib/python3.10/site-packages/airflow/example_dags/tutorial.py
[2024-06-06T16:09:57.406+0530] {processor.py:840} INFO - DAG(s) 'tutorial' retrieved from /home/wsl/airflow_venv/lib/python3.10/site-packages/airflow/example_dags/tutorial.py
[2024-06-06T16:09:57.423+0530] {logging_mixin.py:188} INFO - [2024-06-06T16:09:57.423+0530] {dag.py:3096} INFO - Sync 1 DAGs
[2024-06-06T16:09:57.441+0530] {logging_mixin.py:188} INFO - [2024-06-06T16:09:57.441+0530] {dag.py:3954} INFO - Setting next_dagrun for tutorial to 2024-06-05 00:00:00+00:00, run_after=2024-06-06 00:00:00+00:00
[2024-06-06T16:09:57.468+0530] {processor.py:183} INFO - Processing /home/wsl/airflow_venv/lib/python3.10/site-packages/airflow/example_dags/tutorial.py took 0.078 seconds
[2024-06-06T16:11:30.240+0530] {processor.py:161} INFO - Started process (PID=44754) to work on /home/wsl/airflow_venv/lib/python3.10/site-packages/airflow/example_dags/tutorial.py
[2024-06-06T16:11:30.243+0530] {processor.py:830} INFO - Processing file /home/wsl/airflow_venv/lib/python3.10/site-packages/airflow/example_dags/tutorial.py for tasks to queue
[2024-06-06T16:11:30.245+0530] {logging_mixin.py:188} INFO - [2024-06-06T16:11:30.244+0530] {dagbag.py:540} INFO - Filling up the DagBag from /home/wsl/airflow_venv/lib/python3.10/site-packages/airflow/example_dags/tutorial.py
[2024-06-06T16:11:30.256+0530] {processor.py:840} INFO - DAG(s) 'tutorial' retrieved from /home/wsl/airflow_venv/lib/python3.10/site-packages/airflow/example_dags/tutorial.py
[2024-06-06T16:11:30.273+0530] {logging_mixin.py:188} INFO - [2024-06-06T16:11:30.273+0530] {dag.py:3096} INFO - Sync 1 DAGs
[2024-06-06T16:11:30.291+0530] {logging_mixin.py:188} INFO - [2024-06-06T16:11:30.291+0530] {dag.py:3954} INFO - Setting next_dagrun for tutorial to 2024-06-05 00:00:00+00:00, run_after=2024-06-06 00:00:00+00:00
[2024-06-06T16:11:30.320+0530] {processor.py:183} INFO - Processing /home/wsl/airflow_venv/lib/python3.10/site-packages/airflow/example_dags/tutorial.py took 0.092 seconds
[2024-06-06T16:14:14.567+0530] {processor.py:161} INFO - Started process (PID=46677) to work on /home/wsl/airflow_venv/lib/python3.10/site-packages/airflow/example_dags/tutorial.py
[2024-06-06T16:14:14.572+0530] {processor.py:830} INFO - Processing file /home/wsl/airflow_venv/lib/python3.10/site-packages/airflow/example_dags/tutorial.py for tasks to queue
[2024-06-06T16:14:14.573+0530] {logging_mixin.py:188} INFO - [2024-06-06T16:14:14.573+0530] {dagbag.py:540} INFO - Filling up the DagBag from /home/wsl/airflow_venv/lib/python3.10/site-packages/airflow/example_dags/tutorial.py
[2024-06-06T16:14:14.588+0530] {processor.py:840} INFO - DAG(s) 'tutorial' retrieved from /home/wsl/airflow_venv/lib/python3.10/site-packages/airflow/example_dags/tutorial.py
[2024-06-06T16:14:14.643+0530] {logging_mixin.py:188} INFO - [2024-06-06T16:14:14.642+0530] {dag.py:3096} INFO - Sync 1 DAGs
[2024-06-06T16:14:14.665+0530] {logging_mixin.py:188} INFO - [2024-06-06T16:14:14.665+0530] {dag.py:3954} INFO - Setting next_dagrun for tutorial to 2024-06-05 00:00:00+00:00, run_after=2024-06-06 00:00:00+00:00
[2024-06-06T16:14:14.699+0530] {processor.py:183} INFO - Processing /home/wsl/airflow_venv/lib/python3.10/site-packages/airflow/example_dags/tutorial.py took 0.143 seconds
[2024-06-06T16:15:28.523+0530] {processor.py:161} INFO - Started process (PID=47349) to work on /home/wsl/airflow_venv/lib/python3.10/site-packages/airflow/example_dags/tutorial.py
[2024-06-06T16:15:28.526+0530] {processor.py:830} INFO - Processing file /home/wsl/airflow_venv/lib/python3.10/site-packages/airflow/example_dags/tutorial.py for tasks to queue
[2024-06-06T16:15:28.527+0530] {logging_mixin.py:188} INFO - [2024-06-06T16:15:28.526+0530] {dagbag.py:540} INFO - Filling up the DagBag from /home/wsl/airflow_venv/lib/python3.10/site-packages/airflow/example_dags/tutorial.py
[2024-06-06T16:15:28.536+0530] {processor.py:840} INFO - DAG(s) 'tutorial' retrieved from /home/wsl/airflow_venv/lib/python3.10/site-packages/airflow/example_dags/tutorial.py
[2024-06-06T16:15:28.558+0530] {logging_mixin.py:188} INFO - [2024-06-06T16:15:28.557+0530] {dag.py:3096} INFO - Sync 1 DAGs
[2024-06-06T16:15:28.577+0530] {logging_mixin.py:188} INFO - [2024-06-06T16:15:28.577+0530] {dag.py:3954} INFO - Setting next_dagrun for tutorial to 2024-06-05 00:00:00+00:00, run_after=2024-06-06 00:00:00+00:00
[2024-06-06T16:15:28.612+0530] {processor.py:183} INFO - Processing /home/wsl/airflow_venv/lib/python3.10/site-packages/airflow/example_dags/tutorial.py took 0.097 seconds
[2024-06-06T16:25:38.793+0530] {processor.py:161} INFO - Started process (PID=51833) to work on /home/wsl/airflow_venv/lib/python3.10/site-packages/airflow/example_dags/tutorial.py
[2024-06-06T16:25:38.797+0530] {processor.py:830} INFO - Processing file /home/wsl/airflow_venv/lib/python3.10/site-packages/airflow/example_dags/tutorial.py for tasks to queue
[2024-06-06T16:25:38.799+0530] {logging_mixin.py:188} INFO - [2024-06-06T16:25:38.798+0530] {dagbag.py:540} INFO - Filling up the DagBag from /home/wsl/airflow_venv/lib/python3.10/site-packages/airflow/example_dags/tutorial.py
[2024-06-06T16:25:38.816+0530] {processor.py:840} INFO - DAG(s) 'tutorial' retrieved from /home/wsl/airflow_venv/lib/python3.10/site-packages/airflow/example_dags/tutorial.py
[2024-06-06T16:25:39.043+0530] {logging_mixin.py:188} INFO - [2024-06-06T16:25:39.043+0530] {dag.py:3096} INFO - Sync 1 DAGs
[2024-06-06T16:25:39.060+0530] {logging_mixin.py:188} INFO - [2024-06-06T16:25:39.060+0530] {dag.py:3954} INFO - Setting next_dagrun for tutorial to 2024-06-05 00:00:00+00:00, run_after=2024-06-06 00:00:00+00:00
[2024-06-06T16:25:39.087+0530] {processor.py:183} INFO - Processing /home/wsl/airflow_venv/lib/python3.10/site-packages/airflow/example_dags/tutorial.py took 0.310 seconds
[2024-06-06T16:27:42.235+0530] {processor.py:161} INFO - Started process (PID=52938) to work on /home/wsl/airflow_venv/lib/python3.10/site-packages/airflow/example_dags/tutorial.py
[2024-06-06T16:27:42.238+0530] {processor.py:830} INFO - Processing file /home/wsl/airflow_venv/lib/python3.10/site-packages/airflow/example_dags/tutorial.py for tasks to queue
[2024-06-06T16:27:42.240+0530] {logging_mixin.py:188} INFO - [2024-06-06T16:27:42.240+0530] {dagbag.py:540} INFO - Filling up the DagBag from /home/wsl/airflow_venv/lib/python3.10/site-packages/airflow/example_dags/tutorial.py
[2024-06-06T16:27:42.253+0530] {processor.py:840} INFO - DAG(s) 'tutorial' retrieved from /home/wsl/airflow_venv/lib/python3.10/site-packages/airflow/example_dags/tutorial.py
[2024-06-06T16:27:42.282+0530] {logging_mixin.py:188} INFO - [2024-06-06T16:27:42.281+0530] {dag.py:3096} INFO - Sync 1 DAGs
[2024-06-06T16:27:42.337+0530] {logging_mixin.py:188} INFO - [2024-06-06T16:27:42.336+0530] {dag.py:3954} INFO - Setting next_dagrun for tutorial to 2024-06-05 00:00:00+00:00, run_after=2024-06-06 00:00:00+00:00
[2024-06-06T16:27:42.394+0530] {processor.py:183} INFO - Processing /home/wsl/airflow_venv/lib/python3.10/site-packages/airflow/example_dags/tutorial.py took 0.191 seconds
[2024-06-06T16:29:10.480+0530] {processor.py:161} INFO - Started process (PID=53862) to work on /home/wsl/airflow_venv/lib/python3.10/site-packages/airflow/example_dags/tutorial.py
[2024-06-06T16:29:10.490+0530] {processor.py:830} INFO - Processing file /home/wsl/airflow_venv/lib/python3.10/site-packages/airflow/example_dags/tutorial.py for tasks to queue
[2024-06-06T16:29:10.493+0530] {logging_mixin.py:188} INFO - [2024-06-06T16:29:10.492+0530] {dagbag.py:540} INFO - Filling up the DagBag from /home/wsl/airflow_venv/lib/python3.10/site-packages/airflow/example_dags/tutorial.py
[2024-06-06T16:29:10.514+0530] {processor.py:840} INFO - DAG(s) 'tutorial' retrieved from /home/wsl/airflow_venv/lib/python3.10/site-packages/airflow/example_dags/tutorial.py
[2024-06-06T16:29:10.761+0530] {logging_mixin.py:188} INFO - [2024-06-06T16:29:10.761+0530] {dag.py:3096} INFO - Sync 1 DAGs
[2024-06-06T16:29:10.800+0530] {logging_mixin.py:188} INFO - [2024-06-06T16:29:10.800+0530] {dag.py:3954} INFO - Setting next_dagrun for tutorial to 2024-06-05 00:00:00+00:00, run_after=2024-06-06 00:00:00+00:00
[2024-06-06T16:29:10.966+0530] {processor.py:183} INFO - Processing /home/wsl/airflow_venv/lib/python3.10/site-packages/airflow/example_dags/tutorial.py took 0.507 seconds
[2024-06-06T16:31:41.634+0530] {processor.py:161} INFO - Started process (PID=55572) to work on /home/wsl/airflow_venv/lib/python3.10/site-packages/airflow/example_dags/tutorial.py
[2024-06-06T16:31:41.636+0530] {processor.py:830} INFO - Processing file /home/wsl/airflow_venv/lib/python3.10/site-packages/airflow/example_dags/tutorial.py for tasks to queue
[2024-06-06T16:31:41.639+0530] {logging_mixin.py:188} INFO - [2024-06-06T16:31:41.638+0530] {dagbag.py:540} INFO - Filling up the DagBag from /home/wsl/airflow_venv/lib/python3.10/site-packages/airflow/example_dags/tutorial.py
[2024-06-06T16:31:41.648+0530] {processor.py:840} INFO - DAG(s) 'tutorial' retrieved from /home/wsl/airflow_venv/lib/python3.10/site-packages/airflow/example_dags/tutorial.py
[2024-06-06T16:31:41.666+0530] {logging_mixin.py:188} INFO - [2024-06-06T16:31:41.666+0530] {dag.py:3096} INFO - Sync 1 DAGs
[2024-06-06T16:31:41.686+0530] {logging_mixin.py:188} INFO - [2024-06-06T16:31:41.686+0530] {dag.py:3954} INFO - Setting next_dagrun for tutorial to 2024-06-05 00:00:00+00:00, run_after=2024-06-06 00:00:00+00:00
[2024-06-06T16:31:41.800+0530] {processor.py:183} INFO - Processing /home/wsl/airflow_venv/lib/python3.10/site-packages/airflow/example_dags/tutorial.py took 0.183 seconds
[2024-06-06T16:32:53.313+0530] {processor.py:161} INFO - Started process (PID=56367) to work on /home/wsl/airflow_venv/lib/python3.10/site-packages/airflow/example_dags/tutorial.py
[2024-06-06T16:32:53.315+0530] {processor.py:830} INFO - Processing file /home/wsl/airflow_venv/lib/python3.10/site-packages/airflow/example_dags/tutorial.py for tasks to queue
[2024-06-06T16:32:53.317+0530] {logging_mixin.py:188} INFO - [2024-06-06T16:32:53.316+0530] {dagbag.py:540} INFO - Filling up the DagBag from /home/wsl/airflow_venv/lib/python3.10/site-packages/airflow/example_dags/tutorial.py
[2024-06-06T16:32:53.325+0530] {processor.py:840} INFO - DAG(s) 'tutorial' retrieved from /home/wsl/airflow_venv/lib/python3.10/site-packages/airflow/example_dags/tutorial.py
[2024-06-06T16:32:53.346+0530] {logging_mixin.py:188} INFO - [2024-06-06T16:32:53.346+0530] {dag.py:3096} INFO - Sync 1 DAGs
[2024-06-06T16:32:53.365+0530] {logging_mixin.py:188} INFO - [2024-06-06T16:32:53.365+0530] {dag.py:3954} INFO - Setting next_dagrun for tutorial to 2024-06-05 00:00:00+00:00, run_after=2024-06-06 00:00:00+00:00
[2024-06-06T16:32:53.393+0530] {processor.py:183} INFO - Processing /home/wsl/airflow_venv/lib/python3.10/site-packages/airflow/example_dags/tutorial.py took 0.094 seconds
[2024-06-06T16:35:02.053+0530] {processor.py:161} INFO - Started process (PID=57826) to work on /home/wsl/airflow_venv/lib/python3.10/site-packages/airflow/example_dags/tutorial.py
[2024-06-06T16:35:02.055+0530] {processor.py:830} INFO - Processing file /home/wsl/airflow_venv/lib/python3.10/site-packages/airflow/example_dags/tutorial.py for tasks to queue
[2024-06-06T16:35:02.057+0530] {logging_mixin.py:188} INFO - [2024-06-06T16:35:02.056+0530] {dagbag.py:540} INFO - Filling up the DagBag from /home/wsl/airflow_venv/lib/python3.10/site-packages/airflow/example_dags/tutorial.py
[2024-06-06T16:35:02.076+0530] {processor.py:840} INFO - DAG(s) 'tutorial' retrieved from /home/wsl/airflow_venv/lib/python3.10/site-packages/airflow/example_dags/tutorial.py
[2024-06-06T16:35:02.144+0530] {logging_mixin.py:188} INFO - [2024-06-06T16:35:02.143+0530] {dag.py:3096} INFO - Sync 1 DAGs
[2024-06-06T16:35:02.181+0530] {logging_mixin.py:188} INFO - [2024-06-06T16:35:02.181+0530] {dag.py:3954} INFO - Setting next_dagrun for tutorial to 2024-06-05 00:00:00+00:00, run_after=2024-06-06 00:00:00+00:00
[2024-06-06T16:35:02.221+0530] {processor.py:183} INFO - Processing /home/wsl/airflow_venv/lib/python3.10/site-packages/airflow/example_dags/tutorial.py took 0.182 seconds
[2024-06-06T16:37:19.415+0530] {processor.py:161} INFO - Started process (PID=59324) to work on /home/wsl/airflow_venv/lib/python3.10/site-packages/airflow/example_dags/tutorial.py
[2024-06-06T16:37:19.419+0530] {processor.py:830} INFO - Processing file /home/wsl/airflow_venv/lib/python3.10/site-packages/airflow/example_dags/tutorial.py for tasks to queue
[2024-06-06T16:37:19.420+0530] {logging_mixin.py:188} INFO - [2024-06-06T16:37:19.420+0530] {dagbag.py:540} INFO - Filling up the DagBag from /home/wsl/airflow_venv/lib/python3.10/site-packages/airflow/example_dags/tutorial.py
[2024-06-06T16:37:19.432+0530] {processor.py:840} INFO - DAG(s) 'tutorial' retrieved from /home/wsl/airflow_venv/lib/python3.10/site-packages/airflow/example_dags/tutorial.py
[2024-06-06T16:37:19.453+0530] {logging_mixin.py:188} INFO - [2024-06-06T16:37:19.452+0530] {dag.py:3096} INFO - Sync 1 DAGs
[2024-06-06T16:37:19.472+0530] {logging_mixin.py:188} INFO - [2024-06-06T16:37:19.472+0530] {dag.py:3954} INFO - Setting next_dagrun for tutorial to 2024-06-05 00:00:00+00:00, run_after=2024-06-06 00:00:00+00:00
[2024-06-06T16:37:19.502+0530] {processor.py:183} INFO - Processing /home/wsl/airflow_venv/lib/python3.10/site-packages/airflow/example_dags/tutorial.py took 0.099 seconds
[2024-06-06T16:40:16.114+0530] {processor.py:161} INFO - Started process (PID=61175) to work on /home/wsl/airflow_venv/lib/python3.10/site-packages/airflow/example_dags/tutorial.py
[2024-06-06T16:40:16.118+0530] {processor.py:830} INFO - Processing file /home/wsl/airflow_venv/lib/python3.10/site-packages/airflow/example_dags/tutorial.py for tasks to queue
[2024-06-06T16:40:16.120+0530] {logging_mixin.py:188} INFO - [2024-06-06T16:40:16.119+0530] {dagbag.py:540} INFO - Filling up the DagBag from /home/wsl/airflow_venv/lib/python3.10/site-packages/airflow/example_dags/tutorial.py
[2024-06-06T16:40:16.136+0530] {processor.py:840} INFO - DAG(s) 'tutorial' retrieved from /home/wsl/airflow_venv/lib/python3.10/site-packages/airflow/example_dags/tutorial.py
[2024-06-06T16:40:16.160+0530] {logging_mixin.py:188} INFO - [2024-06-06T16:40:16.159+0530] {dag.py:3096} INFO - Sync 1 DAGs
[2024-06-06T16:40:16.191+0530] {logging_mixin.py:188} INFO - [2024-06-06T16:40:16.191+0530] {dag.py:3954} INFO - Setting next_dagrun for tutorial to 2024-06-05 00:00:00+00:00, run_after=2024-06-06 00:00:00+00:00
[2024-06-06T16:40:16.239+0530] {processor.py:183} INFO - Processing /home/wsl/airflow_venv/lib/python3.10/site-packages/airflow/example_dags/tutorial.py took 0.137 seconds
[2024-06-06T16:41:29.525+0530] {processor.py:161} INFO - Started process (PID=61990) to work on /home/wsl/airflow_venv/lib/python3.10/site-packages/airflow/example_dags/tutorial.py
[2024-06-06T16:41:29.527+0530] {processor.py:830} INFO - Processing file /home/wsl/airflow_venv/lib/python3.10/site-packages/airflow/example_dags/tutorial.py for tasks to queue
[2024-06-06T16:41:29.529+0530] {logging_mixin.py:188} INFO - [2024-06-06T16:41:29.528+0530] {dagbag.py:540} INFO - Filling up the DagBag from /home/wsl/airflow_venv/lib/python3.10/site-packages/airflow/example_dags/tutorial.py
[2024-06-06T16:41:29.538+0530] {processor.py:840} INFO - DAG(s) 'tutorial' retrieved from /home/wsl/airflow_venv/lib/python3.10/site-packages/airflow/example_dags/tutorial.py
[2024-06-06T16:41:29.558+0530] {logging_mixin.py:188} INFO - [2024-06-06T16:41:29.557+0530] {dag.py:3096} INFO - Sync 1 DAGs
[2024-06-06T16:41:29.577+0530] {logging_mixin.py:188} INFO - [2024-06-06T16:41:29.577+0530] {dag.py:3954} INFO - Setting next_dagrun for tutorial to 2024-06-05 00:00:00+00:00, run_after=2024-06-06 00:00:00+00:00
[2024-06-06T16:41:29.807+0530] {processor.py:183} INFO - Processing /home/wsl/airflow_venv/lib/python3.10/site-packages/airflow/example_dags/tutorial.py took 0.291 seconds
[2024-06-06T16:43:31.693+0530] {processor.py:161} INFO - Started process (PID=63227) to work on /home/wsl/airflow_venv/lib/python3.10/site-packages/airflow/example_dags/tutorial.py
[2024-06-06T16:43:31.696+0530] {processor.py:830} INFO - Processing file /home/wsl/airflow_venv/lib/python3.10/site-packages/airflow/example_dags/tutorial.py for tasks to queue
[2024-06-06T16:43:31.698+0530] {logging_mixin.py:188} INFO - [2024-06-06T16:43:31.697+0530] {dagbag.py:540} INFO - Filling up the DagBag from /home/wsl/airflow_venv/lib/python3.10/site-packages/airflow/example_dags/tutorial.py
[2024-06-06T16:43:31.709+0530] {processor.py:840} INFO - DAG(s) 'tutorial' retrieved from /home/wsl/airflow_venv/lib/python3.10/site-packages/airflow/example_dags/tutorial.py
[2024-06-06T16:43:31.728+0530] {logging_mixin.py:188} INFO - [2024-06-06T16:43:31.727+0530] {dag.py:3096} INFO - Sync 1 DAGs
[2024-06-06T16:43:31.746+0530] {logging_mixin.py:188} INFO - [2024-06-06T16:43:31.745+0530] {dag.py:3954} INFO - Setting next_dagrun for tutorial to 2024-06-05 00:00:00+00:00, run_after=2024-06-06 00:00:00+00:00
[2024-06-06T16:43:31.930+0530] {processor.py:183} INFO - Processing /home/wsl/airflow_venv/lib/python3.10/site-packages/airflow/example_dags/tutorial.py took 0.251 seconds
[2024-06-06T16:45:39.164+0530] {processor.py:161} INFO - Started process (PID=64714) to work on /home/wsl/airflow_venv/lib/python3.10/site-packages/airflow/example_dags/tutorial.py
[2024-06-06T16:45:39.266+0530] {processor.py:830} INFO - Processing file /home/wsl/airflow_venv/lib/python3.10/site-packages/airflow/example_dags/tutorial.py for tasks to queue
[2024-06-06T16:45:39.267+0530] {logging_mixin.py:188} INFO - [2024-06-06T16:45:39.267+0530] {dagbag.py:540} INFO - Filling up the DagBag from /home/wsl/airflow_venv/lib/python3.10/site-packages/airflow/example_dags/tutorial.py
[2024-06-06T16:45:39.274+0530] {processor.py:840} INFO - DAG(s) 'tutorial' retrieved from /home/wsl/airflow_venv/lib/python3.10/site-packages/airflow/example_dags/tutorial.py
[2024-06-06T16:45:39.294+0530] {logging_mixin.py:188} INFO - [2024-06-06T16:45:39.293+0530] {dag.py:3096} INFO - Sync 1 DAGs
[2024-06-06T16:45:39.320+0530] {logging_mixin.py:188} INFO - [2024-06-06T16:45:39.320+0530] {dag.py:3954} INFO - Setting next_dagrun for tutorial to 2024-06-05 00:00:00+00:00, run_after=2024-06-06 00:00:00+00:00
[2024-06-06T16:45:39.647+0530] {processor.py:183} INFO - Processing /home/wsl/airflow_venv/lib/python3.10/site-packages/airflow/example_dags/tutorial.py took 0.491 seconds
[2024-06-06T16:48:22.796+0530] {processor.py:161} INFO - Started process (PID=66682) to work on /home/wsl/airflow_venv/lib/python3.10/site-packages/airflow/example_dags/tutorial.py
[2024-06-06T16:48:22.799+0530] {processor.py:830} INFO - Processing file /home/wsl/airflow_venv/lib/python3.10/site-packages/airflow/example_dags/tutorial.py for tasks to queue
[2024-06-06T16:48:22.800+0530] {logging_mixin.py:188} INFO - [2024-06-06T16:48:22.799+0530] {dagbag.py:540} INFO - Filling up the DagBag from /home/wsl/airflow_venv/lib/python3.10/site-packages/airflow/example_dags/tutorial.py
[2024-06-06T16:48:22.807+0530] {processor.py:840} INFO - DAG(s) 'tutorial' retrieved from /home/wsl/airflow_venv/lib/python3.10/site-packages/airflow/example_dags/tutorial.py
[2024-06-06T16:48:22.826+0530] {logging_mixin.py:188} INFO - [2024-06-06T16:48:22.825+0530] {dag.py:3096} INFO - Sync 1 DAGs
[2024-06-06T16:48:22.844+0530] {logging_mixin.py:188} INFO - [2024-06-06T16:48:22.844+0530] {dag.py:3954} INFO - Setting next_dagrun for tutorial to 2024-06-05 00:00:00+00:00, run_after=2024-06-06 00:00:00+00:00
[2024-06-06T16:48:22.871+0530] {processor.py:183} INFO - Processing /home/wsl/airflow_venv/lib/python3.10/site-packages/airflow/example_dags/tutorial.py took 0.083 seconds
[2024-06-06T16:51:06.127+0530] {processor.py:161} INFO - Started process (PID=68282) to work on /home/wsl/airflow_venv/lib/python3.10/site-packages/airflow/example_dags/tutorial.py
[2024-06-06T16:51:06.131+0530] {processor.py:830} INFO - Processing file /home/wsl/airflow_venv/lib/python3.10/site-packages/airflow/example_dags/tutorial.py for tasks to queue
[2024-06-06T16:51:06.133+0530] {logging_mixin.py:188} INFO - [2024-06-06T16:51:06.132+0530] {dagbag.py:540} INFO - Filling up the DagBag from /home/wsl/airflow_venv/lib/python3.10/site-packages/airflow/example_dags/tutorial.py
[2024-06-06T16:51:06.143+0530] {processor.py:840} INFO - DAG(s) 'tutorial' retrieved from /home/wsl/airflow_venv/lib/python3.10/site-packages/airflow/example_dags/tutorial.py
[2024-06-06T16:51:06.172+0530] {logging_mixin.py:188} INFO - [2024-06-06T16:51:06.172+0530] {dag.py:3096} INFO - Sync 1 DAGs
[2024-06-06T16:51:06.204+0530] {logging_mixin.py:188} INFO - [2024-06-06T16:51:06.204+0530] {dag.py:3954} INFO - Setting next_dagrun for tutorial to 2024-06-05 00:00:00+00:00, run_after=2024-06-06 00:00:00+00:00
[2024-06-06T16:51:06.251+0530] {processor.py:183} INFO - Processing /home/wsl/airflow_venv/lib/python3.10/site-packages/airflow/example_dags/tutorial.py took 0.135 seconds
[2024-06-06T16:53:48.578+0530] {processor.py:161} INFO - Started process (PID=70054) to work on /home/wsl/airflow_venv/lib/python3.10/site-packages/airflow/example_dags/tutorial.py
[2024-06-06T16:53:48.581+0530] {processor.py:830} INFO - Processing file /home/wsl/airflow_venv/lib/python3.10/site-packages/airflow/example_dags/tutorial.py for tasks to queue
[2024-06-06T16:53:48.582+0530] {logging_mixin.py:188} INFO - [2024-06-06T16:53:48.582+0530] {dagbag.py:540} INFO - Filling up the DagBag from /home/wsl/airflow_venv/lib/python3.10/site-packages/airflow/example_dags/tutorial.py
[2024-06-06T16:53:48.593+0530] {processor.py:840} INFO - DAG(s) 'tutorial' retrieved from /home/wsl/airflow_venv/lib/python3.10/site-packages/airflow/example_dags/tutorial.py
[2024-06-06T16:53:48.610+0530] {logging_mixin.py:188} INFO - [2024-06-06T16:53:48.610+0530] {dag.py:3096} INFO - Sync 1 DAGs
[2024-06-06T16:53:48.630+0530] {logging_mixin.py:188} INFO - [2024-06-06T16:53:48.629+0530] {dag.py:3954} INFO - Setting next_dagrun for tutorial to 2024-06-05 00:00:00+00:00, run_after=2024-06-06 00:00:00+00:00
[2024-06-06T16:53:48.660+0530] {processor.py:183} INFO - Processing /home/wsl/airflow_venv/lib/python3.10/site-packages/airflow/example_dags/tutorial.py took 0.093 seconds
[2024-06-06T16:55:00.539+0530] {processor.py:161} INFO - Started process (PID=70944) to work on /home/wsl/airflow_venv/lib/python3.10/site-packages/airflow/example_dags/tutorial.py
[2024-06-06T16:55:00.541+0530] {processor.py:830} INFO - Processing file /home/wsl/airflow_venv/lib/python3.10/site-packages/airflow/example_dags/tutorial.py for tasks to queue
[2024-06-06T16:55:00.542+0530] {logging_mixin.py:188} INFO - [2024-06-06T16:55:00.542+0530] {dagbag.py:540} INFO - Filling up the DagBag from /home/wsl/airflow_venv/lib/python3.10/site-packages/airflow/example_dags/tutorial.py
[2024-06-06T16:55:00.552+0530] {processor.py:840} INFO - DAG(s) 'tutorial' retrieved from /home/wsl/airflow_venv/lib/python3.10/site-packages/airflow/example_dags/tutorial.py
[2024-06-06T16:55:00.572+0530] {logging_mixin.py:188} INFO - [2024-06-06T16:55:00.572+0530] {dag.py:3096} INFO - Sync 1 DAGs
[2024-06-06T16:55:00.590+0530] {logging_mixin.py:188} INFO - [2024-06-06T16:55:00.590+0530] {dag.py:3954} INFO - Setting next_dagrun for tutorial to 2024-06-05 00:00:00+00:00, run_after=2024-06-06 00:00:00+00:00
[2024-06-06T16:55:00.618+0530] {processor.py:183} INFO - Processing /home/wsl/airflow_venv/lib/python3.10/site-packages/airflow/example_dags/tutorial.py took 0.090 seconds
[2024-06-06T16:56:51.589+0530] {processor.py:161} INFO - Started process (PID=72369) to work on /home/wsl/airflow_venv/lib/python3.10/site-packages/airflow/example_dags/tutorial.py
[2024-06-06T16:56:51.606+0530] {processor.py:830} INFO - Processing file /home/wsl/airflow_venv/lib/python3.10/site-packages/airflow/example_dags/tutorial.py for tasks to queue
[2024-06-06T16:56:51.608+0530] {logging_mixin.py:188} INFO - [2024-06-06T16:56:51.607+0530] {dagbag.py:540} INFO - Filling up the DagBag from /home/wsl/airflow_venv/lib/python3.10/site-packages/airflow/example_dags/tutorial.py
[2024-06-06T16:56:51.616+0530] {processor.py:840} INFO - DAG(s) 'tutorial' retrieved from /home/wsl/airflow_venv/lib/python3.10/site-packages/airflow/example_dags/tutorial.py
[2024-06-06T16:56:51.633+0530] {logging_mixin.py:188} INFO - [2024-06-06T16:56:51.633+0530] {dag.py:3096} INFO - Sync 1 DAGs
[2024-06-06T16:56:51.652+0530] {logging_mixin.py:188} INFO - [2024-06-06T16:56:51.652+0530] {dag.py:3954} INFO - Setting next_dagrun for tutorial to 2024-06-05 00:00:00+00:00, run_after=2024-06-06 00:00:00+00:00
[2024-06-06T16:56:51.858+0530] {processor.py:183} INFO - Processing /home/wsl/airflow_venv/lib/python3.10/site-packages/airflow/example_dags/tutorial.py took 0.278 seconds
[2024-06-06T16:59:27.714+0530] {processor.py:161} INFO - Started process (PID=74168) to work on /home/wsl/airflow_venv/lib/python3.10/site-packages/airflow/example_dags/tutorial.py
[2024-06-06T16:59:27.773+0530] {processor.py:830} INFO - Processing file /home/wsl/airflow_venv/lib/python3.10/site-packages/airflow/example_dags/tutorial.py for tasks to queue
[2024-06-06T16:59:27.776+0530] {logging_mixin.py:188} INFO - [2024-06-06T16:59:27.774+0530] {dagbag.py:540} INFO - Filling up the DagBag from /home/wsl/airflow_venv/lib/python3.10/site-packages/airflow/example_dags/tutorial.py
[2024-06-06T16:59:27.793+0530] {processor.py:840} INFO - DAG(s) 'tutorial' retrieved from /home/wsl/airflow_venv/lib/python3.10/site-packages/airflow/example_dags/tutorial.py
[2024-06-06T16:59:27.825+0530] {logging_mixin.py:188} INFO - [2024-06-06T16:59:27.825+0530] {dag.py:3096} INFO - Sync 1 DAGs
[2024-06-06T16:59:27.846+0530] {logging_mixin.py:188} INFO - [2024-06-06T16:59:27.846+0530] {dag.py:3954} INFO - Setting next_dagrun for tutorial to 2024-06-05 00:00:00+00:00, run_after=2024-06-06 00:00:00+00:00
[2024-06-06T16:59:28.042+0530] {processor.py:183} INFO - Processing /home/wsl/airflow_venv/lib/python3.10/site-packages/airflow/example_dags/tutorial.py took 0.339 seconds
[2024-06-06T17:01:33.953+0530] {processor.py:161} INFO - Started process (PID=75839) to work on /home/wsl/airflow_venv/lib/python3.10/site-packages/airflow/example_dags/tutorial.py
[2024-06-06T17:01:33.956+0530] {processor.py:830} INFO - Processing file /home/wsl/airflow_venv/lib/python3.10/site-packages/airflow/example_dags/tutorial.py for tasks to queue
[2024-06-06T17:01:33.958+0530] {logging_mixin.py:188} INFO - [2024-06-06T17:01:33.957+0530] {dagbag.py:540} INFO - Filling up the DagBag from /home/wsl/airflow_venv/lib/python3.10/site-packages/airflow/example_dags/tutorial.py
[2024-06-06T17:01:33.971+0530] {processor.py:840} INFO - DAG(s) 'tutorial' retrieved from /home/wsl/airflow_venv/lib/python3.10/site-packages/airflow/example_dags/tutorial.py
[2024-06-06T17:01:33.995+0530] {logging_mixin.py:188} INFO - [2024-06-06T17:01:33.995+0530] {dag.py:3096} INFO - Sync 1 DAGs
[2024-06-06T17:01:34.017+0530] {logging_mixin.py:188} INFO - [2024-06-06T17:01:34.017+0530] {dag.py:3954} INFO - Setting next_dagrun for tutorial to 2024-06-05 00:00:00+00:00, run_after=2024-06-06 00:00:00+00:00
[2024-06-06T17:01:34.067+0530] {processor.py:183} INFO - Processing /home/wsl/airflow_venv/lib/python3.10/site-packages/airflow/example_dags/tutorial.py took 0.134 seconds
[2024-06-06T17:03:33.298+0530] {processor.py:161} INFO - Started process (PID=77346) to work on /home/wsl/airflow_venv/lib/python3.10/site-packages/airflow/example_dags/tutorial.py
[2024-06-06T17:03:33.301+0530] {processor.py:830} INFO - Processing file /home/wsl/airflow_venv/lib/python3.10/site-packages/airflow/example_dags/tutorial.py for tasks to queue
[2024-06-06T17:03:33.302+0530] {logging_mixin.py:188} INFO - [2024-06-06T17:03:33.302+0530] {dagbag.py:540} INFO - Filling up the DagBag from /home/wsl/airflow_venv/lib/python3.10/site-packages/airflow/example_dags/tutorial.py
[2024-06-06T17:03:33.312+0530] {processor.py:840} INFO - DAG(s) 'tutorial' retrieved from /home/wsl/airflow_venv/lib/python3.10/site-packages/airflow/example_dags/tutorial.py
[2024-06-06T17:03:33.334+0530] {logging_mixin.py:188} INFO - [2024-06-06T17:03:33.334+0530] {dag.py:3096} INFO - Sync 1 DAGs
[2024-06-06T17:03:33.353+0530] {logging_mixin.py:188} INFO - [2024-06-06T17:03:33.352+0530] {dag.py:3954} INFO - Setting next_dagrun for tutorial to 2024-06-05 00:00:00+00:00, run_after=2024-06-06 00:00:00+00:00
[2024-06-06T17:03:33.380+0530] {processor.py:183} INFO - Processing /home/wsl/airflow_venv/lib/python3.10/site-packages/airflow/example_dags/tutorial.py took 0.096 seconds
[2024-06-06T17:05:39.736+0530] {processor.py:161} INFO - Started process (PID=78886) to work on /home/wsl/airflow_venv/lib/python3.10/site-packages/airflow/example_dags/tutorial.py
[2024-06-06T17:05:39.739+0530] {processor.py:830} INFO - Processing file /home/wsl/airflow_venv/lib/python3.10/site-packages/airflow/example_dags/tutorial.py for tasks to queue
[2024-06-06T17:05:39.740+0530] {logging_mixin.py:188} INFO - [2024-06-06T17:05:39.740+0530] {dagbag.py:540} INFO - Filling up the DagBag from /home/wsl/airflow_venv/lib/python3.10/site-packages/airflow/example_dags/tutorial.py
[2024-06-06T17:05:39.748+0530] {processor.py:840} INFO - DAG(s) 'tutorial' retrieved from /home/wsl/airflow_venv/lib/python3.10/site-packages/airflow/example_dags/tutorial.py
[2024-06-06T17:05:39.765+0530] {logging_mixin.py:188} INFO - [2024-06-06T17:05:39.765+0530] {dag.py:3096} INFO - Sync 1 DAGs
[2024-06-06T17:05:39.785+0530] {logging_mixin.py:188} INFO - [2024-06-06T17:05:39.785+0530] {dag.py:3954} INFO - Setting next_dagrun for tutorial to 2024-06-05 00:00:00+00:00, run_after=2024-06-06 00:00:00+00:00
[2024-06-06T17:05:39.812+0530] {processor.py:183} INFO - Processing /home/wsl/airflow_venv/lib/python3.10/site-packages/airflow/example_dags/tutorial.py took 0.097 seconds
[2024-06-06T17:07:33.382+0530] {processor.py:161} INFO - Started process (PID=80460) to work on /home/wsl/airflow_venv/lib/python3.10/site-packages/airflow/example_dags/tutorial.py
[2024-06-06T17:07:33.386+0530] {processor.py:830} INFO - Processing file /home/wsl/airflow_venv/lib/python3.10/site-packages/airflow/example_dags/tutorial.py for tasks to queue
[2024-06-06T17:07:33.387+0530] {logging_mixin.py:188} INFO - [2024-06-06T17:07:33.387+0530] {dagbag.py:540} INFO - Filling up the DagBag from /home/wsl/airflow_venv/lib/python3.10/site-packages/airflow/example_dags/tutorial.py
[2024-06-06T17:07:33.397+0530] {processor.py:840} INFO - DAG(s) 'tutorial' retrieved from /home/wsl/airflow_venv/lib/python3.10/site-packages/airflow/example_dags/tutorial.py
[2024-06-06T17:07:33.417+0530] {logging_mixin.py:188} INFO - [2024-06-06T17:07:33.417+0530] {dag.py:3096} INFO - Sync 1 DAGs
[2024-06-06T17:07:33.435+0530] {logging_mixin.py:188} INFO - [2024-06-06T17:07:33.435+0530] {dag.py:3954} INFO - Setting next_dagrun for tutorial to 2024-06-05 00:00:00+00:00, run_after=2024-06-06 00:00:00+00:00
[2024-06-06T17:07:33.626+0530] {processor.py:183} INFO - Processing /home/wsl/airflow_venv/lib/python3.10/site-packages/airflow/example_dags/tutorial.py took 0.262 seconds
[2024-06-06T17:09:49.023+0530] {processor.py:161} INFO - Started process (PID=82218) to work on /home/wsl/airflow_venv/lib/python3.10/site-packages/airflow/example_dags/tutorial.py
[2024-06-06T17:09:49.047+0530] {processor.py:830} INFO - Processing file /home/wsl/airflow_venv/lib/python3.10/site-packages/airflow/example_dags/tutorial.py for tasks to queue
[2024-06-06T17:09:49.049+0530] {logging_mixin.py:188} INFO - [2024-06-06T17:09:49.048+0530] {dagbag.py:540} INFO - Filling up the DagBag from /home/wsl/airflow_venv/lib/python3.10/site-packages/airflow/example_dags/tutorial.py
[2024-06-06T17:09:49.070+0530] {processor.py:840} INFO - DAG(s) 'tutorial' retrieved from /home/wsl/airflow_venv/lib/python3.10/site-packages/airflow/example_dags/tutorial.py
[2024-06-06T17:09:49.137+0530] {logging_mixin.py:188} INFO - [2024-06-06T17:09:49.136+0530] {dag.py:3096} INFO - Sync 1 DAGs
[2024-06-06T17:09:49.213+0530] {logging_mixin.py:188} INFO - [2024-06-06T17:09:49.203+0530] {dag.py:3954} INFO - Setting next_dagrun for tutorial to 2024-06-05 00:00:00+00:00, run_after=2024-06-06 00:00:00+00:00
[2024-06-06T17:09:49.304+0530] {processor.py:183} INFO - Processing /home/wsl/airflow_venv/lib/python3.10/site-packages/airflow/example_dags/tutorial.py took 0.289 seconds
[2024-06-06T17:12:16.635+0530] {processor.py:161} INFO - Started process (PID=84028) to work on /home/wsl/airflow_venv/lib/python3.10/site-packages/airflow/example_dags/tutorial.py
[2024-06-06T17:12:16.638+0530] {processor.py:830} INFO - Processing file /home/wsl/airflow_venv/lib/python3.10/site-packages/airflow/example_dags/tutorial.py for tasks to queue
[2024-06-06T17:12:16.639+0530] {logging_mixin.py:188} INFO - [2024-06-06T17:12:16.639+0530] {dagbag.py:540} INFO - Filling up the DagBag from /home/wsl/airflow_venv/lib/python3.10/site-packages/airflow/example_dags/tutorial.py
[2024-06-06T17:12:16.649+0530] {processor.py:840} INFO - DAG(s) 'tutorial' retrieved from /home/wsl/airflow_venv/lib/python3.10/site-packages/airflow/example_dags/tutorial.py
[2024-06-06T17:12:16.672+0530] {logging_mixin.py:188} INFO - [2024-06-06T17:12:16.672+0530] {dag.py:3096} INFO - Sync 1 DAGs
[2024-06-06T17:12:16.699+0530] {logging_mixin.py:188} INFO - [2024-06-06T17:12:16.698+0530] {dag.py:3954} INFO - Setting next_dagrun for tutorial to 2024-06-05 00:00:00+00:00, run_after=2024-06-06 00:00:00+00:00
[2024-06-06T17:12:16.734+0530] {processor.py:183} INFO - Processing /home/wsl/airflow_venv/lib/python3.10/site-packages/airflow/example_dags/tutorial.py took 0.108 seconds
