[2024-06-06T15:49:18.185+0530] {processor.py:161} INFO - Started process (PID=33091) to work on /home/wsl/airflow/dags/Collect Data/covid_19_usa.py
[2024-06-06T15:49:18.194+0530] {processor.py:830} INFO - Processing file /home/wsl/airflow/dags/Collect Data/covid_19_usa.py for tasks to queue
[2024-06-06T15:49:18.204+0530] {logging_mixin.py:188} INFO - [2024-06-06T15:49:18.204+0530] {dagbag.py:540} INFO - Filling up the DagBag from /home/wsl/airflow/dags/Collect Data/covid_19_usa.py
[2024-06-06T15:49:19.942+0530] {processor.py:842} WARNING - No viable dags retrieved from /home/wsl/airflow/dags/Collect Data/covid_19_usa.py
[2024-06-06T15:49:20.082+0530] {processor.py:183} INFO - Processing /home/wsl/airflow/dags/Collect Data/covid_19_usa.py took 1.920 seconds
[2024-06-06T15:51:10.448+0530] {processor.py:161} INFO - Started process (PID=34046) to work on /home/wsl/airflow/dags/Collect Data/covid_19_usa.py
[2024-06-06T15:51:10.450+0530] {processor.py:830} INFO - Processing file /home/wsl/airflow/dags/Collect Data/covid_19_usa.py for tasks to queue
[2024-06-06T15:51:10.451+0530] {logging_mixin.py:188} INFO - [2024-06-06T15:51:10.450+0530] {dagbag.py:540} INFO - Filling up the DagBag from /home/wsl/airflow/dags/Collect Data/covid_19_usa.py
[2024-06-06T15:51:11.877+0530] {processor.py:842} WARNING - No viable dags retrieved from /home/wsl/airflow/dags/Collect Data/covid_19_usa.py
[2024-06-06T15:51:11.887+0530] {processor.py:183} INFO - Processing /home/wsl/airflow/dags/Collect Data/covid_19_usa.py took 1.450 seconds
[2024-06-06T15:51:53.915+0530] {processor.py:161} INFO - Started process (PID=34477) to work on /home/wsl/airflow/dags/Collect Data/covid_19_usa.py
[2024-06-06T15:51:53.919+0530] {processor.py:830} INFO - Processing file /home/wsl/airflow/dags/Collect Data/covid_19_usa.py for tasks to queue
[2024-06-06T15:51:53.921+0530] {logging_mixin.py:188} INFO - [2024-06-06T15:51:53.920+0530] {dagbag.py:540} INFO - Filling up the DagBag from /home/wsl/airflow/dags/Collect Data/covid_19_usa.py
[2024-06-06T15:51:56.166+0530] {processor.py:842} WARNING - No viable dags retrieved from /home/wsl/airflow/dags/Collect Data/covid_19_usa.py
[2024-06-06T15:51:56.172+0530] {processor.py:183} INFO - Processing /home/wsl/airflow/dags/Collect Data/covid_19_usa.py took 2.265 seconds
[2024-06-06T15:52:42.904+0530] {processor.py:161} INFO - Started process (PID=34894) to work on /home/wsl/airflow/dags/Collect Data/covid_19_usa.py
[2024-06-06T15:52:42.906+0530] {processor.py:830} INFO - Processing file /home/wsl/airflow/dags/Collect Data/covid_19_usa.py for tasks to queue
[2024-06-06T15:52:42.908+0530] {logging_mixin.py:188} INFO - [2024-06-06T15:52:42.908+0530] {dagbag.py:540} INFO - Filling up the DagBag from /home/wsl/airflow/dags/Collect Data/covid_19_usa.py
[2024-06-06T15:52:44.739+0530] {processor.py:842} WARNING - No viable dags retrieved from /home/wsl/airflow/dags/Collect Data/covid_19_usa.py
[2024-06-06T15:52:44.754+0530] {processor.py:183} INFO - Processing /home/wsl/airflow/dags/Collect Data/covid_19_usa.py took 1.863 seconds
[2024-06-06T15:54:09.729+0530] {processor.py:161} INFO - Started process (PID=35794) to work on /home/wsl/airflow/dags/Collect Data/covid_19_usa.py
[2024-06-06T15:54:09.929+0530] {processor.py:830} INFO - Processing file /home/wsl/airflow/dags/Collect Data/covid_19_usa.py for tasks to queue
[2024-06-06T15:54:09.931+0530] {logging_mixin.py:188} INFO - [2024-06-06T15:54:09.930+0530] {dagbag.py:540} INFO - Filling up the DagBag from /home/wsl/airflow/dags/Collect Data/covid_19_usa.py
[2024-06-06T15:54:11.837+0530] {processor.py:842} WARNING - No viable dags retrieved from /home/wsl/airflow/dags/Collect Data/covid_19_usa.py
[2024-06-06T15:54:11.868+0530] {processor.py:183} INFO - Processing /home/wsl/airflow/dags/Collect Data/covid_19_usa.py took 2.151 seconds
[2024-06-06T15:54:55.918+0530] {processor.py:161} INFO - Started process (PID=36366) to work on /home/wsl/airflow/dags/Collect Data/covid_19_usa.py
[2024-06-06T15:54:55.920+0530] {processor.py:830} INFO - Processing file /home/wsl/airflow/dags/Collect Data/covid_19_usa.py for tasks to queue
[2024-06-06T15:54:55.922+0530] {logging_mixin.py:188} INFO - [2024-06-06T15:54:55.922+0530] {dagbag.py:540} INFO - Filling up the DagBag from /home/wsl/airflow/dags/Collect Data/covid_19_usa.py
[2024-06-06T15:55:00.417+0530] {processor.py:842} WARNING - No viable dags retrieved from /home/wsl/airflow/dags/Collect Data/covid_19_usa.py
[2024-06-06T15:55:00.428+0530] {processor.py:183} INFO - Processing /home/wsl/airflow/dags/Collect Data/covid_19_usa.py took 4.518 seconds
[2024-06-06T15:56:47.138+0530] {processor.py:161} INFO - Started process (PID=37285) to work on /home/wsl/airflow/dags/Collect Data/covid_19_usa.py
[2024-06-06T15:56:47.140+0530] {processor.py:830} INFO - Processing file /home/wsl/airflow/dags/Collect Data/covid_19_usa.py for tasks to queue
[2024-06-06T15:56:47.141+0530] {logging_mixin.py:188} INFO - [2024-06-06T15:56:47.141+0530] {dagbag.py:540} INFO - Filling up the DagBag from /home/wsl/airflow/dags/Collect Data/covid_19_usa.py
[2024-06-06T15:56:48.608+0530] {processor.py:842} WARNING - No viable dags retrieved from /home/wsl/airflow/dags/Collect Data/covid_19_usa.py
[2024-06-06T15:56:48.620+0530] {processor.py:183} INFO - Processing /home/wsl/airflow/dags/Collect Data/covid_19_usa.py took 1.495 seconds
[2024-06-06T15:57:38.087+0530] {processor.py:161} INFO - Started process (PID=37560) to work on /home/wsl/airflow/dags/Collect Data/covid_19_usa.py
[2024-06-06T15:57:38.089+0530] {processor.py:830} INFO - Processing file /home/wsl/airflow/dags/Collect Data/covid_19_usa.py for tasks to queue
[2024-06-06T15:57:38.090+0530] {logging_mixin.py:188} INFO - [2024-06-06T15:57:38.089+0530] {dagbag.py:540} INFO - Filling up the DagBag from /home/wsl/airflow/dags/Collect Data/covid_19_usa.py
[2024-06-06T15:57:39.214+0530] {processor.py:842} WARNING - No viable dags retrieved from /home/wsl/airflow/dags/Collect Data/covid_19_usa.py
[2024-06-06T15:57:39.223+0530] {processor.py:183} INFO - Processing /home/wsl/airflow/dags/Collect Data/covid_19_usa.py took 1.143 seconds
[2024-06-06T15:58:13.299+0530] {processor.py:161} INFO - Started process (PID=37956) to work on /home/wsl/airflow/dags/Collect Data/covid_19_usa.py
[2024-06-06T15:58:13.389+0530] {processor.py:830} INFO - Processing file /home/wsl/airflow/dags/Collect Data/covid_19_usa.py for tasks to queue
[2024-06-06T15:58:13.391+0530] {logging_mixin.py:188} INFO - [2024-06-06T15:58:13.390+0530] {dagbag.py:540} INFO - Filling up the DagBag from /home/wsl/airflow/dags/Collect Data/covid_19_usa.py
[2024-06-06T15:58:15.188+0530] {processor.py:842} WARNING - No viable dags retrieved from /home/wsl/airflow/dags/Collect Data/covid_19_usa.py
[2024-06-06T15:58:15.201+0530] {processor.py:183} INFO - Processing /home/wsl/airflow/dags/Collect Data/covid_19_usa.py took 1.932 seconds
[2024-06-06T15:58:48.740+0530] {processor.py:161} INFO - Started process (PID=38294) to work on /home/wsl/airflow/dags/Collect Data/covid_19_usa.py
[2024-06-06T15:58:48.741+0530] {processor.py:830} INFO - Processing file /home/wsl/airflow/dags/Collect Data/covid_19_usa.py for tasks to queue
[2024-06-06T15:58:48.743+0530] {logging_mixin.py:188} INFO - [2024-06-06T15:58:48.742+0530] {dagbag.py:540} INFO - Filling up the DagBag from /home/wsl/airflow/dags/Collect Data/covid_19_usa.py
[2024-06-06T15:58:50.209+0530] {processor.py:842} WARNING - No viable dags retrieved from /home/wsl/airflow/dags/Collect Data/covid_19_usa.py
[2024-06-06T15:58:55.877+0530] {processor.py:183} INFO - Processing /home/wsl/airflow/dags/Collect Data/covid_19_usa.py took 7.146 seconds
[2024-06-06T15:59:30.550+0530] {processor.py:161} INFO - Started process (PID=38481) to work on /home/wsl/airflow/dags/Collect Data/covid_19_usa.py
[2024-06-06T15:59:30.552+0530] {processor.py:830} INFO - Processing file /home/wsl/airflow/dags/Collect Data/covid_19_usa.py for tasks to queue
[2024-06-06T15:59:30.553+0530] {logging_mixin.py:188} INFO - [2024-06-06T15:59:30.553+0530] {dagbag.py:540} INFO - Filling up the DagBag from /home/wsl/airflow/dags/Collect Data/covid_19_usa.py
[2024-06-06T15:59:31.680+0530] {processor.py:842} WARNING - No viable dags retrieved from /home/wsl/airflow/dags/Collect Data/covid_19_usa.py
[2024-06-06T15:59:31.689+0530] {processor.py:183} INFO - Processing /home/wsl/airflow/dags/Collect Data/covid_19_usa.py took 1.146 seconds
[2024-06-06T16:05:48.540+0530] {processor.py:161} INFO - Started process (PID=41249) to work on /home/wsl/airflow/dags/Collect Data/covid_19_usa.py
[2024-06-06T16:05:48.542+0530] {processor.py:830} INFO - Processing file /home/wsl/airflow/dags/Collect Data/covid_19_usa.py for tasks to queue
[2024-06-06T16:05:48.543+0530] {logging_mixin.py:188} INFO - [2024-06-06T16:05:48.543+0530] {dagbag.py:540} INFO - Filling up the DagBag from /home/wsl/airflow/dags/Collect Data/covid_19_usa.py
[2024-06-06T16:05:49.296+0530] {processor.py:842} WARNING - No viable dags retrieved from /home/wsl/airflow/dags/Collect Data/covid_19_usa.py
[2024-06-06T16:05:49.307+0530] {processor.py:183} INFO - Processing /home/wsl/airflow/dags/Collect Data/covid_19_usa.py took 0.775 seconds
[2024-06-06T16:07:14.145+0530] {processor.py:161} INFO - Started process (PID=42115) to work on /home/wsl/airflow/dags/Collect Data/covid_19_usa.py
[2024-06-06T16:07:14.552+0530] {processor.py:830} INFO - Processing file /home/wsl/airflow/dags/Collect Data/covid_19_usa.py for tasks to queue
[2024-06-06T16:07:14.559+0530] {logging_mixin.py:188} INFO - [2024-06-06T16:07:14.557+0530] {dagbag.py:540} INFO - Filling up the DagBag from /home/wsl/airflow/dags/Collect Data/covid_19_usa.py
[2024-06-06T16:07:21.114+0530] {processor.py:842} WARNING - No viable dags retrieved from /home/wsl/airflow/dags/Collect Data/covid_19_usa.py
[2024-06-06T16:07:22.159+0530] {processor.py:183} INFO - Processing /home/wsl/airflow/dags/Collect Data/covid_19_usa.py took 8.021 seconds
[2024-06-06T16:08:17.140+0530] {processor.py:161} INFO - Started process (PID=42788) to work on /home/wsl/airflow/dags/Collect Data/covid_19_usa.py
[2024-06-06T16:08:17.151+0530] {processor.py:830} INFO - Processing file /home/wsl/airflow/dags/Collect Data/covid_19_usa.py for tasks to queue
[2024-06-06T16:08:17.152+0530] {logging_mixin.py:188} INFO - [2024-06-06T16:08:17.152+0530] {dagbag.py:540} INFO - Filling up the DagBag from /home/wsl/airflow/dags/Collect Data/covid_19_usa.py
[2024-06-06T16:08:18.490+0530] {processor.py:842} WARNING - No viable dags retrieved from /home/wsl/airflow/dags/Collect Data/covid_19_usa.py
[2024-06-06T16:08:18.500+0530] {processor.py:183} INFO - Processing /home/wsl/airflow/dags/Collect Data/covid_19_usa.py took 1.382 seconds
[2024-06-06T16:09:28.551+0530] {processor.py:161} INFO - Started process (PID=43440) to work on /home/wsl/airflow/dags/Collect Data/covid_19_usa.py
[2024-06-06T16:09:28.553+0530] {processor.py:830} INFO - Processing file /home/wsl/airflow/dags/Collect Data/covid_19_usa.py for tasks to queue
[2024-06-06T16:09:28.555+0530] {logging_mixin.py:188} INFO - [2024-06-06T16:09:28.554+0530] {dagbag.py:540} INFO - Filling up the DagBag from /home/wsl/airflow/dags/Collect Data/covid_19_usa.py
[2024-06-06T16:09:29.446+0530] {processor.py:842} WARNING - No viable dags retrieved from /home/wsl/airflow/dags/Collect Data/covid_19_usa.py
[2024-06-06T16:09:29.455+0530] {processor.py:183} INFO - Processing /home/wsl/airflow/dags/Collect Data/covid_19_usa.py took 0.918 seconds
[2024-06-06T16:10:38.658+0530] {processor.py:161} INFO - Started process (PID=44194) to work on /home/wsl/airflow/dags/Collect Data/covid_19_usa.py
[2024-06-06T16:10:38.662+0530] {processor.py:830} INFO - Processing file /home/wsl/airflow/dags/Collect Data/covid_19_usa.py for tasks to queue
[2024-06-06T16:10:38.663+0530] {logging_mixin.py:188} INFO - [2024-06-06T16:10:38.663+0530] {dagbag.py:540} INFO - Filling up the DagBag from /home/wsl/airflow/dags/Collect Data/covid_19_usa.py
[2024-06-06T16:10:39.792+0530] {processor.py:842} WARNING - No viable dags retrieved from /home/wsl/airflow/dags/Collect Data/covid_19_usa.py
[2024-06-06T16:10:39.804+0530] {processor.py:183} INFO - Processing /home/wsl/airflow/dags/Collect Data/covid_19_usa.py took 1.175 seconds
[2024-06-06T16:11:25.188+0530] {processor.py:161} INFO - Started process (PID=44732) to work on /home/wsl/airflow/dags/Collect Data/covid_19_usa.py
[2024-06-06T16:11:25.226+0530] {processor.py:830} INFO - Processing file /home/wsl/airflow/dags/Collect Data/covid_19_usa.py for tasks to queue
[2024-06-06T16:11:25.227+0530] {logging_mixin.py:188} INFO - [2024-06-06T16:11:25.227+0530] {dagbag.py:540} INFO - Filling up the DagBag from /home/wsl/airflow/dags/Collect Data/covid_19_usa.py
[2024-06-06T16:11:26.971+0530] {processor.py:842} WARNING - No viable dags retrieved from /home/wsl/airflow/dags/Collect Data/covid_19_usa.py
[2024-06-06T16:11:26.981+0530] {processor.py:183} INFO - Processing /home/wsl/airflow/dags/Collect Data/covid_19_usa.py took 1.802 seconds
[2024-06-06T16:12:13.019+0530] {processor.py:161} INFO - Started process (PID=45271) to work on /home/wsl/airflow/dags/Collect Data/covid_19_usa.py
[2024-06-06T16:12:13.022+0530] {processor.py:830} INFO - Processing file /home/wsl/airflow/dags/Collect Data/covid_19_usa.py for tasks to queue
[2024-06-06T16:12:13.024+0530] {logging_mixin.py:188} INFO - [2024-06-06T16:12:13.023+0530] {dagbag.py:540} INFO - Filling up the DagBag from /home/wsl/airflow/dags/Collect Data/covid_19_usa.py
[2024-06-06T16:12:14.231+0530] {processor.py:842} WARNING - No viable dags retrieved from /home/wsl/airflow/dags/Collect Data/covid_19_usa.py
[2024-06-06T16:12:14.245+0530] {processor.py:183} INFO - Processing /home/wsl/airflow/dags/Collect Data/covid_19_usa.py took 1.239 seconds
[2024-06-06T16:13:41.748+0530] {processor.py:161} INFO - Started process (PID=46327) to work on /home/wsl/airflow/dags/Collect Data/covid_19_usa.py
[2024-06-06T16:13:41.749+0530] {processor.py:830} INFO - Processing file /home/wsl/airflow/dags/Collect Data/covid_19_usa.py for tasks to queue
[2024-06-06T16:13:41.751+0530] {logging_mixin.py:188} INFO - [2024-06-06T16:13:41.750+0530] {dagbag.py:540} INFO - Filling up the DagBag from /home/wsl/airflow/dags/Collect Data/covid_19_usa.py
[2024-06-06T16:13:42.835+0530] {processor.py:842} WARNING - No viable dags retrieved from /home/wsl/airflow/dags/Collect Data/covid_19_usa.py
[2024-06-06T16:13:42.845+0530] {processor.py:183} INFO - Processing /home/wsl/airflow/dags/Collect Data/covid_19_usa.py took 1.104 seconds
[2024-06-06T16:15:09.503+0530] {processor.py:161} INFO - Started process (PID=47251) to work on /home/wsl/airflow/dags/Collect Data/covid_19_usa.py
[2024-06-06T16:15:09.505+0530] {processor.py:830} INFO - Processing file /home/wsl/airflow/dags/Collect Data/covid_19_usa.py for tasks to queue
[2024-06-06T16:15:09.506+0530] {logging_mixin.py:188} INFO - [2024-06-06T16:15:09.506+0530] {dagbag.py:540} INFO - Filling up the DagBag from /home/wsl/airflow/dags/Collect Data/covid_19_usa.py
[2024-06-06T16:15:10.918+0530] {processor.py:842} WARNING - No viable dags retrieved from /home/wsl/airflow/dags/Collect Data/covid_19_usa.py
[2024-06-06T16:15:10.942+0530] {processor.py:183} INFO - Processing /home/wsl/airflow/dags/Collect Data/covid_19_usa.py took 1.448 seconds
[2024-06-06T16:23:05.662+0530] {processor.py:161} INFO - Started process (PID=50363) to work on /home/wsl/airflow/dags/Collect Data/covid_19_usa.py
[2024-06-06T16:23:05.668+0530] {processor.py:830} INFO - Processing file /home/wsl/airflow/dags/Collect Data/covid_19_usa.py for tasks to queue
[2024-06-06T16:23:05.670+0530] {logging_mixin.py:188} INFO - [2024-06-06T16:23:05.669+0530] {dagbag.py:540} INFO - Filling up the DagBag from /home/wsl/airflow/dags/Collect Data/covid_19_usa.py
[2024-06-06T16:23:06.724+0530] {processor.py:842} WARNING - No viable dags retrieved from /home/wsl/airflow/dags/Collect Data/covid_19_usa.py
[2024-06-06T16:23:06.736+0530] {processor.py:183} INFO - Processing /home/wsl/airflow/dags/Collect Data/covid_19_usa.py took 1.083 seconds
[2024-06-06T16:25:12.550+0530] {processor.py:161} INFO - Started process (PID=51565) to work on /home/wsl/airflow/dags/Collect Data/covid_19_usa.py
[2024-06-06T16:25:12.697+0530] {processor.py:830} INFO - Processing file /home/wsl/airflow/dags/Collect Data/covid_19_usa.py for tasks to queue
[2024-06-06T16:25:12.702+0530] {logging_mixin.py:188} INFO - [2024-06-06T16:25:12.700+0530] {dagbag.py:540} INFO - Filling up the DagBag from /home/wsl/airflow/dags/Collect Data/covid_19_usa.py
[2024-06-06T16:25:14.671+0530] {processor.py:842} WARNING - No viable dags retrieved from /home/wsl/airflow/dags/Collect Data/covid_19_usa.py
[2024-06-06T16:25:14.709+0530] {processor.py:183} INFO - Processing /home/wsl/airflow/dags/Collect Data/covid_19_usa.py took 2.205 seconds
[2024-06-06T16:27:07.484+0530] {processor.py:161} INFO - Started process (PID=52631) to work on /home/wsl/airflow/dags/Collect Data/covid_19_usa.py
[2024-06-06T16:27:07.490+0530] {processor.py:830} INFO - Processing file /home/wsl/airflow/dags/Collect Data/covid_19_usa.py for tasks to queue
[2024-06-06T16:27:07.497+0530] {logging_mixin.py:188} INFO - [2024-06-06T16:27:07.492+0530] {dagbag.py:540} INFO - Filling up the DagBag from /home/wsl/airflow/dags/Collect Data/covid_19_usa.py
[2024-06-06T16:27:14.389+0530] {processor.py:842} WARNING - No viable dags retrieved from /home/wsl/airflow/dags/Collect Data/covid_19_usa.py
[2024-06-06T16:27:14.415+0530] {processor.py:183} INFO - Processing /home/wsl/airflow/dags/Collect Data/covid_19_usa.py took 6.962 seconds
[2024-06-06T16:28:44.365+0530] {processor.py:161} INFO - Started process (PID=53583) to work on /home/wsl/airflow/dags/Collect Data/covid_19_usa.py
[2024-06-06T16:28:44.370+0530] {processor.py:830} INFO - Processing file /home/wsl/airflow/dags/Collect Data/covid_19_usa.py for tasks to queue
[2024-06-06T16:28:44.372+0530] {logging_mixin.py:188} INFO - [2024-06-06T16:28:44.371+0530] {dagbag.py:540} INFO - Filling up the DagBag from /home/wsl/airflow/dags/Collect Data/covid_19_usa.py
[2024-06-06T16:28:45.388+0530] {processor.py:842} WARNING - No viable dags retrieved from /home/wsl/airflow/dags/Collect Data/covid_19_usa.py
[2024-06-06T16:28:45.397+0530] {processor.py:183} INFO - Processing /home/wsl/airflow/dags/Collect Data/covid_19_usa.py took 1.074 seconds
[2024-06-06T16:30:02.385+0530] {processor.py:161} INFO - Started process (PID=54427) to work on /home/wsl/airflow/dags/Collect Data/covid_19_usa.py
[2024-06-06T16:30:02.389+0530] {processor.py:830} INFO - Processing file /home/wsl/airflow/dags/Collect Data/covid_19_usa.py for tasks to queue
[2024-06-06T16:30:02.391+0530] {logging_mixin.py:188} INFO - [2024-06-06T16:30:02.390+0530] {dagbag.py:540} INFO - Filling up the DagBag from /home/wsl/airflow/dags/Collect Data/covid_19_usa.py
[2024-06-06T16:30:03.549+0530] {processor.py:842} WARNING - No viable dags retrieved from /home/wsl/airflow/dags/Collect Data/covid_19_usa.py
[2024-06-06T16:30:04.605+0530] {processor.py:183} INFO - Processing /home/wsl/airflow/dags/Collect Data/covid_19_usa.py took 2.240 seconds
[2024-06-06T16:31:30.987+0530] {processor.py:161} INFO - Started process (PID=55504) to work on /home/wsl/airflow/dags/Collect Data/covid_19_usa.py
[2024-06-06T16:31:31.378+0530] {processor.py:830} INFO - Processing file /home/wsl/airflow/dags/Collect Data/covid_19_usa.py for tasks to queue
[2024-06-06T16:31:31.380+0530] {logging_mixin.py:188} INFO - [2024-06-06T16:31:31.379+0530] {dagbag.py:540} INFO - Filling up the DagBag from /home/wsl/airflow/dags/Collect Data/covid_19_usa.py
[2024-06-06T16:31:33.103+0530] {processor.py:842} WARNING - No viable dags retrieved from /home/wsl/airflow/dags/Collect Data/covid_19_usa.py
[2024-06-06T16:31:33.117+0530] {processor.py:183} INFO - Processing /home/wsl/airflow/dags/Collect Data/covid_19_usa.py took 2.138 seconds
[2024-06-06T16:32:35.792+0530] {processor.py:161} INFO - Started process (PID=56200) to work on /home/wsl/airflow/dags/Collect Data/covid_19_usa.py
[2024-06-06T16:32:35.794+0530] {processor.py:830} INFO - Processing file /home/wsl/airflow/dags/Collect Data/covid_19_usa.py for tasks to queue
[2024-06-06T16:32:35.795+0530] {logging_mixin.py:188} INFO - [2024-06-06T16:32:35.795+0530] {dagbag.py:540} INFO - Filling up the DagBag from /home/wsl/airflow/dags/Collect Data/covid_19_usa.py
[2024-06-06T16:32:36.766+0530] {processor.py:842} WARNING - No viable dags retrieved from /home/wsl/airflow/dags/Collect Data/covid_19_usa.py
[2024-06-06T16:32:36.776+0530] {processor.py:183} INFO - Processing /home/wsl/airflow/dags/Collect Data/covid_19_usa.py took 0.997 seconds
[2024-06-06T16:33:33.605+0530] {processor.py:161} INFO - Started process (PID=56875) to work on /home/wsl/airflow/dags/Collect Data/covid_19_usa.py
[2024-06-06T16:33:33.607+0530] {processor.py:830} INFO - Processing file /home/wsl/airflow/dags/Collect Data/covid_19_usa.py for tasks to queue
[2024-06-06T16:33:33.609+0530] {logging_mixin.py:188} INFO - [2024-06-06T16:33:33.608+0530] {dagbag.py:540} INFO - Filling up the DagBag from /home/wsl/airflow/dags/Collect Data/covid_19_usa.py
[2024-06-06T16:33:34.381+0530] {processor.py:842} WARNING - No viable dags retrieved from /home/wsl/airflow/dags/Collect Data/covid_19_usa.py
[2024-06-06T16:33:34.402+0530] {processor.py:183} INFO - Processing /home/wsl/airflow/dags/Collect Data/covid_19_usa.py took 0.809 seconds
[2024-06-06T16:34:37.004+0530] {processor.py:161} INFO - Started process (PID=57576) to work on /home/wsl/airflow/dags/Collect Data/covid_19_usa.py
[2024-06-06T16:34:37.006+0530] {processor.py:830} INFO - Processing file /home/wsl/airflow/dags/Collect Data/covid_19_usa.py for tasks to queue
[2024-06-06T16:34:37.007+0530] {logging_mixin.py:188} INFO - [2024-06-06T16:34:37.007+0530] {dagbag.py:540} INFO - Filling up the DagBag from /home/wsl/airflow/dags/Collect Data/covid_19_usa.py
[2024-06-06T16:34:37.793+0530] {processor.py:842} WARNING - No viable dags retrieved from /home/wsl/airflow/dags/Collect Data/covid_19_usa.py
[2024-06-06T16:34:37.858+0530] {processor.py:183} INFO - Processing /home/wsl/airflow/dags/Collect Data/covid_19_usa.py took 0.870 seconds
[2024-06-06T16:35:48.918+0530] {processor.py:161} INFO - Started process (PID=58398) to work on /home/wsl/airflow/dags/Collect Data/covid_19_usa.py
[2024-06-06T16:35:48.930+0530] {processor.py:830} INFO - Processing file /home/wsl/airflow/dags/Collect Data/covid_19_usa.py for tasks to queue
[2024-06-06T16:35:48.932+0530] {logging_mixin.py:188} INFO - [2024-06-06T16:35:48.931+0530] {dagbag.py:540} INFO - Filling up the DagBag from /home/wsl/airflow/dags/Collect Data/covid_19_usa.py
[2024-06-06T16:35:50.206+0530] {processor.py:842} WARNING - No viable dags retrieved from /home/wsl/airflow/dags/Collect Data/covid_19_usa.py
[2024-06-06T16:35:50.216+0530] {processor.py:183} INFO - Processing /home/wsl/airflow/dags/Collect Data/covid_19_usa.py took 1.318 seconds
[2024-06-06T16:36:54.673+0530] {processor.py:161} INFO - Started process (PID=59125) to work on /home/wsl/airflow/dags/Collect Data/covid_19_usa.py
[2024-06-06T16:36:54.675+0530] {processor.py:830} INFO - Processing file /home/wsl/airflow/dags/Collect Data/covid_19_usa.py for tasks to queue
[2024-06-06T16:36:54.677+0530] {logging_mixin.py:188} INFO - [2024-06-06T16:36:54.676+0530] {dagbag.py:540} INFO - Filling up the DagBag from /home/wsl/airflow/dags/Collect Data/covid_19_usa.py
[2024-06-06T16:36:57.581+0530] {processor.py:842} WARNING - No viable dags retrieved from /home/wsl/airflow/dags/Collect Data/covid_19_usa.py
[2024-06-06T16:37:05.192+0530] {processor.py:186} ERROR - Got an exception! Propagating...
Traceback (most recent call last):
  File "/home/wsl/airflow_venv/lib/python3.10/site-packages/sqlalchemy/engine/base.py", line 1910, in _execute_context
    self.dialect.do_execute(
  File "/home/wsl/airflow_venv/lib/python3.10/site-packages/sqlalchemy/engine/default.py", line 736, in do_execute
    cursor.execute(statement, parameters)
sqlite3.OperationalError: database is locked

The above exception was the direct cause of the following exception:

Traceback (most recent call last):
  File "/home/wsl/airflow_venv/lib/python3.10/site-packages/airflow/dag_processing/processor.py", line 182, in _run_file_processor
    _handle_dag_file_processing()
  File "/home/wsl/airflow_venv/lib/python3.10/site-packages/airflow/dag_processing/processor.py", line 163, in _handle_dag_file_processing
    result: tuple[int, int] = dag_file_processor.process_file(
  File "/home/wsl/airflow_venv/lib/python3.10/site-packages/airflow/utils/session.py", line 79, in wrapper
    return func(*args, session=session, **kwargs)
  File "/home/wsl/airflow_venv/lib/python3.10/site-packages/airflow/dag_processing/processor.py", line 843, in process_file
    DagFileProcessor.update_import_errors(
  File "/home/wsl/airflow_venv/lib/python3.10/site-packages/airflow/api_internal/internal_api_call.py", line 115, in wrapper
    return func(*args, **kwargs)
  File "/home/wsl/airflow_venv/lib/python3.10/site-packages/airflow/utils/session.py", line 76, in wrapper
    return func(*args, **kwargs)
  File "/home/wsl/airflow_venv/lib/python3.10/site-packages/airflow/dag_processing/processor.py", line 615, in update_import_errors
    session.execute(
  File "/home/wsl/airflow_venv/lib/python3.10/site-packages/sqlalchemy/orm/session.py", line 1665, in execute
    ) = compile_state_cls.orm_pre_session_exec(
  File "/home/wsl/airflow_venv/lib/python3.10/site-packages/sqlalchemy/orm/persistence.py", line 1852, in orm_pre_session_exec
    update_options = cls._do_pre_synchronize_fetch(
  File "/home/wsl/airflow_venv/lib/python3.10/site-packages/sqlalchemy/orm/persistence.py", line 2088, in _do_pre_synchronize_fetch
    result = session.execute(
  File "/home/wsl/airflow_venv/lib/python3.10/site-packages/sqlalchemy/orm/session.py", line 1717, in execute
    result = conn._execute_20(statement, params or {}, execution_options)
  File "/home/wsl/airflow_venv/lib/python3.10/site-packages/sqlalchemy/engine/base.py", line 1710, in _execute_20
    return meth(self, args_10style, kwargs_10style, execution_options)
  File "/home/wsl/airflow_venv/lib/python3.10/site-packages/sqlalchemy/sql/elements.py", line 334, in _execute_on_connection
    return connection._execute_clauseelement(
  File "/home/wsl/airflow_venv/lib/python3.10/site-packages/sqlalchemy/engine/base.py", line 1577, in _execute_clauseelement
    ret = self._execute_context(
  File "/home/wsl/airflow_venv/lib/python3.10/site-packages/sqlalchemy/engine/base.py", line 1953, in _execute_context
    self._handle_dbapi_exception(
  File "/home/wsl/airflow_venv/lib/python3.10/site-packages/sqlalchemy/engine/base.py", line 2134, in _handle_dbapi_exception
    util.raise_(
  File "/home/wsl/airflow_venv/lib/python3.10/site-packages/sqlalchemy/util/compat.py", line 211, in raise_
    raise exception
  File "/home/wsl/airflow_venv/lib/python3.10/site-packages/sqlalchemy/engine/base.py", line 1910, in _execute_context
    self.dialect.do_execute(
  File "/home/wsl/airflow_venv/lib/python3.10/site-packages/sqlalchemy/engine/default.py", line 736, in do_execute
    cursor.execute(statement, parameters)
sqlalchemy.exc.OperationalError: (sqlite3.OperationalError) database is locked
[SQL: SELECT import_error.id 
FROM import_error 
WHERE (import_error.filename LIKE ? || '%')]
[parameters: ('/home/wsl/airflow/dags/Collect Data/covid_19_usa.py',)]
(Background on this error at: https://sqlalche.me/e/14/e3q8)
[2024-06-06T16:38:08.541+0530] {processor.py:161} INFO - Started process (PID=59894) to work on /home/wsl/airflow/dags/Collect Data/covid_19_usa.py
[2024-06-06T16:38:08.864+0530] {processor.py:830} INFO - Processing file /home/wsl/airflow/dags/Collect Data/covid_19_usa.py for tasks to queue
[2024-06-06T16:38:08.865+0530] {logging_mixin.py:188} INFO - [2024-06-06T16:38:08.865+0530] {dagbag.py:540} INFO - Filling up the DagBag from /home/wsl/airflow/dags/Collect Data/covid_19_usa.py
[2024-06-06T16:38:14.641+0530] {processor.py:842} WARNING - No viable dags retrieved from /home/wsl/airflow/dags/Collect Data/covid_19_usa.py
[2024-06-06T16:38:15.501+0530] {processor.py:183} INFO - Processing /home/wsl/airflow/dags/Collect Data/covid_19_usa.py took 6.990 seconds
[2024-06-06T16:39:55.588+0530] {processor.py:161} INFO - Started process (PID=60901) to work on /home/wsl/airflow/dags/Collect Data/covid_19_usa.py
[2024-06-06T16:39:55.642+0530] {processor.py:830} INFO - Processing file /home/wsl/airflow/dags/Collect Data/covid_19_usa.py for tasks to queue
[2024-06-06T16:39:55.644+0530] {logging_mixin.py:188} INFO - [2024-06-06T16:39:55.643+0530] {dagbag.py:540} INFO - Filling up the DagBag from /home/wsl/airflow/dags/Collect Data/covid_19_usa.py
[2024-06-06T16:39:56.685+0530] {processor.py:842} WARNING - No viable dags retrieved from /home/wsl/airflow/dags/Collect Data/covid_19_usa.py
[2024-06-06T16:39:56.702+0530] {processor.py:183} INFO - Processing /home/wsl/airflow/dags/Collect Data/covid_19_usa.py took 1.134 seconds
[2024-06-06T16:41:07.205+0530] {processor.py:161} INFO - Started process (PID=61890) to work on /home/wsl/airflow/dags/Collect Data/covid_19_usa.py
[2024-06-06T16:41:07.208+0530] {processor.py:830} INFO - Processing file /home/wsl/airflow/dags/Collect Data/covid_19_usa.py for tasks to queue
[2024-06-06T16:41:07.210+0530] {logging_mixin.py:188} INFO - [2024-06-06T16:41:07.209+0530] {dagbag.py:540} INFO - Filling up the DagBag from /home/wsl/airflow/dags/Collect Data/covid_19_usa.py
[2024-06-06T16:41:08.420+0530] {processor.py:842} WARNING - No viable dags retrieved from /home/wsl/airflow/dags/Collect Data/covid_19_usa.py
[2024-06-06T16:41:08.429+0530] {processor.py:183} INFO - Processing /home/wsl/airflow/dags/Collect Data/covid_19_usa.py took 1.245 seconds
[2024-06-06T16:42:08.260+0530] {processor.py:161} INFO - Started process (PID=62331) to work on /home/wsl/airflow/dags/Collect Data/covid_19_usa.py
[2024-06-06T16:42:08.264+0530] {processor.py:830} INFO - Processing file /home/wsl/airflow/dags/Collect Data/covid_19_usa.py for tasks to queue
[2024-06-06T16:42:08.267+0530] {logging_mixin.py:188} INFO - [2024-06-06T16:42:08.266+0530] {dagbag.py:540} INFO - Filling up the DagBag from /home/wsl/airflow/dags/Collect Data/covid_19_usa.py
[2024-06-06T16:42:09.062+0530] {processor.py:842} WARNING - No viable dags retrieved from /home/wsl/airflow/dags/Collect Data/covid_19_usa.py
[2024-06-06T16:42:09.071+0530] {processor.py:183} INFO - Processing /home/wsl/airflow/dags/Collect Data/covid_19_usa.py took 0.828 seconds
[2024-06-06T16:43:04.970+0530] {processor.py:161} INFO - Started process (PID=62784) to work on /home/wsl/airflow/dags/Collect Data/covid_19_usa.py
[2024-06-06T16:43:04.972+0530] {processor.py:830} INFO - Processing file /home/wsl/airflow/dags/Collect Data/covid_19_usa.py for tasks to queue
[2024-06-06T16:43:04.973+0530] {logging_mixin.py:188} INFO - [2024-06-06T16:43:04.973+0530] {dagbag.py:540} INFO - Filling up the DagBag from /home/wsl/airflow/dags/Collect Data/covid_19_usa.py
[2024-06-06T16:43:05.719+0530] {processor.py:842} WARNING - No viable dags retrieved from /home/wsl/airflow/dags/Collect Data/covid_19_usa.py
[2024-06-06T16:43:05.729+0530] {processor.py:183} INFO - Processing /home/wsl/airflow/dags/Collect Data/covid_19_usa.py took 0.767 seconds
[2024-06-06T16:44:14.466+0530] {processor.py:161} INFO - Started process (PID=63791) to work on /home/wsl/airflow/dags/Collect Data/covid_19_usa.py
[2024-06-06T16:44:15.023+0530] {processor.py:830} INFO - Processing file /home/wsl/airflow/dags/Collect Data/covid_19_usa.py for tasks to queue
[2024-06-06T16:44:15.028+0530] {logging_mixin.py:188} INFO - [2024-06-06T16:44:15.026+0530] {dagbag.py:540} INFO - Filling up the DagBag from /home/wsl/airflow/dags/Collect Data/covid_19_usa.py
[2024-06-06T16:44:18.315+0530] {processor.py:842} WARNING - No viable dags retrieved from /home/wsl/airflow/dags/Collect Data/covid_19_usa.py
[2024-06-06T16:44:18.584+0530] {processor.py:183} INFO - Processing /home/wsl/airflow/dags/Collect Data/covid_19_usa.py took 4.141 seconds
[2024-06-06T16:45:20.301+0530] {processor.py:161} INFO - Started process (PID=64519) to work on /home/wsl/airflow/dags/Collect Data/covid_19_usa.py
[2024-06-06T16:45:20.303+0530] {processor.py:830} INFO - Processing file /home/wsl/airflow/dags/Collect Data/covid_19_usa.py for tasks to queue
[2024-06-06T16:45:20.304+0530] {logging_mixin.py:188} INFO - [2024-06-06T16:45:20.304+0530] {dagbag.py:540} INFO - Filling up the DagBag from /home/wsl/airflow/dags/Collect Data/covid_19_usa.py
[2024-06-06T16:45:21.243+0530] {processor.py:842} WARNING - No viable dags retrieved from /home/wsl/airflow/dags/Collect Data/covid_19_usa.py
[2024-06-06T16:45:21.254+0530] {processor.py:183} INFO - Processing /home/wsl/airflow/dags/Collect Data/covid_19_usa.py took 0.969 seconds
[2024-06-06T16:46:39.426+0530] {processor.py:161} INFO - Started process (PID=65441) to work on /home/wsl/airflow/dags/Collect Data/covid_19_usa.py
[2024-06-06T16:46:39.443+0530] {processor.py:830} INFO - Processing file /home/wsl/airflow/dags/Collect Data/covid_19_usa.py for tasks to queue
[2024-06-06T16:46:39.444+0530] {logging_mixin.py:188} INFO - [2024-06-06T16:46:39.443+0530] {dagbag.py:540} INFO - Filling up the DagBag from /home/wsl/airflow/dags/Collect Data/covid_19_usa.py
[2024-06-06T16:46:40.856+0530] {processor.py:842} WARNING - No viable dags retrieved from /home/wsl/airflow/dags/Collect Data/covid_19_usa.py
[2024-06-06T16:46:40.884+0530] {processor.py:183} INFO - Processing /home/wsl/airflow/dags/Collect Data/covid_19_usa.py took 1.467 seconds
[2024-06-06T16:47:56.931+0530] {processor.py:161} INFO - Started process (PID=66416) to work on /home/wsl/airflow/dags/Collect Data/covid_19_usa.py
[2024-06-06T16:47:56.933+0530] {processor.py:830} INFO - Processing file /home/wsl/airflow/dags/Collect Data/covid_19_usa.py for tasks to queue
[2024-06-06T16:47:56.934+0530] {logging_mixin.py:188} INFO - [2024-06-06T16:47:56.934+0530] {dagbag.py:540} INFO - Filling up the DagBag from /home/wsl/airflow/dags/Collect Data/covid_19_usa.py
[2024-06-06T16:47:57.725+0530] {processor.py:842} WARNING - No viable dags retrieved from /home/wsl/airflow/dags/Collect Data/covid_19_usa.py
[2024-06-06T16:47:57.742+0530] {processor.py:183} INFO - Processing /home/wsl/airflow/dags/Collect Data/covid_19_usa.py took 0.820 seconds
[2024-06-06T16:49:14.028+0530] {processor.py:161} INFO - Started process (PID=67218) to work on /home/wsl/airflow/dags/Collect Data/covid_19_usa.py
[2024-06-06T16:49:14.138+0530] {processor.py:830} INFO - Processing file /home/wsl/airflow/dags/Collect Data/covid_19_usa.py for tasks to queue
[2024-06-06T16:49:14.141+0530] {logging_mixin.py:188} INFO - [2024-06-06T16:49:14.140+0530] {dagbag.py:540} INFO - Filling up the DagBag from /home/wsl/airflow/dags/Collect Data/covid_19_usa.py
[2024-06-06T16:49:14.998+0530] {processor.py:842} WARNING - No viable dags retrieved from /home/wsl/airflow/dags/Collect Data/covid_19_usa.py
[2024-06-06T16:49:15.017+0530] {processor.py:183} INFO - Processing /home/wsl/airflow/dags/Collect Data/covid_19_usa.py took 1.009 seconds
[2024-06-06T16:50:37.455+0530] {processor.py:161} INFO - Started process (PID=68008) to work on /home/wsl/airflow/dags/Collect Data/covid_19_usa.py
[2024-06-06T16:50:37.457+0530] {processor.py:830} INFO - Processing file /home/wsl/airflow/dags/Collect Data/covid_19_usa.py for tasks to queue
[2024-06-06T16:50:37.459+0530] {logging_mixin.py:188} INFO - [2024-06-06T16:50:37.458+0530] {dagbag.py:540} INFO - Filling up the DagBag from /home/wsl/airflow/dags/Collect Data/covid_19_usa.py
[2024-06-06T16:50:42.188+0530] {processor.py:842} WARNING - No viable dags retrieved from /home/wsl/airflow/dags/Collect Data/covid_19_usa.py
[2024-06-06T16:50:42.205+0530] {processor.py:183} INFO - Processing /home/wsl/airflow/dags/Collect Data/covid_19_usa.py took 4.765 seconds
[2024-06-06T16:52:07.524+0530] {processor.py:161} INFO - Started process (PID=68965) to work on /home/wsl/airflow/dags/Collect Data/covid_19_usa.py
[2024-06-06T16:52:07.525+0530] {processor.py:830} INFO - Processing file /home/wsl/airflow/dags/Collect Data/covid_19_usa.py for tasks to queue
[2024-06-06T16:52:07.527+0530] {logging_mixin.py:188} INFO - [2024-06-06T16:52:07.526+0530] {dagbag.py:540} INFO - Filling up the DagBag from /home/wsl/airflow/dags/Collect Data/covid_19_usa.py
[2024-06-06T16:52:08.284+0530] {processor.py:842} WARNING - No viable dags retrieved from /home/wsl/airflow/dags/Collect Data/covid_19_usa.py
[2024-06-06T16:52:08.295+0530] {processor.py:183} INFO - Processing /home/wsl/airflow/dags/Collect Data/covid_19_usa.py took 0.784 seconds
[2024-06-06T16:53:29.055+0530] {processor.py:161} INFO - Started process (PID=69850) to work on /home/wsl/airflow/dags/Collect Data/covid_19_usa.py
[2024-06-06T16:53:29.058+0530] {processor.py:830} INFO - Processing file /home/wsl/airflow/dags/Collect Data/covid_19_usa.py for tasks to queue
[2024-06-06T16:53:29.060+0530] {logging_mixin.py:188} INFO - [2024-06-06T16:53:29.059+0530] {dagbag.py:540} INFO - Filling up the DagBag from /home/wsl/airflow/dags/Collect Data/covid_19_usa.py
[2024-06-06T16:53:30.923+0530] {processor.py:842} WARNING - No viable dags retrieved from /home/wsl/airflow/dags/Collect Data/covid_19_usa.py
[2024-06-06T16:53:30.994+0530] {processor.py:183} INFO - Processing /home/wsl/airflow/dags/Collect Data/covid_19_usa.py took 1.958 seconds
[2024-06-06T16:54:42.539+0530] {processor.py:161} INFO - Started process (PID=70750) to work on /home/wsl/airflow/dags/Collect Data/covid_19_usa.py
[2024-06-06T16:54:42.541+0530] {processor.py:830} INFO - Processing file /home/wsl/airflow/dags/Collect Data/covid_19_usa.py for tasks to queue
[2024-06-06T16:54:42.543+0530] {logging_mixin.py:188} INFO - [2024-06-06T16:54:42.542+0530] {dagbag.py:540} INFO - Filling up the DagBag from /home/wsl/airflow/dags/Collect Data/covid_19_usa.py
[2024-06-06T16:54:43.298+0530] {processor.py:842} WARNING - No viable dags retrieved from /home/wsl/airflow/dags/Collect Data/covid_19_usa.py
[2024-06-06T16:54:43.307+0530] {processor.py:183} INFO - Processing /home/wsl/airflow/dags/Collect Data/covid_19_usa.py took 0.777 seconds
[2024-06-06T16:55:41.596+0530] {processor.py:161} INFO - Started process (PID=71498) to work on /home/wsl/airflow/dags/Collect Data/covid_19_usa.py
[2024-06-06T16:55:41.613+0530] {processor.py:830} INFO - Processing file /home/wsl/airflow/dags/Collect Data/covid_19_usa.py for tasks to queue
[2024-06-06T16:55:41.615+0530] {logging_mixin.py:188} INFO - [2024-06-06T16:55:41.614+0530] {dagbag.py:540} INFO - Filling up the DagBag from /home/wsl/airflow/dags/Collect Data/covid_19_usa.py
[2024-06-06T16:55:43.554+0530] {processor.py:842} WARNING - No viable dags retrieved from /home/wsl/airflow/dags/Collect Data/covid_19_usa.py
[2024-06-06T16:55:43.564+0530] {processor.py:183} INFO - Processing /home/wsl/airflow/dags/Collect Data/covid_19_usa.py took 2.002 seconds
[2024-06-06T16:56:38.323+0530] {processor.py:161} INFO - Started process (PID=72195) to work on /home/wsl/airflow/dags/Collect Data/covid_19_usa.py
[2024-06-06T16:56:38.326+0530] {processor.py:830} INFO - Processing file /home/wsl/airflow/dags/Collect Data/covid_19_usa.py for tasks to queue
[2024-06-06T16:56:38.328+0530] {logging_mixin.py:188} INFO - [2024-06-06T16:56:38.327+0530] {dagbag.py:540} INFO - Filling up the DagBag from /home/wsl/airflow/dags/Collect Data/covid_19_usa.py
[2024-06-06T16:56:39.444+0530] {processor.py:842} WARNING - No viable dags retrieved from /home/wsl/airflow/dags/Collect Data/covid_19_usa.py
[2024-06-06T16:56:39.455+0530] {processor.py:183} INFO - Processing /home/wsl/airflow/dags/Collect Data/covid_19_usa.py took 1.145 seconds
[2024-06-06T16:57:48.792+0530] {processor.py:161} INFO - Started process (PID=73061) to work on /home/wsl/airflow/dags/Collect Data/covid_19_usa.py
[2024-06-06T16:57:48.800+0530] {processor.py:830} INFO - Processing file /home/wsl/airflow/dags/Collect Data/covid_19_usa.py for tasks to queue
[2024-06-06T16:57:48.802+0530] {logging_mixin.py:188} INFO - [2024-06-06T16:57:48.801+0530] {dagbag.py:540} INFO - Filling up the DagBag from /home/wsl/airflow/dags/Collect Data/covid_19_usa.py
[2024-06-06T16:57:49.769+0530] {processor.py:842} WARNING - No viable dags retrieved from /home/wsl/airflow/dags/Collect Data/covid_19_usa.py
[2024-06-06T16:57:49.787+0530] {processor.py:183} INFO - Processing /home/wsl/airflow/dags/Collect Data/covid_19_usa.py took 1.015 seconds
[2024-06-06T16:58:56.054+0530] {processor.py:161} INFO - Started process (PID=73855) to work on /home/wsl/airflow/dags/Collect Data/covid_19_usa.py
[2024-06-06T16:58:56.062+0530] {processor.py:830} INFO - Processing file /home/wsl/airflow/dags/Collect Data/covid_19_usa.py for tasks to queue
[2024-06-06T16:58:56.064+0530] {logging_mixin.py:188} INFO - [2024-06-06T16:58:56.063+0530] {dagbag.py:540} INFO - Filling up the DagBag from /home/wsl/airflow/dags/Collect Data/covid_19_usa.py
[2024-06-06T16:58:57.611+0530] {processor.py:842} WARNING - No viable dags retrieved from /home/wsl/airflow/dags/Collect Data/covid_19_usa.py
[2024-06-06T16:59:00.142+0530] {processor.py:183} INFO - Processing /home/wsl/airflow/dags/Collect Data/covid_19_usa.py took 4.111 seconds
[2024-06-06T17:00:13.469+0530] {processor.py:161} INFO - Started process (PID=74775) to work on /home/wsl/airflow/dags/Collect Data/covid_19_usa.py
[2024-06-06T17:00:13.471+0530] {processor.py:830} INFO - Processing file /home/wsl/airflow/dags/Collect Data/covid_19_usa.py for tasks to queue
[2024-06-06T17:00:13.473+0530] {logging_mixin.py:188} INFO - [2024-06-06T17:00:13.472+0530] {dagbag.py:540} INFO - Filling up the DagBag from /home/wsl/airflow/dags/Collect Data/covid_19_usa.py
[2024-06-06T17:00:14.420+0530] {processor.py:842} WARNING - No viable dags retrieved from /home/wsl/airflow/dags/Collect Data/covid_19_usa.py
[2024-06-06T17:00:14.429+0530] {processor.py:183} INFO - Processing /home/wsl/airflow/dags/Collect Data/covid_19_usa.py took 0.978 seconds
[2024-06-06T17:01:11.237+0530] {processor.py:161} INFO - Started process (PID=75594) to work on /home/wsl/airflow/dags/Collect Data/covid_19_usa.py
[2024-06-06T17:01:11.239+0530] {processor.py:830} INFO - Processing file /home/wsl/airflow/dags/Collect Data/covid_19_usa.py for tasks to queue
[2024-06-06T17:01:11.240+0530] {logging_mixin.py:188} INFO - [2024-06-06T17:01:11.240+0530] {dagbag.py:540} INFO - Filling up the DagBag from /home/wsl/airflow/dags/Collect Data/covid_19_usa.py
[2024-06-06T17:01:12.549+0530] {processor.py:842} WARNING - No viable dags retrieved from /home/wsl/airflow/dags/Collect Data/covid_19_usa.py
[2024-06-06T17:01:12.559+0530] {processor.py:183} INFO - Processing /home/wsl/airflow/dags/Collect Data/covid_19_usa.py took 1.332 seconds
[2024-06-06T17:02:27.660+0530] {processor.py:161} INFO - Started process (PID=76443) to work on /home/wsl/airflow/dags/Collect Data/covid_19_usa.py
[2024-06-06T17:02:27.662+0530] {processor.py:830} INFO - Processing file /home/wsl/airflow/dags/Collect Data/covid_19_usa.py for tasks to queue
[2024-06-06T17:02:27.663+0530] {logging_mixin.py:188} INFO - [2024-06-06T17:02:27.663+0530] {dagbag.py:540} INFO - Filling up the DagBag from /home/wsl/airflow/dags/Collect Data/covid_19_usa.py
[2024-06-06T17:02:28.350+0530] {processor.py:842} WARNING - No viable dags retrieved from /home/wsl/airflow/dags/Collect Data/covid_19_usa.py
[2024-06-06T17:02:28.361+0530] {processor.py:183} INFO - Processing /home/wsl/airflow/dags/Collect Data/covid_19_usa.py took 0.709 seconds
[2024-06-06T17:03:21.731+0530] {processor.py:161} INFO - Started process (PID=77178) to work on /home/wsl/airflow/dags/Collect Data/covid_19_usa.py
[2024-06-06T17:03:21.734+0530] {processor.py:830} INFO - Processing file /home/wsl/airflow/dags/Collect Data/covid_19_usa.py for tasks to queue
[2024-06-06T17:03:21.736+0530] {logging_mixin.py:188} INFO - [2024-06-06T17:03:21.735+0530] {dagbag.py:540} INFO - Filling up the DagBag from /home/wsl/airflow/dags/Collect Data/covid_19_usa.py
[2024-06-06T17:03:22.657+0530] {processor.py:842} WARNING - No viable dags retrieved from /home/wsl/airflow/dags/Collect Data/covid_19_usa.py
[2024-06-06T17:03:22.666+0530] {processor.py:183} INFO - Processing /home/wsl/airflow/dags/Collect Data/covid_19_usa.py took 0.946 seconds
[2024-06-06T17:04:33.883+0530] {processor.py:161} INFO - Started process (PID=78053) to work on /home/wsl/airflow/dags/Collect Data/covid_19_usa.py
[2024-06-06T17:04:33.885+0530] {processor.py:830} INFO - Processing file /home/wsl/airflow/dags/Collect Data/covid_19_usa.py for tasks to queue
[2024-06-06T17:04:33.886+0530] {logging_mixin.py:188} INFO - [2024-06-06T17:04:33.886+0530] {dagbag.py:540} INFO - Filling up the DagBag from /home/wsl/airflow/dags/Collect Data/covid_19_usa.py
[2024-06-06T17:04:35.241+0530] {processor.py:842} WARNING - No viable dags retrieved from /home/wsl/airflow/dags/Collect Data/covid_19_usa.py
[2024-06-06T17:04:35.250+0530] {processor.py:183} INFO - Processing /home/wsl/airflow/dags/Collect Data/covid_19_usa.py took 1.382 seconds
[2024-06-06T17:05:27.140+0530] {processor.py:161} INFO - Started process (PID=78773) to work on /home/wsl/airflow/dags/Collect Data/covid_19_usa.py
[2024-06-06T17:05:27.142+0530] {processor.py:830} INFO - Processing file /home/wsl/airflow/dags/Collect Data/covid_19_usa.py for tasks to queue
[2024-06-06T17:05:27.143+0530] {logging_mixin.py:188} INFO - [2024-06-06T17:05:27.143+0530] {dagbag.py:540} INFO - Filling up the DagBag from /home/wsl/airflow/dags/Collect Data/covid_19_usa.py
[2024-06-06T17:05:28.284+0530] {processor.py:842} WARNING - No viable dags retrieved from /home/wsl/airflow/dags/Collect Data/covid_19_usa.py
[2024-06-06T17:05:28.296+0530] {processor.py:183} INFO - Processing /home/wsl/airflow/dags/Collect Data/covid_19_usa.py took 1.187 seconds
[2024-06-06T17:06:22.836+0530] {processor.py:161} INFO - Started process (PID=79514) to work on /home/wsl/airflow/dags/Collect Data/covid_19_usa.py
[2024-06-06T17:06:22.838+0530] {processor.py:830} INFO - Processing file /home/wsl/airflow/dags/Collect Data/covid_19_usa.py for tasks to queue
[2024-06-06T17:06:22.839+0530] {logging_mixin.py:188} INFO - [2024-06-06T17:06:22.838+0530] {dagbag.py:540} INFO - Filling up the DagBag from /home/wsl/airflow/dags/Collect Data/covid_19_usa.py
[2024-06-06T17:06:23.861+0530] {processor.py:842} WARNING - No viable dags retrieved from /home/wsl/airflow/dags/Collect Data/covid_19_usa.py
[2024-06-06T17:06:23.870+0530] {processor.py:183} INFO - Processing /home/wsl/airflow/dags/Collect Data/covid_19_usa.py took 1.042 seconds
[2024-06-06T17:08:29.307+0530] {processor.py:161} INFO - Started process (PID=81129) to work on /home/wsl/airflow/dags/Collect Data/covid_19_usa.py
[2024-06-06T17:08:29.309+0530] {processor.py:830} INFO - Processing file /home/wsl/airflow/dags/Collect Data/covid_19_usa.py for tasks to queue
[2024-06-06T17:08:29.310+0530] {logging_mixin.py:188} INFO - [2024-06-06T17:08:29.310+0530] {dagbag.py:540} INFO - Filling up the DagBag from /home/wsl/airflow/dags/Collect Data/covid_19_usa.py
[2024-06-06T17:08:30.361+0530] {processor.py:842} WARNING - No viable dags retrieved from /home/wsl/airflow/dags/Collect Data/covid_19_usa.py
[2024-06-06T17:08:30.387+0530] {processor.py:183} INFO - Processing /home/wsl/airflow/dags/Collect Data/covid_19_usa.py took 1.096 seconds
[2024-06-06T17:09:39.002+0530] {processor.py:161} INFO - Started process (PID=82031) to work on /home/wsl/airflow/dags/Collect Data/covid_19_usa.py
[2024-06-06T17:09:39.003+0530] {processor.py:830} INFO - Processing file /home/wsl/airflow/dags/Collect Data/covid_19_usa.py for tasks to queue
[2024-06-06T17:09:39.005+0530] {logging_mixin.py:188} INFO - [2024-06-06T17:09:39.004+0530] {dagbag.py:540} INFO - Filling up the DagBag from /home/wsl/airflow/dags/Collect Data/covid_19_usa.py
[2024-06-06T17:09:39.638+0530] {processor.py:842} WARNING - No viable dags retrieved from /home/wsl/airflow/dags/Collect Data/covid_19_usa.py
[2024-06-06T17:09:39.653+0530] {processor.py:183} INFO - Processing /home/wsl/airflow/dags/Collect Data/covid_19_usa.py took 0.659 seconds
[2024-06-06T17:10:44.155+0530] {processor.py:161} INFO - Started process (PID=82909) to work on /home/wsl/airflow/dags/Collect Data/covid_19_usa.py
[2024-06-06T17:10:44.164+0530] {processor.py:830} INFO - Processing file /home/wsl/airflow/dags/Collect Data/covid_19_usa.py for tasks to queue
[2024-06-06T17:10:44.169+0530] {logging_mixin.py:188} INFO - [2024-06-06T17:10:44.168+0530] {dagbag.py:540} INFO - Filling up the DagBag from /home/wsl/airflow/dags/Collect Data/covid_19_usa.py
[2024-06-06T17:10:45.901+0530] {processor.py:842} WARNING - No viable dags retrieved from /home/wsl/airflow/dags/Collect Data/covid_19_usa.py
[2024-06-06T17:10:45.923+0530] {processor.py:183} INFO - Processing /home/wsl/airflow/dags/Collect Data/covid_19_usa.py took 1.782 seconds
[2024-06-06T17:11:55.138+0530] {processor.py:161} INFO - Started process (PID=83781) to work on /home/wsl/airflow/dags/Collect Data/covid_19_usa.py
[2024-06-06T17:11:55.182+0530] {processor.py:830} INFO - Processing file /home/wsl/airflow/dags/Collect Data/covid_19_usa.py for tasks to queue
[2024-06-06T17:11:55.184+0530] {logging_mixin.py:188} INFO - [2024-06-06T17:11:55.184+0530] {dagbag.py:540} INFO - Filling up the DagBag from /home/wsl/airflow/dags/Collect Data/covid_19_usa.py
[2024-06-06T17:11:56.068+0530] {processor.py:842} WARNING - No viable dags retrieved from /home/wsl/airflow/dags/Collect Data/covid_19_usa.py
[2024-06-06T17:11:56.078+0530] {processor.py:183} INFO - Processing /home/wsl/airflow/dags/Collect Data/covid_19_usa.py took 0.949 seconds
[2024-06-06T17:13:03.200+0530] {processor.py:161} INFO - Started process (PID=84724) to work on /home/wsl/airflow/dags/Collect Data/covid_19_usa.py
[2024-06-06T17:13:03.202+0530] {processor.py:830} INFO - Processing file /home/wsl/airflow/dags/Collect Data/covid_19_usa.py for tasks to queue
[2024-06-06T17:13:03.203+0530] {logging_mixin.py:188} INFO - [2024-06-06T17:13:03.203+0530] {dagbag.py:540} INFO - Filling up the DagBag from /home/wsl/airflow/dags/Collect Data/covid_19_usa.py
[2024-06-06T17:13:04.141+0530] {processor.py:842} WARNING - No viable dags retrieved from /home/wsl/airflow/dags/Collect Data/covid_19_usa.py
[2024-06-06T17:13:04.152+0530] {processor.py:183} INFO - Processing /home/wsl/airflow/dags/Collect Data/covid_19_usa.py took 0.960 seconds
