[2024-06-14T15:33:01.418+0530] {local_task_job_runner.py:120} INFO - ::group::Pre task execution logs
[2024-06-14T15:33:01.471+0530] {taskinstance.py:2073} INFO - Dependencies all met for dep_context=non-requeueable deps ti=<TaskInstance: my_data_pipeline_dag.collect_data_3 manual__2024-06-14T09:56:02.161802+00:00 [queued]>
[2024-06-14T15:33:01.489+0530] {taskinstance.py:2073} INFO - Dependencies all met for dep_context=requeueable deps ti=<TaskInstance: my_data_pipeline_dag.collect_data_3 manual__2024-06-14T09:56:02.161802+00:00 [queued]>
[2024-06-14T15:33:01.489+0530] {taskinstance.py:2303} INFO - Starting attempt 2 of 2
[2024-06-14T15:33:02.706+0530] {taskinstance.py:2327} INFO - Executing <Task(BashOperator): collect_data_3> on 2024-06-14 09:56:02.161802+00:00
[2024-06-14T15:33:02.720+0530] {standard_task_runner.py:63} INFO - Started process 67645 to run task
[2024-06-14T15:33:02.730+0530] {standard_task_runner.py:90} INFO - Running: ['airflow', 'tasks', 'run', 'my_data_pipeline_dag', 'collect_data_3', 'manual__2024-06-14T09:56:02.161802+00:00', '--job-id', '24', '--raw', '--subdir', 'DAGS_FOLDER/my_first_dag.py', '--cfg-path', '/tmp/tmp9u8ffwgc']
[2024-06-14T15:33:02.735+0530] {standard_task_runner.py:91} INFO - Job 24: Subtask collect_data_3
[2024-06-14T15:33:04.080+0530] {task_command.py:426} INFO - Running <TaskInstance: my_data_pipeline_dag.collect_data_3 manual__2024-06-14T09:56:02.161802+00:00 [running]> on host DESKTOP-J05K55U.
[2024-06-14T15:33:04.777+0530] {taskinstance.py:2644} INFO - Exporting env vars: AIRFLOW_CTX_DAG_EMAIL='airflow@example.com' AIRFLOW_CTX_DAG_OWNER='airflow' AIRFLOW_CTX_DAG_ID='my_data_pipeline_dag' AIRFLOW_CTX_TASK_ID='collect_data_3' AIRFLOW_CTX_EXECUTION_DATE='2024-06-14T09:56:02.161802+00:00' AIRFLOW_CTX_TRY_NUMBER='2' AIRFLOW_CTX_DAG_RUN_ID='manual__2024-06-14T09:56:02.161802+00:00'
[2024-06-14T15:33:04.780+0530] {taskinstance.py:430} INFO - ::endgroup::
[2024-06-14T15:33:04.781+0530] {subprocess.py:63} INFO - Tmp dir root location: /tmp
[2024-06-14T15:33:04.782+0530] {subprocess.py:75} INFO - Running command: ['/usr/bin/bash', '-c', 'python "/home/wsl/airflow/dags/Collect Data/test3.py"']
[2024-06-14T15:33:04.792+0530] {subprocess.py:86} INFO - Output:
[2024-06-14T15:33:08.213+0530] {subprocess.py:93} INFO - 24/06/14 15:33:08 WARN Utils: Your hostname, DESKTOP-J05K55U resolves to a loopback address: 127.0.1.1; using 172.31.56.255 instead (on interface eth0)
[2024-06-14T15:33:08.685+0530] {subprocess.py:93} INFO - 24/06/14 15:33:08 WARN Utils: Set SPARK_LOCAL_IP if you need to bind to another address
[2024-06-14T15:33:10.872+0530] {subprocess.py:93} INFO - :: loading settings :: url = jar:file:/home/wsl/airflow_venv/lib/python3.10/site-packages/pyspark/jars/ivy-2.5.1.jar!/org/apache/ivy/core/settings/ivysettings.xml
[2024-06-14T15:33:11.170+0530] {subprocess.py:93} INFO - Ivy Default Cache set to: /home/wsl/.ivy2/cache
[2024-06-14T15:33:11.171+0530] {subprocess.py:93} INFO - The jars for the packages stored in: /home/wsl/.ivy2/jars
[2024-06-14T15:33:11.184+0530] {subprocess.py:93} INFO - org.elasticsearch#elasticsearch-hadoop added as a dependency
[2024-06-14T15:33:11.186+0530] {subprocess.py:93} INFO - :: resolving dependencies :: org.apache.spark#spark-submit-parent-a2b2be1e-6dd8-4e10-9237-990ba62ceef4;1.0
[2024-06-14T15:33:11.187+0530] {subprocess.py:93} INFO - 	confs: [default]
[2024-06-14T15:33:11.446+0530] {subprocess.py:93} INFO - 	found org.elasticsearch#elasticsearch-hadoop;8.6.2 in central
[2024-06-14T15:33:11.567+0530] {subprocess.py:93} INFO - 	found commons-logging#commons-logging;1.1.1 in central
[2024-06-14T15:33:11.648+0530] {subprocess.py:93} INFO - 	found commons-codec#commons-codec;1.4 in central
[2024-06-14T15:33:11.737+0530] {subprocess.py:93} INFO - 	found javax.xml.bind#jaxb-api;2.3.1 in central
[2024-06-14T15:33:11.879+0530] {subprocess.py:93} INFO - 	found org.apache.hive#hive-service;3.1.2 in central
[2024-06-14T15:33:12.032+0530] {subprocess.py:93} INFO - 	found org.apache.hive#hive-exec;3.1.2 in central
[2024-06-14T15:33:12.164+0530] {subprocess.py:93} INFO - 	found org.apache.hive#hive-metastore;3.1.2 in central
[2024-06-14T15:33:12.239+0530] {subprocess.py:93} INFO - 	found org.apache.pig#pig;0.15.0 in central
[2024-06-14T15:33:12.374+0530] {subprocess.py:93} INFO - 	found org.apache.spark#spark-yarn_2.11;2.3.0 in central
[2024-06-14T15:33:12.446+0530] {subprocess.py:93} INFO - 	found org.scala-lang#scala-reflect;2.11.12 in central
[2024-06-14T15:33:12.501+0530] {subprocess.py:93} INFO - 	found org.apache.storm#storm-core;1.0.6 in central
[2024-06-14T15:33:12.571+0530] {subprocess.py:93} INFO - 	found org.apache.hadoop#hadoop-client;3.1.2 in central
[2024-06-14T15:33:12.641+0530] {subprocess.py:93} INFO - 	found org.apache.hadoop#hadoop-common;3.1.2 in central
[2024-06-14T15:33:12.696+0530] {subprocess.py:93} INFO - 	found org.apache.hadoop#hadoop-mapreduce-client-core;3.1.2 in central
[2024-06-14T15:33:12.730+0530] {subprocess.py:93} INFO - 	found joda-time#joda-time;2.9.3 in central
[2024-06-14T15:33:12.820+0530] {subprocess.py:93} INFO - :: resolution report :: resolve 1574ms :: artifacts dl 58ms
[2024-06-14T15:33:12.820+0530] {subprocess.py:93} INFO - 	:: modules in use:
[2024-06-14T15:33:12.821+0530] {subprocess.py:93} INFO - 	commons-codec#commons-codec;1.4 from central in [default]
[2024-06-14T15:33:12.823+0530] {subprocess.py:93} INFO - 	commons-logging#commons-logging;1.1.1 from central in [default]
[2024-06-14T15:33:12.823+0530] {subprocess.py:93} INFO - 	javax.xml.bind#jaxb-api;2.3.1 from central in [default]
[2024-06-14T15:33:12.824+0530] {subprocess.py:93} INFO - 	joda-time#joda-time;2.9.3 from central in [default]
[2024-06-14T15:33:12.824+0530] {subprocess.py:93} INFO - 	org.apache.hadoop#hadoop-client;3.1.2 from central in [default]
[2024-06-14T15:33:12.824+0530] {subprocess.py:93} INFO - 	org.apache.hadoop#hadoop-common;3.1.2 from central in [default]
[2024-06-14T15:33:12.824+0530] {subprocess.py:93} INFO - 	org.apache.hadoop#hadoop-mapreduce-client-core;3.1.2 from central in [default]
[2024-06-14T15:33:12.825+0530] {subprocess.py:93} INFO - 	org.apache.hive#hive-exec;3.1.2 from central in [default]
[2024-06-14T15:33:12.825+0530] {subprocess.py:93} INFO - 	org.apache.hive#hive-metastore;3.1.2 from central in [default]
[2024-06-14T15:33:12.825+0530] {subprocess.py:93} INFO - 	org.apache.hive#hive-service;3.1.2 from central in [default]
[2024-06-14T15:33:12.825+0530] {subprocess.py:93} INFO - 	org.apache.pig#pig;0.15.0 from central in [default]
[2024-06-14T15:33:12.825+0530] {subprocess.py:93} INFO - 	org.apache.spark#spark-yarn_2.11;2.3.0 from central in [default]
[2024-06-14T15:33:12.825+0530] {subprocess.py:93} INFO - 	org.apache.storm#storm-core;1.0.6 from central in [default]
[2024-06-14T15:33:12.826+0530] {subprocess.py:93} INFO - 	org.elasticsearch#elasticsearch-hadoop;8.6.2 from central in [default]
[2024-06-14T15:33:12.826+0530] {subprocess.py:93} INFO - 	org.scala-lang#scala-reflect;2.11.12 from central in [default]
[2024-06-14T15:33:12.826+0530] {subprocess.py:93} INFO - 	---------------------------------------------------------------------
[2024-06-14T15:33:12.826+0530] {subprocess.py:93} INFO - 	|                  |            modules            ||   artifacts   |
[2024-06-14T15:33:12.826+0530] {subprocess.py:93} INFO - 	|       conf       | number| search|dwnlded|evicted|| number|dwnlded|
[2024-06-14T15:33:12.827+0530] {subprocess.py:93} INFO - 	---------------------------------------------------------------------
[2024-06-14T15:33:12.827+0530] {subprocess.py:93} INFO - 	|      default     |   15  |   0   |   0   |   0   ||   15  |   0   |
[2024-06-14T15:33:12.827+0530] {subprocess.py:93} INFO - 	---------------------------------------------------------------------
[2024-06-14T15:33:12.844+0530] {subprocess.py:93} INFO - :: retrieving :: org.apache.spark#spark-submit-parent-a2b2be1e-6dd8-4e10-9237-990ba62ceef4
[2024-06-14T15:33:12.845+0530] {subprocess.py:93} INFO - 	confs: [default]
[2024-06-14T15:33:12.880+0530] {subprocess.py:93} INFO - 	0 artifacts copied, 15 already retrieved (0kB/36ms)
[2024-06-14T15:33:13.389+0530] {subprocess.py:93} INFO - 24/06/14 15:33:13 WARN NativeCodeLoader: Unable to load native-hadoop library for your platform... using builtin-java classes where applicable
[2024-06-14T15:33:13.974+0530] {subprocess.py:93} INFO - Setting default log level to "WARN".
[2024-06-14T15:33:13.975+0530] {subprocess.py:93} INFO - To adjust logging level use sc.setLogLevel(newLevel). For SparkR, use setLogLevel(newLevel).
[2024-06-14T15:33:57.274+0530] {subprocess.py:93} INFO - [Stage 0:>                                                          (0 + 1) / 1][Stage 0:===========================================================(1 + 0) / 1]                                                                                [Stage 3:>                                                          (0 + 3) / 3][Stage 3:===================>                                       (1 + 2) / 3][Stage 3:=======================================>                   (2 + 1) / 3]                                                                                /home/wsl/airflow/dags/Collect Data/test3.py:84: DeprecationWarning: The 'timeout' parameter is deprecated in favor of 'request_timeout'
[2024-06-14T15:33:57.275+0530] {subprocess.py:93} INFO -   es = Elasticsearch([{'host': 'localhost', 'port': 9200, 'scheme': 'http'}], timeout=30)
[2024-06-14T15:33:57.418+0530] {subprocess.py:93} INFO - <pyspark.sql.session.SparkSession object at 0x7f8d62c56bc0>
[2024-06-14T15:33:57.418+0530] {subprocess.py:93} INFO - Traceback (most recent call last):
[2024-06-14T15:33:57.418+0530] {subprocess.py:93} INFO -   File "/home/wsl/airflow/dags/Collect Data/test3.py", line 95, in <module>
[2024-06-14T15:33:57.419+0530] {subprocess.py:93} INFO -     helpers.bulk(es, actions)
[2024-06-14T15:33:57.419+0530] {subprocess.py:93} INFO -   File "/home/wsl/airflow_venv/lib/python3.10/site-packages/elasticsearch/helpers/actions.py", line 521, in bulk
[2024-06-14T15:33:57.419+0530] {subprocess.py:93} INFO -     for ok, item in streaming_bulk(
[2024-06-14T15:33:57.419+0530] {subprocess.py:93} INFO -   File "/home/wsl/airflow_venv/lib/python3.10/site-packages/elasticsearch/helpers/actions.py", line 436, in streaming_bulk
[2024-06-14T15:33:57.420+0530] {subprocess.py:93} INFO -     for data, (ok, info) in zip(
[2024-06-14T15:33:57.420+0530] {subprocess.py:93} INFO -   File "/home/wsl/airflow_venv/lib/python3.10/site-packages/elasticsearch/helpers/actions.py", line 339, in _process_bulk_chunk
[2024-06-14T15:33:57.420+0530] {subprocess.py:93} INFO -     resp = client.bulk(*args, operations=bulk_actions, **kwargs)  # type: ignore[arg-type]
[2024-06-14T15:33:57.421+0530] {subprocess.py:93} INFO -   File "/home/wsl/airflow_venv/lib/python3.10/site-packages/elasticsearch/_sync/client/utils.py", line 446, in wrapped
[2024-06-14T15:33:57.421+0530] {subprocess.py:93} INFO -     return api(*args, **kwargs)
[2024-06-14T15:33:57.421+0530] {subprocess.py:93} INFO -   File "/home/wsl/airflow_venv/lib/python3.10/site-packages/elasticsearch/_sync/client/__init__.py", line 714, in bulk
[2024-06-14T15:33:57.421+0530] {subprocess.py:93} INFO -     return self.perform_request(  # type: ignore[return-value]
[2024-06-14T15:33:57.421+0530] {subprocess.py:93} INFO -   File "/home/wsl/airflow_venv/lib/python3.10/site-packages/elasticsearch/_sync/client/_base.py", line 271, in perform_request
[2024-06-14T15:33:57.422+0530] {subprocess.py:93} INFO -     response = self._perform_request(
[2024-06-14T15:33:57.422+0530] {subprocess.py:93} INFO -   File "/home/wsl/airflow_venv/lib/python3.10/site-packages/elasticsearch/_sync/client/_base.py", line 316, in _perform_request
[2024-06-14T15:33:57.422+0530] {subprocess.py:93} INFO -     meta, resp_body = self.transport.perform_request(
[2024-06-14T15:33:57.422+0530] {subprocess.py:93} INFO -   File "/home/wsl/airflow_venv/lib/python3.10/site-packages/elastic_transport/_transport.py", line 342, in perform_request
[2024-06-14T15:33:57.422+0530] {subprocess.py:93} INFO -     resp = node.perform_request(
[2024-06-14T15:33:57.422+0530] {subprocess.py:93} INFO -   File "/home/wsl/airflow_venv/lib/python3.10/site-packages/elastic_transport/_node/_http_urllib3.py", line 202, in perform_request
[2024-06-14T15:33:57.423+0530] {subprocess.py:93} INFO -     raise err from None
[2024-06-14T15:33:57.423+0530] {subprocess.py:93} INFO - elastic_transport.ConnectionError: Connection error caused by: ConnectionError(Connection error caused by: NewConnectionError(<urllib3.connection.HTTPConnection object at 0x7f8d5a691f90>: Failed to establish a new connection: [Errno 111] Connection refused))
[2024-06-14T15:33:58.366+0530] {subprocess.py:97} INFO - Command exited with return code 1
[2024-06-14T15:33:58.367+0530] {taskinstance.py:441} INFO - ::group::Post task execution logs
[2024-06-14T15:33:58.383+0530] {taskinstance.py:2890} ERROR - Task failed with exception
Traceback (most recent call last):
  File "/home/wsl/airflow_venv/lib/python3.10/site-packages/airflow/models/taskinstance.py", line 465, in _execute_task
    result = _execute_callable(context=context, **execute_callable_kwargs)
  File "/home/wsl/airflow_venv/lib/python3.10/site-packages/airflow/models/taskinstance.py", line 432, in _execute_callable
    return execute_callable(context=context, **execute_callable_kwargs)
  File "/home/wsl/airflow_venv/lib/python3.10/site-packages/airflow/models/baseoperator.py", line 400, in wrapper
    return func(self, *args, **kwargs)
  File "/home/wsl/airflow_venv/lib/python3.10/site-packages/airflow/operators/bash.py", line 243, in execute
    raise AirflowException(
airflow.exceptions.AirflowException: Bash command failed. The command returned a non-zero exit code 1.
[2024-06-14T15:33:58.389+0530] {taskinstance.py:1205} INFO - Marking task as FAILED. dag_id=my_data_pipeline_dag, task_id=collect_data_3, execution_date=20240614T095602, start_date=20240614T100301, end_date=20240614T100358
[2024-06-14T15:33:58.419+0530] {standard_task_runner.py:110} ERROR - Failed to execute job 24 for task collect_data_3 (Bash command failed. The command returned a non-zero exit code 1.; 67645)
[2024-06-14T15:33:58.440+0530] {local_task_job_runner.py:240} INFO - Task exited with return code 1
[2024-06-14T15:33:58.456+0530] {taskinstance.py:3482} INFO - 0 downstream tasks scheduled from follow-on schedule check
[2024-06-14T15:33:58.457+0530] {local_task_job_runner.py:222} INFO - ::endgroup::
