[2024-05-28T23:01:03.611+0530] {processor.py:161} INFO - Started process (PID=259558) to work on /home/wsl/airflow/dags/Collect Data/covid_19_europe.py
[2024-05-28T23:01:03.612+0530] {processor.py:830} INFO - Processing file /home/wsl/airflow/dags/Collect Data/covid_19_europe.py for tasks to queue
[2024-05-28T23:01:03.614+0530] {logging_mixin.py:188} INFO - [2024-05-28T23:01:03.613+0530] {dagbag.py:540} INFO - Filling up the DagBag from /home/wsl/airflow/dags/Collect Data/covid_19_europe.py
[2024-05-28T23:01:05.388+0530] {processor.py:842} WARNING - No viable dags retrieved from /home/wsl/airflow/dags/Collect Data/covid_19_europe.py
[2024-05-28T23:01:05.415+0530] {processor.py:183} INFO - Processing /home/wsl/airflow/dags/Collect Data/covid_19_europe.py took 1.819 seconds
[2024-05-28T23:02:06.137+0530] {processor.py:161} INFO - Started process (PID=259987) to work on /home/wsl/airflow/dags/Collect Data/covid_19_europe.py
[2024-05-28T23:02:06.138+0530] {processor.py:830} INFO - Processing file /home/wsl/airflow/dags/Collect Data/covid_19_europe.py for tasks to queue
[2024-05-28T23:02:06.139+0530] {logging_mixin.py:188} INFO - [2024-05-28T23:02:06.139+0530] {dagbag.py:540} INFO - Filling up the DagBag from /home/wsl/airflow/dags/Collect Data/covid_19_europe.py
[2024-05-28T23:02:07.234+0530] {processor.py:842} WARNING - No viable dags retrieved from /home/wsl/airflow/dags/Collect Data/covid_19_europe.py
[2024-05-28T23:02:07.244+0530] {processor.py:183} INFO - Processing /home/wsl/airflow/dags/Collect Data/covid_19_europe.py took 1.116 seconds
[2024-05-28T23:02:50.148+0530] {processor.py:161} INFO - Started process (PID=260432) to work on /home/wsl/airflow/dags/Collect Data/covid_19_europe.py
[2024-05-28T23:02:50.153+0530] {processor.py:830} INFO - Processing file /home/wsl/airflow/dags/Collect Data/covid_19_europe.py for tasks to queue
[2024-05-28T23:02:50.155+0530] {logging_mixin.py:188} INFO - [2024-05-28T23:02:50.154+0530] {dagbag.py:540} INFO - Filling up the DagBag from /home/wsl/airflow/dags/Collect Data/covid_19_europe.py
[2024-05-28T23:02:51.360+0530] {processor.py:842} WARNING - No viable dags retrieved from /home/wsl/airflow/dags/Collect Data/covid_19_europe.py
[2024-05-28T23:02:51.448+0530] {processor.py:183} INFO - Processing /home/wsl/airflow/dags/Collect Data/covid_19_europe.py took 1.309 seconds
[2024-05-28T23:03:33.414+0530] {processor.py:161} INFO - Started process (PID=260794) to work on /home/wsl/airflow/dags/Collect Data/covid_19_europe.py
[2024-05-28T23:03:33.415+0530] {processor.py:830} INFO - Processing file /home/wsl/airflow/dags/Collect Data/covid_19_europe.py for tasks to queue
[2024-05-28T23:03:33.417+0530] {logging_mixin.py:188} INFO - [2024-05-28T23:03:33.416+0530] {dagbag.py:540} INFO - Filling up the DagBag from /home/wsl/airflow/dags/Collect Data/covid_19_europe.py
[2024-05-28T23:03:34.520+0530] {processor.py:842} WARNING - No viable dags retrieved from /home/wsl/airflow/dags/Collect Data/covid_19_europe.py
[2024-05-28T23:03:34.532+0530] {processor.py:183} INFO - Processing /home/wsl/airflow/dags/Collect Data/covid_19_europe.py took 1.127 seconds
[2024-05-28T23:04:16.287+0530] {processor.py:161} INFO - Started process (PID=261111) to work on /home/wsl/airflow/dags/Collect Data/covid_19_europe.py
[2024-05-28T23:04:16.289+0530] {processor.py:830} INFO - Processing file /home/wsl/airflow/dags/Collect Data/covid_19_europe.py for tasks to queue
[2024-05-28T23:04:16.291+0530] {logging_mixin.py:188} INFO - [2024-05-28T23:04:16.290+0530] {dagbag.py:540} INFO - Filling up the DagBag from /home/wsl/airflow/dags/Collect Data/covid_19_europe.py
[2024-05-28T23:04:17.463+0530] {processor.py:842} WARNING - No viable dags retrieved from /home/wsl/airflow/dags/Collect Data/covid_19_europe.py
[2024-05-28T23:04:17.474+0530] {processor.py:183} INFO - Processing /home/wsl/airflow/dags/Collect Data/covid_19_europe.py took 1.197 seconds
[2024-05-28T23:04:52.064+0530] {processor.py:161} INFO - Started process (PID=261543) to work on /home/wsl/airflow/dags/Collect Data/covid_19_europe.py
[2024-05-28T23:04:52.067+0530] {processor.py:830} INFO - Processing file /home/wsl/airflow/dags/Collect Data/covid_19_europe.py for tasks to queue
[2024-05-28T23:04:52.068+0530] {logging_mixin.py:188} INFO - [2024-05-28T23:04:52.067+0530] {dagbag.py:540} INFO - Filling up the DagBag from /home/wsl/airflow/dags/Collect Data/covid_19_europe.py
[2024-05-28T23:04:53.175+0530] {processor.py:842} WARNING - No viable dags retrieved from /home/wsl/airflow/dags/Collect Data/covid_19_europe.py
[2024-05-28T23:04:53.189+0530] {processor.py:183} INFO - Processing /home/wsl/airflow/dags/Collect Data/covid_19_europe.py took 1.142 seconds
[2024-05-28T23:05:27.805+0530] {processor.py:161} INFO - Started process (PID=261840) to work on /home/wsl/airflow/dags/Collect Data/covid_19_europe.py
[2024-05-28T23:05:27.808+0530] {processor.py:830} INFO - Processing file /home/wsl/airflow/dags/Collect Data/covid_19_europe.py for tasks to queue
[2024-05-28T23:05:27.810+0530] {logging_mixin.py:188} INFO - [2024-05-28T23:05:27.809+0530] {dagbag.py:540} INFO - Filling up the DagBag from /home/wsl/airflow/dags/Collect Data/covid_19_europe.py
[2024-05-28T23:05:28.947+0530] {processor.py:842} WARNING - No viable dags retrieved from /home/wsl/airflow/dags/Collect Data/covid_19_europe.py
[2024-05-28T23:05:28.959+0530] {processor.py:183} INFO - Processing /home/wsl/airflow/dags/Collect Data/covid_19_europe.py took 1.170 seconds
[2024-05-28T23:06:07.219+0530] {processor.py:161} INFO - Started process (PID=262251) to work on /home/wsl/airflow/dags/Collect Data/covid_19_europe.py
[2024-05-28T23:06:07.256+0530] {processor.py:830} INFO - Processing file /home/wsl/airflow/dags/Collect Data/covid_19_europe.py for tasks to queue
[2024-05-28T23:06:07.258+0530] {logging_mixin.py:188} INFO - [2024-05-28T23:06:07.257+0530] {dagbag.py:540} INFO - Filling up the DagBag from /home/wsl/airflow/dags/Collect Data/covid_19_europe.py
[2024-05-28T23:06:08.784+0530] {processor.py:842} WARNING - No viable dags retrieved from /home/wsl/airflow/dags/Collect Data/covid_19_europe.py
[2024-05-28T23:06:08.831+0530] {processor.py:183} INFO - Processing /home/wsl/airflow/dags/Collect Data/covid_19_europe.py took 1.623 seconds
[2024-05-28T23:07:03.515+0530] {processor.py:161} INFO - Started process (PID=262629) to work on /home/wsl/airflow/dags/Collect Data/covid_19_europe.py
[2024-05-28T23:07:03.517+0530] {processor.py:830} INFO - Processing file /home/wsl/airflow/dags/Collect Data/covid_19_europe.py for tasks to queue
[2024-05-28T23:07:03.518+0530] {logging_mixin.py:188} INFO - [2024-05-28T23:07:03.517+0530] {dagbag.py:540} INFO - Filling up the DagBag from /home/wsl/airflow/dags/Collect Data/covid_19_europe.py
[2024-05-28T23:07:04.639+0530] {processor.py:842} WARNING - No viable dags retrieved from /home/wsl/airflow/dags/Collect Data/covid_19_europe.py
[2024-05-28T23:07:04.650+0530] {processor.py:183} INFO - Processing /home/wsl/airflow/dags/Collect Data/covid_19_europe.py took 1.142 seconds
[2024-05-28T23:07:43.635+0530] {processor.py:161} INFO - Started process (PID=263101) to work on /home/wsl/airflow/dags/Collect Data/covid_19_europe.py
[2024-05-28T23:07:43.637+0530] {processor.py:830} INFO - Processing file /home/wsl/airflow/dags/Collect Data/covid_19_europe.py for tasks to queue
[2024-05-28T23:07:43.639+0530] {logging_mixin.py:188} INFO - [2024-05-28T23:07:43.638+0530] {dagbag.py:540} INFO - Filling up the DagBag from /home/wsl/airflow/dags/Collect Data/covid_19_europe.py
[2024-05-28T23:07:44.724+0530] {processor.py:842} WARNING - No viable dags retrieved from /home/wsl/airflow/dags/Collect Data/covid_19_europe.py
[2024-05-28T23:07:44.737+0530] {processor.py:183} INFO - Processing /home/wsl/airflow/dags/Collect Data/covid_19_europe.py took 1.109 seconds
[2024-05-28T23:08:49.553+0530] {processor.py:161} INFO - Started process (PID=263703) to work on /home/wsl/airflow/dags/Collect Data/covid_19_europe.py
[2024-05-28T23:08:49.555+0530] {processor.py:830} INFO - Processing file /home/wsl/airflow/dags/Collect Data/covid_19_europe.py for tasks to queue
[2024-05-28T23:08:49.558+0530] {logging_mixin.py:188} INFO - [2024-05-28T23:08:49.556+0530] {dagbag.py:540} INFO - Filling up the DagBag from /home/wsl/airflow/dags/Collect Data/covid_19_europe.py
[2024-05-28T23:08:50.663+0530] {processor.py:842} WARNING - No viable dags retrieved from /home/wsl/airflow/dags/Collect Data/covid_19_europe.py
[2024-05-28T23:08:50.676+0530] {processor.py:183} INFO - Processing /home/wsl/airflow/dags/Collect Data/covid_19_europe.py took 1.140 seconds
[2024-05-28T23:09:28.036+0530] {processor.py:161} INFO - Started process (PID=263968) to work on /home/wsl/airflow/dags/Collect Data/covid_19_europe.py
[2024-05-28T23:09:28.040+0530] {processor.py:830} INFO - Processing file /home/wsl/airflow/dags/Collect Data/covid_19_europe.py for tasks to queue
[2024-05-28T23:09:28.046+0530] {logging_mixin.py:188} INFO - [2024-05-28T23:09:28.043+0530] {dagbag.py:540} INFO - Filling up the DagBag from /home/wsl/airflow/dags/Collect Data/covid_19_europe.py
[2024-05-28T23:09:29.201+0530] {processor.py:842} WARNING - No viable dags retrieved from /home/wsl/airflow/dags/Collect Data/covid_19_europe.py
[2024-05-28T23:09:29.212+0530] {processor.py:183} INFO - Processing /home/wsl/airflow/dags/Collect Data/covid_19_europe.py took 1.189 seconds
[2024-05-28T23:10:03.628+0530] {processor.py:161} INFO - Started process (PID=264419) to work on /home/wsl/airflow/dags/Collect Data/covid_19_europe.py
[2024-05-28T23:10:03.630+0530] {processor.py:830} INFO - Processing file /home/wsl/airflow/dags/Collect Data/covid_19_europe.py for tasks to queue
[2024-05-28T23:10:03.631+0530] {logging_mixin.py:188} INFO - [2024-05-28T23:10:03.630+0530] {dagbag.py:540} INFO - Filling up the DagBag from /home/wsl/airflow/dags/Collect Data/covid_19_europe.py
[2024-05-28T23:10:06.138+0530] {processor.py:842} WARNING - No viable dags retrieved from /home/wsl/airflow/dags/Collect Data/covid_19_europe.py
[2024-05-28T23:10:06.171+0530] {processor.py:183} INFO - Processing /home/wsl/airflow/dags/Collect Data/covid_19_europe.py took 2.556 seconds
[2024-05-28T23:10:47.257+0530] {processor.py:161} INFO - Started process (PID=264791) to work on /home/wsl/airflow/dags/Collect Data/covid_19_europe.py
[2024-05-28T23:10:47.259+0530] {processor.py:830} INFO - Processing file /home/wsl/airflow/dags/Collect Data/covid_19_europe.py for tasks to queue
[2024-05-28T23:10:47.260+0530] {logging_mixin.py:188} INFO - [2024-05-28T23:10:47.259+0530] {dagbag.py:540} INFO - Filling up the DagBag from /home/wsl/airflow/dags/Collect Data/covid_19_europe.py
[2024-05-28T23:10:48.327+0530] {processor.py:842} WARNING - No viable dags retrieved from /home/wsl/airflow/dags/Collect Data/covid_19_europe.py
[2024-05-28T23:10:48.338+0530] {processor.py:183} INFO - Processing /home/wsl/airflow/dags/Collect Data/covid_19_europe.py took 1.088 seconds
[2024-05-28T23:11:30.401+0530] {processor.py:161} INFO - Started process (PID=265247) to work on /home/wsl/airflow/dags/Collect Data/covid_19_europe.py
[2024-05-28T23:11:30.408+0530] {processor.py:830} INFO - Processing file /home/wsl/airflow/dags/Collect Data/covid_19_europe.py for tasks to queue
[2024-05-28T23:11:30.410+0530] {logging_mixin.py:188} INFO - [2024-05-28T23:11:30.409+0530] {dagbag.py:540} INFO - Filling up the DagBag from /home/wsl/airflow/dags/Collect Data/covid_19_europe.py
[2024-05-28T23:11:31.590+0530] {processor.py:842} WARNING - No viable dags retrieved from /home/wsl/airflow/dags/Collect Data/covid_19_europe.py
[2024-05-28T23:11:31.603+0530] {processor.py:183} INFO - Processing /home/wsl/airflow/dags/Collect Data/covid_19_europe.py took 1.215 seconds
[2024-05-28T23:12:05.693+0530] {processor.py:161} INFO - Started process (PID=265528) to work on /home/wsl/airflow/dags/Collect Data/covid_19_europe.py
[2024-05-28T23:12:05.697+0530] {processor.py:830} INFO - Processing file /home/wsl/airflow/dags/Collect Data/covid_19_europe.py for tasks to queue
[2024-05-28T23:12:05.701+0530] {logging_mixin.py:188} INFO - [2024-05-28T23:12:05.699+0530] {dagbag.py:540} INFO - Filling up the DagBag from /home/wsl/airflow/dags/Collect Data/covid_19_europe.py
[2024-05-28T23:12:07.549+0530] {processor.py:842} WARNING - No viable dags retrieved from /home/wsl/airflow/dags/Collect Data/covid_19_europe.py
[2024-05-28T23:12:07.566+0530] {processor.py:183} INFO - Processing /home/wsl/airflow/dags/Collect Data/covid_19_europe.py took 1.890 seconds
[2024-05-28T23:12:45.960+0530] {processor.py:161} INFO - Started process (PID=265903) to work on /home/wsl/airflow/dags/Collect Data/covid_19_europe.py
[2024-05-28T23:12:45.962+0530] {processor.py:830} INFO - Processing file /home/wsl/airflow/dags/Collect Data/covid_19_europe.py for tasks to queue
[2024-05-28T23:12:45.963+0530] {logging_mixin.py:188} INFO - [2024-05-28T23:12:45.963+0530] {dagbag.py:540} INFO - Filling up the DagBag from /home/wsl/airflow/dags/Collect Data/covid_19_europe.py
[2024-05-28T23:12:47.136+0530] {processor.py:842} WARNING - No viable dags retrieved from /home/wsl/airflow/dags/Collect Data/covid_19_europe.py
[2024-05-28T23:12:47.149+0530] {processor.py:183} INFO - Processing /home/wsl/airflow/dags/Collect Data/covid_19_europe.py took 1.199 seconds
[2024-05-28T23:13:28.533+0530] {processor.py:161} INFO - Started process (PID=266350) to work on /home/wsl/airflow/dags/Collect Data/covid_19_europe.py
[2024-05-28T23:13:28.535+0530] {processor.py:830} INFO - Processing file /home/wsl/airflow/dags/Collect Data/covid_19_europe.py for tasks to queue
[2024-05-28T23:13:28.536+0530] {logging_mixin.py:188} INFO - [2024-05-28T23:13:28.536+0530] {dagbag.py:540} INFO - Filling up the DagBag from /home/wsl/airflow/dags/Collect Data/covid_19_europe.py
[2024-05-28T23:13:29.928+0530] {processor.py:842} WARNING - No viable dags retrieved from /home/wsl/airflow/dags/Collect Data/covid_19_europe.py
[2024-05-28T23:13:29.941+0530] {processor.py:183} INFO - Processing /home/wsl/airflow/dags/Collect Data/covid_19_europe.py took 1.417 seconds
[2024-05-28T23:14:02.774+0530] {processor.py:161} INFO - Started process (PID=266659) to work on /home/wsl/airflow/dags/Collect Data/covid_19_europe.py
[2024-05-28T23:14:02.778+0530] {processor.py:830} INFO - Processing file /home/wsl/airflow/dags/Collect Data/covid_19_europe.py for tasks to queue
[2024-05-28T23:14:02.780+0530] {logging_mixin.py:188} INFO - [2024-05-28T23:14:02.779+0530] {dagbag.py:540} INFO - Filling up the DagBag from /home/wsl/airflow/dags/Collect Data/covid_19_europe.py
[2024-05-28T23:14:03.954+0530] {processor.py:842} WARNING - No viable dags retrieved from /home/wsl/airflow/dags/Collect Data/covid_19_europe.py
[2024-05-28T23:14:03.968+0530] {processor.py:183} INFO - Processing /home/wsl/airflow/dags/Collect Data/covid_19_europe.py took 1.203 seconds
[2024-05-28T23:14:37.624+0530] {processor.py:161} INFO - Started process (PID=266972) to work on /home/wsl/airflow/dags/Collect Data/covid_19_europe.py
[2024-05-28T23:14:37.626+0530] {processor.py:830} INFO - Processing file /home/wsl/airflow/dags/Collect Data/covid_19_europe.py for tasks to queue
[2024-05-28T23:14:37.627+0530] {logging_mixin.py:188} INFO - [2024-05-28T23:14:37.626+0530] {dagbag.py:540} INFO - Filling up the DagBag from /home/wsl/airflow/dags/Collect Data/covid_19_europe.py
[2024-05-28T23:14:40.291+0530] {processor.py:842} WARNING - No viable dags retrieved from /home/wsl/airflow/dags/Collect Data/covid_19_europe.py
[2024-05-28T23:14:40.307+0530] {processor.py:183} INFO - Processing /home/wsl/airflow/dags/Collect Data/covid_19_europe.py took 2.699 seconds
[2024-05-28T23:15:15.248+0530] {processor.py:161} INFO - Started process (PID=267395) to work on /home/wsl/airflow/dags/Collect Data/covid_19_europe.py
[2024-05-28T23:15:15.250+0530] {processor.py:830} INFO - Processing file /home/wsl/airflow/dags/Collect Data/covid_19_europe.py for tasks to queue
[2024-05-28T23:15:15.251+0530] {logging_mixin.py:188} INFO - [2024-05-28T23:15:15.251+0530] {dagbag.py:540} INFO - Filling up the DagBag from /home/wsl/airflow/dags/Collect Data/covid_19_europe.py
[2024-05-28T23:15:16.556+0530] {processor.py:842} WARNING - No viable dags retrieved from /home/wsl/airflow/dags/Collect Data/covid_19_europe.py
[2024-05-28T23:15:16.569+0530] {processor.py:183} INFO - Processing /home/wsl/airflow/dags/Collect Data/covid_19_europe.py took 1.331 seconds
[2024-05-28T23:15:54.000+0530] {processor.py:161} INFO - Started process (PID=267728) to work on /home/wsl/airflow/dags/Collect Data/covid_19_europe.py
[2024-05-28T23:15:54.072+0530] {processor.py:830} INFO - Processing file /home/wsl/airflow/dags/Collect Data/covid_19_europe.py for tasks to queue
[2024-05-28T23:15:54.078+0530] {logging_mixin.py:188} INFO - [2024-05-28T23:15:54.075+0530] {dagbag.py:540} INFO - Filling up the DagBag from /home/wsl/airflow/dags/Collect Data/covid_19_europe.py
[2024-05-28T23:15:56.020+0530] {processor.py:842} WARNING - No viable dags retrieved from /home/wsl/airflow/dags/Collect Data/covid_19_europe.py
[2024-05-28T23:15:56.056+0530] {processor.py:183} INFO - Processing /home/wsl/airflow/dags/Collect Data/covid_19_europe.py took 2.067 seconds
[2024-05-28T23:16:46.661+0530] {processor.py:161} INFO - Started process (PID=268253) to work on /home/wsl/airflow/dags/Collect Data/covid_19_europe.py
[2024-05-28T23:16:46.663+0530] {processor.py:830} INFO - Processing file /home/wsl/airflow/dags/Collect Data/covid_19_europe.py for tasks to queue
[2024-05-28T23:16:46.664+0530] {logging_mixin.py:188} INFO - [2024-05-28T23:16:46.663+0530] {dagbag.py:540} INFO - Filling up the DagBag from /home/wsl/airflow/dags/Collect Data/covid_19_europe.py
[2024-05-28T23:16:47.750+0530] {processor.py:842} WARNING - No viable dags retrieved from /home/wsl/airflow/dags/Collect Data/covid_19_europe.py
[2024-05-28T23:16:47.759+0530] {processor.py:183} INFO - Processing /home/wsl/airflow/dags/Collect Data/covid_19_europe.py took 1.106 seconds
[2024-05-28T23:17:37.181+0530] {processor.py:161} INFO - Started process (PID=268642) to work on /home/wsl/airflow/dags/Collect Data/covid_19_europe.py
[2024-05-28T23:17:37.184+0530] {processor.py:830} INFO - Processing file /home/wsl/airflow/dags/Collect Data/covid_19_europe.py for tasks to queue
[2024-05-28T23:17:37.186+0530] {logging_mixin.py:188} INFO - [2024-05-28T23:17:37.185+0530] {dagbag.py:540} INFO - Filling up the DagBag from /home/wsl/airflow/dags/Collect Data/covid_19_europe.py
[2024-05-28T23:17:38.273+0530] {processor.py:842} WARNING - No viable dags retrieved from /home/wsl/airflow/dags/Collect Data/covid_19_europe.py
[2024-05-28T23:17:38.285+0530] {processor.py:183} INFO - Processing /home/wsl/airflow/dags/Collect Data/covid_19_europe.py took 1.120 seconds
[2024-05-28T23:18:20.559+0530] {processor.py:161} INFO - Started process (PID=269113) to work on /home/wsl/airflow/dags/Collect Data/covid_19_europe.py
[2024-05-28T23:18:20.564+0530] {processor.py:830} INFO - Processing file /home/wsl/airflow/dags/Collect Data/covid_19_europe.py for tasks to queue
[2024-05-28T23:18:20.567+0530] {logging_mixin.py:188} INFO - [2024-05-28T23:18:20.566+0530] {dagbag.py:540} INFO - Filling up the DagBag from /home/wsl/airflow/dags/Collect Data/covid_19_europe.py
[2024-05-28T23:18:21.698+0530] {processor.py:842} WARNING - No viable dags retrieved from /home/wsl/airflow/dags/Collect Data/covid_19_europe.py
[2024-05-28T23:18:21.710+0530] {processor.py:183} INFO - Processing /home/wsl/airflow/dags/Collect Data/covid_19_europe.py took 1.165 seconds
[2024-05-28T23:18:55.881+0530] {processor.py:161} INFO - Started process (PID=269452) to work on /home/wsl/airflow/dags/Collect Data/covid_19_europe.py
[2024-05-28T23:18:55.884+0530] {processor.py:830} INFO - Processing file /home/wsl/airflow/dags/Collect Data/covid_19_europe.py for tasks to queue
[2024-05-28T23:18:55.886+0530] {logging_mixin.py:188} INFO - [2024-05-28T23:18:55.885+0530] {dagbag.py:540} INFO - Filling up the DagBag from /home/wsl/airflow/dags/Collect Data/covid_19_europe.py
[2024-05-28T23:18:57.090+0530] {processor.py:842} WARNING - No viable dags retrieved from /home/wsl/airflow/dags/Collect Data/covid_19_europe.py
[2024-05-28T23:18:57.110+0530] {processor.py:183} INFO - Processing /home/wsl/airflow/dags/Collect Data/covid_19_europe.py took 1.242 seconds
[2024-05-28T23:19:31.651+0530] {processor.py:161} INFO - Started process (PID=269892) to work on /home/wsl/airflow/dags/Collect Data/covid_19_europe.py
[2024-05-28T23:19:31.654+0530] {processor.py:830} INFO - Processing file /home/wsl/airflow/dags/Collect Data/covid_19_europe.py for tasks to queue
[2024-05-28T23:19:31.656+0530] {logging_mixin.py:188} INFO - [2024-05-28T23:19:31.655+0530] {dagbag.py:540} INFO - Filling up the DagBag from /home/wsl/airflow/dags/Collect Data/covid_19_europe.py
[2024-05-28T23:19:32.725+0530] {processor.py:842} WARNING - No viable dags retrieved from /home/wsl/airflow/dags/Collect Data/covid_19_europe.py
[2024-05-28T23:19:32.740+0530] {processor.py:183} INFO - Processing /home/wsl/airflow/dags/Collect Data/covid_19_europe.py took 1.101 seconds
[2024-05-28T23:26:33.763+0530] {processor.py:161} INFO - Started process (PID=270984) to work on /home/wsl/airflow/dags/Collect Data/covid_19_europe.py
[2024-05-28T23:26:33.767+0530] {processor.py:830} INFO - Processing file /home/wsl/airflow/dags/Collect Data/covid_19_europe.py for tasks to queue
[2024-05-28T23:26:33.769+0530] {logging_mixin.py:188} INFO - [2024-05-28T23:26:33.768+0530] {dagbag.py:540} INFO - Filling up the DagBag from /home/wsl/airflow/dags/Collect Data/covid_19_europe.py
[2024-05-28T23:26:38.074+0530] {processor.py:842} WARNING - No viable dags retrieved from /home/wsl/airflow/dags/Collect Data/covid_19_europe.py
[2024-05-28T23:26:38.104+0530] {processor.py:183} INFO - Processing /home/wsl/airflow/dags/Collect Data/covid_19_europe.py took 4.360 seconds
[2024-05-28T23:27:41.283+0530] {processor.py:161} INFO - Started process (PID=272504) to work on /home/wsl/airflow/dags/Collect Data/covid_19_europe.py
[2024-05-28T23:27:41.286+0530] {processor.py:830} INFO - Processing file /home/wsl/airflow/dags/Collect Data/covid_19_europe.py for tasks to queue
[2024-05-28T23:27:41.288+0530] {logging_mixin.py:188} INFO - [2024-05-28T23:27:41.287+0530] {dagbag.py:540} INFO - Filling up the DagBag from /home/wsl/airflow/dags/Collect Data/covid_19_europe.py
[2024-05-28T23:27:42.995+0530] {processor.py:842} WARNING - No viable dags retrieved from /home/wsl/airflow/dags/Collect Data/covid_19_europe.py
[2024-05-28T23:27:43.008+0530] {processor.py:183} INFO - Processing /home/wsl/airflow/dags/Collect Data/covid_19_europe.py took 1.739 seconds
[2024-05-28T23:28:15.082+0530] {processor.py:161} INFO - Started process (PID=272840) to work on /home/wsl/airflow/dags/Collect Data/covid_19_europe.py
[2024-05-28T23:28:15.084+0530] {processor.py:830} INFO - Processing file /home/wsl/airflow/dags/Collect Data/covid_19_europe.py for tasks to queue
[2024-05-28T23:28:15.086+0530] {logging_mixin.py:188} INFO - [2024-05-28T23:28:15.085+0530] {dagbag.py:540} INFO - Filling up the DagBag from /home/wsl/airflow/dags/Collect Data/covid_19_europe.py
[2024-05-28T23:28:16.574+0530] {processor.py:842} WARNING - No viable dags retrieved from /home/wsl/airflow/dags/Collect Data/covid_19_europe.py
[2024-05-28T23:28:16.590+0530] {processor.py:183} INFO - Processing /home/wsl/airflow/dags/Collect Data/covid_19_europe.py took 1.521 seconds
[2024-05-28T23:28:49.710+0530] {processor.py:161} INFO - Started process (PID=273146) to work on /home/wsl/airflow/dags/Collect Data/covid_19_europe.py
[2024-05-28T23:28:49.712+0530] {processor.py:830} INFO - Processing file /home/wsl/airflow/dags/Collect Data/covid_19_europe.py for tasks to queue
[2024-05-28T23:28:49.713+0530] {logging_mixin.py:188} INFO - [2024-05-28T23:28:49.713+0530] {dagbag.py:540} INFO - Filling up the DagBag from /home/wsl/airflow/dags/Collect Data/covid_19_europe.py
[2024-05-28T23:28:50.897+0530] {processor.py:842} WARNING - No viable dags retrieved from /home/wsl/airflow/dags/Collect Data/covid_19_europe.py
[2024-05-28T23:28:50.908+0530] {processor.py:183} INFO - Processing /home/wsl/airflow/dags/Collect Data/covid_19_europe.py took 1.206 seconds
[2024-05-28T23:30:06.913+0530] {processor.py:161} INFO - Started process (PID=273947) to work on /home/wsl/airflow/dags/Collect Data/covid_19_europe.py
[2024-05-28T23:30:06.926+0530] {processor.py:830} INFO - Processing file /home/wsl/airflow/dags/Collect Data/covid_19_europe.py for tasks to queue
[2024-05-28T23:30:06.928+0530] {logging_mixin.py:188} INFO - [2024-05-28T23:30:06.927+0530] {dagbag.py:540} INFO - Filling up the DagBag from /home/wsl/airflow/dags/Collect Data/covid_19_europe.py
[2024-05-28T23:30:09.615+0530] {processor.py:842} WARNING - No viable dags retrieved from /home/wsl/airflow/dags/Collect Data/covid_19_europe.py
[2024-05-28T23:30:09.630+0530] {processor.py:183} INFO - Processing /home/wsl/airflow/dags/Collect Data/covid_19_europe.py took 2.728 seconds
[2024-05-28T23:30:54.013+0530] {processor.py:161} INFO - Started process (PID=274190) to work on /home/wsl/airflow/dags/Collect Data/covid_19_europe.py
[2024-05-28T23:30:54.021+0530] {processor.py:830} INFO - Processing file /home/wsl/airflow/dags/Collect Data/covid_19_europe.py for tasks to queue
[2024-05-28T23:30:54.023+0530] {logging_mixin.py:188} INFO - [2024-05-28T23:30:54.022+0530] {dagbag.py:540} INFO - Filling up the DagBag from /home/wsl/airflow/dags/Collect Data/covid_19_europe.py
[2024-05-28T23:30:55.262+0530] {processor.py:842} WARNING - No viable dags retrieved from /home/wsl/airflow/dags/Collect Data/covid_19_europe.py
[2024-05-28T23:30:55.272+0530] {processor.py:183} INFO - Processing /home/wsl/airflow/dags/Collect Data/covid_19_europe.py took 1.272 seconds
[2024-05-28T23:31:31.337+0530] {processor.py:161} INFO - Started process (PID=274654) to work on /home/wsl/airflow/dags/Collect Data/covid_19_europe.py
[2024-05-28T23:31:31.660+0530] {processor.py:830} INFO - Processing file /home/wsl/airflow/dags/Collect Data/covid_19_europe.py for tasks to queue
[2024-05-28T23:31:31.662+0530] {logging_mixin.py:188} INFO - [2024-05-28T23:31:31.661+0530] {dagbag.py:540} INFO - Filling up the DagBag from /home/wsl/airflow/dags/Collect Data/covid_19_europe.py
[2024-05-28T23:31:35.236+0530] {processor.py:842} WARNING - No viable dags retrieved from /home/wsl/airflow/dags/Collect Data/covid_19_europe.py
[2024-05-28T23:31:35.479+0530] {processor.py:183} INFO - Processing /home/wsl/airflow/dags/Collect Data/covid_19_europe.py took 4.150 seconds
[2024-05-28T23:32:10.059+0530] {processor.py:161} INFO - Started process (PID=275122) to work on /home/wsl/airflow/dags/Collect Data/covid_19_europe.py
[2024-05-28T23:32:10.113+0530] {processor.py:830} INFO - Processing file /home/wsl/airflow/dags/Collect Data/covid_19_europe.py for tasks to queue
[2024-05-28T23:32:10.114+0530] {logging_mixin.py:188} INFO - [2024-05-28T23:32:10.113+0530] {dagbag.py:540} INFO - Filling up the DagBag from /home/wsl/airflow/dags/Collect Data/covid_19_europe.py
[2024-05-28T23:32:11.503+0530] {processor.py:842} WARNING - No viable dags retrieved from /home/wsl/airflow/dags/Collect Data/covid_19_europe.py
[2024-05-28T23:32:11.511+0530] {processor.py:183} INFO - Processing /home/wsl/airflow/dags/Collect Data/covid_19_europe.py took 1.460 seconds
[2024-05-28T23:33:05.991+0530] {processor.py:161} INFO - Started process (PID=275512) to work on /home/wsl/airflow/dags/Collect Data/covid_19_europe.py
[2024-05-28T23:33:06.186+0530] {processor.py:830} INFO - Processing file /home/wsl/airflow/dags/Collect Data/covid_19_europe.py for tasks to queue
[2024-05-28T23:33:06.190+0530] {logging_mixin.py:188} INFO - [2024-05-28T23:33:06.188+0530] {dagbag.py:540} INFO - Filling up the DagBag from /home/wsl/airflow/dags/Collect Data/covid_19_europe.py
[2024-05-28T23:33:11.797+0530] {processor.py:842} WARNING - No viable dags retrieved from /home/wsl/airflow/dags/Collect Data/covid_19_europe.py
[2024-05-28T23:33:11.807+0530] {processor.py:183} INFO - Processing /home/wsl/airflow/dags/Collect Data/covid_19_europe.py took 5.824 seconds
[2024-05-28T23:34:04.425+0530] {processor.py:161} INFO - Started process (PID=276072) to work on /home/wsl/airflow/dags/Collect Data/covid_19_europe.py
[2024-05-28T23:34:04.427+0530] {processor.py:830} INFO - Processing file /home/wsl/airflow/dags/Collect Data/covid_19_europe.py for tasks to queue
[2024-05-28T23:34:04.428+0530] {logging_mixin.py:188} INFO - [2024-05-28T23:34:04.427+0530] {dagbag.py:540} INFO - Filling up the DagBag from /home/wsl/airflow/dags/Collect Data/covid_19_europe.py
[2024-05-28T23:34:05.607+0530] {processor.py:842} WARNING - No viable dags retrieved from /home/wsl/airflow/dags/Collect Data/covid_19_europe.py
[2024-05-28T23:34:05.618+0530] {processor.py:183} INFO - Processing /home/wsl/airflow/dags/Collect Data/covid_19_europe.py took 1.202 seconds
[2024-05-28T23:34:39.949+0530] {processor.py:161} INFO - Started process (PID=276300) to work on /home/wsl/airflow/dags/Collect Data/covid_19_europe.py
[2024-05-28T23:34:39.951+0530] {processor.py:830} INFO - Processing file /home/wsl/airflow/dags/Collect Data/covid_19_europe.py for tasks to queue
[2024-05-28T23:34:39.952+0530] {logging_mixin.py:188} INFO - [2024-05-28T23:34:39.952+0530] {dagbag.py:540} INFO - Filling up the DagBag from /home/wsl/airflow/dags/Collect Data/covid_19_europe.py
[2024-05-28T23:34:41.180+0530] {processor.py:842} WARNING - No viable dags retrieved from /home/wsl/airflow/dags/Collect Data/covid_19_europe.py
[2024-05-28T23:34:41.553+0530] {processor.py:183} INFO - Processing /home/wsl/airflow/dags/Collect Data/covid_19_europe.py took 1.616 seconds
[2024-05-28T23:35:18.330+0530] {processor.py:161} INFO - Started process (PID=276742) to work on /home/wsl/airflow/dags/Collect Data/covid_19_europe.py
[2024-05-28T23:35:18.334+0530] {processor.py:830} INFO - Processing file /home/wsl/airflow/dags/Collect Data/covid_19_europe.py for tasks to queue
[2024-05-28T23:35:18.336+0530] {logging_mixin.py:188} INFO - [2024-05-28T23:35:18.334+0530] {dagbag.py:540} INFO - Filling up the DagBag from /home/wsl/airflow/dags/Collect Data/covid_19_europe.py
[2024-05-28T23:35:19.776+0530] {processor.py:842} WARNING - No viable dags retrieved from /home/wsl/airflow/dags/Collect Data/covid_19_europe.py
[2024-05-28T23:35:20.246+0530] {processor.py:183} INFO - Processing /home/wsl/airflow/dags/Collect Data/covid_19_europe.py took 1.934 seconds
[2024-05-28T23:36:35.193+0530] {processor.py:161} INFO - Started process (PID=277246) to work on /home/wsl/airflow/dags/Collect Data/covid_19_europe.py
[2024-05-28T23:36:35.204+0530] {processor.py:830} INFO - Processing file /home/wsl/airflow/dags/Collect Data/covid_19_europe.py for tasks to queue
[2024-05-28T23:36:35.205+0530] {logging_mixin.py:188} INFO - [2024-05-28T23:36:35.205+0530] {dagbag.py:540} INFO - Filling up the DagBag from /home/wsl/airflow/dags/Collect Data/covid_19_europe.py
[2024-05-28T23:36:37.347+0530] {processor.py:842} WARNING - No viable dags retrieved from /home/wsl/airflow/dags/Collect Data/covid_19_europe.py
[2024-05-28T23:36:37.403+0530] {processor.py:183} INFO - Processing /home/wsl/airflow/dags/Collect Data/covid_19_europe.py took 2.232 seconds
[2024-05-28T23:37:46.664+0530] {processor.py:161} INFO - Started process (PID=277800) to work on /home/wsl/airflow/dags/Collect Data/covid_19_europe.py
[2024-05-28T23:37:46.666+0530] {processor.py:830} INFO - Processing file /home/wsl/airflow/dags/Collect Data/covid_19_europe.py for tasks to queue
[2024-05-28T23:37:46.667+0530] {logging_mixin.py:188} INFO - [2024-05-28T23:37:46.667+0530] {dagbag.py:540} INFO - Filling up the DagBag from /home/wsl/airflow/dags/Collect Data/covid_19_europe.py
[2024-05-28T23:37:48.706+0530] {processor.py:842} WARNING - No viable dags retrieved from /home/wsl/airflow/dags/Collect Data/covid_19_europe.py
[2024-05-28T23:37:48.742+0530] {processor.py:183} INFO - Processing /home/wsl/airflow/dags/Collect Data/covid_19_europe.py took 2.088 seconds
[2024-05-28T23:38:56.030+0530] {processor.py:161} INFO - Started process (PID=278444) to work on /home/wsl/airflow/dags/Collect Data/covid_19_europe.py
[2024-05-28T23:38:56.032+0530] {processor.py:830} INFO - Processing file /home/wsl/airflow/dags/Collect Data/covid_19_europe.py for tasks to queue
[2024-05-28T23:38:56.033+0530] {logging_mixin.py:188} INFO - [2024-05-28T23:38:56.032+0530] {dagbag.py:540} INFO - Filling up the DagBag from /home/wsl/airflow/dags/Collect Data/covid_19_europe.py
[2024-05-28T23:38:57.445+0530] {processor.py:842} WARNING - No viable dags retrieved from /home/wsl/airflow/dags/Collect Data/covid_19_europe.py
[2024-05-28T23:38:57.463+0530] {processor.py:183} INFO - Processing /home/wsl/airflow/dags/Collect Data/covid_19_europe.py took 1.445 seconds
[2024-05-28T23:39:33.663+0530] {processor.py:161} INFO - Started process (PID=278937) to work on /home/wsl/airflow/dags/Collect Data/covid_19_europe.py
[2024-05-28T23:39:33.666+0530] {processor.py:830} INFO - Processing file /home/wsl/airflow/dags/Collect Data/covid_19_europe.py for tasks to queue
[2024-05-28T23:39:33.668+0530] {logging_mixin.py:188} INFO - [2024-05-28T23:39:33.668+0530] {dagbag.py:540} INFO - Filling up the DagBag from /home/wsl/airflow/dags/Collect Data/covid_19_europe.py
[2024-05-28T23:39:35.023+0530] {processor.py:842} WARNING - No viable dags retrieved from /home/wsl/airflow/dags/Collect Data/covid_19_europe.py
[2024-05-28T23:39:35.038+0530] {processor.py:183} INFO - Processing /home/wsl/airflow/dags/Collect Data/covid_19_europe.py took 1.388 seconds
[2024-05-28T23:40:32.006+0530] {processor.py:161} INFO - Started process (PID=279624) to work on /home/wsl/airflow/dags/Collect Data/covid_19_europe.py
[2024-05-28T23:40:32.008+0530] {processor.py:830} INFO - Processing file /home/wsl/airflow/dags/Collect Data/covid_19_europe.py for tasks to queue
[2024-05-28T23:40:32.010+0530] {logging_mixin.py:188} INFO - [2024-05-28T23:40:32.009+0530] {dagbag.py:540} INFO - Filling up the DagBag from /home/wsl/airflow/dags/Collect Data/covid_19_europe.py
[2024-05-28T23:40:33.494+0530] {processor.py:842} WARNING - No viable dags retrieved from /home/wsl/airflow/dags/Collect Data/covid_19_europe.py
[2024-05-28T23:40:33.506+0530] {processor.py:183} INFO - Processing /home/wsl/airflow/dags/Collect Data/covid_19_europe.py took 1.513 seconds
[2024-05-28T23:41:17.250+0530] {processor.py:161} INFO - Started process (PID=279917) to work on /home/wsl/airflow/dags/Collect Data/covid_19_europe.py
[2024-05-28T23:41:17.254+0530] {processor.py:830} INFO - Processing file /home/wsl/airflow/dags/Collect Data/covid_19_europe.py for tasks to queue
[2024-05-28T23:41:17.256+0530] {logging_mixin.py:188} INFO - [2024-05-28T23:41:17.255+0530] {dagbag.py:540} INFO - Filling up the DagBag from /home/wsl/airflow/dags/Collect Data/covid_19_europe.py
[2024-05-28T23:41:18.434+0530] {processor.py:842} WARNING - No viable dags retrieved from /home/wsl/airflow/dags/Collect Data/covid_19_europe.py
[2024-05-28T23:41:18.443+0530] {processor.py:183} INFO - Processing /home/wsl/airflow/dags/Collect Data/covid_19_europe.py took 1.210 seconds
[2024-05-28T23:42:13.751+0530] {processor.py:161} INFO - Started process (PID=280468) to work on /home/wsl/airflow/dags/Collect Data/covid_19_europe.py
[2024-05-28T23:42:13.753+0530] {processor.py:830} INFO - Processing file /home/wsl/airflow/dags/Collect Data/covid_19_europe.py for tasks to queue
[2024-05-28T23:42:13.754+0530] {logging_mixin.py:188} INFO - [2024-05-28T23:42:13.753+0530] {dagbag.py:540} INFO - Filling up the DagBag from /home/wsl/airflow/dags/Collect Data/covid_19_europe.py
[2024-05-28T23:42:15.191+0530] {processor.py:842} WARNING - No viable dags retrieved from /home/wsl/airflow/dags/Collect Data/covid_19_europe.py
[2024-05-28T23:42:15.203+0530] {processor.py:183} INFO - Processing /home/wsl/airflow/dags/Collect Data/covid_19_europe.py took 1.460 seconds
[2024-05-28T23:42:47.211+0530] {processor.py:161} INFO - Started process (PID=280825) to work on /home/wsl/airflow/dags/Collect Data/covid_19_europe.py
[2024-05-28T23:42:47.212+0530] {processor.py:830} INFO - Processing file /home/wsl/airflow/dags/Collect Data/covid_19_europe.py for tasks to queue
[2024-05-28T23:42:47.213+0530] {logging_mixin.py:188} INFO - [2024-05-28T23:42:47.213+0530] {dagbag.py:540} INFO - Filling up the DagBag from /home/wsl/airflow/dags/Collect Data/covid_19_europe.py
[2024-05-28T23:42:48.931+0530] {processor.py:842} WARNING - No viable dags retrieved from /home/wsl/airflow/dags/Collect Data/covid_19_europe.py
[2024-05-28T23:42:48.945+0530] {processor.py:183} INFO - Processing /home/wsl/airflow/dags/Collect Data/covid_19_europe.py took 1.749 seconds
[2024-05-28T23:43:22.097+0530] {processor.py:161} INFO - Started process (PID=281284) to work on /home/wsl/airflow/dags/Collect Data/covid_19_europe.py
[2024-05-28T23:43:22.098+0530] {processor.py:830} INFO - Processing file /home/wsl/airflow/dags/Collect Data/covid_19_europe.py for tasks to queue
[2024-05-28T23:43:22.100+0530] {logging_mixin.py:188} INFO - [2024-05-28T23:43:22.099+0530] {dagbag.py:540} INFO - Filling up the DagBag from /home/wsl/airflow/dags/Collect Data/covid_19_europe.py
[2024-05-28T23:43:23.313+0530] {processor.py:842} WARNING - No viable dags retrieved from /home/wsl/airflow/dags/Collect Data/covid_19_europe.py
[2024-05-28T23:43:23.327+0530] {processor.py:183} INFO - Processing /home/wsl/airflow/dags/Collect Data/covid_19_europe.py took 1.243 seconds
[2024-05-28T23:44:04.245+0530] {processor.py:161} INFO - Started process (PID=281633) to work on /home/wsl/airflow/dags/Collect Data/covid_19_europe.py
[2024-05-28T23:44:04.247+0530] {processor.py:830} INFO - Processing file /home/wsl/airflow/dags/Collect Data/covid_19_europe.py for tasks to queue
[2024-05-28T23:44:04.249+0530] {logging_mixin.py:188} INFO - [2024-05-28T23:44:04.248+0530] {dagbag.py:540} INFO - Filling up the DagBag from /home/wsl/airflow/dags/Collect Data/covid_19_europe.py
[2024-05-28T23:44:06.111+0530] {processor.py:842} WARNING - No viable dags retrieved from /home/wsl/airflow/dags/Collect Data/covid_19_europe.py
[2024-05-28T23:44:06.126+0530] {processor.py:183} INFO - Processing /home/wsl/airflow/dags/Collect Data/covid_19_europe.py took 1.889 seconds
[2024-05-28T23:44:58.495+0530] {processor.py:161} INFO - Started process (PID=281936) to work on /home/wsl/airflow/dags/Collect Data/covid_19_europe.py
[2024-05-28T23:44:58.498+0530] {processor.py:830} INFO - Processing file /home/wsl/airflow/dags/Collect Data/covid_19_europe.py for tasks to queue
[2024-05-28T23:44:58.499+0530] {logging_mixin.py:188} INFO - [2024-05-28T23:44:58.498+0530] {dagbag.py:540} INFO - Filling up the DagBag from /home/wsl/airflow/dags/Collect Data/covid_19_europe.py
[2024-05-28T23:44:59.973+0530] {processor.py:842} WARNING - No viable dags retrieved from /home/wsl/airflow/dags/Collect Data/covid_19_europe.py
[2024-05-28T23:44:59.983+0530] {processor.py:183} INFO - Processing /home/wsl/airflow/dags/Collect Data/covid_19_europe.py took 1.496 seconds
[2024-05-28T23:46:07.327+0530] {processor.py:161} INFO - Started process (PID=282583) to work on /home/wsl/airflow/dags/Collect Data/covid_19_europe.py
[2024-05-28T23:46:07.330+0530] {processor.py:830} INFO - Processing file /home/wsl/airflow/dags/Collect Data/covid_19_europe.py for tasks to queue
[2024-05-28T23:46:07.331+0530] {logging_mixin.py:188} INFO - [2024-05-28T23:46:07.331+0530] {dagbag.py:540} INFO - Filling up the DagBag from /home/wsl/airflow/dags/Collect Data/covid_19_europe.py
[2024-05-28T23:46:08.510+0530] {processor.py:842} WARNING - No viable dags retrieved from /home/wsl/airflow/dags/Collect Data/covid_19_europe.py
[2024-05-28T23:46:08.519+0530] {processor.py:183} INFO - Processing /home/wsl/airflow/dags/Collect Data/covid_19_europe.py took 1.204 seconds
[2024-05-28T23:46:49.795+0530] {processor.py:161} INFO - Started process (PID=283073) to work on /home/wsl/airflow/dags/Collect Data/covid_19_europe.py
[2024-05-28T23:46:49.796+0530] {processor.py:830} INFO - Processing file /home/wsl/airflow/dags/Collect Data/covid_19_europe.py for tasks to queue
[2024-05-28T23:46:49.797+0530] {logging_mixin.py:188} INFO - [2024-05-28T23:46:49.797+0530] {dagbag.py:540} INFO - Filling up the DagBag from /home/wsl/airflow/dags/Collect Data/covid_19_europe.py
[2024-05-28T23:46:50.949+0530] {processor.py:842} WARNING - No viable dags retrieved from /home/wsl/airflow/dags/Collect Data/covid_19_europe.py
[2024-05-28T23:46:50.958+0530] {processor.py:183} INFO - Processing /home/wsl/airflow/dags/Collect Data/covid_19_europe.py took 1.170 seconds
[2024-05-28T23:47:28.761+0530] {processor.py:161} INFO - Started process (PID=283490) to work on /home/wsl/airflow/dags/Collect Data/covid_19_europe.py
[2024-05-28T23:47:28.764+0530] {processor.py:830} INFO - Processing file /home/wsl/airflow/dags/Collect Data/covid_19_europe.py for tasks to queue
[2024-05-28T23:47:28.766+0530] {logging_mixin.py:188} INFO - [2024-05-28T23:47:28.765+0530] {dagbag.py:540} INFO - Filling up the DagBag from /home/wsl/airflow/dags/Collect Data/covid_19_europe.py
[2024-05-28T23:47:30.066+0530] {processor.py:842} WARNING - No viable dags retrieved from /home/wsl/airflow/dags/Collect Data/covid_19_europe.py
[2024-05-28T23:47:30.080+0530] {processor.py:183} INFO - Processing /home/wsl/airflow/dags/Collect Data/covid_19_europe.py took 1.329 seconds
[2024-05-28T23:48:09.866+0530] {processor.py:161} INFO - Started process (PID=284018) to work on /home/wsl/airflow/dags/Collect Data/covid_19_europe.py
[2024-05-28T23:48:09.895+0530] {processor.py:830} INFO - Processing file /home/wsl/airflow/dags/Collect Data/covid_19_europe.py for tasks to queue
[2024-05-28T23:48:09.896+0530] {logging_mixin.py:188} INFO - [2024-05-28T23:48:09.896+0530] {dagbag.py:540} INFO - Filling up the DagBag from /home/wsl/airflow/dags/Collect Data/covid_19_europe.py
[2024-05-28T23:48:11.183+0530] {processor.py:842} WARNING - No viable dags retrieved from /home/wsl/airflow/dags/Collect Data/covid_19_europe.py
[2024-05-28T23:48:11.197+0530] {processor.py:183} INFO - Processing /home/wsl/airflow/dags/Collect Data/covid_19_europe.py took 1.350 seconds
[2024-05-28T23:49:18.395+0530] {processor.py:161} INFO - Started process (PID=285308) to work on /home/wsl/airflow/dags/Collect Data/covid_19_europe.py
[2024-05-28T23:49:18.400+0530] {processor.py:830} INFO - Processing file /home/wsl/airflow/dags/Collect Data/covid_19_europe.py for tasks to queue
[2024-05-28T23:49:18.402+0530] {logging_mixin.py:188} INFO - [2024-05-28T23:49:18.401+0530] {dagbag.py:540} INFO - Filling up the DagBag from /home/wsl/airflow/dags/Collect Data/covid_19_europe.py
[2024-05-28T23:49:19.645+0530] {processor.py:842} WARNING - No viable dags retrieved from /home/wsl/airflow/dags/Collect Data/covid_19_europe.py
[2024-05-28T23:49:19.659+0530] {processor.py:183} INFO - Processing /home/wsl/airflow/dags/Collect Data/covid_19_europe.py took 1.278 seconds
[2024-05-28T23:49:59.368+0530] {processor.py:161} INFO - Started process (PID=285613) to work on /home/wsl/airflow/dags/Collect Data/covid_19_europe.py
[2024-05-28T23:49:59.370+0530] {processor.py:830} INFO - Processing file /home/wsl/airflow/dags/Collect Data/covid_19_europe.py for tasks to queue
[2024-05-28T23:49:59.372+0530] {logging_mixin.py:188} INFO - [2024-05-28T23:49:59.371+0530] {dagbag.py:540} INFO - Filling up the DagBag from /home/wsl/airflow/dags/Collect Data/covid_19_europe.py
[2024-05-28T23:50:00.898+0530] {processor.py:842} WARNING - No viable dags retrieved from /home/wsl/airflow/dags/Collect Data/covid_19_europe.py
[2024-05-28T23:50:00.988+0530] {processor.py:183} INFO - Processing /home/wsl/airflow/dags/Collect Data/covid_19_europe.py took 1.631 seconds
[2024-05-29T00:02:43.084+0530] {processor.py:161} INFO - Started process (PID=288388) to work on /home/wsl/airflow/dags/Collect Data/covid_19_europe.py
[2024-05-29T00:02:43.085+0530] {processor.py:830} INFO - Processing file /home/wsl/airflow/dags/Collect Data/covid_19_europe.py for tasks to queue
[2024-05-29T00:02:43.088+0530] {logging_mixin.py:188} INFO - [2024-05-29T00:02:43.087+0530] {dagbag.py:540} INFO - Filling up the DagBag from /home/wsl/airflow/dags/Collect Data/covid_19_europe.py
[2024-05-29T00:02:45.467+0530] {processor.py:842} WARNING - No viable dags retrieved from /home/wsl/airflow/dags/Collect Data/covid_19_europe.py
[2024-05-29T00:02:45.486+0530] {processor.py:183} INFO - Processing /home/wsl/airflow/dags/Collect Data/covid_19_europe.py took 2.412 seconds
[2024-05-29T00:03:57.193+0530] {processor.py:161} INFO - Started process (PID=288472) to work on /home/wsl/airflow/dags/Collect Data/covid_19_europe.py
[2024-05-29T00:03:57.196+0530] {processor.py:830} INFO - Processing file /home/wsl/airflow/dags/Collect Data/covid_19_europe.py for tasks to queue
[2024-05-29T00:03:57.199+0530] {logging_mixin.py:188} INFO - [2024-05-29T00:03:57.198+0530] {dagbag.py:540} INFO - Filling up the DagBag from /home/wsl/airflow/dags/Collect Data/covid_19_europe.py
[2024-05-29T00:03:58.516+0530] {processor.py:842} WARNING - No viable dags retrieved from /home/wsl/airflow/dags/Collect Data/covid_19_europe.py
[2024-05-29T00:03:58.527+0530] {processor.py:183} INFO - Processing /home/wsl/airflow/dags/Collect Data/covid_19_europe.py took 1.348 seconds
[2024-05-29T00:04:37.426+0530] {processor.py:161} INFO - Started process (PID=288529) to work on /home/wsl/airflow/dags/Collect Data/covid_19_europe.py
[2024-05-29T00:04:37.429+0530] {processor.py:830} INFO - Processing file /home/wsl/airflow/dags/Collect Data/covid_19_europe.py for tasks to queue
[2024-05-29T00:04:37.432+0530] {logging_mixin.py:188} INFO - [2024-05-29T00:04:37.431+0530] {dagbag.py:540} INFO - Filling up the DagBag from /home/wsl/airflow/dags/Collect Data/covid_19_europe.py
[2024-05-29T00:04:38.731+0530] {processor.py:842} WARNING - No viable dags retrieved from /home/wsl/airflow/dags/Collect Data/covid_19_europe.py
[2024-05-29T00:04:38.740+0530] {processor.py:183} INFO - Processing /home/wsl/airflow/dags/Collect Data/covid_19_europe.py took 1.324 seconds
[2024-05-29T00:05:11.776+0530] {processor.py:161} INFO - Started process (PID=288675) to work on /home/wsl/airflow/dags/Collect Data/covid_19_europe.py
[2024-05-29T00:05:11.778+0530] {processor.py:830} INFO - Processing file /home/wsl/airflow/dags/Collect Data/covid_19_europe.py for tasks to queue
[2024-05-29T00:05:11.781+0530] {logging_mixin.py:188} INFO - [2024-05-29T00:05:11.781+0530] {dagbag.py:540} INFO - Filling up the DagBag from /home/wsl/airflow/dags/Collect Data/covid_19_europe.py
[2024-05-29T00:05:13.333+0530] {processor.py:842} WARNING - No viable dags retrieved from /home/wsl/airflow/dags/Collect Data/covid_19_europe.py
[2024-05-29T00:05:13.341+0530] {processor.py:183} INFO - Processing /home/wsl/airflow/dags/Collect Data/covid_19_europe.py took 1.579 seconds
[2024-05-29T00:06:20.570+0530] {processor.py:161} INFO - Started process (PID=289730) to work on /home/wsl/airflow/dags/Collect Data/covid_19_europe.py
[2024-05-29T00:06:20.595+0530] {processor.py:830} INFO - Processing file /home/wsl/airflow/dags/Collect Data/covid_19_europe.py for tasks to queue
[2024-05-29T00:06:20.600+0530] {logging_mixin.py:188} INFO - [2024-05-29T00:06:20.599+0530] {dagbag.py:540} INFO - Filling up the DagBag from /home/wsl/airflow/dags/Collect Data/covid_19_europe.py
[2024-05-29T00:06:26.370+0530] {processor.py:842} WARNING - No viable dags retrieved from /home/wsl/airflow/dags/Collect Data/covid_19_europe.py
[2024-05-29T00:06:27.014+0530] {processor.py:183} INFO - Processing /home/wsl/airflow/dags/Collect Data/covid_19_europe.py took 6.889 seconds
[2024-05-29T00:08:03.206+0530] {processor.py:161} INFO - Started process (PID=290876) to work on /home/wsl/airflow/dags/Collect Data/covid_19_europe.py
[2024-05-29T00:08:03.208+0530] {processor.py:830} INFO - Processing file /home/wsl/airflow/dags/Collect Data/covid_19_europe.py for tasks to queue
[2024-05-29T00:08:03.210+0530] {logging_mixin.py:188} INFO - [2024-05-29T00:08:03.209+0530] {dagbag.py:540} INFO - Filling up the DagBag from /home/wsl/airflow/dags/Collect Data/covid_19_europe.py
[2024-05-29T00:08:04.371+0530] {processor.py:842} WARNING - No viable dags retrieved from /home/wsl/airflow/dags/Collect Data/covid_19_europe.py
[2024-05-29T00:08:04.384+0530] {processor.py:183} INFO - Processing /home/wsl/airflow/dags/Collect Data/covid_19_europe.py took 1.196 seconds
[2024-05-29T00:08:49.503+0530] {processor.py:161} INFO - Started process (PID=291347) to work on /home/wsl/airflow/dags/Collect Data/covid_19_europe.py
[2024-05-29T00:08:49.508+0530] {processor.py:830} INFO - Processing file /home/wsl/airflow/dags/Collect Data/covid_19_europe.py for tasks to queue
[2024-05-29T00:08:49.512+0530] {logging_mixin.py:188} INFO - [2024-05-29T00:08:49.511+0530] {dagbag.py:540} INFO - Filling up the DagBag from /home/wsl/airflow/dags/Collect Data/covid_19_europe.py
[2024-05-29T00:08:50.703+0530] {processor.py:842} WARNING - No viable dags retrieved from /home/wsl/airflow/dags/Collect Data/covid_19_europe.py
[2024-05-29T00:08:50.712+0530] {processor.py:183} INFO - Processing /home/wsl/airflow/dags/Collect Data/covid_19_europe.py took 1.231 seconds
[2024-05-29T00:09:33.343+0530] {processor.py:161} INFO - Started process (PID=291743) to work on /home/wsl/airflow/dags/Collect Data/covid_19_europe.py
[2024-05-29T00:09:33.346+0530] {processor.py:830} INFO - Processing file /home/wsl/airflow/dags/Collect Data/covid_19_europe.py for tasks to queue
[2024-05-29T00:09:33.347+0530] {logging_mixin.py:188} INFO - [2024-05-29T00:09:33.347+0530] {dagbag.py:540} INFO - Filling up the DagBag from /home/wsl/airflow/dags/Collect Data/covid_19_europe.py
[2024-05-29T00:09:35.464+0530] {processor.py:842} WARNING - No viable dags retrieved from /home/wsl/airflow/dags/Collect Data/covid_19_europe.py
[2024-05-29T00:09:35.523+0530] {processor.py:183} INFO - Processing /home/wsl/airflow/dags/Collect Data/covid_19_europe.py took 2.205 seconds
[2024-05-29T00:10:21.044+0530] {processor.py:161} INFO - Started process (PID=292191) to work on /home/wsl/airflow/dags/Collect Data/covid_19_europe.py
[2024-05-29T00:10:21.046+0530] {processor.py:830} INFO - Processing file /home/wsl/airflow/dags/Collect Data/covid_19_europe.py for tasks to queue
[2024-05-29T00:10:21.049+0530] {logging_mixin.py:188} INFO - [2024-05-29T00:10:21.048+0530] {dagbag.py:540} INFO - Filling up the DagBag from /home/wsl/airflow/dags/Collect Data/covid_19_europe.py
[2024-05-29T00:10:22.389+0530] {processor.py:842} WARNING - No viable dags retrieved from /home/wsl/airflow/dags/Collect Data/covid_19_europe.py
[2024-05-29T00:10:22.401+0530] {processor.py:183} INFO - Processing /home/wsl/airflow/dags/Collect Data/covid_19_europe.py took 1.370 seconds
[2024-05-29T00:10:57.592+0530] {processor.py:161} INFO - Started process (PID=292452) to work on /home/wsl/airflow/dags/Collect Data/covid_19_europe.py
[2024-05-29T00:10:57.604+0530] {processor.py:830} INFO - Processing file /home/wsl/airflow/dags/Collect Data/covid_19_europe.py for tasks to queue
[2024-05-29T00:10:57.607+0530] {logging_mixin.py:188} INFO - [2024-05-29T00:10:57.606+0530] {dagbag.py:540} INFO - Filling up the DagBag from /home/wsl/airflow/dags/Collect Data/covid_19_europe.py
[2024-05-29T00:11:02.193+0530] {processor.py:842} WARNING - No viable dags retrieved from /home/wsl/airflow/dags/Collect Data/covid_19_europe.py
[2024-05-29T00:11:02.205+0530] {processor.py:183} INFO - Processing /home/wsl/airflow/dags/Collect Data/covid_19_europe.py took 4.636 seconds
[2024-05-29T00:11:36.679+0530] {processor.py:161} INFO - Started process (PID=292892) to work on /home/wsl/airflow/dags/Collect Data/covid_19_europe.py
[2024-05-29T00:11:36.686+0530] {processor.py:830} INFO - Processing file /home/wsl/airflow/dags/Collect Data/covid_19_europe.py for tasks to queue
[2024-05-29T00:11:36.691+0530] {logging_mixin.py:188} INFO - [2024-05-29T00:11:36.690+0530] {dagbag.py:540} INFO - Filling up the DagBag from /home/wsl/airflow/dags/Collect Data/covid_19_europe.py
[2024-05-29T00:11:43.650+0530] {processor.py:842} WARNING - No viable dags retrieved from /home/wsl/airflow/dags/Collect Data/covid_19_europe.py
[2024-05-29T00:11:45.310+0530] {processor.py:183} INFO - Processing /home/wsl/airflow/dags/Collect Data/covid_19_europe.py took 8.669 seconds
[2024-05-29T00:12:19.271+0530] {processor.py:161} INFO - Started process (PID=293540) to work on /home/wsl/airflow/dags/Collect Data/covid_19_europe.py
[2024-05-29T00:12:19.273+0530] {processor.py:830} INFO - Processing file /home/wsl/airflow/dags/Collect Data/covid_19_europe.py for tasks to queue
[2024-05-29T00:12:19.275+0530] {logging_mixin.py:188} INFO - [2024-05-29T00:12:19.274+0530] {dagbag.py:540} INFO - Filling up the DagBag from /home/wsl/airflow/dags/Collect Data/covid_19_europe.py
[2024-05-29T00:12:20.556+0530] {processor.py:842} WARNING - No viable dags retrieved from /home/wsl/airflow/dags/Collect Data/covid_19_europe.py
[2024-05-29T00:12:20.567+0530] {processor.py:183} INFO - Processing /home/wsl/airflow/dags/Collect Data/covid_19_europe.py took 1.306 seconds
[2024-05-29T00:13:19.748+0530] {processor.py:161} INFO - Started process (PID=294304) to work on /home/wsl/airflow/dags/Collect Data/covid_19_europe.py
[2024-05-29T00:13:19.750+0530] {processor.py:830} INFO - Processing file /home/wsl/airflow/dags/Collect Data/covid_19_europe.py for tasks to queue
[2024-05-29T00:13:19.752+0530] {logging_mixin.py:188} INFO - [2024-05-29T00:13:19.752+0530] {dagbag.py:540} INFO - Filling up the DagBag from /home/wsl/airflow/dags/Collect Data/covid_19_europe.py
[2024-05-29T00:13:20.887+0530] {processor.py:842} WARNING - No viable dags retrieved from /home/wsl/airflow/dags/Collect Data/covid_19_europe.py
[2024-05-29T00:13:20.930+0530] {processor.py:183} INFO - Processing /home/wsl/airflow/dags/Collect Data/covid_19_europe.py took 1.191 seconds
[2024-05-29T00:13:53.385+0530] {processor.py:161} INFO - Started process (PID=294608) to work on /home/wsl/airflow/dags/Collect Data/covid_19_europe.py
[2024-05-29T00:13:53.426+0530] {processor.py:830} INFO - Processing file /home/wsl/airflow/dags/Collect Data/covid_19_europe.py for tasks to queue
[2024-05-29T00:13:53.428+0530] {logging_mixin.py:188} INFO - [2024-05-29T00:13:53.428+0530] {dagbag.py:540} INFO - Filling up the DagBag from /home/wsl/airflow/dags/Collect Data/covid_19_europe.py
[2024-05-29T00:13:54.638+0530] {processor.py:842} WARNING - No viable dags retrieved from /home/wsl/airflow/dags/Collect Data/covid_19_europe.py
[2024-05-29T00:13:55.602+0530] {processor.py:183} INFO - Processing /home/wsl/airflow/dags/Collect Data/covid_19_europe.py took 2.242 seconds
[2024-05-29T00:14:36.205+0530] {processor.py:161} INFO - Started process (PID=295099) to work on /home/wsl/airflow/dags/Collect Data/covid_19_europe.py
[2024-05-29T00:14:36.207+0530] {processor.py:830} INFO - Processing file /home/wsl/airflow/dags/Collect Data/covid_19_europe.py for tasks to queue
[2024-05-29T00:14:36.209+0530] {logging_mixin.py:188} INFO - [2024-05-29T00:14:36.208+0530] {dagbag.py:540} INFO - Filling up the DagBag from /home/wsl/airflow/dags/Collect Data/covid_19_europe.py
[2024-05-29T00:14:37.388+0530] {processor.py:842} WARNING - No viable dags retrieved from /home/wsl/airflow/dags/Collect Data/covid_19_europe.py
[2024-05-29T00:14:37.397+0530] {processor.py:183} INFO - Processing /home/wsl/airflow/dags/Collect Data/covid_19_europe.py took 1.203 seconds
[2024-05-29T00:15:14.649+0530] {processor.py:161} INFO - Started process (PID=295327) to work on /home/wsl/airflow/dags/Collect Data/covid_19_europe.py
[2024-05-29T00:15:14.651+0530] {processor.py:830} INFO - Processing file /home/wsl/airflow/dags/Collect Data/covid_19_europe.py for tasks to queue
[2024-05-29T00:15:14.658+0530] {logging_mixin.py:188} INFO - [2024-05-29T00:15:14.657+0530] {dagbag.py:540} INFO - Filling up the DagBag from /home/wsl/airflow/dags/Collect Data/covid_19_europe.py
[2024-05-29T00:15:15.990+0530] {processor.py:842} WARNING - No viable dags retrieved from /home/wsl/airflow/dags/Collect Data/covid_19_europe.py
[2024-05-29T00:15:16.002+0530] {processor.py:183} INFO - Processing /home/wsl/airflow/dags/Collect Data/covid_19_europe.py took 1.367 seconds
[2024-05-29T00:15:53.666+0530] {processor.py:161} INFO - Started process (PID=295934) to work on /home/wsl/airflow/dags/Collect Data/covid_19_europe.py
[2024-05-29T00:15:53.757+0530] {processor.py:830} INFO - Processing file /home/wsl/airflow/dags/Collect Data/covid_19_europe.py for tasks to queue
[2024-05-29T00:15:53.760+0530] {logging_mixin.py:188} INFO - [2024-05-29T00:15:53.759+0530] {dagbag.py:540} INFO - Filling up the DagBag from /home/wsl/airflow/dags/Collect Data/covid_19_europe.py
[2024-05-29T00:15:55.116+0530] {processor.py:842} WARNING - No viable dags retrieved from /home/wsl/airflow/dags/Collect Data/covid_19_europe.py
[2024-05-29T00:15:55.132+0530] {processor.py:183} INFO - Processing /home/wsl/airflow/dags/Collect Data/covid_19_europe.py took 1.484 seconds
[2024-05-29T00:16:46.342+0530] {processor.py:161} INFO - Started process (PID=296185) to work on /home/wsl/airflow/dags/Collect Data/covid_19_europe.py
[2024-05-29T00:16:46.355+0530] {processor.py:830} INFO - Processing file /home/wsl/airflow/dags/Collect Data/covid_19_europe.py for tasks to queue
[2024-05-29T00:16:46.360+0530] {logging_mixin.py:188} INFO - [2024-05-29T00:16:46.359+0530] {dagbag.py:540} INFO - Filling up the DagBag from /home/wsl/airflow/dags/Collect Data/covid_19_europe.py
[2024-05-29T00:16:48.971+0530] {processor.py:842} WARNING - No viable dags retrieved from /home/wsl/airflow/dags/Collect Data/covid_19_europe.py
[2024-05-29T00:16:48.992+0530] {processor.py:183} INFO - Processing /home/wsl/airflow/dags/Collect Data/covid_19_europe.py took 2.699 seconds
[2024-05-29T00:17:37.243+0530] {processor.py:161} INFO - Started process (PID=296857) to work on /home/wsl/airflow/dags/Collect Data/covid_19_europe.py
[2024-05-29T00:17:37.245+0530] {processor.py:830} INFO - Processing file /home/wsl/airflow/dags/Collect Data/covid_19_europe.py for tasks to queue
[2024-05-29T00:17:37.248+0530] {logging_mixin.py:188} INFO - [2024-05-29T00:17:37.247+0530] {dagbag.py:540} INFO - Filling up the DagBag from /home/wsl/airflow/dags/Collect Data/covid_19_europe.py
[2024-05-29T00:17:39.427+0530] {processor.py:842} WARNING - No viable dags retrieved from /home/wsl/airflow/dags/Collect Data/covid_19_europe.py
[2024-05-29T00:17:39.525+0530] {processor.py:183} INFO - Processing /home/wsl/airflow/dags/Collect Data/covid_19_europe.py took 2.311 seconds
[2024-05-29T00:18:22.535+0530] {processor.py:161} INFO - Started process (PID=297300) to work on /home/wsl/airflow/dags/Collect Data/covid_19_europe.py
[2024-05-29T00:18:22.538+0530] {processor.py:830} INFO - Processing file /home/wsl/airflow/dags/Collect Data/covid_19_europe.py for tasks to queue
[2024-05-29T00:18:22.542+0530] {logging_mixin.py:188} INFO - [2024-05-29T00:18:22.541+0530] {dagbag.py:540} INFO - Filling up the DagBag from /home/wsl/airflow/dags/Collect Data/covid_19_europe.py
[2024-05-29T00:18:25.142+0530] {processor.py:842} WARNING - No viable dags retrieved from /home/wsl/airflow/dags/Collect Data/covid_19_europe.py
[2024-05-29T00:18:25.353+0530] {processor.py:183} INFO - Processing /home/wsl/airflow/dags/Collect Data/covid_19_europe.py took 2.837 seconds
[2024-05-29T00:19:06.962+0530] {processor.py:161} INFO - Started process (PID=297717) to work on /home/wsl/airflow/dags/Collect Data/covid_19_europe.py
[2024-05-29T00:19:06.965+0530] {processor.py:830} INFO - Processing file /home/wsl/airflow/dags/Collect Data/covid_19_europe.py for tasks to queue
[2024-05-29T00:19:06.967+0530] {logging_mixin.py:188} INFO - [2024-05-29T00:19:06.967+0530] {dagbag.py:540} INFO - Filling up the DagBag from /home/wsl/airflow/dags/Collect Data/covid_19_europe.py
[2024-05-29T00:19:08.119+0530] {processor.py:842} WARNING - No viable dags retrieved from /home/wsl/airflow/dags/Collect Data/covid_19_europe.py
[2024-05-29T00:19:08.131+0530] {processor.py:183} INFO - Processing /home/wsl/airflow/dags/Collect Data/covid_19_europe.py took 1.180 seconds
[2024-05-29T00:19:43.356+0530] {processor.py:161} INFO - Started process (PID=298061) to work on /home/wsl/airflow/dags/Collect Data/covid_19_europe.py
[2024-05-29T00:19:43.369+0530] {processor.py:830} INFO - Processing file /home/wsl/airflow/dags/Collect Data/covid_19_europe.py for tasks to queue
[2024-05-29T00:19:43.383+0530] {logging_mixin.py:188} INFO - [2024-05-29T00:19:43.372+0530] {dagbag.py:540} INFO - Filling up the DagBag from /home/wsl/airflow/dags/Collect Data/covid_19_europe.py
[2024-05-29T00:19:45.389+0530] {processor.py:842} WARNING - No viable dags retrieved from /home/wsl/airflow/dags/Collect Data/covid_19_europe.py
[2024-05-29T00:19:45.403+0530] {processor.py:183} INFO - Processing /home/wsl/airflow/dags/Collect Data/covid_19_europe.py took 2.073 seconds
[2024-05-29T00:20:58.514+0530] {processor.py:161} INFO - Started process (PID=298859) to work on /home/wsl/airflow/dags/Collect Data/covid_19_europe.py
[2024-05-29T00:20:58.517+0530] {processor.py:830} INFO - Processing file /home/wsl/airflow/dags/Collect Data/covid_19_europe.py for tasks to queue
[2024-05-29T00:20:58.520+0530] {logging_mixin.py:188} INFO - [2024-05-29T00:20:58.519+0530] {dagbag.py:540} INFO - Filling up the DagBag from /home/wsl/airflow/dags/Collect Data/covid_19_europe.py
[2024-05-29T00:20:59.757+0530] {processor.py:842} WARNING - No viable dags retrieved from /home/wsl/airflow/dags/Collect Data/covid_19_europe.py
[2024-05-29T00:20:59.770+0530] {processor.py:183} INFO - Processing /home/wsl/airflow/dags/Collect Data/covid_19_europe.py took 1.270 seconds
[2024-05-29T00:21:45.074+0530] {processor.py:161} INFO - Started process (PID=298896) to work on /home/wsl/airflow/dags/Collect Data/covid_19_europe.py
[2024-05-29T00:21:45.076+0530] {processor.py:830} INFO - Processing file /home/wsl/airflow/dags/Collect Data/covid_19_europe.py for tasks to queue
[2024-05-29T00:21:45.078+0530] {logging_mixin.py:188} INFO - [2024-05-29T00:21:45.078+0530] {dagbag.py:540} INFO - Filling up the DagBag from /home/wsl/airflow/dags/Collect Data/covid_19_europe.py
[2024-05-29T00:21:46.276+0530] {processor.py:842} WARNING - No viable dags retrieved from /home/wsl/airflow/dags/Collect Data/covid_19_europe.py
[2024-05-29T00:21:46.287+0530] {processor.py:183} INFO - Processing /home/wsl/airflow/dags/Collect Data/covid_19_europe.py took 1.225 seconds
[2024-05-29T00:22:18.233+0530] {processor.py:161} INFO - Started process (PID=298932) to work on /home/wsl/airflow/dags/Collect Data/covid_19_europe.py
[2024-05-29T00:22:18.235+0530] {processor.py:830} INFO - Processing file /home/wsl/airflow/dags/Collect Data/covid_19_europe.py for tasks to queue
[2024-05-29T00:22:18.237+0530] {logging_mixin.py:188} INFO - [2024-05-29T00:22:18.237+0530] {dagbag.py:540} INFO - Filling up the DagBag from /home/wsl/airflow/dags/Collect Data/covid_19_europe.py
[2024-05-29T00:22:19.383+0530] {processor.py:842} WARNING - No viable dags retrieved from /home/wsl/airflow/dags/Collect Data/covid_19_europe.py
[2024-05-29T00:22:19.395+0530] {processor.py:183} INFO - Processing /home/wsl/airflow/dags/Collect Data/covid_19_europe.py took 1.171 seconds
[2024-05-29T00:23:17.728+0530] {processor.py:161} INFO - Started process (PID=298986) to work on /home/wsl/airflow/dags/Collect Data/covid_19_europe.py
[2024-05-29T00:23:17.731+0530] {processor.py:830} INFO - Processing file /home/wsl/airflow/dags/Collect Data/covid_19_europe.py for tasks to queue
[2024-05-29T00:23:17.734+0530] {logging_mixin.py:188} INFO - [2024-05-29T00:23:17.733+0530] {dagbag.py:540} INFO - Filling up the DagBag from /home/wsl/airflow/dags/Collect Data/covid_19_europe.py
[2024-05-29T00:23:18.998+0530] {processor.py:842} WARNING - No viable dags retrieved from /home/wsl/airflow/dags/Collect Data/covid_19_europe.py
[2024-05-29T00:23:19.011+0530] {processor.py:183} INFO - Processing /home/wsl/airflow/dags/Collect Data/covid_19_europe.py took 1.306 seconds
[2024-05-29T00:24:16.578+0530] {processor.py:161} INFO - Started process (PID=299040) to work on /home/wsl/airflow/dags/Collect Data/covid_19_europe.py
[2024-05-29T00:24:16.582+0530] {processor.py:830} INFO - Processing file /home/wsl/airflow/dags/Collect Data/covid_19_europe.py for tasks to queue
[2024-05-29T00:24:16.584+0530] {logging_mixin.py:188} INFO - [2024-05-29T00:24:16.584+0530] {dagbag.py:540} INFO - Filling up the DagBag from /home/wsl/airflow/dags/Collect Data/covid_19_europe.py
[2024-05-29T00:24:17.814+0530] {processor.py:842} WARNING - No viable dags retrieved from /home/wsl/airflow/dags/Collect Data/covid_19_europe.py
[2024-05-29T00:24:17.827+0530] {processor.py:183} INFO - Processing /home/wsl/airflow/dags/Collect Data/covid_19_europe.py took 1.267 seconds
[2024-05-29T00:24:58.191+0530] {processor.py:161} INFO - Started process (PID=299747) to work on /home/wsl/airflow/dags/Collect Data/covid_19_europe.py
[2024-05-29T00:24:58.193+0530] {processor.py:830} INFO - Processing file /home/wsl/airflow/dags/Collect Data/covid_19_europe.py for tasks to queue
[2024-05-29T00:24:58.195+0530] {logging_mixin.py:188} INFO - [2024-05-29T00:24:58.195+0530] {dagbag.py:540} INFO - Filling up the DagBag from /home/wsl/airflow/dags/Collect Data/covid_19_europe.py
[2024-05-29T00:24:59.708+0530] {processor.py:842} WARNING - No viable dags retrieved from /home/wsl/airflow/dags/Collect Data/covid_19_europe.py
[2024-05-29T00:24:59.718+0530] {processor.py:183} INFO - Processing /home/wsl/airflow/dags/Collect Data/covid_19_europe.py took 1.539 seconds
[2024-05-29T00:25:45.574+0530] {processor.py:161} INFO - Started process (PID=300179) to work on /home/wsl/airflow/dags/Collect Data/covid_19_europe.py
[2024-05-29T00:25:45.914+0530] {processor.py:830} INFO - Processing file /home/wsl/airflow/dags/Collect Data/covid_19_europe.py for tasks to queue
[2024-05-29T00:25:45.917+0530] {logging_mixin.py:188} INFO - [2024-05-29T00:25:45.917+0530] {dagbag.py:540} INFO - Filling up the DagBag from /home/wsl/airflow/dags/Collect Data/covid_19_europe.py
[2024-05-29T00:25:47.089+0530] {processor.py:842} WARNING - No viable dags retrieved from /home/wsl/airflow/dags/Collect Data/covid_19_europe.py
[2024-05-29T00:25:47.125+0530] {processor.py:183} INFO - Processing /home/wsl/airflow/dags/Collect Data/covid_19_europe.py took 1.564 seconds
[2024-05-29T00:26:55.329+0530] {processor.py:161} INFO - Started process (PID=300586) to work on /home/wsl/airflow/dags/Collect Data/covid_19_europe.py
[2024-05-29T00:26:55.333+0530] {processor.py:830} INFO - Processing file /home/wsl/airflow/dags/Collect Data/covid_19_europe.py for tasks to queue
[2024-05-29T00:26:55.337+0530] {logging_mixin.py:188} INFO - [2024-05-29T00:26:55.336+0530] {dagbag.py:540} INFO - Filling up the DagBag from /home/wsl/airflow/dags/Collect Data/covid_19_europe.py
[2024-05-29T00:26:56.537+0530] {processor.py:842} WARNING - No viable dags retrieved from /home/wsl/airflow/dags/Collect Data/covid_19_europe.py
[2024-05-29T00:26:56.548+0530] {processor.py:183} INFO - Processing /home/wsl/airflow/dags/Collect Data/covid_19_europe.py took 1.234 seconds
[2024-05-29T00:27:44.340+0530] {processor.py:161} INFO - Started process (PID=300637) to work on /home/wsl/airflow/dags/Collect Data/covid_19_europe.py
[2024-05-29T00:27:44.341+0530] {processor.py:830} INFO - Processing file /home/wsl/airflow/dags/Collect Data/covid_19_europe.py for tasks to queue
[2024-05-29T00:27:44.344+0530] {logging_mixin.py:188} INFO - [2024-05-29T00:27:44.343+0530] {dagbag.py:540} INFO - Filling up the DagBag from /home/wsl/airflow/dags/Collect Data/covid_19_europe.py
[2024-05-29T00:27:45.503+0530] {processor.py:842} WARNING - No viable dags retrieved from /home/wsl/airflow/dags/Collect Data/covid_19_europe.py
[2024-05-29T00:27:45.515+0530] {processor.py:183} INFO - Processing /home/wsl/airflow/dags/Collect Data/covid_19_europe.py took 1.185 seconds
[2024-05-29T00:28:53.359+0530] {processor.py:161} INFO - Started process (PID=301580) to work on /home/wsl/airflow/dags/Collect Data/covid_19_europe.py
[2024-05-29T00:28:53.361+0530] {processor.py:830} INFO - Processing file /home/wsl/airflow/dags/Collect Data/covid_19_europe.py for tasks to queue
[2024-05-29T00:28:53.362+0530] {logging_mixin.py:188} INFO - [2024-05-29T00:28:53.362+0530] {dagbag.py:540} INFO - Filling up the DagBag from /home/wsl/airflow/dags/Collect Data/covid_19_europe.py
[2024-05-29T00:28:54.736+0530] {processor.py:842} WARNING - No viable dags retrieved from /home/wsl/airflow/dags/Collect Data/covid_19_europe.py
[2024-05-29T00:28:54.765+0530] {processor.py:183} INFO - Processing /home/wsl/airflow/dags/Collect Data/covid_19_europe.py took 1.420 seconds
[2024-05-29T00:29:33.641+0530] {processor.py:161} INFO - Started process (PID=301613) to work on /home/wsl/airflow/dags/Collect Data/covid_19_europe.py
[2024-05-29T00:29:33.643+0530] {processor.py:830} INFO - Processing file /home/wsl/airflow/dags/Collect Data/covid_19_europe.py for tasks to queue
[2024-05-29T00:29:33.646+0530] {logging_mixin.py:188} INFO - [2024-05-29T00:29:33.645+0530] {dagbag.py:540} INFO - Filling up the DagBag from /home/wsl/airflow/dags/Collect Data/covid_19_europe.py
[2024-05-29T00:29:35.029+0530] {processor.py:842} WARNING - No viable dags retrieved from /home/wsl/airflow/dags/Collect Data/covid_19_europe.py
[2024-05-29T00:29:35.112+0530] {processor.py:183} INFO - Processing /home/wsl/airflow/dags/Collect Data/covid_19_europe.py took 1.483 seconds
[2024-05-29T00:30:38.636+0530] {processor.py:161} INFO - Started process (PID=302512) to work on /home/wsl/airflow/dags/Collect Data/covid_19_europe.py
[2024-05-29T00:30:38.644+0530] {processor.py:830} INFO - Processing file /home/wsl/airflow/dags/Collect Data/covid_19_europe.py for tasks to queue
[2024-05-29T00:30:38.649+0530] {logging_mixin.py:188} INFO - [2024-05-29T00:30:38.648+0530] {dagbag.py:540} INFO - Filling up the DagBag from /home/wsl/airflow/dags/Collect Data/covid_19_europe.py
[2024-05-29T00:30:41.704+0530] {processor.py:842} WARNING - No viable dags retrieved from /home/wsl/airflow/dags/Collect Data/covid_19_europe.py
[2024-05-29T00:30:41.723+0530] {processor.py:183} INFO - Processing /home/wsl/airflow/dags/Collect Data/covid_19_europe.py took 3.111 seconds
[2024-05-29T00:31:15.219+0530] {processor.py:161} INFO - Started process (PID=302981) to work on /home/wsl/airflow/dags/Collect Data/covid_19_europe.py
[2024-05-29T00:31:15.221+0530] {processor.py:830} INFO - Processing file /home/wsl/airflow/dags/Collect Data/covid_19_europe.py for tasks to queue
[2024-05-29T00:31:15.224+0530] {logging_mixin.py:188} INFO - [2024-05-29T00:31:15.223+0530] {dagbag.py:540} INFO - Filling up the DagBag from /home/wsl/airflow/dags/Collect Data/covid_19_europe.py
[2024-05-29T00:31:16.483+0530] {processor.py:842} WARNING - No viable dags retrieved from /home/wsl/airflow/dags/Collect Data/covid_19_europe.py
[2024-05-29T00:31:16.602+0530] {processor.py:183} INFO - Processing /home/wsl/airflow/dags/Collect Data/covid_19_europe.py took 1.397 seconds
[2024-05-29T00:31:55.014+0530] {processor.py:161} INFO - Started process (PID=303416) to work on /home/wsl/airflow/dags/Collect Data/covid_19_europe.py
[2024-05-29T00:31:55.016+0530] {processor.py:830} INFO - Processing file /home/wsl/airflow/dags/Collect Data/covid_19_europe.py for tasks to queue
[2024-05-29T00:31:55.019+0530] {logging_mixin.py:188} INFO - [2024-05-29T00:31:55.018+0530] {dagbag.py:540} INFO - Filling up the DagBag from /home/wsl/airflow/dags/Collect Data/covid_19_europe.py
[2024-05-29T00:31:56.167+0530] {processor.py:842} WARNING - No viable dags retrieved from /home/wsl/airflow/dags/Collect Data/covid_19_europe.py
[2024-05-29T00:31:56.184+0530] {processor.py:183} INFO - Processing /home/wsl/airflow/dags/Collect Data/covid_19_europe.py took 1.182 seconds
[2024-05-29T00:32:36.627+0530] {processor.py:161} INFO - Started process (PID=303795) to work on /home/wsl/airflow/dags/Collect Data/covid_19_europe.py
[2024-05-29T00:32:36.629+0530] {processor.py:830} INFO - Processing file /home/wsl/airflow/dags/Collect Data/covid_19_europe.py for tasks to queue
[2024-05-29T00:32:36.631+0530] {logging_mixin.py:188} INFO - [2024-05-29T00:32:36.630+0530] {dagbag.py:540} INFO - Filling up the DagBag from /home/wsl/airflow/dags/Collect Data/covid_19_europe.py
[2024-05-29T00:32:37.752+0530] {processor.py:842} WARNING - No viable dags retrieved from /home/wsl/airflow/dags/Collect Data/covid_19_europe.py
[2024-05-29T00:32:37.762+0530] {processor.py:183} INFO - Processing /home/wsl/airflow/dags/Collect Data/covid_19_europe.py took 1.146 seconds
[2024-05-29T00:33:13.472+0530] {processor.py:161} INFO - Started process (PID=304289) to work on /home/wsl/airflow/dags/Collect Data/covid_19_europe.py
[2024-05-29T00:33:13.474+0530] {processor.py:830} INFO - Processing file /home/wsl/airflow/dags/Collect Data/covid_19_europe.py for tasks to queue
[2024-05-29T00:33:13.477+0530] {logging_mixin.py:188} INFO - [2024-05-29T00:33:13.477+0530] {dagbag.py:540} INFO - Filling up the DagBag from /home/wsl/airflow/dags/Collect Data/covid_19_europe.py
[2024-05-29T00:33:14.671+0530] {processor.py:842} WARNING - No viable dags retrieved from /home/wsl/airflow/dags/Collect Data/covid_19_europe.py
[2024-05-29T00:33:14.682+0530] {processor.py:183} INFO - Processing /home/wsl/airflow/dags/Collect Data/covid_19_europe.py took 1.226 seconds
[2024-05-29T00:33:50.631+0530] {processor.py:161} INFO - Started process (PID=304658) to work on /home/wsl/airflow/dags/Collect Data/covid_19_europe.py
[2024-05-29T00:33:50.634+0530] {processor.py:830} INFO - Processing file /home/wsl/airflow/dags/Collect Data/covid_19_europe.py for tasks to queue
[2024-05-29T00:33:50.636+0530] {logging_mixin.py:188} INFO - [2024-05-29T00:33:50.636+0530] {dagbag.py:540} INFO - Filling up the DagBag from /home/wsl/airflow/dags/Collect Data/covid_19_europe.py
[2024-05-29T00:33:51.740+0530] {processor.py:842} WARNING - No viable dags retrieved from /home/wsl/airflow/dags/Collect Data/covid_19_europe.py
[2024-05-29T00:33:51.751+0530] {processor.py:183} INFO - Processing /home/wsl/airflow/dags/Collect Data/covid_19_europe.py took 1.138 seconds
[2024-05-29T00:34:25.807+0530] {processor.py:161} INFO - Started process (PID=304998) to work on /home/wsl/airflow/dags/Collect Data/covid_19_europe.py
[2024-05-29T00:34:25.820+0530] {processor.py:830} INFO - Processing file /home/wsl/airflow/dags/Collect Data/covid_19_europe.py for tasks to queue
[2024-05-29T00:34:25.824+0530] {logging_mixin.py:188} INFO - [2024-05-29T00:34:25.824+0530] {dagbag.py:540} INFO - Filling up the DagBag from /home/wsl/airflow/dags/Collect Data/covid_19_europe.py
[2024-05-29T00:34:29.213+0530] {processor.py:842} WARNING - No viable dags retrieved from /home/wsl/airflow/dags/Collect Data/covid_19_europe.py
[2024-05-29T00:34:29.228+0530] {processor.py:183} INFO - Processing /home/wsl/airflow/dags/Collect Data/covid_19_europe.py took 3.411 seconds
[2024-05-29T00:35:33.547+0530] {processor.py:161} INFO - Started process (PID=305820) to work on /home/wsl/airflow/dags/Collect Data/covid_19_europe.py
[2024-05-29T00:35:33.549+0530] {processor.py:830} INFO - Processing file /home/wsl/airflow/dags/Collect Data/covid_19_europe.py for tasks to queue
[2024-05-29T00:35:33.551+0530] {logging_mixin.py:188} INFO - [2024-05-29T00:35:33.551+0530] {dagbag.py:540} INFO - Filling up the DagBag from /home/wsl/airflow/dags/Collect Data/covid_19_europe.py
[2024-05-29T00:35:34.692+0530] {processor.py:842} WARNING - No viable dags retrieved from /home/wsl/airflow/dags/Collect Data/covid_19_europe.py
[2024-05-29T00:35:34.703+0530] {processor.py:183} INFO - Processing /home/wsl/airflow/dags/Collect Data/covid_19_europe.py took 1.166 seconds
[2024-05-29T00:36:08.900+0530] {processor.py:161} INFO - Started process (PID=306144) to work on /home/wsl/airflow/dags/Collect Data/covid_19_europe.py
[2024-05-29T00:36:08.902+0530] {processor.py:830} INFO - Processing file /home/wsl/airflow/dags/Collect Data/covid_19_europe.py for tasks to queue
[2024-05-29T00:36:08.904+0530] {logging_mixin.py:188} INFO - [2024-05-29T00:36:08.904+0530] {dagbag.py:540} INFO - Filling up the DagBag from /home/wsl/airflow/dags/Collect Data/covid_19_europe.py
[2024-05-29T00:36:10.000+0530] {processor.py:842} WARNING - No viable dags retrieved from /home/wsl/airflow/dags/Collect Data/covid_19_europe.py
[2024-05-29T00:36:10.013+0530] {processor.py:183} INFO - Processing /home/wsl/airflow/dags/Collect Data/covid_19_europe.py took 1.123 seconds
[2024-05-29T00:36:43.030+0530] {processor.py:161} INFO - Started process (PID=306560) to work on /home/wsl/airflow/dags/Collect Data/covid_19_europe.py
[2024-05-29T00:36:43.032+0530] {processor.py:830} INFO - Processing file /home/wsl/airflow/dags/Collect Data/covid_19_europe.py for tasks to queue
[2024-05-29T00:36:43.035+0530] {logging_mixin.py:188} INFO - [2024-05-29T00:36:43.034+0530] {dagbag.py:540} INFO - Filling up the DagBag from /home/wsl/airflow/dags/Collect Data/covid_19_europe.py
[2024-05-29T00:36:44.974+0530] {processor.py:842} WARNING - No viable dags retrieved from /home/wsl/airflow/dags/Collect Data/covid_19_europe.py
[2024-05-29T00:36:44.983+0530] {processor.py:183} INFO - Processing /home/wsl/airflow/dags/Collect Data/covid_19_europe.py took 1.975 seconds
[2024-05-29T00:37:44.450+0530] {processor.py:161} INFO - Started process (PID=307244) to work on /home/wsl/airflow/dags/Collect Data/covid_19_europe.py
[2024-05-29T00:37:44.451+0530] {processor.py:830} INFO - Processing file /home/wsl/airflow/dags/Collect Data/covid_19_europe.py for tasks to queue
[2024-05-29T00:37:44.454+0530] {logging_mixin.py:188} INFO - [2024-05-29T00:37:44.453+0530] {dagbag.py:540} INFO - Filling up the DagBag from /home/wsl/airflow/dags/Collect Data/covid_19_europe.py
[2024-05-29T00:37:45.840+0530] {processor.py:842} WARNING - No viable dags retrieved from /home/wsl/airflow/dags/Collect Data/covid_19_europe.py
[2024-05-29T00:37:45.851+0530] {processor.py:183} INFO - Processing /home/wsl/airflow/dags/Collect Data/covid_19_europe.py took 1.416 seconds
[2024-05-29T01:06:18.804+0530] {processor.py:161} INFO - Started process (PID=307672) to work on /home/wsl/airflow/dags/Collect Data/covid_19_europe.py
[2024-05-29T01:06:18.847+0530] {processor.py:830} INFO - Processing file /home/wsl/airflow/dags/Collect Data/covid_19_europe.py for tasks to queue
[2024-05-29T01:06:18.864+0530] {logging_mixin.py:188} INFO - [2024-05-29T01:06:18.853+0530] {dagbag.py:540} INFO - Filling up the DagBag from /home/wsl/airflow/dags/Collect Data/covid_19_europe.py
[2024-05-29T01:06:28.077+0530] {processor.py:842} WARNING - No viable dags retrieved from /home/wsl/airflow/dags/Collect Data/covid_19_europe.py
[2024-05-29T01:06:28.138+0530] {processor.py:183} INFO - Processing /home/wsl/airflow/dags/Collect Data/covid_19_europe.py took 9.362 seconds
[2024-05-29T01:07:42.705+0530] {processor.py:161} INFO - Started process (PID=309465) to work on /home/wsl/airflow/dags/Collect Data/covid_19_europe.py
[2024-05-29T01:07:42.708+0530] {processor.py:830} INFO - Processing file /home/wsl/airflow/dags/Collect Data/covid_19_europe.py for tasks to queue
[2024-05-29T01:07:42.712+0530] {logging_mixin.py:188} INFO - [2024-05-29T01:07:42.711+0530] {dagbag.py:540} INFO - Filling up the DagBag from /home/wsl/airflow/dags/Collect Data/covid_19_europe.py
[2024-05-29T01:07:44.249+0530] {processor.py:842} WARNING - No viable dags retrieved from /home/wsl/airflow/dags/Collect Data/covid_19_europe.py
[2024-05-29T01:07:44.263+0530] {processor.py:183} INFO - Processing /home/wsl/airflow/dags/Collect Data/covid_19_europe.py took 1.578 seconds
[2024-05-29T01:08:31.942+0530] {processor.py:161} INFO - Started process (PID=309891) to work on /home/wsl/airflow/dags/Collect Data/covid_19_europe.py
[2024-05-29T01:08:31.946+0530] {processor.py:830} INFO - Processing file /home/wsl/airflow/dags/Collect Data/covid_19_europe.py for tasks to queue
[2024-05-29T01:08:31.951+0530] {logging_mixin.py:188} INFO - [2024-05-29T01:08:31.949+0530] {dagbag.py:540} INFO - Filling up the DagBag from /home/wsl/airflow/dags/Collect Data/covid_19_europe.py
[2024-05-29T01:08:33.354+0530] {processor.py:842} WARNING - No viable dags retrieved from /home/wsl/airflow/dags/Collect Data/covid_19_europe.py
[2024-05-29T01:08:33.364+0530] {processor.py:183} INFO - Processing /home/wsl/airflow/dags/Collect Data/covid_19_europe.py took 1.450 seconds
[2024-05-29T01:09:22.470+0530] {processor.py:161} INFO - Started process (PID=310510) to work on /home/wsl/airflow/dags/Collect Data/covid_19_europe.py
[2024-05-29T01:09:22.485+0530] {processor.py:830} INFO - Processing file /home/wsl/airflow/dags/Collect Data/covid_19_europe.py for tasks to queue
[2024-05-29T01:09:22.489+0530] {logging_mixin.py:188} INFO - [2024-05-29T01:09:22.488+0530] {dagbag.py:540} INFO - Filling up the DagBag from /home/wsl/airflow/dags/Collect Data/covid_19_europe.py
[2024-05-29T01:09:24.207+0530] {processor.py:842} WARNING - No viable dags retrieved from /home/wsl/airflow/dags/Collect Data/covid_19_europe.py
[2024-05-29T01:09:24.218+0530] {processor.py:183} INFO - Processing /home/wsl/airflow/dags/Collect Data/covid_19_europe.py took 1.764 seconds
