[2024-04-30T18:24:41.264+0530] {local_task_job_runner.py:120} INFO - ::group::Pre task execution logs
[2024-04-30T18:24:41.288+0530] {taskinstance.py:2073} INFO - Dependencies all met for dep_context=non-requeueable deps ti=<TaskInstance: example_bash_operator.runme_2 scheduled__2024-04-29T00:00:00+00:00 [queued]>
[2024-04-30T18:24:41.295+0530] {taskinstance.py:2073} INFO - Dependencies all met for dep_context=requeueable deps ti=<TaskInstance: example_bash_operator.runme_2 scheduled__2024-04-29T00:00:00+00:00 [queued]>
[2024-04-30T18:24:41.295+0530] {taskinstance.py:2303} INFO - Starting attempt 1 of 1
[2024-04-30T18:24:41.314+0530] {taskinstance.py:2327} INFO - Executing <Task(BashOperator): runme_2> on 2024-04-29 00:00:00+00:00
[2024-04-30T18:24:41.317+0530] {standard_task_runner.py:63} INFO - Started process 1803 to run task
[2024-04-30T18:24:41.321+0530] {standard_task_runner.py:90} INFO - Running: ['airflow', 'tasks', 'run', 'example_bash_operator', 'runme_2', 'scheduled__2024-04-29T00:00:00+00:00', '--job-id', '5', '--raw', '--subdir', '/home/wsl/airflow_venv/lib/python3.10/site-packages/airflow/example_dags/example_bash_operator.py', '--cfg-path', '/tmp/tmp077iwurj']
[2024-04-30T18:24:41.322+0530] {standard_task_runner.py:91} INFO - Job 5: Subtask runme_2
[2024-04-30T18:24:41.369+0530] {task_command.py:426} INFO - Running <TaskInstance: example_bash_operator.runme_2 scheduled__2024-04-29T00:00:00+00:00 [running]> on host DESKTOP-J05K55U.
[2024-04-30T18:24:41.444+0530] {taskinstance.py:2644} INFO - Exporting env vars: AIRFLOW_CTX_DAG_OWNER='airflow' AIRFLOW_CTX_DAG_ID='example_bash_operator' AIRFLOW_CTX_TASK_ID='runme_2' AIRFLOW_CTX_EXECUTION_DATE='2024-04-29T00:00:00+00:00' AIRFLOW_CTX_TRY_NUMBER='1' AIRFLOW_CTX_DAG_RUN_ID='scheduled__2024-04-29T00:00:00+00:00'
[2024-04-30T18:24:41.445+0530] {taskinstance.py:430} INFO - ::endgroup::
[2024-04-30T18:24:41.446+0530] {subprocess.py:63} INFO - Tmp dir root location: /tmp
[2024-04-30T18:24:41.446+0530] {subprocess.py:75} INFO - Running command: ['/usr/bin/bash', '-c', 'echo "example_bash_operator__runme_2__20240429" && sleep 1']
[2024-04-30T18:24:41.452+0530] {subprocess.py:86} INFO - Output:
[2024-04-30T18:24:41.453+0530] {subprocess.py:93} INFO - example_bash_operator__runme_2__20240429
[2024-04-30T18:24:42.455+0530] {subprocess.py:97} INFO - Command exited with return code 0
[2024-04-30T18:24:42.457+0530] {taskinstance.py:441} INFO - ::group::Post task execution logs
[2024-04-30T18:24:42.501+0530] {taskinstance.py:1205} INFO - Marking task as SUCCESS. dag_id=example_bash_operator, task_id=runme_2, execution_date=20240429T000000, start_date=20240430T125441, end_date=20240430T125442
[2024-04-30T18:24:42.541+0530] {local_task_job_runner.py:240} INFO - Task exited with return code 0
[2024-04-30T18:24:42.563+0530] {taskinstance.py:3482} INFO - 1 downstream tasks scheduled from follow-on schedule check
[2024-04-30T18:24:42.574+0530] {local_task_job_runner.py:222} INFO - ::endgroup::
