[2024-05-25T03:32:44.768+0530] {processor.py:161} INFO - Started process (PID=1224) to work on /home/wsl/airflow_venv/lib/python3.10/site-packages/airflow/example_dags/plugins/listener_plugin.py
[2024-05-25T03:32:44.769+0530] {processor.py:830} INFO - Processing file /home/wsl/airflow_venv/lib/python3.10/site-packages/airflow/example_dags/plugins/listener_plugin.py for tasks to queue
[2024-05-25T03:32:44.773+0530] {logging_mixin.py:188} INFO - [2024-05-25T03:32:44.772+0530] {dagbag.py:540} INFO - Filling up the DagBag from /home/wsl/airflow_venv/lib/python3.10/site-packages/airflow/example_dags/plugins/listener_plugin.py
[2024-05-25T03:32:44.781+0530] {processor.py:842} WARNING - No viable dags retrieved from /home/wsl/airflow_venv/lib/python3.10/site-packages/airflow/example_dags/plugins/listener_plugin.py
[2024-05-25T03:32:44.804+0530] {processor.py:183} INFO - Processing /home/wsl/airflow_venv/lib/python3.10/site-packages/airflow/example_dags/plugins/listener_plugin.py took 0.053 seconds
[2024-05-25T03:34:19.032+0530] {processor.py:161} INFO - Started process (PID=1635) to work on /home/wsl/airflow_venv/lib/python3.10/site-packages/airflow/example_dags/plugins/listener_plugin.py
[2024-05-25T03:34:19.035+0530] {processor.py:830} INFO - Processing file /home/wsl/airflow_venv/lib/python3.10/site-packages/airflow/example_dags/plugins/listener_plugin.py for tasks to queue
[2024-05-25T03:34:19.046+0530] {logging_mixin.py:188} INFO - [2024-05-25T03:34:19.046+0530] {dagbag.py:540} INFO - Filling up the DagBag from /home/wsl/airflow_venv/lib/python3.10/site-packages/airflow/example_dags/plugins/listener_plugin.py
[2024-05-25T03:34:19.061+0530] {processor.py:842} WARNING - No viable dags retrieved from /home/wsl/airflow_venv/lib/python3.10/site-packages/airflow/example_dags/plugins/listener_plugin.py
[2024-05-25T03:34:19.119+0530] {processor.py:183} INFO - Processing /home/wsl/airflow_venv/lib/python3.10/site-packages/airflow/example_dags/plugins/listener_plugin.py took 0.107 seconds
[2024-05-25T03:35:28.816+0530] {processor.py:161} INFO - Started process (PID=1968) to work on /home/wsl/airflow_venv/lib/python3.10/site-packages/airflow/example_dags/plugins/listener_plugin.py
[2024-05-25T03:35:28.820+0530] {processor.py:830} INFO - Processing file /home/wsl/airflow_venv/lib/python3.10/site-packages/airflow/example_dags/plugins/listener_plugin.py for tasks to queue
[2024-05-25T03:35:28.822+0530] {logging_mixin.py:188} INFO - [2024-05-25T03:35:28.822+0530] {dagbag.py:540} INFO - Filling up the DagBag from /home/wsl/airflow_venv/lib/python3.10/site-packages/airflow/example_dags/plugins/listener_plugin.py
[2024-05-25T03:35:28.825+0530] {processor.py:842} WARNING - No viable dags retrieved from /home/wsl/airflow_venv/lib/python3.10/site-packages/airflow/example_dags/plugins/listener_plugin.py
[2024-05-25T03:35:28.837+0530] {processor.py:183} INFO - Processing /home/wsl/airflow_venv/lib/python3.10/site-packages/airflow/example_dags/plugins/listener_plugin.py took 0.028 seconds
[2024-05-25T03:36:26.651+0530] {processor.py:161} INFO - Started process (PID=2241) to work on /home/wsl/airflow_venv/lib/python3.10/site-packages/airflow/example_dags/plugins/listener_plugin.py
[2024-05-25T03:36:26.653+0530] {processor.py:830} INFO - Processing file /home/wsl/airflow_venv/lib/python3.10/site-packages/airflow/example_dags/plugins/listener_plugin.py for tasks to queue
[2024-05-25T03:36:26.655+0530] {logging_mixin.py:188} INFO - [2024-05-25T03:36:26.655+0530] {dagbag.py:540} INFO - Filling up the DagBag from /home/wsl/airflow_venv/lib/python3.10/site-packages/airflow/example_dags/plugins/listener_plugin.py
[2024-05-25T03:36:26.659+0530] {processor.py:842} WARNING - No viable dags retrieved from /home/wsl/airflow_venv/lib/python3.10/site-packages/airflow/example_dags/plugins/listener_plugin.py
[2024-05-25T03:36:26.673+0530] {processor.py:183} INFO - Processing /home/wsl/airflow_venv/lib/python3.10/site-packages/airflow/example_dags/plugins/listener_plugin.py took 0.030 seconds
[2024-05-25T03:37:18.760+0530] {processor.py:161} INFO - Started process (PID=2489) to work on /home/wsl/airflow_venv/lib/python3.10/site-packages/airflow/example_dags/plugins/listener_plugin.py
[2024-05-25T03:37:18.764+0530] {processor.py:830} INFO - Processing file /home/wsl/airflow_venv/lib/python3.10/site-packages/airflow/example_dags/plugins/listener_plugin.py for tasks to queue
[2024-05-25T03:37:18.768+0530] {logging_mixin.py:188} INFO - [2024-05-25T03:37:18.767+0530] {dagbag.py:540} INFO - Filling up the DagBag from /home/wsl/airflow_venv/lib/python3.10/site-packages/airflow/example_dags/plugins/listener_plugin.py
[2024-05-25T03:37:18.773+0530] {processor.py:842} WARNING - No viable dags retrieved from /home/wsl/airflow_venv/lib/python3.10/site-packages/airflow/example_dags/plugins/listener_plugin.py
[2024-05-25T03:37:18.785+0530] {processor.py:183} INFO - Processing /home/wsl/airflow_venv/lib/python3.10/site-packages/airflow/example_dags/plugins/listener_plugin.py took 0.039 seconds
[2024-05-25T03:38:09.264+0530] {processor.py:161} INFO - Started process (PID=2728) to work on /home/wsl/airflow_venv/lib/python3.10/site-packages/airflow/example_dags/plugins/listener_plugin.py
[2024-05-25T03:38:09.266+0530] {processor.py:830} INFO - Processing file /home/wsl/airflow_venv/lib/python3.10/site-packages/airflow/example_dags/plugins/listener_plugin.py for tasks to queue
[2024-05-25T03:38:09.268+0530] {logging_mixin.py:188} INFO - [2024-05-25T03:38:09.267+0530] {dagbag.py:540} INFO - Filling up the DagBag from /home/wsl/airflow_venv/lib/python3.10/site-packages/airflow/example_dags/plugins/listener_plugin.py
[2024-05-25T03:38:09.271+0530] {processor.py:842} WARNING - No viable dags retrieved from /home/wsl/airflow_venv/lib/python3.10/site-packages/airflow/example_dags/plugins/listener_plugin.py
[2024-05-25T03:38:09.283+0530] {processor.py:183} INFO - Processing /home/wsl/airflow_venv/lib/python3.10/site-packages/airflow/example_dags/plugins/listener_plugin.py took 0.030 seconds
[2024-05-25T03:38:58.111+0530] {processor.py:161} INFO - Started process (PID=2960) to work on /home/wsl/airflow_venv/lib/python3.10/site-packages/airflow/example_dags/plugins/listener_plugin.py
[2024-05-25T03:38:58.125+0530] {processor.py:830} INFO - Processing file /home/wsl/airflow_venv/lib/python3.10/site-packages/airflow/example_dags/plugins/listener_plugin.py for tasks to queue
[2024-05-25T03:38:58.127+0530] {logging_mixin.py:188} INFO - [2024-05-25T03:38:58.127+0530] {dagbag.py:540} INFO - Filling up the DagBag from /home/wsl/airflow_venv/lib/python3.10/site-packages/airflow/example_dags/plugins/listener_plugin.py
[2024-05-25T03:38:58.130+0530] {processor.py:842} WARNING - No viable dags retrieved from /home/wsl/airflow_venv/lib/python3.10/site-packages/airflow/example_dags/plugins/listener_plugin.py
[2024-05-25T03:38:58.151+0530] {processor.py:183} INFO - Processing /home/wsl/airflow_venv/lib/python3.10/site-packages/airflow/example_dags/plugins/listener_plugin.py took 0.047 seconds
[2024-05-25T03:39:56.220+0530] {processor.py:161} INFO - Started process (PID=3323) to work on /home/wsl/airflow_venv/lib/python3.10/site-packages/airflow/example_dags/plugins/listener_plugin.py
[2024-05-25T03:39:56.222+0530] {processor.py:830} INFO - Processing file /home/wsl/airflow_venv/lib/python3.10/site-packages/airflow/example_dags/plugins/listener_plugin.py for tasks to queue
[2024-05-25T03:39:56.225+0530] {logging_mixin.py:188} INFO - [2024-05-25T03:39:56.224+0530] {dagbag.py:540} INFO - Filling up the DagBag from /home/wsl/airflow_venv/lib/python3.10/site-packages/airflow/example_dags/plugins/listener_plugin.py
[2024-05-25T03:39:56.229+0530] {processor.py:842} WARNING - No viable dags retrieved from /home/wsl/airflow_venv/lib/python3.10/site-packages/airflow/example_dags/plugins/listener_plugin.py
[2024-05-25T03:39:56.248+0530] {processor.py:183} INFO - Processing /home/wsl/airflow_venv/lib/python3.10/site-packages/airflow/example_dags/plugins/listener_plugin.py took 0.043 seconds
[2024-05-25T03:40:56.627+0530] {processor.py:161} INFO - Started process (PID=3605) to work on /home/wsl/airflow_venv/lib/python3.10/site-packages/airflow/example_dags/plugins/listener_plugin.py
[2024-05-25T03:40:56.629+0530] {processor.py:830} INFO - Processing file /home/wsl/airflow_venv/lib/python3.10/site-packages/airflow/example_dags/plugins/listener_plugin.py for tasks to queue
[2024-05-25T03:40:56.633+0530] {logging_mixin.py:188} INFO - [2024-05-25T03:40:56.632+0530] {dagbag.py:540} INFO - Filling up the DagBag from /home/wsl/airflow_venv/lib/python3.10/site-packages/airflow/example_dags/plugins/listener_plugin.py
[2024-05-25T03:40:56.638+0530] {processor.py:842} WARNING - No viable dags retrieved from /home/wsl/airflow_venv/lib/python3.10/site-packages/airflow/example_dags/plugins/listener_plugin.py
[2024-05-25T03:40:56.653+0530] {processor.py:183} INFO - Processing /home/wsl/airflow_venv/lib/python3.10/site-packages/airflow/example_dags/plugins/listener_plugin.py took 0.039 seconds
[2024-05-25T03:41:49.000+0530] {processor.py:161} INFO - Started process (PID=3851) to work on /home/wsl/airflow_venv/lib/python3.10/site-packages/airflow/example_dags/plugins/listener_plugin.py
[2024-05-25T03:41:49.002+0530] {processor.py:830} INFO - Processing file /home/wsl/airflow_venv/lib/python3.10/site-packages/airflow/example_dags/plugins/listener_plugin.py for tasks to queue
[2024-05-25T03:41:49.004+0530] {logging_mixin.py:188} INFO - [2024-05-25T03:41:49.004+0530] {dagbag.py:540} INFO - Filling up the DagBag from /home/wsl/airflow_venv/lib/python3.10/site-packages/airflow/example_dags/plugins/listener_plugin.py
[2024-05-25T03:41:49.007+0530] {processor.py:842} WARNING - No viable dags retrieved from /home/wsl/airflow_venv/lib/python3.10/site-packages/airflow/example_dags/plugins/listener_plugin.py
[2024-05-25T03:41:49.019+0530] {processor.py:183} INFO - Processing /home/wsl/airflow_venv/lib/python3.10/site-packages/airflow/example_dags/plugins/listener_plugin.py took 0.033 seconds
[2024-05-25T03:42:44.856+0530] {processor.py:161} INFO - Started process (PID=4117) to work on /home/wsl/airflow_venv/lib/python3.10/site-packages/airflow/example_dags/plugins/listener_plugin.py
[2024-05-25T03:42:44.858+0530] {processor.py:830} INFO - Processing file /home/wsl/airflow_venv/lib/python3.10/site-packages/airflow/example_dags/plugins/listener_plugin.py for tasks to queue
[2024-05-25T03:42:44.861+0530] {logging_mixin.py:188} INFO - [2024-05-25T03:42:44.861+0530] {dagbag.py:540} INFO - Filling up the DagBag from /home/wsl/airflow_venv/lib/python3.10/site-packages/airflow/example_dags/plugins/listener_plugin.py
[2024-05-25T03:42:44.867+0530] {processor.py:842} WARNING - No viable dags retrieved from /home/wsl/airflow_venv/lib/python3.10/site-packages/airflow/example_dags/plugins/listener_plugin.py
[2024-05-25T03:42:44.889+0530] {processor.py:183} INFO - Processing /home/wsl/airflow_venv/lib/python3.10/site-packages/airflow/example_dags/plugins/listener_plugin.py took 0.045 seconds
[2024-05-25T03:43:34.126+0530] {processor.py:161} INFO - Started process (PID=4352) to work on /home/wsl/airflow_venv/lib/python3.10/site-packages/airflow/example_dags/plugins/listener_plugin.py
[2024-05-25T03:43:34.131+0530] {processor.py:830} INFO - Processing file /home/wsl/airflow_venv/lib/python3.10/site-packages/airflow/example_dags/plugins/listener_plugin.py for tasks to queue
[2024-05-25T03:43:34.133+0530] {logging_mixin.py:188} INFO - [2024-05-25T03:43:34.133+0530] {dagbag.py:540} INFO - Filling up the DagBag from /home/wsl/airflow_venv/lib/python3.10/site-packages/airflow/example_dags/plugins/listener_plugin.py
[2024-05-25T03:43:34.137+0530] {processor.py:842} WARNING - No viable dags retrieved from /home/wsl/airflow_venv/lib/python3.10/site-packages/airflow/example_dags/plugins/listener_plugin.py
[2024-05-25T03:43:34.153+0530] {processor.py:183} INFO - Processing /home/wsl/airflow_venv/lib/python3.10/site-packages/airflow/example_dags/plugins/listener_plugin.py took 0.034 seconds
[2024-05-25T03:44:50.147+0530] {processor.py:161} INFO - Started process (PID=4666) to work on /home/wsl/airflow_venv/lib/python3.10/site-packages/airflow/example_dags/plugins/listener_plugin.py
[2024-05-25T03:44:50.149+0530] {processor.py:830} INFO - Processing file /home/wsl/airflow_venv/lib/python3.10/site-packages/airflow/example_dags/plugins/listener_plugin.py for tasks to queue
[2024-05-25T03:44:50.151+0530] {logging_mixin.py:188} INFO - [2024-05-25T03:44:50.151+0530] {dagbag.py:540} INFO - Filling up the DagBag from /home/wsl/airflow_venv/lib/python3.10/site-packages/airflow/example_dags/plugins/listener_plugin.py
[2024-05-25T03:44:50.154+0530] {processor.py:842} WARNING - No viable dags retrieved from /home/wsl/airflow_venv/lib/python3.10/site-packages/airflow/example_dags/plugins/listener_plugin.py
[2024-05-25T03:44:50.171+0530] {processor.py:183} INFO - Processing /home/wsl/airflow_venv/lib/python3.10/site-packages/airflow/example_dags/plugins/listener_plugin.py took 0.034 seconds
[2024-05-25T03:45:56.831+0530] {processor.py:161} INFO - Started process (PID=4939) to work on /home/wsl/airflow_venv/lib/python3.10/site-packages/airflow/example_dags/plugins/listener_plugin.py
[2024-05-25T03:45:56.892+0530] {processor.py:830} INFO - Processing file /home/wsl/airflow_venv/lib/python3.10/site-packages/airflow/example_dags/plugins/listener_plugin.py for tasks to queue
[2024-05-25T03:45:56.899+0530] {logging_mixin.py:188} INFO - [2024-05-25T03:45:56.897+0530] {dagbag.py:540} INFO - Filling up the DagBag from /home/wsl/airflow_venv/lib/python3.10/site-packages/airflow/example_dags/plugins/listener_plugin.py
[2024-05-25T03:45:56.908+0530] {processor.py:842} WARNING - No viable dags retrieved from /home/wsl/airflow_venv/lib/python3.10/site-packages/airflow/example_dags/plugins/listener_plugin.py
[2024-05-25T03:45:56.931+0530] {processor.py:183} INFO - Processing /home/wsl/airflow_venv/lib/python3.10/site-packages/airflow/example_dags/plugins/listener_plugin.py took 0.107 seconds
[2024-05-25T03:46:54.253+0530] {processor.py:161} INFO - Started process (PID=5211) to work on /home/wsl/airflow_venv/lib/python3.10/site-packages/airflow/example_dags/plugins/listener_plugin.py
[2024-05-25T03:46:54.256+0530] {processor.py:830} INFO - Processing file /home/wsl/airflow_venv/lib/python3.10/site-packages/airflow/example_dags/plugins/listener_plugin.py for tasks to queue
[2024-05-25T03:46:54.259+0530] {logging_mixin.py:188} INFO - [2024-05-25T03:46:54.258+0530] {dagbag.py:540} INFO - Filling up the DagBag from /home/wsl/airflow_venv/lib/python3.10/site-packages/airflow/example_dags/plugins/listener_plugin.py
[2024-05-25T03:46:54.264+0530] {processor.py:842} WARNING - No viable dags retrieved from /home/wsl/airflow_venv/lib/python3.10/site-packages/airflow/example_dags/plugins/listener_plugin.py
[2024-05-25T03:46:54.279+0530] {processor.py:183} INFO - Processing /home/wsl/airflow_venv/lib/python3.10/site-packages/airflow/example_dags/plugins/listener_plugin.py took 0.038 seconds
[2024-05-25T03:47:49.877+0530] {processor.py:161} INFO - Started process (PID=5476) to work on /home/wsl/airflow_venv/lib/python3.10/site-packages/airflow/example_dags/plugins/listener_plugin.py
[2024-05-25T03:47:49.881+0530] {processor.py:830} INFO - Processing file /home/wsl/airflow_venv/lib/python3.10/site-packages/airflow/example_dags/plugins/listener_plugin.py for tasks to queue
[2024-05-25T03:47:49.884+0530] {logging_mixin.py:188} INFO - [2024-05-25T03:47:49.883+0530] {dagbag.py:540} INFO - Filling up the DagBag from /home/wsl/airflow_venv/lib/python3.10/site-packages/airflow/example_dags/plugins/listener_plugin.py
[2024-05-25T03:47:49.887+0530] {processor.py:842} WARNING - No viable dags retrieved from /home/wsl/airflow_venv/lib/python3.10/site-packages/airflow/example_dags/plugins/listener_plugin.py
[2024-05-25T03:47:49.904+0530] {processor.py:183} INFO - Processing /home/wsl/airflow_venv/lib/python3.10/site-packages/airflow/example_dags/plugins/listener_plugin.py took 0.034 seconds
[2024-05-25T03:48:39.704+0530] {processor.py:161} INFO - Started process (PID=5715) to work on /home/wsl/airflow_venv/lib/python3.10/site-packages/airflow/example_dags/plugins/listener_plugin.py
[2024-05-25T03:48:39.705+0530] {processor.py:830} INFO - Processing file /home/wsl/airflow_venv/lib/python3.10/site-packages/airflow/example_dags/plugins/listener_plugin.py for tasks to queue
[2024-05-25T03:48:39.708+0530] {logging_mixin.py:188} INFO - [2024-05-25T03:48:39.707+0530] {dagbag.py:540} INFO - Filling up the DagBag from /home/wsl/airflow_venv/lib/python3.10/site-packages/airflow/example_dags/plugins/listener_plugin.py
[2024-05-25T03:48:39.712+0530] {processor.py:842} WARNING - No viable dags retrieved from /home/wsl/airflow_venv/lib/python3.10/site-packages/airflow/example_dags/plugins/listener_plugin.py
[2024-05-25T03:48:39.723+0530] {processor.py:183} INFO - Processing /home/wsl/airflow_venv/lib/python3.10/site-packages/airflow/example_dags/plugins/listener_plugin.py took 0.027 seconds
[2024-05-25T03:49:32.978+0530] {processor.py:161} INFO - Started process (PID=5969) to work on /home/wsl/airflow_venv/lib/python3.10/site-packages/airflow/example_dags/plugins/listener_plugin.py
[2024-05-25T03:49:32.991+0530] {processor.py:830} INFO - Processing file /home/wsl/airflow_venv/lib/python3.10/site-packages/airflow/example_dags/plugins/listener_plugin.py for tasks to queue
[2024-05-25T03:49:32.994+0530] {logging_mixin.py:188} INFO - [2024-05-25T03:49:32.994+0530] {dagbag.py:540} INFO - Filling up the DagBag from /home/wsl/airflow_venv/lib/python3.10/site-packages/airflow/example_dags/plugins/listener_plugin.py
[2024-05-25T03:49:32.998+0530] {processor.py:842} WARNING - No viable dags retrieved from /home/wsl/airflow_venv/lib/python3.10/site-packages/airflow/example_dags/plugins/listener_plugin.py
[2024-05-25T03:49:33.012+0530] {processor.py:183} INFO - Processing /home/wsl/airflow_venv/lib/python3.10/site-packages/airflow/example_dags/plugins/listener_plugin.py took 0.051 seconds
[2024-05-25T03:50:28.326+0530] {processor.py:161} INFO - Started process (PID=6230) to work on /home/wsl/airflow_venv/lib/python3.10/site-packages/airflow/example_dags/plugins/listener_plugin.py
[2024-05-25T03:50:28.328+0530] {processor.py:830} INFO - Processing file /home/wsl/airflow_venv/lib/python3.10/site-packages/airflow/example_dags/plugins/listener_plugin.py for tasks to queue
[2024-05-25T03:50:28.331+0530] {logging_mixin.py:188} INFO - [2024-05-25T03:50:28.330+0530] {dagbag.py:540} INFO - Filling up the DagBag from /home/wsl/airflow_venv/lib/python3.10/site-packages/airflow/example_dags/plugins/listener_plugin.py
[2024-05-25T03:50:28.335+0530] {processor.py:842} WARNING - No viable dags retrieved from /home/wsl/airflow_venv/lib/python3.10/site-packages/airflow/example_dags/plugins/listener_plugin.py
[2024-05-25T03:50:28.347+0530] {processor.py:183} INFO - Processing /home/wsl/airflow_venv/lib/python3.10/site-packages/airflow/example_dags/plugins/listener_plugin.py took 0.029 seconds
[2024-05-25T03:51:23.037+0530] {processor.py:161} INFO - Started process (PID=6492) to work on /home/wsl/airflow_venv/lib/python3.10/site-packages/airflow/example_dags/plugins/listener_plugin.py
[2024-05-25T03:51:23.039+0530] {processor.py:830} INFO - Processing file /home/wsl/airflow_venv/lib/python3.10/site-packages/airflow/example_dags/plugins/listener_plugin.py for tasks to queue
[2024-05-25T03:51:23.043+0530] {logging_mixin.py:188} INFO - [2024-05-25T03:51:23.042+0530] {dagbag.py:540} INFO - Filling up the DagBag from /home/wsl/airflow_venv/lib/python3.10/site-packages/airflow/example_dags/plugins/listener_plugin.py
[2024-05-25T03:51:23.048+0530] {processor.py:842} WARNING - No viable dags retrieved from /home/wsl/airflow_venv/lib/python3.10/site-packages/airflow/example_dags/plugins/listener_plugin.py
[2024-05-25T03:51:23.069+0530] {processor.py:183} INFO - Processing /home/wsl/airflow_venv/lib/python3.10/site-packages/airflow/example_dags/plugins/listener_plugin.py took 0.042 seconds
[2024-05-25T03:52:18.834+0530] {processor.py:161} INFO - Started process (PID=6757) to work on /home/wsl/airflow_venv/lib/python3.10/site-packages/airflow/example_dags/plugins/listener_plugin.py
[2024-05-25T03:52:18.837+0530] {processor.py:830} INFO - Processing file /home/wsl/airflow_venv/lib/python3.10/site-packages/airflow/example_dags/plugins/listener_plugin.py for tasks to queue
[2024-05-25T03:52:18.840+0530] {logging_mixin.py:188} INFO - [2024-05-25T03:52:18.839+0530] {dagbag.py:540} INFO - Filling up the DagBag from /home/wsl/airflow_venv/lib/python3.10/site-packages/airflow/example_dags/plugins/listener_plugin.py
[2024-05-25T03:52:18.844+0530] {processor.py:842} WARNING - No viable dags retrieved from /home/wsl/airflow_venv/lib/python3.10/site-packages/airflow/example_dags/plugins/listener_plugin.py
[2024-05-25T03:52:18.858+0530] {processor.py:183} INFO - Processing /home/wsl/airflow_venv/lib/python3.10/site-packages/airflow/example_dags/plugins/listener_plugin.py took 0.039 seconds
[2024-05-25T03:53:11.838+0530] {processor.py:161} INFO - Started process (PID=7011) to work on /home/wsl/airflow_venv/lib/python3.10/site-packages/airflow/example_dags/plugins/listener_plugin.py
[2024-05-25T03:53:11.840+0530] {processor.py:830} INFO - Processing file /home/wsl/airflow_venv/lib/python3.10/site-packages/airflow/example_dags/plugins/listener_plugin.py for tasks to queue
[2024-05-25T03:53:11.843+0530] {logging_mixin.py:188} INFO - [2024-05-25T03:53:11.842+0530] {dagbag.py:540} INFO - Filling up the DagBag from /home/wsl/airflow_venv/lib/python3.10/site-packages/airflow/example_dags/plugins/listener_plugin.py
[2024-05-25T03:53:11.846+0530] {processor.py:842} WARNING - No viable dags retrieved from /home/wsl/airflow_venv/lib/python3.10/site-packages/airflow/example_dags/plugins/listener_plugin.py
[2024-05-25T03:53:11.861+0530] {processor.py:183} INFO - Processing /home/wsl/airflow_venv/lib/python3.10/site-packages/airflow/example_dags/plugins/listener_plugin.py took 0.035 seconds
[2024-05-25T03:54:14.577+0530] {processor.py:161} INFO - Started process (PID=7304) to work on /home/wsl/airflow_venv/lib/python3.10/site-packages/airflow/example_dags/plugins/listener_plugin.py
[2024-05-25T03:54:14.582+0530] {processor.py:830} INFO - Processing file /home/wsl/airflow_venv/lib/python3.10/site-packages/airflow/example_dags/plugins/listener_plugin.py for tasks to queue
[2024-05-25T03:54:14.588+0530] {logging_mixin.py:188} INFO - [2024-05-25T03:54:14.587+0530] {dagbag.py:540} INFO - Filling up the DagBag from /home/wsl/airflow_venv/lib/python3.10/site-packages/airflow/example_dags/plugins/listener_plugin.py
[2024-05-25T03:54:14.592+0530] {processor.py:842} WARNING - No viable dags retrieved from /home/wsl/airflow_venv/lib/python3.10/site-packages/airflow/example_dags/plugins/listener_plugin.py
[2024-05-25T03:54:14.605+0530] {processor.py:183} INFO - Processing /home/wsl/airflow_venv/lib/python3.10/site-packages/airflow/example_dags/plugins/listener_plugin.py took 0.041 seconds
[2024-05-25T03:55:15.536+0530] {processor.py:161} INFO - Started process (PID=7592) to work on /home/wsl/airflow_venv/lib/python3.10/site-packages/airflow/example_dags/plugins/listener_plugin.py
[2024-05-25T03:55:15.539+0530] {processor.py:830} INFO - Processing file /home/wsl/airflow_venv/lib/python3.10/site-packages/airflow/example_dags/plugins/listener_plugin.py for tasks to queue
[2024-05-25T03:55:15.542+0530] {logging_mixin.py:188} INFO - [2024-05-25T03:55:15.541+0530] {dagbag.py:540} INFO - Filling up the DagBag from /home/wsl/airflow_venv/lib/python3.10/site-packages/airflow/example_dags/plugins/listener_plugin.py
[2024-05-25T03:55:15.552+0530] {processor.py:842} WARNING - No viable dags retrieved from /home/wsl/airflow_venv/lib/python3.10/site-packages/airflow/example_dags/plugins/listener_plugin.py
[2024-05-25T03:55:15.571+0530] {processor.py:183} INFO - Processing /home/wsl/airflow_venv/lib/python3.10/site-packages/airflow/example_dags/plugins/listener_plugin.py took 0.047 seconds
[2024-05-25T03:56:11.688+0530] {processor.py:161} INFO - Started process (PID=7861) to work on /home/wsl/airflow_venv/lib/python3.10/site-packages/airflow/example_dags/plugins/listener_plugin.py
[2024-05-25T03:56:11.690+0530] {processor.py:830} INFO - Processing file /home/wsl/airflow_venv/lib/python3.10/site-packages/airflow/example_dags/plugins/listener_plugin.py for tasks to queue
[2024-05-25T03:56:11.693+0530] {logging_mixin.py:188} INFO - [2024-05-25T03:56:11.692+0530] {dagbag.py:540} INFO - Filling up the DagBag from /home/wsl/airflow_venv/lib/python3.10/site-packages/airflow/example_dags/plugins/listener_plugin.py
[2024-05-25T03:56:11.696+0530] {processor.py:842} WARNING - No viable dags retrieved from /home/wsl/airflow_venv/lib/python3.10/site-packages/airflow/example_dags/plugins/listener_plugin.py
[2024-05-25T03:56:11.710+0530] {processor.py:183} INFO - Processing /home/wsl/airflow_venv/lib/python3.10/site-packages/airflow/example_dags/plugins/listener_plugin.py took 0.030 seconds
