[2024-06-14T17:33:26.453+0530] {local_task_job_runner.py:120} INFO - ::group::Pre task execution logs
[2024-06-14T17:33:26.475+0530] {taskinstance.py:2073} INFO - Dependencies all met for dep_context=non-requeueable deps ti=<TaskInstance: my_data_pipeline_dag.collect_data_2 manual__2024-06-14T12:03:12.976705+00:00 [queued]>
[2024-06-14T17:33:26.481+0530] {taskinstance.py:2073} INFO - Dependencies all met for dep_context=requeueable deps ti=<TaskInstance: my_data_pipeline_dag.collect_data_2 manual__2024-06-14T12:03:12.976705+00:00 [queued]>
[2024-06-14T17:33:26.482+0530] {taskinstance.py:2303} INFO - Starting attempt 1 of 2
[2024-06-14T17:33:26.500+0530] {taskinstance.py:2327} INFO - Executing <Task(BashOperator): collect_data_2> on 2024-06-14 12:03:12.976705+00:00
[2024-06-14T17:33:26.504+0530] {standard_task_runner.py:63} INFO - Started process 15763 to run task
[2024-06-14T17:33:26.507+0530] {standard_task_runner.py:90} INFO - Running: ['airflow', 'tasks', 'run', 'my_data_pipeline_dag', 'collect_data_2', 'manual__2024-06-14T12:03:12.976705+00:00', '--job-id', '31', '--raw', '--subdir', 'DAGS_FOLDER/my_first_dag.py', '--cfg-path', '/tmp/tmp4hnbw7g_']
[2024-06-14T17:33:26.510+0530] {standard_task_runner.py:91} INFO - Job 31: Subtask collect_data_2
[2024-06-14T17:33:26.557+0530] {task_command.py:426} INFO - Running <TaskInstance: my_data_pipeline_dag.collect_data_2 manual__2024-06-14T12:03:12.976705+00:00 [running]> on host DESKTOP-J05K55U.
[2024-06-14T17:33:26.625+0530] {taskinstance.py:2644} INFO - Exporting env vars: AIRFLOW_CTX_DAG_EMAIL='airflow@example.com' AIRFLOW_CTX_DAG_OWNER='airflow' AIRFLOW_CTX_DAG_ID='my_data_pipeline_dag' AIRFLOW_CTX_TASK_ID='collect_data_2' AIRFLOW_CTX_EXECUTION_DATE='2024-06-14T12:03:12.976705+00:00' AIRFLOW_CTX_TRY_NUMBER='1' AIRFLOW_CTX_DAG_RUN_ID='manual__2024-06-14T12:03:12.976705+00:00'
[2024-06-14T17:33:26.627+0530] {taskinstance.py:430} INFO - ::endgroup::
[2024-06-14T17:33:26.627+0530] {subprocess.py:63} INFO - Tmp dir root location: /tmp
[2024-06-14T17:33:26.628+0530] {subprocess.py:75} INFO - Running command: ['/usr/bin/bash', '-c', 'python "/home/wsl/airflow/dags/Collect Data/covid_19_europe.py"']
[2024-06-14T17:33:26.634+0530] {subprocess.py:86} INFO - Output:
[2024-06-14T17:33:29.914+0530] {subprocess.py:97} INFO - Command exited with return code 0
[2024-06-14T17:33:29.915+0530] {taskinstance.py:441} INFO - ::group::Post task execution logs
[2024-06-14T17:33:38.247+0530] {taskinstance.py:1205} INFO - Marking task as SUCCESS. dag_id=my_data_pipeline_dag, task_id=collect_data_2, execution_date=20240614T120312, start_date=20240614T120326, end_date=20240614T120338
[2024-06-14T17:33:38.440+0530] {local_task_job_runner.py:240} INFO - Task exited with return code 0
[2024-06-14T17:33:38.478+0530] {taskinstance.py:3482} INFO - 0 downstream tasks scheduled from follow-on schedule check
[2024-06-14T17:33:38.479+0530] {local_task_job_runner.py:222} INFO - ::endgroup::
