[2024-05-28T21:07:11.745+0530] {local_task_job_runner.py:120} INFO - ::group::Pre task execution logs
[2024-05-28T21:07:11.766+0530] {taskinstance.py:2073} INFO - Dependencies all met for dep_context=non-requeueable deps ti=<TaskInstance: my_data_pipeline_dag.collect_data_1 manual__2024-05-28T15:37:07.705332+00:00 [queued]>
[2024-05-28T21:07:11.774+0530] {taskinstance.py:2073} INFO - Dependencies all met for dep_context=requeueable deps ti=<TaskInstance: my_data_pipeline_dag.collect_data_1 manual__2024-05-28T15:37:07.705332+00:00 [queued]>
[2024-05-28T21:07:11.774+0530] {taskinstance.py:2303} INFO - Starting attempt 1 of 2
[2024-05-28T21:07:11.794+0530] {taskinstance.py:2327} INFO - Executing <Task(BashOperator): collect_data_1> on 2024-05-28 15:37:07.705332+00:00
[2024-05-28T21:07:11.797+0530] {standard_task_runner.py:63} INFO - Started process 252402 to run task
[2024-05-28T21:07:11.801+0530] {standard_task_runner.py:90} INFO - Running: ['airflow', 'tasks', 'run', 'my_data_pipeline_dag', 'collect_data_1', 'manual__2024-05-28T15:37:07.705332+00:00', '--job-id', '48', '--raw', '--subdir', 'DAGS_FOLDER/my_first_dag.py', '--cfg-path', '/tmp/tmpq1f1vr_9']
[2024-05-28T21:07:11.802+0530] {standard_task_runner.py:91} INFO - Job 48: Subtask collect_data_1
[2024-05-28T21:07:11.846+0530] {task_command.py:426} INFO - Running <TaskInstance: my_data_pipeline_dag.collect_data_1 manual__2024-05-28T15:37:07.705332+00:00 [running]> on host DESKTOP-J05K55U.
[2024-05-28T21:07:11.968+0530] {taskinstance.py:2644} INFO - Exporting env vars: AIRFLOW_CTX_DAG_EMAIL='airflow@example.com' AIRFLOW_CTX_DAG_OWNER='airflow' AIRFLOW_CTX_DAG_ID='my_data_pipeline_dag' AIRFLOW_CTX_TASK_ID='collect_data_1' AIRFLOW_CTX_EXECUTION_DATE='2024-05-28T15:37:07.705332+00:00' AIRFLOW_CTX_TRY_NUMBER='1' AIRFLOW_CTX_DAG_RUN_ID='manual__2024-05-28T15:37:07.705332+00:00'
[2024-05-28T21:07:11.970+0530] {taskinstance.py:430} INFO - ::endgroup::
[2024-05-28T21:07:11.971+0530] {subprocess.py:63} INFO - Tmp dir root location: /tmp
[2024-05-28T21:07:11.975+0530] {subprocess.py:75} INFO - Running command: ['/usr/bin/bash', '-c', 'python "/home/wsl/airflow/dags/Collect Data/covid_19_usa.py"']
[2024-05-28T21:07:11.986+0530] {subprocess.py:86} INFO - Output:
[2024-05-28T21:07:13.384+0530] {subprocess.py:97} INFO - Command exited with return code 0
[2024-05-28T21:07:13.385+0530] {taskinstance.py:441} INFO - ::group::Post task execution logs
[2024-05-28T21:07:13.407+0530] {taskinstance.py:1205} INFO - Marking task as SUCCESS. dag_id=my_data_pipeline_dag, task_id=collect_data_1, execution_date=20240528T153707, start_date=20240528T153711, end_date=20240528T153713
[2024-05-28T21:07:13.466+0530] {local_task_job_runner.py:240} INFO - Task exited with return code 0
[2024-05-28T21:07:13.483+0530] {taskinstance.py:3482} INFO - 0 downstream tasks scheduled from follow-on schedule check
[2024-05-28T21:07:13.484+0530] {local_task_job_runner.py:222} INFO - ::endgroup::
