[2024-04-30T18:15:19.653+0530] {processor.py:161} INFO - Started process (PID=1282) to work on /home/wsl/airflow_venv/lib/python3.10/site-packages/airflow/example_dags/plugins/workday.py
[2024-04-30T18:15:19.654+0530] {processor.py:830} INFO - Processing file /home/wsl/airflow_venv/lib/python3.10/site-packages/airflow/example_dags/plugins/workday.py for tasks to queue
[2024-04-30T18:15:19.656+0530] {logging_mixin.py:188} INFO - [2024-04-30T18:15:19.656+0530] {dagbag.py:540} INFO - Filling up the DagBag from /home/wsl/airflow_venv/lib/python3.10/site-packages/airflow/example_dags/plugins/workday.py
[2024-04-30T18:15:19.659+0530] {logging_mixin.py:188} INFO - [2024-04-30T18:15:19.659+0530] {workday.py:41} WARNING - Could not import pandas. Holidays will not be considered.
[2024-04-30T18:15:19.660+0530] {processor.py:842} WARNING - No viable dags retrieved from /home/wsl/airflow_venv/lib/python3.10/site-packages/airflow/example_dags/plugins/workday.py
[2024-04-30T18:15:19.672+0530] {processor.py:183} INFO - Processing /home/wsl/airflow_venv/lib/python3.10/site-packages/airflow/example_dags/plugins/workday.py took 0.034 seconds
[2024-04-30T18:16:36.948+0530] {processor.py:161} INFO - Started process (PID=1333) to work on /home/wsl/airflow_venv/lib/python3.10/site-packages/airflow/example_dags/plugins/workday.py
[2024-04-30T18:16:36.950+0530] {processor.py:830} INFO - Processing file /home/wsl/airflow_venv/lib/python3.10/site-packages/airflow/example_dags/plugins/workday.py for tasks to queue
[2024-04-30T18:16:36.953+0530] {logging_mixin.py:188} INFO - [2024-04-30T18:16:36.952+0530] {dagbag.py:540} INFO - Filling up the DagBag from /home/wsl/airflow_venv/lib/python3.10/site-packages/airflow/example_dags/plugins/workday.py
[2024-04-30T18:16:36.956+0530] {logging_mixin.py:188} INFO - [2024-04-30T18:16:36.956+0530] {workday.py:41} WARNING - Could not import pandas. Holidays will not be considered.
[2024-04-30T18:16:36.957+0530] {processor.py:842} WARNING - No viable dags retrieved from /home/wsl/airflow_venv/lib/python3.10/site-packages/airflow/example_dags/plugins/workday.py
[2024-04-30T18:16:36.970+0530] {processor.py:183} INFO - Processing /home/wsl/airflow_venv/lib/python3.10/site-packages/airflow/example_dags/plugins/workday.py took 0.030 seconds
[2024-04-30T18:17:39.795+0530] {processor.py:161} INFO - Started process (PID=1387) to work on /home/wsl/airflow_venv/lib/python3.10/site-packages/airflow/example_dags/plugins/workday.py
[2024-04-30T18:17:39.829+0530] {processor.py:830} INFO - Processing file /home/wsl/airflow_venv/lib/python3.10/site-packages/airflow/example_dags/plugins/workday.py for tasks to queue
[2024-04-30T18:17:39.832+0530] {logging_mixin.py:188} INFO - [2024-04-30T18:17:39.831+0530] {dagbag.py:540} INFO - Filling up the DagBag from /home/wsl/airflow_venv/lib/python3.10/site-packages/airflow/example_dags/plugins/workday.py
[2024-04-30T18:17:39.836+0530] {logging_mixin.py:188} INFO - [2024-04-30T18:17:39.836+0530] {workday.py:41} WARNING - Could not import pandas. Holidays will not be considered.
[2024-04-30T18:17:39.837+0530] {processor.py:842} WARNING - No viable dags retrieved from /home/wsl/airflow_venv/lib/python3.10/site-packages/airflow/example_dags/plugins/workday.py
[2024-04-30T18:17:39.854+0530] {processor.py:183} INFO - Processing /home/wsl/airflow_venv/lib/python3.10/site-packages/airflow/example_dags/plugins/workday.py took 0.084 seconds
[2024-04-30T18:18:38.289+0530] {processor.py:161} INFO - Started process (PID=1425) to work on /home/wsl/airflow_venv/lib/python3.10/site-packages/airflow/example_dags/plugins/workday.py
[2024-04-30T18:18:38.293+0530] {processor.py:830} INFO - Processing file /home/wsl/airflow_venv/lib/python3.10/site-packages/airflow/example_dags/plugins/workday.py for tasks to queue
[2024-04-30T18:18:38.295+0530] {logging_mixin.py:188} INFO - [2024-04-30T18:18:38.295+0530] {dagbag.py:540} INFO - Filling up the DagBag from /home/wsl/airflow_venv/lib/python3.10/site-packages/airflow/example_dags/plugins/workday.py
[2024-04-30T18:18:38.299+0530] {logging_mixin.py:188} INFO - [2024-04-30T18:18:38.299+0530] {workday.py:41} WARNING - Could not import pandas. Holidays will not be considered.
[2024-04-30T18:18:38.300+0530] {processor.py:842} WARNING - No viable dags retrieved from /home/wsl/airflow_venv/lib/python3.10/site-packages/airflow/example_dags/plugins/workday.py
[2024-04-30T18:18:38.316+0530] {processor.py:183} INFO - Processing /home/wsl/airflow_venv/lib/python3.10/site-packages/airflow/example_dags/plugins/workday.py took 0.034 seconds
[2024-04-30T18:19:35.047+0530] {processor.py:161} INFO - Started process (PID=1562) to work on /home/wsl/airflow_venv/lib/python3.10/site-packages/airflow/example_dags/plugins/workday.py
[2024-04-30T18:19:35.049+0530] {processor.py:830} INFO - Processing file /home/wsl/airflow_venv/lib/python3.10/site-packages/airflow/example_dags/plugins/workday.py for tasks to queue
[2024-04-30T18:19:35.051+0530] {logging_mixin.py:188} INFO - [2024-04-30T18:19:35.051+0530] {dagbag.py:540} INFO - Filling up the DagBag from /home/wsl/airflow_venv/lib/python3.10/site-packages/airflow/example_dags/plugins/workday.py
[2024-04-30T18:19:35.054+0530] {logging_mixin.py:188} INFO - [2024-04-30T18:19:35.054+0530] {workday.py:41} WARNING - Could not import pandas. Holidays will not be considered.
[2024-04-30T18:19:35.054+0530] {processor.py:842} WARNING - No viable dags retrieved from /home/wsl/airflow_venv/lib/python3.10/site-packages/airflow/example_dags/plugins/workday.py
[2024-04-30T18:19:35.067+0530] {processor.py:183} INFO - Processing /home/wsl/airflow_venv/lib/python3.10/site-packages/airflow/example_dags/plugins/workday.py took 0.029 seconds
[2024-04-30T18:20:25.372+0530] {processor.py:161} INFO - Started process (PID=1609) to work on /home/wsl/airflow_venv/lib/python3.10/site-packages/airflow/example_dags/plugins/workday.py
[2024-04-30T18:20:25.375+0530] {processor.py:830} INFO - Processing file /home/wsl/airflow_venv/lib/python3.10/site-packages/airflow/example_dags/plugins/workday.py for tasks to queue
[2024-04-30T18:20:25.379+0530] {logging_mixin.py:188} INFO - [2024-04-30T18:20:25.378+0530] {dagbag.py:540} INFO - Filling up the DagBag from /home/wsl/airflow_venv/lib/python3.10/site-packages/airflow/example_dags/plugins/workday.py
[2024-04-30T18:20:25.382+0530] {logging_mixin.py:188} INFO - [2024-04-30T18:20:25.382+0530] {workday.py:41} WARNING - Could not import pandas. Holidays will not be considered.
[2024-04-30T18:20:25.383+0530] {processor.py:842} WARNING - No viable dags retrieved from /home/wsl/airflow_venv/lib/python3.10/site-packages/airflow/example_dags/plugins/workday.py
[2024-04-30T18:20:25.396+0530] {processor.py:183} INFO - Processing /home/wsl/airflow_venv/lib/python3.10/site-packages/airflow/example_dags/plugins/workday.py took 0.034 seconds
[2024-04-30T18:21:47.558+0530] {processor.py:161} INFO - Started process (PID=1644) to work on /home/wsl/airflow_venv/lib/python3.10/site-packages/airflow/example_dags/plugins/workday.py
[2024-04-30T18:21:47.560+0530] {processor.py:830} INFO - Processing file /home/wsl/airflow_venv/lib/python3.10/site-packages/airflow/example_dags/plugins/workday.py for tasks to queue
[2024-04-30T18:21:47.563+0530] {logging_mixin.py:188} INFO - [2024-04-30T18:21:47.562+0530] {dagbag.py:540} INFO - Filling up the DagBag from /home/wsl/airflow_venv/lib/python3.10/site-packages/airflow/example_dags/plugins/workday.py
[2024-04-30T18:21:47.569+0530] {logging_mixin.py:188} INFO - [2024-04-30T18:21:47.569+0530] {workday.py:41} WARNING - Could not import pandas. Holidays will not be considered.
[2024-04-30T18:21:47.570+0530] {processor.py:842} WARNING - No viable dags retrieved from /home/wsl/airflow_venv/lib/python3.10/site-packages/airflow/example_dags/plugins/workday.py
[2024-04-30T18:21:47.586+0530] {processor.py:183} INFO - Processing /home/wsl/airflow_venv/lib/python3.10/site-packages/airflow/example_dags/plugins/workday.py took 0.044 seconds
[2024-04-30T18:22:44.821+0530] {processor.py:161} INFO - Started process (PID=1696) to work on /home/wsl/airflow_venv/lib/python3.10/site-packages/airflow/example_dags/plugins/workday.py
[2024-04-30T18:22:44.823+0530] {processor.py:830} INFO - Processing file /home/wsl/airflow_venv/lib/python3.10/site-packages/airflow/example_dags/plugins/workday.py for tasks to queue
[2024-04-30T18:22:44.825+0530] {logging_mixin.py:188} INFO - [2024-04-30T18:22:44.825+0530] {dagbag.py:540} INFO - Filling up the DagBag from /home/wsl/airflow_venv/lib/python3.10/site-packages/airflow/example_dags/plugins/workday.py
[2024-04-30T18:22:44.829+0530] {logging_mixin.py:188} INFO - [2024-04-30T18:22:44.828+0530] {workday.py:41} WARNING - Could not import pandas. Holidays will not be considered.
[2024-04-30T18:22:44.830+0530] {processor.py:842} WARNING - No viable dags retrieved from /home/wsl/airflow_venv/lib/python3.10/site-packages/airflow/example_dags/plugins/workday.py
[2024-04-30T18:22:44.844+0530] {processor.py:183} INFO - Processing /home/wsl/airflow_venv/lib/python3.10/site-packages/airflow/example_dags/plugins/workday.py took 0.035 seconds
[2024-04-30T18:23:46.790+0530] {processor.py:161} INFO - Started process (PID=1750) to work on /home/wsl/airflow_venv/lib/python3.10/site-packages/airflow/example_dags/plugins/workday.py
[2024-04-30T18:23:46.793+0530] {processor.py:830} INFO - Processing file /home/wsl/airflow_venv/lib/python3.10/site-packages/airflow/example_dags/plugins/workday.py for tasks to queue
[2024-04-30T18:23:46.797+0530] {logging_mixin.py:188} INFO - [2024-04-30T18:23:46.796+0530] {dagbag.py:540} INFO - Filling up the DagBag from /home/wsl/airflow_venv/lib/python3.10/site-packages/airflow/example_dags/plugins/workday.py
[2024-04-30T18:23:46.800+0530] {logging_mixin.py:188} INFO - [2024-04-30T18:23:46.800+0530] {workday.py:41} WARNING - Could not import pandas. Holidays will not be considered.
[2024-04-30T18:23:46.800+0530] {processor.py:842} WARNING - No viable dags retrieved from /home/wsl/airflow_venv/lib/python3.10/site-packages/airflow/example_dags/plugins/workday.py
[2024-04-30T18:23:46.815+0530] {processor.py:183} INFO - Processing /home/wsl/airflow_venv/lib/python3.10/site-packages/airflow/example_dags/plugins/workday.py took 0.032 seconds
[2024-04-30T18:25:23.378+0530] {processor.py:161} INFO - Started process (PID=1844) to work on /home/wsl/airflow_venv/lib/python3.10/site-packages/airflow/example_dags/plugins/workday.py
[2024-04-30T18:25:23.380+0530] {processor.py:830} INFO - Processing file /home/wsl/airflow_venv/lib/python3.10/site-packages/airflow/example_dags/plugins/workday.py for tasks to queue
[2024-04-30T18:25:23.382+0530] {logging_mixin.py:188} INFO - [2024-04-30T18:25:23.382+0530] {dagbag.py:540} INFO - Filling up the DagBag from /home/wsl/airflow_venv/lib/python3.10/site-packages/airflow/example_dags/plugins/workday.py
[2024-04-30T18:25:23.387+0530] {logging_mixin.py:188} INFO - [2024-04-30T18:25:23.387+0530] {workday.py:41} WARNING - Could not import pandas. Holidays will not be considered.
[2024-04-30T18:25:23.388+0530] {processor.py:842} WARNING - No viable dags retrieved from /home/wsl/airflow_venv/lib/python3.10/site-packages/airflow/example_dags/plugins/workday.py
[2024-04-30T18:25:23.403+0530] {processor.py:183} INFO - Processing /home/wsl/airflow_venv/lib/python3.10/site-packages/airflow/example_dags/plugins/workday.py took 0.036 seconds
[2024-04-30T18:26:23.206+0530] {processor.py:161} INFO - Started process (PID=1886) to work on /home/wsl/airflow_venv/lib/python3.10/site-packages/airflow/example_dags/plugins/workday.py
[2024-04-30T18:26:23.208+0530] {processor.py:830} INFO - Processing file /home/wsl/airflow_venv/lib/python3.10/site-packages/airflow/example_dags/plugins/workday.py for tasks to queue
[2024-04-30T18:26:23.211+0530] {logging_mixin.py:188} INFO - [2024-04-30T18:26:23.210+0530] {dagbag.py:540} INFO - Filling up the DagBag from /home/wsl/airflow_venv/lib/python3.10/site-packages/airflow/example_dags/plugins/workday.py
[2024-04-30T18:26:23.216+0530] {logging_mixin.py:188} INFO - [2024-04-30T18:26:23.216+0530] {workday.py:41} WARNING - Could not import pandas. Holidays will not be considered.
[2024-04-30T18:26:23.217+0530] {processor.py:842} WARNING - No viable dags retrieved from /home/wsl/airflow_venv/lib/python3.10/site-packages/airflow/example_dags/plugins/workday.py
[2024-04-30T18:26:23.231+0530] {processor.py:183} INFO - Processing /home/wsl/airflow_venv/lib/python3.10/site-packages/airflow/example_dags/plugins/workday.py took 0.035 seconds
[2024-04-30T18:27:23.892+0530] {processor.py:161} INFO - Started process (PID=1937) to work on /home/wsl/airflow_venv/lib/python3.10/site-packages/airflow/example_dags/plugins/workday.py
[2024-04-30T18:27:23.894+0530] {processor.py:830} INFO - Processing file /home/wsl/airflow_venv/lib/python3.10/site-packages/airflow/example_dags/plugins/workday.py for tasks to queue
[2024-04-30T18:27:23.899+0530] {logging_mixin.py:188} INFO - [2024-04-30T18:27:23.898+0530] {dagbag.py:540} INFO - Filling up the DagBag from /home/wsl/airflow_venv/lib/python3.10/site-packages/airflow/example_dags/plugins/workday.py
[2024-04-30T18:27:23.903+0530] {logging_mixin.py:188} INFO - [2024-04-30T18:27:23.902+0530] {workday.py:41} WARNING - Could not import pandas. Holidays will not be considered.
[2024-04-30T18:27:23.903+0530] {processor.py:842} WARNING - No viable dags retrieved from /home/wsl/airflow_venv/lib/python3.10/site-packages/airflow/example_dags/plugins/workday.py
[2024-04-30T18:27:23.919+0530] {processor.py:183} INFO - Processing /home/wsl/airflow_venv/lib/python3.10/site-packages/airflow/example_dags/plugins/workday.py took 0.036 seconds
[2024-04-30T18:28:20.092+0530] {processor.py:161} INFO - Started process (PID=1988) to work on /home/wsl/airflow_venv/lib/python3.10/site-packages/airflow/example_dags/plugins/workday.py
[2024-04-30T18:28:20.095+0530] {processor.py:830} INFO - Processing file /home/wsl/airflow_venv/lib/python3.10/site-packages/airflow/example_dags/plugins/workday.py for tasks to queue
[2024-04-30T18:28:20.097+0530] {logging_mixin.py:188} INFO - [2024-04-30T18:28:20.097+0530] {dagbag.py:540} INFO - Filling up the DagBag from /home/wsl/airflow_venv/lib/python3.10/site-packages/airflow/example_dags/plugins/workday.py
[2024-04-30T18:28:20.102+0530] {logging_mixin.py:188} INFO - [2024-04-30T18:28:20.102+0530] {workday.py:41} WARNING - Could not import pandas. Holidays will not be considered.
[2024-04-30T18:28:20.102+0530] {processor.py:842} WARNING - No viable dags retrieved from /home/wsl/airflow_venv/lib/python3.10/site-packages/airflow/example_dags/plugins/workday.py
[2024-04-30T18:28:20.115+0530] {processor.py:183} INFO - Processing /home/wsl/airflow_venv/lib/python3.10/site-packages/airflow/example_dags/plugins/workday.py took 0.036 seconds
[2024-04-30T18:29:11.723+0530] {processor.py:161} INFO - Started process (PID=2037) to work on /home/wsl/airflow_venv/lib/python3.10/site-packages/airflow/example_dags/plugins/workday.py
[2024-04-30T18:29:11.725+0530] {processor.py:830} INFO - Processing file /home/wsl/airflow_venv/lib/python3.10/site-packages/airflow/example_dags/plugins/workday.py for tasks to queue
[2024-04-30T18:29:11.727+0530] {logging_mixin.py:188} INFO - [2024-04-30T18:29:11.727+0530] {dagbag.py:540} INFO - Filling up the DagBag from /home/wsl/airflow_venv/lib/python3.10/site-packages/airflow/example_dags/plugins/workday.py
[2024-04-30T18:29:11.730+0530] {logging_mixin.py:188} INFO - [2024-04-30T18:29:11.730+0530] {workday.py:41} WARNING - Could not import pandas. Holidays will not be considered.
[2024-04-30T18:29:11.730+0530] {processor.py:842} WARNING - No viable dags retrieved from /home/wsl/airflow_venv/lib/python3.10/site-packages/airflow/example_dags/plugins/workday.py
[2024-04-30T18:29:11.743+0530] {processor.py:183} INFO - Processing /home/wsl/airflow_venv/lib/python3.10/site-packages/airflow/example_dags/plugins/workday.py took 0.027 seconds
[2024-04-30T18:30:06.202+0530] {processor.py:161} INFO - Started process (PID=2085) to work on /home/wsl/airflow_venv/lib/python3.10/site-packages/airflow/example_dags/plugins/workday.py
[2024-04-30T18:30:06.204+0530] {processor.py:830} INFO - Processing file /home/wsl/airflow_venv/lib/python3.10/site-packages/airflow/example_dags/plugins/workday.py for tasks to queue
[2024-04-30T18:30:06.206+0530] {logging_mixin.py:188} INFO - [2024-04-30T18:30:06.206+0530] {dagbag.py:540} INFO - Filling up the DagBag from /home/wsl/airflow_venv/lib/python3.10/site-packages/airflow/example_dags/plugins/workday.py
[2024-04-30T18:30:06.209+0530] {logging_mixin.py:188} INFO - [2024-04-30T18:30:06.209+0530] {workday.py:41} WARNING - Could not import pandas. Holidays will not be considered.
[2024-04-30T18:30:06.210+0530] {processor.py:842} WARNING - No viable dags retrieved from /home/wsl/airflow_venv/lib/python3.10/site-packages/airflow/example_dags/plugins/workday.py
[2024-04-30T18:30:06.225+0530] {processor.py:183} INFO - Processing /home/wsl/airflow_venv/lib/python3.10/site-packages/airflow/example_dags/plugins/workday.py took 0.032 seconds
[2024-04-30T18:30:59.517+0530] {processor.py:161} INFO - Started process (PID=2137) to work on /home/wsl/airflow_venv/lib/python3.10/site-packages/airflow/example_dags/plugins/workday.py
[2024-04-30T18:30:59.561+0530] {processor.py:830} INFO - Processing file /home/wsl/airflow_venv/lib/python3.10/site-packages/airflow/example_dags/plugins/workday.py for tasks to queue
[2024-04-30T18:30:59.564+0530] {logging_mixin.py:188} INFO - [2024-04-30T18:30:59.563+0530] {dagbag.py:540} INFO - Filling up the DagBag from /home/wsl/airflow_venv/lib/python3.10/site-packages/airflow/example_dags/plugins/workday.py
[2024-04-30T18:30:59.569+0530] {logging_mixin.py:188} INFO - [2024-04-30T18:30:59.569+0530] {workday.py:41} WARNING - Could not import pandas. Holidays will not be considered.
[2024-04-30T18:30:59.570+0530] {processor.py:842} WARNING - No viable dags retrieved from /home/wsl/airflow_venv/lib/python3.10/site-packages/airflow/example_dags/plugins/workday.py
[2024-04-30T18:30:59.588+0530] {processor.py:183} INFO - Processing /home/wsl/airflow_venv/lib/python3.10/site-packages/airflow/example_dags/plugins/workday.py took 0.086 seconds
[2024-04-30T18:31:56.522+0530] {processor.py:161} INFO - Started process (PID=2186) to work on /home/wsl/airflow_venv/lib/python3.10/site-packages/airflow/example_dags/plugins/workday.py
[2024-04-30T18:31:56.525+0530] {processor.py:830} INFO - Processing file /home/wsl/airflow_venv/lib/python3.10/site-packages/airflow/example_dags/plugins/workday.py for tasks to queue
[2024-04-30T18:31:56.531+0530] {logging_mixin.py:188} INFO - [2024-04-30T18:31:56.528+0530] {dagbag.py:540} INFO - Filling up the DagBag from /home/wsl/airflow_venv/lib/python3.10/site-packages/airflow/example_dags/plugins/workday.py
[2024-04-30T18:31:56.538+0530] {logging_mixin.py:188} INFO - [2024-04-30T18:31:56.538+0530] {workday.py:41} WARNING - Could not import pandas. Holidays will not be considered.
[2024-04-30T18:31:56.539+0530] {processor.py:842} WARNING - No viable dags retrieved from /home/wsl/airflow_venv/lib/python3.10/site-packages/airflow/example_dags/plugins/workday.py
[2024-04-30T18:31:56.590+0530] {processor.py:183} INFO - Processing /home/wsl/airflow_venv/lib/python3.10/site-packages/airflow/example_dags/plugins/workday.py took 0.092 seconds
[2024-04-30T18:32:58.607+0530] {processor.py:161} INFO - Started process (PID=2239) to work on /home/wsl/airflow_venv/lib/python3.10/site-packages/airflow/example_dags/plugins/workday.py
[2024-04-30T18:32:58.609+0530] {processor.py:830} INFO - Processing file /home/wsl/airflow_venv/lib/python3.10/site-packages/airflow/example_dags/plugins/workday.py for tasks to queue
[2024-04-30T18:32:58.612+0530] {logging_mixin.py:188} INFO - [2024-04-30T18:32:58.611+0530] {dagbag.py:540} INFO - Filling up the DagBag from /home/wsl/airflow_venv/lib/python3.10/site-packages/airflow/example_dags/plugins/workday.py
[2024-04-30T18:32:58.616+0530] {logging_mixin.py:188} INFO - [2024-04-30T18:32:58.616+0530] {workday.py:41} WARNING - Could not import pandas. Holidays will not be considered.
[2024-04-30T18:32:58.618+0530] {processor.py:842} WARNING - No viable dags retrieved from /home/wsl/airflow_venv/lib/python3.10/site-packages/airflow/example_dags/plugins/workday.py
[2024-04-30T18:32:58.632+0530] {processor.py:183} INFO - Processing /home/wsl/airflow_venv/lib/python3.10/site-packages/airflow/example_dags/plugins/workday.py took 0.035 seconds
[2024-04-30T18:33:54.279+0530] {processor.py:161} INFO - Started process (PID=2290) to work on /home/wsl/airflow_venv/lib/python3.10/site-packages/airflow/example_dags/plugins/workday.py
[2024-04-30T18:33:54.281+0530] {processor.py:830} INFO - Processing file /home/wsl/airflow_venv/lib/python3.10/site-packages/airflow/example_dags/plugins/workday.py for tasks to queue
[2024-04-30T18:33:54.282+0530] {logging_mixin.py:188} INFO - [2024-04-30T18:33:54.282+0530] {dagbag.py:540} INFO - Filling up the DagBag from /home/wsl/airflow_venv/lib/python3.10/site-packages/airflow/example_dags/plugins/workday.py
[2024-04-30T18:33:54.285+0530] {logging_mixin.py:188} INFO - [2024-04-30T18:33:54.285+0530] {workday.py:41} WARNING - Could not import pandas. Holidays will not be considered.
[2024-04-30T18:33:54.286+0530] {processor.py:842} WARNING - No viable dags retrieved from /home/wsl/airflow_venv/lib/python3.10/site-packages/airflow/example_dags/plugins/workday.py
[2024-04-30T18:33:54.300+0530] {processor.py:183} INFO - Processing /home/wsl/airflow_venv/lib/python3.10/site-packages/airflow/example_dags/plugins/workday.py took 0.028 seconds
[2024-04-30T18:34:48.760+0530] {processor.py:161} INFO - Started process (PID=2339) to work on /home/wsl/airflow_venv/lib/python3.10/site-packages/airflow/example_dags/plugins/workday.py
[2024-04-30T18:34:48.762+0530] {processor.py:830} INFO - Processing file /home/wsl/airflow_venv/lib/python3.10/site-packages/airflow/example_dags/plugins/workday.py for tasks to queue
[2024-04-30T18:34:48.765+0530] {logging_mixin.py:188} INFO - [2024-04-30T18:34:48.764+0530] {dagbag.py:540} INFO - Filling up the DagBag from /home/wsl/airflow_venv/lib/python3.10/site-packages/airflow/example_dags/plugins/workday.py
[2024-04-30T18:34:48.769+0530] {logging_mixin.py:188} INFO - [2024-04-30T18:34:48.769+0530] {workday.py:41} WARNING - Could not import pandas. Holidays will not be considered.
[2024-04-30T18:34:48.770+0530] {processor.py:842} WARNING - No viable dags retrieved from /home/wsl/airflow_venv/lib/python3.10/site-packages/airflow/example_dags/plugins/workday.py
[2024-04-30T18:34:48.787+0530] {processor.py:183} INFO - Processing /home/wsl/airflow_venv/lib/python3.10/site-packages/airflow/example_dags/plugins/workday.py took 0.040 seconds
[2024-04-30T18:35:39.522+0530] {processor.py:161} INFO - Started process (PID=2385) to work on /home/wsl/airflow_venv/lib/python3.10/site-packages/airflow/example_dags/plugins/workday.py
[2024-04-30T18:35:39.525+0530] {processor.py:830} INFO - Processing file /home/wsl/airflow_venv/lib/python3.10/site-packages/airflow/example_dags/plugins/workday.py for tasks to queue
[2024-04-30T18:35:39.527+0530] {logging_mixin.py:188} INFO - [2024-04-30T18:35:39.526+0530] {dagbag.py:540} INFO - Filling up the DagBag from /home/wsl/airflow_venv/lib/python3.10/site-packages/airflow/example_dags/plugins/workday.py
[2024-04-30T18:35:39.531+0530] {logging_mixin.py:188} INFO - [2024-04-30T18:35:39.530+0530] {workday.py:41} WARNING - Could not import pandas. Holidays will not be considered.
[2024-04-30T18:35:39.531+0530] {processor.py:842} WARNING - No viable dags retrieved from /home/wsl/airflow_venv/lib/python3.10/site-packages/airflow/example_dags/plugins/workday.py
[2024-04-30T18:35:39.546+0530] {processor.py:183} INFO - Processing /home/wsl/airflow_venv/lib/python3.10/site-packages/airflow/example_dags/plugins/workday.py took 0.033 seconds
[2024-04-30T18:36:39.069+0530] {processor.py:161} INFO - Started process (PID=2435) to work on /home/wsl/airflow_venv/lib/python3.10/site-packages/airflow/example_dags/plugins/workday.py
[2024-04-30T18:36:39.072+0530] {processor.py:830} INFO - Processing file /home/wsl/airflow_venv/lib/python3.10/site-packages/airflow/example_dags/plugins/workday.py for tasks to queue
[2024-04-30T18:36:39.075+0530] {logging_mixin.py:188} INFO - [2024-04-30T18:36:39.074+0530] {dagbag.py:540} INFO - Filling up the DagBag from /home/wsl/airflow_venv/lib/python3.10/site-packages/airflow/example_dags/plugins/workday.py
[2024-04-30T18:36:39.079+0530] {logging_mixin.py:188} INFO - [2024-04-30T18:36:39.079+0530] {workday.py:41} WARNING - Could not import pandas. Holidays will not be considered.
[2024-04-30T18:36:39.080+0530] {processor.py:842} WARNING - No viable dags retrieved from /home/wsl/airflow_venv/lib/python3.10/site-packages/airflow/example_dags/plugins/workday.py
[2024-04-30T18:36:39.101+0530] {processor.py:183} INFO - Processing /home/wsl/airflow_venv/lib/python3.10/site-packages/airflow/example_dags/plugins/workday.py took 0.044 seconds
[2024-04-30T18:37:33.744+0530] {processor.py:161} INFO - Started process (PID=2486) to work on /home/wsl/airflow_venv/lib/python3.10/site-packages/airflow/example_dags/plugins/workday.py
[2024-04-30T18:37:33.745+0530] {processor.py:830} INFO - Processing file /home/wsl/airflow_venv/lib/python3.10/site-packages/airflow/example_dags/plugins/workday.py for tasks to queue
[2024-04-30T18:37:33.748+0530] {logging_mixin.py:188} INFO - [2024-04-30T18:37:33.747+0530] {dagbag.py:540} INFO - Filling up the DagBag from /home/wsl/airflow_venv/lib/python3.10/site-packages/airflow/example_dags/plugins/workday.py
[2024-04-30T18:37:33.751+0530] {logging_mixin.py:188} INFO - [2024-04-30T18:37:33.751+0530] {workday.py:41} WARNING - Could not import pandas. Holidays will not be considered.
[2024-04-30T18:37:33.751+0530] {processor.py:842} WARNING - No viable dags retrieved from /home/wsl/airflow_venv/lib/python3.10/site-packages/airflow/example_dags/plugins/workday.py
[2024-04-30T18:37:33.764+0530] {processor.py:183} INFO - Processing /home/wsl/airflow_venv/lib/python3.10/site-packages/airflow/example_dags/plugins/workday.py took 0.027 seconds
[2024-04-30T18:38:25.925+0530] {processor.py:161} INFO - Started process (PID=2534) to work on /home/wsl/airflow_venv/lib/python3.10/site-packages/airflow/example_dags/plugins/workday.py
[2024-04-30T18:38:25.927+0530] {processor.py:830} INFO - Processing file /home/wsl/airflow_venv/lib/python3.10/site-packages/airflow/example_dags/plugins/workday.py for tasks to queue
[2024-04-30T18:38:25.931+0530] {logging_mixin.py:188} INFO - [2024-04-30T18:38:25.930+0530] {dagbag.py:540} INFO - Filling up the DagBag from /home/wsl/airflow_venv/lib/python3.10/site-packages/airflow/example_dags/plugins/workday.py
[2024-04-30T18:38:25.936+0530] {logging_mixin.py:188} INFO - [2024-04-30T18:38:25.936+0530] {workday.py:41} WARNING - Could not import pandas. Holidays will not be considered.
[2024-04-30T18:38:25.937+0530] {processor.py:842} WARNING - No viable dags retrieved from /home/wsl/airflow_venv/lib/python3.10/site-packages/airflow/example_dags/plugins/workday.py
[2024-04-30T18:38:25.952+0530] {processor.py:183} INFO - Processing /home/wsl/airflow_venv/lib/python3.10/site-packages/airflow/example_dags/plugins/workday.py took 0.034 seconds
[2024-04-30T18:39:20.311+0530] {processor.py:161} INFO - Started process (PID=2583) to work on /home/wsl/airflow_venv/lib/python3.10/site-packages/airflow/example_dags/plugins/workday.py
[2024-04-30T18:39:20.314+0530] {processor.py:830} INFO - Processing file /home/wsl/airflow_venv/lib/python3.10/site-packages/airflow/example_dags/plugins/workday.py for tasks to queue
[2024-04-30T18:39:20.318+0530] {logging_mixin.py:188} INFO - [2024-04-30T18:39:20.317+0530] {dagbag.py:540} INFO - Filling up the DagBag from /home/wsl/airflow_venv/lib/python3.10/site-packages/airflow/example_dags/plugins/workday.py
[2024-04-30T18:39:20.327+0530] {logging_mixin.py:188} INFO - [2024-04-30T18:39:20.326+0530] {workday.py:41} WARNING - Could not import pandas. Holidays will not be considered.
[2024-04-30T18:39:20.328+0530] {processor.py:842} WARNING - No viable dags retrieved from /home/wsl/airflow_venv/lib/python3.10/site-packages/airflow/example_dags/plugins/workday.py
[2024-04-30T18:39:20.351+0530] {processor.py:183} INFO - Processing /home/wsl/airflow_venv/lib/python3.10/site-packages/airflow/example_dags/plugins/workday.py took 0.055 seconds
[2024-04-30T18:40:10.600+0530] {processor.py:161} INFO - Started process (PID=2629) to work on /home/wsl/airflow_venv/lib/python3.10/site-packages/airflow/example_dags/plugins/workday.py
[2024-04-30T18:40:10.602+0530] {processor.py:830} INFO - Processing file /home/wsl/airflow_venv/lib/python3.10/site-packages/airflow/example_dags/plugins/workday.py for tasks to queue
[2024-04-30T18:40:10.605+0530] {logging_mixin.py:188} INFO - [2024-04-30T18:40:10.604+0530] {dagbag.py:540} INFO - Filling up the DagBag from /home/wsl/airflow_venv/lib/python3.10/site-packages/airflow/example_dags/plugins/workday.py
[2024-04-30T18:40:10.609+0530] {logging_mixin.py:188} INFO - [2024-04-30T18:40:10.609+0530] {workday.py:41} WARNING - Could not import pandas. Holidays will not be considered.
[2024-04-30T18:40:10.610+0530] {processor.py:842} WARNING - No viable dags retrieved from /home/wsl/airflow_venv/lib/python3.10/site-packages/airflow/example_dags/plugins/workday.py
[2024-04-30T18:40:10.625+0530] {processor.py:183} INFO - Processing /home/wsl/airflow_venv/lib/python3.10/site-packages/airflow/example_dags/plugins/workday.py took 0.033 seconds
[2024-04-30T18:41:03.723+0530] {processor.py:161} INFO - Started process (PID=2678) to work on /home/wsl/airflow_venv/lib/python3.10/site-packages/airflow/example_dags/plugins/workday.py
[2024-04-30T18:41:03.726+0530] {processor.py:830} INFO - Processing file /home/wsl/airflow_venv/lib/python3.10/site-packages/airflow/example_dags/plugins/workday.py for tasks to queue
[2024-04-30T18:41:03.728+0530] {logging_mixin.py:188} INFO - [2024-04-30T18:41:03.727+0530] {dagbag.py:540} INFO - Filling up the DagBag from /home/wsl/airflow_venv/lib/python3.10/site-packages/airflow/example_dags/plugins/workday.py
[2024-04-30T18:41:03.731+0530] {logging_mixin.py:188} INFO - [2024-04-30T18:41:03.730+0530] {workday.py:41} WARNING - Could not import pandas. Holidays will not be considered.
[2024-04-30T18:41:03.731+0530] {processor.py:842} WARNING - No viable dags retrieved from /home/wsl/airflow_venv/lib/python3.10/site-packages/airflow/example_dags/plugins/workday.py
[2024-04-30T18:41:03.744+0530] {processor.py:183} INFO - Processing /home/wsl/airflow_venv/lib/python3.10/site-packages/airflow/example_dags/plugins/workday.py took 0.028 seconds
[2024-04-30T18:41:55.637+0530] {processor.py:161} INFO - Started process (PID=2728) to work on /home/wsl/airflow_venv/lib/python3.10/site-packages/airflow/example_dags/plugins/workday.py
[2024-04-30T18:41:55.639+0530] {processor.py:830} INFO - Processing file /home/wsl/airflow_venv/lib/python3.10/site-packages/airflow/example_dags/plugins/workday.py for tasks to queue
[2024-04-30T18:41:55.640+0530] {logging_mixin.py:188} INFO - [2024-04-30T18:41:55.640+0530] {dagbag.py:540} INFO - Filling up the DagBag from /home/wsl/airflow_venv/lib/python3.10/site-packages/airflow/example_dags/plugins/workday.py
[2024-04-30T18:41:55.644+0530] {logging_mixin.py:188} INFO - [2024-04-30T18:41:55.644+0530] {workday.py:41} WARNING - Could not import pandas. Holidays will not be considered.
[2024-04-30T18:41:55.644+0530] {processor.py:842} WARNING - No viable dags retrieved from /home/wsl/airflow_venv/lib/python3.10/site-packages/airflow/example_dags/plugins/workday.py
[2024-04-30T18:41:55.657+0530] {processor.py:183} INFO - Processing /home/wsl/airflow_venv/lib/python3.10/site-packages/airflow/example_dags/plugins/workday.py took 0.030 seconds
[2024-04-30T18:42:59.412+0530] {processor.py:161} INFO - Started process (PID=2779) to work on /home/wsl/airflow_venv/lib/python3.10/site-packages/airflow/example_dags/plugins/workday.py
[2024-04-30T18:42:59.414+0530] {processor.py:830} INFO - Processing file /home/wsl/airflow_venv/lib/python3.10/site-packages/airflow/example_dags/plugins/workday.py for tasks to queue
[2024-04-30T18:42:59.416+0530] {logging_mixin.py:188} INFO - [2024-04-30T18:42:59.415+0530] {dagbag.py:540} INFO - Filling up the DagBag from /home/wsl/airflow_venv/lib/python3.10/site-packages/airflow/example_dags/plugins/workday.py
[2024-04-30T18:42:59.419+0530] {logging_mixin.py:188} INFO - [2024-04-30T18:42:59.418+0530] {workday.py:41} WARNING - Could not import pandas. Holidays will not be considered.
[2024-04-30T18:42:59.419+0530] {processor.py:842} WARNING - No viable dags retrieved from /home/wsl/airflow_venv/lib/python3.10/site-packages/airflow/example_dags/plugins/workday.py
[2024-04-30T18:42:59.431+0530] {processor.py:183} INFO - Processing /home/wsl/airflow_venv/lib/python3.10/site-packages/airflow/example_dags/plugins/workday.py took 0.026 seconds
[2024-04-30T18:44:05.721+0530] {processor.py:161} INFO - Started process (PID=3057) to work on /home/wsl/airflow_venv/lib/python3.10/site-packages/airflow/example_dags/plugins/workday.py
[2024-04-30T18:44:05.723+0530] {processor.py:830} INFO - Processing file /home/wsl/airflow_venv/lib/python3.10/site-packages/airflow/example_dags/plugins/workday.py for tasks to queue
[2024-04-30T18:44:05.724+0530] {logging_mixin.py:188} INFO - [2024-04-30T18:44:05.724+0530] {dagbag.py:540} INFO - Filling up the DagBag from /home/wsl/airflow_venv/lib/python3.10/site-packages/airflow/example_dags/plugins/workday.py
[2024-04-30T18:44:05.727+0530] {logging_mixin.py:188} INFO - [2024-04-30T18:44:05.727+0530] {workday.py:41} WARNING - Could not import pandas. Holidays will not be considered.
[2024-04-30T18:44:05.728+0530] {processor.py:842} WARNING - No viable dags retrieved from /home/wsl/airflow_venv/lib/python3.10/site-packages/airflow/example_dags/plugins/workday.py
[2024-04-30T18:44:05.740+0530] {processor.py:183} INFO - Processing /home/wsl/airflow_venv/lib/python3.10/site-packages/airflow/example_dags/plugins/workday.py took 0.028 seconds
[2024-04-30T18:44:58.507+0530] {processor.py:161} INFO - Started process (PID=3114) to work on /home/wsl/airflow_venv/lib/python3.10/site-packages/airflow/example_dags/plugins/workday.py
[2024-04-30T18:44:58.510+0530] {processor.py:830} INFO - Processing file /home/wsl/airflow_venv/lib/python3.10/site-packages/airflow/example_dags/plugins/workday.py for tasks to queue
[2024-04-30T18:44:58.514+0530] {logging_mixin.py:188} INFO - [2024-04-30T18:44:58.513+0530] {dagbag.py:540} INFO - Filling up the DagBag from /home/wsl/airflow_venv/lib/python3.10/site-packages/airflow/example_dags/plugins/workday.py
[2024-04-30T18:44:58.519+0530] {logging_mixin.py:188} INFO - [2024-04-30T18:44:58.519+0530] {workday.py:41} WARNING - Could not import pandas. Holidays will not be considered.
[2024-04-30T18:44:58.519+0530] {processor.py:842} WARNING - No viable dags retrieved from /home/wsl/airflow_venv/lib/python3.10/site-packages/airflow/example_dags/plugins/workday.py
[2024-04-30T18:44:58.536+0530] {processor.py:183} INFO - Processing /home/wsl/airflow_venv/lib/python3.10/site-packages/airflow/example_dags/plugins/workday.py took 0.044 seconds
[2024-04-30T18:45:50.607+0530] {processor.py:161} INFO - Started process (PID=3161) to work on /home/wsl/airflow_venv/lib/python3.10/site-packages/airflow/example_dags/plugins/workday.py
[2024-04-30T18:45:50.609+0530] {processor.py:830} INFO - Processing file /home/wsl/airflow_venv/lib/python3.10/site-packages/airflow/example_dags/plugins/workday.py for tasks to queue
[2024-04-30T18:45:50.611+0530] {logging_mixin.py:188} INFO - [2024-04-30T18:45:50.611+0530] {dagbag.py:540} INFO - Filling up the DagBag from /home/wsl/airflow_venv/lib/python3.10/site-packages/airflow/example_dags/plugins/workday.py
[2024-04-30T18:45:50.616+0530] {logging_mixin.py:188} INFO - [2024-04-30T18:45:50.615+0530] {workday.py:41} WARNING - Could not import pandas. Holidays will not be considered.
[2024-04-30T18:45:50.616+0530] {processor.py:842} WARNING - No viable dags retrieved from /home/wsl/airflow_venv/lib/python3.10/site-packages/airflow/example_dags/plugins/workday.py
[2024-04-30T18:45:50.632+0530] {processor.py:183} INFO - Processing /home/wsl/airflow_venv/lib/python3.10/site-packages/airflow/example_dags/plugins/workday.py took 0.038 seconds
[2024-04-30T18:46:42.595+0530] {processor.py:161} INFO - Started process (PID=3273) to work on /home/wsl/airflow_venv/lib/python3.10/site-packages/airflow/example_dags/plugins/workday.py
[2024-04-30T18:46:42.597+0530] {processor.py:830} INFO - Processing file /home/wsl/airflow_venv/lib/python3.10/site-packages/airflow/example_dags/plugins/workday.py for tasks to queue
[2024-04-30T18:46:42.599+0530] {logging_mixin.py:188} INFO - [2024-04-30T18:46:42.599+0530] {dagbag.py:540} INFO - Filling up the DagBag from /home/wsl/airflow_venv/lib/python3.10/site-packages/airflow/example_dags/plugins/workday.py
[2024-04-30T18:46:42.602+0530] {logging_mixin.py:188} INFO - [2024-04-30T18:46:42.602+0530] {workday.py:41} WARNING - Could not import pandas. Holidays will not be considered.
[2024-04-30T18:46:42.603+0530] {processor.py:842} WARNING - No viable dags retrieved from /home/wsl/airflow_venv/lib/python3.10/site-packages/airflow/example_dags/plugins/workday.py
[2024-04-30T18:46:42.615+0530] {processor.py:183} INFO - Processing /home/wsl/airflow_venv/lib/python3.10/site-packages/airflow/example_dags/plugins/workday.py took 0.029 seconds
[2024-04-30T18:47:33.038+0530] {processor.py:161} INFO - Started process (PID=3321) to work on /home/wsl/airflow_venv/lib/python3.10/site-packages/airflow/example_dags/plugins/workday.py
[2024-04-30T18:47:33.042+0530] {processor.py:830} INFO - Processing file /home/wsl/airflow_venv/lib/python3.10/site-packages/airflow/example_dags/plugins/workday.py for tasks to queue
[2024-04-30T18:47:33.045+0530] {logging_mixin.py:188} INFO - [2024-04-30T18:47:33.045+0530] {dagbag.py:540} INFO - Filling up the DagBag from /home/wsl/airflow_venv/lib/python3.10/site-packages/airflow/example_dags/plugins/workday.py
[2024-04-30T18:47:33.049+0530] {logging_mixin.py:188} INFO - [2024-04-30T18:47:33.049+0530] {workday.py:41} WARNING - Could not import pandas. Holidays will not be considered.
[2024-04-30T18:47:33.050+0530] {processor.py:842} WARNING - No viable dags retrieved from /home/wsl/airflow_venv/lib/python3.10/site-packages/airflow/example_dags/plugins/workday.py
[2024-04-30T18:47:33.067+0530] {processor.py:183} INFO - Processing /home/wsl/airflow_venv/lib/python3.10/site-packages/airflow/example_dags/plugins/workday.py took 0.050 seconds
[2024-04-30T18:48:40.948+0530] {processor.py:161} INFO - Started process (PID=3381) to work on /home/wsl/airflow_venv/lib/python3.10/site-packages/airflow/example_dags/plugins/workday.py
[2024-04-30T18:48:40.953+0530] {processor.py:830} INFO - Processing file /home/wsl/airflow_venv/lib/python3.10/site-packages/airflow/example_dags/plugins/workday.py for tasks to queue
[2024-04-30T18:48:40.955+0530] {logging_mixin.py:188} INFO - [2024-04-30T18:48:40.955+0530] {dagbag.py:540} INFO - Filling up the DagBag from /home/wsl/airflow_venv/lib/python3.10/site-packages/airflow/example_dags/plugins/workday.py
[2024-04-30T18:48:40.958+0530] {logging_mixin.py:188} INFO - [2024-04-30T18:48:40.958+0530] {workday.py:41} WARNING - Could not import pandas. Holidays will not be considered.
[2024-04-30T18:48:40.959+0530] {processor.py:842} WARNING - No viable dags retrieved from /home/wsl/airflow_venv/lib/python3.10/site-packages/airflow/example_dags/plugins/workday.py
[2024-04-30T18:48:40.973+0530] {processor.py:183} INFO - Processing /home/wsl/airflow_venv/lib/python3.10/site-packages/airflow/example_dags/plugins/workday.py took 0.036 seconds
[2024-04-30T18:49:35.122+0530] {processor.py:161} INFO - Started process (PID=3432) to work on /home/wsl/airflow_venv/lib/python3.10/site-packages/airflow/example_dags/plugins/workday.py
[2024-04-30T18:49:35.124+0530] {processor.py:830} INFO - Processing file /home/wsl/airflow_venv/lib/python3.10/site-packages/airflow/example_dags/plugins/workday.py for tasks to queue
[2024-04-30T18:49:35.126+0530] {logging_mixin.py:188} INFO - [2024-04-30T18:49:35.125+0530] {dagbag.py:540} INFO - Filling up the DagBag from /home/wsl/airflow_venv/lib/python3.10/site-packages/airflow/example_dags/plugins/workday.py
[2024-04-30T18:49:35.129+0530] {logging_mixin.py:188} INFO - [2024-04-30T18:49:35.129+0530] {workday.py:41} WARNING - Could not import pandas. Holidays will not be considered.
[2024-04-30T18:49:35.129+0530] {processor.py:842} WARNING - No viable dags retrieved from /home/wsl/airflow_venv/lib/python3.10/site-packages/airflow/example_dags/plugins/workday.py
[2024-04-30T18:49:35.143+0530] {processor.py:183} INFO - Processing /home/wsl/airflow_venv/lib/python3.10/site-packages/airflow/example_dags/plugins/workday.py took 0.035 seconds
[2024-04-30T18:50:43.499+0530] {processor.py:161} INFO - Started process (PID=3485) to work on /home/wsl/airflow_venv/lib/python3.10/site-packages/airflow/example_dags/plugins/workday.py
[2024-04-30T18:50:43.501+0530] {processor.py:830} INFO - Processing file /home/wsl/airflow_venv/lib/python3.10/site-packages/airflow/example_dags/plugins/workday.py for tasks to queue
[2024-04-30T18:50:43.503+0530] {logging_mixin.py:188} INFO - [2024-04-30T18:50:43.503+0530] {dagbag.py:540} INFO - Filling up the DagBag from /home/wsl/airflow_venv/lib/python3.10/site-packages/airflow/example_dags/plugins/workday.py
[2024-04-30T18:50:43.507+0530] {logging_mixin.py:188} INFO - [2024-04-30T18:50:43.506+0530] {workday.py:41} WARNING - Could not import pandas. Holidays will not be considered.
[2024-04-30T18:50:43.507+0530] {processor.py:842} WARNING - No viable dags retrieved from /home/wsl/airflow_venv/lib/python3.10/site-packages/airflow/example_dags/plugins/workday.py
[2024-04-30T18:50:43.519+0530] {processor.py:183} INFO - Processing /home/wsl/airflow_venv/lib/python3.10/site-packages/airflow/example_dags/plugins/workday.py took 0.027 seconds
[2024-04-30T18:51:52.350+0530] {processor.py:161} INFO - Started process (PID=3576) to work on /home/wsl/airflow_venv/lib/python3.10/site-packages/airflow/example_dags/plugins/workday.py
[2024-04-30T18:51:52.456+0530] {processor.py:830} INFO - Processing file /home/wsl/airflow_venv/lib/python3.10/site-packages/airflow/example_dags/plugins/workday.py for tasks to queue
[2024-04-30T18:51:52.460+0530] {logging_mixin.py:188} INFO - [2024-04-30T18:51:52.459+0530] {dagbag.py:540} INFO - Filling up the DagBag from /home/wsl/airflow_venv/lib/python3.10/site-packages/airflow/example_dags/plugins/workday.py
[2024-04-30T18:51:52.480+0530] {logging_mixin.py:188} INFO - [2024-04-30T18:51:52.480+0530] {workday.py:41} WARNING - Could not import pandas. Holidays will not be considered.
[2024-04-30T18:51:52.481+0530] {processor.py:842} WARNING - No viable dags retrieved from /home/wsl/airflow_venv/lib/python3.10/site-packages/airflow/example_dags/plugins/workday.py
[2024-04-30T18:51:52.533+0530] {processor.py:183} INFO - Processing /home/wsl/airflow_venv/lib/python3.10/site-packages/airflow/example_dags/plugins/workday.py took 0.204 seconds
[2024-04-30T18:53:40.121+0530] {processor.py:161} INFO - Started process (PID=3646) to work on /home/wsl/airflow_venv/lib/python3.10/site-packages/airflow/example_dags/plugins/workday.py
[2024-04-30T18:53:40.123+0530] {processor.py:830} INFO - Processing file /home/wsl/airflow_venv/lib/python3.10/site-packages/airflow/example_dags/plugins/workday.py for tasks to queue
[2024-04-30T18:53:40.126+0530] {logging_mixin.py:188} INFO - [2024-04-30T18:53:40.126+0530] {dagbag.py:540} INFO - Filling up the DagBag from /home/wsl/airflow_venv/lib/python3.10/site-packages/airflow/example_dags/plugins/workday.py
[2024-04-30T18:53:40.129+0530] {logging_mixin.py:188} INFO - [2024-04-30T18:53:40.129+0530] {workday.py:41} WARNING - Could not import pandas. Holidays will not be considered.
[2024-04-30T18:53:40.130+0530] {processor.py:842} WARNING - No viable dags retrieved from /home/wsl/airflow_venv/lib/python3.10/site-packages/airflow/example_dags/plugins/workday.py
[2024-04-30T18:53:40.142+0530] {processor.py:183} INFO - Processing /home/wsl/airflow_venv/lib/python3.10/site-packages/airflow/example_dags/plugins/workday.py took 0.027 seconds
[2024-04-30T18:54:39.437+0530] {processor.py:161} INFO - Started process (PID=3708) to work on /home/wsl/airflow_venv/lib/python3.10/site-packages/airflow/example_dags/plugins/workday.py
[2024-04-30T18:54:39.438+0530] {processor.py:830} INFO - Processing file /home/wsl/airflow_venv/lib/python3.10/site-packages/airflow/example_dags/plugins/workday.py for tasks to queue
[2024-04-30T18:54:39.440+0530] {logging_mixin.py:188} INFO - [2024-04-30T18:54:39.440+0530] {dagbag.py:540} INFO - Filling up the DagBag from /home/wsl/airflow_venv/lib/python3.10/site-packages/airflow/example_dags/plugins/workday.py
[2024-04-30T18:54:39.443+0530] {logging_mixin.py:188} INFO - [2024-04-30T18:54:39.443+0530] {workday.py:41} WARNING - Could not import pandas. Holidays will not be considered.
[2024-04-30T18:54:39.443+0530] {processor.py:842} WARNING - No viable dags retrieved from /home/wsl/airflow_venv/lib/python3.10/site-packages/airflow/example_dags/plugins/workday.py
[2024-04-30T18:54:39.457+0530] {processor.py:183} INFO - Processing /home/wsl/airflow_venv/lib/python3.10/site-packages/airflow/example_dags/plugins/workday.py took 0.026 seconds
[2024-04-30T18:56:04.159+0530] {processor.py:161} INFO - Started process (PID=4031) to work on /home/wsl/airflow_venv/lib/python3.10/site-packages/airflow/example_dags/plugins/workday.py
[2024-04-30T18:56:04.162+0530] {processor.py:830} INFO - Processing file /home/wsl/airflow_venv/lib/python3.10/site-packages/airflow/example_dags/plugins/workday.py for tasks to queue
[2024-04-30T18:56:04.173+0530] {logging_mixin.py:188} INFO - [2024-04-30T18:56:04.165+0530] {dagbag.py:540} INFO - Filling up the DagBag from /home/wsl/airflow_venv/lib/python3.10/site-packages/airflow/example_dags/plugins/workday.py
[2024-04-30T18:56:04.178+0530] {logging_mixin.py:188} INFO - [2024-04-30T18:56:04.178+0530] {workday.py:41} WARNING - Could not import pandas. Holidays will not be considered.
[2024-04-30T18:56:04.179+0530] {processor.py:842} WARNING - No viable dags retrieved from /home/wsl/airflow_venv/lib/python3.10/site-packages/airflow/example_dags/plugins/workday.py
[2024-04-30T18:56:04.219+0530] {processor.py:183} INFO - Processing /home/wsl/airflow_venv/lib/python3.10/site-packages/airflow/example_dags/plugins/workday.py took 0.090 seconds
[2024-05-01T01:59:44.156+0530] {processor.py:161} INFO - Started process (PID=36971) to work on /home/wsl/airflow_venv/lib/python3.10/site-packages/airflow/example_dags/plugins/workday.py
[2024-05-01T01:59:44.159+0530] {processor.py:830} INFO - Processing file /home/wsl/airflow_venv/lib/python3.10/site-packages/airflow/example_dags/plugins/workday.py for tasks to queue
[2024-05-01T01:59:44.162+0530] {logging_mixin.py:188} INFO - [2024-05-01T01:59:44.161+0530] {dagbag.py:540} INFO - Filling up the DagBag from /home/wsl/airflow_venv/lib/python3.10/site-packages/airflow/example_dags/plugins/workday.py
[2024-05-01T01:59:44.166+0530] {logging_mixin.py:188} INFO - [2024-05-01T01:59:44.165+0530] {workday.py:41} WARNING - Could not import pandas. Holidays will not be considered.
[2024-05-01T01:59:44.167+0530] {processor.py:842} WARNING - No viable dags retrieved from /home/wsl/airflow_venv/lib/python3.10/site-packages/airflow/example_dags/plugins/workday.py
[2024-05-01T01:59:44.182+0530] {processor.py:183} INFO - Processing /home/wsl/airflow_venv/lib/python3.10/site-packages/airflow/example_dags/plugins/workday.py took 0.035 seconds
[2024-05-01T02:01:14.724+0530] {processor.py:161} INFO - Started process (PID=37881) to work on /home/wsl/airflow_venv/lib/python3.10/site-packages/airflow/example_dags/plugins/workday.py
[2024-05-01T02:01:14.727+0530] {processor.py:830} INFO - Processing file /home/wsl/airflow_venv/lib/python3.10/site-packages/airflow/example_dags/plugins/workday.py for tasks to queue
[2024-05-01T02:01:14.732+0530] {logging_mixin.py:188} INFO - [2024-05-01T02:01:14.731+0530] {dagbag.py:540} INFO - Filling up the DagBag from /home/wsl/airflow_venv/lib/python3.10/site-packages/airflow/example_dags/plugins/workday.py
[2024-05-01T02:01:14.741+0530] {logging_mixin.py:188} INFO - [2024-05-01T02:01:14.740+0530] {workday.py:41} WARNING - Could not import pandas. Holidays will not be considered.
[2024-05-01T02:01:14.742+0530] {processor.py:842} WARNING - No viable dags retrieved from /home/wsl/airflow_venv/lib/python3.10/site-packages/airflow/example_dags/plugins/workday.py
[2024-05-01T02:01:14.761+0530] {processor.py:183} INFO - Processing /home/wsl/airflow_venv/lib/python3.10/site-packages/airflow/example_dags/plugins/workday.py took 0.048 seconds
[2024-05-01T02:02:24.099+0530] {processor.py:161} INFO - Started process (PID=38565) to work on /home/wsl/airflow_venv/lib/python3.10/site-packages/airflow/example_dags/plugins/workday.py
[2024-05-01T02:02:24.103+0530] {processor.py:830} INFO - Processing file /home/wsl/airflow_venv/lib/python3.10/site-packages/airflow/example_dags/plugins/workday.py for tasks to queue
[2024-05-01T02:02:24.108+0530] {logging_mixin.py:188} INFO - [2024-05-01T02:02:24.106+0530] {dagbag.py:540} INFO - Filling up the DagBag from /home/wsl/airflow_venv/lib/python3.10/site-packages/airflow/example_dags/plugins/workday.py
[2024-05-01T02:02:24.114+0530] {logging_mixin.py:188} INFO - [2024-05-01T02:02:24.113+0530] {workday.py:41} WARNING - Could not import pandas. Holidays will not be considered.
[2024-05-01T02:02:24.114+0530] {processor.py:842} WARNING - No viable dags retrieved from /home/wsl/airflow_venv/lib/python3.10/site-packages/airflow/example_dags/plugins/workday.py
[2024-05-01T02:02:24.135+0530] {processor.py:183} INFO - Processing /home/wsl/airflow_venv/lib/python3.10/site-packages/airflow/example_dags/plugins/workday.py took 0.051 seconds
[2024-05-01T02:03:30.457+0530] {processor.py:161} INFO - Started process (PID=39296) to work on /home/wsl/airflow_venv/lib/python3.10/site-packages/airflow/example_dags/plugins/workday.py
[2024-05-01T02:03:30.522+0530] {processor.py:830} INFO - Processing file /home/wsl/airflow_venv/lib/python3.10/site-packages/airflow/example_dags/plugins/workday.py for tasks to queue
[2024-05-01T02:03:30.525+0530] {logging_mixin.py:188} INFO - [2024-05-01T02:03:30.524+0530] {dagbag.py:540} INFO - Filling up the DagBag from /home/wsl/airflow_venv/lib/python3.10/site-packages/airflow/example_dags/plugins/workday.py
[2024-05-01T02:03:30.533+0530] {logging_mixin.py:188} INFO - [2024-05-01T02:03:30.532+0530] {workday.py:41} WARNING - Could not import pandas. Holidays will not be considered.
[2024-05-01T02:03:30.534+0530] {processor.py:842} WARNING - No viable dags retrieved from /home/wsl/airflow_venv/lib/python3.10/site-packages/airflow/example_dags/plugins/workday.py
[2024-05-01T02:03:30.549+0530] {processor.py:183} INFO - Processing /home/wsl/airflow_venv/lib/python3.10/site-packages/airflow/example_dags/plugins/workday.py took 0.105 seconds
[2024-05-01T02:04:24.604+0530] {processor.py:161} INFO - Started process (PID=39786) to work on /home/wsl/airflow_venv/lib/python3.10/site-packages/airflow/example_dags/plugins/workday.py
[2024-05-01T02:04:24.606+0530] {processor.py:830} INFO - Processing file /home/wsl/airflow_venv/lib/python3.10/site-packages/airflow/example_dags/plugins/workday.py for tasks to queue
[2024-05-01T02:04:24.608+0530] {logging_mixin.py:188} INFO - [2024-05-01T02:04:24.607+0530] {dagbag.py:540} INFO - Filling up the DagBag from /home/wsl/airflow_venv/lib/python3.10/site-packages/airflow/example_dags/plugins/workday.py
[2024-05-01T02:04:24.611+0530] {logging_mixin.py:188} INFO - [2024-05-01T02:04:24.611+0530] {workday.py:41} WARNING - Could not import pandas. Holidays will not be considered.
[2024-05-01T02:04:24.611+0530] {processor.py:842} WARNING - No viable dags retrieved from /home/wsl/airflow_venv/lib/python3.10/site-packages/airflow/example_dags/plugins/workday.py
[2024-05-01T02:04:24.624+0530] {processor.py:183} INFO - Processing /home/wsl/airflow_venv/lib/python3.10/site-packages/airflow/example_dags/plugins/workday.py took 0.028 seconds
[2024-05-01T02:05:36.328+0530] {processor.py:161} INFO - Started process (PID=40600) to work on /home/wsl/airflow_venv/lib/python3.10/site-packages/airflow/example_dags/plugins/workday.py
[2024-05-01T02:05:36.331+0530] {processor.py:830} INFO - Processing file /home/wsl/airflow_venv/lib/python3.10/site-packages/airflow/example_dags/plugins/workday.py for tasks to queue
[2024-05-01T02:05:36.334+0530] {logging_mixin.py:188} INFO - [2024-05-01T02:05:36.333+0530] {dagbag.py:540} INFO - Filling up the DagBag from /home/wsl/airflow_venv/lib/python3.10/site-packages/airflow/example_dags/plugins/workday.py
[2024-05-01T02:05:36.338+0530] {logging_mixin.py:188} INFO - [2024-05-01T02:05:36.338+0530] {workday.py:41} WARNING - Could not import pandas. Holidays will not be considered.
[2024-05-01T02:05:36.339+0530] {processor.py:842} WARNING - No viable dags retrieved from /home/wsl/airflow_venv/lib/python3.10/site-packages/airflow/example_dags/plugins/workday.py
[2024-05-01T02:05:36.353+0530] {processor.py:183} INFO - Processing /home/wsl/airflow_venv/lib/python3.10/site-packages/airflow/example_dags/plugins/workday.py took 0.036 seconds
[2024-05-01T02:06:33.280+0530] {processor.py:161} INFO - Started process (PID=41242) to work on /home/wsl/airflow_venv/lib/python3.10/site-packages/airflow/example_dags/plugins/workday.py
[2024-05-01T02:06:33.283+0530] {processor.py:830} INFO - Processing file /home/wsl/airflow_venv/lib/python3.10/site-packages/airflow/example_dags/plugins/workday.py for tasks to queue
[2024-05-01T02:06:33.287+0530] {logging_mixin.py:188} INFO - [2024-05-01T02:06:33.286+0530] {dagbag.py:540} INFO - Filling up the DagBag from /home/wsl/airflow_venv/lib/python3.10/site-packages/airflow/example_dags/plugins/workday.py
[2024-05-01T02:06:33.293+0530] {logging_mixin.py:188} INFO - [2024-05-01T02:06:33.293+0530] {workday.py:41} WARNING - Could not import pandas. Holidays will not be considered.
[2024-05-01T02:06:33.294+0530] {processor.py:842} WARNING - No viable dags retrieved from /home/wsl/airflow_venv/lib/python3.10/site-packages/airflow/example_dags/plugins/workday.py
[2024-05-01T02:06:33.309+0530] {processor.py:183} INFO - Processing /home/wsl/airflow_venv/lib/python3.10/site-packages/airflow/example_dags/plugins/workday.py took 0.044 seconds
[2024-05-01T02:07:27.279+0530] {processor.py:161} INFO - Started process (PID=41801) to work on /home/wsl/airflow_venv/lib/python3.10/site-packages/airflow/example_dags/plugins/workday.py
[2024-05-01T02:07:27.282+0530] {processor.py:830} INFO - Processing file /home/wsl/airflow_venv/lib/python3.10/site-packages/airflow/example_dags/plugins/workday.py for tasks to queue
[2024-05-01T02:07:27.284+0530] {logging_mixin.py:188} INFO - [2024-05-01T02:07:27.284+0530] {dagbag.py:540} INFO - Filling up the DagBag from /home/wsl/airflow_venv/lib/python3.10/site-packages/airflow/example_dags/plugins/workday.py
[2024-05-01T02:07:27.288+0530] {logging_mixin.py:188} INFO - [2024-05-01T02:07:27.287+0530] {workday.py:41} WARNING - Could not import pandas. Holidays will not be considered.
[2024-05-01T02:07:27.288+0530] {processor.py:842} WARNING - No viable dags retrieved from /home/wsl/airflow_venv/lib/python3.10/site-packages/airflow/example_dags/plugins/workday.py
[2024-05-01T02:07:27.300+0530] {processor.py:183} INFO - Processing /home/wsl/airflow_venv/lib/python3.10/site-packages/airflow/example_dags/plugins/workday.py took 0.031 seconds
[2024-05-01T02:08:24.406+0530] {processor.py:161} INFO - Started process (PID=42474) to work on /home/wsl/airflow_venv/lib/python3.10/site-packages/airflow/example_dags/plugins/workday.py
[2024-05-01T02:08:24.409+0530] {processor.py:830} INFO - Processing file /home/wsl/airflow_venv/lib/python3.10/site-packages/airflow/example_dags/plugins/workday.py for tasks to queue
[2024-05-01T02:08:24.412+0530] {logging_mixin.py:188} INFO - [2024-05-01T02:08:24.411+0530] {dagbag.py:540} INFO - Filling up the DagBag from /home/wsl/airflow_venv/lib/python3.10/site-packages/airflow/example_dags/plugins/workday.py
[2024-05-01T02:08:24.416+0530] {logging_mixin.py:188} INFO - [2024-05-01T02:08:24.415+0530] {workday.py:41} WARNING - Could not import pandas. Holidays will not be considered.
[2024-05-01T02:08:24.416+0530] {processor.py:842} WARNING - No viable dags retrieved from /home/wsl/airflow_venv/lib/python3.10/site-packages/airflow/example_dags/plugins/workday.py
[2024-05-01T02:08:24.428+0530] {processor.py:183} INFO - Processing /home/wsl/airflow_venv/lib/python3.10/site-packages/airflow/example_dags/plugins/workday.py took 0.032 seconds
[2024-05-01T02:09:23.127+0530] {processor.py:161} INFO - Started process (PID=43156) to work on /home/wsl/airflow_venv/lib/python3.10/site-packages/airflow/example_dags/plugins/workday.py
[2024-05-01T02:09:23.130+0530] {processor.py:830} INFO - Processing file /home/wsl/airflow_venv/lib/python3.10/site-packages/airflow/example_dags/plugins/workday.py for tasks to queue
[2024-05-01T02:09:23.131+0530] {logging_mixin.py:188} INFO - [2024-05-01T02:09:23.131+0530] {dagbag.py:540} INFO - Filling up the DagBag from /home/wsl/airflow_venv/lib/python3.10/site-packages/airflow/example_dags/plugins/workday.py
[2024-05-01T02:09:23.134+0530] {logging_mixin.py:188} INFO - [2024-05-01T02:09:23.134+0530] {workday.py:41} WARNING - Could not import pandas. Holidays will not be considered.
[2024-05-01T02:09:23.135+0530] {processor.py:842} WARNING - No viable dags retrieved from /home/wsl/airflow_venv/lib/python3.10/site-packages/airflow/example_dags/plugins/workday.py
[2024-05-01T02:09:23.150+0530] {processor.py:183} INFO - Processing /home/wsl/airflow_venv/lib/python3.10/site-packages/airflow/example_dags/plugins/workday.py took 0.030 seconds
[2024-05-01T02:10:21.328+0530] {processor.py:161} INFO - Started process (PID=43856) to work on /home/wsl/airflow_venv/lib/python3.10/site-packages/airflow/example_dags/plugins/workday.py
[2024-05-01T02:10:21.331+0530] {processor.py:830} INFO - Processing file /home/wsl/airflow_venv/lib/python3.10/site-packages/airflow/example_dags/plugins/workday.py for tasks to queue
[2024-05-01T02:10:21.333+0530] {logging_mixin.py:188} INFO - [2024-05-01T02:10:21.333+0530] {dagbag.py:540} INFO - Filling up the DagBag from /home/wsl/airflow_venv/lib/python3.10/site-packages/airflow/example_dags/plugins/workday.py
[2024-05-01T02:10:21.338+0530] {logging_mixin.py:188} INFO - [2024-05-01T02:10:21.338+0530] {workday.py:41} WARNING - Could not import pandas. Holidays will not be considered.
[2024-05-01T02:10:21.339+0530] {processor.py:842} WARNING - No viable dags retrieved from /home/wsl/airflow_venv/lib/python3.10/site-packages/airflow/example_dags/plugins/workday.py
[2024-05-01T02:10:21.352+0530] {processor.py:183} INFO - Processing /home/wsl/airflow_venv/lib/python3.10/site-packages/airflow/example_dags/plugins/workday.py took 0.038 seconds
[2024-05-01T02:11:19.214+0530] {processor.py:161} INFO - Started process (PID=44530) to work on /home/wsl/airflow_venv/lib/python3.10/site-packages/airflow/example_dags/plugins/workday.py
[2024-05-01T02:11:19.218+0530] {processor.py:830} INFO - Processing file /home/wsl/airflow_venv/lib/python3.10/site-packages/airflow/example_dags/plugins/workday.py for tasks to queue
[2024-05-01T02:11:19.220+0530] {logging_mixin.py:188} INFO - [2024-05-01T02:11:19.219+0530] {dagbag.py:540} INFO - Filling up the DagBag from /home/wsl/airflow_venv/lib/python3.10/site-packages/airflow/example_dags/plugins/workday.py
[2024-05-01T02:11:19.224+0530] {logging_mixin.py:188} INFO - [2024-05-01T02:11:19.224+0530] {workday.py:41} WARNING - Could not import pandas. Holidays will not be considered.
[2024-05-01T02:11:19.224+0530] {processor.py:842} WARNING - No viable dags retrieved from /home/wsl/airflow_venv/lib/python3.10/site-packages/airflow/example_dags/plugins/workday.py
[2024-05-01T02:11:19.241+0530] {processor.py:183} INFO - Processing /home/wsl/airflow_venv/lib/python3.10/site-packages/airflow/example_dags/plugins/workday.py took 0.041 seconds
[2024-05-01T02:12:13.873+0530] {processor.py:161} INFO - Started process (PID=45092) to work on /home/wsl/airflow_venv/lib/python3.10/site-packages/airflow/example_dags/plugins/workday.py
[2024-05-01T02:12:13.875+0530] {processor.py:830} INFO - Processing file /home/wsl/airflow_venv/lib/python3.10/site-packages/airflow/example_dags/plugins/workday.py for tasks to queue
[2024-05-01T02:12:13.877+0530] {logging_mixin.py:188} INFO - [2024-05-01T02:12:13.877+0530] {dagbag.py:540} INFO - Filling up the DagBag from /home/wsl/airflow_venv/lib/python3.10/site-packages/airflow/example_dags/plugins/workday.py
[2024-05-01T02:12:13.882+0530] {logging_mixin.py:188} INFO - [2024-05-01T02:12:13.881+0530] {workday.py:41} WARNING - Could not import pandas. Holidays will not be considered.
[2024-05-01T02:12:13.882+0530] {processor.py:842} WARNING - No viable dags retrieved from /home/wsl/airflow_venv/lib/python3.10/site-packages/airflow/example_dags/plugins/workday.py
[2024-05-01T02:12:13.896+0530] {processor.py:183} INFO - Processing /home/wsl/airflow_venv/lib/python3.10/site-packages/airflow/example_dags/plugins/workday.py took 0.030 seconds
[2024-05-01T02:13:07.346+0530] {processor.py:161} INFO - Started process (PID=45771) to work on /home/wsl/airflow_venv/lib/python3.10/site-packages/airflow/example_dags/plugins/workday.py
[2024-05-01T02:13:07.348+0530] {processor.py:830} INFO - Processing file /home/wsl/airflow_venv/lib/python3.10/site-packages/airflow/example_dags/plugins/workday.py for tasks to queue
[2024-05-01T02:13:07.351+0530] {logging_mixin.py:188} INFO - [2024-05-01T02:13:07.350+0530] {dagbag.py:540} INFO - Filling up the DagBag from /home/wsl/airflow_venv/lib/python3.10/site-packages/airflow/example_dags/plugins/workday.py
[2024-05-01T02:13:07.355+0530] {logging_mixin.py:188} INFO - [2024-05-01T02:13:07.355+0530] {workday.py:41} WARNING - Could not import pandas. Holidays will not be considered.
[2024-05-01T02:13:07.355+0530] {processor.py:842} WARNING - No viable dags retrieved from /home/wsl/airflow_venv/lib/python3.10/site-packages/airflow/example_dags/plugins/workday.py
[2024-05-01T02:13:07.369+0530] {processor.py:183} INFO - Processing /home/wsl/airflow_venv/lib/python3.10/site-packages/airflow/example_dags/plugins/workday.py took 0.036 seconds
[2024-05-01T02:14:01.441+0530] {processor.py:161} INFO - Started process (PID=46359) to work on /home/wsl/airflow_venv/lib/python3.10/site-packages/airflow/example_dags/plugins/workday.py
[2024-05-01T02:14:01.443+0530] {processor.py:830} INFO - Processing file /home/wsl/airflow_venv/lib/python3.10/site-packages/airflow/example_dags/plugins/workday.py for tasks to queue
[2024-05-01T02:14:01.446+0530] {logging_mixin.py:188} INFO - [2024-05-01T02:14:01.446+0530] {dagbag.py:540} INFO - Filling up the DagBag from /home/wsl/airflow_venv/lib/python3.10/site-packages/airflow/example_dags/plugins/workday.py
[2024-05-01T02:14:01.451+0530] {logging_mixin.py:188} INFO - [2024-05-01T02:14:01.451+0530] {workday.py:41} WARNING - Could not import pandas. Holidays will not be considered.
[2024-05-01T02:14:01.452+0530] {processor.py:842} WARNING - No viable dags retrieved from /home/wsl/airflow_venv/lib/python3.10/site-packages/airflow/example_dags/plugins/workday.py
[2024-05-01T02:14:01.466+0530] {processor.py:183} INFO - Processing /home/wsl/airflow_venv/lib/python3.10/site-packages/airflow/example_dags/plugins/workday.py took 0.036 seconds
[2024-05-01T02:14:55.600+0530] {processor.py:161} INFO - Started process (PID=47073) to work on /home/wsl/airflow_venv/lib/python3.10/site-packages/airflow/example_dags/plugins/workday.py
[2024-05-01T02:14:55.603+0530] {processor.py:830} INFO - Processing file /home/wsl/airflow_venv/lib/python3.10/site-packages/airflow/example_dags/plugins/workday.py for tasks to queue
[2024-05-01T02:14:55.606+0530] {logging_mixin.py:188} INFO - [2024-05-01T02:14:55.605+0530] {dagbag.py:540} INFO - Filling up the DagBag from /home/wsl/airflow_venv/lib/python3.10/site-packages/airflow/example_dags/plugins/workday.py
[2024-05-01T02:14:55.610+0530] {logging_mixin.py:188} INFO - [2024-05-01T02:14:55.610+0530] {workday.py:41} WARNING - Could not import pandas. Holidays will not be considered.
[2024-05-01T02:14:55.611+0530] {processor.py:842} WARNING - No viable dags retrieved from /home/wsl/airflow_venv/lib/python3.10/site-packages/airflow/example_dags/plugins/workday.py
[2024-05-01T02:14:55.625+0530] {processor.py:183} INFO - Processing /home/wsl/airflow_venv/lib/python3.10/site-packages/airflow/example_dags/plugins/workday.py took 0.037 seconds
[2024-05-01T02:15:49.598+0530] {processor.py:161} INFO - Started process (PID=47739) to work on /home/wsl/airflow_venv/lib/python3.10/site-packages/airflow/example_dags/plugins/workday.py
[2024-05-01T02:15:49.600+0530] {processor.py:830} INFO - Processing file /home/wsl/airflow_venv/lib/python3.10/site-packages/airflow/example_dags/plugins/workday.py for tasks to queue
[2024-05-01T02:15:49.603+0530] {logging_mixin.py:188} INFO - [2024-05-01T02:15:49.602+0530] {dagbag.py:540} INFO - Filling up the DagBag from /home/wsl/airflow_venv/lib/python3.10/site-packages/airflow/example_dags/plugins/workday.py
[2024-05-01T02:15:49.608+0530] {logging_mixin.py:188} INFO - [2024-05-01T02:15:49.607+0530] {workday.py:41} WARNING - Could not import pandas. Holidays will not be considered.
[2024-05-01T02:15:49.608+0530] {processor.py:842} WARNING - No viable dags retrieved from /home/wsl/airflow_venv/lib/python3.10/site-packages/airflow/example_dags/plugins/workday.py
[2024-05-01T02:15:49.626+0530] {processor.py:183} INFO - Processing /home/wsl/airflow_venv/lib/python3.10/site-packages/airflow/example_dags/plugins/workday.py took 0.042 seconds
[2024-05-01T02:16:44.252+0530] {processor.py:161} INFO - Started process (PID=48329) to work on /home/wsl/airflow_venv/lib/python3.10/site-packages/airflow/example_dags/plugins/workday.py
[2024-05-01T02:16:44.254+0530] {processor.py:830} INFO - Processing file /home/wsl/airflow_venv/lib/python3.10/site-packages/airflow/example_dags/plugins/workday.py for tasks to queue
[2024-05-01T02:16:44.256+0530] {logging_mixin.py:188} INFO - [2024-05-01T02:16:44.256+0530] {dagbag.py:540} INFO - Filling up the DagBag from /home/wsl/airflow_venv/lib/python3.10/site-packages/airflow/example_dags/plugins/workday.py
[2024-05-01T02:16:44.261+0530] {logging_mixin.py:188} INFO - [2024-05-01T02:16:44.261+0530] {workday.py:41} WARNING - Could not import pandas. Holidays will not be considered.
[2024-05-01T02:16:44.262+0530] {processor.py:842} WARNING - No viable dags retrieved from /home/wsl/airflow_venv/lib/python3.10/site-packages/airflow/example_dags/plugins/workday.py
[2024-05-01T02:16:44.277+0530] {processor.py:183} INFO - Processing /home/wsl/airflow_venv/lib/python3.10/site-packages/airflow/example_dags/plugins/workday.py took 0.035 seconds
[2024-05-01T02:17:40.241+0530] {processor.py:161} INFO - Started process (PID=49063) to work on /home/wsl/airflow_venv/lib/python3.10/site-packages/airflow/example_dags/plugins/workday.py
[2024-05-01T02:17:40.243+0530] {processor.py:830} INFO - Processing file /home/wsl/airflow_venv/lib/python3.10/site-packages/airflow/example_dags/plugins/workday.py for tasks to queue
[2024-05-01T02:17:40.246+0530] {logging_mixin.py:188} INFO - [2024-05-01T02:17:40.245+0530] {dagbag.py:540} INFO - Filling up the DagBag from /home/wsl/airflow_venv/lib/python3.10/site-packages/airflow/example_dags/plugins/workday.py
[2024-05-01T02:17:40.250+0530] {logging_mixin.py:188} INFO - [2024-05-01T02:17:40.250+0530] {workday.py:41} WARNING - Could not import pandas. Holidays will not be considered.
[2024-05-01T02:17:40.251+0530] {processor.py:842} WARNING - No viable dags retrieved from /home/wsl/airflow_venv/lib/python3.10/site-packages/airflow/example_dags/plugins/workday.py
[2024-05-01T02:17:40.269+0530] {processor.py:183} INFO - Processing /home/wsl/airflow_venv/lib/python3.10/site-packages/airflow/example_dags/plugins/workday.py took 0.039 seconds
[2024-05-01T02:18:30.946+0530] {processor.py:161} INFO - Started process (PID=49656) to work on /home/wsl/airflow_venv/lib/python3.10/site-packages/airflow/example_dags/plugins/workday.py
[2024-05-01T02:18:30.949+0530] {processor.py:830} INFO - Processing file /home/wsl/airflow_venv/lib/python3.10/site-packages/airflow/example_dags/plugins/workday.py for tasks to queue
[2024-05-01T02:18:30.952+0530] {logging_mixin.py:188} INFO - [2024-05-01T02:18:30.951+0530] {dagbag.py:540} INFO - Filling up the DagBag from /home/wsl/airflow_venv/lib/python3.10/site-packages/airflow/example_dags/plugins/workday.py
[2024-05-01T02:18:30.955+0530] {logging_mixin.py:188} INFO - [2024-05-01T02:18:30.955+0530] {workday.py:41} WARNING - Could not import pandas. Holidays will not be considered.
[2024-05-01T02:18:30.955+0530] {processor.py:842} WARNING - No viable dags retrieved from /home/wsl/airflow_venv/lib/python3.10/site-packages/airflow/example_dags/plugins/workday.py
[2024-05-01T02:18:30.968+0530] {processor.py:183} INFO - Processing /home/wsl/airflow_venv/lib/python3.10/site-packages/airflow/example_dags/plugins/workday.py took 0.034 seconds
[2024-05-01T02:19:21.329+0530] {processor.py:161} INFO - Started process (PID=50353) to work on /home/wsl/airflow_venv/lib/python3.10/site-packages/airflow/example_dags/plugins/workday.py
[2024-05-01T02:19:21.332+0530] {processor.py:830} INFO - Processing file /home/wsl/airflow_venv/lib/python3.10/site-packages/airflow/example_dags/plugins/workday.py for tasks to queue
[2024-05-01T02:19:21.345+0530] {logging_mixin.py:188} INFO - [2024-05-01T02:19:21.344+0530] {dagbag.py:540} INFO - Filling up the DagBag from /home/wsl/airflow_venv/lib/python3.10/site-packages/airflow/example_dags/plugins/workday.py
[2024-05-01T02:19:21.353+0530] {logging_mixin.py:188} INFO - [2024-05-01T02:19:21.350+0530] {workday.py:41} WARNING - Could not import pandas. Holidays will not be considered.
[2024-05-01T02:19:21.354+0530] {processor.py:842} WARNING - No viable dags retrieved from /home/wsl/airflow_venv/lib/python3.10/site-packages/airflow/example_dags/plugins/workday.py
[2024-05-01T02:19:21.373+0530] {processor.py:183} INFO - Processing /home/wsl/airflow_venv/lib/python3.10/site-packages/airflow/example_dags/plugins/workday.py took 0.053 seconds
[2024-05-01T02:20:16.452+0530] {processor.py:161} INFO - Started process (PID=50961) to work on /home/wsl/airflow_venv/lib/python3.10/site-packages/airflow/example_dags/plugins/workday.py
[2024-05-01T02:20:16.455+0530] {processor.py:830} INFO - Processing file /home/wsl/airflow_venv/lib/python3.10/site-packages/airflow/example_dags/plugins/workday.py for tasks to queue
[2024-05-01T02:20:16.459+0530] {logging_mixin.py:188} INFO - [2024-05-01T02:20:16.458+0530] {dagbag.py:540} INFO - Filling up the DagBag from /home/wsl/airflow_venv/lib/python3.10/site-packages/airflow/example_dags/plugins/workday.py
[2024-05-01T02:20:16.464+0530] {logging_mixin.py:188} INFO - [2024-05-01T02:20:16.463+0530] {workday.py:41} WARNING - Could not import pandas. Holidays will not be considered.
[2024-05-01T02:20:16.464+0530] {processor.py:842} WARNING - No viable dags retrieved from /home/wsl/airflow_venv/lib/python3.10/site-packages/airflow/example_dags/plugins/workday.py
[2024-05-01T02:20:16.477+0530] {processor.py:183} INFO - Processing /home/wsl/airflow_venv/lib/python3.10/site-packages/airflow/example_dags/plugins/workday.py took 0.039 seconds
[2024-05-01T02:21:14.247+0530] {processor.py:161} INFO - Started process (PID=51667) to work on /home/wsl/airflow_venv/lib/python3.10/site-packages/airflow/example_dags/plugins/workday.py
[2024-05-01T02:21:14.249+0530] {processor.py:830} INFO - Processing file /home/wsl/airflow_venv/lib/python3.10/site-packages/airflow/example_dags/plugins/workday.py for tasks to queue
[2024-05-01T02:21:14.252+0530] {logging_mixin.py:188} INFO - [2024-05-01T02:21:14.251+0530] {dagbag.py:540} INFO - Filling up the DagBag from /home/wsl/airflow_venv/lib/python3.10/site-packages/airflow/example_dags/plugins/workday.py
[2024-05-01T02:21:14.256+0530] {logging_mixin.py:188} INFO - [2024-05-01T02:21:14.256+0530] {workday.py:41} WARNING - Could not import pandas. Holidays will not be considered.
[2024-05-01T02:21:14.256+0530] {processor.py:842} WARNING - No viable dags retrieved from /home/wsl/airflow_venv/lib/python3.10/site-packages/airflow/example_dags/plugins/workday.py
[2024-05-01T02:21:14.268+0530] {processor.py:183} INFO - Processing /home/wsl/airflow_venv/lib/python3.10/site-packages/airflow/example_dags/plugins/workday.py took 0.037 seconds
[2024-05-01T02:22:06.741+0530] {processor.py:161} INFO - Started process (PID=52306) to work on /home/wsl/airflow_venv/lib/python3.10/site-packages/airflow/example_dags/plugins/workday.py
[2024-05-01T02:22:06.743+0530] {processor.py:830} INFO - Processing file /home/wsl/airflow_venv/lib/python3.10/site-packages/airflow/example_dags/plugins/workday.py for tasks to queue
[2024-05-01T02:22:06.745+0530] {logging_mixin.py:188} INFO - [2024-05-01T02:22:06.744+0530] {dagbag.py:540} INFO - Filling up the DagBag from /home/wsl/airflow_venv/lib/python3.10/site-packages/airflow/example_dags/plugins/workday.py
[2024-05-01T02:22:06.748+0530] {logging_mixin.py:188} INFO - [2024-05-01T02:22:06.748+0530] {workday.py:41} WARNING - Could not import pandas. Holidays will not be considered.
[2024-05-01T02:22:06.748+0530] {processor.py:842} WARNING - No viable dags retrieved from /home/wsl/airflow_venv/lib/python3.10/site-packages/airflow/example_dags/plugins/workday.py
[2024-05-01T02:22:06.761+0530] {processor.py:183} INFO - Processing /home/wsl/airflow_venv/lib/python3.10/site-packages/airflow/example_dags/plugins/workday.py took 0.027 seconds
[2024-05-01T02:22:58.378+0530] {processor.py:161} INFO - Started process (PID=53003) to work on /home/wsl/airflow_venv/lib/python3.10/site-packages/airflow/example_dags/plugins/workday.py
[2024-05-01T02:22:58.381+0530] {processor.py:830} INFO - Processing file /home/wsl/airflow_venv/lib/python3.10/site-packages/airflow/example_dags/plugins/workday.py for tasks to queue
[2024-05-01T02:22:58.382+0530] {logging_mixin.py:188} INFO - [2024-05-01T02:22:58.382+0530] {dagbag.py:540} INFO - Filling up the DagBag from /home/wsl/airflow_venv/lib/python3.10/site-packages/airflow/example_dags/plugins/workday.py
[2024-05-01T02:22:58.386+0530] {logging_mixin.py:188} INFO - [2024-05-01T02:22:58.386+0530] {workday.py:41} WARNING - Could not import pandas. Holidays will not be considered.
[2024-05-01T02:22:58.387+0530] {processor.py:842} WARNING - No viable dags retrieved from /home/wsl/airflow_venv/lib/python3.10/site-packages/airflow/example_dags/plugins/workday.py
[2024-05-01T02:22:58.399+0530] {processor.py:183} INFO - Processing /home/wsl/airflow_venv/lib/python3.10/site-packages/airflow/example_dags/plugins/workday.py took 0.027 seconds
[2024-05-01T02:23:49.909+0530] {processor.py:161} INFO - Started process (PID=53581) to work on /home/wsl/airflow_venv/lib/python3.10/site-packages/airflow/example_dags/plugins/workday.py
[2024-05-01T02:23:49.912+0530] {processor.py:830} INFO - Processing file /home/wsl/airflow_venv/lib/python3.10/site-packages/airflow/example_dags/plugins/workday.py for tasks to queue
[2024-05-01T02:23:49.915+0530] {logging_mixin.py:188} INFO - [2024-05-01T02:23:49.914+0530] {dagbag.py:540} INFO - Filling up the DagBag from /home/wsl/airflow_venv/lib/python3.10/site-packages/airflow/example_dags/plugins/workday.py
[2024-05-01T02:23:49.919+0530] {logging_mixin.py:188} INFO - [2024-05-01T02:23:49.919+0530] {workday.py:41} WARNING - Could not import pandas. Holidays will not be considered.
[2024-05-01T02:23:49.920+0530] {processor.py:842} WARNING - No viable dags retrieved from /home/wsl/airflow_venv/lib/python3.10/site-packages/airflow/example_dags/plugins/workday.py
[2024-05-01T02:23:49.938+0530] {processor.py:183} INFO - Processing /home/wsl/airflow_venv/lib/python3.10/site-packages/airflow/example_dags/plugins/workday.py took 0.038 seconds
[2024-05-01T02:24:51.701+0530] {processor.py:161} INFO - Started process (PID=54338) to work on /home/wsl/airflow_venv/lib/python3.10/site-packages/airflow/example_dags/plugins/workday.py
[2024-05-01T02:24:51.706+0530] {processor.py:830} INFO - Processing file /home/wsl/airflow_venv/lib/python3.10/site-packages/airflow/example_dags/plugins/workday.py for tasks to queue
[2024-05-01T02:24:51.709+0530] {logging_mixin.py:188} INFO - [2024-05-01T02:24:51.708+0530] {dagbag.py:540} INFO - Filling up the DagBag from /home/wsl/airflow_venv/lib/python3.10/site-packages/airflow/example_dags/plugins/workday.py
[2024-05-01T02:24:51.715+0530] {logging_mixin.py:188} INFO - [2024-05-01T02:24:51.715+0530] {workday.py:41} WARNING - Could not import pandas. Holidays will not be considered.
[2024-05-01T02:24:51.716+0530] {processor.py:842} WARNING - No viable dags retrieved from /home/wsl/airflow_venv/lib/python3.10/site-packages/airflow/example_dags/plugins/workday.py
[2024-05-01T02:24:51.744+0530] {processor.py:183} INFO - Processing /home/wsl/airflow_venv/lib/python3.10/site-packages/airflow/example_dags/plugins/workday.py took 0.051 seconds
[2024-05-01T02:25:47.216+0530] {processor.py:161} INFO - Started process (PID=55077) to work on /home/wsl/airflow_venv/lib/python3.10/site-packages/airflow/example_dags/plugins/workday.py
[2024-05-01T02:25:47.218+0530] {processor.py:830} INFO - Processing file /home/wsl/airflow_venv/lib/python3.10/site-packages/airflow/example_dags/plugins/workday.py for tasks to queue
[2024-05-01T02:25:47.220+0530] {logging_mixin.py:188} INFO - [2024-05-01T02:25:47.220+0530] {dagbag.py:540} INFO - Filling up the DagBag from /home/wsl/airflow_venv/lib/python3.10/site-packages/airflow/example_dags/plugins/workday.py
[2024-05-01T02:25:47.224+0530] {logging_mixin.py:188} INFO - [2024-05-01T02:25:47.224+0530] {workday.py:41} WARNING - Could not import pandas. Holidays will not be considered.
[2024-05-01T02:25:47.225+0530] {processor.py:842} WARNING - No viable dags retrieved from /home/wsl/airflow_venv/lib/python3.10/site-packages/airflow/example_dags/plugins/workday.py
[2024-05-01T02:25:47.238+0530] {processor.py:183} INFO - Processing /home/wsl/airflow_venv/lib/python3.10/site-packages/airflow/example_dags/plugins/workday.py took 0.031 seconds
[2024-05-01T02:26:44.564+0530] {processor.py:161} INFO - Started process (PID=55807) to work on /home/wsl/airflow_venv/lib/python3.10/site-packages/airflow/example_dags/plugins/workday.py
[2024-05-01T02:26:44.566+0530] {processor.py:830} INFO - Processing file /home/wsl/airflow_venv/lib/python3.10/site-packages/airflow/example_dags/plugins/workday.py for tasks to queue
[2024-05-01T02:26:44.569+0530] {logging_mixin.py:188} INFO - [2024-05-01T02:26:44.568+0530] {dagbag.py:540} INFO - Filling up the DagBag from /home/wsl/airflow_venv/lib/python3.10/site-packages/airflow/example_dags/plugins/workday.py
[2024-05-01T02:26:44.572+0530] {logging_mixin.py:188} INFO - [2024-05-01T02:26:44.572+0530] {workday.py:41} WARNING - Could not import pandas. Holidays will not be considered.
[2024-05-01T02:26:44.572+0530] {processor.py:842} WARNING - No viable dags retrieved from /home/wsl/airflow_venv/lib/python3.10/site-packages/airflow/example_dags/plugins/workday.py
[2024-05-01T02:26:44.584+0530] {processor.py:183} INFO - Processing /home/wsl/airflow_venv/lib/python3.10/site-packages/airflow/example_dags/plugins/workday.py took 0.031 seconds
[2024-05-01T02:27:43.132+0530] {processor.py:161} INFO - Started process (PID=56551) to work on /home/wsl/airflow_venv/lib/python3.10/site-packages/airflow/example_dags/plugins/workday.py
[2024-05-01T02:27:43.134+0530] {processor.py:830} INFO - Processing file /home/wsl/airflow_venv/lib/python3.10/site-packages/airflow/example_dags/plugins/workday.py for tasks to queue
[2024-05-01T02:27:43.136+0530] {logging_mixin.py:188} INFO - [2024-05-01T02:27:43.136+0530] {dagbag.py:540} INFO - Filling up the DagBag from /home/wsl/airflow_venv/lib/python3.10/site-packages/airflow/example_dags/plugins/workday.py
[2024-05-01T02:27:43.140+0530] {logging_mixin.py:188} INFO - [2024-05-01T02:27:43.139+0530] {workday.py:41} WARNING - Could not import pandas. Holidays will not be considered.
[2024-05-01T02:27:43.140+0530] {processor.py:842} WARNING - No viable dags retrieved from /home/wsl/airflow_venv/lib/python3.10/site-packages/airflow/example_dags/plugins/workday.py
[2024-05-01T02:27:43.152+0530] {processor.py:183} INFO - Processing /home/wsl/airflow_venv/lib/python3.10/site-packages/airflow/example_dags/plugins/workday.py took 0.030 seconds
[2024-05-01T02:28:36.134+0530] {processor.py:161} INFO - Started process (PID=57178) to work on /home/wsl/airflow_venv/lib/python3.10/site-packages/airflow/example_dags/plugins/workday.py
[2024-05-01T02:28:36.136+0530] {processor.py:830} INFO - Processing file /home/wsl/airflow_venv/lib/python3.10/site-packages/airflow/example_dags/plugins/workday.py for tasks to queue
[2024-05-01T02:28:36.139+0530] {logging_mixin.py:188} INFO - [2024-05-01T02:28:36.138+0530] {dagbag.py:540} INFO - Filling up the DagBag from /home/wsl/airflow_venv/lib/python3.10/site-packages/airflow/example_dags/plugins/workday.py
[2024-05-01T02:28:36.143+0530] {logging_mixin.py:188} INFO - [2024-05-01T02:28:36.143+0530] {workday.py:41} WARNING - Could not import pandas. Holidays will not be considered.
[2024-05-01T02:28:36.144+0530] {processor.py:842} WARNING - No viable dags retrieved from /home/wsl/airflow_venv/lib/python3.10/site-packages/airflow/example_dags/plugins/workday.py
[2024-05-01T02:28:36.160+0530] {processor.py:183} INFO - Processing /home/wsl/airflow_venv/lib/python3.10/site-packages/airflow/example_dags/plugins/workday.py took 0.036 seconds
[2024-05-01T02:29:38.416+0530] {processor.py:161} INFO - Started process (PID=57950) to work on /home/wsl/airflow_venv/lib/python3.10/site-packages/airflow/example_dags/plugins/workday.py
[2024-05-01T02:29:38.418+0530] {processor.py:830} INFO - Processing file /home/wsl/airflow_venv/lib/python3.10/site-packages/airflow/example_dags/plugins/workday.py for tasks to queue
[2024-05-01T02:29:38.421+0530] {logging_mixin.py:188} INFO - [2024-05-01T02:29:38.420+0530] {dagbag.py:540} INFO - Filling up the DagBag from /home/wsl/airflow_venv/lib/python3.10/site-packages/airflow/example_dags/plugins/workday.py
[2024-05-01T02:29:38.425+0530] {logging_mixin.py:188} INFO - [2024-05-01T02:29:38.424+0530] {workday.py:41} WARNING - Could not import pandas. Holidays will not be considered.
[2024-05-01T02:29:38.425+0530] {processor.py:842} WARNING - No viable dags retrieved from /home/wsl/airflow_venv/lib/python3.10/site-packages/airflow/example_dags/plugins/workday.py
[2024-05-01T02:29:38.441+0530] {processor.py:183} INFO - Processing /home/wsl/airflow_venv/lib/python3.10/site-packages/airflow/example_dags/plugins/workday.py took 0.046 seconds
[2024-05-01T02:30:40.281+0530] {processor.py:161} INFO - Started process (PID=58730) to work on /home/wsl/airflow_venv/lib/python3.10/site-packages/airflow/example_dags/plugins/workday.py
[2024-05-01T02:30:40.284+0530] {processor.py:830} INFO - Processing file /home/wsl/airflow_venv/lib/python3.10/site-packages/airflow/example_dags/plugins/workday.py for tasks to queue
[2024-05-01T02:30:40.288+0530] {logging_mixin.py:188} INFO - [2024-05-01T02:30:40.287+0530] {dagbag.py:540} INFO - Filling up the DagBag from /home/wsl/airflow_venv/lib/python3.10/site-packages/airflow/example_dags/plugins/workday.py
[2024-05-01T02:30:40.294+0530] {logging_mixin.py:188} INFO - [2024-05-01T02:30:40.294+0530] {workday.py:41} WARNING - Could not import pandas. Holidays will not be considered.
[2024-05-01T02:30:40.295+0530] {processor.py:842} WARNING - No viable dags retrieved from /home/wsl/airflow_venv/lib/python3.10/site-packages/airflow/example_dags/plugins/workday.py
[2024-05-01T02:30:40.311+0530] {processor.py:183} INFO - Processing /home/wsl/airflow_venv/lib/python3.10/site-packages/airflow/example_dags/plugins/workday.py took 0.045 seconds
[2024-05-01T02:31:34.618+0530] {processor.py:161} INFO - Started process (PID=59482) to work on /home/wsl/airflow_venv/lib/python3.10/site-packages/airflow/example_dags/plugins/workday.py
[2024-05-01T02:31:34.620+0530] {processor.py:830} INFO - Processing file /home/wsl/airflow_venv/lib/python3.10/site-packages/airflow/example_dags/plugins/workday.py for tasks to queue
[2024-05-01T02:31:34.624+0530] {logging_mixin.py:188} INFO - [2024-05-01T02:31:34.623+0530] {dagbag.py:540} INFO - Filling up the DagBag from /home/wsl/airflow_venv/lib/python3.10/site-packages/airflow/example_dags/plugins/workday.py
[2024-05-01T02:31:34.629+0530] {logging_mixin.py:188} INFO - [2024-05-01T02:31:34.628+0530] {workday.py:41} WARNING - Could not import pandas. Holidays will not be considered.
[2024-05-01T02:31:34.629+0530] {processor.py:842} WARNING - No viable dags retrieved from /home/wsl/airflow_venv/lib/python3.10/site-packages/airflow/example_dags/plugins/workday.py
[2024-05-01T02:31:34.642+0530] {processor.py:183} INFO - Processing /home/wsl/airflow_venv/lib/python3.10/site-packages/airflow/example_dags/plugins/workday.py took 0.041 seconds
[2024-05-01T02:32:28.331+0530] {processor.py:161} INFO - Started process (PID=60245) to work on /home/wsl/airflow_venv/lib/python3.10/site-packages/airflow/example_dags/plugins/workday.py
[2024-05-01T02:32:28.334+0530] {processor.py:830} INFO - Processing file /home/wsl/airflow_venv/lib/python3.10/site-packages/airflow/example_dags/plugins/workday.py for tasks to queue
[2024-05-01T02:32:28.337+0530] {logging_mixin.py:188} INFO - [2024-05-01T02:32:28.337+0530] {dagbag.py:540} INFO - Filling up the DagBag from /home/wsl/airflow_venv/lib/python3.10/site-packages/airflow/example_dags/plugins/workday.py
[2024-05-01T02:32:28.343+0530] {logging_mixin.py:188} INFO - [2024-05-01T02:32:28.342+0530] {workday.py:41} WARNING - Could not import pandas. Holidays will not be considered.
[2024-05-01T02:32:28.344+0530] {processor.py:842} WARNING - No viable dags retrieved from /home/wsl/airflow_venv/lib/python3.10/site-packages/airflow/example_dags/plugins/workday.py
[2024-05-01T02:32:28.357+0530] {processor.py:183} INFO - Processing /home/wsl/airflow_venv/lib/python3.10/site-packages/airflow/example_dags/plugins/workday.py took 0.037 seconds
[2024-05-01T02:33:30.005+0530] {processor.py:161} INFO - Started process (PID=61008) to work on /home/wsl/airflow_venv/lib/python3.10/site-packages/airflow/example_dags/plugins/workday.py
[2024-05-01T02:33:30.007+0530] {processor.py:830} INFO - Processing file /home/wsl/airflow_venv/lib/python3.10/site-packages/airflow/example_dags/plugins/workday.py for tasks to queue
[2024-05-01T02:33:30.009+0530] {logging_mixin.py:188} INFO - [2024-05-01T02:33:30.009+0530] {dagbag.py:540} INFO - Filling up the DagBag from /home/wsl/airflow_venv/lib/python3.10/site-packages/airflow/example_dags/plugins/workday.py
[2024-05-01T02:33:30.013+0530] {logging_mixin.py:188} INFO - [2024-05-01T02:33:30.013+0530] {workday.py:41} WARNING - Could not import pandas. Holidays will not be considered.
[2024-05-01T02:33:30.013+0530] {processor.py:842} WARNING - No viable dags retrieved from /home/wsl/airflow_venv/lib/python3.10/site-packages/airflow/example_dags/plugins/workday.py
[2024-05-01T02:33:30.028+0530] {processor.py:183} INFO - Processing /home/wsl/airflow_venv/lib/python3.10/site-packages/airflow/example_dags/plugins/workday.py took 0.035 seconds
[2024-05-01T02:34:28.677+0530] {processor.py:161} INFO - Started process (PID=61706) to work on /home/wsl/airflow_venv/lib/python3.10/site-packages/airflow/example_dags/plugins/workday.py
[2024-05-01T02:34:28.679+0530] {processor.py:830} INFO - Processing file /home/wsl/airflow_venv/lib/python3.10/site-packages/airflow/example_dags/plugins/workday.py for tasks to queue
[2024-05-01T02:34:28.681+0530] {logging_mixin.py:188} INFO - [2024-05-01T02:34:28.680+0530] {dagbag.py:540} INFO - Filling up the DagBag from /home/wsl/airflow_venv/lib/python3.10/site-packages/airflow/example_dags/plugins/workday.py
[2024-05-01T02:34:28.684+0530] {logging_mixin.py:188} INFO - [2024-05-01T02:34:28.684+0530] {workday.py:41} WARNING - Could not import pandas. Holidays will not be considered.
[2024-05-01T02:34:28.685+0530] {processor.py:842} WARNING - No viable dags retrieved from /home/wsl/airflow_venv/lib/python3.10/site-packages/airflow/example_dags/plugins/workday.py
[2024-05-01T02:34:28.704+0530] {processor.py:183} INFO - Processing /home/wsl/airflow_venv/lib/python3.10/site-packages/airflow/example_dags/plugins/workday.py took 0.041 seconds
[2024-05-01T02:35:24.858+0530] {processor.py:161} INFO - Started process (PID=62480) to work on /home/wsl/airflow_venv/lib/python3.10/site-packages/airflow/example_dags/plugins/workday.py
[2024-05-01T02:35:24.860+0530] {processor.py:830} INFO - Processing file /home/wsl/airflow_venv/lib/python3.10/site-packages/airflow/example_dags/plugins/workday.py for tasks to queue
[2024-05-01T02:35:24.862+0530] {logging_mixin.py:188} INFO - [2024-05-01T02:35:24.861+0530] {dagbag.py:540} INFO - Filling up the DagBag from /home/wsl/airflow_venv/lib/python3.10/site-packages/airflow/example_dags/plugins/workday.py
[2024-05-01T02:35:24.865+0530] {logging_mixin.py:188} INFO - [2024-05-01T02:35:24.865+0530] {workday.py:41} WARNING - Could not import pandas. Holidays will not be considered.
[2024-05-01T02:35:24.865+0530] {processor.py:842} WARNING - No viable dags retrieved from /home/wsl/airflow_venv/lib/python3.10/site-packages/airflow/example_dags/plugins/workday.py
[2024-05-01T02:35:24.879+0530] {processor.py:183} INFO - Processing /home/wsl/airflow_venv/lib/python3.10/site-packages/airflow/example_dags/plugins/workday.py took 0.030 seconds
[2024-05-01T02:36:18.516+0530] {processor.py:161} INFO - Started process (PID=63229) to work on /home/wsl/airflow_venv/lib/python3.10/site-packages/airflow/example_dags/plugins/workday.py
[2024-05-01T02:36:18.518+0530] {processor.py:830} INFO - Processing file /home/wsl/airflow_venv/lib/python3.10/site-packages/airflow/example_dags/plugins/workday.py for tasks to queue
[2024-05-01T02:36:18.520+0530] {logging_mixin.py:188} INFO - [2024-05-01T02:36:18.520+0530] {dagbag.py:540} INFO - Filling up the DagBag from /home/wsl/airflow_venv/lib/python3.10/site-packages/airflow/example_dags/plugins/workday.py
[2024-05-01T02:36:18.524+0530] {logging_mixin.py:188} INFO - [2024-05-01T02:36:18.524+0530] {workday.py:41} WARNING - Could not import pandas. Holidays will not be considered.
[2024-05-01T02:36:18.524+0530] {processor.py:842} WARNING - No viable dags retrieved from /home/wsl/airflow_venv/lib/python3.10/site-packages/airflow/example_dags/plugins/workday.py
[2024-05-01T02:36:18.540+0530] {processor.py:183} INFO - Processing /home/wsl/airflow_venv/lib/python3.10/site-packages/airflow/example_dags/plugins/workday.py took 0.034 seconds
[2024-05-01T02:37:14.557+0530] {processor.py:161} INFO - Started process (PID=63876) to work on /home/wsl/airflow_venv/lib/python3.10/site-packages/airflow/example_dags/plugins/workday.py
[2024-05-01T02:37:14.559+0530] {processor.py:830} INFO - Processing file /home/wsl/airflow_venv/lib/python3.10/site-packages/airflow/example_dags/plugins/workday.py for tasks to queue
[2024-05-01T02:37:14.561+0530] {logging_mixin.py:188} INFO - [2024-05-01T02:37:14.560+0530] {dagbag.py:540} INFO - Filling up the DagBag from /home/wsl/airflow_venv/lib/python3.10/site-packages/airflow/example_dags/plugins/workday.py
[2024-05-01T02:37:14.563+0530] {logging_mixin.py:188} INFO - [2024-05-01T02:37:14.563+0530] {workday.py:41} WARNING - Could not import pandas. Holidays will not be considered.
[2024-05-01T02:37:14.564+0530] {processor.py:842} WARNING - No viable dags retrieved from /home/wsl/airflow_venv/lib/python3.10/site-packages/airflow/example_dags/plugins/workday.py
[2024-05-01T02:37:14.576+0530] {processor.py:183} INFO - Processing /home/wsl/airflow_venv/lib/python3.10/site-packages/airflow/example_dags/plugins/workday.py took 0.025 seconds
[2024-05-01T02:38:04.885+0530] {processor.py:161} INFO - Started process (PID=64624) to work on /home/wsl/airflow_venv/lib/python3.10/site-packages/airflow/example_dags/plugins/workday.py
[2024-05-01T02:38:04.888+0530] {processor.py:830} INFO - Processing file /home/wsl/airflow_venv/lib/python3.10/site-packages/airflow/example_dags/plugins/workday.py for tasks to queue
[2024-05-01T02:38:04.891+0530] {logging_mixin.py:188} INFO - [2024-05-01T02:38:04.890+0530] {dagbag.py:540} INFO - Filling up the DagBag from /home/wsl/airflow_venv/lib/python3.10/site-packages/airflow/example_dags/plugins/workday.py
[2024-05-01T02:38:04.896+0530] {logging_mixin.py:188} INFO - [2024-05-01T02:38:04.895+0530] {workday.py:41} WARNING - Could not import pandas. Holidays will not be considered.
[2024-05-01T02:38:04.896+0530] {processor.py:842} WARNING - No viable dags retrieved from /home/wsl/airflow_venv/lib/python3.10/site-packages/airflow/example_dags/plugins/workday.py
[2024-05-01T02:38:04.915+0530] {processor.py:183} INFO - Processing /home/wsl/airflow_venv/lib/python3.10/site-packages/airflow/example_dags/plugins/workday.py took 0.042 seconds
[2024-05-01T02:38:58.615+0530] {processor.py:161} INFO - Started process (PID=65270) to work on /home/wsl/airflow_venv/lib/python3.10/site-packages/airflow/example_dags/plugins/workday.py
[2024-05-01T02:38:58.626+0530] {processor.py:830} INFO - Processing file /home/wsl/airflow_venv/lib/python3.10/site-packages/airflow/example_dags/plugins/workday.py for tasks to queue
[2024-05-01T02:38:58.628+0530] {logging_mixin.py:188} INFO - [2024-05-01T02:38:58.628+0530] {dagbag.py:540} INFO - Filling up the DagBag from /home/wsl/airflow_venv/lib/python3.10/site-packages/airflow/example_dags/plugins/workday.py
[2024-05-01T02:38:58.631+0530] {logging_mixin.py:188} INFO - [2024-05-01T02:38:58.631+0530] {workday.py:41} WARNING - Could not import pandas. Holidays will not be considered.
[2024-05-01T02:38:58.631+0530] {processor.py:842} WARNING - No viable dags retrieved from /home/wsl/airflow_venv/lib/python3.10/site-packages/airflow/example_dags/plugins/workday.py
[2024-05-01T02:38:58.645+0530] {processor.py:183} INFO - Processing /home/wsl/airflow_venv/lib/python3.10/site-packages/airflow/example_dags/plugins/workday.py took 0.041 seconds
[2024-05-01T02:39:54.274+0530] {processor.py:161} INFO - Started process (PID=66083) to work on /home/wsl/airflow_venv/lib/python3.10/site-packages/airflow/example_dags/plugins/workday.py
[2024-05-01T02:39:54.276+0530] {processor.py:830} INFO - Processing file /home/wsl/airflow_venv/lib/python3.10/site-packages/airflow/example_dags/plugins/workday.py for tasks to queue
[2024-05-01T02:39:54.278+0530] {logging_mixin.py:188} INFO - [2024-05-01T02:39:54.277+0530] {dagbag.py:540} INFO - Filling up the DagBag from /home/wsl/airflow_venv/lib/python3.10/site-packages/airflow/example_dags/plugins/workday.py
[2024-05-01T02:39:54.281+0530] {logging_mixin.py:188} INFO - [2024-05-01T02:39:54.280+0530] {workday.py:41} WARNING - Could not import pandas. Holidays will not be considered.
[2024-05-01T02:39:54.281+0530] {processor.py:842} WARNING - No viable dags retrieved from /home/wsl/airflow_venv/lib/python3.10/site-packages/airflow/example_dags/plugins/workday.py
[2024-05-01T02:39:54.296+0530] {processor.py:183} INFO - Processing /home/wsl/airflow_venv/lib/python3.10/site-packages/airflow/example_dags/plugins/workday.py took 0.037 seconds
[2024-05-01T02:40:48.040+0530] {processor.py:161} INFO - Started process (PID=66797) to work on /home/wsl/airflow_venv/lib/python3.10/site-packages/airflow/example_dags/plugins/workday.py
[2024-05-01T02:40:48.046+0530] {processor.py:830} INFO - Processing file /home/wsl/airflow_venv/lib/python3.10/site-packages/airflow/example_dags/plugins/workday.py for tasks to queue
[2024-05-01T02:40:48.049+0530] {logging_mixin.py:188} INFO - [2024-05-01T02:40:48.048+0530] {dagbag.py:540} INFO - Filling up the DagBag from /home/wsl/airflow_venv/lib/python3.10/site-packages/airflow/example_dags/plugins/workday.py
[2024-05-01T02:40:48.066+0530] {logging_mixin.py:188} INFO - [2024-05-01T02:40:48.065+0530] {workday.py:41} WARNING - Could not import pandas. Holidays will not be considered.
[2024-05-01T02:40:48.067+0530] {processor.py:842} WARNING - No viable dags retrieved from /home/wsl/airflow_venv/lib/python3.10/site-packages/airflow/example_dags/plugins/workday.py
[2024-05-01T02:40:48.131+0530] {processor.py:183} INFO - Processing /home/wsl/airflow_venv/lib/python3.10/site-packages/airflow/example_dags/plugins/workday.py took 0.121 seconds
