[2024-06-15T05:49:51.038+0530] {processor.py:161} INFO - Started process (PID=44165) to work on /home/wsl/airflow_venv/lib/python3.10/site-packages/airflow/example_dags/example_subdag_operator.py
[2024-06-15T05:49:51.039+0530] {processor.py:830} INFO - Processing file /home/wsl/airflow_venv/lib/python3.10/site-packages/airflow/example_dags/example_subdag_operator.py for tasks to queue
[2024-06-15T05:49:51.042+0530] {logging_mixin.py:188} INFO - [2024-06-15T05:49:51.042+0530] {dagbag.py:540} INFO - Filling up the DagBag from /home/wsl/airflow_venv/lib/python3.10/site-packages/airflow/example_dags/example_subdag_operator.py
[2024-06-15T05:49:51.072+0530] {processor.py:840} INFO - DAG(s) 'example_subdag_operator.section-1', 'example_subdag_operator.section-2', 'example_subdag_operator' retrieved from /home/wsl/airflow_venv/lib/python3.10/site-packages/airflow/example_dags/example_subdag_operator.py
[2024-06-15T05:49:51.218+0530] {logging_mixin.py:188} INFO - [2024-06-15T05:49:51.217+0530] {dag.py:3096} INFO - Sync 3 DAGs
[2024-06-15T05:49:51.247+0530] {logging_mixin.py:188} INFO - [2024-06-15T05:49:51.246+0530] {dag.py:3954} INFO - Setting next_dagrun for example_subdag_operator to 2022-01-01 00:00:00+00:00, run_after=2022-01-01 00:00:00+00:00
[2024-06-15T05:49:51.252+0530] {logging_mixin.py:188} INFO - [2024-06-15T05:49:51.252+0530] {dag.py:3954} INFO - Setting next_dagrun for example_subdag_operator.section-1 to None, run_after=None
[2024-06-15T05:49:51.255+0530] {logging_mixin.py:188} INFO - [2024-06-15T05:49:51.254+0530] {dag.py:3954} INFO - Setting next_dagrun for example_subdag_operator.section-2 to None, run_after=None
[2024-06-15T05:49:51.268+0530] {logging_mixin.py:188} INFO - [2024-06-15T05:49:51.268+0530] {dag.py:3096} INFO - Sync 2 DAGs
[2024-06-15T05:49:51.275+0530] {logging_mixin.py:188} INFO - [2024-06-15T05:49:51.274+0530] {dag.py:3954} INFO - Setting next_dagrun for example_subdag_operator.section-1 to None, run_after=None
[2024-06-15T05:49:51.275+0530] {logging_mixin.py:188} INFO - [2024-06-15T05:49:51.275+0530] {dag.py:3954} INFO - Setting next_dagrun for example_subdag_operator.section-2 to None, run_after=None
[2024-06-15T05:49:51.306+0530] {processor.py:183} INFO - Processing /home/wsl/airflow_venv/lib/python3.10/site-packages/airflow/example_dags/example_subdag_operator.py took 0.275 seconds
[2024-06-15T05:52:23.762+0530] {processor.py:161} INFO - Started process (PID=45575) to work on /home/wsl/airflow_venv/lib/python3.10/site-packages/airflow/example_dags/example_subdag_operator.py
[2024-06-15T05:52:23.765+0530] {processor.py:830} INFO - Processing file /home/wsl/airflow_venv/lib/python3.10/site-packages/airflow/example_dags/example_subdag_operator.py for tasks to queue
[2024-06-15T05:52:23.769+0530] {logging_mixin.py:188} INFO - [2024-06-15T05:52:23.768+0530] {dagbag.py:540} INFO - Filling up the DagBag from /home/wsl/airflow_venv/lib/python3.10/site-packages/airflow/example_dags/example_subdag_operator.py
[2024-06-15T05:52:23.849+0530] {processor.py:840} INFO - DAG(s) 'example_subdag_operator.section-1', 'example_subdag_operator.section-2', 'example_subdag_operator' retrieved from /home/wsl/airflow_venv/lib/python3.10/site-packages/airflow/example_dags/example_subdag_operator.py
[2024-06-15T05:52:23.905+0530] {logging_mixin.py:188} INFO - [2024-06-15T05:52:23.904+0530] {dag.py:3096} INFO - Sync 3 DAGs
[2024-06-15T05:52:23.944+0530] {logging_mixin.py:188} INFO - [2024-06-15T05:52:23.943+0530] {dag.py:3954} INFO - Setting next_dagrun for example_subdag_operator to 2022-01-01 00:00:00+00:00, run_after=2022-01-01 00:00:00+00:00
[2024-06-15T05:52:23.948+0530] {logging_mixin.py:188} INFO - [2024-06-15T05:52:23.948+0530] {dag.py:3954} INFO - Setting next_dagrun for example_subdag_operator.section-1 to None, run_after=None
[2024-06-15T05:52:23.950+0530] {logging_mixin.py:188} INFO - [2024-06-15T05:52:23.949+0530] {dag.py:3954} INFO - Setting next_dagrun for example_subdag_operator.section-2 to None, run_after=None
[2024-06-15T05:52:23.958+0530] {logging_mixin.py:188} INFO - [2024-06-15T05:52:23.958+0530] {dag.py:3096} INFO - Sync 2 DAGs
[2024-06-15T05:52:23.966+0530] {logging_mixin.py:188} INFO - [2024-06-15T05:52:23.966+0530] {dag.py:3954} INFO - Setting next_dagrun for example_subdag_operator.section-1 to None, run_after=None
[2024-06-15T05:52:23.967+0530] {logging_mixin.py:188} INFO - [2024-06-15T05:52:23.966+0530] {dag.py:3954} INFO - Setting next_dagrun for example_subdag_operator.section-2 to None, run_after=None
[2024-06-15T05:52:24.002+0530] {processor.py:183} INFO - Processing /home/wsl/airflow_venv/lib/python3.10/site-packages/airflow/example_dags/example_subdag_operator.py took 0.259 seconds
[2024-06-15T05:53:12.983+0530] {processor.py:161} INFO - Started process (PID=45880) to work on /home/wsl/airflow_venv/lib/python3.10/site-packages/airflow/example_dags/example_subdag_operator.py
[2024-06-15T05:53:12.984+0530] {processor.py:830} INFO - Processing file /home/wsl/airflow_venv/lib/python3.10/site-packages/airflow/example_dags/example_subdag_operator.py for tasks to queue
[2024-06-15T05:53:12.986+0530] {logging_mixin.py:188} INFO - [2024-06-15T05:53:12.986+0530] {dagbag.py:540} INFO - Filling up the DagBag from /home/wsl/airflow_venv/lib/python3.10/site-packages/airflow/example_dags/example_subdag_operator.py
[2024-06-15T05:53:13.010+0530] {processor.py:840} INFO - DAG(s) 'example_subdag_operator.section-1', 'example_subdag_operator.section-2', 'example_subdag_operator' retrieved from /home/wsl/airflow_venv/lib/python3.10/site-packages/airflow/example_dags/example_subdag_operator.py
[2024-06-15T05:53:13.030+0530] {logging_mixin.py:188} INFO - [2024-06-15T05:53:13.030+0530] {dag.py:3096} INFO - Sync 3 DAGs
[2024-06-15T05:53:13.057+0530] {logging_mixin.py:188} INFO - [2024-06-15T05:53:13.057+0530] {dag.py:3954} INFO - Setting next_dagrun for example_subdag_operator to 2022-01-01 00:00:00+00:00, run_after=2022-01-01 00:00:00+00:00
[2024-06-15T05:53:13.061+0530] {logging_mixin.py:188} INFO - [2024-06-15T05:53:13.060+0530] {dag.py:3954} INFO - Setting next_dagrun for example_subdag_operator.section-1 to None, run_after=None
[2024-06-15T05:53:13.062+0530] {logging_mixin.py:188} INFO - [2024-06-15T05:53:13.062+0530] {dag.py:3954} INFO - Setting next_dagrun for example_subdag_operator.section-2 to None, run_after=None
[2024-06-15T05:53:13.070+0530] {logging_mixin.py:188} INFO - [2024-06-15T05:53:13.070+0530] {dag.py:3096} INFO - Sync 2 DAGs
[2024-06-15T05:53:13.077+0530] {logging_mixin.py:188} INFO - [2024-06-15T05:53:13.076+0530] {dag.py:3954} INFO - Setting next_dagrun for example_subdag_operator.section-1 to None, run_after=None
[2024-06-15T05:53:13.077+0530] {logging_mixin.py:188} INFO - [2024-06-15T05:53:13.077+0530] {dag.py:3954} INFO - Setting next_dagrun for example_subdag_operator.section-2 to None, run_after=None
[2024-06-15T05:53:13.100+0530] {processor.py:183} INFO - Processing /home/wsl/airflow_venv/lib/python3.10/site-packages/airflow/example_dags/example_subdag_operator.py took 0.126 seconds
[2024-06-15T06:20:56.035+0530] {processor.py:161} INFO - Started process (PID=2638) to work on /home/wsl/airflow_venv/lib/python3.10/site-packages/airflow/example_dags/example_subdag_operator.py
[2024-06-15T06:20:56.037+0530] {processor.py:830} INFO - Processing file /home/wsl/airflow_venv/lib/python3.10/site-packages/airflow/example_dags/example_subdag_operator.py for tasks to queue
[2024-06-15T06:20:56.039+0530] {logging_mixin.py:188} INFO - [2024-06-15T06:20:56.038+0530] {dagbag.py:540} INFO - Filling up the DagBag from /home/wsl/airflow_venv/lib/python3.10/site-packages/airflow/example_dags/example_subdag_operator.py
[2024-06-15T06:20:56.064+0530] {processor.py:840} INFO - DAG(s) 'example_subdag_operator.section-1', 'example_subdag_operator.section-2', 'example_subdag_operator' retrieved from /home/wsl/airflow_venv/lib/python3.10/site-packages/airflow/example_dags/example_subdag_operator.py
[2024-06-15T06:20:56.193+0530] {logging_mixin.py:188} INFO - [2024-06-15T06:20:56.193+0530] {dag.py:3096} INFO - Sync 3 DAGs
[2024-06-15T06:20:56.219+0530] {logging_mixin.py:188} INFO - [2024-06-15T06:20:56.218+0530] {dag.py:3954} INFO - Setting next_dagrun for example_subdag_operator to 2022-01-01 00:00:00+00:00, run_after=2022-01-01 00:00:00+00:00
[2024-06-15T06:20:56.222+0530] {logging_mixin.py:188} INFO - [2024-06-15T06:20:56.222+0530] {dag.py:3954} INFO - Setting next_dagrun for example_subdag_operator.section-1 to None, run_after=None
[2024-06-15T06:20:56.228+0530] {logging_mixin.py:188} INFO - [2024-06-15T06:20:56.227+0530] {dag.py:3954} INFO - Setting next_dagrun for example_subdag_operator.section-2 to None, run_after=None
[2024-06-15T06:20:56.237+0530] {logging_mixin.py:188} INFO - [2024-06-15T06:20:56.237+0530] {dag.py:3096} INFO - Sync 2 DAGs
[2024-06-15T06:20:56.247+0530] {logging_mixin.py:188} INFO - [2024-06-15T06:20:56.246+0530] {dag.py:3954} INFO - Setting next_dagrun for example_subdag_operator.section-1 to None, run_after=None
[2024-06-15T06:20:56.247+0530] {logging_mixin.py:188} INFO - [2024-06-15T06:20:56.247+0530] {dag.py:3954} INFO - Setting next_dagrun for example_subdag_operator.section-2 to None, run_after=None
[2024-06-15T06:20:56.269+0530] {processor.py:183} INFO - Processing /home/wsl/airflow_venv/lib/python3.10/site-packages/airflow/example_dags/example_subdag_operator.py took 0.242 seconds
[2024-06-15T06:24:08.986+0530] {processor.py:161} INFO - Started process (PID=4636) to work on /home/wsl/airflow_venv/lib/python3.10/site-packages/airflow/example_dags/example_subdag_operator.py
[2024-06-15T06:24:08.989+0530] {processor.py:830} INFO - Processing file /home/wsl/airflow_venv/lib/python3.10/site-packages/airflow/example_dags/example_subdag_operator.py for tasks to queue
[2024-06-15T06:24:08.992+0530] {logging_mixin.py:188} INFO - [2024-06-15T06:24:08.991+0530] {dagbag.py:540} INFO - Filling up the DagBag from /home/wsl/airflow_venv/lib/python3.10/site-packages/airflow/example_dags/example_subdag_operator.py
[2024-06-15T06:24:09.040+0530] {processor.py:840} INFO - DAG(s) 'example_subdag_operator.section-1', 'example_subdag_operator.section-2', 'example_subdag_operator' retrieved from /home/wsl/airflow_venv/lib/python3.10/site-packages/airflow/example_dags/example_subdag_operator.py
[2024-06-15T06:24:09.075+0530] {logging_mixin.py:188} INFO - [2024-06-15T06:24:09.075+0530] {dag.py:3096} INFO - Sync 3 DAGs
[2024-06-15T06:24:09.116+0530] {logging_mixin.py:188} INFO - [2024-06-15T06:24:09.116+0530] {dag.py:3954} INFO - Setting next_dagrun for example_subdag_operator to 2022-01-01 00:00:00+00:00, run_after=2022-01-01 00:00:00+00:00
[2024-06-15T06:24:09.121+0530] {logging_mixin.py:188} INFO - [2024-06-15T06:24:09.121+0530] {dag.py:3954} INFO - Setting next_dagrun for example_subdag_operator.section-1 to None, run_after=None
[2024-06-15T06:24:09.126+0530] {logging_mixin.py:188} INFO - [2024-06-15T06:24:09.125+0530] {dag.py:3954} INFO - Setting next_dagrun for example_subdag_operator.section-2 to None, run_after=None
[2024-06-15T06:24:09.137+0530] {logging_mixin.py:188} INFO - [2024-06-15T06:24:09.137+0530] {dag.py:3096} INFO - Sync 2 DAGs
[2024-06-15T06:24:09.152+0530] {logging_mixin.py:188} INFO - [2024-06-15T06:24:09.152+0530] {dag.py:3954} INFO - Setting next_dagrun for example_subdag_operator.section-1 to None, run_after=None
[2024-06-15T06:24:09.153+0530] {logging_mixin.py:188} INFO - [2024-06-15T06:24:09.153+0530] {dag.py:3954} INFO - Setting next_dagrun for example_subdag_operator.section-2 to None, run_after=None
[2024-06-15T06:24:09.269+0530] {processor.py:183} INFO - Processing /home/wsl/airflow_venv/lib/python3.10/site-packages/airflow/example_dags/example_subdag_operator.py took 0.293 seconds
[2024-06-15T06:27:57.612+0530] {processor.py:161} INFO - Started process (PID=6877) to work on /home/wsl/airflow_venv/lib/python3.10/site-packages/airflow/example_dags/example_subdag_operator.py
[2024-06-15T06:27:57.619+0530] {processor.py:830} INFO - Processing file /home/wsl/airflow_venv/lib/python3.10/site-packages/airflow/example_dags/example_subdag_operator.py for tasks to queue
[2024-06-15T06:27:57.621+0530] {logging_mixin.py:188} INFO - [2024-06-15T06:27:57.620+0530] {dagbag.py:540} INFO - Filling up the DagBag from /home/wsl/airflow_venv/lib/python3.10/site-packages/airflow/example_dags/example_subdag_operator.py
[2024-06-15T06:27:57.652+0530] {processor.py:840} INFO - DAG(s) 'example_subdag_operator.section-1', 'example_subdag_operator.section-2', 'example_subdag_operator' retrieved from /home/wsl/airflow_venv/lib/python3.10/site-packages/airflow/example_dags/example_subdag_operator.py
[2024-06-15T06:27:57.674+0530] {logging_mixin.py:188} INFO - [2024-06-15T06:27:57.673+0530] {dag.py:3096} INFO - Sync 3 DAGs
[2024-06-15T06:27:57.823+0530] {logging_mixin.py:188} INFO - [2024-06-15T06:27:57.823+0530] {dag.py:3954} INFO - Setting next_dagrun for example_subdag_operator to 2022-01-01 00:00:00+00:00, run_after=2022-01-01 00:00:00+00:00
[2024-06-15T06:27:57.828+0530] {logging_mixin.py:188} INFO - [2024-06-15T06:27:57.827+0530] {dag.py:3954} INFO - Setting next_dagrun for example_subdag_operator.section-1 to None, run_after=None
[2024-06-15T06:27:57.829+0530] {logging_mixin.py:188} INFO - [2024-06-15T06:27:57.829+0530] {dag.py:3954} INFO - Setting next_dagrun for example_subdag_operator.section-2 to None, run_after=None
[2024-06-15T06:27:57.835+0530] {logging_mixin.py:188} INFO - [2024-06-15T06:27:57.835+0530] {dag.py:3096} INFO - Sync 2 DAGs
[2024-06-15T06:27:57.841+0530] {logging_mixin.py:188} INFO - [2024-06-15T06:27:57.841+0530] {dag.py:3954} INFO - Setting next_dagrun for example_subdag_operator.section-1 to None, run_after=None
[2024-06-15T06:27:57.842+0530] {logging_mixin.py:188} INFO - [2024-06-15T06:27:57.842+0530] {dag.py:3954} INFO - Setting next_dagrun for example_subdag_operator.section-2 to None, run_after=None
[2024-06-15T06:27:57.862+0530] {processor.py:183} INFO - Processing /home/wsl/airflow_venv/lib/python3.10/site-packages/airflow/example_dags/example_subdag_operator.py took 0.258 seconds
