[2024-06-15T05:51:15.324+0530] {processor.py:161} INFO - Started process (PID=44941) to work on /home/wsl/airflow_venv/lib/python3.10/site-packages/airflow/example_dags/example_setup_teardown.py
[2024-06-15T05:51:15.326+0530] {processor.py:830} INFO - Processing file /home/wsl/airflow_venv/lib/python3.10/site-packages/airflow/example_dags/example_setup_teardown.py for tasks to queue
[2024-06-15T05:51:15.329+0530] {logging_mixin.py:188} INFO - [2024-06-15T05:51:15.328+0530] {dagbag.py:540} INFO - Filling up the DagBag from /home/wsl/airflow_venv/lib/python3.10/site-packages/airflow/example_dags/example_setup_teardown.py
[2024-06-15T05:51:15.358+0530] {processor.py:840} INFO - DAG(s) 'example_setup_teardown' retrieved from /home/wsl/airflow_venv/lib/python3.10/site-packages/airflow/example_dags/example_setup_teardown.py
[2024-06-15T05:51:17.614+0530] {logging_mixin.py:188} INFO - [2024-06-15T05:51:17.613+0530] {dag.py:3096} INFO - Sync 1 DAGs
[2024-06-15T05:51:17.674+0530] {logging_mixin.py:188} INFO - [2024-06-15T05:51:17.674+0530] {dag.py:3954} INFO - Setting next_dagrun for example_setup_teardown to 2024-06-14 00:00:00+00:00, run_after=2024-06-15 00:00:00+00:00
[2024-06-15T05:51:18.156+0530] {processor.py:183} INFO - Processing /home/wsl/airflow_venv/lib/python3.10/site-packages/airflow/example_dags/example_setup_teardown.py took 2.853 seconds
[2024-06-15T05:52:55.582+0530] {processor.py:161} INFO - Started process (PID=45802) to work on /home/wsl/airflow_venv/lib/python3.10/site-packages/airflow/example_dags/example_setup_teardown.py
[2024-06-15T05:52:55.672+0530] {processor.py:830} INFO - Processing file /home/wsl/airflow_venv/lib/python3.10/site-packages/airflow/example_dags/example_setup_teardown.py for tasks to queue
[2024-06-15T05:52:55.675+0530] {logging_mixin.py:188} INFO - [2024-06-15T05:52:55.674+0530] {dagbag.py:540} INFO - Filling up the DagBag from /home/wsl/airflow_venv/lib/python3.10/site-packages/airflow/example_dags/example_setup_teardown.py
[2024-06-15T05:52:55.684+0530] {processor.py:840} INFO - DAG(s) 'example_setup_teardown' retrieved from /home/wsl/airflow_venv/lib/python3.10/site-packages/airflow/example_dags/example_setup_teardown.py
[2024-06-15T05:52:55.705+0530] {logging_mixin.py:188} INFO - [2024-06-15T05:52:55.705+0530] {dag.py:3096} INFO - Sync 1 DAGs
[2024-06-15T05:52:55.729+0530] {logging_mixin.py:188} INFO - [2024-06-15T05:52:55.729+0530] {dag.py:3954} INFO - Setting next_dagrun for example_setup_teardown to 2024-06-14 00:00:00+00:00, run_after=2024-06-15 00:00:00+00:00
[2024-06-15T05:52:55.805+0530] {processor.py:183} INFO - Processing /home/wsl/airflow_venv/lib/python3.10/site-packages/airflow/example_dags/example_setup_teardown.py took 0.231 seconds
[2024-06-15T06:21:27.733+0530] {processor.py:161} INFO - Started process (PID=2811) to work on /home/wsl/airflow_venv/lib/python3.10/site-packages/airflow/example_dags/example_setup_teardown.py
[2024-06-15T06:21:27.749+0530] {processor.py:830} INFO - Processing file /home/wsl/airflow_venv/lib/python3.10/site-packages/airflow/example_dags/example_setup_teardown.py for tasks to queue
[2024-06-15T06:21:27.753+0530] {logging_mixin.py:188} INFO - [2024-06-15T06:21:27.752+0530] {dagbag.py:540} INFO - Filling up the DagBag from /home/wsl/airflow_venv/lib/python3.10/site-packages/airflow/example_dags/example_setup_teardown.py
[2024-06-15T06:21:27.777+0530] {processor.py:840} INFO - DAG(s) 'example_setup_teardown' retrieved from /home/wsl/airflow_venv/lib/python3.10/site-packages/airflow/example_dags/example_setup_teardown.py
[2024-06-15T06:21:28.346+0530] {logging_mixin.py:188} INFO - [2024-06-15T06:21:28.346+0530] {dag.py:3096} INFO - Sync 1 DAGs
[2024-06-15T06:21:28.435+0530] {logging_mixin.py:188} INFO - [2024-06-15T06:21:28.434+0530] {dag.py:3954} INFO - Setting next_dagrun for example_setup_teardown to 2024-06-14 00:00:00+00:00, run_after=2024-06-15 00:00:00+00:00
[2024-06-15T06:21:28.620+0530] {processor.py:183} INFO - Processing /home/wsl/airflow_venv/lib/python3.10/site-packages/airflow/example_dags/example_setup_teardown.py took 0.908 seconds
[2024-06-15T06:25:00.848+0530] {processor.py:161} INFO - Started process (PID=5263) to work on /home/wsl/airflow_venv/lib/python3.10/site-packages/airflow/example_dags/example_setup_teardown.py
[2024-06-15T06:25:00.853+0530] {processor.py:830} INFO - Processing file /home/wsl/airflow_venv/lib/python3.10/site-packages/airflow/example_dags/example_setup_teardown.py for tasks to queue
[2024-06-15T06:25:00.858+0530] {logging_mixin.py:188} INFO - [2024-06-15T06:25:00.857+0530] {dagbag.py:540} INFO - Filling up the DagBag from /home/wsl/airflow_venv/lib/python3.10/site-packages/airflow/example_dags/example_setup_teardown.py
[2024-06-15T06:25:00.873+0530] {processor.py:840} INFO - DAG(s) 'example_setup_teardown' retrieved from /home/wsl/airflow_venv/lib/python3.10/site-packages/airflow/example_dags/example_setup_teardown.py
[2024-06-15T06:25:00.950+0530] {logging_mixin.py:188} INFO - [2024-06-15T06:25:00.949+0530] {dag.py:3096} INFO - Sync 1 DAGs
[2024-06-15T06:25:01.014+0530] {logging_mixin.py:188} INFO - [2024-06-15T06:25:01.012+0530] {dag.py:3954} INFO - Setting next_dagrun for example_setup_teardown to 2024-06-14 00:00:00+00:00, run_after=2024-06-15 00:00:00+00:00
[2024-06-15T06:25:01.143+0530] {processor.py:183} INFO - Processing /home/wsl/airflow_venv/lib/python3.10/site-packages/airflow/example_dags/example_setup_teardown.py took 0.315 seconds
