[2024-06-15T05:51:42.875+0530] {processor.py:161} INFO - Started process (PID=45158) to work on /home/wsl/airflow_venv/lib/python3.10/site-packages/airflow/example_dags/example_datasets.py
[2024-06-15T05:51:42.876+0530] {processor.py:830} INFO - Processing file /home/wsl/airflow_venv/lib/python3.10/site-packages/airflow/example_dags/example_datasets.py for tasks to queue
[2024-06-15T05:51:42.878+0530] {logging_mixin.py:188} INFO - [2024-06-15T05:51:42.877+0530] {dagbag.py:540} INFO - Filling up the DagBag from /home/wsl/airflow_venv/lib/python3.10/site-packages/airflow/example_dags/example_datasets.py
[2024-06-15T05:51:42.897+0530] {processor.py:840} INFO - DAG(s) 'dataset_produces_1', 'dataset_consumes_1', 'dataset_consumes_unknown_never_scheduled', 'dataset_consumes_1_and_2', 'dataset_consumes_1_never_scheduled', 'consume_1_or_2_with_dataset_expressions', 'conditional_dataset_and_time_based_timetable', 'consume_1_or_both_2_and_3_with_dataset_expressions', 'dataset_produces_2', 'consume_1_and_2_with_dataset_expressions' retrieved from /home/wsl/airflow_venv/lib/python3.10/site-packages/airflow/example_dags/example_datasets.py
[2024-06-15T05:51:43.223+0530] {logging_mixin.py:188} INFO - [2024-06-15T05:51:43.223+0530] {dag.py:3096} INFO - Sync 10 DAGs
[2024-06-15T05:51:43.254+0530] {logging_mixin.py:188} INFO - [2024-06-15T05:51:43.253+0530] {dag.py:3954} INFO - Setting next_dagrun for conditional_dataset_and_time_based_timetable to 2024-06-12 01:00:00+00:00, run_after=2024-06-12 01:00:00+00:00
[2024-06-15T05:51:43.258+0530] {logging_mixin.py:188} INFO - [2024-06-15T05:51:43.257+0530] {dag.py:3954} INFO - Setting next_dagrun for consume_1_and_2_with_dataset_expressions to None, run_after=None
[2024-06-15T05:51:43.260+0530] {logging_mixin.py:188} INFO - [2024-06-15T05:51:43.259+0530] {dag.py:3954} INFO - Setting next_dagrun for consume_1_or_2_with_dataset_expressions to None, run_after=None
[2024-06-15T05:51:43.262+0530] {logging_mixin.py:188} INFO - [2024-06-15T05:51:43.261+0530] {dag.py:3954} INFO - Setting next_dagrun for consume_1_or_both_2_and_3_with_dataset_expressions to None, run_after=None
[2024-06-15T05:51:43.264+0530] {logging_mixin.py:188} INFO - [2024-06-15T05:51:43.264+0530] {dag.py:3954} INFO - Setting next_dagrun for dataset_consumes_1 to None, run_after=None
[2024-06-15T05:51:43.266+0530] {logging_mixin.py:188} INFO - [2024-06-15T05:51:43.266+0530] {dag.py:3954} INFO - Setting next_dagrun for dataset_consumes_1_and_2 to None, run_after=None
[2024-06-15T05:51:43.268+0530] {logging_mixin.py:188} INFO - [2024-06-15T05:51:43.268+0530] {dag.py:3954} INFO - Setting next_dagrun for dataset_consumes_1_never_scheduled to None, run_after=None
[2024-06-15T05:51:43.270+0530] {logging_mixin.py:188} INFO - [2024-06-15T05:51:43.270+0530] {dag.py:3954} INFO - Setting next_dagrun for dataset_consumes_unknown_never_scheduled to None, run_after=None
[2024-06-15T05:51:43.274+0530] {logging_mixin.py:188} INFO - [2024-06-15T05:51:43.274+0530] {dag.py:3954} INFO - Setting next_dagrun for dataset_produces_1 to 2024-06-14 00:00:00+00:00, run_after=2024-06-15 00:00:00+00:00
[2024-06-15T05:51:43.276+0530] {logging_mixin.py:188} INFO - [2024-06-15T05:51:43.276+0530] {dag.py:3954} INFO - Setting next_dagrun for dataset_produces_2 to None, run_after=None
[2024-06-15T05:51:43.334+0530] {processor.py:183} INFO - Processing /home/wsl/airflow_venv/lib/python3.10/site-packages/airflow/example_dags/example_datasets.py took 0.467 seconds
[2024-06-15T05:53:28.697+0530] {processor.py:161} INFO - Started process (PID=45959) to work on /home/wsl/airflow_venv/lib/python3.10/site-packages/airflow/example_dags/example_datasets.py
[2024-06-15T05:53:28.699+0530] {processor.py:830} INFO - Processing file /home/wsl/airflow_venv/lib/python3.10/site-packages/airflow/example_dags/example_datasets.py for tasks to queue
[2024-06-15T05:53:28.701+0530] {logging_mixin.py:188} INFO - [2024-06-15T05:53:28.700+0530] {dagbag.py:540} INFO - Filling up the DagBag from /home/wsl/airflow_venv/lib/python3.10/site-packages/airflow/example_dags/example_datasets.py
[2024-06-15T05:53:28.721+0530] {processor.py:840} INFO - DAG(s) 'dataset_consumes_unknown_never_scheduled', 'dataset_produces_1', 'dataset_produces_2', 'consume_1_and_2_with_dataset_expressions', 'consume_1_or_2_with_dataset_expressions', 'conditional_dataset_and_time_based_timetable', 'dataset_consumes_1_and_2', 'dataset_consumes_1_never_scheduled', 'dataset_consumes_1', 'consume_1_or_both_2_and_3_with_dataset_expressions' retrieved from /home/wsl/airflow_venv/lib/python3.10/site-packages/airflow/example_dags/example_datasets.py
[2024-06-15T05:53:28.808+0530] {logging_mixin.py:188} INFO - [2024-06-15T05:53:28.808+0530] {dag.py:3096} INFO - Sync 10 DAGs
[2024-06-15T05:53:28.848+0530] {logging_mixin.py:188} INFO - [2024-06-15T05:53:28.848+0530] {dag.py:3954} INFO - Setting next_dagrun for conditional_dataset_and_time_based_timetable to 2024-06-12 01:00:00+00:00, run_after=2024-06-12 01:00:00+00:00
[2024-06-15T05:53:28.969+0530] {logging_mixin.py:188} INFO - [2024-06-15T05:53:28.968+0530] {dag.py:3954} INFO - Setting next_dagrun for consume_1_and_2_with_dataset_expressions to None, run_after=None
[2024-06-15T05:53:28.971+0530] {logging_mixin.py:188} INFO - [2024-06-15T05:53:28.971+0530] {dag.py:3954} INFO - Setting next_dagrun for consume_1_or_2_with_dataset_expressions to None, run_after=None
[2024-06-15T05:53:28.973+0530] {logging_mixin.py:188} INFO - [2024-06-15T05:53:28.973+0530] {dag.py:3954} INFO - Setting next_dagrun for consume_1_or_both_2_and_3_with_dataset_expressions to None, run_after=None
[2024-06-15T05:53:28.975+0530] {logging_mixin.py:188} INFO - [2024-06-15T05:53:28.974+0530] {dag.py:3954} INFO - Setting next_dagrun for dataset_consumes_1 to None, run_after=None
[2024-06-15T05:53:28.977+0530] {logging_mixin.py:188} INFO - [2024-06-15T05:53:28.977+0530] {dag.py:3954} INFO - Setting next_dagrun for dataset_consumes_1_and_2 to None, run_after=None
[2024-06-15T05:53:28.979+0530] {logging_mixin.py:188} INFO - [2024-06-15T05:53:28.978+0530] {dag.py:3954} INFO - Setting next_dagrun for dataset_consumes_1_never_scheduled to None, run_after=None
[2024-06-15T05:53:28.980+0530] {logging_mixin.py:188} INFO - [2024-06-15T05:53:28.980+0530] {dag.py:3954} INFO - Setting next_dagrun for dataset_consumes_unknown_never_scheduled to None, run_after=None
[2024-06-15T05:53:28.983+0530] {logging_mixin.py:188} INFO - [2024-06-15T05:53:28.983+0530] {dag.py:3954} INFO - Setting next_dagrun for dataset_produces_1 to 2024-06-14 00:00:00+00:00, run_after=2024-06-15 00:00:00+00:00
[2024-06-15T05:53:28.985+0530] {logging_mixin.py:188} INFO - [2024-06-15T05:53:28.985+0530] {dag.py:3954} INFO - Setting next_dagrun for dataset_produces_2 to None, run_after=None
[2024-06-15T05:53:29.037+0530] {processor.py:183} INFO - Processing /home/wsl/airflow_venv/lib/python3.10/site-packages/airflow/example_dags/example_datasets.py took 0.352 seconds
[2024-06-15T06:21:55.873+0530] {processor.py:161} INFO - Started process (PID=2968) to work on /home/wsl/airflow_venv/lib/python3.10/site-packages/airflow/example_dags/example_datasets.py
[2024-06-15T06:21:55.977+0530] {processor.py:830} INFO - Processing file /home/wsl/airflow_venv/lib/python3.10/site-packages/airflow/example_dags/example_datasets.py for tasks to queue
[2024-06-15T06:21:55.981+0530] {logging_mixin.py:188} INFO - [2024-06-15T06:21:55.980+0530] {dagbag.py:540} INFO - Filling up the DagBag from /home/wsl/airflow_venv/lib/python3.10/site-packages/airflow/example_dags/example_datasets.py
[2024-06-15T06:21:56.032+0530] {processor.py:840} INFO - DAG(s) 'conditional_dataset_and_time_based_timetable', 'dataset_consumes_1_never_scheduled', 'dataset_consumes_1_and_2', 'dataset_consumes_unknown_never_scheduled', 'consume_1_or_both_2_and_3_with_dataset_expressions', 'consume_1_or_2_with_dataset_expressions', 'dataset_produces_2', 'dataset_consumes_1', 'consume_1_and_2_with_dataset_expressions', 'dataset_produces_1' retrieved from /home/wsl/airflow_venv/lib/python3.10/site-packages/airflow/example_dags/example_datasets.py
[2024-06-15T06:21:56.507+0530] {logging_mixin.py:188} INFO - [2024-06-15T06:21:56.507+0530] {dag.py:3096} INFO - Sync 10 DAGs
[2024-06-15T06:21:56.529+0530] {logging_mixin.py:188} INFO - [2024-06-15T06:21:56.528+0530] {dag.py:3954} INFO - Setting next_dagrun for conditional_dataset_and_time_based_timetable to 2024-06-12 01:00:00+00:00, run_after=2024-06-12 01:00:00+00:00
[2024-06-15T06:21:56.534+0530] {logging_mixin.py:188} INFO - [2024-06-15T06:21:56.533+0530] {dag.py:3954} INFO - Setting next_dagrun for consume_1_and_2_with_dataset_expressions to None, run_after=None
[2024-06-15T06:21:56.535+0530] {logging_mixin.py:188} INFO - [2024-06-15T06:21:56.535+0530] {dag.py:3954} INFO - Setting next_dagrun for consume_1_or_2_with_dataset_expressions to None, run_after=None
[2024-06-15T06:21:56.536+0530] {logging_mixin.py:188} INFO - [2024-06-15T06:21:56.536+0530] {dag.py:3954} INFO - Setting next_dagrun for consume_1_or_both_2_and_3_with_dataset_expressions to None, run_after=None
[2024-06-15T06:21:56.538+0530] {logging_mixin.py:188} INFO - [2024-06-15T06:21:56.537+0530] {dag.py:3954} INFO - Setting next_dagrun for dataset_consumes_1 to None, run_after=None
[2024-06-15T06:21:56.539+0530] {logging_mixin.py:188} INFO - [2024-06-15T06:21:56.539+0530] {dag.py:3954} INFO - Setting next_dagrun for dataset_consumes_1_and_2 to None, run_after=None
[2024-06-15T06:21:56.540+0530] {logging_mixin.py:188} INFO - [2024-06-15T06:21:56.540+0530] {dag.py:3954} INFO - Setting next_dagrun for dataset_consumes_1_never_scheduled to None, run_after=None
[2024-06-15T06:21:56.542+0530] {logging_mixin.py:188} INFO - [2024-06-15T06:21:56.542+0530] {dag.py:3954} INFO - Setting next_dagrun for dataset_consumes_unknown_never_scheduled to None, run_after=None
[2024-06-15T06:21:56.544+0530] {logging_mixin.py:188} INFO - [2024-06-15T06:21:56.544+0530] {dag.py:3954} INFO - Setting next_dagrun for dataset_produces_1 to 2024-06-14 00:00:00+00:00, run_after=2024-06-15 00:00:00+00:00
[2024-06-15T06:21:56.546+0530] {logging_mixin.py:188} INFO - [2024-06-15T06:21:56.545+0530] {dag.py:3954} INFO - Setting next_dagrun for dataset_produces_2 to None, run_after=None
[2024-06-15T06:22:03.764+0530] {processor.py:183} INFO - Processing /home/wsl/airflow_venv/lib/python3.10/site-packages/airflow/example_dags/example_datasets.py took 7.922 seconds
[2024-06-15T06:25:23.349+0530] {processor.py:161} INFO - Started process (PID=5398) to work on /home/wsl/airflow_venv/lib/python3.10/site-packages/airflow/example_dags/example_datasets.py
[2024-06-15T06:25:23.359+0530] {processor.py:830} INFO - Processing file /home/wsl/airflow_venv/lib/python3.10/site-packages/airflow/example_dags/example_datasets.py for tasks to queue
[2024-06-15T06:25:23.368+0530] {logging_mixin.py:188} INFO - [2024-06-15T06:25:23.366+0530] {dagbag.py:540} INFO - Filling up the DagBag from /home/wsl/airflow_venv/lib/python3.10/site-packages/airflow/example_dags/example_datasets.py
[2024-06-15T06:25:23.442+0530] {processor.py:840} INFO - DAG(s) 'consume_1_and_2_with_dataset_expressions', 'dataset_consumes_1_never_scheduled', 'dataset_consumes_1', 'dataset_produces_2', 'dataset_consumes_unknown_never_scheduled', 'consume_1_or_2_with_dataset_expressions', 'consume_1_or_both_2_and_3_with_dataset_expressions', 'conditional_dataset_and_time_based_timetable', 'dataset_consumes_1_and_2', 'dataset_produces_1' retrieved from /home/wsl/airflow_venv/lib/python3.10/site-packages/airflow/example_dags/example_datasets.py
[2024-06-15T06:25:23.900+0530] {logging_mixin.py:188} INFO - [2024-06-15T06:25:23.899+0530] {dag.py:3096} INFO - Sync 10 DAGs
[2024-06-15T06:25:26.837+0530] {logging_mixin.py:188} INFO - [2024-06-15T06:25:26.836+0530] {dag.py:3954} INFO - Setting next_dagrun for conditional_dataset_and_time_based_timetable to 2024-06-12 01:00:00+00:00, run_after=2024-06-12 01:00:00+00:00
[2024-06-15T06:25:26.843+0530] {logging_mixin.py:188} INFO - [2024-06-15T06:25:26.843+0530] {dag.py:3954} INFO - Setting next_dagrun for consume_1_and_2_with_dataset_expressions to None, run_after=None
[2024-06-15T06:25:26.845+0530] {logging_mixin.py:188} INFO - [2024-06-15T06:25:26.845+0530] {dag.py:3954} INFO - Setting next_dagrun for consume_1_or_2_with_dataset_expressions to None, run_after=None
[2024-06-15T06:25:26.846+0530] {logging_mixin.py:188} INFO - [2024-06-15T06:25:26.846+0530] {dag.py:3954} INFO - Setting next_dagrun for consume_1_or_both_2_and_3_with_dataset_expressions to None, run_after=None
[2024-06-15T06:25:26.849+0530] {logging_mixin.py:188} INFO - [2024-06-15T06:25:26.848+0530] {dag.py:3954} INFO - Setting next_dagrun for dataset_consumes_1 to None, run_after=None
[2024-06-15T06:25:26.851+0530] {logging_mixin.py:188} INFO - [2024-06-15T06:25:26.851+0530] {dag.py:3954} INFO - Setting next_dagrun for dataset_consumes_1_and_2 to None, run_after=None
[2024-06-15T06:25:26.853+0530] {logging_mixin.py:188} INFO - [2024-06-15T06:25:26.852+0530] {dag.py:3954} INFO - Setting next_dagrun for dataset_consumes_1_never_scheduled to None, run_after=None
[2024-06-15T06:25:26.855+0530] {logging_mixin.py:188} INFO - [2024-06-15T06:25:26.855+0530] {dag.py:3954} INFO - Setting next_dagrun for dataset_consumes_unknown_never_scheduled to None, run_after=None
[2024-06-15T06:25:26.860+0530] {logging_mixin.py:188} INFO - [2024-06-15T06:25:26.859+0530] {dag.py:3954} INFO - Setting next_dagrun for dataset_produces_1 to 2024-06-14 00:00:00+00:00, run_after=2024-06-15 00:00:00+00:00
[2024-06-15T06:25:26.862+0530] {logging_mixin.py:188} INFO - [2024-06-15T06:25:26.861+0530] {dag.py:3954} INFO - Setting next_dagrun for dataset_produces_2 to None, run_after=None
[2024-06-15T06:25:26.953+0530] {processor.py:183} INFO - Processing /home/wsl/airflow_venv/lib/python3.10/site-packages/airflow/example_dags/example_datasets.py took 3.651 seconds
