[2024-06-15T05:50:36.047+0530] {processor.py:161} INFO - Started process (PID=44533) to work on /home/wsl/airflow_venv/lib/python3.10/site-packages/airflow/example_dags/example_complex.py
[2024-06-15T05:50:36.049+0530] {processor.py:830} INFO - Processing file /home/wsl/airflow_venv/lib/python3.10/site-packages/airflow/example_dags/example_complex.py for tasks to queue
[2024-06-15T05:50:36.062+0530] {logging_mixin.py:188} INFO - [2024-06-15T05:50:36.061+0530] {dagbag.py:540} INFO - Filling up the DagBag from /home/wsl/airflow_venv/lib/python3.10/site-packages/airflow/example_dags/example_complex.py
[2024-06-15T05:50:36.129+0530] {processor.py:840} INFO - DAG(s) 'example_complex' retrieved from /home/wsl/airflow_venv/lib/python3.10/site-packages/airflow/example_dags/example_complex.py
[2024-06-15T05:50:36.793+0530] {logging_mixin.py:188} INFO - [2024-06-15T05:50:36.793+0530] {dag.py:3096} INFO - Sync 1 DAGs
[2024-06-15T05:50:36.858+0530] {logging_mixin.py:188} INFO - [2024-06-15T05:50:36.858+0530] {dag.py:3954} INFO - Setting next_dagrun for example_complex to None, run_after=None
[2024-06-15T05:50:37.058+0530] {processor.py:183} INFO - Processing /home/wsl/airflow_venv/lib/python3.10/site-packages/airflow/example_dags/example_complex.py took 1.041 seconds
[2024-06-15T05:52:47.324+0530] {processor.py:161} INFO - Started process (PID=45762) to work on /home/wsl/airflow_venv/lib/python3.10/site-packages/airflow/example_dags/example_complex.py
[2024-06-15T05:52:47.343+0530] {processor.py:830} INFO - Processing file /home/wsl/airflow_venv/lib/python3.10/site-packages/airflow/example_dags/example_complex.py for tasks to queue
[2024-06-15T05:52:47.346+0530] {logging_mixin.py:188} INFO - [2024-06-15T05:52:47.345+0530] {dagbag.py:540} INFO - Filling up the DagBag from /home/wsl/airflow_venv/lib/python3.10/site-packages/airflow/example_dags/example_complex.py
[2024-06-15T05:52:47.396+0530] {processor.py:840} INFO - DAG(s) 'example_complex' retrieved from /home/wsl/airflow_venv/lib/python3.10/site-packages/airflow/example_dags/example_complex.py
[2024-06-15T05:52:47.560+0530] {logging_mixin.py:188} INFO - [2024-06-15T05:52:47.559+0530] {dag.py:3096} INFO - Sync 1 DAGs
[2024-06-15T05:52:47.635+0530] {logging_mixin.py:188} INFO - [2024-06-15T05:52:47.635+0530] {dag.py:3954} INFO - Setting next_dagrun for example_complex to None, run_after=None
[2024-06-15T05:52:47.798+0530] {processor.py:183} INFO - Processing /home/wsl/airflow_venv/lib/python3.10/site-packages/airflow/example_dags/example_complex.py took 0.491 seconds
[2024-06-15T06:21:13.034+0530] {processor.py:161} INFO - Started process (PID=2726) to work on /home/wsl/airflow_venv/lib/python3.10/site-packages/airflow/example_dags/example_complex.py
[2024-06-15T06:21:13.072+0530] {processor.py:830} INFO - Processing file /home/wsl/airflow_venv/lib/python3.10/site-packages/airflow/example_dags/example_complex.py for tasks to queue
[2024-06-15T06:21:13.075+0530] {logging_mixin.py:188} INFO - [2024-06-15T06:21:13.074+0530] {dagbag.py:540} INFO - Filling up the DagBag from /home/wsl/airflow_venv/lib/python3.10/site-packages/airflow/example_dags/example_complex.py
[2024-06-15T06:21:13.122+0530] {processor.py:840} INFO - DAG(s) 'example_complex' retrieved from /home/wsl/airflow_venv/lib/python3.10/site-packages/airflow/example_dags/example_complex.py
[2024-06-15T06:21:13.460+0530] {logging_mixin.py:188} INFO - [2024-06-15T06:21:13.460+0530] {dag.py:3096} INFO - Sync 1 DAGs
[2024-06-15T06:21:13.510+0530] {logging_mixin.py:188} INFO - [2024-06-15T06:21:13.510+0530] {dag.py:3954} INFO - Setting next_dagrun for example_complex to None, run_after=None
[2024-06-15T06:21:13.979+0530] {processor.py:183} INFO - Processing /home/wsl/airflow_venv/lib/python3.10/site-packages/airflow/example_dags/example_complex.py took 0.976 seconds
[2024-06-15T06:24:46.839+0530] {processor.py:161} INFO - Started process (PID=5119) to work on /home/wsl/airflow_venv/lib/python3.10/site-packages/airflow/example_dags/example_complex.py
[2024-06-15T06:24:46.845+0530] {processor.py:830} INFO - Processing file /home/wsl/airflow_venv/lib/python3.10/site-packages/airflow/example_dags/example_complex.py for tasks to queue
[2024-06-15T06:24:46.853+0530] {logging_mixin.py:188} INFO - [2024-06-15T06:24:46.852+0530] {dagbag.py:540} INFO - Filling up the DagBag from /home/wsl/airflow_venv/lib/python3.10/site-packages/airflow/example_dags/example_complex.py
[2024-06-15T06:24:46.906+0530] {processor.py:840} INFO - DAG(s) 'example_complex' retrieved from /home/wsl/airflow_venv/lib/python3.10/site-packages/airflow/example_dags/example_complex.py
[2024-06-15T06:24:47.033+0530] {logging_mixin.py:188} INFO - [2024-06-15T06:24:47.032+0530] {dag.py:3096} INFO - Sync 1 DAGs
[2024-06-15T06:24:47.087+0530] {logging_mixin.py:188} INFO - [2024-06-15T06:24:47.087+0530] {dag.py:3954} INFO - Setting next_dagrun for example_complex to None, run_after=None
[2024-06-15T06:24:47.203+0530] {processor.py:183} INFO - Processing /home/wsl/airflow_venv/lib/python3.10/site-packages/airflow/example_dags/example_complex.py took 0.386 seconds
