[2024-06-15T05:51:26.525+0530] {processor.py:161} INFO - Started process (PID=45041) to work on /home/wsl/airflow_venv/lib/python3.10/site-packages/airflow/example_dags/example_dynamic_task_mapping_with_no_taskflow_operators.py
[2024-06-15T05:51:26.527+0530] {processor.py:830} INFO - Processing file /home/wsl/airflow_venv/lib/python3.10/site-packages/airflow/example_dags/example_dynamic_task_mapping_with_no_taskflow_operators.py for tasks to queue
[2024-06-15T05:51:26.530+0530] {logging_mixin.py:188} INFO - [2024-06-15T05:51:26.529+0530] {dagbag.py:540} INFO - Filling up the DagBag from /home/wsl/airflow_venv/lib/python3.10/site-packages/airflow/example_dags/example_dynamic_task_mapping_with_no_taskflow_operators.py
[2024-06-15T05:51:27.158+0530] {processor.py:840} INFO - DAG(s) 'example_dynamic_task_mapping_with_no_taskflow_operators' retrieved from /home/wsl/airflow_venv/lib/python3.10/site-packages/airflow/example_dags/example_dynamic_task_mapping_with_no_taskflow_operators.py
[2024-06-15T05:51:27.277+0530] {logging_mixin.py:188} INFO - [2024-06-15T05:51:27.277+0530] {dag.py:3096} INFO - Sync 1 DAGs
[2024-06-15T05:51:27.295+0530] {logging_mixin.py:188} INFO - [2024-06-15T05:51:27.295+0530] {dag.py:3954} INFO - Setting next_dagrun for example_dynamic_task_mapping_with_no_taskflow_operators to 2024-06-14 00:00:00+00:00, run_after=2024-06-15 00:00:00+00:00
[2024-06-15T05:51:31.747+0530] {processor.py:183} INFO - Processing /home/wsl/airflow_venv/lib/python3.10/site-packages/airflow/example_dags/example_dynamic_task_mapping_with_no_taskflow_operators.py took 5.242 seconds
[2024-06-15T05:53:20.059+0530] {processor.py:161} INFO - Started process (PID=45918) to work on /home/wsl/airflow_venv/lib/python3.10/site-packages/airflow/example_dags/example_dynamic_task_mapping_with_no_taskflow_operators.py
[2024-06-15T05:53:20.061+0530] {processor.py:830} INFO - Processing file /home/wsl/airflow_venv/lib/python3.10/site-packages/airflow/example_dags/example_dynamic_task_mapping_with_no_taskflow_operators.py for tasks to queue
[2024-06-15T05:53:20.063+0530] {logging_mixin.py:188} INFO - [2024-06-15T05:53:20.063+0530] {dagbag.py:540} INFO - Filling up the DagBag from /home/wsl/airflow_venv/lib/python3.10/site-packages/airflow/example_dags/example_dynamic_task_mapping_with_no_taskflow_operators.py
[2024-06-15T05:53:20.072+0530] {processor.py:840} INFO - DAG(s) 'example_dynamic_task_mapping_with_no_taskflow_operators' retrieved from /home/wsl/airflow_venv/lib/python3.10/site-packages/airflow/example_dags/example_dynamic_task_mapping_with_no_taskflow_operators.py
[2024-06-15T05:53:20.089+0530] {logging_mixin.py:188} INFO - [2024-06-15T05:53:20.089+0530] {dag.py:3096} INFO - Sync 1 DAGs
[2024-06-15T05:53:20.116+0530] {logging_mixin.py:188} INFO - [2024-06-15T05:53:20.116+0530] {dag.py:3954} INFO - Setting next_dagrun for example_dynamic_task_mapping_with_no_taskflow_operators to 2024-06-14 00:00:00+00:00, run_after=2024-06-15 00:00:00+00:00
[2024-06-15T05:53:20.371+0530] {processor.py:183} INFO - Processing /home/wsl/airflow_venv/lib/python3.10/site-packages/airflow/example_dags/example_dynamic_task_mapping_with_no_taskflow_operators.py took 0.320 seconds
[2024-06-15T06:21:34.885+0530] {processor.py:161} INFO - Started process (PID=2847) to work on /home/wsl/airflow_venv/lib/python3.10/site-packages/airflow/example_dags/example_dynamic_task_mapping_with_no_taskflow_operators.py
[2024-06-15T06:21:34.897+0530] {processor.py:830} INFO - Processing file /home/wsl/airflow_venv/lib/python3.10/site-packages/airflow/example_dags/example_dynamic_task_mapping_with_no_taskflow_operators.py for tasks to queue
[2024-06-15T06:21:34.901+0530] {logging_mixin.py:188} INFO - [2024-06-15T06:21:34.900+0530] {dagbag.py:540} INFO - Filling up the DagBag from /home/wsl/airflow_venv/lib/python3.10/site-packages/airflow/example_dags/example_dynamic_task_mapping_with_no_taskflow_operators.py
[2024-06-15T06:21:34.922+0530] {processor.py:840} INFO - DAG(s) 'example_dynamic_task_mapping_with_no_taskflow_operators' retrieved from /home/wsl/airflow_venv/lib/python3.10/site-packages/airflow/example_dags/example_dynamic_task_mapping_with_no_taskflow_operators.py
[2024-06-15T06:21:35.404+0530] {logging_mixin.py:188} INFO - [2024-06-15T06:21:35.403+0530] {dag.py:3096} INFO - Sync 1 DAGs
[2024-06-15T06:21:35.489+0530] {logging_mixin.py:188} INFO - [2024-06-15T06:21:35.478+0530] {dag.py:3954} INFO - Setting next_dagrun for example_dynamic_task_mapping_with_no_taskflow_operators to 2024-06-14 00:00:00+00:00, run_after=2024-06-15 00:00:00+00:00
[2024-06-15T06:21:36.021+0530] {processor.py:183} INFO - Processing /home/wsl/airflow_venv/lib/python3.10/site-packages/airflow/example_dags/example_dynamic_task_mapping_with_no_taskflow_operators.py took 1.182 seconds
[2024-06-15T06:25:05.314+0530] {processor.py:161} INFO - Started process (PID=5297) to work on /home/wsl/airflow_venv/lib/python3.10/site-packages/airflow/example_dags/example_dynamic_task_mapping_with_no_taskflow_operators.py
[2024-06-15T06:25:05.391+0530] {processor.py:830} INFO - Processing file /home/wsl/airflow_venv/lib/python3.10/site-packages/airflow/example_dags/example_dynamic_task_mapping_with_no_taskflow_operators.py for tasks to queue
[2024-06-15T06:25:05.396+0530] {logging_mixin.py:188} INFO - [2024-06-15T06:25:05.395+0530] {dagbag.py:540} INFO - Filling up the DagBag from /home/wsl/airflow_venv/lib/python3.10/site-packages/airflow/example_dags/example_dynamic_task_mapping_with_no_taskflow_operators.py
[2024-06-15T06:25:05.434+0530] {processor.py:840} INFO - DAG(s) 'example_dynamic_task_mapping_with_no_taskflow_operators' retrieved from /home/wsl/airflow_venv/lib/python3.10/site-packages/airflow/example_dags/example_dynamic_task_mapping_with_no_taskflow_operators.py
[2024-06-15T06:25:05.555+0530] {logging_mixin.py:188} INFO - [2024-06-15T06:25:05.554+0530] {dag.py:3096} INFO - Sync 1 DAGs
[2024-06-15T06:25:05.756+0530] {logging_mixin.py:188} INFO - [2024-06-15T06:25:05.755+0530] {dag.py:3954} INFO - Setting next_dagrun for example_dynamic_task_mapping_with_no_taskflow_operators to 2024-06-14 00:00:00+00:00, run_after=2024-06-15 00:00:00+00:00
[2024-06-15T06:25:05.990+0530] {processor.py:183} INFO - Processing /home/wsl/airflow_venv/lib/python3.10/site-packages/airflow/example_dags/example_dynamic_task_mapping_with_no_taskflow_operators.py took 0.721 seconds
