[2024-06-15T05:50:40.168+0530] {processor.py:161} INFO - Started process (PID=44583) to work on /home/wsl/airflow_venv/lib/python3.10/site-packages/airflow/example_dags/example_display_name.py
[2024-06-15T05:50:40.169+0530] {processor.py:830} INFO - Processing file /home/wsl/airflow_venv/lib/python3.10/site-packages/airflow/example_dags/example_display_name.py for tasks to queue
[2024-06-15T05:50:40.172+0530] {logging_mixin.py:188} INFO - [2024-06-15T05:50:40.171+0530] {dagbag.py:540} INFO - Filling up the DagBag from /home/wsl/airflow_venv/lib/python3.10/site-packages/airflow/example_dags/example_display_name.py
[2024-06-15T05:50:40.180+0530] {processor.py:840} INFO - DAG(s) 'example_display_name' retrieved from /home/wsl/airflow_venv/lib/python3.10/site-packages/airflow/example_dags/example_display_name.py
[2024-06-15T05:50:40.314+0530] {logging_mixin.py:188} INFO - [2024-06-15T05:50:40.313+0530] {dag.py:3096} INFO - Sync 1 DAGs
[2024-06-15T05:50:40.347+0530] {logging_mixin.py:188} INFO - [2024-06-15T05:50:40.346+0530] {dag.py:3954} INFO - Setting next_dagrun for example_display_name to None, run_after=None
[2024-06-15T05:50:40.422+0530] {processor.py:183} INFO - Processing /home/wsl/airflow_venv/lib/python3.10/site-packages/airflow/example_dags/example_display_name.py took 0.263 seconds
[2024-06-15T05:52:50.322+0530] {processor.py:161} INFO - Started process (PID=45776) to work on /home/wsl/airflow_venv/lib/python3.10/site-packages/airflow/example_dags/example_display_name.py
[2024-06-15T05:52:50.336+0530] {processor.py:830} INFO - Processing file /home/wsl/airflow_venv/lib/python3.10/site-packages/airflow/example_dags/example_display_name.py for tasks to queue
[2024-06-15T05:52:50.338+0530] {logging_mixin.py:188} INFO - [2024-06-15T05:52:50.337+0530] {dagbag.py:540} INFO - Filling up the DagBag from /home/wsl/airflow_venv/lib/python3.10/site-packages/airflow/example_dags/example_display_name.py
[2024-06-15T05:52:50.345+0530] {processor.py:840} INFO - DAG(s) 'example_display_name' retrieved from /home/wsl/airflow_venv/lib/python3.10/site-packages/airflow/example_dags/example_display_name.py
[2024-06-15T05:52:50.365+0530] {logging_mixin.py:188} INFO - [2024-06-15T05:52:50.365+0530] {dag.py:3096} INFO - Sync 1 DAGs
[2024-06-15T05:52:50.382+0530] {logging_mixin.py:188} INFO - [2024-06-15T05:52:50.382+0530] {dag.py:3954} INFO - Setting next_dagrun for example_display_name to None, run_after=None
[2024-06-15T05:52:50.422+0530] {processor.py:183} INFO - Processing /home/wsl/airflow_venv/lib/python3.10/site-packages/airflow/example_dags/example_display_name.py took 0.107 seconds
[2024-06-15T06:21:17.491+0530] {processor.py:161} INFO - Started process (PID=2745) to work on /home/wsl/airflow_venv/lib/python3.10/site-packages/airflow/example_dags/example_display_name.py
[2024-06-15T06:21:17.532+0530] {processor.py:830} INFO - Processing file /home/wsl/airflow_venv/lib/python3.10/site-packages/airflow/example_dags/example_display_name.py for tasks to queue
[2024-06-15T06:21:17.536+0530] {logging_mixin.py:188} INFO - [2024-06-15T06:21:17.535+0530] {dagbag.py:540} INFO - Filling up the DagBag from /home/wsl/airflow_venv/lib/python3.10/site-packages/airflow/example_dags/example_display_name.py
[2024-06-15T06:21:17.556+0530] {processor.py:840} INFO - DAG(s) 'example_display_name' retrieved from /home/wsl/airflow_venv/lib/python3.10/site-packages/airflow/example_dags/example_display_name.py
[2024-06-15T06:21:17.971+0530] {logging_mixin.py:188} INFO - [2024-06-15T06:21:17.971+0530] {dag.py:3096} INFO - Sync 1 DAGs
[2024-06-15T06:21:18.007+0530] {logging_mixin.py:188} INFO - [2024-06-15T06:21:18.007+0530] {dag.py:3954} INFO - Setting next_dagrun for example_display_name to None, run_after=None
[2024-06-15T06:21:18.308+0530] {processor.py:183} INFO - Processing /home/wsl/airflow_venv/lib/python3.10/site-packages/airflow/example_dags/example_display_name.py took 0.845 seconds
[2024-06-15T06:24:52.035+0530] {processor.py:161} INFO - Started process (PID=5171) to work on /home/wsl/airflow_venv/lib/python3.10/site-packages/airflow/example_dags/example_display_name.py
[2024-06-15T06:24:52.038+0530] {processor.py:830} INFO - Processing file /home/wsl/airflow_venv/lib/python3.10/site-packages/airflow/example_dags/example_display_name.py for tasks to queue
[2024-06-15T06:24:52.042+0530] {logging_mixin.py:188} INFO - [2024-06-15T06:24:52.041+0530] {dagbag.py:540} INFO - Filling up the DagBag from /home/wsl/airflow_venv/lib/python3.10/site-packages/airflow/example_dags/example_display_name.py
[2024-06-15T06:24:52.070+0530] {processor.py:840} INFO - DAG(s) 'example_display_name' retrieved from /home/wsl/airflow_venv/lib/python3.10/site-packages/airflow/example_dags/example_display_name.py
[2024-06-15T06:24:52.155+0530] {logging_mixin.py:188} INFO - [2024-06-15T06:24:52.152+0530] {dag.py:3096} INFO - Sync 1 DAGs
[2024-06-15T06:24:52.236+0530] {logging_mixin.py:188} INFO - [2024-06-15T06:24:52.235+0530] {dag.py:3954} INFO - Setting next_dagrun for example_display_name to None, run_after=None
[2024-06-15T06:24:52.493+0530] {processor.py:183} INFO - Processing /home/wsl/airflow_venv/lib/python3.10/site-packages/airflow/example_dags/example_display_name.py took 0.867 seconds
