[2024-06-15T05:51:33.963+0530] {processor.py:161} INFO - Started process (PID=45115) to work on /home/wsl/airflow_venv/lib/python3.10/site-packages/airflow/example_dags/example_branch_datetime_operator.py
[2024-06-15T05:51:33.965+0530] {processor.py:830} INFO - Processing file /home/wsl/airflow_venv/lib/python3.10/site-packages/airflow/example_dags/example_branch_datetime_operator.py for tasks to queue
[2024-06-15T05:51:33.968+0530] {logging_mixin.py:188} INFO - [2024-06-15T05:51:33.967+0530] {dagbag.py:540} INFO - Filling up the DagBag from /home/wsl/airflow_venv/lib/python3.10/site-packages/airflow/example_dags/example_branch_datetime_operator.py
[2024-06-15T05:51:34.114+0530] {processor.py:840} INFO - DAG(s) 'example_branch_datetime_operator_3', 'example_branch_datetime_operator_2', 'example_branch_datetime_operator' retrieved from /home/wsl/airflow_venv/lib/python3.10/site-packages/airflow/example_dags/example_branch_datetime_operator.py
[2024-06-15T05:51:34.410+0530] {logging_mixin.py:188} INFO - [2024-06-15T05:51:34.409+0530] {dag.py:3096} INFO - Sync 3 DAGs
[2024-06-15T05:51:34.436+0530] {logging_mixin.py:188} INFO - [2024-06-15T05:51:34.435+0530] {dag.py:3954} INFO - Setting next_dagrun for example_branch_datetime_operator to 2024-06-14 00:00:00+00:00, run_after=2024-06-15 00:00:00+00:00
[2024-06-15T05:51:34.544+0530] {logging_mixin.py:188} INFO - [2024-06-15T05:51:34.544+0530] {dag.py:3954} INFO - Setting next_dagrun for example_branch_datetime_operator_2 to 2024-06-14 00:00:00+00:00, run_after=2024-06-15 00:00:00+00:00
[2024-06-15T05:51:34.547+0530] {logging_mixin.py:188} INFO - [2024-06-15T05:51:34.547+0530] {dag.py:3954} INFO - Setting next_dagrun for example_branch_datetime_operator_3 to 2024-06-14 00:00:00+00:00, run_after=2024-06-15 00:00:00+00:00
[2024-06-15T05:51:35.130+0530] {processor.py:183} INFO - Processing /home/wsl/airflow_venv/lib/python3.10/site-packages/airflow/example_dags/example_branch_datetime_operator.py took 1.197 seconds
[2024-06-15T05:53:21.512+0530] {processor.py:161} INFO - Started process (PID=45925) to work on /home/wsl/airflow_venv/lib/python3.10/site-packages/airflow/example_dags/example_branch_datetime_operator.py
[2024-06-15T05:53:21.514+0530] {processor.py:830} INFO - Processing file /home/wsl/airflow_venv/lib/python3.10/site-packages/airflow/example_dags/example_branch_datetime_operator.py for tasks to queue
[2024-06-15T05:53:21.517+0530] {logging_mixin.py:188} INFO - [2024-06-15T05:53:21.516+0530] {dagbag.py:540} INFO - Filling up the DagBag from /home/wsl/airflow_venv/lib/python3.10/site-packages/airflow/example_dags/example_branch_datetime_operator.py
[2024-06-15T05:53:21.534+0530] {processor.py:840} INFO - DAG(s) 'example_branch_datetime_operator_2', 'example_branch_datetime_operator', 'example_branch_datetime_operator_3' retrieved from /home/wsl/airflow_venv/lib/python3.10/site-packages/airflow/example_dags/example_branch_datetime_operator.py
[2024-06-15T05:53:21.570+0530] {logging_mixin.py:188} INFO - [2024-06-15T05:53:21.570+0530] {dag.py:3096} INFO - Sync 3 DAGs
[2024-06-15T05:53:21.607+0530] {logging_mixin.py:188} INFO - [2024-06-15T05:53:21.606+0530] {dag.py:3954} INFO - Setting next_dagrun for example_branch_datetime_operator to 2024-06-14 00:00:00+00:00, run_after=2024-06-15 00:00:00+00:00
[2024-06-15T05:53:21.615+0530] {logging_mixin.py:188} INFO - [2024-06-15T05:53:21.614+0530] {dag.py:3954} INFO - Setting next_dagrun for example_branch_datetime_operator_2 to 2024-06-14 00:00:00+00:00, run_after=2024-06-15 00:00:00+00:00
[2024-06-15T05:53:21.618+0530] {logging_mixin.py:188} INFO - [2024-06-15T05:53:21.618+0530] {dag.py:3954} INFO - Setting next_dagrun for example_branch_datetime_operator_3 to 2024-06-14 00:00:00+00:00, run_after=2024-06-15 00:00:00+00:00
[2024-06-15T05:53:21.816+0530] {processor.py:183} INFO - Processing /home/wsl/airflow_venv/lib/python3.10/site-packages/airflow/example_dags/example_branch_datetime_operator.py took 0.314 seconds
[2024-06-15T06:21:37.570+0530] {processor.py:161} INFO - Started process (PID=2860) to work on /home/wsl/airflow_venv/lib/python3.10/site-packages/airflow/example_dags/example_branch_datetime_operator.py
[2024-06-15T06:21:37.583+0530] {processor.py:830} INFO - Processing file /home/wsl/airflow_venv/lib/python3.10/site-packages/airflow/example_dags/example_branch_datetime_operator.py for tasks to queue
[2024-06-15T06:21:37.587+0530] {logging_mixin.py:188} INFO - [2024-06-15T06:21:37.586+0530] {dagbag.py:540} INFO - Filling up the DagBag from /home/wsl/airflow_venv/lib/python3.10/site-packages/airflow/example_dags/example_branch_datetime_operator.py
[2024-06-15T06:21:37.638+0530] {processor.py:840} INFO - DAG(s) 'example_branch_datetime_operator', 'example_branch_datetime_operator_3', 'example_branch_datetime_operator_2' retrieved from /home/wsl/airflow_venv/lib/python3.10/site-packages/airflow/example_dags/example_branch_datetime_operator.py
[2024-06-15T06:21:38.323+0530] {logging_mixin.py:188} INFO - [2024-06-15T06:21:38.313+0530] {dag.py:3096} INFO - Sync 3 DAGs
[2024-06-15T06:21:38.425+0530] {logging_mixin.py:188} INFO - [2024-06-15T06:21:38.425+0530] {dag.py:3954} INFO - Setting next_dagrun for example_branch_datetime_operator to 2024-06-14 00:00:00+00:00, run_after=2024-06-15 00:00:00+00:00
[2024-06-15T06:21:38.835+0530] {logging_mixin.py:188} INFO - [2024-06-15T06:21:38.825+0530] {dag.py:3954} INFO - Setting next_dagrun for example_branch_datetime_operator_2 to 2024-06-14 00:00:00+00:00, run_after=2024-06-15 00:00:00+00:00
[2024-06-15T06:21:38.841+0530] {logging_mixin.py:188} INFO - [2024-06-15T06:21:38.840+0530] {dag.py:3954} INFO - Setting next_dagrun for example_branch_datetime_operator_3 to 2024-06-14 00:00:00+00:00, run_after=2024-06-15 00:00:00+00:00
[2024-06-15T06:21:39.058+0530] {processor.py:183} INFO - Processing /home/wsl/airflow_venv/lib/python3.10/site-packages/airflow/example_dags/example_branch_datetime_operator.py took 1.590 seconds
[2024-06-15T06:25:07.201+0530] {processor.py:161} INFO - Started process (PID=5306) to work on /home/wsl/airflow_venv/lib/python3.10/site-packages/airflow/example_dags/example_branch_datetime_operator.py
[2024-06-15T06:25:07.232+0530] {processor.py:830} INFO - Processing file /home/wsl/airflow_venv/lib/python3.10/site-packages/airflow/example_dags/example_branch_datetime_operator.py for tasks to queue
[2024-06-15T06:25:07.237+0530] {logging_mixin.py:188} INFO - [2024-06-15T06:25:07.235+0530] {dagbag.py:540} INFO - Filling up the DagBag from /home/wsl/airflow_venv/lib/python3.10/site-packages/airflow/example_dags/example_branch_datetime_operator.py
[2024-06-15T06:25:07.368+0530] {processor.py:840} INFO - DAG(s) 'example_branch_datetime_operator', 'example_branch_datetime_operator_2', 'example_branch_datetime_operator_3' retrieved from /home/wsl/airflow_venv/lib/python3.10/site-packages/airflow/example_dags/example_branch_datetime_operator.py
[2024-06-15T06:25:07.538+0530] {logging_mixin.py:188} INFO - [2024-06-15T06:25:07.537+0530] {dag.py:3096} INFO - Sync 3 DAGs
[2024-06-15T06:25:07.802+0530] {logging_mixin.py:188} INFO - [2024-06-15T06:25:07.801+0530] {dag.py:3954} INFO - Setting next_dagrun for example_branch_datetime_operator to 2024-06-14 00:00:00+00:00, run_after=2024-06-15 00:00:00+00:00
[2024-06-15T06:25:07.823+0530] {logging_mixin.py:188} INFO - [2024-06-15T06:25:07.822+0530] {dag.py:3954} INFO - Setting next_dagrun for example_branch_datetime_operator_2 to 2024-06-14 00:00:00+00:00, run_after=2024-06-15 00:00:00+00:00
[2024-06-15T06:25:07.856+0530] {logging_mixin.py:188} INFO - [2024-06-15T06:25:07.855+0530] {dag.py:3954} INFO - Setting next_dagrun for example_branch_datetime_operator_3 to 2024-06-14 00:00:00+00:00, run_after=2024-06-15 00:00:00+00:00
[2024-06-15T06:25:08.117+0530] {processor.py:183} INFO - Processing /home/wsl/airflow_venv/lib/python3.10/site-packages/airflow/example_dags/example_branch_datetime_operator.py took 0.943 seconds
