[2024-06-15T05:50:38.073+0530] {processor.py:161} INFO - Started process (PID=44574) to work on /home/wsl/airflow_venv/lib/python3.10/site-packages/airflow/example_dags/example_python_operator.py
[2024-06-15T05:50:38.074+0530] {processor.py:830} INFO - Processing file /home/wsl/airflow_venv/lib/python3.10/site-packages/airflow/example_dags/example_python_operator.py for tasks to queue
[2024-06-15T05:50:38.077+0530] {logging_mixin.py:188} INFO - [2024-06-15T05:50:38.076+0530] {dagbag.py:540} INFO - Filling up the DagBag from /home/wsl/airflow_venv/lib/python3.10/site-packages/airflow/example_dags/example_python_operator.py
[2024-06-15T05:50:38.467+0530] {logging_mixin.py:188} INFO - [2024-06-15T05:50:38.467+0530] {example_python_operator.py:93} WARNING - The virtalenv_python example task requires virtualenv, please install it.
[2024-06-15T05:50:38.469+0530] {processor.py:840} INFO - DAG(s) 'example_python_operator' retrieved from /home/wsl/airflow_venv/lib/python3.10/site-packages/airflow/example_dags/example_python_operator.py
[2024-06-15T05:50:38.814+0530] {logging_mixin.py:188} INFO - [2024-06-15T05:50:38.813+0530] {dag.py:3096} INFO - Sync 1 DAGs
[2024-06-15T05:50:38.868+0530] {logging_mixin.py:188} INFO - [2024-06-15T05:50:38.867+0530] {dag.py:3954} INFO - Setting next_dagrun for example_python_operator to None, run_after=None
[2024-06-15T05:50:38.979+0530] {processor.py:183} INFO - Processing /home/wsl/airflow_venv/lib/python3.10/site-packages/airflow/example_dags/example_python_operator.py took 0.933 seconds
[2024-06-15T05:52:48.955+0530] {processor.py:161} INFO - Started process (PID=45770) to work on /home/wsl/airflow_venv/lib/python3.10/site-packages/airflow/example_dags/example_python_operator.py
[2024-06-15T05:52:48.959+0530] {processor.py:830} INFO - Processing file /home/wsl/airflow_venv/lib/python3.10/site-packages/airflow/example_dags/example_python_operator.py for tasks to queue
[2024-06-15T05:52:48.962+0530] {logging_mixin.py:188} INFO - [2024-06-15T05:52:48.961+0530] {dagbag.py:540} INFO - Filling up the DagBag from /home/wsl/airflow_venv/lib/python3.10/site-packages/airflow/example_dags/example_python_operator.py
[2024-06-15T05:52:49.123+0530] {logging_mixin.py:188} INFO - [2024-06-15T05:52:49.122+0530] {example_python_operator.py:93} WARNING - The virtalenv_python example task requires virtualenv, please install it.
[2024-06-15T05:52:49.124+0530] {processor.py:840} INFO - DAG(s) 'example_python_operator' retrieved from /home/wsl/airflow_venv/lib/python3.10/site-packages/airflow/example_dags/example_python_operator.py
[2024-06-15T05:52:49.144+0530] {logging_mixin.py:188} INFO - [2024-06-15T05:52:49.144+0530] {dag.py:3096} INFO - Sync 1 DAGs
[2024-06-15T05:52:49.160+0530] {logging_mixin.py:188} INFO - [2024-06-15T05:52:49.159+0530] {dag.py:3954} INFO - Setting next_dagrun for example_python_operator to None, run_after=None
[2024-06-15T05:52:49.249+0530] {processor.py:183} INFO - Processing /home/wsl/airflow_venv/lib/python3.10/site-packages/airflow/example_dags/example_python_operator.py took 0.302 seconds
[2024-06-15T06:21:15.614+0530] {processor.py:161} INFO - Started process (PID=2737) to work on /home/wsl/airflow_venv/lib/python3.10/site-packages/airflow/example_dags/example_python_operator.py
[2024-06-15T06:21:15.629+0530] {processor.py:830} INFO - Processing file /home/wsl/airflow_venv/lib/python3.10/site-packages/airflow/example_dags/example_python_operator.py for tasks to queue
[2024-06-15T06:21:15.633+0530] {logging_mixin.py:188} INFO - [2024-06-15T06:21:15.632+0530] {dagbag.py:540} INFO - Filling up the DagBag from /home/wsl/airflow_venv/lib/python3.10/site-packages/airflow/example_dags/example_python_operator.py
[2024-06-15T06:21:15.961+0530] {logging_mixin.py:188} INFO - [2024-06-15T06:21:15.960+0530] {example_python_operator.py:93} WARNING - The virtalenv_python example task requires virtualenv, please install it.
[2024-06-15T06:21:15.962+0530] {processor.py:840} INFO - DAG(s) 'example_python_operator' retrieved from /home/wsl/airflow_venv/lib/python3.10/site-packages/airflow/example_dags/example_python_operator.py
[2024-06-15T06:21:16.252+0530] {logging_mixin.py:188} INFO - [2024-06-15T06:21:16.252+0530] {dag.py:3096} INFO - Sync 1 DAGs
[2024-06-15T06:21:16.270+0530] {logging_mixin.py:188} INFO - [2024-06-15T06:21:16.270+0530] {dag.py:3954} INFO - Setting next_dagrun for example_python_operator to None, run_after=None
[2024-06-15T06:21:16.331+0530] {processor.py:183} INFO - Processing /home/wsl/airflow_venv/lib/python3.10/site-packages/airflow/example_dags/example_python_operator.py took 0.749 seconds
[2024-06-15T06:24:48.591+0530] {processor.py:161} INFO - Started process (PID=5131) to work on /home/wsl/airflow_venv/lib/python3.10/site-packages/airflow/example_dags/example_python_operator.py
[2024-06-15T06:24:48.607+0530] {processor.py:830} INFO - Processing file /home/wsl/airflow_venv/lib/python3.10/site-packages/airflow/example_dags/example_python_operator.py for tasks to queue
[2024-06-15T06:24:48.636+0530] {logging_mixin.py:188} INFO - [2024-06-15T06:24:48.635+0530] {dagbag.py:540} INFO - Filling up the DagBag from /home/wsl/airflow_venv/lib/python3.10/site-packages/airflow/example_dags/example_python_operator.py
[2024-06-15T06:24:49.555+0530] {logging_mixin.py:188} INFO - [2024-06-15T06:24:49.554+0530] {example_python_operator.py:93} WARNING - The virtalenv_python example task requires virtualenv, please install it.
[2024-06-15T06:24:49.556+0530] {processor.py:840} INFO - DAG(s) 'example_python_operator' retrieved from /home/wsl/airflow_venv/lib/python3.10/site-packages/airflow/example_dags/example_python_operator.py
[2024-06-15T06:24:49.840+0530] {logging_mixin.py:188} INFO - [2024-06-15T06:24:49.838+0530] {dag.py:3096} INFO - Sync 1 DAGs
[2024-06-15T06:24:49.915+0530] {logging_mixin.py:188} INFO - [2024-06-15T06:24:49.915+0530] {dag.py:3954} INFO - Setting next_dagrun for example_python_operator to None, run_after=None
[2024-06-15T06:24:50.207+0530] {processor.py:183} INFO - Processing /home/wsl/airflow_venv/lib/python3.10/site-packages/airflow/example_dags/example_python_operator.py took 1.718 seconds
