[2024-06-15T05:51:42.108+0530] {processor.py:161} INFO - Started process (PID=45154) to work on /home/wsl/airflow_venv/lib/python3.10/site-packages/airflow/example_dags/example_branch_day_of_week_operator.py
[2024-06-15T05:51:42.109+0530] {processor.py:830} INFO - Processing file /home/wsl/airflow_venv/lib/python3.10/site-packages/airflow/example_dags/example_branch_day_of_week_operator.py for tasks to queue
[2024-06-15T05:51:42.112+0530] {logging_mixin.py:188} INFO - [2024-06-15T05:51:42.111+0530] {dagbag.py:540} INFO - Filling up the DagBag from /home/wsl/airflow_venv/lib/python3.10/site-packages/airflow/example_dags/example_branch_day_of_week_operator.py
[2024-06-15T05:51:42.122+0530] {processor.py:840} INFO - DAG(s) 'example_weekday_branch_operator' retrieved from /home/wsl/airflow_venv/lib/python3.10/site-packages/airflow/example_dags/example_branch_day_of_week_operator.py
[2024-06-15T05:51:42.237+0530] {logging_mixin.py:188} INFO - [2024-06-15T05:51:42.237+0530] {dag.py:3096} INFO - Sync 1 DAGs
[2024-06-15T05:51:42.263+0530] {logging_mixin.py:188} INFO - [2024-06-15T05:51:42.263+0530] {dag.py:3954} INFO - Setting next_dagrun for example_weekday_branch_operator to 2024-06-14 00:00:00+00:00, run_after=2024-06-15 00:00:00+00:00
[2024-06-15T05:51:42.507+0530] {processor.py:183} INFO - Processing /home/wsl/airflow_venv/lib/python3.10/site-packages/airflow/example_dags/example_branch_day_of_week_operator.py took 0.416 seconds
[2024-06-15T05:53:28.239+0530] {processor.py:161} INFO - Started process (PID=45955) to work on /home/wsl/airflow_venv/lib/python3.10/site-packages/airflow/example_dags/example_branch_day_of_week_operator.py
[2024-06-15T05:53:28.241+0530] {processor.py:830} INFO - Processing file /home/wsl/airflow_venv/lib/python3.10/site-packages/airflow/example_dags/example_branch_day_of_week_operator.py for tasks to queue
[2024-06-15T05:53:28.243+0530] {logging_mixin.py:188} INFO - [2024-06-15T05:53:28.242+0530] {dagbag.py:540} INFO - Filling up the DagBag from /home/wsl/airflow_venv/lib/python3.10/site-packages/airflow/example_dags/example_branch_day_of_week_operator.py
[2024-06-15T05:53:28.256+0530] {processor.py:840} INFO - DAG(s) 'example_weekday_branch_operator' retrieved from /home/wsl/airflow_venv/lib/python3.10/site-packages/airflow/example_dags/example_branch_day_of_week_operator.py
[2024-06-15T05:53:28.285+0530] {logging_mixin.py:188} INFO - [2024-06-15T05:53:28.285+0530] {dag.py:3096} INFO - Sync 1 DAGs
[2024-06-15T05:53:28.319+0530] {logging_mixin.py:188} INFO - [2024-06-15T05:53:28.318+0530] {dag.py:3954} INFO - Setting next_dagrun for example_weekday_branch_operator to 2024-06-14 00:00:00+00:00, run_after=2024-06-15 00:00:00+00:00
[2024-06-15T05:53:28.357+0530] {processor.py:183} INFO - Processing /home/wsl/airflow_venv/lib/python3.10/site-packages/airflow/example_dags/example_branch_day_of_week_operator.py took 0.127 seconds
[2024-06-15T06:21:50.087+0530] {processor.py:161} INFO - Started process (PID=2939) to work on /home/wsl/airflow_venv/lib/python3.10/site-packages/airflow/example_dags/example_branch_day_of_week_operator.py
[2024-06-15T06:21:50.095+0530] {processor.py:830} INFO - Processing file /home/wsl/airflow_venv/lib/python3.10/site-packages/airflow/example_dags/example_branch_day_of_week_operator.py for tasks to queue
[2024-06-15T06:21:50.099+0530] {logging_mixin.py:188} INFO - [2024-06-15T06:21:50.097+0530] {dagbag.py:540} INFO - Filling up the DagBag from /home/wsl/airflow_venv/lib/python3.10/site-packages/airflow/example_dags/example_branch_day_of_week_operator.py
[2024-06-15T06:21:50.126+0530] {processor.py:840} INFO - DAG(s) 'example_weekday_branch_operator' retrieved from /home/wsl/airflow_venv/lib/python3.10/site-packages/airflow/example_dags/example_branch_day_of_week_operator.py
[2024-06-15T06:21:50.652+0530] {logging_mixin.py:188} INFO - [2024-06-15T06:21:50.651+0530] {dag.py:3096} INFO - Sync 1 DAGs
[2024-06-15T06:21:50.758+0530] {logging_mixin.py:188} INFO - [2024-06-15T06:21:50.748+0530] {dag.py:3954} INFO - Setting next_dagrun for example_weekday_branch_operator to 2024-06-14 00:00:00+00:00, run_after=2024-06-15 00:00:00+00:00
[2024-06-15T06:21:53.205+0530] {processor.py:183} INFO - Processing /home/wsl/airflow_venv/lib/python3.10/site-packages/airflow/example_dags/example_branch_day_of_week_operator.py took 3.147 seconds
[2024-06-15T06:25:22.167+0530] {processor.py:161} INFO - Started process (PID=5392) to work on /home/wsl/airflow_venv/lib/python3.10/site-packages/airflow/example_dags/example_branch_day_of_week_operator.py
[2024-06-15T06:25:22.172+0530] {processor.py:830} INFO - Processing file /home/wsl/airflow_venv/lib/python3.10/site-packages/airflow/example_dags/example_branch_day_of_week_operator.py for tasks to queue
[2024-06-15T06:25:22.183+0530] {logging_mixin.py:188} INFO - [2024-06-15T06:25:22.182+0530] {dagbag.py:540} INFO - Filling up the DagBag from /home/wsl/airflow_venv/lib/python3.10/site-packages/airflow/example_dags/example_branch_day_of_week_operator.py
[2024-06-15T06:25:22.218+0530] {processor.py:840} INFO - DAG(s) 'example_weekday_branch_operator' retrieved from /home/wsl/airflow_venv/lib/python3.10/site-packages/airflow/example_dags/example_branch_day_of_week_operator.py
[2024-06-15T06:25:22.272+0530] {logging_mixin.py:188} INFO - [2024-06-15T06:25:22.271+0530] {dag.py:3096} INFO - Sync 1 DAGs
[2024-06-15T06:25:22.325+0530] {logging_mixin.py:188} INFO - [2024-06-15T06:25:22.324+0530] {dag.py:3954} INFO - Setting next_dagrun for example_weekday_branch_operator to 2024-06-14 00:00:00+00:00, run_after=2024-06-15 00:00:00+00:00
[2024-06-15T06:25:22.403+0530] {processor.py:183} INFO - Processing /home/wsl/airflow_venv/lib/python3.10/site-packages/airflow/example_dags/example_branch_day_of_week_operator.py took 0.259 seconds
