[2024-06-15T05:51:40.873+0530] {processor.py:161} INFO - Started process (PID=45148) to work on /home/wsl/airflow_venv/lib/python3.10/site-packages/airflow/example_dags/example_kubernetes_executor.py
[2024-06-15T05:51:40.874+0530] {processor.py:830} INFO - Processing file /home/wsl/airflow_venv/lib/python3.10/site-packages/airflow/example_dags/example_kubernetes_executor.py for tasks to queue
[2024-06-15T05:51:40.875+0530] {logging_mixin.py:188} INFO - [2024-06-15T05:51:40.875+0530] {dagbag.py:540} INFO - Filling up the DagBag from /home/wsl/airflow_venv/lib/python3.10/site-packages/airflow/example_dags/example_kubernetes_executor.py
[2024-06-15T05:51:40.880+0530] {logging_mixin.py:188} INFO - [2024-06-15T05:51:40.880+0530] {example_kubernetes_executor.py:39} WARNING - The example_kubernetes_executor example DAG requires the kubernetes provider. Please install it with: pip install apache-airflow[cncf.kubernetes]
[2024-06-15T05:51:40.880+0530] {processor.py:842} WARNING - No viable dags retrieved from /home/wsl/airflow_venv/lib/python3.10/site-packages/airflow/example_dags/example_kubernetes_executor.py
[2024-06-15T05:51:40.893+0530] {processor.py:183} INFO - Processing /home/wsl/airflow_venv/lib/python3.10/site-packages/airflow/example_dags/example_kubernetes_executor.py took 0.027 seconds
[2024-06-15T05:53:27.400+0530] {processor.py:161} INFO - Started process (PID=45951) to work on /home/wsl/airflow_venv/lib/python3.10/site-packages/airflow/example_dags/example_kubernetes_executor.py
[2024-06-15T05:53:27.402+0530] {processor.py:830} INFO - Processing file /home/wsl/airflow_venv/lib/python3.10/site-packages/airflow/example_dags/example_kubernetes_executor.py for tasks to queue
[2024-06-15T05:53:27.404+0530] {logging_mixin.py:188} INFO - [2024-06-15T05:53:27.403+0530] {dagbag.py:540} INFO - Filling up the DagBag from /home/wsl/airflow_venv/lib/python3.10/site-packages/airflow/example_dags/example_kubernetes_executor.py
[2024-06-15T05:53:27.411+0530] {logging_mixin.py:188} INFO - [2024-06-15T05:53:27.411+0530] {example_kubernetes_executor.py:39} WARNING - The example_kubernetes_executor example DAG requires the kubernetes provider. Please install it with: pip install apache-airflow[cncf.kubernetes]
[2024-06-15T05:53:27.412+0530] {processor.py:842} WARNING - No viable dags retrieved from /home/wsl/airflow_venv/lib/python3.10/site-packages/airflow/example_dags/example_kubernetes_executor.py
[2024-06-15T05:53:27.428+0530] {processor.py:183} INFO - Processing /home/wsl/airflow_venv/lib/python3.10/site-packages/airflow/example_dags/example_kubernetes_executor.py took 0.034 seconds
[2024-06-15T06:21:48.768+0530] {processor.py:161} INFO - Started process (PID=2933) to work on /home/wsl/airflow_venv/lib/python3.10/site-packages/airflow/example_dags/example_kubernetes_executor.py
[2024-06-15T06:21:48.779+0530] {processor.py:830} INFO - Processing file /home/wsl/airflow_venv/lib/python3.10/site-packages/airflow/example_dags/example_kubernetes_executor.py for tasks to queue
[2024-06-15T06:21:48.783+0530] {logging_mixin.py:188} INFO - [2024-06-15T06:21:48.782+0530] {dagbag.py:540} INFO - Filling up the DagBag from /home/wsl/airflow_venv/lib/python3.10/site-packages/airflow/example_dags/example_kubernetes_executor.py
[2024-06-15T06:21:48.790+0530] {logging_mixin.py:188} INFO - [2024-06-15T06:21:48.789+0530] {example_kubernetes_executor.py:39} WARNING - The example_kubernetes_executor example DAG requires the kubernetes provider. Please install it with: pip install apache-airflow[cncf.kubernetes]
[2024-06-15T06:21:48.790+0530] {processor.py:842} WARNING - No viable dags retrieved from /home/wsl/airflow_venv/lib/python3.10/site-packages/airflow/example_dags/example_kubernetes_executor.py
[2024-06-15T06:21:48.849+0530] {processor.py:183} INFO - Processing /home/wsl/airflow_venv/lib/python3.10/site-packages/airflow/example_dags/example_kubernetes_executor.py took 0.113 seconds
[2024-06-15T06:25:20.873+0530] {processor.py:161} INFO - Started process (PID=5386) to work on /home/wsl/airflow_venv/lib/python3.10/site-packages/airflow/example_dags/example_kubernetes_executor.py
[2024-06-15T06:25:20.926+0530] {processor.py:830} INFO - Processing file /home/wsl/airflow_venv/lib/python3.10/site-packages/airflow/example_dags/example_kubernetes_executor.py for tasks to queue
[2024-06-15T06:25:20.929+0530] {logging_mixin.py:188} INFO - [2024-06-15T06:25:20.928+0530] {dagbag.py:540} INFO - Filling up the DagBag from /home/wsl/airflow_venv/lib/python3.10/site-packages/airflow/example_dags/example_kubernetes_executor.py
[2024-06-15T06:25:20.942+0530] {logging_mixin.py:188} INFO - [2024-06-15T06:25:20.942+0530] {example_kubernetes_executor.py:39} WARNING - The example_kubernetes_executor example DAG requires the kubernetes provider. Please install it with: pip install apache-airflow[cncf.kubernetes]
[2024-06-15T06:25:20.943+0530] {processor.py:842} WARNING - No viable dags retrieved from /home/wsl/airflow_venv/lib/python3.10/site-packages/airflow/example_dags/example_kubernetes_executor.py
[2024-06-15T06:25:20.964+0530] {processor.py:183} INFO - Processing /home/wsl/airflow_venv/lib/python3.10/site-packages/airflow/example_dags/example_kubernetes_executor.py took 0.100 seconds
