[2024-06-15T04:59:04.801+0530] {local_task_job_runner.py:120} INFO - ::group::Pre task execution logs
[2024-06-15T04:59:04.839+0530] {taskinstance.py:2073} INFO - Dependencies all met for dep_context=non-requeueable deps ti=<TaskInstance: my_data_pipeline_dag.collect_data_1 manual__2024-06-14T23:28:42.328828+00:00 [queued]>
[2024-06-15T04:59:04.853+0530] {taskinstance.py:2073} INFO - Dependencies all met for dep_context=requeueable deps ti=<TaskInstance: my_data_pipeline_dag.collect_data_1 manual__2024-06-14T23:28:42.328828+00:00 [queued]>
[2024-06-15T04:59:04.854+0530] {taskinstance.py:2303} INFO - Starting attempt 1 of 2
[2024-06-15T04:59:04.889+0530] {taskinstance.py:2327} INFO - Executing <Task(BashOperator): collect_data_1> on 2024-06-14 23:28:42.328828+00:00
[2024-06-15T04:59:04.895+0530] {standard_task_runner.py:63} INFO - Started process 35117 to run task
[2024-06-15T04:59:04.900+0530] {standard_task_runner.py:90} INFO - Running: ['airflow', 'tasks', 'run', 'my_data_pipeline_dag', 'collect_data_1', 'manual__2024-06-14T23:28:42.328828+00:00', '--job-id', '122', '--raw', '--subdir', 'DAGS_FOLDER/my_first_dag.py', '--cfg-path', '/tmp/tmpp8_1_nxl']
[2024-06-15T04:59:04.904+0530] {standard_task_runner.py:91} INFO - Job 122: Subtask collect_data_1
[2024-06-15T04:59:05.071+0530] {task_command.py:426} INFO - Running <TaskInstance: my_data_pipeline_dag.collect_data_1 manual__2024-06-14T23:28:42.328828+00:00 [running]> on host DESKTOP-J05K55U.
[2024-06-15T04:59:11.069+0530] {taskinstance.py:2644} INFO - Exporting env vars: AIRFLOW_CTX_DAG_EMAIL='airflow@example.com' AIRFLOW_CTX_DAG_OWNER='airflow' AIRFLOW_CTX_DAG_ID='my_data_pipeline_dag' AIRFLOW_CTX_TASK_ID='collect_data_1' AIRFLOW_CTX_EXECUTION_DATE='2024-06-14T23:28:42.328828+00:00' AIRFLOW_CTX_TRY_NUMBER='1' AIRFLOW_CTX_DAG_RUN_ID='manual__2024-06-14T23:28:42.328828+00:00'
[2024-06-15T04:59:11.073+0530] {taskinstance.py:430} INFO - ::endgroup::
[2024-06-15T04:59:11.083+0530] {subprocess.py:63} INFO - Tmp dir root location: /tmp
[2024-06-15T04:59:11.085+0530] {subprocess.py:75} INFO - Running command: ['/usr/bin/bash', '-c', 'python "/home/wsl/airflow/dags/Collect Data/covid_19_usa.py"']
[2024-06-15T04:59:11.107+0530] {subprocess.py:86} INFO - Output:
[2024-06-15T04:59:14.281+0530] {subprocess.py:97} INFO - Command exited with return code 0
[2024-06-15T04:59:14.282+0530] {taskinstance.py:441} INFO - ::group::Post task execution logs
[2024-06-15T04:59:14.327+0530] {taskinstance.py:1205} INFO - Marking task as SUCCESS. dag_id=my_data_pipeline_dag, task_id=collect_data_1, execution_date=20240614T232842, start_date=20240614T232904, end_date=20240614T232914
[2024-06-15T04:59:14.396+0530] {local_task_job_runner.py:240} INFO - Task exited with return code 0
[2024-06-15T04:59:14.424+0530] {taskinstance.py:3482} INFO - 1 downstream tasks scheduled from follow-on schedule check
[2024-06-15T04:59:14.435+0530] {local_task_job_runner.py:222} INFO - ::endgroup::
