[2024-04-30T18:15:35.486+0530] {processor.py:161} INFO - Started process (PID=1294) to work on /home/wsl/airflow_venv/lib/python3.10/site-packages/airflow/example_dags/example_branch_operator.py
[2024-04-30T18:15:35.488+0530] {processor.py:830} INFO - Processing file /home/wsl/airflow_venv/lib/python3.10/site-packages/airflow/example_dags/example_branch_operator.py for tasks to queue
[2024-04-30T18:15:35.489+0530] {logging_mixin.py:188} INFO - [2024-04-30T18:15:35.489+0530] {dagbag.py:540} INFO - Filling up the DagBag from /home/wsl/airflow_venv/lib/python3.10/site-packages/airflow/example_dags/example_branch_operator.py
[2024-04-30T18:15:35.635+0530] {processor.py:842} WARNING - No viable dags retrieved from /home/wsl/airflow_venv/lib/python3.10/site-packages/airflow/example_dags/example_branch_operator.py
[2024-04-30T18:15:35.648+0530] {processor.py:183} INFO - Processing /home/wsl/airflow_venv/lib/python3.10/site-packages/airflow/example_dags/example_branch_operator.py took 0.169 seconds
[2024-04-30T18:16:51.092+0530] {processor.py:161} INFO - Started process (PID=1345) to work on /home/wsl/airflow_venv/lib/python3.10/site-packages/airflow/example_dags/example_branch_operator.py
[2024-04-30T18:16:51.095+0530] {processor.py:830} INFO - Processing file /home/wsl/airflow_venv/lib/python3.10/site-packages/airflow/example_dags/example_branch_operator.py for tasks to queue
[2024-04-30T18:16:51.097+0530] {logging_mixin.py:188} INFO - [2024-04-30T18:16:51.096+0530] {dagbag.py:540} INFO - Filling up the DagBag from /home/wsl/airflow_venv/lib/python3.10/site-packages/airflow/example_dags/example_branch_operator.py
[2024-04-30T18:16:51.254+0530] {processor.py:842} WARNING - No viable dags retrieved from /home/wsl/airflow_venv/lib/python3.10/site-packages/airflow/example_dags/example_branch_operator.py
[2024-04-30T18:16:51.271+0530] {processor.py:183} INFO - Processing /home/wsl/airflow_venv/lib/python3.10/site-packages/airflow/example_dags/example_branch_operator.py took 0.192 seconds
[2024-04-30T18:17:54.174+0530] {processor.py:161} INFO - Started process (PID=1399) to work on /home/wsl/airflow_venv/lib/python3.10/site-packages/airflow/example_dags/example_branch_operator.py
[2024-04-30T18:17:54.176+0530] {processor.py:830} INFO - Processing file /home/wsl/airflow_venv/lib/python3.10/site-packages/airflow/example_dags/example_branch_operator.py for tasks to queue
[2024-04-30T18:17:54.178+0530] {logging_mixin.py:188} INFO - [2024-04-30T18:17:54.177+0530] {dagbag.py:540} INFO - Filling up the DagBag from /home/wsl/airflow_venv/lib/python3.10/site-packages/airflow/example_dags/example_branch_operator.py
[2024-04-30T18:17:54.330+0530] {processor.py:842} WARNING - No viable dags retrieved from /home/wsl/airflow_venv/lib/python3.10/site-packages/airflow/example_dags/example_branch_operator.py
[2024-04-30T18:17:54.346+0530] {processor.py:183} INFO - Processing /home/wsl/airflow_venv/lib/python3.10/site-packages/airflow/example_dags/example_branch_operator.py took 0.182 seconds
[2024-04-30T18:19:20.614+0530] {processor.py:161} INFO - Started process (PID=1548) to work on /home/wsl/airflow_venv/lib/python3.10/site-packages/airflow/example_dags/example_branch_operator.py
[2024-04-30T18:19:20.616+0530] {processor.py:830} INFO - Processing file /home/wsl/airflow_venv/lib/python3.10/site-packages/airflow/example_dags/example_branch_operator.py for tasks to queue
[2024-04-30T18:19:20.618+0530] {logging_mixin.py:188} INFO - [2024-04-30T18:19:20.618+0530] {dagbag.py:540} INFO - Filling up the DagBag from /home/wsl/airflow_venv/lib/python3.10/site-packages/airflow/example_dags/example_branch_operator.py
[2024-04-30T18:19:20.807+0530] {processor.py:842} WARNING - No viable dags retrieved from /home/wsl/airflow_venv/lib/python3.10/site-packages/airflow/example_dags/example_branch_operator.py
[2024-04-30T18:19:20.823+0530] {processor.py:183} INFO - Processing /home/wsl/airflow_venv/lib/python3.10/site-packages/airflow/example_dags/example_branch_operator.py took 0.222 seconds
[2024-04-30T18:20:11.411+0530] {processor.py:161} INFO - Started process (PID=1597) to work on /home/wsl/airflow_venv/lib/python3.10/site-packages/airflow/example_dags/example_branch_operator.py
[2024-04-30T18:20:11.426+0530] {processor.py:830} INFO - Processing file /home/wsl/airflow_venv/lib/python3.10/site-packages/airflow/example_dags/example_branch_operator.py for tasks to queue
[2024-04-30T18:20:11.430+0530] {logging_mixin.py:188} INFO - [2024-04-30T18:20:11.429+0530] {dagbag.py:540} INFO - Filling up the DagBag from /home/wsl/airflow_venv/lib/python3.10/site-packages/airflow/example_dags/example_branch_operator.py
[2024-04-30T18:20:11.608+0530] {processor.py:842} WARNING - No viable dags retrieved from /home/wsl/airflow_venv/lib/python3.10/site-packages/airflow/example_dags/example_branch_operator.py
[2024-04-30T18:20:11.621+0530] {processor.py:183} INFO - Processing /home/wsl/airflow_venv/lib/python3.10/site-packages/airflow/example_dags/example_branch_operator.py took 0.233 seconds
[2024-04-30T18:22:00.662+0530] {processor.py:161} INFO - Started process (PID=1656) to work on /home/wsl/airflow_venv/lib/python3.10/site-packages/airflow/example_dags/example_branch_operator.py
[2024-04-30T18:22:00.665+0530] {processor.py:830} INFO - Processing file /home/wsl/airflow_venv/lib/python3.10/site-packages/airflow/example_dags/example_branch_operator.py for tasks to queue
[2024-04-30T18:22:00.668+0530] {logging_mixin.py:188} INFO - [2024-04-30T18:22:00.667+0530] {dagbag.py:540} INFO - Filling up the DagBag from /home/wsl/airflow_venv/lib/python3.10/site-packages/airflow/example_dags/example_branch_operator.py
[2024-04-30T18:22:00.840+0530] {processor.py:842} WARNING - No viable dags retrieved from /home/wsl/airflow_venv/lib/python3.10/site-packages/airflow/example_dags/example_branch_operator.py
[2024-04-30T18:22:00.853+0530] {processor.py:183} INFO - Processing /home/wsl/airflow_venv/lib/python3.10/site-packages/airflow/example_dags/example_branch_operator.py took 0.206 seconds
[2024-04-30T18:23:03.117+0530] {processor.py:161} INFO - Started process (PID=1710) to work on /home/wsl/airflow_venv/lib/python3.10/site-packages/airflow/example_dags/example_branch_operator.py
[2024-04-30T18:23:03.119+0530] {processor.py:830} INFO - Processing file /home/wsl/airflow_venv/lib/python3.10/site-packages/airflow/example_dags/example_branch_operator.py for tasks to queue
[2024-04-30T18:23:03.121+0530] {logging_mixin.py:188} INFO - [2024-04-30T18:23:03.120+0530] {dagbag.py:540} INFO - Filling up the DagBag from /home/wsl/airflow_venv/lib/python3.10/site-packages/airflow/example_dags/example_branch_operator.py
[2024-04-30T18:23:03.278+0530] {processor.py:842} WARNING - No viable dags retrieved from /home/wsl/airflow_venv/lib/python3.10/site-packages/airflow/example_dags/example_branch_operator.py
[2024-04-30T18:23:03.290+0530] {processor.py:183} INFO - Processing /home/wsl/airflow_venv/lib/python3.10/site-packages/airflow/example_dags/example_branch_operator.py took 0.181 seconds
[2024-04-30T18:23:59.592+0530] {processor.py:161} INFO - Started process (PID=1766) to work on /home/wsl/airflow_venv/lib/python3.10/site-packages/airflow/example_dags/example_branch_operator.py
[2024-04-30T18:23:59.600+0530] {processor.py:830} INFO - Processing file /home/wsl/airflow_venv/lib/python3.10/site-packages/airflow/example_dags/example_branch_operator.py for tasks to queue
[2024-04-30T18:23:59.603+0530] {logging_mixin.py:188} INFO - [2024-04-30T18:23:59.603+0530] {dagbag.py:540} INFO - Filling up the DagBag from /home/wsl/airflow_venv/lib/python3.10/site-packages/airflow/example_dags/example_branch_operator.py
[2024-04-30T18:23:59.932+0530] {processor.py:842} WARNING - No viable dags retrieved from /home/wsl/airflow_venv/lib/python3.10/site-packages/airflow/example_dags/example_branch_operator.py
[2024-04-30T18:23:59.953+0530] {processor.py:183} INFO - Processing /home/wsl/airflow_venv/lib/python3.10/site-packages/airflow/example_dags/example_branch_operator.py took 0.371 seconds
[2024-04-30T18:25:37.617+0530] {processor.py:161} INFO - Started process (PID=1856) to work on /home/wsl/airflow_venv/lib/python3.10/site-packages/airflow/example_dags/example_branch_operator.py
[2024-04-30T18:25:37.645+0530] {processor.py:830} INFO - Processing file /home/wsl/airflow_venv/lib/python3.10/site-packages/airflow/example_dags/example_branch_operator.py for tasks to queue
[2024-04-30T18:25:37.647+0530] {logging_mixin.py:188} INFO - [2024-04-30T18:25:37.647+0530] {dagbag.py:540} INFO - Filling up the DagBag from /home/wsl/airflow_venv/lib/python3.10/site-packages/airflow/example_dags/example_branch_operator.py
[2024-04-30T18:25:37.859+0530] {processor.py:842} WARNING - No viable dags retrieved from /home/wsl/airflow_venv/lib/python3.10/site-packages/airflow/example_dags/example_branch_operator.py
[2024-04-30T18:25:37.878+0530] {processor.py:183} INFO - Processing /home/wsl/airflow_venv/lib/python3.10/site-packages/airflow/example_dags/example_branch_operator.py took 0.291 seconds
[2024-04-30T18:26:56.046+0530] {processor.py:161} INFO - Started process (PID=1916) to work on /home/wsl/airflow_venv/lib/python3.10/site-packages/airflow/example_dags/example_branch_operator.py
[2024-04-30T18:26:56.048+0530] {processor.py:830} INFO - Processing file /home/wsl/airflow_venv/lib/python3.10/site-packages/airflow/example_dags/example_branch_operator.py for tasks to queue
[2024-04-30T18:26:56.051+0530] {logging_mixin.py:188} INFO - [2024-04-30T18:26:56.050+0530] {dagbag.py:540} INFO - Filling up the DagBag from /home/wsl/airflow_venv/lib/python3.10/site-packages/airflow/example_dags/example_branch_operator.py
[2024-04-30T18:26:56.190+0530] {processor.py:842} WARNING - No viable dags retrieved from /home/wsl/airflow_venv/lib/python3.10/site-packages/airflow/example_dags/example_branch_operator.py
[2024-04-30T18:26:56.203+0530] {processor.py:183} INFO - Processing /home/wsl/airflow_venv/lib/python3.10/site-packages/airflow/example_dags/example_branch_operator.py took 0.166 seconds
[2024-04-30T18:27:56.739+0530] {processor.py:161} INFO - Started process (PID=1967) to work on /home/wsl/airflow_venv/lib/python3.10/site-packages/airflow/example_dags/example_branch_operator.py
[2024-04-30T18:27:56.744+0530] {processor.py:830} INFO - Processing file /home/wsl/airflow_venv/lib/python3.10/site-packages/airflow/example_dags/example_branch_operator.py for tasks to queue
[2024-04-30T18:27:56.746+0530] {logging_mixin.py:188} INFO - [2024-04-30T18:27:56.746+0530] {dagbag.py:540} INFO - Filling up the DagBag from /home/wsl/airflow_venv/lib/python3.10/site-packages/airflow/example_dags/example_branch_operator.py
[2024-04-30T18:27:56.918+0530] {processor.py:842} WARNING - No viable dags retrieved from /home/wsl/airflow_venv/lib/python3.10/site-packages/airflow/example_dags/example_branch_operator.py
[2024-04-30T18:27:56.935+0530] {processor.py:183} INFO - Processing /home/wsl/airflow_venv/lib/python3.10/site-packages/airflow/example_dags/example_branch_operator.py took 0.211 seconds
[2024-04-30T18:28:50.459+0530] {processor.py:161} INFO - Started process (PID=2016) to work on /home/wsl/airflow_venv/lib/python3.10/site-packages/airflow/example_dags/example_branch_operator.py
[2024-04-30T18:28:50.461+0530] {processor.py:830} INFO - Processing file /home/wsl/airflow_venv/lib/python3.10/site-packages/airflow/example_dags/example_branch_operator.py for tasks to queue
[2024-04-30T18:28:50.463+0530] {logging_mixin.py:188} INFO - [2024-04-30T18:28:50.463+0530] {dagbag.py:540} INFO - Filling up the DagBag from /home/wsl/airflow_venv/lib/python3.10/site-packages/airflow/example_dags/example_branch_operator.py
[2024-04-30T18:28:50.593+0530] {processor.py:842} WARNING - No viable dags retrieved from /home/wsl/airflow_venv/lib/python3.10/site-packages/airflow/example_dags/example_branch_operator.py
[2024-04-30T18:28:50.608+0530] {processor.py:183} INFO - Processing /home/wsl/airflow_venv/lib/python3.10/site-packages/airflow/example_dags/example_branch_operator.py took 0.163 seconds
[2024-04-30T18:29:42.315+0530] {processor.py:161} INFO - Started process (PID=2065) to work on /home/wsl/airflow_venv/lib/python3.10/site-packages/airflow/example_dags/example_branch_operator.py
[2024-04-30T18:29:42.318+0530] {processor.py:830} INFO - Processing file /home/wsl/airflow_venv/lib/python3.10/site-packages/airflow/example_dags/example_branch_operator.py for tasks to queue
[2024-04-30T18:29:42.321+0530] {logging_mixin.py:188} INFO - [2024-04-30T18:29:42.320+0530] {dagbag.py:540} INFO - Filling up the DagBag from /home/wsl/airflow_venv/lib/python3.10/site-packages/airflow/example_dags/example_branch_operator.py
[2024-04-30T18:29:42.459+0530] {processor.py:842} WARNING - No viable dags retrieved from /home/wsl/airflow_venv/lib/python3.10/site-packages/airflow/example_dags/example_branch_operator.py
[2024-04-30T18:29:42.472+0530] {processor.py:183} INFO - Processing /home/wsl/airflow_venv/lib/python3.10/site-packages/airflow/example_dags/example_branch_operator.py took 0.169 seconds
[2024-04-30T18:30:35.625+0530] {processor.py:161} INFO - Started process (PID=2113) to work on /home/wsl/airflow_venv/lib/python3.10/site-packages/airflow/example_dags/example_branch_operator.py
[2024-04-30T18:30:35.627+0530] {processor.py:830} INFO - Processing file /home/wsl/airflow_venv/lib/python3.10/site-packages/airflow/example_dags/example_branch_operator.py for tasks to queue
[2024-04-30T18:30:35.630+0530] {logging_mixin.py:188} INFO - [2024-04-30T18:30:35.630+0530] {dagbag.py:540} INFO - Filling up the DagBag from /home/wsl/airflow_venv/lib/python3.10/site-packages/airflow/example_dags/example_branch_operator.py
[2024-04-30T18:30:35.757+0530] {processor.py:842} WARNING - No viable dags retrieved from /home/wsl/airflow_venv/lib/python3.10/site-packages/airflow/example_dags/example_branch_operator.py
[2024-04-30T18:30:35.770+0530] {processor.py:183} INFO - Processing /home/wsl/airflow_venv/lib/python3.10/site-packages/airflow/example_dags/example_branch_operator.py took 0.155 seconds
[2024-04-30T18:31:29.798+0530] {processor.py:161} INFO - Started process (PID=2164) to work on /home/wsl/airflow_venv/lib/python3.10/site-packages/airflow/example_dags/example_branch_operator.py
[2024-04-30T18:31:29.800+0530] {processor.py:830} INFO - Processing file /home/wsl/airflow_venv/lib/python3.10/site-packages/airflow/example_dags/example_branch_operator.py for tasks to queue
[2024-04-30T18:31:29.802+0530] {logging_mixin.py:188} INFO - [2024-04-30T18:31:29.802+0530] {dagbag.py:540} INFO - Filling up the DagBag from /home/wsl/airflow_venv/lib/python3.10/site-packages/airflow/example_dags/example_branch_operator.py
[2024-04-30T18:31:29.942+0530] {processor.py:842} WARNING - No viable dags retrieved from /home/wsl/airflow_venv/lib/python3.10/site-packages/airflow/example_dags/example_branch_operator.py
[2024-04-30T18:31:29.959+0530] {processor.py:183} INFO - Processing /home/wsl/airflow_venv/lib/python3.10/site-packages/airflow/example_dags/example_branch_operator.py took 0.171 seconds
[2024-04-30T18:32:28.335+0530] {processor.py:161} INFO - Started process (PID=2214) to work on /home/wsl/airflow_venv/lib/python3.10/site-packages/airflow/example_dags/example_branch_operator.py
[2024-04-30T18:32:28.338+0530] {processor.py:830} INFO - Processing file /home/wsl/airflow_venv/lib/python3.10/site-packages/airflow/example_dags/example_branch_operator.py for tasks to queue
[2024-04-30T18:32:28.340+0530] {logging_mixin.py:188} INFO - [2024-04-30T18:32:28.339+0530] {dagbag.py:540} INFO - Filling up the DagBag from /home/wsl/airflow_venv/lib/python3.10/site-packages/airflow/example_dags/example_branch_operator.py
[2024-04-30T18:32:28.470+0530] {processor.py:842} WARNING - No viable dags retrieved from /home/wsl/airflow_venv/lib/python3.10/site-packages/airflow/example_dags/example_branch_operator.py
[2024-04-30T18:32:28.485+0530] {processor.py:183} INFO - Processing /home/wsl/airflow_venv/lib/python3.10/site-packages/airflow/example_dags/example_branch_operator.py took 0.160 seconds
[2024-04-30T18:33:27.161+0530] {processor.py:161} INFO - Started process (PID=2265) to work on /home/wsl/airflow_venv/lib/python3.10/site-packages/airflow/example_dags/example_branch_operator.py
[2024-04-30T18:33:27.164+0530] {processor.py:830} INFO - Processing file /home/wsl/airflow_venv/lib/python3.10/site-packages/airflow/example_dags/example_branch_operator.py for tasks to queue
[2024-04-30T18:33:27.168+0530] {logging_mixin.py:188} INFO - [2024-04-30T18:33:27.167+0530] {dagbag.py:540} INFO - Filling up the DagBag from /home/wsl/airflow_venv/lib/python3.10/site-packages/airflow/example_dags/example_branch_operator.py
[2024-04-30T18:33:27.309+0530] {processor.py:842} WARNING - No viable dags retrieved from /home/wsl/airflow_venv/lib/python3.10/site-packages/airflow/example_dags/example_branch_operator.py
[2024-04-30T18:33:27.321+0530] {processor.py:183} INFO - Processing /home/wsl/airflow_venv/lib/python3.10/site-packages/airflow/example_dags/example_branch_operator.py took 0.172 seconds
[2024-04-30T18:34:21.218+0530] {processor.py:161} INFO - Started process (PID=2313) to work on /home/wsl/airflow_venv/lib/python3.10/site-packages/airflow/example_dags/example_branch_operator.py
[2024-04-30T18:34:21.220+0530] {processor.py:830} INFO - Processing file /home/wsl/airflow_venv/lib/python3.10/site-packages/airflow/example_dags/example_branch_operator.py for tasks to queue
[2024-04-30T18:34:21.223+0530] {logging_mixin.py:188} INFO - [2024-04-30T18:34:21.222+0530] {dagbag.py:540} INFO - Filling up the DagBag from /home/wsl/airflow_venv/lib/python3.10/site-packages/airflow/example_dags/example_branch_operator.py
[2024-04-30T18:34:21.353+0530] {processor.py:842} WARNING - No viable dags retrieved from /home/wsl/airflow_venv/lib/python3.10/site-packages/airflow/example_dags/example_branch_operator.py
[2024-04-30T18:34:21.366+0530] {processor.py:183} INFO - Processing /home/wsl/airflow_venv/lib/python3.10/site-packages/airflow/example_dags/example_branch_operator.py took 0.161 seconds
[2024-04-30T18:35:14.720+0530] {processor.py:161} INFO - Started process (PID=2362) to work on /home/wsl/airflow_venv/lib/python3.10/site-packages/airflow/example_dags/example_branch_operator.py
[2024-04-30T18:35:14.725+0530] {processor.py:830} INFO - Processing file /home/wsl/airflow_venv/lib/python3.10/site-packages/airflow/example_dags/example_branch_operator.py for tasks to queue
[2024-04-30T18:35:14.730+0530] {logging_mixin.py:188} INFO - [2024-04-30T18:35:14.729+0530] {dagbag.py:540} INFO - Filling up the DagBag from /home/wsl/airflow_venv/lib/python3.10/site-packages/airflow/example_dags/example_branch_operator.py
[2024-04-30T18:35:14.861+0530] {processor.py:842} WARNING - No viable dags retrieved from /home/wsl/airflow_venv/lib/python3.10/site-packages/airflow/example_dags/example_branch_operator.py
[2024-04-30T18:35:14.874+0530] {processor.py:183} INFO - Processing /home/wsl/airflow_venv/lib/python3.10/site-packages/airflow/example_dags/example_branch_operator.py took 0.176 seconds
[2024-04-30T18:36:08.400+0530] {processor.py:161} INFO - Started process (PID=2410) to work on /home/wsl/airflow_venv/lib/python3.10/site-packages/airflow/example_dags/example_branch_operator.py
[2024-04-30T18:36:08.432+0530] {processor.py:830} INFO - Processing file /home/wsl/airflow_venv/lib/python3.10/site-packages/airflow/example_dags/example_branch_operator.py for tasks to queue
[2024-04-30T18:36:08.434+0530] {logging_mixin.py:188} INFO - [2024-04-30T18:36:08.434+0530] {dagbag.py:540} INFO - Filling up the DagBag from /home/wsl/airflow_venv/lib/python3.10/site-packages/airflow/example_dags/example_branch_operator.py
[2024-04-30T18:36:08.565+0530] {processor.py:842} WARNING - No viable dags retrieved from /home/wsl/airflow_venv/lib/python3.10/site-packages/airflow/example_dags/example_branch_operator.py
[2024-04-30T18:36:08.577+0530] {processor.py:183} INFO - Processing /home/wsl/airflow_venv/lib/python3.10/site-packages/airflow/example_dags/example_branch_operator.py took 0.188 seconds
[2024-04-30T18:37:09.130+0530] {processor.py:161} INFO - Started process (PID=2463) to work on /home/wsl/airflow_venv/lib/python3.10/site-packages/airflow/example_dags/example_branch_operator.py
[2024-04-30T18:37:09.133+0530] {processor.py:830} INFO - Processing file /home/wsl/airflow_venv/lib/python3.10/site-packages/airflow/example_dags/example_branch_operator.py for tasks to queue
[2024-04-30T18:37:09.136+0530] {logging_mixin.py:188} INFO - [2024-04-30T18:37:09.135+0530] {dagbag.py:540} INFO - Filling up the DagBag from /home/wsl/airflow_venv/lib/python3.10/site-packages/airflow/example_dags/example_branch_operator.py
[2024-04-30T18:37:09.260+0530] {processor.py:842} WARNING - No viable dags retrieved from /home/wsl/airflow_venv/lib/python3.10/site-packages/airflow/example_dags/example_branch_operator.py
[2024-04-30T18:37:09.273+0530] {processor.py:183} INFO - Processing /home/wsl/airflow_venv/lib/python3.10/site-packages/airflow/example_dags/example_branch_operator.py took 0.152 seconds
[2024-04-30T18:38:00.013+0530] {processor.py:161} INFO - Started process (PID=2510) to work on /home/wsl/airflow_venv/lib/python3.10/site-packages/airflow/example_dags/example_branch_operator.py
[2024-04-30T18:38:00.019+0530] {processor.py:830} INFO - Processing file /home/wsl/airflow_venv/lib/python3.10/site-packages/airflow/example_dags/example_branch_operator.py for tasks to queue
[2024-04-30T18:38:00.023+0530] {logging_mixin.py:188} INFO - [2024-04-30T18:38:00.022+0530] {dagbag.py:540} INFO - Filling up the DagBag from /home/wsl/airflow_venv/lib/python3.10/site-packages/airflow/example_dags/example_branch_operator.py
[2024-04-30T18:38:00.176+0530] {processor.py:842} WARNING - No viable dags retrieved from /home/wsl/airflow_venv/lib/python3.10/site-packages/airflow/example_dags/example_branch_operator.py
[2024-04-30T18:38:00.189+0530] {processor.py:183} INFO - Processing /home/wsl/airflow_venv/lib/python3.10/site-packages/airflow/example_dags/example_branch_operator.py took 0.198 seconds
[2024-04-30T18:38:55.233+0530] {processor.py:161} INFO - Started process (PID=2558) to work on /home/wsl/airflow_venv/lib/python3.10/site-packages/airflow/example_dags/example_branch_operator.py
[2024-04-30T18:38:55.238+0530] {processor.py:830} INFO - Processing file /home/wsl/airflow_venv/lib/python3.10/site-packages/airflow/example_dags/example_branch_operator.py for tasks to queue
[2024-04-30T18:38:55.244+0530] {logging_mixin.py:188} INFO - [2024-04-30T18:38:55.243+0530] {dagbag.py:540} INFO - Filling up the DagBag from /home/wsl/airflow_venv/lib/python3.10/site-packages/airflow/example_dags/example_branch_operator.py
[2024-04-30T18:38:55.373+0530] {processor.py:842} WARNING - No viable dags retrieved from /home/wsl/airflow_venv/lib/python3.10/site-packages/airflow/example_dags/example_branch_operator.py
[2024-04-30T18:38:55.410+0530] {processor.py:183} INFO - Processing /home/wsl/airflow_venv/lib/python3.10/site-packages/airflow/example_dags/example_branch_operator.py took 0.206 seconds
[2024-04-30T18:39:47.423+0530] {processor.py:161} INFO - Started process (PID=2608) to work on /home/wsl/airflow_venv/lib/python3.10/site-packages/airflow/example_dags/example_branch_operator.py
[2024-04-30T18:39:47.425+0530] {processor.py:830} INFO - Processing file /home/wsl/airflow_venv/lib/python3.10/site-packages/airflow/example_dags/example_branch_operator.py for tasks to queue
[2024-04-30T18:39:47.427+0530] {logging_mixin.py:188} INFO - [2024-04-30T18:39:47.426+0530] {dagbag.py:540} INFO - Filling up the DagBag from /home/wsl/airflow_venv/lib/python3.10/site-packages/airflow/example_dags/example_branch_operator.py
[2024-04-30T18:39:47.556+0530] {processor.py:842} WARNING - No viable dags retrieved from /home/wsl/airflow_venv/lib/python3.10/site-packages/airflow/example_dags/example_branch_operator.py
[2024-04-30T18:39:47.567+0530] {processor.py:183} INFO - Processing /home/wsl/airflow_venv/lib/python3.10/site-packages/airflow/example_dags/example_branch_operator.py took 0.156 seconds
[2024-04-30T18:40:36.557+0530] {processor.py:161} INFO - Started process (PID=2654) to work on /home/wsl/airflow_venv/lib/python3.10/site-packages/airflow/example_dags/example_branch_operator.py
[2024-04-30T18:40:36.561+0530] {processor.py:830} INFO - Processing file /home/wsl/airflow_venv/lib/python3.10/site-packages/airflow/example_dags/example_branch_operator.py for tasks to queue
[2024-04-30T18:40:36.563+0530] {logging_mixin.py:188} INFO - [2024-04-30T18:40:36.562+0530] {dagbag.py:540} INFO - Filling up the DagBag from /home/wsl/airflow_venv/lib/python3.10/site-packages/airflow/example_dags/example_branch_operator.py
[2024-04-30T18:40:36.695+0530] {processor.py:842} WARNING - No viable dags retrieved from /home/wsl/airflow_venv/lib/python3.10/site-packages/airflow/example_dags/example_branch_operator.py
[2024-04-30T18:40:36.707+0530] {processor.py:183} INFO - Processing /home/wsl/airflow_venv/lib/python3.10/site-packages/airflow/example_dags/example_branch_operator.py took 0.168 seconds
[2024-04-30T18:41:30.328+0530] {processor.py:161} INFO - Started process (PID=2704) to work on /home/wsl/airflow_venv/lib/python3.10/site-packages/airflow/example_dags/example_branch_operator.py
[2024-04-30T18:41:30.329+0530] {processor.py:830} INFO - Processing file /home/wsl/airflow_venv/lib/python3.10/site-packages/airflow/example_dags/example_branch_operator.py for tasks to queue
[2024-04-30T18:41:30.332+0530] {logging_mixin.py:188} INFO - [2024-04-30T18:41:30.331+0530] {dagbag.py:540} INFO - Filling up the DagBag from /home/wsl/airflow_venv/lib/python3.10/site-packages/airflow/example_dags/example_branch_operator.py
[2024-04-30T18:41:30.461+0530] {processor.py:842} WARNING - No viable dags retrieved from /home/wsl/airflow_venv/lib/python3.10/site-packages/airflow/example_dags/example_branch_operator.py
[2024-04-30T18:41:30.473+0530] {processor.py:183} INFO - Processing /home/wsl/airflow_venv/lib/python3.10/site-packages/airflow/example_dags/example_branch_operator.py took 0.156 seconds
[2024-04-30T18:42:22.537+0530] {processor.py:161} INFO - Started process (PID=2751) to work on /home/wsl/airflow_venv/lib/python3.10/site-packages/airflow/example_dags/example_branch_operator.py
[2024-04-30T18:42:22.539+0530] {processor.py:830} INFO - Processing file /home/wsl/airflow_venv/lib/python3.10/site-packages/airflow/example_dags/example_branch_operator.py for tasks to queue
[2024-04-30T18:42:22.543+0530] {logging_mixin.py:188} INFO - [2024-04-30T18:42:22.542+0530] {dagbag.py:540} INFO - Filling up the DagBag from /home/wsl/airflow_venv/lib/python3.10/site-packages/airflow/example_dags/example_branch_operator.py
[2024-04-30T18:42:22.703+0530] {processor.py:842} WARNING - No viable dags retrieved from /home/wsl/airflow_venv/lib/python3.10/site-packages/airflow/example_dags/example_branch_operator.py
[2024-04-30T18:42:22.719+0530] {processor.py:183} INFO - Processing /home/wsl/airflow_venv/lib/python3.10/site-packages/airflow/example_dags/example_branch_operator.py took 0.196 seconds
[2024-04-30T18:43:30.134+0530] {processor.py:161} INFO - Started process (PID=2806) to work on /home/wsl/airflow_venv/lib/python3.10/site-packages/airflow/example_dags/example_branch_operator.py
[2024-04-30T18:43:30.158+0530] {processor.py:830} INFO - Processing file /home/wsl/airflow_venv/lib/python3.10/site-packages/airflow/example_dags/example_branch_operator.py for tasks to queue
[2024-04-30T18:43:30.162+0530] {logging_mixin.py:188} INFO - [2024-04-30T18:43:30.161+0530] {dagbag.py:540} INFO - Filling up the DagBag from /home/wsl/airflow_venv/lib/python3.10/site-packages/airflow/example_dags/example_branch_operator.py
[2024-04-30T18:43:30.473+0530] {processor.py:842} WARNING - No viable dags retrieved from /home/wsl/airflow_venv/lib/python3.10/site-packages/airflow/example_dags/example_branch_operator.py
[2024-04-30T18:43:30.501+0530] {processor.py:183} INFO - Processing /home/wsl/airflow_venv/lib/python3.10/site-packages/airflow/example_dags/example_branch_operator.py took 0.385 seconds
[2024-04-30T18:44:31.495+0530] {processor.py:161} INFO - Started process (PID=3089) to work on /home/wsl/airflow_venv/lib/python3.10/site-packages/airflow/example_dags/example_branch_operator.py
[2024-04-30T18:44:31.497+0530] {processor.py:830} INFO - Processing file /home/wsl/airflow_venv/lib/python3.10/site-packages/airflow/example_dags/example_branch_operator.py for tasks to queue
[2024-04-30T18:44:31.499+0530] {logging_mixin.py:188} INFO - [2024-04-30T18:44:31.498+0530] {dagbag.py:540} INFO - Filling up the DagBag from /home/wsl/airflow_venv/lib/python3.10/site-packages/airflow/example_dags/example_branch_operator.py
[2024-04-30T18:44:31.628+0530] {processor.py:842} WARNING - No viable dags retrieved from /home/wsl/airflow_venv/lib/python3.10/site-packages/airflow/example_dags/example_branch_operator.py
[2024-04-30T18:44:31.644+0530] {processor.py:183} INFO - Processing /home/wsl/airflow_venv/lib/python3.10/site-packages/airflow/example_dags/example_branch_operator.py took 0.160 seconds
[2024-04-30T18:45:20.749+0530] {processor.py:161} INFO - Started process (PID=3134) to work on /home/wsl/airflow_venv/lib/python3.10/site-packages/airflow/example_dags/example_branch_operator.py
[2024-04-30T18:45:20.751+0530] {processor.py:830} INFO - Processing file /home/wsl/airflow_venv/lib/python3.10/site-packages/airflow/example_dags/example_branch_operator.py for tasks to queue
[2024-04-30T18:45:20.754+0530] {logging_mixin.py:188} INFO - [2024-04-30T18:45:20.753+0530] {dagbag.py:540} INFO - Filling up the DagBag from /home/wsl/airflow_venv/lib/python3.10/site-packages/airflow/example_dags/example_branch_operator.py
[2024-04-30T18:45:20.873+0530] {processor.py:842} WARNING - No viable dags retrieved from /home/wsl/airflow_venv/lib/python3.10/site-packages/airflow/example_dags/example_branch_operator.py
[2024-04-30T18:45:20.885+0530] {processor.py:183} INFO - Processing /home/wsl/airflow_venv/lib/python3.10/site-packages/airflow/example_dags/example_branch_operator.py took 0.145 seconds
[2024-04-30T18:46:13.468+0530] {processor.py:161} INFO - Started process (PID=3183) to work on /home/wsl/airflow_venv/lib/python3.10/site-packages/airflow/example_dags/example_branch_operator.py
[2024-04-30T18:46:13.470+0530] {processor.py:830} INFO - Processing file /home/wsl/airflow_venv/lib/python3.10/site-packages/airflow/example_dags/example_branch_operator.py for tasks to queue
[2024-04-30T18:46:13.473+0530] {logging_mixin.py:188} INFO - [2024-04-30T18:46:13.472+0530] {dagbag.py:540} INFO - Filling up the DagBag from /home/wsl/airflow_venv/lib/python3.10/site-packages/airflow/example_dags/example_branch_operator.py
[2024-04-30T18:46:13.601+0530] {processor.py:842} WARNING - No viable dags retrieved from /home/wsl/airflow_venv/lib/python3.10/site-packages/airflow/example_dags/example_branch_operator.py
[2024-04-30T18:46:13.613+0530] {processor.py:183} INFO - Processing /home/wsl/airflow_venv/lib/python3.10/site-packages/airflow/example_dags/example_branch_operator.py took 0.160 seconds
[2024-04-30T18:47:04.853+0530] {processor.py:161} INFO - Started process (PID=3295) to work on /home/wsl/airflow_venv/lib/python3.10/site-packages/airflow/example_dags/example_branch_operator.py
[2024-04-30T18:47:04.877+0530] {processor.py:830} INFO - Processing file /home/wsl/airflow_venv/lib/python3.10/site-packages/airflow/example_dags/example_branch_operator.py for tasks to queue
[2024-04-30T18:47:04.880+0530] {logging_mixin.py:188} INFO - [2024-04-30T18:47:04.879+0530] {dagbag.py:540} INFO - Filling up the DagBag from /home/wsl/airflow_venv/lib/python3.10/site-packages/airflow/example_dags/example_branch_operator.py
[2024-04-30T18:47:05.145+0530] {processor.py:842} WARNING - No viable dags retrieved from /home/wsl/airflow_venv/lib/python3.10/site-packages/airflow/example_dags/example_branch_operator.py
[2024-04-30T18:47:05.196+0530] {processor.py:183} INFO - Processing /home/wsl/airflow_venv/lib/python3.10/site-packages/airflow/example_dags/example_branch_operator.py took 0.363 seconds
[2024-04-30T18:47:56.766+0530] {processor.py:161} INFO - Started process (PID=3343) to work on /home/wsl/airflow_venv/lib/python3.10/site-packages/airflow/example_dags/example_branch_operator.py
[2024-04-30T18:47:56.769+0530] {processor.py:830} INFO - Processing file /home/wsl/airflow_venv/lib/python3.10/site-packages/airflow/example_dags/example_branch_operator.py for tasks to queue
[2024-04-30T18:47:56.772+0530] {logging_mixin.py:188} INFO - [2024-04-30T18:47:56.771+0530] {dagbag.py:540} INFO - Filling up the DagBag from /home/wsl/airflow_venv/lib/python3.10/site-packages/airflow/example_dags/example_branch_operator.py
[2024-04-30T18:47:56.897+0530] {processor.py:842} WARNING - No viable dags retrieved from /home/wsl/airflow_venv/lib/python3.10/site-packages/airflow/example_dags/example_branch_operator.py
[2024-04-30T18:47:56.913+0530] {processor.py:183} INFO - Processing /home/wsl/airflow_venv/lib/python3.10/site-packages/airflow/example_dags/example_branch_operator.py took 0.161 seconds
[2024-04-30T18:49:06.694+0530] {processor.py:161} INFO - Started process (PID=3406) to work on /home/wsl/airflow_venv/lib/python3.10/site-packages/airflow/example_dags/example_branch_operator.py
[2024-04-30T18:49:06.696+0530] {processor.py:830} INFO - Processing file /home/wsl/airflow_venv/lib/python3.10/site-packages/airflow/example_dags/example_branch_operator.py for tasks to queue
[2024-04-30T18:49:06.699+0530] {logging_mixin.py:188} INFO - [2024-04-30T18:49:06.698+0530] {dagbag.py:540} INFO - Filling up the DagBag from /home/wsl/airflow_venv/lib/python3.10/site-packages/airflow/example_dags/example_branch_operator.py
[2024-04-30T18:49:06.932+0530] {processor.py:842} WARNING - No viable dags retrieved from /home/wsl/airflow_venv/lib/python3.10/site-packages/airflow/example_dags/example_branch_operator.py
[2024-04-30T18:49:06.971+0530] {processor.py:183} INFO - Processing /home/wsl/airflow_venv/lib/python3.10/site-packages/airflow/example_dags/example_branch_operator.py took 0.286 seconds
[2024-04-30T18:49:57.313+0530] {processor.py:161} INFO - Started process (PID=3453) to work on /home/wsl/airflow_venv/lib/python3.10/site-packages/airflow/example_dags/example_branch_operator.py
[2024-04-30T18:49:57.316+0530] {processor.py:830} INFO - Processing file /home/wsl/airflow_venv/lib/python3.10/site-packages/airflow/example_dags/example_branch_operator.py for tasks to queue
[2024-04-30T18:49:57.318+0530] {logging_mixin.py:188} INFO - [2024-04-30T18:49:57.318+0530] {dagbag.py:540} INFO - Filling up the DagBag from /home/wsl/airflow_venv/lib/python3.10/site-packages/airflow/example_dags/example_branch_operator.py
[2024-04-30T18:49:57.463+0530] {processor.py:842} WARNING - No viable dags retrieved from /home/wsl/airflow_venv/lib/python3.10/site-packages/airflow/example_dags/example_branch_operator.py
[2024-04-30T18:49:57.480+0530] {processor.py:183} INFO - Processing /home/wsl/airflow_venv/lib/python3.10/site-packages/airflow/example_dags/example_branch_operator.py took 0.180 seconds
[2024-04-30T18:51:12.593+0530] {processor.py:161} INFO - Started process (PID=3511) to work on /home/wsl/airflow_venv/lib/python3.10/site-packages/airflow/example_dags/example_branch_operator.py
[2024-04-30T18:51:12.594+0530] {processor.py:830} INFO - Processing file /home/wsl/airflow_venv/lib/python3.10/site-packages/airflow/example_dags/example_branch_operator.py for tasks to queue
[2024-04-30T18:51:12.597+0530] {logging_mixin.py:188} INFO - [2024-04-30T18:51:12.596+0530] {dagbag.py:540} INFO - Filling up the DagBag from /home/wsl/airflow_venv/lib/python3.10/site-packages/airflow/example_dags/example_branch_operator.py
[2024-04-30T18:51:12.732+0530] {processor.py:842} WARNING - No viable dags retrieved from /home/wsl/airflow_venv/lib/python3.10/site-packages/airflow/example_dags/example_branch_operator.py
[2024-04-30T18:51:12.748+0530] {processor.py:183} INFO - Processing /home/wsl/airflow_venv/lib/python3.10/site-packages/airflow/example_dags/example_branch_operator.py took 0.165 seconds
[2024-04-30T18:52:50.245+0530] {processor.py:161} INFO - Started process (PID=3606) to work on /home/wsl/airflow_venv/lib/python3.10/site-packages/airflow/example_dags/example_branch_operator.py
[2024-04-30T18:52:50.248+0530] {processor.py:830} INFO - Processing file /home/wsl/airflow_venv/lib/python3.10/site-packages/airflow/example_dags/example_branch_operator.py for tasks to queue
[2024-04-30T18:52:50.257+0530] {logging_mixin.py:188} INFO - [2024-04-30T18:52:50.256+0530] {dagbag.py:540} INFO - Filling up the DagBag from /home/wsl/airflow_venv/lib/python3.10/site-packages/airflow/example_dags/example_branch_operator.py
[2024-04-30T18:52:50.445+0530] {processor.py:842} WARNING - No viable dags retrieved from /home/wsl/airflow_venv/lib/python3.10/site-packages/airflow/example_dags/example_branch_operator.py
[2024-04-30T18:52:50.476+0530] {processor.py:183} INFO - Processing /home/wsl/airflow_venv/lib/python3.10/site-packages/airflow/example_dags/example_branch_operator.py took 0.245 seconds
[2024-04-30T18:53:54.172+0530] {processor.py:161} INFO - Started process (PID=3669) to work on /home/wsl/airflow_venv/lib/python3.10/site-packages/airflow/example_dags/example_branch_operator.py
[2024-04-30T18:53:54.173+0530] {processor.py:830} INFO - Processing file /home/wsl/airflow_venv/lib/python3.10/site-packages/airflow/example_dags/example_branch_operator.py for tasks to queue
[2024-04-30T18:53:54.178+0530] {logging_mixin.py:188} INFO - [2024-04-30T18:53:54.176+0530] {dagbag.py:540} INFO - Filling up the DagBag from /home/wsl/airflow_venv/lib/python3.10/site-packages/airflow/example_dags/example_branch_operator.py
[2024-04-30T18:53:54.341+0530] {processor.py:842} WARNING - No viable dags retrieved from /home/wsl/airflow_venv/lib/python3.10/site-packages/airflow/example_dags/example_branch_operator.py
[2024-04-30T18:53:54.357+0530] {processor.py:183} INFO - Processing /home/wsl/airflow_venv/lib/python3.10/site-packages/airflow/example_dags/example_branch_operator.py took 0.194 seconds
[2024-04-30T18:54:53.653+0530] {processor.py:161} INFO - Started process (PID=3722) to work on /home/wsl/airflow_venv/lib/python3.10/site-packages/airflow/example_dags/example_branch_operator.py
[2024-04-30T18:54:53.655+0530] {processor.py:830} INFO - Processing file /home/wsl/airflow_venv/lib/python3.10/site-packages/airflow/example_dags/example_branch_operator.py for tasks to queue
[2024-04-30T18:54:53.658+0530] {logging_mixin.py:188} INFO - [2024-04-30T18:54:53.658+0530] {dagbag.py:540} INFO - Filling up the DagBag from /home/wsl/airflow_venv/lib/python3.10/site-packages/airflow/example_dags/example_branch_operator.py
[2024-04-30T18:54:53.859+0530] {processor.py:842} WARNING - No viable dags retrieved from /home/wsl/airflow_venv/lib/python3.10/site-packages/airflow/example_dags/example_branch_operator.py
[2024-04-30T18:54:53.876+0530] {processor.py:183} INFO - Processing /home/wsl/airflow_venv/lib/python3.10/site-packages/airflow/example_dags/example_branch_operator.py took 0.234 seconds
[2024-04-30T18:56:19.255+0530] {processor.py:161} INFO - Started process (PID=4085) to work on /home/wsl/airflow_venv/lib/python3.10/site-packages/airflow/example_dags/example_branch_operator.py
[2024-04-30T18:56:19.257+0530] {processor.py:830} INFO - Processing file /home/wsl/airflow_venv/lib/python3.10/site-packages/airflow/example_dags/example_branch_operator.py for tasks to queue
[2024-04-30T18:56:19.259+0530] {logging_mixin.py:188} INFO - [2024-04-30T18:56:19.258+0530] {dagbag.py:540} INFO - Filling up the DagBag from /home/wsl/airflow_venv/lib/python3.10/site-packages/airflow/example_dags/example_branch_operator.py
[2024-04-30T18:56:19.450+0530] {processor.py:842} WARNING - No viable dags retrieved from /home/wsl/airflow_venv/lib/python3.10/site-packages/airflow/example_dags/example_branch_operator.py
[2024-04-30T18:56:19.477+0530] {processor.py:183} INFO - Processing /home/wsl/airflow_venv/lib/python3.10/site-packages/airflow/example_dags/example_branch_operator.py took 0.233 seconds
[2024-05-01T01:59:59.809+0530] {processor.py:161} INFO - Started process (PID=37125) to work on /home/wsl/airflow_venv/lib/python3.10/site-packages/airflow/example_dags/example_branch_operator.py
[2024-05-01T01:59:59.813+0530] {processor.py:830} INFO - Processing file /home/wsl/airflow_venv/lib/python3.10/site-packages/airflow/example_dags/example_branch_operator.py for tasks to queue
[2024-05-01T01:59:59.816+0530] {logging_mixin.py:188} INFO - [2024-05-01T01:59:59.815+0530] {dagbag.py:540} INFO - Filling up the DagBag from /home/wsl/airflow_venv/lib/python3.10/site-packages/airflow/example_dags/example_branch_operator.py
[2024-05-01T01:59:59.972+0530] {processor.py:842} WARNING - No viable dags retrieved from /home/wsl/airflow_venv/lib/python3.10/site-packages/airflow/example_dags/example_branch_operator.py
[2024-05-01T01:59:59.986+0530] {processor.py:183} INFO - Processing /home/wsl/airflow_venv/lib/python3.10/site-packages/airflow/example_dags/example_branch_operator.py took 0.188 seconds
[2024-05-01T02:01:28.482+0530] {processor.py:161} INFO - Started process (PID=37990) to work on /home/wsl/airflow_venv/lib/python3.10/site-packages/airflow/example_dags/example_branch_operator.py
[2024-05-01T02:01:28.486+0530] {processor.py:830} INFO - Processing file /home/wsl/airflow_venv/lib/python3.10/site-packages/airflow/example_dags/example_branch_operator.py for tasks to queue
[2024-05-01T02:01:28.496+0530] {logging_mixin.py:188} INFO - [2024-05-01T02:01:28.495+0530] {dagbag.py:540} INFO - Filling up the DagBag from /home/wsl/airflow_venv/lib/python3.10/site-packages/airflow/example_dags/example_branch_operator.py
[2024-05-01T02:01:28.906+0530] {processor.py:842} WARNING - No viable dags retrieved from /home/wsl/airflow_venv/lib/python3.10/site-packages/airflow/example_dags/example_branch_operator.py
[2024-05-01T02:01:28.944+0530] {processor.py:183} INFO - Processing /home/wsl/airflow_venv/lib/python3.10/site-packages/airflow/example_dags/example_branch_operator.py took 0.476 seconds
[2024-05-01T02:02:54.946+0530] {processor.py:161} INFO - Started process (PID=38873) to work on /home/wsl/airflow_venv/lib/python3.10/site-packages/airflow/example_dags/example_branch_operator.py
[2024-05-01T02:02:54.948+0530] {processor.py:830} INFO - Processing file /home/wsl/airflow_venv/lib/python3.10/site-packages/airflow/example_dags/example_branch_operator.py for tasks to queue
[2024-05-01T02:02:54.952+0530] {logging_mixin.py:188} INFO - [2024-05-01T02:02:54.951+0530] {dagbag.py:540} INFO - Filling up the DagBag from /home/wsl/airflow_venv/lib/python3.10/site-packages/airflow/example_dags/example_branch_operator.py
[2024-05-01T02:02:55.099+0530] {processor.py:842} WARNING - No viable dags retrieved from /home/wsl/airflow_venv/lib/python3.10/site-packages/airflow/example_dags/example_branch_operator.py
[2024-05-01T02:02:55.111+0530] {processor.py:183} INFO - Processing /home/wsl/airflow_venv/lib/python3.10/site-packages/airflow/example_dags/example_branch_operator.py took 0.176 seconds
[2024-05-01T02:04:33.119+0530] {processor.py:161} INFO - Started process (PID=39938) to work on /home/wsl/airflow_venv/lib/python3.10/site-packages/airflow/example_dags/example_branch_operator.py
[2024-05-01T02:04:33.121+0530] {processor.py:830} INFO - Processing file /home/wsl/airflow_venv/lib/python3.10/site-packages/airflow/example_dags/example_branch_operator.py for tasks to queue
[2024-05-01T02:04:33.123+0530] {logging_mixin.py:188} INFO - [2024-05-01T02:04:33.122+0530] {dagbag.py:540} INFO - Filling up the DagBag from /home/wsl/airflow_venv/lib/python3.10/site-packages/airflow/example_dags/example_branch_operator.py
[2024-05-01T02:04:33.244+0530] {processor.py:842} WARNING - No viable dags retrieved from /home/wsl/airflow_venv/lib/python3.10/site-packages/airflow/example_dags/example_branch_operator.py
[2024-05-01T02:04:33.257+0530] {processor.py:183} INFO - Processing /home/wsl/airflow_venv/lib/python3.10/site-packages/airflow/example_dags/example_branch_operator.py took 0.147 seconds
[2024-05-01T02:05:44.072+0530] {processor.py:161} INFO - Started process (PID=40639) to work on /home/wsl/airflow_venv/lib/python3.10/site-packages/airflow/example_dags/example_branch_operator.py
[2024-05-01T02:05:44.076+0530] {processor.py:830} INFO - Processing file /home/wsl/airflow_venv/lib/python3.10/site-packages/airflow/example_dags/example_branch_operator.py for tasks to queue
[2024-05-01T02:05:44.079+0530] {logging_mixin.py:188} INFO - [2024-05-01T02:05:44.078+0530] {dagbag.py:540} INFO - Filling up the DagBag from /home/wsl/airflow_venv/lib/python3.10/site-packages/airflow/example_dags/example_branch_operator.py
[2024-05-01T02:05:44.215+0530] {processor.py:842} WARNING - No viable dags retrieved from /home/wsl/airflow_venv/lib/python3.10/site-packages/airflow/example_dags/example_branch_operator.py
[2024-05-01T02:05:44.227+0530] {processor.py:183} INFO - Processing /home/wsl/airflow_venv/lib/python3.10/site-packages/airflow/example_dags/example_branch_operator.py took 0.166 seconds
[2024-05-01T02:06:41.230+0530] {processor.py:161} INFO - Started process (PID=41279) to work on /home/wsl/airflow_venv/lib/python3.10/site-packages/airflow/example_dags/example_branch_operator.py
[2024-05-01T02:06:41.234+0530] {processor.py:830} INFO - Processing file /home/wsl/airflow_venv/lib/python3.10/site-packages/airflow/example_dags/example_branch_operator.py for tasks to queue
[2024-05-01T02:06:41.237+0530] {logging_mixin.py:188} INFO - [2024-05-01T02:06:41.236+0530] {dagbag.py:540} INFO - Filling up the DagBag from /home/wsl/airflow_venv/lib/python3.10/site-packages/airflow/example_dags/example_branch_operator.py
[2024-05-01T02:06:41.371+0530] {processor.py:842} WARNING - No viable dags retrieved from /home/wsl/airflow_venv/lib/python3.10/site-packages/airflow/example_dags/example_branch_operator.py
[2024-05-01T02:06:41.383+0530] {processor.py:183} INFO - Processing /home/wsl/airflow_venv/lib/python3.10/site-packages/airflow/example_dags/example_branch_operator.py took 0.184 seconds
[2024-05-01T02:07:35.041+0530] {processor.py:161} INFO - Started process (PID=41941) to work on /home/wsl/airflow_venv/lib/python3.10/site-packages/airflow/example_dags/example_branch_operator.py
[2024-05-01T02:07:35.043+0530] {processor.py:830} INFO - Processing file /home/wsl/airflow_venv/lib/python3.10/site-packages/airflow/example_dags/example_branch_operator.py for tasks to queue
[2024-05-01T02:07:35.046+0530] {logging_mixin.py:188} INFO - [2024-05-01T02:07:35.045+0530] {dagbag.py:540} INFO - Filling up the DagBag from /home/wsl/airflow_venv/lib/python3.10/site-packages/airflow/example_dags/example_branch_operator.py
[2024-05-01T02:07:35.180+0530] {processor.py:842} WARNING - No viable dags retrieved from /home/wsl/airflow_venv/lib/python3.10/site-packages/airflow/example_dags/example_branch_operator.py
[2024-05-01T02:07:35.192+0530] {processor.py:183} INFO - Processing /home/wsl/airflow_venv/lib/python3.10/site-packages/airflow/example_dags/example_branch_operator.py took 0.162 seconds
[2024-05-01T02:08:32.907+0530] {processor.py:161} INFO - Started process (PID=42607) to work on /home/wsl/airflow_venv/lib/python3.10/site-packages/airflow/example_dags/example_branch_operator.py
[2024-05-01T02:08:32.909+0530] {processor.py:830} INFO - Processing file /home/wsl/airflow_venv/lib/python3.10/site-packages/airflow/example_dags/example_branch_operator.py for tasks to queue
[2024-05-01T02:08:32.911+0530] {logging_mixin.py:188} INFO - [2024-05-01T02:08:32.911+0530] {dagbag.py:540} INFO - Filling up the DagBag from /home/wsl/airflow_venv/lib/python3.10/site-packages/airflow/example_dags/example_branch_operator.py
[2024-05-01T02:08:33.026+0530] {processor.py:842} WARNING - No viable dags retrieved from /home/wsl/airflow_venv/lib/python3.10/site-packages/airflow/example_dags/example_branch_operator.py
[2024-05-01T02:08:33.038+0530] {processor.py:183} INFO - Processing /home/wsl/airflow_venv/lib/python3.10/site-packages/airflow/example_dags/example_branch_operator.py took 0.139 seconds
[2024-05-01T02:09:31.050+0530] {processor.py:161} INFO - Started process (PID=43202) to work on /home/wsl/airflow_venv/lib/python3.10/site-packages/airflow/example_dags/example_branch_operator.py
[2024-05-01T02:09:31.052+0530] {processor.py:830} INFO - Processing file /home/wsl/airflow_venv/lib/python3.10/site-packages/airflow/example_dags/example_branch_operator.py for tasks to queue
[2024-05-01T02:09:31.054+0530] {logging_mixin.py:188} INFO - [2024-05-01T02:09:31.054+0530] {dagbag.py:540} INFO - Filling up the DagBag from /home/wsl/airflow_venv/lib/python3.10/site-packages/airflow/example_dags/example_branch_operator.py
[2024-05-01T02:09:31.179+0530] {processor.py:842} WARNING - No viable dags retrieved from /home/wsl/airflow_venv/lib/python3.10/site-packages/airflow/example_dags/example_branch_operator.py
[2024-05-01T02:09:31.191+0530] {processor.py:183} INFO - Processing /home/wsl/airflow_venv/lib/python3.10/site-packages/airflow/example_dags/example_branch_operator.py took 0.152 seconds
[2024-05-01T02:10:28.336+0530] {processor.py:161} INFO - Started process (PID=43893) to work on /home/wsl/airflow_venv/lib/python3.10/site-packages/airflow/example_dags/example_branch_operator.py
[2024-05-01T02:10:28.338+0530] {processor.py:830} INFO - Processing file /home/wsl/airflow_venv/lib/python3.10/site-packages/airflow/example_dags/example_branch_operator.py for tasks to queue
[2024-05-01T02:10:28.340+0530] {logging_mixin.py:188} INFO - [2024-05-01T02:10:28.340+0530] {dagbag.py:540} INFO - Filling up the DagBag from /home/wsl/airflow_venv/lib/python3.10/site-packages/airflow/example_dags/example_branch_operator.py
[2024-05-01T02:10:28.460+0530] {processor.py:842} WARNING - No viable dags retrieved from /home/wsl/airflow_venv/lib/python3.10/site-packages/airflow/example_dags/example_branch_operator.py
[2024-05-01T02:10:28.474+0530] {processor.py:183} INFO - Processing /home/wsl/airflow_venv/lib/python3.10/site-packages/airflow/example_dags/example_branch_operator.py took 0.145 seconds
[2024-05-01T02:11:25.964+0530] {processor.py:161} INFO - Started process (PID=44563) to work on /home/wsl/airflow_venv/lib/python3.10/site-packages/airflow/example_dags/example_branch_operator.py
[2024-05-01T02:11:25.966+0530] {processor.py:830} INFO - Processing file /home/wsl/airflow_venv/lib/python3.10/site-packages/airflow/example_dags/example_branch_operator.py for tasks to queue
[2024-05-01T02:11:25.968+0530] {logging_mixin.py:188} INFO - [2024-05-01T02:11:25.968+0530] {dagbag.py:540} INFO - Filling up the DagBag from /home/wsl/airflow_venv/lib/python3.10/site-packages/airflow/example_dags/example_branch_operator.py
[2024-05-01T02:11:26.088+0530] {processor.py:842} WARNING - No viable dags retrieved from /home/wsl/airflow_venv/lib/python3.10/site-packages/airflow/example_dags/example_branch_operator.py
[2024-05-01T02:11:26.102+0530] {processor.py:183} INFO - Processing /home/wsl/airflow_venv/lib/python3.10/site-packages/airflow/example_dags/example_branch_operator.py took 0.149 seconds
[2024-05-01T02:12:21.901+0530] {processor.py:161} INFO - Started process (PID=45246) to work on /home/wsl/airflow_venv/lib/python3.10/site-packages/airflow/example_dags/example_branch_operator.py
[2024-05-01T02:12:21.904+0530] {processor.py:830} INFO - Processing file /home/wsl/airflow_venv/lib/python3.10/site-packages/airflow/example_dags/example_branch_operator.py for tasks to queue
[2024-05-01T02:12:21.907+0530] {logging_mixin.py:188} INFO - [2024-05-01T02:12:21.906+0530] {dagbag.py:540} INFO - Filling up the DagBag from /home/wsl/airflow_venv/lib/python3.10/site-packages/airflow/example_dags/example_branch_operator.py
[2024-05-01T02:12:22.039+0530] {processor.py:842} WARNING - No viable dags retrieved from /home/wsl/airflow_venv/lib/python3.10/site-packages/airflow/example_dags/example_branch_operator.py
[2024-05-01T02:12:22.052+0530] {processor.py:183} INFO - Processing /home/wsl/airflow_venv/lib/python3.10/site-packages/airflow/example_dags/example_branch_operator.py took 0.165 seconds
[2024-05-01T02:13:26.196+0530] {processor.py:161} INFO - Started process (PID=45974) to work on /home/wsl/airflow_venv/lib/python3.10/site-packages/airflow/example_dags/example_branch_operator.py
[2024-05-01T02:13:26.198+0530] {processor.py:830} INFO - Processing file /home/wsl/airflow_venv/lib/python3.10/site-packages/airflow/example_dags/example_branch_operator.py for tasks to queue
[2024-05-01T02:13:26.200+0530] {logging_mixin.py:188} INFO - [2024-05-01T02:13:26.199+0530] {dagbag.py:540} INFO - Filling up the DagBag from /home/wsl/airflow_venv/lib/python3.10/site-packages/airflow/example_dags/example_branch_operator.py
[2024-05-01T02:13:26.317+0530] {processor.py:842} WARNING - No viable dags retrieved from /home/wsl/airflow_venv/lib/python3.10/site-packages/airflow/example_dags/example_branch_operator.py
[2024-05-01T02:13:26.329+0530] {processor.py:183} INFO - Processing /home/wsl/airflow_venv/lib/python3.10/site-packages/airflow/example_dags/example_branch_operator.py took 0.141 seconds
[2024-05-01T02:14:21.017+0530] {processor.py:161} INFO - Started process (PID=46664) to work on /home/wsl/airflow_venv/lib/python3.10/site-packages/airflow/example_dags/example_branch_operator.py
[2024-05-01T02:14:21.020+0530] {processor.py:830} INFO - Processing file /home/wsl/airflow_venv/lib/python3.10/site-packages/airflow/example_dags/example_branch_operator.py for tasks to queue
[2024-05-01T02:14:21.021+0530] {logging_mixin.py:188} INFO - [2024-05-01T02:14:21.021+0530] {dagbag.py:540} INFO - Filling up the DagBag from /home/wsl/airflow_venv/lib/python3.10/site-packages/airflow/example_dags/example_branch_operator.py
[2024-05-01T02:14:21.146+0530] {processor.py:842} WARNING - No viable dags retrieved from /home/wsl/airflow_venv/lib/python3.10/site-packages/airflow/example_dags/example_branch_operator.py
[2024-05-01T02:14:21.165+0530] {processor.py:183} INFO - Processing /home/wsl/airflow_venv/lib/python3.10/site-packages/airflow/example_dags/example_branch_operator.py took 0.155 seconds
[2024-05-01T02:15:15.776+0530] {processor.py:161} INFO - Started process (PID=47259) to work on /home/wsl/airflow_venv/lib/python3.10/site-packages/airflow/example_dags/example_branch_operator.py
[2024-05-01T02:15:15.783+0530] {processor.py:830} INFO - Processing file /home/wsl/airflow_venv/lib/python3.10/site-packages/airflow/example_dags/example_branch_operator.py for tasks to queue
[2024-05-01T02:15:15.785+0530] {logging_mixin.py:188} INFO - [2024-05-01T02:15:15.784+0530] {dagbag.py:540} INFO - Filling up the DagBag from /home/wsl/airflow_venv/lib/python3.10/site-packages/airflow/example_dags/example_branch_operator.py
[2024-05-01T02:15:15.906+0530] {processor.py:842} WARNING - No viable dags retrieved from /home/wsl/airflow_venv/lib/python3.10/site-packages/airflow/example_dags/example_branch_operator.py
[2024-05-01T02:15:15.920+0530] {processor.py:183} INFO - Processing /home/wsl/airflow_venv/lib/python3.10/site-packages/airflow/example_dags/example_branch_operator.py took 0.151 seconds
[2024-05-01T02:16:10.462+0530] {processor.py:161} INFO - Started process (PID=47947) to work on /home/wsl/airflow_venv/lib/python3.10/site-packages/airflow/example_dags/example_branch_operator.py
[2024-05-01T02:16:10.464+0530] {processor.py:830} INFO - Processing file /home/wsl/airflow_venv/lib/python3.10/site-packages/airflow/example_dags/example_branch_operator.py for tasks to queue
[2024-05-01T02:16:10.466+0530] {logging_mixin.py:188} INFO - [2024-05-01T02:16:10.466+0530] {dagbag.py:540} INFO - Filling up the DagBag from /home/wsl/airflow_venv/lib/python3.10/site-packages/airflow/example_dags/example_branch_operator.py
[2024-05-01T02:16:10.593+0530] {processor.py:842} WARNING - No viable dags retrieved from /home/wsl/airflow_venv/lib/python3.10/site-packages/airflow/example_dags/example_branch_operator.py
[2024-05-01T02:16:10.605+0530] {processor.py:183} INFO - Processing /home/wsl/airflow_venv/lib/python3.10/site-packages/airflow/example_dags/example_branch_operator.py took 0.155 seconds
[2024-05-01T02:17:04.741+0530] {processor.py:161} INFO - Started process (PID=48570) to work on /home/wsl/airflow_venv/lib/python3.10/site-packages/airflow/example_dags/example_branch_operator.py
[2024-05-01T02:17:04.743+0530] {processor.py:830} INFO - Processing file /home/wsl/airflow_venv/lib/python3.10/site-packages/airflow/example_dags/example_branch_operator.py for tasks to queue
[2024-05-01T02:17:04.746+0530] {logging_mixin.py:188} INFO - [2024-05-01T02:17:04.745+0530] {dagbag.py:540} INFO - Filling up the DagBag from /home/wsl/airflow_venv/lib/python3.10/site-packages/airflow/example_dags/example_branch_operator.py
[2024-05-01T02:17:05.153+0530] {processor.py:842} WARNING - No viable dags retrieved from /home/wsl/airflow_venv/lib/python3.10/site-packages/airflow/example_dags/example_branch_operator.py
[2024-05-01T02:17:05.192+0530] {processor.py:183} INFO - Processing /home/wsl/airflow_venv/lib/python3.10/site-packages/airflow/example_dags/example_branch_operator.py took 0.458 seconds
[2024-05-01T02:17:59.317+0530] {processor.py:161} INFO - Started process (PID=49276) to work on /home/wsl/airflow_venv/lib/python3.10/site-packages/airflow/example_dags/example_branch_operator.py
[2024-05-01T02:17:59.319+0530] {processor.py:830} INFO - Processing file /home/wsl/airflow_venv/lib/python3.10/site-packages/airflow/example_dags/example_branch_operator.py for tasks to queue
[2024-05-01T02:17:59.323+0530] {logging_mixin.py:188} INFO - [2024-05-01T02:17:59.322+0530] {dagbag.py:540} INFO - Filling up the DagBag from /home/wsl/airflow_venv/lib/python3.10/site-packages/airflow/example_dags/example_branch_operator.py
[2024-05-01T02:17:59.463+0530] {processor.py:842} WARNING - No viable dags retrieved from /home/wsl/airflow_venv/lib/python3.10/site-packages/airflow/example_dags/example_branch_operator.py
[2024-05-01T02:17:59.477+0530] {processor.py:183} INFO - Processing /home/wsl/airflow_venv/lib/python3.10/site-packages/airflow/example_dags/example_branch_operator.py took 0.169 seconds
[2024-05-01T02:18:50.870+0530] {processor.py:161} INFO - Started process (PID=49927) to work on /home/wsl/airflow_venv/lib/python3.10/site-packages/airflow/example_dags/example_branch_operator.py
[2024-05-01T02:18:50.872+0530] {processor.py:830} INFO - Processing file /home/wsl/airflow_venv/lib/python3.10/site-packages/airflow/example_dags/example_branch_operator.py for tasks to queue
[2024-05-01T02:18:50.875+0530] {logging_mixin.py:188} INFO - [2024-05-01T02:18:50.875+0530] {dagbag.py:540} INFO - Filling up the DagBag from /home/wsl/airflow_venv/lib/python3.10/site-packages/airflow/example_dags/example_branch_operator.py
[2024-05-01T02:18:51.064+0530] {processor.py:842} WARNING - No viable dags retrieved from /home/wsl/airflow_venv/lib/python3.10/site-packages/airflow/example_dags/example_branch_operator.py
[2024-05-01T02:18:51.091+0530] {processor.py:183} INFO - Processing /home/wsl/airflow_venv/lib/python3.10/site-packages/airflow/example_dags/example_branch_operator.py took 0.231 seconds
[2024-05-01T02:19:44.175+0530] {processor.py:161} INFO - Started process (PID=50593) to work on /home/wsl/airflow_venv/lib/python3.10/site-packages/airflow/example_dags/example_branch_operator.py
[2024-05-01T02:19:44.179+0530] {processor.py:830} INFO - Processing file /home/wsl/airflow_venv/lib/python3.10/site-packages/airflow/example_dags/example_branch_operator.py for tasks to queue
[2024-05-01T02:19:44.183+0530] {logging_mixin.py:188} INFO - [2024-05-01T02:19:44.182+0530] {dagbag.py:540} INFO - Filling up the DagBag from /home/wsl/airflow_venv/lib/python3.10/site-packages/airflow/example_dags/example_branch_operator.py
[2024-05-01T02:19:44.338+0530] {processor.py:842} WARNING - No viable dags retrieved from /home/wsl/airflow_venv/lib/python3.10/site-packages/airflow/example_dags/example_branch_operator.py
[2024-05-01T02:19:44.351+0530] {processor.py:183} INFO - Processing /home/wsl/airflow_venv/lib/python3.10/site-packages/airflow/example_dags/example_branch_operator.py took 0.187 seconds
[2024-05-01T02:20:40.542+0530] {processor.py:161} INFO - Started process (PID=51304) to work on /home/wsl/airflow_venv/lib/python3.10/site-packages/airflow/example_dags/example_branch_operator.py
[2024-05-01T02:20:40.545+0530] {processor.py:830} INFO - Processing file /home/wsl/airflow_venv/lib/python3.10/site-packages/airflow/example_dags/example_branch_operator.py for tasks to queue
[2024-05-01T02:20:40.549+0530] {logging_mixin.py:188} INFO - [2024-05-01T02:20:40.548+0530] {dagbag.py:540} INFO - Filling up the DagBag from /home/wsl/airflow_venv/lib/python3.10/site-packages/airflow/example_dags/example_branch_operator.py
[2024-05-01T02:20:40.676+0530] {processor.py:842} WARNING - No viable dags retrieved from /home/wsl/airflow_venv/lib/python3.10/site-packages/airflow/example_dags/example_branch_operator.py
[2024-05-01T02:20:40.688+0530] {processor.py:183} INFO - Processing /home/wsl/airflow_venv/lib/python3.10/site-packages/airflow/example_dags/example_branch_operator.py took 0.159 seconds
[2024-05-01T02:21:38.455+0530] {processor.py:161} INFO - Started process (PID=52025) to work on /home/wsl/airflow_venv/lib/python3.10/site-packages/airflow/example_dags/example_branch_operator.py
[2024-05-01T02:21:38.457+0530] {processor.py:830} INFO - Processing file /home/wsl/airflow_venv/lib/python3.10/site-packages/airflow/example_dags/example_branch_operator.py for tasks to queue
[2024-05-01T02:21:38.460+0530] {logging_mixin.py:188} INFO - [2024-05-01T02:21:38.459+0530] {dagbag.py:540} INFO - Filling up the DagBag from /home/wsl/airflow_venv/lib/python3.10/site-packages/airflow/example_dags/example_branch_operator.py
[2024-05-01T02:21:38.577+0530] {processor.py:842} WARNING - No viable dags retrieved from /home/wsl/airflow_venv/lib/python3.10/site-packages/airflow/example_dags/example_branch_operator.py
[2024-05-01T02:21:38.590+0530] {processor.py:183} INFO - Processing /home/wsl/airflow_venv/lib/python3.10/site-packages/airflow/example_dags/example_branch_operator.py took 0.143 seconds
[2024-05-01T02:22:27.335+0530] {processor.py:161} INFO - Started process (PID=52624) to work on /home/wsl/airflow_venv/lib/python3.10/site-packages/airflow/example_dags/example_branch_operator.py
[2024-05-01T02:22:27.338+0530] {processor.py:830} INFO - Processing file /home/wsl/airflow_venv/lib/python3.10/site-packages/airflow/example_dags/example_branch_operator.py for tasks to queue
[2024-05-01T02:22:27.341+0530] {logging_mixin.py:188} INFO - [2024-05-01T02:22:27.341+0530] {dagbag.py:540} INFO - Filling up the DagBag from /home/wsl/airflow_venv/lib/python3.10/site-packages/airflow/example_dags/example_branch_operator.py
[2024-05-01T02:22:27.471+0530] {processor.py:842} WARNING - No viable dags retrieved from /home/wsl/airflow_venv/lib/python3.10/site-packages/airflow/example_dags/example_branch_operator.py
[2024-05-01T02:22:27.485+0530] {processor.py:183} INFO - Processing /home/wsl/airflow_venv/lib/python3.10/site-packages/airflow/example_dags/example_branch_operator.py took 0.161 seconds
[2024-05-01T02:23:18.152+0530] {processor.py:161} INFO - Started process (PID=53216) to work on /home/wsl/airflow_venv/lib/python3.10/site-packages/airflow/example_dags/example_branch_operator.py
[2024-05-01T02:23:18.154+0530] {processor.py:830} INFO - Processing file /home/wsl/airflow_venv/lib/python3.10/site-packages/airflow/example_dags/example_branch_operator.py for tasks to queue
[2024-05-01T02:23:18.157+0530] {logging_mixin.py:188} INFO - [2024-05-01T02:23:18.156+0530] {dagbag.py:540} INFO - Filling up the DagBag from /home/wsl/airflow_venv/lib/python3.10/site-packages/airflow/example_dags/example_branch_operator.py
[2024-05-01T02:23:18.289+0530] {processor.py:842} WARNING - No viable dags retrieved from /home/wsl/airflow_venv/lib/python3.10/site-packages/airflow/example_dags/example_branch_operator.py
[2024-05-01T02:23:18.301+0530] {processor.py:183} INFO - Processing /home/wsl/airflow_venv/lib/python3.10/site-packages/airflow/example_dags/example_branch_operator.py took 0.159 seconds
[2024-05-01T02:24:17.328+0530] {processor.py:161} INFO - Started process (PID=53928) to work on /home/wsl/airflow_venv/lib/python3.10/site-packages/airflow/example_dags/example_branch_operator.py
[2024-05-01T02:24:17.330+0530] {processor.py:830} INFO - Processing file /home/wsl/airflow_venv/lib/python3.10/site-packages/airflow/example_dags/example_branch_operator.py for tasks to queue
[2024-05-01T02:24:17.332+0530] {logging_mixin.py:188} INFO - [2024-05-01T02:24:17.332+0530] {dagbag.py:540} INFO - Filling up the DagBag from /home/wsl/airflow_venv/lib/python3.10/site-packages/airflow/example_dags/example_branch_operator.py
[2024-05-01T02:24:17.477+0530] {processor.py:842} WARNING - No viable dags retrieved from /home/wsl/airflow_venv/lib/python3.10/site-packages/airflow/example_dags/example_branch_operator.py
[2024-05-01T02:24:17.493+0530] {processor.py:183} INFO - Processing /home/wsl/airflow_venv/lib/python3.10/site-packages/airflow/example_dags/example_branch_operator.py took 0.179 seconds
[2024-05-01T02:25:15.555+0530] {processor.py:161} INFO - Started process (PID=54692) to work on /home/wsl/airflow_venv/lib/python3.10/site-packages/airflow/example_dags/example_branch_operator.py
[2024-05-01T02:25:15.557+0530] {processor.py:830} INFO - Processing file /home/wsl/airflow_venv/lib/python3.10/site-packages/airflow/example_dags/example_branch_operator.py for tasks to queue
[2024-05-01T02:25:15.559+0530] {logging_mixin.py:188} INFO - [2024-05-01T02:25:15.559+0530] {dagbag.py:540} INFO - Filling up the DagBag from /home/wsl/airflow_venv/lib/python3.10/site-packages/airflow/example_dags/example_branch_operator.py
[2024-05-01T02:25:15.689+0530] {processor.py:842} WARNING - No viable dags retrieved from /home/wsl/airflow_venv/lib/python3.10/site-packages/airflow/example_dags/example_branch_operator.py
[2024-05-01T02:25:15.702+0530] {processor.py:183} INFO - Processing /home/wsl/airflow_venv/lib/python3.10/site-packages/airflow/example_dags/example_branch_operator.py took 0.158 seconds
[2024-05-01T02:26:10.094+0530] {processor.py:161} INFO - Started process (PID=55414) to work on /home/wsl/airflow_venv/lib/python3.10/site-packages/airflow/example_dags/example_branch_operator.py
[2024-05-01T02:26:10.097+0530] {processor.py:830} INFO - Processing file /home/wsl/airflow_venv/lib/python3.10/site-packages/airflow/example_dags/example_branch_operator.py for tasks to queue
[2024-05-01T02:26:10.100+0530] {logging_mixin.py:188} INFO - [2024-05-01T02:26:10.099+0530] {dagbag.py:540} INFO - Filling up the DagBag from /home/wsl/airflow_venv/lib/python3.10/site-packages/airflow/example_dags/example_branch_operator.py
[2024-05-01T02:26:10.268+0530] {processor.py:842} WARNING - No viable dags retrieved from /home/wsl/airflow_venv/lib/python3.10/site-packages/airflow/example_dags/example_branch_operator.py
[2024-05-01T02:26:10.282+0530] {processor.py:183} INFO - Processing /home/wsl/airflow_venv/lib/python3.10/site-packages/airflow/example_dags/example_branch_operator.py took 0.199 seconds
[2024-05-01T02:27:08.901+0530] {processor.py:161} INFO - Started process (PID=56057) to work on /home/wsl/airflow_venv/lib/python3.10/site-packages/airflow/example_dags/example_branch_operator.py
[2024-05-01T02:27:08.902+0530] {processor.py:830} INFO - Processing file /home/wsl/airflow_venv/lib/python3.10/site-packages/airflow/example_dags/example_branch_operator.py for tasks to queue
[2024-05-01T02:27:08.904+0530] {logging_mixin.py:188} INFO - [2024-05-01T02:27:08.904+0530] {dagbag.py:540} INFO - Filling up the DagBag from /home/wsl/airflow_venv/lib/python3.10/site-packages/airflow/example_dags/example_branch_operator.py
[2024-05-01T02:27:09.024+0530] {processor.py:842} WARNING - No viable dags retrieved from /home/wsl/airflow_venv/lib/python3.10/site-packages/airflow/example_dags/example_branch_operator.py
[2024-05-01T02:27:09.038+0530] {processor.py:183} INFO - Processing /home/wsl/airflow_venv/lib/python3.10/site-packages/airflow/example_dags/example_branch_operator.py took 0.148 seconds
[2024-05-01T02:28:05.525+0530] {processor.py:161} INFO - Started process (PID=56790) to work on /home/wsl/airflow_venv/lib/python3.10/site-packages/airflow/example_dags/example_branch_operator.py
[2024-05-01T02:28:05.526+0530] {processor.py:830} INFO - Processing file /home/wsl/airflow_venv/lib/python3.10/site-packages/airflow/example_dags/example_branch_operator.py for tasks to queue
[2024-05-01T02:28:05.528+0530] {logging_mixin.py:188} INFO - [2024-05-01T02:28:05.528+0530] {dagbag.py:540} INFO - Filling up the DagBag from /home/wsl/airflow_venv/lib/python3.10/site-packages/airflow/example_dags/example_branch_operator.py
[2024-05-01T02:28:05.662+0530] {processor.py:842} WARNING - No viable dags retrieved from /home/wsl/airflow_venv/lib/python3.10/site-packages/airflow/example_dags/example_branch_operator.py
[2024-05-01T02:28:05.674+0530] {processor.py:183} INFO - Processing /home/wsl/airflow_venv/lib/python3.10/site-packages/airflow/example_dags/example_branch_operator.py took 0.156 seconds
[2024-05-01T02:28:59.043+0530] {processor.py:161} INFO - Started process (PID=57521) to work on /home/wsl/airflow_venv/lib/python3.10/site-packages/airflow/example_dags/example_branch_operator.py
[2024-05-01T02:28:59.051+0530] {processor.py:830} INFO - Processing file /home/wsl/airflow_venv/lib/python3.10/site-packages/airflow/example_dags/example_branch_operator.py for tasks to queue
[2024-05-01T02:28:59.056+0530] {logging_mixin.py:188} INFO - [2024-05-01T02:28:59.054+0530] {dagbag.py:540} INFO - Filling up the DagBag from /home/wsl/airflow_venv/lib/python3.10/site-packages/airflow/example_dags/example_branch_operator.py
[2024-05-01T02:28:59.182+0530] {processor.py:842} WARNING - No viable dags retrieved from /home/wsl/airflow_venv/lib/python3.10/site-packages/airflow/example_dags/example_branch_operator.py
[2024-05-01T02:28:59.195+0530] {processor.py:183} INFO - Processing /home/wsl/airflow_venv/lib/python3.10/site-packages/airflow/example_dags/example_branch_operator.py took 0.166 seconds
[2024-05-01T02:30:13.122+0530] {processor.py:161} INFO - Started process (PID=58458) to work on /home/wsl/airflow_venv/lib/python3.10/site-packages/airflow/example_dags/example_branch_operator.py
[2024-05-01T02:30:13.124+0530] {processor.py:830} INFO - Processing file /home/wsl/airflow_venv/lib/python3.10/site-packages/airflow/example_dags/example_branch_operator.py for tasks to queue
[2024-05-01T02:30:13.127+0530] {logging_mixin.py:188} INFO - [2024-05-01T02:30:13.127+0530] {dagbag.py:540} INFO - Filling up the DagBag from /home/wsl/airflow_venv/lib/python3.10/site-packages/airflow/example_dags/example_branch_operator.py
[2024-05-01T02:30:13.253+0530] {processor.py:842} WARNING - No viable dags retrieved from /home/wsl/airflow_venv/lib/python3.10/site-packages/airflow/example_dags/example_branch_operator.py
[2024-05-01T02:30:13.265+0530] {processor.py:183} INFO - Processing /home/wsl/airflow_venv/lib/python3.10/site-packages/airflow/example_dags/example_branch_operator.py took 0.156 seconds
[2024-05-01T02:31:09.864+0530] {processor.py:161} INFO - Started process (PID=59117) to work on /home/wsl/airflow_venv/lib/python3.10/site-packages/airflow/example_dags/example_branch_operator.py
[2024-05-01T02:31:09.866+0530] {processor.py:830} INFO - Processing file /home/wsl/airflow_venv/lib/python3.10/site-packages/airflow/example_dags/example_branch_operator.py for tasks to queue
[2024-05-01T02:31:09.868+0530] {logging_mixin.py:188} INFO - [2024-05-01T02:31:09.868+0530] {dagbag.py:540} INFO - Filling up the DagBag from /home/wsl/airflow_venv/lib/python3.10/site-packages/airflow/example_dags/example_branch_operator.py
[2024-05-01T02:31:10.007+0530] {processor.py:842} WARNING - No viable dags retrieved from /home/wsl/airflow_venv/lib/python3.10/site-packages/airflow/example_dags/example_branch_operator.py
[2024-05-01T02:31:10.020+0530] {processor.py:183} INFO - Processing /home/wsl/airflow_venv/lib/python3.10/site-packages/airflow/example_dags/example_branch_operator.py took 0.169 seconds
[2024-05-01T02:32:02.140+0530] {processor.py:161} INFO - Started process (PID=59875) to work on /home/wsl/airflow_venv/lib/python3.10/site-packages/airflow/example_dags/example_branch_operator.py
[2024-05-01T02:32:02.143+0530] {processor.py:830} INFO - Processing file /home/wsl/airflow_venv/lib/python3.10/site-packages/airflow/example_dags/example_branch_operator.py for tasks to queue
[2024-05-01T02:32:02.146+0530] {logging_mixin.py:188} INFO - [2024-05-01T02:32:02.145+0530] {dagbag.py:540} INFO - Filling up the DagBag from /home/wsl/airflow_venv/lib/python3.10/site-packages/airflow/example_dags/example_branch_operator.py
[2024-05-01T02:32:02.278+0530] {processor.py:842} WARNING - No viable dags retrieved from /home/wsl/airflow_venv/lib/python3.10/site-packages/airflow/example_dags/example_branch_operator.py
[2024-05-01T02:32:02.290+0530] {processor.py:183} INFO - Processing /home/wsl/airflow_venv/lib/python3.10/site-packages/airflow/example_dags/example_branch_operator.py took 0.160 seconds
[2024-05-01T02:32:56.978+0530] {processor.py:161} INFO - Started process (PID=60497) to work on /home/wsl/airflow_venv/lib/python3.10/site-packages/airflow/example_dags/example_branch_operator.py
[2024-05-01T02:32:57.128+0530] {processor.py:830} INFO - Processing file /home/wsl/airflow_venv/lib/python3.10/site-packages/airflow/example_dags/example_branch_operator.py for tasks to queue
[2024-05-01T02:32:57.526+0530] {logging_mixin.py:188} INFO - [2024-05-01T02:32:57.521+0530] {dagbag.py:540} INFO - Filling up the DagBag from /home/wsl/airflow_venv/lib/python3.10/site-packages/airflow/example_dags/example_branch_operator.py
[2024-05-01T02:32:58.120+0530] {processor.py:842} WARNING - No viable dags retrieved from /home/wsl/airflow_venv/lib/python3.10/site-packages/airflow/example_dags/example_branch_operator.py
[2024-05-01T02:32:59.381+0530] {processor.py:183} INFO - Processing /home/wsl/airflow_venv/lib/python3.10/site-packages/airflow/example_dags/example_branch_operator.py took 2.413 seconds
[2024-05-01T02:34:01.730+0530] {processor.py:161} INFO - Started process (PID=61415) to work on /home/wsl/airflow_venv/lib/python3.10/site-packages/airflow/example_dags/example_branch_operator.py
[2024-05-01T02:34:01.731+0530] {processor.py:830} INFO - Processing file /home/wsl/airflow_venv/lib/python3.10/site-packages/airflow/example_dags/example_branch_operator.py for tasks to queue
[2024-05-01T02:34:01.733+0530] {logging_mixin.py:188} INFO - [2024-05-01T02:34:01.733+0530] {dagbag.py:540} INFO - Filling up the DagBag from /home/wsl/airflow_venv/lib/python3.10/site-packages/airflow/example_dags/example_branch_operator.py
[2024-05-01T02:34:01.850+0530] {processor.py:842} WARNING - No viable dags retrieved from /home/wsl/airflow_venv/lib/python3.10/site-packages/airflow/example_dags/example_branch_operator.py
[2024-05-01T02:34:01.862+0530] {processor.py:183} INFO - Processing /home/wsl/airflow_venv/lib/python3.10/site-packages/airflow/example_dags/example_branch_operator.py took 0.140 seconds
[2024-05-01T02:34:59.564+0530] {processor.py:161} INFO - Started process (PID=62219) to work on /home/wsl/airflow_venv/lib/python3.10/site-packages/airflow/example_dags/example_branch_operator.py
[2024-05-01T02:34:59.565+0530] {processor.py:830} INFO - Processing file /home/wsl/airflow_venv/lib/python3.10/site-packages/airflow/example_dags/example_branch_operator.py for tasks to queue
[2024-05-01T02:34:59.567+0530] {logging_mixin.py:188} INFO - [2024-05-01T02:34:59.567+0530] {dagbag.py:540} INFO - Filling up the DagBag from /home/wsl/airflow_venv/lib/python3.10/site-packages/airflow/example_dags/example_branch_operator.py
[2024-05-01T02:34:59.704+0530] {processor.py:842} WARNING - No viable dags retrieved from /home/wsl/airflow_venv/lib/python3.10/site-packages/airflow/example_dags/example_branch_operator.py
[2024-05-01T02:34:59.721+0530] {processor.py:183} INFO - Processing /home/wsl/airflow_venv/lib/python3.10/site-packages/airflow/example_dags/example_branch_operator.py took 0.171 seconds
[2024-05-01T02:35:51.420+0530] {processor.py:161} INFO - Started process (PID=62854) to work on /home/wsl/airflow_venv/lib/python3.10/site-packages/airflow/example_dags/example_branch_operator.py
[2024-05-01T02:35:51.424+0530] {processor.py:830} INFO - Processing file /home/wsl/airflow_venv/lib/python3.10/site-packages/airflow/example_dags/example_branch_operator.py for tasks to queue
[2024-05-01T02:35:51.430+0530] {logging_mixin.py:188} INFO - [2024-05-01T02:35:51.429+0530] {dagbag.py:540} INFO - Filling up the DagBag from /home/wsl/airflow_venv/lib/python3.10/site-packages/airflow/example_dags/example_branch_operator.py
[2024-05-01T02:35:51.550+0530] {processor.py:842} WARNING - No viable dags retrieved from /home/wsl/airflow_venv/lib/python3.10/site-packages/airflow/example_dags/example_branch_operator.py
[2024-05-01T02:35:51.563+0530] {processor.py:183} INFO - Processing /home/wsl/airflow_venv/lib/python3.10/site-packages/airflow/example_dags/example_branch_operator.py took 0.159 seconds
[2024-05-01T02:36:46.631+0530] {processor.py:161} INFO - Started process (PID=63630) to work on /home/wsl/airflow_venv/lib/python3.10/site-packages/airflow/example_dags/example_branch_operator.py
[2024-05-01T02:36:46.632+0530] {processor.py:830} INFO - Processing file /home/wsl/airflow_venv/lib/python3.10/site-packages/airflow/example_dags/example_branch_operator.py for tasks to queue
[2024-05-01T02:36:46.634+0530] {logging_mixin.py:188} INFO - [2024-05-01T02:36:46.634+0530] {dagbag.py:540} INFO - Filling up the DagBag from /home/wsl/airflow_venv/lib/python3.10/site-packages/airflow/example_dags/example_branch_operator.py
[2024-05-01T02:36:46.761+0530] {processor.py:842} WARNING - No viable dags retrieved from /home/wsl/airflow_venv/lib/python3.10/site-packages/airflow/example_dags/example_branch_operator.py
[2024-05-01T02:36:46.773+0530] {processor.py:183} INFO - Processing /home/wsl/airflow_venv/lib/python3.10/site-packages/airflow/example_dags/example_branch_operator.py took 0.149 seconds
[2024-05-01T02:37:39.752+0530] {processor.py:161} INFO - Started process (PID=64247) to work on /home/wsl/airflow_venv/lib/python3.10/site-packages/airflow/example_dags/example_branch_operator.py
[2024-05-01T02:37:39.755+0530] {processor.py:830} INFO - Processing file /home/wsl/airflow_venv/lib/python3.10/site-packages/airflow/example_dags/example_branch_operator.py for tasks to queue
[2024-05-01T02:37:39.758+0530] {logging_mixin.py:188} INFO - [2024-05-01T02:37:39.757+0530] {dagbag.py:540} INFO - Filling up the DagBag from /home/wsl/airflow_venv/lib/python3.10/site-packages/airflow/example_dags/example_branch_operator.py
[2024-05-01T02:37:39.872+0530] {processor.py:842} WARNING - No viable dags retrieved from /home/wsl/airflow_venv/lib/python3.10/site-packages/airflow/example_dags/example_branch_operator.py
[2024-05-01T02:37:39.884+0530] {processor.py:183} INFO - Processing /home/wsl/airflow_venv/lib/python3.10/site-packages/airflow/example_dags/example_branch_operator.py took 0.145 seconds
[2024-05-01T02:38:31.004+0530] {processor.py:161} INFO - Started process (PID=65004) to work on /home/wsl/airflow_venv/lib/python3.10/site-packages/airflow/example_dags/example_branch_operator.py
[2024-05-01T02:38:31.007+0530] {processor.py:830} INFO - Processing file /home/wsl/airflow_venv/lib/python3.10/site-packages/airflow/example_dags/example_branch_operator.py for tasks to queue
[2024-05-01T02:38:31.009+0530] {logging_mixin.py:188} INFO - [2024-05-01T02:38:31.008+0530] {dagbag.py:540} INFO - Filling up the DagBag from /home/wsl/airflow_venv/lib/python3.10/site-packages/airflow/example_dags/example_branch_operator.py
[2024-05-01T02:38:31.138+0530] {processor.py:842} WARNING - No viable dags retrieved from /home/wsl/airflow_venv/lib/python3.10/site-packages/airflow/example_dags/example_branch_operator.py
[2024-05-01T02:38:31.155+0530] {processor.py:183} INFO - Processing /home/wsl/airflow_venv/lib/python3.10/site-packages/airflow/example_dags/example_branch_operator.py took 0.160 seconds
[2024-05-01T02:39:25.774+0530] {processor.py:161} INFO - Started process (PID=65656) to work on /home/wsl/airflow_venv/lib/python3.10/site-packages/airflow/example_dags/example_branch_operator.py
[2024-05-01T02:39:25.777+0530] {processor.py:830} INFO - Processing file /home/wsl/airflow_venv/lib/python3.10/site-packages/airflow/example_dags/example_branch_operator.py for tasks to queue
[2024-05-01T02:39:25.779+0530] {logging_mixin.py:188} INFO - [2024-05-01T02:39:25.779+0530] {dagbag.py:540} INFO - Filling up the DagBag from /home/wsl/airflow_venv/lib/python3.10/site-packages/airflow/example_dags/example_branch_operator.py
[2024-05-01T02:39:25.918+0530] {processor.py:842} WARNING - No viable dags retrieved from /home/wsl/airflow_venv/lib/python3.10/site-packages/airflow/example_dags/example_branch_operator.py
[2024-05-01T02:39:25.932+0530] {processor.py:183} INFO - Processing /home/wsl/airflow_venv/lib/python3.10/site-packages/airflow/example_dags/example_branch_operator.py took 0.168 seconds
[2024-05-01T02:40:20.557+0530] {processor.py:161} INFO - Started process (PID=66460) to work on /home/wsl/airflow_venv/lib/python3.10/site-packages/airflow/example_dags/example_branch_operator.py
[2024-05-01T02:40:20.559+0530] {processor.py:830} INFO - Processing file /home/wsl/airflow_venv/lib/python3.10/site-packages/airflow/example_dags/example_branch_operator.py for tasks to queue
[2024-05-01T02:40:20.560+0530] {logging_mixin.py:188} INFO - [2024-05-01T02:40:20.560+0530] {dagbag.py:540} INFO - Filling up the DagBag from /home/wsl/airflow_venv/lib/python3.10/site-packages/airflow/example_dags/example_branch_operator.py
[2024-05-01T02:40:20.682+0530] {processor.py:842} WARNING - No viable dags retrieved from /home/wsl/airflow_venv/lib/python3.10/site-packages/airflow/example_dags/example_branch_operator.py
[2024-05-01T02:40:20.695+0530] {processor.py:183} INFO - Processing /home/wsl/airflow_venv/lib/python3.10/site-packages/airflow/example_dags/example_branch_operator.py took 0.151 seconds
[2024-05-01T02:41:18.736+0530] {processor.py:161} INFO - Started process (PID=67235) to work on /home/wsl/airflow_venv/lib/python3.10/site-packages/airflow/example_dags/example_branch_operator.py
[2024-05-01T02:41:18.739+0530] {processor.py:830} INFO - Processing file /home/wsl/airflow_venv/lib/python3.10/site-packages/airflow/example_dags/example_branch_operator.py for tasks to queue
[2024-05-01T02:41:18.741+0530] {logging_mixin.py:188} INFO - [2024-05-01T02:41:18.741+0530] {dagbag.py:540} INFO - Filling up the DagBag from /home/wsl/airflow_venv/lib/python3.10/site-packages/airflow/example_dags/example_branch_operator.py
[2024-05-01T02:41:18.893+0530] {processor.py:842} WARNING - No viable dags retrieved from /home/wsl/airflow_venv/lib/python3.10/site-packages/airflow/example_dags/example_branch_operator.py
[2024-05-01T02:41:18.906+0530] {processor.py:183} INFO - Processing /home/wsl/airflow_venv/lib/python3.10/site-packages/airflow/example_dags/example_branch_operator.py took 0.182 seconds
