[2024-05-25T03:32:34.453+0530] {processor.py:161} INFO - Started process (PID=1174) to work on /home/wsl/airflow_venv/lib/python3.10/site-packages/airflow/example_dags/example_xcom.py
[2024-05-25T03:32:34.455+0530] {processor.py:830} INFO - Processing file /home/wsl/airflow_venv/lib/python3.10/site-packages/airflow/example_dags/example_xcom.py for tasks to queue
[2024-05-25T03:32:34.457+0530] {logging_mixin.py:188} INFO - [2024-05-25T03:32:34.457+0530] {dagbag.py:540} INFO - Filling up the DagBag from /home/wsl/airflow_venv/lib/python3.10/site-packages/airflow/example_dags/example_xcom.py
[2024-05-25T03:32:34.471+0530] {processor.py:840} INFO - DAG(s) 'example_xcom' retrieved from /home/wsl/airflow_venv/lib/python3.10/site-packages/airflow/example_dags/example_xcom.py
[2024-05-25T03:32:34.485+0530] {logging_mixin.py:188} INFO - [2024-05-25T03:32:34.484+0530] {dag.py:3096} INFO - Sync 1 DAGs
[2024-05-25T03:32:34.520+0530] {logging_mixin.py:188} INFO - [2024-05-25T03:32:34.520+0530] {dag.py:3954} INFO - Setting next_dagrun for example_xcom to 2021-01-01 00:00:00+00:00, run_after=2021-01-01 00:00:00+00:00
[2024-05-25T03:32:34.566+0530] {processor.py:183} INFO - Processing /home/wsl/airflow_venv/lib/python3.10/site-packages/airflow/example_dags/example_xcom.py took 0.123 seconds
[2024-05-25T03:34:05.993+0530] {processor.py:161} INFO - Started process (PID=1575) to work on /home/wsl/airflow_venv/lib/python3.10/site-packages/airflow/example_dags/example_xcom.py
[2024-05-25T03:34:05.996+0530] {processor.py:830} INFO - Processing file /home/wsl/airflow_venv/lib/python3.10/site-packages/airflow/example_dags/example_xcom.py for tasks to queue
[2024-05-25T03:34:05.999+0530] {logging_mixin.py:188} INFO - [2024-05-25T03:34:05.998+0530] {dagbag.py:540} INFO - Filling up the DagBag from /home/wsl/airflow_venv/lib/python3.10/site-packages/airflow/example_dags/example_xcom.py
[2024-05-25T03:34:06.014+0530] {processor.py:840} INFO - DAG(s) 'example_xcom' retrieved from /home/wsl/airflow_venv/lib/python3.10/site-packages/airflow/example_dags/example_xcom.py
[2024-05-25T03:34:06.382+0530] {logging_mixin.py:188} INFO - [2024-05-25T03:34:06.382+0530] {dag.py:3096} INFO - Sync 1 DAGs
[2024-05-25T03:34:06.418+0530] {logging_mixin.py:188} INFO - [2024-05-25T03:34:06.417+0530] {dag.py:3954} INFO - Setting next_dagrun for example_xcom to 2021-01-01 00:00:00+00:00, run_after=2021-01-01 00:00:00+00:00
[2024-05-25T03:34:06.454+0530] {processor.py:183} INFO - Processing /home/wsl/airflow_venv/lib/python3.10/site-packages/airflow/example_dags/example_xcom.py took 0.475 seconds
[2024-05-25T03:34:48.716+0530] {processor.py:161} INFO - Started process (PID=1785) to work on /home/wsl/airflow_venv/lib/python3.10/site-packages/airflow/example_dags/example_xcom.py
[2024-05-25T03:34:48.725+0530] {processor.py:830} INFO - Processing file /home/wsl/airflow_venv/lib/python3.10/site-packages/airflow/example_dags/example_xcom.py for tasks to queue
[2024-05-25T03:34:48.727+0530] {logging_mixin.py:188} INFO - [2024-05-25T03:34:48.727+0530] {dagbag.py:540} INFO - Filling up the DagBag from /home/wsl/airflow_venv/lib/python3.10/site-packages/airflow/example_dags/example_xcom.py
[2024-05-25T03:34:48.743+0530] {processor.py:840} INFO - DAG(s) 'example_xcom' retrieved from /home/wsl/airflow_venv/lib/python3.10/site-packages/airflow/example_dags/example_xcom.py
[2024-05-25T03:34:48.768+0530] {logging_mixin.py:188} INFO - [2024-05-25T03:34:48.768+0530] {dag.py:3096} INFO - Sync 1 DAGs
[2024-05-25T03:34:48.797+0530] {logging_mixin.py:188} INFO - [2024-05-25T03:34:48.796+0530] {dag.py:3954} INFO - Setting next_dagrun for example_xcom to 2021-01-01 00:00:00+00:00, run_after=2021-01-01 00:00:00+00:00
[2024-05-25T03:34:49.335+0530] {processor.py:183} INFO - Processing /home/wsl/airflow_venv/lib/python3.10/site-packages/airflow/example_dags/example_xcom.py took 0.625 seconds
[2024-05-25T03:36:01.888+0530] {processor.py:161} INFO - Started process (PID=2122) to work on /home/wsl/airflow_venv/lib/python3.10/site-packages/airflow/example_dags/example_xcom.py
[2024-05-25T03:36:01.891+0530] {processor.py:830} INFO - Processing file /home/wsl/airflow_venv/lib/python3.10/site-packages/airflow/example_dags/example_xcom.py for tasks to queue
[2024-05-25T03:36:01.894+0530] {logging_mixin.py:188} INFO - [2024-05-25T03:36:01.893+0530] {dagbag.py:540} INFO - Filling up the DagBag from /home/wsl/airflow_venv/lib/python3.10/site-packages/airflow/example_dags/example_xcom.py
[2024-05-25T03:36:01.909+0530] {processor.py:840} INFO - DAG(s) 'example_xcom' retrieved from /home/wsl/airflow_venv/lib/python3.10/site-packages/airflow/example_dags/example_xcom.py
[2024-05-25T03:36:02.024+0530] {logging_mixin.py:188} INFO - [2024-05-25T03:36:02.024+0530] {dag.py:3096} INFO - Sync 1 DAGs
[2024-05-25T03:36:02.040+0530] {logging_mixin.py:188} INFO - [2024-05-25T03:36:02.040+0530] {dag.py:3954} INFO - Setting next_dagrun for example_xcom to 2021-01-01 00:00:00+00:00, run_after=2021-01-01 00:00:00+00:00
[2024-05-25T03:36:02.067+0530] {processor.py:183} INFO - Processing /home/wsl/airflow_venv/lib/python3.10/site-packages/airflow/example_dags/example_xcom.py took 0.192 seconds
[2024-05-25T03:36:57.381+0530] {processor.py:161} INFO - Started process (PID=2386) to work on /home/wsl/airflow_venv/lib/python3.10/site-packages/airflow/example_dags/example_xcom.py
[2024-05-25T03:36:57.383+0530] {processor.py:830} INFO - Processing file /home/wsl/airflow_venv/lib/python3.10/site-packages/airflow/example_dags/example_xcom.py for tasks to queue
[2024-05-25T03:36:57.386+0530] {logging_mixin.py:188} INFO - [2024-05-25T03:36:57.385+0530] {dagbag.py:540} INFO - Filling up the DagBag from /home/wsl/airflow_venv/lib/python3.10/site-packages/airflow/example_dags/example_xcom.py
[2024-05-25T03:36:57.401+0530] {processor.py:840} INFO - DAG(s) 'example_xcom' retrieved from /home/wsl/airflow_venv/lib/python3.10/site-packages/airflow/example_dags/example_xcom.py
[2024-05-25T03:36:57.439+0530] {logging_mixin.py:188} INFO - [2024-05-25T03:36:57.439+0530] {dag.py:3096} INFO - Sync 1 DAGs
[2024-05-25T03:36:57.469+0530] {logging_mixin.py:188} INFO - [2024-05-25T03:36:57.469+0530] {dag.py:3954} INFO - Setting next_dagrun for example_xcom to 2021-01-01 00:00:00+00:00, run_after=2021-01-01 00:00:00+00:00
[2024-05-25T03:36:57.533+0530] {processor.py:183} INFO - Processing /home/wsl/airflow_venv/lib/python3.10/site-packages/airflow/example_dags/example_xcom.py took 0.173 seconds
[2024-05-25T03:37:44.847+0530] {processor.py:161} INFO - Started process (PID=2613) to work on /home/wsl/airflow_venv/lib/python3.10/site-packages/airflow/example_dags/example_xcom.py
[2024-05-25T03:37:44.850+0530] {processor.py:830} INFO - Processing file /home/wsl/airflow_venv/lib/python3.10/site-packages/airflow/example_dags/example_xcom.py for tasks to queue
[2024-05-25T03:37:44.852+0530] {logging_mixin.py:188} INFO - [2024-05-25T03:37:44.851+0530] {dagbag.py:540} INFO - Filling up the DagBag from /home/wsl/airflow_venv/lib/python3.10/site-packages/airflow/example_dags/example_xcom.py
[2024-05-25T03:37:44.862+0530] {processor.py:840} INFO - DAG(s) 'example_xcom' retrieved from /home/wsl/airflow_venv/lib/python3.10/site-packages/airflow/example_dags/example_xcom.py
[2024-05-25T03:37:44.881+0530] {logging_mixin.py:188} INFO - [2024-05-25T03:37:44.881+0530] {dag.py:3096} INFO - Sync 1 DAGs
[2024-05-25T03:37:44.903+0530] {logging_mixin.py:188} INFO - [2024-05-25T03:37:44.903+0530] {dag.py:3954} INFO - Setting next_dagrun for example_xcom to 2021-01-01 00:00:00+00:00, run_after=2021-01-01 00:00:00+00:00
[2024-05-25T03:37:44.930+0530] {processor.py:183} INFO - Processing /home/wsl/airflow_venv/lib/python3.10/site-packages/airflow/example_dags/example_xcom.py took 0.097 seconds
[2024-05-25T03:38:35.055+0530] {processor.py:161} INFO - Started process (PID=2851) to work on /home/wsl/airflow_venv/lib/python3.10/site-packages/airflow/example_dags/example_xcom.py
[2024-05-25T03:38:35.058+0530] {processor.py:830} INFO - Processing file /home/wsl/airflow_venv/lib/python3.10/site-packages/airflow/example_dags/example_xcom.py for tasks to queue
[2024-05-25T03:38:35.062+0530] {logging_mixin.py:188} INFO - [2024-05-25T03:38:35.061+0530] {dagbag.py:540} INFO - Filling up the DagBag from /home/wsl/airflow_venv/lib/python3.10/site-packages/airflow/example_dags/example_xcom.py
[2024-05-25T03:38:35.071+0530] {processor.py:840} INFO - DAG(s) 'example_xcom' retrieved from /home/wsl/airflow_venv/lib/python3.10/site-packages/airflow/example_dags/example_xcom.py
[2024-05-25T03:38:35.088+0530] {logging_mixin.py:188} INFO - [2024-05-25T03:38:35.088+0530] {dag.py:3096} INFO - Sync 1 DAGs
[2024-05-25T03:38:35.109+0530] {logging_mixin.py:188} INFO - [2024-05-25T03:38:35.108+0530] {dag.py:3954} INFO - Setting next_dagrun for example_xcom to 2021-01-01 00:00:00+00:00, run_after=2021-01-01 00:00:00+00:00
[2024-05-25T03:38:35.143+0530] {processor.py:183} INFO - Processing /home/wsl/airflow_venv/lib/python3.10/site-packages/airflow/example_dags/example_xcom.py took 0.104 seconds
[2024-05-25T03:39:29.503+0530] {processor.py:161} INFO - Started process (PID=3105) to work on /home/wsl/airflow_venv/lib/python3.10/site-packages/airflow/example_dags/example_xcom.py
[2024-05-25T03:39:29.505+0530] {processor.py:830} INFO - Processing file /home/wsl/airflow_venv/lib/python3.10/site-packages/airflow/example_dags/example_xcom.py for tasks to queue
[2024-05-25T03:39:29.507+0530] {logging_mixin.py:188} INFO - [2024-05-25T03:39:29.507+0530] {dagbag.py:540} INFO - Filling up the DagBag from /home/wsl/airflow_venv/lib/python3.10/site-packages/airflow/example_dags/example_xcom.py
[2024-05-25T03:39:29.521+0530] {processor.py:840} INFO - DAG(s) 'example_xcom' retrieved from /home/wsl/airflow_venv/lib/python3.10/site-packages/airflow/example_dags/example_xcom.py
[2024-05-25T03:39:29.544+0530] {logging_mixin.py:188} INFO - [2024-05-25T03:39:29.543+0530] {dag.py:3096} INFO - Sync 1 DAGs
[2024-05-25T03:39:29.563+0530] {logging_mixin.py:188} INFO - [2024-05-25T03:39:29.562+0530] {dag.py:3954} INFO - Setting next_dagrun for example_xcom to 2021-01-01 00:00:00+00:00, run_after=2021-01-01 00:00:00+00:00
[2024-05-25T03:39:29.593+0530] {processor.py:183} INFO - Processing /home/wsl/airflow_venv/lib/python3.10/site-packages/airflow/example_dags/example_xcom.py took 0.103 seconds
[2024-05-25T03:40:28.853+0530] {processor.py:161} INFO - Started process (PID=3473) to work on /home/wsl/airflow_venv/lib/python3.10/site-packages/airflow/example_dags/example_xcom.py
[2024-05-25T03:40:28.855+0530] {processor.py:830} INFO - Processing file /home/wsl/airflow_venv/lib/python3.10/site-packages/airflow/example_dags/example_xcom.py for tasks to queue
[2024-05-25T03:40:28.857+0530] {logging_mixin.py:188} INFO - [2024-05-25T03:40:28.857+0530] {dagbag.py:540} INFO - Filling up the DagBag from /home/wsl/airflow_venv/lib/python3.10/site-packages/airflow/example_dags/example_xcom.py
[2024-05-25T03:40:28.869+0530] {processor.py:840} INFO - DAG(s) 'example_xcom' retrieved from /home/wsl/airflow_venv/lib/python3.10/site-packages/airflow/example_dags/example_xcom.py
[2024-05-25T03:40:28.888+0530] {logging_mixin.py:188} INFO - [2024-05-25T03:40:28.888+0530] {dag.py:3096} INFO - Sync 1 DAGs
[2024-05-25T03:40:28.909+0530] {logging_mixin.py:188} INFO - [2024-05-25T03:40:28.908+0530] {dag.py:3954} INFO - Setting next_dagrun for example_xcom to 2021-01-01 00:00:00+00:00, run_after=2021-01-01 00:00:00+00:00
[2024-05-25T03:40:28.936+0530] {processor.py:183} INFO - Processing /home/wsl/airflow_venv/lib/python3.10/site-packages/airflow/example_dags/example_xcom.py took 0.104 seconds
[2024-05-25T03:41:24.773+0530] {processor.py:161} INFO - Started process (PID=3737) to work on /home/wsl/airflow_venv/lib/python3.10/site-packages/airflow/example_dags/example_xcom.py
[2024-05-25T03:41:24.777+0530] {processor.py:830} INFO - Processing file /home/wsl/airflow_venv/lib/python3.10/site-packages/airflow/example_dags/example_xcom.py for tasks to queue
[2024-05-25T03:41:24.779+0530] {logging_mixin.py:188} INFO - [2024-05-25T03:41:24.778+0530] {dagbag.py:540} INFO - Filling up the DagBag from /home/wsl/airflow_venv/lib/python3.10/site-packages/airflow/example_dags/example_xcom.py
[2024-05-25T03:41:24.787+0530] {processor.py:840} INFO - DAG(s) 'example_xcom' retrieved from /home/wsl/airflow_venv/lib/python3.10/site-packages/airflow/example_dags/example_xcom.py
[2024-05-25T03:41:24.806+0530] {logging_mixin.py:188} INFO - [2024-05-25T03:41:24.806+0530] {dag.py:3096} INFO - Sync 1 DAGs
[2024-05-25T03:41:24.826+0530] {logging_mixin.py:188} INFO - [2024-05-25T03:41:24.826+0530] {dag.py:3954} INFO - Setting next_dagrun for example_xcom to 2021-01-01 00:00:00+00:00, run_after=2021-01-01 00:00:00+00:00
[2024-05-25T03:41:24.853+0530] {processor.py:183} INFO - Processing /home/wsl/airflow_venv/lib/python3.10/site-packages/airflow/example_dags/example_xcom.py took 0.092 seconds
[2024-05-25T03:42:20.851+0530] {processor.py:161} INFO - Started process (PID=4001) to work on /home/wsl/airflow_venv/lib/python3.10/site-packages/airflow/example_dags/example_xcom.py
[2024-05-25T03:42:20.853+0530] {processor.py:830} INFO - Processing file /home/wsl/airflow_venv/lib/python3.10/site-packages/airflow/example_dags/example_xcom.py for tasks to queue
[2024-05-25T03:42:20.855+0530] {logging_mixin.py:188} INFO - [2024-05-25T03:42:20.855+0530] {dagbag.py:540} INFO - Filling up the DagBag from /home/wsl/airflow_venv/lib/python3.10/site-packages/airflow/example_dags/example_xcom.py
[2024-05-25T03:42:20.869+0530] {processor.py:840} INFO - DAG(s) 'example_xcom' retrieved from /home/wsl/airflow_venv/lib/python3.10/site-packages/airflow/example_dags/example_xcom.py
[2024-05-25T03:42:20.888+0530] {logging_mixin.py:188} INFO - [2024-05-25T03:42:20.888+0530] {dag.py:3096} INFO - Sync 1 DAGs
[2024-05-25T03:42:20.907+0530] {logging_mixin.py:188} INFO - [2024-05-25T03:42:20.907+0530] {dag.py:3954} INFO - Setting next_dagrun for example_xcom to 2021-01-01 00:00:00+00:00, run_after=2021-01-01 00:00:00+00:00
[2024-05-25T03:42:20.938+0530] {processor.py:183} INFO - Processing /home/wsl/airflow_venv/lib/python3.10/site-packages/airflow/example_dags/example_xcom.py took 0.098 seconds
[2024-05-25T03:43:13.376+0530] {processor.py:161} INFO - Started process (PID=4252) to work on /home/wsl/airflow_venv/lib/python3.10/site-packages/airflow/example_dags/example_xcom.py
[2024-05-25T03:43:13.378+0530] {processor.py:830} INFO - Processing file /home/wsl/airflow_venv/lib/python3.10/site-packages/airflow/example_dags/example_xcom.py for tasks to queue
[2024-05-25T03:43:13.381+0530] {logging_mixin.py:188} INFO - [2024-05-25T03:43:13.380+0530] {dagbag.py:540} INFO - Filling up the DagBag from /home/wsl/airflow_venv/lib/python3.10/site-packages/airflow/example_dags/example_xcom.py
[2024-05-25T03:43:13.403+0530] {processor.py:840} INFO - DAG(s) 'example_xcom' retrieved from /home/wsl/airflow_venv/lib/python3.10/site-packages/airflow/example_dags/example_xcom.py
[2024-05-25T03:43:13.425+0530] {logging_mixin.py:188} INFO - [2024-05-25T03:43:13.425+0530] {dag.py:3096} INFO - Sync 1 DAGs
[2024-05-25T03:43:13.452+0530] {logging_mixin.py:188} INFO - [2024-05-25T03:43:13.452+0530] {dag.py:3954} INFO - Setting next_dagrun for example_xcom to 2021-01-01 00:00:00+00:00, run_after=2021-01-01 00:00:00+00:00
[2024-05-25T03:43:13.627+0530] {processor.py:183} INFO - Processing /home/wsl/airflow_venv/lib/python3.10/site-packages/airflow/example_dags/example_xcom.py took 0.264 seconds
[2024-05-25T03:44:35.031+0530] {processor.py:161} INFO - Started process (PID=4597) to work on /home/wsl/airflow_venv/lib/python3.10/site-packages/airflow/example_dags/example_xcom.py
[2024-05-25T03:44:35.035+0530] {processor.py:830} INFO - Processing file /home/wsl/airflow_venv/lib/python3.10/site-packages/airflow/example_dags/example_xcom.py for tasks to queue
[2024-05-25T03:44:35.037+0530] {logging_mixin.py:188} INFO - [2024-05-25T03:44:35.037+0530] {dagbag.py:540} INFO - Filling up the DagBag from /home/wsl/airflow_venv/lib/python3.10/site-packages/airflow/example_dags/example_xcom.py
[2024-05-25T03:44:35.053+0530] {processor.py:840} INFO - DAG(s) 'example_xcom' retrieved from /home/wsl/airflow_venv/lib/python3.10/site-packages/airflow/example_dags/example_xcom.py
[2024-05-25T03:44:35.084+0530] {logging_mixin.py:188} INFO - [2024-05-25T03:44:35.083+0530] {dag.py:3096} INFO - Sync 1 DAGs
[2024-05-25T03:44:35.137+0530] {logging_mixin.py:188} INFO - [2024-05-25T03:44:35.137+0530] {dag.py:3954} INFO - Setting next_dagrun for example_xcom to 2021-01-01 00:00:00+00:00, run_after=2021-01-01 00:00:00+00:00
[2024-05-25T03:44:35.190+0530] {processor.py:183} INFO - Processing /home/wsl/airflow_venv/lib/python3.10/site-packages/airflow/example_dags/example_xcom.py took 0.176 seconds
[2024-05-25T03:45:44.496+0530] {processor.py:161} INFO - Started process (PID=4882) to work on /home/wsl/airflow_venv/lib/python3.10/site-packages/airflow/example_dags/example_xcom.py
[2024-05-25T03:45:44.498+0530] {processor.py:830} INFO - Processing file /home/wsl/airflow_venv/lib/python3.10/site-packages/airflow/example_dags/example_xcom.py for tasks to queue
[2024-05-25T03:45:44.501+0530] {logging_mixin.py:188} INFO - [2024-05-25T03:45:44.500+0530] {dagbag.py:540} INFO - Filling up the DagBag from /home/wsl/airflow_venv/lib/python3.10/site-packages/airflow/example_dags/example_xcom.py
[2024-05-25T03:45:44.512+0530] {processor.py:840} INFO - DAG(s) 'example_xcom' retrieved from /home/wsl/airflow_venv/lib/python3.10/site-packages/airflow/example_dags/example_xcom.py
[2024-05-25T03:45:44.533+0530] {logging_mixin.py:188} INFO - [2024-05-25T03:45:44.533+0530] {dag.py:3096} INFO - Sync 1 DAGs
[2024-05-25T03:45:44.557+0530] {logging_mixin.py:188} INFO - [2024-05-25T03:45:44.557+0530] {dag.py:3954} INFO - Setting next_dagrun for example_xcom to 2021-01-01 00:00:00+00:00, run_after=2021-01-01 00:00:00+00:00
[2024-05-25T03:45:44.585+0530] {processor.py:183} INFO - Processing /home/wsl/airflow_venv/lib/python3.10/site-packages/airflow/example_dags/example_xcom.py took 0.098 seconds
[2024-05-25T03:46:43.011+0530] {processor.py:161} INFO - Started process (PID=5158) to work on /home/wsl/airflow_venv/lib/python3.10/site-packages/airflow/example_dags/example_xcom.py
[2024-05-25T03:46:43.014+0530] {processor.py:830} INFO - Processing file /home/wsl/airflow_venv/lib/python3.10/site-packages/airflow/example_dags/example_xcom.py for tasks to queue
[2024-05-25T03:46:43.017+0530] {logging_mixin.py:188} INFO - [2024-05-25T03:46:43.017+0530] {dagbag.py:540} INFO - Filling up the DagBag from /home/wsl/airflow_venv/lib/python3.10/site-packages/airflow/example_dags/example_xcom.py
[2024-05-25T03:46:43.074+0530] {processor.py:840} INFO - DAG(s) 'example_xcom' retrieved from /home/wsl/airflow_venv/lib/python3.10/site-packages/airflow/example_dags/example_xcom.py
[2024-05-25T03:46:43.170+0530] {logging_mixin.py:188} INFO - [2024-05-25T03:46:43.170+0530] {dag.py:3096} INFO - Sync 1 DAGs
[2024-05-25T03:46:43.282+0530] {logging_mixin.py:188} INFO - [2024-05-25T03:46:43.282+0530] {dag.py:3954} INFO - Setting next_dagrun for example_xcom to 2021-01-01 00:00:00+00:00, run_after=2021-01-01 00:00:00+00:00
[2024-05-25T03:46:43.381+0530] {processor.py:183} INFO - Processing /home/wsl/airflow_venv/lib/python3.10/site-packages/airflow/example_dags/example_xcom.py took 0.399 seconds
[2024-05-25T03:47:39.152+0530] {processor.py:161} INFO - Started process (PID=5424) to work on /home/wsl/airflow_venv/lib/python3.10/site-packages/airflow/example_dags/example_xcom.py
[2024-05-25T03:47:39.162+0530] {processor.py:830} INFO - Processing file /home/wsl/airflow_venv/lib/python3.10/site-packages/airflow/example_dags/example_xcom.py for tasks to queue
[2024-05-25T03:47:39.165+0530] {logging_mixin.py:188} INFO - [2024-05-25T03:47:39.164+0530] {dagbag.py:540} INFO - Filling up the DagBag from /home/wsl/airflow_venv/lib/python3.10/site-packages/airflow/example_dags/example_xcom.py
[2024-05-25T03:47:39.214+0530] {processor.py:840} INFO - DAG(s) 'example_xcom' retrieved from /home/wsl/airflow_venv/lib/python3.10/site-packages/airflow/example_dags/example_xcom.py
[2024-05-25T03:47:39.307+0530] {logging_mixin.py:188} INFO - [2024-05-25T03:47:39.297+0530] {dag.py:3096} INFO - Sync 1 DAGs
[2024-05-25T03:47:39.404+0530] {logging_mixin.py:188} INFO - [2024-05-25T03:47:39.403+0530] {dag.py:3954} INFO - Setting next_dagrun for example_xcom to 2021-01-01 00:00:00+00:00, run_after=2021-01-01 00:00:00+00:00
[2024-05-25T03:47:39.476+0530] {processor.py:183} INFO - Processing /home/wsl/airflow_venv/lib/python3.10/site-packages/airflow/example_dags/example_xcom.py took 0.351 seconds
[2024-05-25T03:48:30.318+0530] {processor.py:161} INFO - Started process (PID=5669) to work on /home/wsl/airflow_venv/lib/python3.10/site-packages/airflow/example_dags/example_xcom.py
[2024-05-25T03:48:30.320+0530] {processor.py:830} INFO - Processing file /home/wsl/airflow_venv/lib/python3.10/site-packages/airflow/example_dags/example_xcom.py for tasks to queue
[2024-05-25T03:48:30.324+0530] {logging_mixin.py:188} INFO - [2024-05-25T03:48:30.323+0530] {dagbag.py:540} INFO - Filling up the DagBag from /home/wsl/airflow_venv/lib/python3.10/site-packages/airflow/example_dags/example_xcom.py
[2024-05-25T03:48:30.338+0530] {processor.py:840} INFO - DAG(s) 'example_xcom' retrieved from /home/wsl/airflow_venv/lib/python3.10/site-packages/airflow/example_dags/example_xcom.py
[2024-05-25T03:48:30.356+0530] {logging_mixin.py:188} INFO - [2024-05-25T03:48:30.356+0530] {dag.py:3096} INFO - Sync 1 DAGs
[2024-05-25T03:48:30.385+0530] {logging_mixin.py:188} INFO - [2024-05-25T03:48:30.385+0530] {dag.py:3954} INFO - Setting next_dagrun for example_xcom to 2021-01-01 00:00:00+00:00, run_after=2021-01-01 00:00:00+00:00
[2024-05-25T03:48:30.413+0530] {processor.py:183} INFO - Processing /home/wsl/airflow_venv/lib/python3.10/site-packages/airflow/example_dags/example_xcom.py took 0.109 seconds
[2024-05-25T03:49:22.579+0530] {processor.py:161} INFO - Started process (PID=5919) to work on /home/wsl/airflow_venv/lib/python3.10/site-packages/airflow/example_dags/example_xcom.py
[2024-05-25T03:49:22.581+0530] {processor.py:830} INFO - Processing file /home/wsl/airflow_venv/lib/python3.10/site-packages/airflow/example_dags/example_xcom.py for tasks to queue
[2024-05-25T03:49:22.584+0530] {logging_mixin.py:188} INFO - [2024-05-25T03:49:22.583+0530] {dagbag.py:540} INFO - Filling up the DagBag from /home/wsl/airflow_venv/lib/python3.10/site-packages/airflow/example_dags/example_xcom.py
[2024-05-25T03:49:22.597+0530] {processor.py:840} INFO - DAG(s) 'example_xcom' retrieved from /home/wsl/airflow_venv/lib/python3.10/site-packages/airflow/example_dags/example_xcom.py
[2024-05-25T03:49:22.615+0530] {logging_mixin.py:188} INFO - [2024-05-25T03:49:22.615+0530] {dag.py:3096} INFO - Sync 1 DAGs
[2024-05-25T03:49:22.636+0530] {logging_mixin.py:188} INFO - [2024-05-25T03:49:22.636+0530] {dag.py:3954} INFO - Setting next_dagrun for example_xcom to 2021-01-01 00:00:00+00:00, run_after=2021-01-01 00:00:00+00:00
[2024-05-25T03:49:22.669+0530] {processor.py:183} INFO - Processing /home/wsl/airflow_venv/lib/python3.10/site-packages/airflow/example_dags/example_xcom.py took 0.104 seconds
[2024-05-25T03:50:15.961+0530] {processor.py:161} INFO - Started process (PID=6173) to work on /home/wsl/airflow_venv/lib/python3.10/site-packages/airflow/example_dags/example_xcom.py
[2024-05-25T03:50:15.963+0530] {processor.py:830} INFO - Processing file /home/wsl/airflow_venv/lib/python3.10/site-packages/airflow/example_dags/example_xcom.py for tasks to queue
[2024-05-25T03:50:15.965+0530] {logging_mixin.py:188} INFO - [2024-05-25T03:50:15.965+0530] {dagbag.py:540} INFO - Filling up the DagBag from /home/wsl/airflow_venv/lib/python3.10/site-packages/airflow/example_dags/example_xcom.py
[2024-05-25T03:50:15.974+0530] {processor.py:840} INFO - DAG(s) 'example_xcom' retrieved from /home/wsl/airflow_venv/lib/python3.10/site-packages/airflow/example_dags/example_xcom.py
[2024-05-25T03:50:15.992+0530] {logging_mixin.py:188} INFO - [2024-05-25T03:50:15.991+0530] {dag.py:3096} INFO - Sync 1 DAGs
[2024-05-25T03:50:16.014+0530] {logging_mixin.py:188} INFO - [2024-05-25T03:50:16.013+0530] {dag.py:3954} INFO - Setting next_dagrun for example_xcom to 2021-01-01 00:00:00+00:00, run_after=2021-01-01 00:00:00+00:00
[2024-05-25T03:50:16.164+0530] {processor.py:183} INFO - Processing /home/wsl/airflow_venv/lib/python3.10/site-packages/airflow/example_dags/example_xcom.py took 0.215 seconds
[2024-05-25T03:51:11.714+0530] {processor.py:161} INFO - Started process (PID=6438) to work on /home/wsl/airflow_venv/lib/python3.10/site-packages/airflow/example_dags/example_xcom.py
[2024-05-25T03:51:11.717+0530] {processor.py:830} INFO - Processing file /home/wsl/airflow_venv/lib/python3.10/site-packages/airflow/example_dags/example_xcom.py for tasks to queue
[2024-05-25T03:51:11.719+0530] {logging_mixin.py:188} INFO - [2024-05-25T03:51:11.719+0530] {dagbag.py:540} INFO - Filling up the DagBag from /home/wsl/airflow_venv/lib/python3.10/site-packages/airflow/example_dags/example_xcom.py
[2024-05-25T03:51:11.731+0530] {processor.py:840} INFO - DAG(s) 'example_xcom' retrieved from /home/wsl/airflow_venv/lib/python3.10/site-packages/airflow/example_dags/example_xcom.py
[2024-05-25T03:51:11.756+0530] {logging_mixin.py:188} INFO - [2024-05-25T03:51:11.756+0530] {dag.py:3096} INFO - Sync 1 DAGs
[2024-05-25T03:51:11.789+0530] {logging_mixin.py:188} INFO - [2024-05-25T03:51:11.788+0530] {dag.py:3954} INFO - Setting next_dagrun for example_xcom to 2021-01-01 00:00:00+00:00, run_after=2021-01-01 00:00:00+00:00
[2024-05-25T03:51:11.828+0530] {processor.py:183} INFO - Processing /home/wsl/airflow_venv/lib/python3.10/site-packages/airflow/example_dags/example_xcom.py took 0.121 seconds
[2024-05-25T03:52:09.856+0530] {processor.py:161} INFO - Started process (PID=6713) to work on /home/wsl/airflow_venv/lib/python3.10/site-packages/airflow/example_dags/example_xcom.py
[2024-05-25T03:52:09.860+0530] {processor.py:830} INFO - Processing file /home/wsl/airflow_venv/lib/python3.10/site-packages/airflow/example_dags/example_xcom.py for tasks to queue
[2024-05-25T03:52:09.862+0530] {logging_mixin.py:188} INFO - [2024-05-25T03:52:09.862+0530] {dagbag.py:540} INFO - Filling up the DagBag from /home/wsl/airflow_venv/lib/python3.10/site-packages/airflow/example_dags/example_xcom.py
[2024-05-25T03:52:09.871+0530] {processor.py:840} INFO - DAG(s) 'example_xcom' retrieved from /home/wsl/airflow_venv/lib/python3.10/site-packages/airflow/example_dags/example_xcom.py
[2024-05-25T03:52:09.890+0530] {logging_mixin.py:188} INFO - [2024-05-25T03:52:09.889+0530] {dag.py:3096} INFO - Sync 1 DAGs
[2024-05-25T03:52:09.910+0530] {logging_mixin.py:188} INFO - [2024-05-25T03:52:09.909+0530] {dag.py:3954} INFO - Setting next_dagrun for example_xcom to 2021-01-01 00:00:00+00:00, run_after=2021-01-01 00:00:00+00:00
[2024-05-25T03:52:10.113+0530] {processor.py:183} INFO - Processing /home/wsl/airflow_venv/lib/python3.10/site-packages/airflow/example_dags/example_xcom.py took 0.268 seconds
[2024-05-25T03:53:01.371+0530] {processor.py:161} INFO - Started process (PID=6960) to work on /home/wsl/airflow_venv/lib/python3.10/site-packages/airflow/example_dags/example_xcom.py
[2024-05-25T03:53:01.373+0530] {processor.py:830} INFO - Processing file /home/wsl/airflow_venv/lib/python3.10/site-packages/airflow/example_dags/example_xcom.py for tasks to queue
[2024-05-25T03:53:01.375+0530] {logging_mixin.py:188} INFO - [2024-05-25T03:53:01.375+0530] {dagbag.py:540} INFO - Filling up the DagBag from /home/wsl/airflow_venv/lib/python3.10/site-packages/airflow/example_dags/example_xcom.py
[2024-05-25T03:53:01.384+0530] {processor.py:840} INFO - DAG(s) 'example_xcom' retrieved from /home/wsl/airflow_venv/lib/python3.10/site-packages/airflow/example_dags/example_xcom.py
[2024-05-25T03:53:01.403+0530] {logging_mixin.py:188} INFO - [2024-05-25T03:53:01.403+0530] {dag.py:3096} INFO - Sync 1 DAGs
[2024-05-25T03:53:01.424+0530] {logging_mixin.py:188} INFO - [2024-05-25T03:53:01.424+0530] {dag.py:3954} INFO - Setting next_dagrun for example_xcom to 2021-01-01 00:00:00+00:00, run_after=2021-01-01 00:00:00+00:00
[2024-05-25T03:53:01.452+0530] {processor.py:183} INFO - Processing /home/wsl/airflow_venv/lib/python3.10/site-packages/airflow/example_dags/example_xcom.py took 0.090 seconds
[2024-05-25T03:54:02.379+0530] {processor.py:161} INFO - Started process (PID=7247) to work on /home/wsl/airflow_venv/lib/python3.10/site-packages/airflow/example_dags/example_xcom.py
[2024-05-25T03:54:02.380+0530] {processor.py:830} INFO - Processing file /home/wsl/airflow_venv/lib/python3.10/site-packages/airflow/example_dags/example_xcom.py for tasks to queue
[2024-05-25T03:54:02.382+0530] {logging_mixin.py:188} INFO - [2024-05-25T03:54:02.382+0530] {dagbag.py:540} INFO - Filling up the DagBag from /home/wsl/airflow_venv/lib/python3.10/site-packages/airflow/example_dags/example_xcom.py
[2024-05-25T03:54:02.391+0530] {processor.py:840} INFO - DAG(s) 'example_xcom' retrieved from /home/wsl/airflow_venv/lib/python3.10/site-packages/airflow/example_dags/example_xcom.py
[2024-05-25T03:54:02.455+0530] {logging_mixin.py:188} INFO - [2024-05-25T03:54:02.454+0530] {dag.py:3096} INFO - Sync 1 DAGs
[2024-05-25T03:54:02.555+0530] {logging_mixin.py:188} INFO - [2024-05-25T03:54:02.554+0530] {dag.py:3954} INFO - Setting next_dagrun for example_xcom to 2021-01-01 00:00:00+00:00, run_after=2021-01-01 00:00:00+00:00
[2024-05-25T03:54:02.608+0530] {processor.py:183} INFO - Processing /home/wsl/airflow_venv/lib/python3.10/site-packages/airflow/example_dags/example_xcom.py took 0.237 seconds
[2024-05-25T03:55:03.724+0530] {processor.py:161} INFO - Started process (PID=7537) to work on /home/wsl/airflow_venv/lib/python3.10/site-packages/airflow/example_dags/example_xcom.py
[2024-05-25T03:55:03.727+0530] {processor.py:830} INFO - Processing file /home/wsl/airflow_venv/lib/python3.10/site-packages/airflow/example_dags/example_xcom.py for tasks to queue
[2024-05-25T03:55:03.729+0530] {logging_mixin.py:188} INFO - [2024-05-25T03:55:03.728+0530] {dagbag.py:540} INFO - Filling up the DagBag from /home/wsl/airflow_venv/lib/python3.10/site-packages/airflow/example_dags/example_xcom.py
[2024-05-25T03:55:03.739+0530] {processor.py:840} INFO - DAG(s) 'example_xcom' retrieved from /home/wsl/airflow_venv/lib/python3.10/site-packages/airflow/example_dags/example_xcom.py
[2024-05-25T03:55:03.761+0530] {logging_mixin.py:188} INFO - [2024-05-25T03:55:03.761+0530] {dag.py:3096} INFO - Sync 1 DAGs
[2024-05-25T03:55:03.790+0530] {logging_mixin.py:188} INFO - [2024-05-25T03:55:03.789+0530] {dag.py:3954} INFO - Setting next_dagrun for example_xcom to 2021-01-01 00:00:00+00:00, run_after=2021-01-01 00:00:00+00:00
[2024-05-25T03:55:03.916+0530] {processor.py:183} INFO - Processing /home/wsl/airflow_venv/lib/python3.10/site-packages/airflow/example_dags/example_xcom.py took 0.206 seconds
[2024-05-25T03:56:01.032+0530] {processor.py:161} INFO - Started process (PID=7809) to work on /home/wsl/airflow_venv/lib/python3.10/site-packages/airflow/example_dags/example_xcom.py
[2024-05-25T03:56:01.034+0530] {processor.py:830} INFO - Processing file /home/wsl/airflow_venv/lib/python3.10/site-packages/airflow/example_dags/example_xcom.py for tasks to queue
[2024-05-25T03:56:01.036+0530] {logging_mixin.py:188} INFO - [2024-05-25T03:56:01.036+0530] {dagbag.py:540} INFO - Filling up the DagBag from /home/wsl/airflow_venv/lib/python3.10/site-packages/airflow/example_dags/example_xcom.py
[2024-05-25T03:56:01.046+0530] {processor.py:840} INFO - DAG(s) 'example_xcom' retrieved from /home/wsl/airflow_venv/lib/python3.10/site-packages/airflow/example_dags/example_xcom.py
[2024-05-25T03:56:01.072+0530] {logging_mixin.py:188} INFO - [2024-05-25T03:56:01.071+0530] {dag.py:3096} INFO - Sync 1 DAGs
[2024-05-25T03:56:01.105+0530] {logging_mixin.py:188} INFO - [2024-05-25T03:56:01.105+0530] {dag.py:3954} INFO - Setting next_dagrun for example_xcom to 2021-01-01 00:00:00+00:00, run_after=2021-01-01 00:00:00+00:00
[2024-05-25T03:56:01.136+0530] {processor.py:183} INFO - Processing /home/wsl/airflow_venv/lib/python3.10/site-packages/airflow/example_dags/example_xcom.py took 0.112 seconds
