[2024-05-25T03:33:40.469+0530] {processor.py:161} INFO - Started process (PID=1460) to work on /home/wsl/airflow_venv/lib/python3.10/site-packages/airflow/example_dags/example_setup_teardown_taskflow.py
[2024-05-25T03:33:40.471+0530] {processor.py:830} INFO - Processing file /home/wsl/airflow_venv/lib/python3.10/site-packages/airflow/example_dags/example_setup_teardown_taskflow.py for tasks to queue
[2024-05-25T03:33:40.474+0530] {logging_mixin.py:188} INFO - [2024-05-25T03:33:40.473+0530] {dagbag.py:540} INFO - Filling up the DagBag from /home/wsl/airflow_venv/lib/python3.10/site-packages/airflow/example_dags/example_setup_teardown_taskflow.py
[2024-05-25T03:33:40.490+0530] {processor.py:840} INFO - DAG(s) 'example_setup_teardown_taskflow' retrieved from /home/wsl/airflow_venv/lib/python3.10/site-packages/airflow/example_dags/example_setup_teardown_taskflow.py
[2024-05-25T03:33:40.684+0530] {logging_mixin.py:188} INFO - [2024-05-25T03:33:40.684+0530] {dag.py:3096} INFO - Sync 1 DAGs
[2024-05-25T03:33:40.872+0530] {logging_mixin.py:188} INFO - [2024-05-25T03:33:40.872+0530] {dag.py:3954} INFO - Setting next_dagrun for example_setup_teardown_taskflow to 2024-05-23 00:00:00+00:00, run_after=2024-05-24 00:00:00+00:00
[2024-05-25T03:33:40.943+0530] {processor.py:183} INFO - Processing /home/wsl/airflow_venv/lib/python3.10/site-packages/airflow/example_dags/example_setup_teardown_taskflow.py took 0.489 seconds
[2024-05-25T03:35:09.684+0530] {processor.py:161} INFO - Started process (PID=1879) to work on /home/wsl/airflow_venv/lib/python3.10/site-packages/airflow/example_dags/example_setup_teardown_taskflow.py
[2024-05-25T03:35:09.686+0530] {processor.py:830} INFO - Processing file /home/wsl/airflow_venv/lib/python3.10/site-packages/airflow/example_dags/example_setup_teardown_taskflow.py for tasks to queue
[2024-05-25T03:35:09.687+0530] {logging_mixin.py:188} INFO - [2024-05-25T03:35:09.687+0530] {dagbag.py:540} INFO - Filling up the DagBag from /home/wsl/airflow_venv/lib/python3.10/site-packages/airflow/example_dags/example_setup_teardown_taskflow.py
[2024-05-25T03:35:09.697+0530] {processor.py:840} INFO - DAG(s) 'example_setup_teardown_taskflow' retrieved from /home/wsl/airflow_venv/lib/python3.10/site-packages/airflow/example_dags/example_setup_teardown_taskflow.py
[2024-05-25T03:35:09.716+0530] {logging_mixin.py:188} INFO - [2024-05-25T03:35:09.716+0530] {dag.py:3096} INFO - Sync 1 DAGs
[2024-05-25T03:35:09.737+0530] {logging_mixin.py:188} INFO - [2024-05-25T03:35:09.736+0530] {dag.py:3954} INFO - Setting next_dagrun for example_setup_teardown_taskflow to 2024-05-23 00:00:00+00:00, run_after=2024-05-24 00:00:00+00:00
[2024-05-25T03:35:09.851+0530] {processor.py:183} INFO - Processing /home/wsl/airflow_venv/lib/python3.10/site-packages/airflow/example_dags/example_setup_teardown_taskflow.py took 0.174 seconds
[2024-05-25T03:36:17.434+0530] {processor.py:161} INFO - Started process (PID=2196) to work on /home/wsl/airflow_venv/lib/python3.10/site-packages/airflow/example_dags/example_setup_teardown_taskflow.py
[2024-05-25T03:36:17.436+0530] {processor.py:830} INFO - Processing file /home/wsl/airflow_venv/lib/python3.10/site-packages/airflow/example_dags/example_setup_teardown_taskflow.py for tasks to queue
[2024-05-25T03:36:17.439+0530] {logging_mixin.py:188} INFO - [2024-05-25T03:36:17.438+0530] {dagbag.py:540} INFO - Filling up the DagBag from /home/wsl/airflow_venv/lib/python3.10/site-packages/airflow/example_dags/example_setup_teardown_taskflow.py
[2024-05-25T03:36:17.453+0530] {processor.py:840} INFO - DAG(s) 'example_setup_teardown_taskflow' retrieved from /home/wsl/airflow_venv/lib/python3.10/site-packages/airflow/example_dags/example_setup_teardown_taskflow.py
[2024-05-25T03:36:17.487+0530] {logging_mixin.py:188} INFO - [2024-05-25T03:36:17.486+0530] {dag.py:3096} INFO - Sync 1 DAGs
[2024-05-25T03:36:17.511+0530] {logging_mixin.py:188} INFO - [2024-05-25T03:36:17.511+0530] {dag.py:3954} INFO - Setting next_dagrun for example_setup_teardown_taskflow to 2024-05-23 00:00:00+00:00, run_after=2024-05-24 00:00:00+00:00
[2024-05-25T03:36:17.540+0530] {processor.py:183} INFO - Processing /home/wsl/airflow_venv/lib/python3.10/site-packages/airflow/example_dags/example_setup_teardown_taskflow.py took 0.116 seconds
[2024-05-25T03:37:11.889+0530] {processor.py:161} INFO - Started process (PID=2456) to work on /home/wsl/airflow_venv/lib/python3.10/site-packages/airflow/example_dags/example_setup_teardown_taskflow.py
[2024-05-25T03:37:11.892+0530] {processor.py:830} INFO - Processing file /home/wsl/airflow_venv/lib/python3.10/site-packages/airflow/example_dags/example_setup_teardown_taskflow.py for tasks to queue
[2024-05-25T03:37:11.893+0530] {logging_mixin.py:188} INFO - [2024-05-25T03:37:11.893+0530] {dagbag.py:540} INFO - Filling up the DagBag from /home/wsl/airflow_venv/lib/python3.10/site-packages/airflow/example_dags/example_setup_teardown_taskflow.py
[2024-05-25T03:37:11.907+0530] {processor.py:840} INFO - DAG(s) 'example_setup_teardown_taskflow' retrieved from /home/wsl/airflow_venv/lib/python3.10/site-packages/airflow/example_dags/example_setup_teardown_taskflow.py
[2024-05-25T03:37:11.927+0530] {logging_mixin.py:188} INFO - [2024-05-25T03:37:11.927+0530] {dag.py:3096} INFO - Sync 1 DAGs
[2024-05-25T03:37:11.948+0530] {logging_mixin.py:188} INFO - [2024-05-25T03:37:11.948+0530] {dag.py:3954} INFO - Setting next_dagrun for example_setup_teardown_taskflow to 2024-05-23 00:00:00+00:00, run_after=2024-05-24 00:00:00+00:00
[2024-05-25T03:37:11.974+0530] {processor.py:183} INFO - Processing /home/wsl/airflow_venv/lib/python3.10/site-packages/airflow/example_dags/example_setup_teardown_taskflow.py took 0.094 seconds
[2024-05-25T03:38:26.142+0530] {processor.py:161} INFO - Started process (PID=2809) to work on /home/wsl/airflow_venv/lib/python3.10/site-packages/airflow/example_dags/example_setup_teardown_taskflow.py
[2024-05-25T03:38:26.143+0530] {processor.py:830} INFO - Processing file /home/wsl/airflow_venv/lib/python3.10/site-packages/airflow/example_dags/example_setup_teardown_taskflow.py for tasks to queue
[2024-05-25T03:38:26.145+0530] {logging_mixin.py:188} INFO - [2024-05-25T03:38:26.145+0530] {dagbag.py:540} INFO - Filling up the DagBag from /home/wsl/airflow_venv/lib/python3.10/site-packages/airflow/example_dags/example_setup_teardown_taskflow.py
[2024-05-25T03:38:26.156+0530] {processor.py:840} INFO - DAG(s) 'example_setup_teardown_taskflow' retrieved from /home/wsl/airflow_venv/lib/python3.10/site-packages/airflow/example_dags/example_setup_teardown_taskflow.py
[2024-05-25T03:38:26.174+0530] {logging_mixin.py:188} INFO - [2024-05-25T03:38:26.174+0530] {dag.py:3096} INFO - Sync 1 DAGs
[2024-05-25T03:38:26.194+0530] {logging_mixin.py:188} INFO - [2024-05-25T03:38:26.194+0530] {dag.py:3954} INFO - Setting next_dagrun for example_setup_teardown_taskflow to 2024-05-23 00:00:00+00:00, run_after=2024-05-24 00:00:00+00:00
[2024-05-25T03:38:26.221+0530] {processor.py:183} INFO - Processing /home/wsl/airflow_venv/lib/python3.10/site-packages/airflow/example_dags/example_setup_teardown_taskflow.py took 0.091 seconds
[2024-05-25T03:39:45.810+0530] {processor.py:161} INFO - Started process (PID=3184) to work on /home/wsl/airflow_venv/lib/python3.10/site-packages/airflow/example_dags/example_setup_teardown_taskflow.py
[2024-05-25T03:39:45.813+0530] {processor.py:830} INFO - Processing file /home/wsl/airflow_venv/lib/python3.10/site-packages/airflow/example_dags/example_setup_teardown_taskflow.py for tasks to queue
[2024-05-25T03:39:45.817+0530] {logging_mixin.py:188} INFO - [2024-05-25T03:39:45.816+0530] {dagbag.py:540} INFO - Filling up the DagBag from /home/wsl/airflow_venv/lib/python3.10/site-packages/airflow/example_dags/example_setup_teardown_taskflow.py
[2024-05-25T03:39:45.829+0530] {processor.py:840} INFO - DAG(s) 'example_setup_teardown_taskflow' retrieved from /home/wsl/airflow_venv/lib/python3.10/site-packages/airflow/example_dags/example_setup_teardown_taskflow.py
[2024-05-25T03:39:45.855+0530] {logging_mixin.py:188} INFO - [2024-05-25T03:39:45.854+0530] {dag.py:3096} INFO - Sync 1 DAGs
[2024-05-25T03:39:45.876+0530] {logging_mixin.py:188} INFO - [2024-05-25T03:39:45.876+0530] {dag.py:3954} INFO - Setting next_dagrun for example_setup_teardown_taskflow to 2024-05-23 00:00:00+00:00, run_after=2024-05-24 00:00:00+00:00
[2024-05-25T03:39:45.909+0530] {processor.py:183} INFO - Processing /home/wsl/airflow_venv/lib/python3.10/site-packages/airflow/example_dags/example_setup_teardown_taskflow.py took 0.108 seconds
[2024-05-25T03:40:46.154+0530] {processor.py:161} INFO - Started process (PID=3556) to work on /home/wsl/airflow_venv/lib/python3.10/site-packages/airflow/example_dags/example_setup_teardown_taskflow.py
[2024-05-25T03:40:46.156+0530] {processor.py:830} INFO - Processing file /home/wsl/airflow_venv/lib/python3.10/site-packages/airflow/example_dags/example_setup_teardown_taskflow.py for tasks to queue
[2024-05-25T03:40:46.158+0530] {logging_mixin.py:188} INFO - [2024-05-25T03:40:46.158+0530] {dagbag.py:540} INFO - Filling up the DagBag from /home/wsl/airflow_venv/lib/python3.10/site-packages/airflow/example_dags/example_setup_teardown_taskflow.py
[2024-05-25T03:40:46.169+0530] {processor.py:840} INFO - DAG(s) 'example_setup_teardown_taskflow' retrieved from /home/wsl/airflow_venv/lib/python3.10/site-packages/airflow/example_dags/example_setup_teardown_taskflow.py
[2024-05-25T03:40:46.188+0530] {logging_mixin.py:188} INFO - [2024-05-25T03:40:46.188+0530] {dag.py:3096} INFO - Sync 1 DAGs
[2024-05-25T03:40:46.208+0530] {logging_mixin.py:188} INFO - [2024-05-25T03:40:46.208+0530] {dag.py:3954} INFO - Setting next_dagrun for example_setup_teardown_taskflow to 2024-05-23 00:00:00+00:00, run_after=2024-05-24 00:00:00+00:00
[2024-05-25T03:40:46.235+0530] {processor.py:183} INFO - Processing /home/wsl/airflow_venv/lib/python3.10/site-packages/airflow/example_dags/example_setup_teardown_taskflow.py took 0.087 seconds
[2024-05-25T03:41:43.531+0530] {processor.py:161} INFO - Started process (PID=3826) to work on /home/wsl/airflow_venv/lib/python3.10/site-packages/airflow/example_dags/example_setup_teardown_taskflow.py
[2024-05-25T03:41:43.533+0530] {processor.py:830} INFO - Processing file /home/wsl/airflow_venv/lib/python3.10/site-packages/airflow/example_dags/example_setup_teardown_taskflow.py for tasks to queue
[2024-05-25T03:41:43.536+0530] {logging_mixin.py:188} INFO - [2024-05-25T03:41:43.535+0530] {dagbag.py:540} INFO - Filling up the DagBag from /home/wsl/airflow_venv/lib/python3.10/site-packages/airflow/example_dags/example_setup_teardown_taskflow.py
[2024-05-25T03:41:43.549+0530] {processor.py:840} INFO - DAG(s) 'example_setup_teardown_taskflow' retrieved from /home/wsl/airflow_venv/lib/python3.10/site-packages/airflow/example_dags/example_setup_teardown_taskflow.py
[2024-05-25T03:41:43.568+0530] {logging_mixin.py:188} INFO - [2024-05-25T03:41:43.568+0530] {dag.py:3096} INFO - Sync 1 DAGs
[2024-05-25T03:41:43.589+0530] {logging_mixin.py:188} INFO - [2024-05-25T03:41:43.588+0530] {dag.py:3954} INFO - Setting next_dagrun for example_setup_teardown_taskflow to 2024-05-23 00:00:00+00:00, run_after=2024-05-24 00:00:00+00:00
[2024-05-25T03:41:43.617+0530] {processor.py:183} INFO - Processing /home/wsl/airflow_venv/lib/python3.10/site-packages/airflow/example_dags/example_setup_teardown_taskflow.py took 0.099 seconds
[2024-05-25T03:43:02.005+0530] {processor.py:161} INFO - Started process (PID=4198) to work on /home/wsl/airflow_venv/lib/python3.10/site-packages/airflow/example_dags/example_setup_teardown_taskflow.py
[2024-05-25T03:43:02.009+0530] {processor.py:830} INFO - Processing file /home/wsl/airflow_venv/lib/python3.10/site-packages/airflow/example_dags/example_setup_teardown_taskflow.py for tasks to queue
[2024-05-25T03:43:02.011+0530] {logging_mixin.py:188} INFO - [2024-05-25T03:43:02.010+0530] {dagbag.py:540} INFO - Filling up the DagBag from /home/wsl/airflow_venv/lib/python3.10/site-packages/airflow/example_dags/example_setup_teardown_taskflow.py
[2024-05-25T03:43:02.030+0530] {processor.py:840} INFO - DAG(s) 'example_setup_teardown_taskflow' retrieved from /home/wsl/airflow_venv/lib/python3.10/site-packages/airflow/example_dags/example_setup_teardown_taskflow.py
[2024-05-25T03:43:02.060+0530] {logging_mixin.py:188} INFO - [2024-05-25T03:43:02.060+0530] {dag.py:3096} INFO - Sync 1 DAGs
[2024-05-25T03:43:02.089+0530] {logging_mixin.py:188} INFO - [2024-05-25T03:43:02.088+0530] {dag.py:3954} INFO - Setting next_dagrun for example_setup_teardown_taskflow to 2024-05-23 00:00:00+00:00, run_after=2024-05-24 00:00:00+00:00
[2024-05-25T03:43:02.120+0530] {processor.py:183} INFO - Processing /home/wsl/airflow_venv/lib/python3.10/site-packages/airflow/example_dags/example_setup_teardown_taskflow.py took 0.127 seconds
[2024-05-25T03:45:28.598+0530] {processor.py:161} INFO - Started process (PID=4809) to work on /home/wsl/airflow_venv/lib/python3.10/site-packages/airflow/example_dags/example_setup_teardown_taskflow.py
[2024-05-25T03:45:28.607+0530] {processor.py:830} INFO - Processing file /home/wsl/airflow_venv/lib/python3.10/site-packages/airflow/example_dags/example_setup_teardown_taskflow.py for tasks to queue
[2024-05-25T03:45:28.611+0530] {logging_mixin.py:188} INFO - [2024-05-25T03:45:28.610+0530] {dagbag.py:540} INFO - Filling up the DagBag from /home/wsl/airflow_venv/lib/python3.10/site-packages/airflow/example_dags/example_setup_teardown_taskflow.py
[2024-05-25T03:45:28.668+0530] {processor.py:840} INFO - DAG(s) 'example_setup_teardown_taskflow' retrieved from /home/wsl/airflow_venv/lib/python3.10/site-packages/airflow/example_dags/example_setup_teardown_taskflow.py
[2024-05-25T03:45:28.722+0530] {logging_mixin.py:188} INFO - [2024-05-25T03:45:28.721+0530] {dag.py:3096} INFO - Sync 1 DAGs
[2024-05-25T03:45:28.821+0530] {logging_mixin.py:188} INFO - [2024-05-25T03:45:28.820+0530] {dag.py:3954} INFO - Setting next_dagrun for example_setup_teardown_taskflow to 2024-05-23 00:00:00+00:00, run_after=2024-05-24 00:00:00+00:00
[2024-05-25T03:45:29.128+0530] {processor.py:183} INFO - Processing /home/wsl/airflow_venv/lib/python3.10/site-packages/airflow/example_dags/example_setup_teardown_taskflow.py took 0.547 seconds
[2024-05-25T03:46:34.747+0530] {processor.py:161} INFO - Started process (PID=5118) to work on /home/wsl/airflow_venv/lib/python3.10/site-packages/airflow/example_dags/example_setup_teardown_taskflow.py
[2024-05-25T03:46:34.749+0530] {processor.py:830} INFO - Processing file /home/wsl/airflow_venv/lib/python3.10/site-packages/airflow/example_dags/example_setup_teardown_taskflow.py for tasks to queue
[2024-05-25T03:46:34.751+0530] {logging_mixin.py:188} INFO - [2024-05-25T03:46:34.751+0530] {dagbag.py:540} INFO - Filling up the DagBag from /home/wsl/airflow_venv/lib/python3.10/site-packages/airflow/example_dags/example_setup_teardown_taskflow.py
[2024-05-25T03:46:34.764+0530] {processor.py:840} INFO - DAG(s) 'example_setup_teardown_taskflow' retrieved from /home/wsl/airflow_venv/lib/python3.10/site-packages/airflow/example_dags/example_setup_teardown_taskflow.py
[2024-05-25T03:46:34.786+0530] {logging_mixin.py:188} INFO - [2024-05-25T03:46:34.786+0530] {dag.py:3096} INFO - Sync 1 DAGs
[2024-05-25T03:46:34.808+0530] {logging_mixin.py:188} INFO - [2024-05-25T03:46:34.808+0530] {dag.py:3954} INFO - Setting next_dagrun for example_setup_teardown_taskflow to 2024-05-23 00:00:00+00:00, run_after=2024-05-24 00:00:00+00:00
[2024-05-25T03:46:34.836+0530] {processor.py:183} INFO - Processing /home/wsl/airflow_venv/lib/python3.10/site-packages/airflow/example_dags/example_setup_teardown_taskflow.py took 0.102 seconds
[2024-05-25T03:47:32.018+0530] {processor.py:161} INFO - Started process (PID=5390) to work on /home/wsl/airflow_venv/lib/python3.10/site-packages/airflow/example_dags/example_setup_teardown_taskflow.py
[2024-05-25T03:47:32.020+0530] {processor.py:830} INFO - Processing file /home/wsl/airflow_venv/lib/python3.10/site-packages/airflow/example_dags/example_setup_teardown_taskflow.py for tasks to queue
[2024-05-25T03:47:32.022+0530] {logging_mixin.py:188} INFO - [2024-05-25T03:47:32.021+0530] {dagbag.py:540} INFO - Filling up the DagBag from /home/wsl/airflow_venv/lib/python3.10/site-packages/airflow/example_dags/example_setup_teardown_taskflow.py
[2024-05-25T03:47:32.035+0530] {processor.py:840} INFO - DAG(s) 'example_setup_teardown_taskflow' retrieved from /home/wsl/airflow_venv/lib/python3.10/site-packages/airflow/example_dags/example_setup_teardown_taskflow.py
[2024-05-25T03:47:32.058+0530] {logging_mixin.py:188} INFO - [2024-05-25T03:47:32.058+0530] {dag.py:3096} INFO - Sync 1 DAGs
[2024-05-25T03:47:32.084+0530] {logging_mixin.py:188} INFO - [2024-05-25T03:47:32.083+0530] {dag.py:3954} INFO - Setting next_dagrun for example_setup_teardown_taskflow to 2024-05-23 00:00:00+00:00, run_after=2024-05-24 00:00:00+00:00
[2024-05-25T03:47:32.110+0530] {processor.py:183} INFO - Processing /home/wsl/airflow_venv/lib/python3.10/site-packages/airflow/example_dags/example_setup_teardown_taskflow.py took 0.103 seconds
[2024-05-25T03:48:48.652+0530] {processor.py:161} INFO - Started process (PID=5757) to work on /home/wsl/airflow_venv/lib/python3.10/site-packages/airflow/example_dags/example_setup_teardown_taskflow.py
[2024-05-25T03:48:48.654+0530] {processor.py:830} INFO - Processing file /home/wsl/airflow_venv/lib/python3.10/site-packages/airflow/example_dags/example_setup_teardown_taskflow.py for tasks to queue
[2024-05-25T03:48:48.656+0530] {logging_mixin.py:188} INFO - [2024-05-25T03:48:48.655+0530] {dagbag.py:540} INFO - Filling up the DagBag from /home/wsl/airflow_venv/lib/python3.10/site-packages/airflow/example_dags/example_setup_teardown_taskflow.py
[2024-05-25T03:48:48.666+0530] {processor.py:840} INFO - DAG(s) 'example_setup_teardown_taskflow' retrieved from /home/wsl/airflow_venv/lib/python3.10/site-packages/airflow/example_dags/example_setup_teardown_taskflow.py
[2024-05-25T03:48:48.685+0530] {logging_mixin.py:188} INFO - [2024-05-25T03:48:48.685+0530] {dag.py:3096} INFO - Sync 1 DAGs
[2024-05-25T03:48:48.705+0530] {logging_mixin.py:188} INFO - [2024-05-25T03:48:48.705+0530] {dag.py:3954} INFO - Setting next_dagrun for example_setup_teardown_taskflow to 2024-05-23 00:00:00+00:00, run_after=2024-05-24 00:00:00+00:00
[2024-05-25T03:48:48.733+0530] {processor.py:183} INFO - Processing /home/wsl/airflow_venv/lib/python3.10/site-packages/airflow/example_dags/example_setup_teardown_taskflow.py took 0.088 seconds
[2024-05-25T03:50:08.828+0530] {processor.py:161} INFO - Started process (PID=6139) to work on /home/wsl/airflow_venv/lib/python3.10/site-packages/airflow/example_dags/example_setup_teardown_taskflow.py
[2024-05-25T03:50:08.830+0530] {processor.py:830} INFO - Processing file /home/wsl/airflow_venv/lib/python3.10/site-packages/airflow/example_dags/example_setup_teardown_taskflow.py for tasks to queue
[2024-05-25T03:50:08.832+0530] {logging_mixin.py:188} INFO - [2024-05-25T03:50:08.832+0530] {dagbag.py:540} INFO - Filling up the DagBag from /home/wsl/airflow_venv/lib/python3.10/site-packages/airflow/example_dags/example_setup_teardown_taskflow.py
[2024-05-25T03:50:08.842+0530] {processor.py:840} INFO - DAG(s) 'example_setup_teardown_taskflow' retrieved from /home/wsl/airflow_venv/lib/python3.10/site-packages/airflow/example_dags/example_setup_teardown_taskflow.py
[2024-05-25T03:50:08.861+0530] {logging_mixin.py:188} INFO - [2024-05-25T03:50:08.861+0530] {dag.py:3096} INFO - Sync 1 DAGs
[2024-05-25T03:50:08.884+0530] {logging_mixin.py:188} INFO - [2024-05-25T03:50:08.884+0530] {dag.py:3954} INFO - Setting next_dagrun for example_setup_teardown_taskflow to 2024-05-23 00:00:00+00:00, run_after=2024-05-24 00:00:00+00:00
[2024-05-25T03:50:08.912+0530] {processor.py:183} INFO - Processing /home/wsl/airflow_venv/lib/python3.10/site-packages/airflow/example_dags/example_setup_teardown_taskflow.py took 0.097 seconds
[2024-05-25T03:51:04.896+0530] {processor.py:161} INFO - Started process (PID=6405) to work on /home/wsl/airflow_venv/lib/python3.10/site-packages/airflow/example_dags/example_setup_teardown_taskflow.py
[2024-05-25T03:51:04.899+0530] {processor.py:830} INFO - Processing file /home/wsl/airflow_venv/lib/python3.10/site-packages/airflow/example_dags/example_setup_teardown_taskflow.py for tasks to queue
[2024-05-25T03:51:04.902+0530] {logging_mixin.py:188} INFO - [2024-05-25T03:51:04.901+0530] {dagbag.py:540} INFO - Filling up the DagBag from /home/wsl/airflow_venv/lib/python3.10/site-packages/airflow/example_dags/example_setup_teardown_taskflow.py
[2024-05-25T03:51:04.913+0530] {processor.py:840} INFO - DAG(s) 'example_setup_teardown_taskflow' retrieved from /home/wsl/airflow_venv/lib/python3.10/site-packages/airflow/example_dags/example_setup_teardown_taskflow.py
[2024-05-25T03:51:04.938+0530] {logging_mixin.py:188} INFO - [2024-05-25T03:51:04.937+0530] {dag.py:3096} INFO - Sync 1 DAGs
[2024-05-25T03:51:04.962+0530] {logging_mixin.py:188} INFO - [2024-05-25T03:51:04.962+0530] {dag.py:3954} INFO - Setting next_dagrun for example_setup_teardown_taskflow to 2024-05-23 00:00:00+00:00, run_after=2024-05-24 00:00:00+00:00
[2024-05-25T03:51:05.000+0530] {processor.py:183} INFO - Processing /home/wsl/airflow_venv/lib/python3.10/site-packages/airflow/example_dags/example_setup_teardown_taskflow.py took 0.112 seconds
[2024-05-25T03:52:01.681+0530] {processor.py:161} INFO - Started process (PID=6675) to work on /home/wsl/airflow_venv/lib/python3.10/site-packages/airflow/example_dags/example_setup_teardown_taskflow.py
[2024-05-25T03:52:01.683+0530] {processor.py:830} INFO - Processing file /home/wsl/airflow_venv/lib/python3.10/site-packages/airflow/example_dags/example_setup_teardown_taskflow.py for tasks to queue
[2024-05-25T03:52:01.685+0530] {logging_mixin.py:188} INFO - [2024-05-25T03:52:01.685+0530] {dagbag.py:540} INFO - Filling up the DagBag from /home/wsl/airflow_venv/lib/python3.10/site-packages/airflow/example_dags/example_setup_teardown_taskflow.py
[2024-05-25T03:52:01.701+0530] {processor.py:840} INFO - DAG(s) 'example_setup_teardown_taskflow' retrieved from /home/wsl/airflow_venv/lib/python3.10/site-packages/airflow/example_dags/example_setup_teardown_taskflow.py
[2024-05-25T03:52:01.726+0530] {logging_mixin.py:188} INFO - [2024-05-25T03:52:01.725+0530] {dag.py:3096} INFO - Sync 1 DAGs
[2024-05-25T03:52:01.754+0530] {logging_mixin.py:188} INFO - [2024-05-25T03:52:01.754+0530] {dag.py:3954} INFO - Setting next_dagrun for example_setup_teardown_taskflow to 2024-05-23 00:00:00+00:00, run_after=2024-05-24 00:00:00+00:00
[2024-05-25T03:52:02.016+0530] {processor.py:183} INFO - Processing /home/wsl/airflow_venv/lib/python3.10/site-packages/airflow/example_dags/example_setup_teardown_taskflow.py took 0.344 seconds
[2024-05-25T03:52:57.421+0530] {processor.py:161} INFO - Started process (PID=6941) to work on /home/wsl/airflow_venv/lib/python3.10/site-packages/airflow/example_dags/example_setup_teardown_taskflow.py
[2024-05-25T03:52:57.423+0530] {processor.py:830} INFO - Processing file /home/wsl/airflow_venv/lib/python3.10/site-packages/airflow/example_dags/example_setup_teardown_taskflow.py for tasks to queue
[2024-05-25T03:52:57.426+0530] {logging_mixin.py:188} INFO - [2024-05-25T03:52:57.425+0530] {dagbag.py:540} INFO - Filling up the DagBag from /home/wsl/airflow_venv/lib/python3.10/site-packages/airflow/example_dags/example_setup_teardown_taskflow.py
[2024-05-25T03:52:57.436+0530] {processor.py:840} INFO - DAG(s) 'example_setup_teardown_taskflow' retrieved from /home/wsl/airflow_venv/lib/python3.10/site-packages/airflow/example_dags/example_setup_teardown_taskflow.py
[2024-05-25T03:52:57.461+0530] {logging_mixin.py:188} INFO - [2024-05-25T03:52:57.460+0530] {dag.py:3096} INFO - Sync 1 DAGs
[2024-05-25T03:52:57.484+0530] {logging_mixin.py:188} INFO - [2024-05-25T03:52:57.484+0530] {dag.py:3954} INFO - Setting next_dagrun for example_setup_teardown_taskflow to 2024-05-23 00:00:00+00:00, run_after=2024-05-24 00:00:00+00:00
[2024-05-25T03:52:57.514+0530] {processor.py:183} INFO - Processing /home/wsl/airflow_venv/lib/python3.10/site-packages/airflow/example_dags/example_setup_teardown_taskflow.py took 0.104 seconds
[2024-05-25T03:54:28.373+0530] {processor.py:161} INFO - Started process (PID=7369) to work on /home/wsl/airflow_venv/lib/python3.10/site-packages/airflow/example_dags/example_setup_teardown_taskflow.py
[2024-05-25T03:54:28.375+0530] {processor.py:830} INFO - Processing file /home/wsl/airflow_venv/lib/python3.10/site-packages/airflow/example_dags/example_setup_teardown_taskflow.py for tasks to queue
[2024-05-25T03:54:28.377+0530] {logging_mixin.py:188} INFO - [2024-05-25T03:54:28.377+0530] {dagbag.py:540} INFO - Filling up the DagBag from /home/wsl/airflow_venv/lib/python3.10/site-packages/airflow/example_dags/example_setup_teardown_taskflow.py
[2024-05-25T03:54:28.407+0530] {processor.py:840} INFO - DAG(s) 'example_setup_teardown_taskflow' retrieved from /home/wsl/airflow_venv/lib/python3.10/site-packages/airflow/example_dags/example_setup_teardown_taskflow.py
[2024-05-25T03:54:28.462+0530] {logging_mixin.py:188} INFO - [2024-05-25T03:54:28.461+0530] {dag.py:3096} INFO - Sync 1 DAGs
[2024-05-25T03:54:28.513+0530] {logging_mixin.py:188} INFO - [2024-05-25T03:54:28.513+0530] {dag.py:3954} INFO - Setting next_dagrun for example_setup_teardown_taskflow to 2024-05-23 00:00:00+00:00, run_after=2024-05-24 00:00:00+00:00
[2024-05-25T03:54:28.616+0530] {processor.py:183} INFO - Processing /home/wsl/airflow_venv/lib/python3.10/site-packages/airflow/example_dags/example_setup_teardown_taskflow.py took 0.260 seconds
[2024-05-25T03:55:28.256+0530] {processor.py:161} INFO - Started process (PID=7654) to work on /home/wsl/airflow_venv/lib/python3.10/site-packages/airflow/example_dags/example_setup_teardown_taskflow.py
[2024-05-25T03:55:28.259+0530] {processor.py:830} INFO - Processing file /home/wsl/airflow_venv/lib/python3.10/site-packages/airflow/example_dags/example_setup_teardown_taskflow.py for tasks to queue
[2024-05-25T03:55:28.262+0530] {logging_mixin.py:188} INFO - [2024-05-25T03:55:28.261+0530] {dagbag.py:540} INFO - Filling up the DagBag from /home/wsl/airflow_venv/lib/python3.10/site-packages/airflow/example_dags/example_setup_teardown_taskflow.py
[2024-05-25T03:55:28.277+0530] {processor.py:840} INFO - DAG(s) 'example_setup_teardown_taskflow' retrieved from /home/wsl/airflow_venv/lib/python3.10/site-packages/airflow/example_dags/example_setup_teardown_taskflow.py
[2024-05-25T03:55:28.295+0530] {logging_mixin.py:188} INFO - [2024-05-25T03:55:28.295+0530] {dag.py:3096} INFO - Sync 1 DAGs
[2024-05-25T03:55:28.316+0530] {logging_mixin.py:188} INFO - [2024-05-25T03:55:28.316+0530] {dag.py:3954} INFO - Setting next_dagrun for example_setup_teardown_taskflow to 2024-05-23 00:00:00+00:00, run_after=2024-05-24 00:00:00+00:00
[2024-05-25T03:55:28.345+0530] {processor.py:183} INFO - Processing /home/wsl/airflow_venv/lib/python3.10/site-packages/airflow/example_dags/example_setup_teardown_taskflow.py took 0.101 seconds
[2024-05-25T03:56:24.461+0530] {processor.py:161} INFO - Started process (PID=8328) to work on /home/wsl/airflow_venv/lib/python3.10/site-packages/airflow/example_dags/example_setup_teardown_taskflow.py
[2024-05-25T03:56:24.462+0530] {processor.py:830} INFO - Processing file /home/wsl/airflow_venv/lib/python3.10/site-packages/airflow/example_dags/example_setup_teardown_taskflow.py for tasks to queue
[2024-05-25T03:56:24.464+0530] {logging_mixin.py:188} INFO - [2024-05-25T03:56:24.464+0530] {dagbag.py:540} INFO - Filling up the DagBag from /home/wsl/airflow_venv/lib/python3.10/site-packages/airflow/example_dags/example_setup_teardown_taskflow.py
[2024-05-25T03:56:24.479+0530] {processor.py:840} INFO - DAG(s) 'example_setup_teardown_taskflow' retrieved from /home/wsl/airflow_venv/lib/python3.10/site-packages/airflow/example_dags/example_setup_teardown_taskflow.py
[2024-05-25T03:56:24.505+0530] {logging_mixin.py:188} INFO - [2024-05-25T03:56:24.505+0530] {dag.py:3096} INFO - Sync 1 DAGs
[2024-05-25T03:56:24.541+0530] {logging_mixin.py:188} INFO - [2024-05-25T03:56:24.540+0530] {dag.py:3954} INFO - Setting next_dagrun for example_setup_teardown_taskflow to 2024-05-23 00:00:00+00:00, run_after=2024-05-24 00:00:00+00:00
[2024-05-25T03:56:24.573+0530] {processor.py:183} INFO - Processing /home/wsl/airflow_venv/lib/python3.10/site-packages/airflow/example_dags/example_setup_teardown_taskflow.py took 0.122 seconds
