[2024-05-25T03:33:12.949+0530] {processor.py:161} INFO - Started process (PID=1336) to work on /home/wsl/airflow_venv/lib/python3.10/site-packages/airflow/example_dags/example_dynamic_task_mapping_with_no_taskflow_operators.py
[2024-05-25T03:33:12.951+0530] {processor.py:830} INFO - Processing file /home/wsl/airflow_venv/lib/python3.10/site-packages/airflow/example_dags/example_dynamic_task_mapping_with_no_taskflow_operators.py for tasks to queue
[2024-05-25T03:33:12.953+0530] {logging_mixin.py:188} INFO - [2024-05-25T03:33:12.953+0530] {dagbag.py:540} INFO - Filling up the DagBag from /home/wsl/airflow_venv/lib/python3.10/site-packages/airflow/example_dags/example_dynamic_task_mapping_with_no_taskflow_operators.py
[2024-05-25T03:33:12.982+0530] {processor.py:840} INFO - DAG(s) 'example_dynamic_task_mapping_with_no_taskflow_operators' retrieved from /home/wsl/airflow_venv/lib/python3.10/site-packages/airflow/example_dags/example_dynamic_task_mapping_with_no_taskflow_operators.py
[2024-05-25T03:33:13.252+0530] {logging_mixin.py:188} INFO - [2024-05-25T03:33:13.251+0530] {dag.py:3096} INFO - Sync 1 DAGs
[2024-05-25T03:33:13.289+0530] {logging_mixin.py:188} INFO - [2024-05-25T03:33:13.288+0530] {dag.py:3954} INFO - Setting next_dagrun for example_dynamic_task_mapping_with_no_taskflow_operators to 2024-05-23 00:00:00+00:00, run_after=2024-05-24 00:00:00+00:00
[2024-05-25T03:33:13.525+0530] {processor.py:183} INFO - Processing /home/wsl/airflow_venv/lib/python3.10/site-packages/airflow/example_dags/example_dynamic_task_mapping_with_no_taskflow_operators.py took 0.595 seconds
[2024-05-25T03:34:34.439+0530] {processor.py:161} INFO - Started process (PID=1712) to work on /home/wsl/airflow_venv/lib/python3.10/site-packages/airflow/example_dags/example_dynamic_task_mapping_with_no_taskflow_operators.py
[2024-05-25T03:34:34.454+0530] {processor.py:830} INFO - Processing file /home/wsl/airflow_venv/lib/python3.10/site-packages/airflow/example_dags/example_dynamic_task_mapping_with_no_taskflow_operators.py for tasks to queue
[2024-05-25T03:34:34.458+0530] {logging_mixin.py:188} INFO - [2024-05-25T03:34:34.457+0530] {dagbag.py:540} INFO - Filling up the DagBag from /home/wsl/airflow_venv/lib/python3.10/site-packages/airflow/example_dags/example_dynamic_task_mapping_with_no_taskflow_operators.py
[2024-05-25T03:34:34.490+0530] {processor.py:840} INFO - DAG(s) 'example_dynamic_task_mapping_with_no_taskflow_operators' retrieved from /home/wsl/airflow_venv/lib/python3.10/site-packages/airflow/example_dags/example_dynamic_task_mapping_with_no_taskflow_operators.py
[2024-05-25T03:34:34.574+0530] {logging_mixin.py:188} INFO - [2024-05-25T03:34:34.573+0530] {dag.py:3096} INFO - Sync 1 DAGs
[2024-05-25T03:34:34.819+0530] {logging_mixin.py:188} INFO - [2024-05-25T03:34:34.819+0530] {dag.py:3954} INFO - Setting next_dagrun for example_dynamic_task_mapping_with_no_taskflow_operators to 2024-05-23 00:00:00+00:00, run_after=2024-05-24 00:00:00+00:00
[2024-05-25T03:34:35.033+0530] {processor.py:183} INFO - Processing /home/wsl/airflow_venv/lib/python3.10/site-packages/airflow/example_dags/example_dynamic_task_mapping_with_no_taskflow_operators.py took 0.623 seconds
[2024-05-25T03:35:45.024+0530] {processor.py:161} INFO - Started process (PID=2045) to work on /home/wsl/airflow_venv/lib/python3.10/site-packages/airflow/example_dags/example_dynamic_task_mapping_with_no_taskflow_operators.py
[2024-05-25T03:35:45.026+0530] {processor.py:830} INFO - Processing file /home/wsl/airflow_venv/lib/python3.10/site-packages/airflow/example_dags/example_dynamic_task_mapping_with_no_taskflow_operators.py for tasks to queue
[2024-05-25T03:35:45.028+0530] {logging_mixin.py:188} INFO - [2024-05-25T03:35:45.027+0530] {dagbag.py:540} INFO - Filling up the DagBag from /home/wsl/airflow_venv/lib/python3.10/site-packages/airflow/example_dags/example_dynamic_task_mapping_with_no_taskflow_operators.py
[2024-05-25T03:35:45.036+0530] {processor.py:840} INFO - DAG(s) 'example_dynamic_task_mapping_with_no_taskflow_operators' retrieved from /home/wsl/airflow_venv/lib/python3.10/site-packages/airflow/example_dags/example_dynamic_task_mapping_with_no_taskflow_operators.py
[2024-05-25T03:35:45.055+0530] {logging_mixin.py:188} INFO - [2024-05-25T03:35:45.055+0530] {dag.py:3096} INFO - Sync 1 DAGs
[2024-05-25T03:35:45.166+0530] {logging_mixin.py:188} INFO - [2024-05-25T03:35:45.166+0530] {dag.py:3954} INFO - Setting next_dagrun for example_dynamic_task_mapping_with_no_taskflow_operators to 2024-05-23 00:00:00+00:00, run_after=2024-05-24 00:00:00+00:00
[2024-05-25T03:35:45.190+0530] {processor.py:183} INFO - Processing /home/wsl/airflow_venv/lib/python3.10/site-packages/airflow/example_dags/example_dynamic_task_mapping_with_no_taskflow_operators.py took 0.176 seconds
[2024-05-25T03:36:43.283+0530] {processor.py:161} INFO - Started process (PID=2319) to work on /home/wsl/airflow_venv/lib/python3.10/site-packages/airflow/example_dags/example_dynamic_task_mapping_with_no_taskflow_operators.py
[2024-05-25T03:36:43.286+0530] {processor.py:830} INFO - Processing file /home/wsl/airflow_venv/lib/python3.10/site-packages/airflow/example_dags/example_dynamic_task_mapping_with_no_taskflow_operators.py for tasks to queue
[2024-05-25T03:36:43.289+0530] {logging_mixin.py:188} INFO - [2024-05-25T03:36:43.288+0530] {dagbag.py:540} INFO - Filling up the DagBag from /home/wsl/airflow_venv/lib/python3.10/site-packages/airflow/example_dags/example_dynamic_task_mapping_with_no_taskflow_operators.py
[2024-05-25T03:36:43.299+0530] {processor.py:840} INFO - DAG(s) 'example_dynamic_task_mapping_with_no_taskflow_operators' retrieved from /home/wsl/airflow_venv/lib/python3.10/site-packages/airflow/example_dags/example_dynamic_task_mapping_with_no_taskflow_operators.py
[2024-05-25T03:36:43.326+0530] {logging_mixin.py:188} INFO - [2024-05-25T03:36:43.325+0530] {dag.py:3096} INFO - Sync 1 DAGs
[2024-05-25T03:36:43.348+0530] {logging_mixin.py:188} INFO - [2024-05-25T03:36:43.348+0530] {dag.py:3954} INFO - Setting next_dagrun for example_dynamic_task_mapping_with_no_taskflow_operators to 2024-05-23 00:00:00+00:00, run_after=2024-05-24 00:00:00+00:00
[2024-05-25T03:36:43.375+0530] {processor.py:183} INFO - Processing /home/wsl/airflow_venv/lib/python3.10/site-packages/airflow/example_dags/example_dynamic_task_mapping_with_no_taskflow_operators.py took 0.102 seconds
[2024-05-25T03:37:50.115+0530] {processor.py:161} INFO - Started process (PID=2638) to work on /home/wsl/airflow_venv/lib/python3.10/site-packages/airflow/example_dags/example_dynamic_task_mapping_with_no_taskflow_operators.py
[2024-05-25T03:37:50.117+0530] {processor.py:830} INFO - Processing file /home/wsl/airflow_venv/lib/python3.10/site-packages/airflow/example_dags/example_dynamic_task_mapping_with_no_taskflow_operators.py for tasks to queue
[2024-05-25T03:37:50.120+0530] {logging_mixin.py:188} INFO - [2024-05-25T03:37:50.119+0530] {dagbag.py:540} INFO - Filling up the DagBag from /home/wsl/airflow_venv/lib/python3.10/site-packages/airflow/example_dags/example_dynamic_task_mapping_with_no_taskflow_operators.py
[2024-05-25T03:37:50.128+0530] {processor.py:840} INFO - DAG(s) 'example_dynamic_task_mapping_with_no_taskflow_operators' retrieved from /home/wsl/airflow_venv/lib/python3.10/site-packages/airflow/example_dags/example_dynamic_task_mapping_with_no_taskflow_operators.py
[2024-05-25T03:37:50.147+0530] {logging_mixin.py:188} INFO - [2024-05-25T03:37:50.146+0530] {dag.py:3096} INFO - Sync 1 DAGs
[2024-05-25T03:37:50.174+0530] {logging_mixin.py:188} INFO - [2024-05-25T03:37:50.174+0530] {dag.py:3954} INFO - Setting next_dagrun for example_dynamic_task_mapping_with_no_taskflow_operators to 2024-05-23 00:00:00+00:00, run_after=2024-05-24 00:00:00+00:00
[2024-05-25T03:37:50.202+0530] {processor.py:183} INFO - Processing /home/wsl/airflow_venv/lib/python3.10/site-packages/airflow/example_dags/example_dynamic_task_mapping_with_no_taskflow_operators.py took 0.094 seconds
[2024-05-25T03:38:41.903+0530] {processor.py:161} INFO - Started process (PID=2883) to work on /home/wsl/airflow_venv/lib/python3.10/site-packages/airflow/example_dags/example_dynamic_task_mapping_with_no_taskflow_operators.py
[2024-05-25T03:38:41.909+0530] {processor.py:830} INFO - Processing file /home/wsl/airflow_venv/lib/python3.10/site-packages/airflow/example_dags/example_dynamic_task_mapping_with_no_taskflow_operators.py for tasks to queue
[2024-05-25T03:38:41.912+0530] {logging_mixin.py:188} INFO - [2024-05-25T03:38:41.911+0530] {dagbag.py:540} INFO - Filling up the DagBag from /home/wsl/airflow_venv/lib/python3.10/site-packages/airflow/example_dags/example_dynamic_task_mapping_with_no_taskflow_operators.py
[2024-05-25T03:38:41.926+0530] {processor.py:840} INFO - DAG(s) 'example_dynamic_task_mapping_with_no_taskflow_operators' retrieved from /home/wsl/airflow_venv/lib/python3.10/site-packages/airflow/example_dags/example_dynamic_task_mapping_with_no_taskflow_operators.py
[2024-05-25T03:38:41.942+0530] {logging_mixin.py:188} INFO - [2024-05-25T03:38:41.942+0530] {dag.py:3096} INFO - Sync 1 DAGs
[2024-05-25T03:38:41.962+0530] {logging_mixin.py:188} INFO - [2024-05-25T03:38:41.962+0530] {dag.py:3954} INFO - Setting next_dagrun for example_dynamic_task_mapping_with_no_taskflow_operators to 2024-05-23 00:00:00+00:00, run_after=2024-05-24 00:00:00+00:00
[2024-05-25T03:38:41.989+0530] {processor.py:183} INFO - Processing /home/wsl/airflow_venv/lib/python3.10/site-packages/airflow/example_dags/example_dynamic_task_mapping_with_no_taskflow_operators.py took 0.100 seconds
[2024-05-25T03:39:35.568+0530] {processor.py:161} INFO - Started process (PID=3134) to work on /home/wsl/airflow_venv/lib/python3.10/site-packages/airflow/example_dags/example_dynamic_task_mapping_with_no_taskflow_operators.py
[2024-05-25T03:39:35.570+0530] {processor.py:830} INFO - Processing file /home/wsl/airflow_venv/lib/python3.10/site-packages/airflow/example_dags/example_dynamic_task_mapping_with_no_taskflow_operators.py for tasks to queue
[2024-05-25T03:39:35.573+0530] {logging_mixin.py:188} INFO - [2024-05-25T03:39:35.573+0530] {dagbag.py:540} INFO - Filling up the DagBag from /home/wsl/airflow_venv/lib/python3.10/site-packages/airflow/example_dags/example_dynamic_task_mapping_with_no_taskflow_operators.py
[2024-05-25T03:39:35.585+0530] {processor.py:840} INFO - DAG(s) 'example_dynamic_task_mapping_with_no_taskflow_operators' retrieved from /home/wsl/airflow_venv/lib/python3.10/site-packages/airflow/example_dags/example_dynamic_task_mapping_with_no_taskflow_operators.py
[2024-05-25T03:39:35.603+0530] {logging_mixin.py:188} INFO - [2024-05-25T03:39:35.603+0530] {dag.py:3096} INFO - Sync 1 DAGs
[2024-05-25T03:39:35.625+0530] {logging_mixin.py:188} INFO - [2024-05-25T03:39:35.625+0530] {dag.py:3954} INFO - Setting next_dagrun for example_dynamic_task_mapping_with_no_taskflow_operators to 2024-05-23 00:00:00+00:00, run_after=2024-05-24 00:00:00+00:00
[2024-05-25T03:39:35.654+0530] {processor.py:183} INFO - Processing /home/wsl/airflow_venv/lib/python3.10/site-packages/airflow/example_dags/example_dynamic_task_mapping_with_no_taskflow_operators.py took 0.098 seconds
[2024-05-25T03:40:35.757+0530] {processor.py:161} INFO - Started process (PID=3506) to work on /home/wsl/airflow_venv/lib/python3.10/site-packages/airflow/example_dags/example_dynamic_task_mapping_with_no_taskflow_operators.py
[2024-05-25T03:40:35.759+0530] {processor.py:830} INFO - Processing file /home/wsl/airflow_venv/lib/python3.10/site-packages/airflow/example_dags/example_dynamic_task_mapping_with_no_taskflow_operators.py for tasks to queue
[2024-05-25T03:40:35.763+0530] {logging_mixin.py:188} INFO - [2024-05-25T03:40:35.762+0530] {dagbag.py:540} INFO - Filling up the DagBag from /home/wsl/airflow_venv/lib/python3.10/site-packages/airflow/example_dags/example_dynamic_task_mapping_with_no_taskflow_operators.py
[2024-05-25T03:40:35.774+0530] {processor.py:840} INFO - DAG(s) 'example_dynamic_task_mapping_with_no_taskflow_operators' retrieved from /home/wsl/airflow_venv/lib/python3.10/site-packages/airflow/example_dags/example_dynamic_task_mapping_with_no_taskflow_operators.py
[2024-05-25T03:40:35.794+0530] {logging_mixin.py:188} INFO - [2024-05-25T03:40:35.793+0530] {dag.py:3096} INFO - Sync 1 DAGs
[2024-05-25T03:40:35.814+0530] {logging_mixin.py:188} INFO - [2024-05-25T03:40:35.814+0530] {dag.py:3954} INFO - Setting next_dagrun for example_dynamic_task_mapping_with_no_taskflow_operators to 2024-05-23 00:00:00+00:00, run_after=2024-05-24 00:00:00+00:00
[2024-05-25T03:40:35.840+0530] {processor.py:183} INFO - Processing /home/wsl/airflow_venv/lib/python3.10/site-packages/airflow/example_dags/example_dynamic_task_mapping_with_no_taskflow_operators.py took 0.102 seconds
[2024-05-25T03:41:31.846+0530] {processor.py:161} INFO - Started process (PID=3770) to work on /home/wsl/airflow_venv/lib/python3.10/site-packages/airflow/example_dags/example_dynamic_task_mapping_with_no_taskflow_operators.py
[2024-05-25T03:41:31.848+0530] {processor.py:830} INFO - Processing file /home/wsl/airflow_venv/lib/python3.10/site-packages/airflow/example_dags/example_dynamic_task_mapping_with_no_taskflow_operators.py for tasks to queue
[2024-05-25T03:41:31.849+0530] {logging_mixin.py:188} INFO - [2024-05-25T03:41:31.849+0530] {dagbag.py:540} INFO - Filling up the DagBag from /home/wsl/airflow_venv/lib/python3.10/site-packages/airflow/example_dags/example_dynamic_task_mapping_with_no_taskflow_operators.py
[2024-05-25T03:41:31.856+0530] {processor.py:840} INFO - DAG(s) 'example_dynamic_task_mapping_with_no_taskflow_operators' retrieved from /home/wsl/airflow_venv/lib/python3.10/site-packages/airflow/example_dags/example_dynamic_task_mapping_with_no_taskflow_operators.py
[2024-05-25T03:41:31.873+0530] {logging_mixin.py:188} INFO - [2024-05-25T03:41:31.872+0530] {dag.py:3096} INFO - Sync 1 DAGs
[2024-05-25T03:41:31.894+0530] {logging_mixin.py:188} INFO - [2024-05-25T03:41:31.894+0530] {dag.py:3954} INFO - Setting next_dagrun for example_dynamic_task_mapping_with_no_taskflow_operators to 2024-05-23 00:00:00+00:00, run_after=2024-05-24 00:00:00+00:00
[2024-05-25T03:41:31.923+0530] {processor.py:183} INFO - Processing /home/wsl/airflow_venv/lib/python3.10/site-packages/airflow/example_dags/example_dynamic_task_mapping_with_no_taskflow_operators.py took 0.094 seconds
[2024-05-25T03:42:27.825+0530] {processor.py:161} INFO - Started process (PID=4035) to work on /home/wsl/airflow_venv/lib/python3.10/site-packages/airflow/example_dags/example_dynamic_task_mapping_with_no_taskflow_operators.py
[2024-05-25T03:42:27.828+0530] {processor.py:830} INFO - Processing file /home/wsl/airflow_venv/lib/python3.10/site-packages/airflow/example_dags/example_dynamic_task_mapping_with_no_taskflow_operators.py for tasks to queue
[2024-05-25T03:42:27.831+0530] {logging_mixin.py:188} INFO - [2024-05-25T03:42:27.831+0530] {dagbag.py:540} INFO - Filling up the DagBag from /home/wsl/airflow_venv/lib/python3.10/site-packages/airflow/example_dags/example_dynamic_task_mapping_with_no_taskflow_operators.py
[2024-05-25T03:42:27.844+0530] {processor.py:840} INFO - DAG(s) 'example_dynamic_task_mapping_with_no_taskflow_operators' retrieved from /home/wsl/airflow_venv/lib/python3.10/site-packages/airflow/example_dags/example_dynamic_task_mapping_with_no_taskflow_operators.py
[2024-05-25T03:42:27.861+0530] {logging_mixin.py:188} INFO - [2024-05-25T03:42:27.860+0530] {dag.py:3096} INFO - Sync 1 DAGs
[2024-05-25T03:42:27.883+0530] {logging_mixin.py:188} INFO - [2024-05-25T03:42:27.883+0530] {dag.py:3954} INFO - Setting next_dagrun for example_dynamic_task_mapping_with_no_taskflow_operators to 2024-05-23 00:00:00+00:00, run_after=2024-05-24 00:00:00+00:00
[2024-05-25T03:42:27.914+0530] {processor.py:183} INFO - Processing /home/wsl/airflow_venv/lib/python3.10/site-packages/airflow/example_dags/example_dynamic_task_mapping_with_no_taskflow_operators.py took 0.100 seconds
[2024-05-25T03:43:21.332+0530] {processor.py:161} INFO - Started process (PID=4290) to work on /home/wsl/airflow_venv/lib/python3.10/site-packages/airflow/example_dags/example_dynamic_task_mapping_with_no_taskflow_operators.py
[2024-05-25T03:43:21.334+0530] {processor.py:830} INFO - Processing file /home/wsl/airflow_venv/lib/python3.10/site-packages/airflow/example_dags/example_dynamic_task_mapping_with_no_taskflow_operators.py for tasks to queue
[2024-05-25T03:43:21.336+0530] {logging_mixin.py:188} INFO - [2024-05-25T03:43:21.336+0530] {dagbag.py:540} INFO - Filling up the DagBag from /home/wsl/airflow_venv/lib/python3.10/site-packages/airflow/example_dags/example_dynamic_task_mapping_with_no_taskflow_operators.py
[2024-05-25T03:43:21.345+0530] {processor.py:840} INFO - DAG(s) 'example_dynamic_task_mapping_with_no_taskflow_operators' retrieved from /home/wsl/airflow_venv/lib/python3.10/site-packages/airflow/example_dags/example_dynamic_task_mapping_with_no_taskflow_operators.py
[2024-05-25T03:43:21.366+0530] {logging_mixin.py:188} INFO - [2024-05-25T03:43:21.366+0530] {dag.py:3096} INFO - Sync 1 DAGs
[2024-05-25T03:43:21.394+0530] {logging_mixin.py:188} INFO - [2024-05-25T03:43:21.393+0530] {dag.py:3954} INFO - Setting next_dagrun for example_dynamic_task_mapping_with_no_taskflow_operators to 2024-05-23 00:00:00+00:00, run_after=2024-05-24 00:00:00+00:00
[2024-05-25T03:43:21.432+0530] {processor.py:183} INFO - Processing /home/wsl/airflow_venv/lib/python3.10/site-packages/airflow/example_dags/example_dynamic_task_mapping_with_no_taskflow_operators.py took 0.108 seconds
[2024-05-25T03:45:19.578+0530] {processor.py:161} INFO - Started process (PID=4766) to work on /home/wsl/airflow_venv/lib/python3.10/site-packages/airflow/example_dags/example_dynamic_task_mapping_with_no_taskflow_operators.py
[2024-05-25T03:45:19.580+0530] {processor.py:830} INFO - Processing file /home/wsl/airflow_venv/lib/python3.10/site-packages/airflow/example_dags/example_dynamic_task_mapping_with_no_taskflow_operators.py for tasks to queue
[2024-05-25T03:45:19.582+0530] {logging_mixin.py:188} INFO - [2024-05-25T03:45:19.581+0530] {dagbag.py:540} INFO - Filling up the DagBag from /home/wsl/airflow_venv/lib/python3.10/site-packages/airflow/example_dags/example_dynamic_task_mapping_with_no_taskflow_operators.py
[2024-05-25T03:45:19.588+0530] {processor.py:840} INFO - DAG(s) 'example_dynamic_task_mapping_with_no_taskflow_operators' retrieved from /home/wsl/airflow_venv/lib/python3.10/site-packages/airflow/example_dags/example_dynamic_task_mapping_with_no_taskflow_operators.py
[2024-05-25T03:45:19.606+0530] {logging_mixin.py:188} INFO - [2024-05-25T03:45:19.605+0530] {dag.py:3096} INFO - Sync 1 DAGs
[2024-05-25T03:45:19.631+0530] {logging_mixin.py:188} INFO - [2024-05-25T03:45:19.631+0530] {dag.py:3954} INFO - Setting next_dagrun for example_dynamic_task_mapping_with_no_taskflow_operators to 2024-05-23 00:00:00+00:00, run_after=2024-05-24 00:00:00+00:00
[2024-05-25T03:45:19.658+0530] {processor.py:183} INFO - Processing /home/wsl/airflow_venv/lib/python3.10/site-packages/airflow/example_dags/example_dynamic_task_mapping_with_no_taskflow_operators.py took 0.087 seconds
[2024-05-25T03:46:25.911+0530] {processor.py:161} INFO - Started process (PID=5076) to work on /home/wsl/airflow_venv/lib/python3.10/site-packages/airflow/example_dags/example_dynamic_task_mapping_with_no_taskflow_operators.py
[2024-05-25T03:46:25.912+0530] {processor.py:830} INFO - Processing file /home/wsl/airflow_venv/lib/python3.10/site-packages/airflow/example_dags/example_dynamic_task_mapping_with_no_taskflow_operators.py for tasks to queue
[2024-05-25T03:46:25.915+0530] {logging_mixin.py:188} INFO - [2024-05-25T03:46:25.914+0530] {dagbag.py:540} INFO - Filling up the DagBag from /home/wsl/airflow_venv/lib/python3.10/site-packages/airflow/example_dags/example_dynamic_task_mapping_with_no_taskflow_operators.py
[2024-05-25T03:46:25.929+0530] {processor.py:840} INFO - DAG(s) 'example_dynamic_task_mapping_with_no_taskflow_operators' retrieved from /home/wsl/airflow_venv/lib/python3.10/site-packages/airflow/example_dags/example_dynamic_task_mapping_with_no_taskflow_operators.py
[2024-05-25T03:46:25.957+0530] {logging_mixin.py:188} INFO - [2024-05-25T03:46:25.957+0530] {dag.py:3096} INFO - Sync 1 DAGs
[2024-05-25T03:46:25.992+0530] {logging_mixin.py:188} INFO - [2024-05-25T03:46:25.992+0530] {dag.py:3954} INFO - Setting next_dagrun for example_dynamic_task_mapping_with_no_taskflow_operators to 2024-05-23 00:00:00+00:00, run_after=2024-05-24 00:00:00+00:00
[2024-05-25T03:46:26.026+0530] {processor.py:183} INFO - Processing /home/wsl/airflow_venv/lib/python3.10/site-packages/airflow/example_dags/example_dynamic_task_mapping_with_no_taskflow_operators.py took 0.129 seconds
[2024-05-25T03:47:23.398+0530] {processor.py:161} INFO - Started process (PID=5349) to work on /home/wsl/airflow_venv/lib/python3.10/site-packages/airflow/example_dags/example_dynamic_task_mapping_with_no_taskflow_operators.py
[2024-05-25T03:47:23.401+0530] {processor.py:830} INFO - Processing file /home/wsl/airflow_venv/lib/python3.10/site-packages/airflow/example_dags/example_dynamic_task_mapping_with_no_taskflow_operators.py for tasks to queue
[2024-05-25T03:47:23.403+0530] {logging_mixin.py:188} INFO - [2024-05-25T03:47:23.403+0530] {dagbag.py:540} INFO - Filling up the DagBag from /home/wsl/airflow_venv/lib/python3.10/site-packages/airflow/example_dags/example_dynamic_task_mapping_with_no_taskflow_operators.py
[2024-05-25T03:47:23.415+0530] {processor.py:840} INFO - DAG(s) 'example_dynamic_task_mapping_with_no_taskflow_operators' retrieved from /home/wsl/airflow_venv/lib/python3.10/site-packages/airflow/example_dags/example_dynamic_task_mapping_with_no_taskflow_operators.py
[2024-05-25T03:47:23.437+0530] {logging_mixin.py:188} INFO - [2024-05-25T03:47:23.437+0530] {dag.py:3096} INFO - Sync 1 DAGs
[2024-05-25T03:47:23.458+0530] {logging_mixin.py:188} INFO - [2024-05-25T03:47:23.458+0530] {dag.py:3954} INFO - Setting next_dagrun for example_dynamic_task_mapping_with_no_taskflow_operators to 2024-05-23 00:00:00+00:00, run_after=2024-05-24 00:00:00+00:00
[2024-05-25T03:47:23.485+0530] {processor.py:183} INFO - Processing /home/wsl/airflow_venv/lib/python3.10/site-packages/airflow/example_dags/example_dynamic_task_mapping_with_no_taskflow_operators.py took 0.098 seconds
[2024-05-25T03:48:16.370+0530] {processor.py:161} INFO - Started process (PID=5602) to work on /home/wsl/airflow_venv/lib/python3.10/site-packages/airflow/example_dags/example_dynamic_task_mapping_with_no_taskflow_operators.py
[2024-05-25T03:48:16.371+0530] {processor.py:830} INFO - Processing file /home/wsl/airflow_venv/lib/python3.10/site-packages/airflow/example_dags/example_dynamic_task_mapping_with_no_taskflow_operators.py for tasks to queue
[2024-05-25T03:48:16.373+0530] {logging_mixin.py:188} INFO - [2024-05-25T03:48:16.373+0530] {dagbag.py:540} INFO - Filling up the DagBag from /home/wsl/airflow_venv/lib/python3.10/site-packages/airflow/example_dags/example_dynamic_task_mapping_with_no_taskflow_operators.py
[2024-05-25T03:48:16.381+0530] {processor.py:840} INFO - DAG(s) 'example_dynamic_task_mapping_with_no_taskflow_operators' retrieved from /home/wsl/airflow_venv/lib/python3.10/site-packages/airflow/example_dags/example_dynamic_task_mapping_with_no_taskflow_operators.py
[2024-05-25T03:48:16.397+0530] {logging_mixin.py:188} INFO - [2024-05-25T03:48:16.397+0530] {dag.py:3096} INFO - Sync 1 DAGs
[2024-05-25T03:48:16.417+0530] {logging_mixin.py:188} INFO - [2024-05-25T03:48:16.417+0530] {dag.py:3954} INFO - Setting next_dagrun for example_dynamic_task_mapping_with_no_taskflow_operators to 2024-05-23 00:00:00+00:00, run_after=2024-05-24 00:00:00+00:00
[2024-05-25T03:48:16.446+0530] {processor.py:183} INFO - Processing /home/wsl/airflow_venv/lib/python3.10/site-packages/airflow/example_dags/example_dynamic_task_mapping_with_no_taskflow_operators.py took 0.088 seconds
[2024-05-25T03:49:08.315+0530] {processor.py:161} INFO - Started process (PID=5851) to work on /home/wsl/airflow_venv/lib/python3.10/site-packages/airflow/example_dags/example_dynamic_task_mapping_with_no_taskflow_operators.py
[2024-05-25T03:49:08.317+0530] {processor.py:830} INFO - Processing file /home/wsl/airflow_venv/lib/python3.10/site-packages/airflow/example_dags/example_dynamic_task_mapping_with_no_taskflow_operators.py for tasks to queue
[2024-05-25T03:49:08.319+0530] {logging_mixin.py:188} INFO - [2024-05-25T03:49:08.318+0530] {dagbag.py:540} INFO - Filling up the DagBag from /home/wsl/airflow_venv/lib/python3.10/site-packages/airflow/example_dags/example_dynamic_task_mapping_with_no_taskflow_operators.py
[2024-05-25T03:49:08.326+0530] {processor.py:840} INFO - DAG(s) 'example_dynamic_task_mapping_with_no_taskflow_operators' retrieved from /home/wsl/airflow_venv/lib/python3.10/site-packages/airflow/example_dags/example_dynamic_task_mapping_with_no_taskflow_operators.py
[2024-05-25T03:49:08.342+0530] {logging_mixin.py:188} INFO - [2024-05-25T03:49:08.342+0530] {dag.py:3096} INFO - Sync 1 DAGs
[2024-05-25T03:49:08.363+0530] {logging_mixin.py:188} INFO - [2024-05-25T03:49:08.363+0530] {dag.py:3954} INFO - Setting next_dagrun for example_dynamic_task_mapping_with_no_taskflow_operators to 2024-05-23 00:00:00+00:00, run_after=2024-05-24 00:00:00+00:00
[2024-05-25T03:49:08.389+0530] {processor.py:183} INFO - Processing /home/wsl/airflow_venv/lib/python3.10/site-packages/airflow/example_dags/example_dynamic_task_mapping_with_no_taskflow_operators.py took 0.086 seconds
[2024-05-25T03:50:00.177+0530] {processor.py:161} INFO - Started process (PID=6099) to work on /home/wsl/airflow_venv/lib/python3.10/site-packages/airflow/example_dags/example_dynamic_task_mapping_with_no_taskflow_operators.py
[2024-05-25T03:50:00.184+0530] {processor.py:830} INFO - Processing file /home/wsl/airflow_venv/lib/python3.10/site-packages/airflow/example_dags/example_dynamic_task_mapping_with_no_taskflow_operators.py for tasks to queue
[2024-05-25T03:50:00.189+0530] {logging_mixin.py:188} INFO - [2024-05-25T03:50:00.188+0530] {dagbag.py:540} INFO - Filling up the DagBag from /home/wsl/airflow_venv/lib/python3.10/site-packages/airflow/example_dags/example_dynamic_task_mapping_with_no_taskflow_operators.py
[2024-05-25T03:50:00.204+0530] {processor.py:840} INFO - DAG(s) 'example_dynamic_task_mapping_with_no_taskflow_operators' retrieved from /home/wsl/airflow_venv/lib/python3.10/site-packages/airflow/example_dags/example_dynamic_task_mapping_with_no_taskflow_operators.py
[2024-05-25T03:50:00.266+0530] {logging_mixin.py:188} INFO - [2024-05-25T03:50:00.265+0530] {dag.py:3096} INFO - Sync 1 DAGs
[2024-05-25T03:50:00.300+0530] {logging_mixin.py:188} INFO - [2024-05-25T03:50:00.299+0530] {dag.py:3954} INFO - Setting next_dagrun for example_dynamic_task_mapping_with_no_taskflow_operators to 2024-05-23 00:00:00+00:00, run_after=2024-05-24 00:00:00+00:00
[2024-05-25T03:50:00.331+0530] {processor.py:183} INFO - Processing /home/wsl/airflow_venv/lib/python3.10/site-packages/airflow/example_dags/example_dynamic_task_mapping_with_no_taskflow_operators.py took 0.166 seconds
[2024-05-25T03:50:56.419+0530] {processor.py:161} INFO - Started process (PID=6365) to work on /home/wsl/airflow_venv/lib/python3.10/site-packages/airflow/example_dags/example_dynamic_task_mapping_with_no_taskflow_operators.py
[2024-05-25T03:50:56.421+0530] {processor.py:830} INFO - Processing file /home/wsl/airflow_venv/lib/python3.10/site-packages/airflow/example_dags/example_dynamic_task_mapping_with_no_taskflow_operators.py for tasks to queue
[2024-05-25T03:50:56.423+0530] {logging_mixin.py:188} INFO - [2024-05-25T03:50:56.423+0530] {dagbag.py:540} INFO - Filling up the DagBag from /home/wsl/airflow_venv/lib/python3.10/site-packages/airflow/example_dags/example_dynamic_task_mapping_with_no_taskflow_operators.py
[2024-05-25T03:50:56.431+0530] {processor.py:840} INFO - DAG(s) 'example_dynamic_task_mapping_with_no_taskflow_operators' retrieved from /home/wsl/airflow_venv/lib/python3.10/site-packages/airflow/example_dags/example_dynamic_task_mapping_with_no_taskflow_operators.py
[2024-05-25T03:50:56.447+0530] {logging_mixin.py:188} INFO - [2024-05-25T03:50:56.447+0530] {dag.py:3096} INFO - Sync 1 DAGs
[2024-05-25T03:50:56.469+0530] {logging_mixin.py:188} INFO - [2024-05-25T03:50:56.469+0530] {dag.py:3954} INFO - Setting next_dagrun for example_dynamic_task_mapping_with_no_taskflow_operators to 2024-05-23 00:00:00+00:00, run_after=2024-05-24 00:00:00+00:00
[2024-05-25T03:50:56.495+0530] {processor.py:183} INFO - Processing /home/wsl/airflow_venv/lib/python3.10/site-packages/airflow/example_dags/example_dynamic_task_mapping_with_no_taskflow_operators.py took 0.085 seconds
[2024-05-25T03:51:51.234+0530] {processor.py:161} INFO - Started process (PID=6626) to work on /home/wsl/airflow_venv/lib/python3.10/site-packages/airflow/example_dags/example_dynamic_task_mapping_with_no_taskflow_operators.py
[2024-05-25T03:51:51.244+0530] {processor.py:830} INFO - Processing file /home/wsl/airflow_venv/lib/python3.10/site-packages/airflow/example_dags/example_dynamic_task_mapping_with_no_taskflow_operators.py for tasks to queue
[2024-05-25T03:51:51.246+0530] {logging_mixin.py:188} INFO - [2024-05-25T03:51:51.246+0530] {dagbag.py:540} INFO - Filling up the DagBag from /home/wsl/airflow_venv/lib/python3.10/site-packages/airflow/example_dags/example_dynamic_task_mapping_with_no_taskflow_operators.py
[2024-05-25T03:51:51.256+0530] {processor.py:840} INFO - DAG(s) 'example_dynamic_task_mapping_with_no_taskflow_operators' retrieved from /home/wsl/airflow_venv/lib/python3.10/site-packages/airflow/example_dags/example_dynamic_task_mapping_with_no_taskflow_operators.py
[2024-05-25T03:51:51.276+0530] {logging_mixin.py:188} INFO - [2024-05-25T03:51:51.276+0530] {dag.py:3096} INFO - Sync 1 DAGs
[2024-05-25T03:51:51.302+0530] {logging_mixin.py:188} INFO - [2024-05-25T03:51:51.302+0530] {dag.py:3954} INFO - Setting next_dagrun for example_dynamic_task_mapping_with_no_taskflow_operators to 2024-05-23 00:00:00+00:00, run_after=2024-05-24 00:00:00+00:00
[2024-05-25T03:51:51.333+0530] {processor.py:183} INFO - Processing /home/wsl/airflow_venv/lib/python3.10/site-packages/airflow/example_dags/example_dynamic_task_mapping_with_no_taskflow_operators.py took 0.107 seconds
[2024-05-25T03:52:48.192+0530] {processor.py:161} INFO - Started process (PID=6897) to work on /home/wsl/airflow_venv/lib/python3.10/site-packages/airflow/example_dags/example_dynamic_task_mapping_with_no_taskflow_operators.py
[2024-05-25T03:52:48.195+0530] {processor.py:830} INFO - Processing file /home/wsl/airflow_venv/lib/python3.10/site-packages/airflow/example_dags/example_dynamic_task_mapping_with_no_taskflow_operators.py for tasks to queue
[2024-05-25T03:52:48.197+0530] {logging_mixin.py:188} INFO - [2024-05-25T03:52:48.197+0530] {dagbag.py:540} INFO - Filling up the DagBag from /home/wsl/airflow_venv/lib/python3.10/site-packages/airflow/example_dags/example_dynamic_task_mapping_with_no_taskflow_operators.py
[2024-05-25T03:52:48.209+0530] {processor.py:840} INFO - DAG(s) 'example_dynamic_task_mapping_with_no_taskflow_operators' retrieved from /home/wsl/airflow_venv/lib/python3.10/site-packages/airflow/example_dags/example_dynamic_task_mapping_with_no_taskflow_operators.py
[2024-05-25T03:52:48.235+0530] {logging_mixin.py:188} INFO - [2024-05-25T03:52:48.235+0530] {dag.py:3096} INFO - Sync 1 DAGs
[2024-05-25T03:52:48.261+0530] {logging_mixin.py:188} INFO - [2024-05-25T03:52:48.261+0530] {dag.py:3954} INFO - Setting next_dagrun for example_dynamic_task_mapping_with_no_taskflow_operators to 2024-05-23 00:00:00+00:00, run_after=2024-05-24 00:00:00+00:00
[2024-05-25T03:52:48.291+0530] {processor.py:183} INFO - Processing /home/wsl/airflow_venv/lib/python3.10/site-packages/airflow/example_dags/example_dynamic_task_mapping_with_no_taskflow_operators.py took 0.111 seconds
[2024-05-25T03:53:43.711+0530] {processor.py:161} INFO - Started process (PID=7159) to work on /home/wsl/airflow_venv/lib/python3.10/site-packages/airflow/example_dags/example_dynamic_task_mapping_with_no_taskflow_operators.py
[2024-05-25T03:53:43.714+0530] {processor.py:830} INFO - Processing file /home/wsl/airflow_venv/lib/python3.10/site-packages/airflow/example_dags/example_dynamic_task_mapping_with_no_taskflow_operators.py for tasks to queue
[2024-05-25T03:53:43.717+0530] {logging_mixin.py:188} INFO - [2024-05-25T03:53:43.716+0530] {dagbag.py:540} INFO - Filling up the DagBag from /home/wsl/airflow_venv/lib/python3.10/site-packages/airflow/example_dags/example_dynamic_task_mapping_with_no_taskflow_operators.py
[2024-05-25T03:53:43.735+0530] {processor.py:840} INFO - DAG(s) 'example_dynamic_task_mapping_with_no_taskflow_operators' retrieved from /home/wsl/airflow_venv/lib/python3.10/site-packages/airflow/example_dags/example_dynamic_task_mapping_with_no_taskflow_operators.py
[2024-05-25T03:53:43.781+0530] {logging_mixin.py:188} INFO - [2024-05-25T03:53:43.780+0530] {dag.py:3096} INFO - Sync 1 DAGs
[2024-05-25T03:53:43.834+0530] {logging_mixin.py:188} INFO - [2024-05-25T03:53:43.834+0530] {dag.py:3954} INFO - Setting next_dagrun for example_dynamic_task_mapping_with_no_taskflow_operators to 2024-05-23 00:00:00+00:00, run_after=2024-05-24 00:00:00+00:00
[2024-05-25T03:53:43.912+0530] {processor.py:183} INFO - Processing /home/wsl/airflow_venv/lib/python3.10/site-packages/airflow/example_dags/example_dynamic_task_mapping_with_no_taskflow_operators.py took 0.226 seconds
[2024-05-25T03:54:48.645+0530] {processor.py:161} INFO - Started process (PID=7467) to work on /home/wsl/airflow_venv/lib/python3.10/site-packages/airflow/example_dags/example_dynamic_task_mapping_with_no_taskflow_operators.py
[2024-05-25T03:54:48.650+0530] {processor.py:830} INFO - Processing file /home/wsl/airflow_venv/lib/python3.10/site-packages/airflow/example_dags/example_dynamic_task_mapping_with_no_taskflow_operators.py for tasks to queue
[2024-05-25T03:54:48.653+0530] {logging_mixin.py:188} INFO - [2024-05-25T03:54:48.652+0530] {dagbag.py:540} INFO - Filling up the DagBag from /home/wsl/airflow_venv/lib/python3.10/site-packages/airflow/example_dags/example_dynamic_task_mapping_with_no_taskflow_operators.py
[2024-05-25T03:54:48.661+0530] {processor.py:840} INFO - DAG(s) 'example_dynamic_task_mapping_with_no_taskflow_operators' retrieved from /home/wsl/airflow_venv/lib/python3.10/site-packages/airflow/example_dags/example_dynamic_task_mapping_with_no_taskflow_operators.py
[2024-05-25T03:54:48.681+0530] {logging_mixin.py:188} INFO - [2024-05-25T03:54:48.681+0530] {dag.py:3096} INFO - Sync 1 DAGs
[2024-05-25T03:54:48.702+0530] {logging_mixin.py:188} INFO - [2024-05-25T03:54:48.702+0530] {dag.py:3954} INFO - Setting next_dagrun for example_dynamic_task_mapping_with_no_taskflow_operators to 2024-05-23 00:00:00+00:00, run_after=2024-05-24 00:00:00+00:00
[2024-05-25T03:54:48.841+0530] {processor.py:183} INFO - Processing /home/wsl/airflow_venv/lib/python3.10/site-packages/airflow/example_dags/example_dynamic_task_mapping_with_no_taskflow_operators.py took 0.217 seconds
[2024-05-25T03:55:47.016+0530] {processor.py:161} INFO - Started process (PID=7743) to work on /home/wsl/airflow_venv/lib/python3.10/site-packages/airflow/example_dags/example_dynamic_task_mapping_with_no_taskflow_operators.py
[2024-05-25T03:55:47.018+0530] {processor.py:830} INFO - Processing file /home/wsl/airflow_venv/lib/python3.10/site-packages/airflow/example_dags/example_dynamic_task_mapping_with_no_taskflow_operators.py for tasks to queue
[2024-05-25T03:55:47.020+0530] {logging_mixin.py:188} INFO - [2024-05-25T03:55:47.019+0530] {dagbag.py:540} INFO - Filling up the DagBag from /home/wsl/airflow_venv/lib/python3.10/site-packages/airflow/example_dags/example_dynamic_task_mapping_with_no_taskflow_operators.py
[2024-05-25T03:55:47.029+0530] {processor.py:840} INFO - DAG(s) 'example_dynamic_task_mapping_with_no_taskflow_operators' retrieved from /home/wsl/airflow_venv/lib/python3.10/site-packages/airflow/example_dags/example_dynamic_task_mapping_with_no_taskflow_operators.py
[2024-05-25T03:55:47.050+0530] {logging_mixin.py:188} INFO - [2024-05-25T03:55:47.050+0530] {dag.py:3096} INFO - Sync 1 DAGs
[2024-05-25T03:55:47.091+0530] {logging_mixin.py:188} INFO - [2024-05-25T03:55:47.091+0530] {dag.py:3954} INFO - Setting next_dagrun for example_dynamic_task_mapping_with_no_taskflow_operators to 2024-05-23 00:00:00+00:00, run_after=2024-05-24 00:00:00+00:00
[2024-05-25T03:55:47.119+0530] {processor.py:183} INFO - Processing /home/wsl/airflow_venv/lib/python3.10/site-packages/airflow/example_dags/example_dynamic_task_mapping_with_no_taskflow_operators.py took 0.115 seconds
[2024-05-25T03:56:42.158+0530] {processor.py:161} INFO - Started process (PID=8437) to work on /home/wsl/airflow_venv/lib/python3.10/site-packages/airflow/example_dags/example_dynamic_task_mapping_with_no_taskflow_operators.py
[2024-05-25T03:56:42.161+0530] {processor.py:830} INFO - Processing file /home/wsl/airflow_venv/lib/python3.10/site-packages/airflow/example_dags/example_dynamic_task_mapping_with_no_taskflow_operators.py for tasks to queue
[2024-05-25T03:56:42.165+0530] {logging_mixin.py:188} INFO - [2024-05-25T03:56:42.164+0530] {dagbag.py:540} INFO - Filling up the DagBag from /home/wsl/airflow_venv/lib/python3.10/site-packages/airflow/example_dags/example_dynamic_task_mapping_with_no_taskflow_operators.py
[2024-05-25T03:56:42.174+0530] {processor.py:840} INFO - DAG(s) 'example_dynamic_task_mapping_with_no_taskflow_operators' retrieved from /home/wsl/airflow_venv/lib/python3.10/site-packages/airflow/example_dags/example_dynamic_task_mapping_with_no_taskflow_operators.py
[2024-05-25T03:56:42.191+0530] {logging_mixin.py:188} INFO - [2024-05-25T03:56:42.191+0530] {dag.py:3096} INFO - Sync 1 DAGs
[2024-05-25T03:56:42.212+0530] {logging_mixin.py:188} INFO - [2024-05-25T03:56:42.211+0530] {dag.py:3954} INFO - Setting next_dagrun for example_dynamic_task_mapping_with_no_taskflow_operators to 2024-05-23 00:00:00+00:00, run_after=2024-05-24 00:00:00+00:00
[2024-05-25T03:56:42.238+0530] {processor.py:183} INFO - Processing /home/wsl/airflow_venv/lib/python3.10/site-packages/airflow/example_dags/example_dynamic_task_mapping_with_no_taskflow_operators.py took 0.092 seconds
