[2024-05-25T03:32:31.936+0530] {processor.py:161} INFO - Started process (PID=1158) to work on /home/wsl/airflow_venv/lib/python3.10/site-packages/airflow/example_dags/example_time_delta_sensor_async.py
[2024-05-25T03:32:31.937+0530] {processor.py:830} INFO - Processing file /home/wsl/airflow_venv/lib/python3.10/site-packages/airflow/example_dags/example_time_delta_sensor_async.py for tasks to queue
[2024-05-25T03:32:31.941+0530] {logging_mixin.py:188} INFO - [2024-05-25T03:32:31.940+0530] {dagbag.py:540} INFO - Filling up the DagBag from /home/wsl/airflow_venv/lib/python3.10/site-packages/airflow/example_dags/example_time_delta_sensor_async.py
[2024-05-25T03:32:31.977+0530] {processor.py:840} INFO - DAG(s) 'example_time_delta_sensor_async' retrieved from /home/wsl/airflow_venv/lib/python3.10/site-packages/airflow/example_dags/example_time_delta_sensor_async.py
[2024-05-25T03:32:31.997+0530] {logging_mixin.py:188} INFO - [2024-05-25T03:32:31.997+0530] {dag.py:3096} INFO - Sync 1 DAGs
[2024-05-25T03:32:32.027+0530] {logging_mixin.py:188} INFO - [2024-05-25T03:32:32.027+0530] {dag.py:3954} INFO - Setting next_dagrun for example_time_delta_sensor_async to None, run_after=None
[2024-05-25T03:32:32.095+0530] {processor.py:183} INFO - Processing /home/wsl/airflow_venv/lib/python3.10/site-packages/airflow/example_dags/example_time_delta_sensor_async.py took 0.175 seconds
[2024-05-25T03:34:01.805+0530] {processor.py:161} INFO - Started process (PID=1556) to work on /home/wsl/airflow_venv/lib/python3.10/site-packages/airflow/example_dags/example_time_delta_sensor_async.py
[2024-05-25T03:34:01.807+0530] {processor.py:830} INFO - Processing file /home/wsl/airflow_venv/lib/python3.10/site-packages/airflow/example_dags/example_time_delta_sensor_async.py for tasks to queue
[2024-05-25T03:34:01.810+0530] {logging_mixin.py:188} INFO - [2024-05-25T03:34:01.810+0530] {dagbag.py:540} INFO - Filling up the DagBag from /home/wsl/airflow_venv/lib/python3.10/site-packages/airflow/example_dags/example_time_delta_sensor_async.py
[2024-05-25T03:34:01.819+0530] {processor.py:840} INFO - DAG(s) 'example_time_delta_sensor_async' retrieved from /home/wsl/airflow_venv/lib/python3.10/site-packages/airflow/example_dags/example_time_delta_sensor_async.py
[2024-05-25T03:34:02.154+0530] {logging_mixin.py:188} INFO - [2024-05-25T03:34:02.153+0530] {dag.py:3096} INFO - Sync 1 DAGs
[2024-05-25T03:34:02.354+0530] {logging_mixin.py:188} INFO - [2024-05-25T03:34:02.353+0530] {dag.py:3954} INFO - Setting next_dagrun for example_time_delta_sensor_async to None, run_after=None
[2024-05-25T03:34:02.421+0530] {processor.py:183} INFO - Processing /home/wsl/airflow_venv/lib/python3.10/site-packages/airflow/example_dags/example_time_delta_sensor_async.py took 0.628 seconds
[2024-05-25T03:34:46.436+0530] {processor.py:161} INFO - Started process (PID=1774) to work on /home/wsl/airflow_venv/lib/python3.10/site-packages/airflow/example_dags/example_time_delta_sensor_async.py
[2024-05-25T03:34:46.439+0530] {processor.py:830} INFO - Processing file /home/wsl/airflow_venv/lib/python3.10/site-packages/airflow/example_dags/example_time_delta_sensor_async.py for tasks to queue
[2024-05-25T03:34:46.442+0530] {logging_mixin.py:188} INFO - [2024-05-25T03:34:46.441+0530] {dagbag.py:540} INFO - Filling up the DagBag from /home/wsl/airflow_venv/lib/python3.10/site-packages/airflow/example_dags/example_time_delta_sensor_async.py
[2024-05-25T03:34:46.450+0530] {processor.py:840} INFO - DAG(s) 'example_time_delta_sensor_async' retrieved from /home/wsl/airflow_venv/lib/python3.10/site-packages/airflow/example_dags/example_time_delta_sensor_async.py
[2024-05-25T03:34:46.477+0530] {logging_mixin.py:188} INFO - [2024-05-25T03:34:46.477+0530] {dag.py:3096} INFO - Sync 1 DAGs
[2024-05-25T03:34:46.500+0530] {logging_mixin.py:188} INFO - [2024-05-25T03:34:46.499+0530] {dag.py:3954} INFO - Setting next_dagrun for example_time_delta_sensor_async to None, run_after=None
[2024-05-25T03:34:46.549+0530] {processor.py:183} INFO - Processing /home/wsl/airflow_venv/lib/python3.10/site-packages/airflow/example_dags/example_time_delta_sensor_async.py took 0.123 seconds
[2024-05-25T03:35:59.279+0530] {processor.py:161} INFO - Started process (PID=2110) to work on /home/wsl/airflow_venv/lib/python3.10/site-packages/airflow/example_dags/example_time_delta_sensor_async.py
[2024-05-25T03:35:59.281+0530] {processor.py:830} INFO - Processing file /home/wsl/airflow_venv/lib/python3.10/site-packages/airflow/example_dags/example_time_delta_sensor_async.py for tasks to queue
[2024-05-25T03:35:59.284+0530] {logging_mixin.py:188} INFO - [2024-05-25T03:35:59.284+0530] {dagbag.py:540} INFO - Filling up the DagBag from /home/wsl/airflow_venv/lib/python3.10/site-packages/airflow/example_dags/example_time_delta_sensor_async.py
[2024-05-25T03:35:59.291+0530] {processor.py:840} INFO - DAG(s) 'example_time_delta_sensor_async' retrieved from /home/wsl/airflow_venv/lib/python3.10/site-packages/airflow/example_dags/example_time_delta_sensor_async.py
[2024-05-25T03:35:59.398+0530] {logging_mixin.py:188} INFO - [2024-05-25T03:35:59.398+0530] {dag.py:3096} INFO - Sync 1 DAGs
[2024-05-25T03:35:59.410+0530] {logging_mixin.py:188} INFO - [2024-05-25T03:35:59.409+0530] {dag.py:3954} INFO - Setting next_dagrun for example_time_delta_sensor_async to None, run_after=None
[2024-05-25T03:35:59.435+0530] {processor.py:183} INFO - Processing /home/wsl/airflow_venv/lib/python3.10/site-packages/airflow/example_dags/example_time_delta_sensor_async.py took 0.166 seconds
[2024-05-25T03:36:54.966+0530] {processor.py:161} INFO - Started process (PID=2375) to work on /home/wsl/airflow_venv/lib/python3.10/site-packages/airflow/example_dags/example_time_delta_sensor_async.py
[2024-05-25T03:36:54.969+0530] {processor.py:830} INFO - Processing file /home/wsl/airflow_venv/lib/python3.10/site-packages/airflow/example_dags/example_time_delta_sensor_async.py for tasks to queue
[2024-05-25T03:36:54.972+0530] {logging_mixin.py:188} INFO - [2024-05-25T03:36:54.972+0530] {dagbag.py:540} INFO - Filling up the DagBag from /home/wsl/airflow_venv/lib/python3.10/site-packages/airflow/example_dags/example_time_delta_sensor_async.py
[2024-05-25T03:36:54.982+0530] {processor.py:840} INFO - DAG(s) 'example_time_delta_sensor_async' retrieved from /home/wsl/airflow_venv/lib/python3.10/site-packages/airflow/example_dags/example_time_delta_sensor_async.py
[2024-05-25T03:36:55.000+0530] {logging_mixin.py:188} INFO - [2024-05-25T03:36:54.999+0530] {dag.py:3096} INFO - Sync 1 DAGs
[2024-05-25T03:36:55.014+0530] {logging_mixin.py:188} INFO - [2024-05-25T03:36:55.014+0530] {dag.py:3954} INFO - Setting next_dagrun for example_time_delta_sensor_async to None, run_after=None
[2024-05-25T03:36:55.045+0530] {processor.py:183} INFO - Processing /home/wsl/airflow_venv/lib/python3.10/site-packages/airflow/example_dags/example_time_delta_sensor_async.py took 0.090 seconds
[2024-05-25T03:37:43.045+0530] {processor.py:161} INFO - Started process (PID=2605) to work on /home/wsl/airflow_venv/lib/python3.10/site-packages/airflow/example_dags/example_time_delta_sensor_async.py
[2024-05-25T03:37:43.047+0530] {processor.py:830} INFO - Processing file /home/wsl/airflow_venv/lib/python3.10/site-packages/airflow/example_dags/example_time_delta_sensor_async.py for tasks to queue
[2024-05-25T03:37:43.050+0530] {logging_mixin.py:188} INFO - [2024-05-25T03:37:43.049+0530] {dagbag.py:540} INFO - Filling up the DagBag from /home/wsl/airflow_venv/lib/python3.10/site-packages/airflow/example_dags/example_time_delta_sensor_async.py
[2024-05-25T03:37:43.058+0530] {processor.py:840} INFO - DAG(s) 'example_time_delta_sensor_async' retrieved from /home/wsl/airflow_venv/lib/python3.10/site-packages/airflow/example_dags/example_time_delta_sensor_async.py
[2024-05-25T03:37:43.075+0530] {logging_mixin.py:188} INFO - [2024-05-25T03:37:43.075+0530] {dag.py:3096} INFO - Sync 1 DAGs
[2024-05-25T03:37:43.087+0530] {logging_mixin.py:188} INFO - [2024-05-25T03:37:43.087+0530] {dag.py:3954} INFO - Setting next_dagrun for example_time_delta_sensor_async to None, run_after=None
[2024-05-25T03:37:43.117+0530] {processor.py:183} INFO - Processing /home/wsl/airflow_venv/lib/python3.10/site-packages/airflow/example_dags/example_time_delta_sensor_async.py took 0.083 seconds
[2024-05-25T03:38:33.082+0530] {processor.py:161} INFO - Started process (PID=2842) to work on /home/wsl/airflow_venv/lib/python3.10/site-packages/airflow/example_dags/example_time_delta_sensor_async.py
[2024-05-25T03:38:33.094+0530] {processor.py:830} INFO - Processing file /home/wsl/airflow_venv/lib/python3.10/site-packages/airflow/example_dags/example_time_delta_sensor_async.py for tasks to queue
[2024-05-25T03:38:33.100+0530] {logging_mixin.py:188} INFO - [2024-05-25T03:38:33.099+0530] {dagbag.py:540} INFO - Filling up the DagBag from /home/wsl/airflow_venv/lib/python3.10/site-packages/airflow/example_dags/example_time_delta_sensor_async.py
[2024-05-25T03:38:33.107+0530] {processor.py:840} INFO - DAG(s) 'example_time_delta_sensor_async' retrieved from /home/wsl/airflow_venv/lib/python3.10/site-packages/airflow/example_dags/example_time_delta_sensor_async.py
[2024-05-25T03:38:33.125+0530] {logging_mixin.py:188} INFO - [2024-05-25T03:38:33.125+0530] {dag.py:3096} INFO - Sync 1 DAGs
[2024-05-25T03:38:33.137+0530] {logging_mixin.py:188} INFO - [2024-05-25T03:38:33.137+0530] {dag.py:3954} INFO - Setting next_dagrun for example_time_delta_sensor_async to None, run_after=None
[2024-05-25T03:38:33.164+0530] {processor.py:183} INFO - Processing /home/wsl/airflow_venv/lib/python3.10/site-packages/airflow/example_dags/example_time_delta_sensor_async.py took 0.094 seconds
[2024-05-25T03:39:27.202+0530] {processor.py:161} INFO - Started process (PID=3094) to work on /home/wsl/airflow_venv/lib/python3.10/site-packages/airflow/example_dags/example_time_delta_sensor_async.py
[2024-05-25T03:39:27.204+0530] {processor.py:830} INFO - Processing file /home/wsl/airflow_venv/lib/python3.10/site-packages/airflow/example_dags/example_time_delta_sensor_async.py for tasks to queue
[2024-05-25T03:39:27.207+0530] {logging_mixin.py:188} INFO - [2024-05-25T03:39:27.206+0530] {dagbag.py:540} INFO - Filling up the DagBag from /home/wsl/airflow_venv/lib/python3.10/site-packages/airflow/example_dags/example_time_delta_sensor_async.py
[2024-05-25T03:39:27.214+0530] {processor.py:840} INFO - DAG(s) 'example_time_delta_sensor_async' retrieved from /home/wsl/airflow_venv/lib/python3.10/site-packages/airflow/example_dags/example_time_delta_sensor_async.py
[2024-05-25T03:39:27.234+0530] {logging_mixin.py:188} INFO - [2024-05-25T03:39:27.234+0530] {dag.py:3096} INFO - Sync 1 DAGs
[2024-05-25T03:39:27.246+0530] {logging_mixin.py:188} INFO - [2024-05-25T03:39:27.245+0530] {dag.py:3954} INFO - Setting next_dagrun for example_time_delta_sensor_async to None, run_after=None
[2024-05-25T03:39:27.274+0530] {processor.py:183} INFO - Processing /home/wsl/airflow_venv/lib/python3.10/site-packages/airflow/example_dags/example_time_delta_sensor_async.py took 0.080 seconds
[2024-05-25T03:40:27.358+0530] {processor.py:161} INFO - Started process (PID=3465) to work on /home/wsl/airflow_venv/lib/python3.10/site-packages/airflow/example_dags/example_time_delta_sensor_async.py
[2024-05-25T03:40:27.359+0530] {processor.py:830} INFO - Processing file /home/wsl/airflow_venv/lib/python3.10/site-packages/airflow/example_dags/example_time_delta_sensor_async.py for tasks to queue
[2024-05-25T03:40:27.362+0530] {logging_mixin.py:188} INFO - [2024-05-25T03:40:27.361+0530] {dagbag.py:540} INFO - Filling up the DagBag from /home/wsl/airflow_venv/lib/python3.10/site-packages/airflow/example_dags/example_time_delta_sensor_async.py
[2024-05-25T03:40:27.370+0530] {processor.py:840} INFO - DAG(s) 'example_time_delta_sensor_async' retrieved from /home/wsl/airflow_venv/lib/python3.10/site-packages/airflow/example_dags/example_time_delta_sensor_async.py
[2024-05-25T03:40:27.388+0530] {logging_mixin.py:188} INFO - [2024-05-25T03:40:27.388+0530] {dag.py:3096} INFO - Sync 1 DAGs
[2024-05-25T03:40:27.401+0530] {logging_mixin.py:188} INFO - [2024-05-25T03:40:27.400+0530] {dag.py:3954} INFO - Setting next_dagrun for example_time_delta_sensor_async to None, run_after=None
[2024-05-25T03:40:27.426+0530] {processor.py:183} INFO - Processing /home/wsl/airflow_venv/lib/python3.10/site-packages/airflow/example_dags/example_time_delta_sensor_async.py took 0.078 seconds
[2024-05-25T03:41:22.560+0530] {processor.py:161} INFO - Started process (PID=3726) to work on /home/wsl/airflow_venv/lib/python3.10/site-packages/airflow/example_dags/example_time_delta_sensor_async.py
[2024-05-25T03:41:22.563+0530] {processor.py:830} INFO - Processing file /home/wsl/airflow_venv/lib/python3.10/site-packages/airflow/example_dags/example_time_delta_sensor_async.py for tasks to queue
[2024-05-25T03:41:22.565+0530] {logging_mixin.py:188} INFO - [2024-05-25T03:41:22.565+0530] {dagbag.py:540} INFO - Filling up the DagBag from /home/wsl/airflow_venv/lib/python3.10/site-packages/airflow/example_dags/example_time_delta_sensor_async.py
[2024-05-25T03:41:22.574+0530] {processor.py:840} INFO - DAG(s) 'example_time_delta_sensor_async' retrieved from /home/wsl/airflow_venv/lib/python3.10/site-packages/airflow/example_dags/example_time_delta_sensor_async.py
[2024-05-25T03:41:22.596+0530] {logging_mixin.py:188} INFO - [2024-05-25T03:41:22.595+0530] {dag.py:3096} INFO - Sync 1 DAGs
[2024-05-25T03:41:22.607+0530] {logging_mixin.py:188} INFO - [2024-05-25T03:41:22.607+0530] {dag.py:3954} INFO - Setting next_dagrun for example_time_delta_sensor_async to None, run_after=None
[2024-05-25T03:41:22.635+0530] {processor.py:183} INFO - Processing /home/wsl/airflow_venv/lib/python3.10/site-packages/airflow/example_dags/example_time_delta_sensor_async.py took 0.087 seconds
[2024-05-25T03:42:18.721+0530] {processor.py:161} INFO - Started process (PID=3991) to work on /home/wsl/airflow_venv/lib/python3.10/site-packages/airflow/example_dags/example_time_delta_sensor_async.py
[2024-05-25T03:42:18.723+0530] {processor.py:830} INFO - Processing file /home/wsl/airflow_venv/lib/python3.10/site-packages/airflow/example_dags/example_time_delta_sensor_async.py for tasks to queue
[2024-05-25T03:42:18.725+0530] {logging_mixin.py:188} INFO - [2024-05-25T03:42:18.724+0530] {dagbag.py:540} INFO - Filling up the DagBag from /home/wsl/airflow_venv/lib/python3.10/site-packages/airflow/example_dags/example_time_delta_sensor_async.py
[2024-05-25T03:42:18.731+0530] {processor.py:840} INFO - DAG(s) 'example_time_delta_sensor_async' retrieved from /home/wsl/airflow_venv/lib/python3.10/site-packages/airflow/example_dags/example_time_delta_sensor_async.py
[2024-05-25T03:42:18.752+0530] {logging_mixin.py:188} INFO - [2024-05-25T03:42:18.752+0530] {dag.py:3096} INFO - Sync 1 DAGs
[2024-05-25T03:42:18.765+0530] {logging_mixin.py:188} INFO - [2024-05-25T03:42:18.764+0530] {dag.py:3954} INFO - Setting next_dagrun for example_time_delta_sensor_async to None, run_after=None
[2024-05-25T03:42:18.794+0530] {processor.py:183} INFO - Processing /home/wsl/airflow_venv/lib/python3.10/site-packages/airflow/example_dags/example_time_delta_sensor_async.py took 0.083 seconds
[2024-05-25T03:43:10.807+0530] {processor.py:161} INFO - Started process (PID=4240) to work on /home/wsl/airflow_venv/lib/python3.10/site-packages/airflow/example_dags/example_time_delta_sensor_async.py
[2024-05-25T03:43:10.809+0530] {processor.py:830} INFO - Processing file /home/wsl/airflow_venv/lib/python3.10/site-packages/airflow/example_dags/example_time_delta_sensor_async.py for tasks to queue
[2024-05-25T03:43:10.812+0530] {logging_mixin.py:188} INFO - [2024-05-25T03:43:10.812+0530] {dagbag.py:540} INFO - Filling up the DagBag from /home/wsl/airflow_venv/lib/python3.10/site-packages/airflow/example_dags/example_time_delta_sensor_async.py
[2024-05-25T03:43:10.823+0530] {processor.py:840} INFO - DAG(s) 'example_time_delta_sensor_async' retrieved from /home/wsl/airflow_venv/lib/python3.10/site-packages/airflow/example_dags/example_time_delta_sensor_async.py
[2024-05-25T03:43:10.841+0530] {logging_mixin.py:188} INFO - [2024-05-25T03:43:10.841+0530] {dag.py:3096} INFO - Sync 1 DAGs
[2024-05-25T03:43:10.855+0530] {logging_mixin.py:188} INFO - [2024-05-25T03:43:10.854+0530] {dag.py:3954} INFO - Setting next_dagrun for example_time_delta_sensor_async to None, run_after=None
[2024-05-25T03:43:10.888+0530] {processor.py:183} INFO - Processing /home/wsl/airflow_venv/lib/python3.10/site-packages/airflow/example_dags/example_time_delta_sensor_async.py took 0.098 seconds
[2024-05-25T03:44:25.852+0530] {processor.py:161} INFO - Started process (PID=4571) to work on /home/wsl/airflow_venv/lib/python3.10/site-packages/airflow/example_dags/example_time_delta_sensor_async.py
[2024-05-25T03:44:25.907+0530] {processor.py:830} INFO - Processing file /home/wsl/airflow_venv/lib/python3.10/site-packages/airflow/example_dags/example_time_delta_sensor_async.py for tasks to queue
[2024-05-25T03:44:25.911+0530] {logging_mixin.py:188} INFO - [2024-05-25T03:44:25.910+0530] {dagbag.py:540} INFO - Filling up the DagBag from /home/wsl/airflow_venv/lib/python3.10/site-packages/airflow/example_dags/example_time_delta_sensor_async.py
[2024-05-25T03:44:25.922+0530] {processor.py:840} INFO - DAG(s) 'example_time_delta_sensor_async' retrieved from /home/wsl/airflow_venv/lib/python3.10/site-packages/airflow/example_dags/example_time_delta_sensor_async.py
[2024-05-25T03:44:26.676+0530] {logging_mixin.py:188} INFO - [2024-05-25T03:44:26.675+0530] {dag.py:3096} INFO - Sync 1 DAGs
[2024-05-25T03:44:26.691+0530] {logging_mixin.py:188} INFO - [2024-05-25T03:44:26.690+0530] {dag.py:3954} INFO - Setting next_dagrun for example_time_delta_sensor_async to None, run_after=None
[2024-05-25T03:44:27.450+0530] {processor.py:183} INFO - Processing /home/wsl/airflow_venv/lib/python3.10/site-packages/airflow/example_dags/example_time_delta_sensor_async.py took 1.616 seconds
[2024-05-25T03:45:41.959+0530] {processor.py:161} INFO - Started process (PID=4870) to work on /home/wsl/airflow_venv/lib/python3.10/site-packages/airflow/example_dags/example_time_delta_sensor_async.py
[2024-05-25T03:45:41.961+0530] {processor.py:830} INFO - Processing file /home/wsl/airflow_venv/lib/python3.10/site-packages/airflow/example_dags/example_time_delta_sensor_async.py for tasks to queue
[2024-05-25T03:45:41.965+0530] {logging_mixin.py:188} INFO - [2024-05-25T03:45:41.964+0530] {dagbag.py:540} INFO - Filling up the DagBag from /home/wsl/airflow_venv/lib/python3.10/site-packages/airflow/example_dags/example_time_delta_sensor_async.py
[2024-05-25T03:45:41.977+0530] {processor.py:840} INFO - DAG(s) 'example_time_delta_sensor_async' retrieved from /home/wsl/airflow_venv/lib/python3.10/site-packages/airflow/example_dags/example_time_delta_sensor_async.py
[2024-05-25T03:45:42.004+0530] {logging_mixin.py:188} INFO - [2024-05-25T03:45:42.004+0530] {dag.py:3096} INFO - Sync 1 DAGs
[2024-05-25T03:45:42.016+0530] {logging_mixin.py:188} INFO - [2024-05-25T03:45:42.016+0530] {dag.py:3954} INFO - Setting next_dagrun for example_time_delta_sensor_async to None, run_after=None
[2024-05-25T03:45:42.044+0530] {processor.py:183} INFO - Processing /home/wsl/airflow_venv/lib/python3.10/site-packages/airflow/example_dags/example_time_delta_sensor_async.py took 0.098 seconds
[2024-05-25T03:46:41.061+0530] {processor.py:161} INFO - Started process (PID=5149) to work on /home/wsl/airflow_venv/lib/python3.10/site-packages/airflow/example_dags/example_time_delta_sensor_async.py
[2024-05-25T03:46:41.062+0530] {processor.py:830} INFO - Processing file /home/wsl/airflow_venv/lib/python3.10/site-packages/airflow/example_dags/example_time_delta_sensor_async.py for tasks to queue
[2024-05-25T03:46:41.064+0530] {logging_mixin.py:188} INFO - [2024-05-25T03:46:41.064+0530] {dagbag.py:540} INFO - Filling up the DagBag from /home/wsl/airflow_venv/lib/python3.10/site-packages/airflow/example_dags/example_time_delta_sensor_async.py
[2024-05-25T03:46:41.071+0530] {processor.py:840} INFO - DAG(s) 'example_time_delta_sensor_async' retrieved from /home/wsl/airflow_venv/lib/python3.10/site-packages/airflow/example_dags/example_time_delta_sensor_async.py
[2024-05-25T03:46:41.091+0530] {logging_mixin.py:188} INFO - [2024-05-25T03:46:41.091+0530] {dag.py:3096} INFO - Sync 1 DAGs
[2024-05-25T03:46:41.108+0530] {logging_mixin.py:188} INFO - [2024-05-25T03:46:41.107+0530] {dag.py:3954} INFO - Setting next_dagrun for example_time_delta_sensor_async to None, run_after=None
[2024-05-25T03:46:41.137+0530] {processor.py:183} INFO - Processing /home/wsl/airflow_venv/lib/python3.10/site-packages/airflow/example_dags/example_time_delta_sensor_async.py took 0.088 seconds
[2024-05-25T03:47:37.640+0530] {processor.py:161} INFO - Started process (PID=5416) to work on /home/wsl/airflow_venv/lib/python3.10/site-packages/airflow/example_dags/example_time_delta_sensor_async.py
[2024-05-25T03:47:37.642+0530] {processor.py:830} INFO - Processing file /home/wsl/airflow_venv/lib/python3.10/site-packages/airflow/example_dags/example_time_delta_sensor_async.py for tasks to queue
[2024-05-25T03:47:37.644+0530] {logging_mixin.py:188} INFO - [2024-05-25T03:47:37.644+0530] {dagbag.py:540} INFO - Filling up the DagBag from /home/wsl/airflow_venv/lib/python3.10/site-packages/airflow/example_dags/example_time_delta_sensor_async.py
[2024-05-25T03:47:37.650+0530] {processor.py:840} INFO - DAG(s) 'example_time_delta_sensor_async' retrieved from /home/wsl/airflow_venv/lib/python3.10/site-packages/airflow/example_dags/example_time_delta_sensor_async.py
[2024-05-25T03:47:37.670+0530] {logging_mixin.py:188} INFO - [2024-05-25T03:47:37.669+0530] {dag.py:3096} INFO - Sync 1 DAGs
[2024-05-25T03:47:37.692+0530] {logging_mixin.py:188} INFO - [2024-05-25T03:47:37.691+0530] {dag.py:3954} INFO - Setting next_dagrun for example_time_delta_sensor_async to None, run_after=None
[2024-05-25T03:47:37.726+0530] {processor.py:183} INFO - Processing /home/wsl/airflow_venv/lib/python3.10/site-packages/airflow/example_dags/example_time_delta_sensor_async.py took 0.093 seconds
[2024-05-25T03:48:28.703+0530] {processor.py:161} INFO - Started process (PID=5661) to work on /home/wsl/airflow_venv/lib/python3.10/site-packages/airflow/example_dags/example_time_delta_sensor_async.py
[2024-05-25T03:48:28.706+0530] {processor.py:830} INFO - Processing file /home/wsl/airflow_venv/lib/python3.10/site-packages/airflow/example_dags/example_time_delta_sensor_async.py for tasks to queue
[2024-05-25T03:48:28.711+0530] {logging_mixin.py:188} INFO - [2024-05-25T03:48:28.709+0530] {dagbag.py:540} INFO - Filling up the DagBag from /home/wsl/airflow_venv/lib/python3.10/site-packages/airflow/example_dags/example_time_delta_sensor_async.py
[2024-05-25T03:48:28.721+0530] {processor.py:840} INFO - DAG(s) 'example_time_delta_sensor_async' retrieved from /home/wsl/airflow_venv/lib/python3.10/site-packages/airflow/example_dags/example_time_delta_sensor_async.py
[2024-05-25T03:48:28.746+0530] {logging_mixin.py:188} INFO - [2024-05-25T03:48:28.746+0530] {dag.py:3096} INFO - Sync 1 DAGs
[2024-05-25T03:48:28.758+0530] {logging_mixin.py:188} INFO - [2024-05-25T03:48:28.758+0530] {dag.py:3954} INFO - Setting next_dagrun for example_time_delta_sensor_async to None, run_after=None
[2024-05-25T03:48:28.794+0530] {processor.py:183} INFO - Processing /home/wsl/airflow_venv/lib/python3.10/site-packages/airflow/example_dags/example_time_delta_sensor_async.py took 0.111 seconds
[2024-05-25T03:49:19.845+0530] {processor.py:161} INFO - Started process (PID=5906) to work on /home/wsl/airflow_venv/lib/python3.10/site-packages/airflow/example_dags/example_time_delta_sensor_async.py
[2024-05-25T03:49:19.848+0530] {processor.py:830} INFO - Processing file /home/wsl/airflow_venv/lib/python3.10/site-packages/airflow/example_dags/example_time_delta_sensor_async.py for tasks to queue
[2024-05-25T03:49:19.851+0530] {logging_mixin.py:188} INFO - [2024-05-25T03:49:19.850+0530] {dagbag.py:540} INFO - Filling up the DagBag from /home/wsl/airflow_venv/lib/python3.10/site-packages/airflow/example_dags/example_time_delta_sensor_async.py
[2024-05-25T03:49:19.857+0530] {processor.py:840} INFO - DAG(s) 'example_time_delta_sensor_async' retrieved from /home/wsl/airflow_venv/lib/python3.10/site-packages/airflow/example_dags/example_time_delta_sensor_async.py
[2024-05-25T03:49:19.877+0530] {logging_mixin.py:188} INFO - [2024-05-25T03:49:19.877+0530] {dag.py:3096} INFO - Sync 1 DAGs
[2024-05-25T03:49:19.892+0530] {logging_mixin.py:188} INFO - [2024-05-25T03:49:19.891+0530] {dag.py:3954} INFO - Setting next_dagrun for example_time_delta_sensor_async to None, run_after=None
[2024-05-25T03:49:19.922+0530] {processor.py:183} INFO - Processing /home/wsl/airflow_venv/lib/python3.10/site-packages/airflow/example_dags/example_time_delta_sensor_async.py took 0.090 seconds
[2024-05-25T03:50:13.799+0530] {processor.py:161} INFO - Started process (PID=6163) to work on /home/wsl/airflow_venv/lib/python3.10/site-packages/airflow/example_dags/example_time_delta_sensor_async.py
[2024-05-25T03:50:13.806+0530] {processor.py:830} INFO - Processing file /home/wsl/airflow_venv/lib/python3.10/site-packages/airflow/example_dags/example_time_delta_sensor_async.py for tasks to queue
[2024-05-25T03:50:13.808+0530] {logging_mixin.py:188} INFO - [2024-05-25T03:50:13.808+0530] {dagbag.py:540} INFO - Filling up the DagBag from /home/wsl/airflow_venv/lib/python3.10/site-packages/airflow/example_dags/example_time_delta_sensor_async.py
[2024-05-25T03:50:13.813+0530] {processor.py:840} INFO - DAG(s) 'example_time_delta_sensor_async' retrieved from /home/wsl/airflow_venv/lib/python3.10/site-packages/airflow/example_dags/example_time_delta_sensor_async.py
[2024-05-25T03:50:13.830+0530] {logging_mixin.py:188} INFO - [2024-05-25T03:50:13.830+0530] {dag.py:3096} INFO - Sync 1 DAGs
[2024-05-25T03:50:13.844+0530] {logging_mixin.py:188} INFO - [2024-05-25T03:50:13.843+0530] {dag.py:3954} INFO - Setting next_dagrun for example_time_delta_sensor_async to None, run_after=None
[2024-05-25T03:50:13.984+0530] {processor.py:183} INFO - Processing /home/wsl/airflow_venv/lib/python3.10/site-packages/airflow/example_dags/example_time_delta_sensor_async.py took 0.197 seconds
[2024-05-25T03:51:08.902+0530] {processor.py:161} INFO - Started process (PID=6425) to work on /home/wsl/airflow_venv/lib/python3.10/site-packages/airflow/example_dags/example_time_delta_sensor_async.py
[2024-05-25T03:51:08.927+0530] {processor.py:830} INFO - Processing file /home/wsl/airflow_venv/lib/python3.10/site-packages/airflow/example_dags/example_time_delta_sensor_async.py for tasks to queue
[2024-05-25T03:51:08.930+0530] {logging_mixin.py:188} INFO - [2024-05-25T03:51:08.930+0530] {dagbag.py:540} INFO - Filling up the DagBag from /home/wsl/airflow_venv/lib/python3.10/site-packages/airflow/example_dags/example_time_delta_sensor_async.py
[2024-05-25T03:51:08.942+0530] {processor.py:840} INFO - DAG(s) 'example_time_delta_sensor_async' retrieved from /home/wsl/airflow_venv/lib/python3.10/site-packages/airflow/example_dags/example_time_delta_sensor_async.py
[2024-05-25T03:51:09.099+0530] {logging_mixin.py:188} INFO - [2024-05-25T03:51:09.099+0530] {dag.py:3096} INFO - Sync 1 DAGs
[2024-05-25T03:51:09.118+0530] {logging_mixin.py:188} INFO - [2024-05-25T03:51:09.117+0530] {dag.py:3954} INFO - Setting next_dagrun for example_time_delta_sensor_async to None, run_after=None
[2024-05-25T03:51:09.264+0530] {processor.py:183} INFO - Processing /home/wsl/airflow_venv/lib/python3.10/site-packages/airflow/example_dags/example_time_delta_sensor_async.py took 0.375 seconds
[2024-05-25T03:52:07.644+0530] {processor.py:161} INFO - Started process (PID=6702) to work on /home/wsl/airflow_venv/lib/python3.10/site-packages/airflow/example_dags/example_time_delta_sensor_async.py
[2024-05-25T03:52:07.646+0530] {processor.py:830} INFO - Processing file /home/wsl/airflow_venv/lib/python3.10/site-packages/airflow/example_dags/example_time_delta_sensor_async.py for tasks to queue
[2024-05-25T03:52:07.647+0530] {logging_mixin.py:188} INFO - [2024-05-25T03:52:07.647+0530] {dagbag.py:540} INFO - Filling up the DagBag from /home/wsl/airflow_venv/lib/python3.10/site-packages/airflow/example_dags/example_time_delta_sensor_async.py
[2024-05-25T03:52:07.653+0530] {processor.py:840} INFO - DAG(s) 'example_time_delta_sensor_async' retrieved from /home/wsl/airflow_venv/lib/python3.10/site-packages/airflow/example_dags/example_time_delta_sensor_async.py
[2024-05-25T03:52:07.673+0530] {logging_mixin.py:188} INFO - [2024-05-25T03:52:07.673+0530] {dag.py:3096} INFO - Sync 1 DAGs
[2024-05-25T03:52:07.687+0530] {logging_mixin.py:188} INFO - [2024-05-25T03:52:07.686+0530] {dag.py:3954} INFO - Setting next_dagrun for example_time_delta_sensor_async to None, run_after=None
[2024-05-25T03:52:07.905+0530] {processor.py:183} INFO - Processing /home/wsl/airflow_venv/lib/python3.10/site-packages/airflow/example_dags/example_time_delta_sensor_async.py took 0.269 seconds
[2024-05-25T03:52:59.369+0530] {processor.py:161} INFO - Started process (PID=6951) to work on /home/wsl/airflow_venv/lib/python3.10/site-packages/airflow/example_dags/example_time_delta_sensor_async.py
[2024-05-25T03:52:59.371+0530] {processor.py:830} INFO - Processing file /home/wsl/airflow_venv/lib/python3.10/site-packages/airflow/example_dags/example_time_delta_sensor_async.py for tasks to queue
[2024-05-25T03:52:59.374+0530] {logging_mixin.py:188} INFO - [2024-05-25T03:52:59.373+0530] {dagbag.py:540} INFO - Filling up the DagBag from /home/wsl/airflow_venv/lib/python3.10/site-packages/airflow/example_dags/example_time_delta_sensor_async.py
[2024-05-25T03:52:59.383+0530] {processor.py:840} INFO - DAG(s) 'example_time_delta_sensor_async' retrieved from /home/wsl/airflow_venv/lib/python3.10/site-packages/airflow/example_dags/example_time_delta_sensor_async.py
[2024-05-25T03:52:59.405+0530] {logging_mixin.py:188} INFO - [2024-05-25T03:52:59.405+0530] {dag.py:3096} INFO - Sync 1 DAGs
[2024-05-25T03:52:59.420+0530] {logging_mixin.py:188} INFO - [2024-05-25T03:52:59.419+0530] {dag.py:3954} INFO - Setting next_dagrun for example_time_delta_sensor_async to None, run_after=None
[2024-05-25T03:52:59.449+0530] {processor.py:183} INFO - Processing /home/wsl/airflow_venv/lib/python3.10/site-packages/airflow/example_dags/example_time_delta_sensor_async.py took 0.093 seconds
[2024-05-25T03:54:00.557+0530] {processor.py:161} INFO - Started process (PID=7238) to work on /home/wsl/airflow_venv/lib/python3.10/site-packages/airflow/example_dags/example_time_delta_sensor_async.py
[2024-05-25T03:54:00.558+0530] {processor.py:830} INFO - Processing file /home/wsl/airflow_venv/lib/python3.10/site-packages/airflow/example_dags/example_time_delta_sensor_async.py for tasks to queue
[2024-05-25T03:54:00.560+0530] {logging_mixin.py:188} INFO - [2024-05-25T03:54:00.560+0530] {dagbag.py:540} INFO - Filling up the DagBag from /home/wsl/airflow_venv/lib/python3.10/site-packages/airflow/example_dags/example_time_delta_sensor_async.py
[2024-05-25T03:54:00.568+0530] {processor.py:840} INFO - DAG(s) 'example_time_delta_sensor_async' retrieved from /home/wsl/airflow_venv/lib/python3.10/site-packages/airflow/example_dags/example_time_delta_sensor_async.py
[2024-05-25T03:54:00.600+0530] {logging_mixin.py:188} INFO - [2024-05-25T03:54:00.600+0530] {dag.py:3096} INFO - Sync 1 DAGs
[2024-05-25T03:54:00.623+0530] {logging_mixin.py:188} INFO - [2024-05-25T03:54:00.622+0530] {dag.py:3954} INFO - Setting next_dagrun for example_time_delta_sensor_async to None, run_after=None
[2024-05-25T03:54:00.691+0530] {processor.py:183} INFO - Processing /home/wsl/airflow_venv/lib/python3.10/site-packages/airflow/example_dags/example_time_delta_sensor_async.py took 0.147 seconds
[2024-05-25T03:54:36.415+0530] {processor.py:161} INFO - Started process (PID=7408) to work on /home/wsl/airflow_venv/lib/python3.10/site-packages/airflow/example_dags/example_time_delta_sensor_async.py
[2024-05-25T03:54:36.419+0530] {processor.py:830} INFO - Processing file /home/wsl/airflow_venv/lib/python3.10/site-packages/airflow/example_dags/example_time_delta_sensor_async.py for tasks to queue
[2024-05-25T03:54:36.421+0530] {logging_mixin.py:188} INFO - [2024-05-25T03:54:36.421+0530] {dagbag.py:540} INFO - Filling up the DagBag from /home/wsl/airflow_venv/lib/python3.10/site-packages/airflow/example_dags/example_time_delta_sensor_async.py
[2024-05-25T03:54:36.431+0530] {processor.py:840} INFO - DAG(s) 'example_time_delta_sensor_async' retrieved from /home/wsl/airflow_venv/lib/python3.10/site-packages/airflow/example_dags/example_time_delta_sensor_async.py
[2024-05-25T03:54:36.450+0530] {logging_mixin.py:188} INFO - [2024-05-25T03:54:36.450+0530] {dag.py:3096} INFO - Sync 1 DAGs
[2024-05-25T03:54:36.463+0530] {logging_mixin.py:188} INFO - [2024-05-25T03:54:36.463+0530] {dag.py:3954} INFO - Setting next_dagrun for example_time_delta_sensor_async to None, run_after=None
[2024-05-25T03:54:36.493+0530] {processor.py:183} INFO - Processing /home/wsl/airflow_venv/lib/python3.10/site-packages/airflow/example_dags/example_time_delta_sensor_async.py took 0.091 seconds
[2024-05-25T03:55:35.854+0530] {processor.py:161} INFO - Started process (PID=7690) to work on /home/wsl/airflow_venv/lib/python3.10/site-packages/airflow/example_dags/example_time_delta_sensor_async.py
[2024-05-25T03:55:35.856+0530] {processor.py:830} INFO - Processing file /home/wsl/airflow_venv/lib/python3.10/site-packages/airflow/example_dags/example_time_delta_sensor_async.py for tasks to queue
[2024-05-25T03:55:35.858+0530] {logging_mixin.py:188} INFO - [2024-05-25T03:55:35.858+0530] {dagbag.py:540} INFO - Filling up the DagBag from /home/wsl/airflow_venv/lib/python3.10/site-packages/airflow/example_dags/example_time_delta_sensor_async.py
[2024-05-25T03:55:35.865+0530] {processor.py:840} INFO - DAG(s) 'example_time_delta_sensor_async' retrieved from /home/wsl/airflow_venv/lib/python3.10/site-packages/airflow/example_dags/example_time_delta_sensor_async.py
[2024-05-25T03:55:35.885+0530] {logging_mixin.py:188} INFO - [2024-05-25T03:55:35.884+0530] {dag.py:3096} INFO - Sync 1 DAGs
[2024-05-25T03:55:35.898+0530] {logging_mixin.py:188} INFO - [2024-05-25T03:55:35.898+0530] {dag.py:3954} INFO - Setting next_dagrun for example_time_delta_sensor_async to None, run_after=None
[2024-05-25T03:55:35.926+0530] {processor.py:183} INFO - Processing /home/wsl/airflow_venv/lib/python3.10/site-packages/airflow/example_dags/example_time_delta_sensor_async.py took 0.085 seconds
[2024-05-25T03:56:29.644+0530] {processor.py:161} INFO - Started process (PID=8378) to work on /home/wsl/airflow_venv/lib/python3.10/site-packages/airflow/example_dags/example_time_delta_sensor_async.py
[2024-05-25T03:56:29.646+0530] {processor.py:830} INFO - Processing file /home/wsl/airflow_venv/lib/python3.10/site-packages/airflow/example_dags/example_time_delta_sensor_async.py for tasks to queue
[2024-05-25T03:56:29.648+0530] {logging_mixin.py:188} INFO - [2024-05-25T03:56:29.647+0530] {dagbag.py:540} INFO - Filling up the DagBag from /home/wsl/airflow_venv/lib/python3.10/site-packages/airflow/example_dags/example_time_delta_sensor_async.py
[2024-05-25T03:56:29.653+0530] {processor.py:840} INFO - DAG(s) 'example_time_delta_sensor_async' retrieved from /home/wsl/airflow_venv/lib/python3.10/site-packages/airflow/example_dags/example_time_delta_sensor_async.py
[2024-05-25T03:56:29.670+0530] {logging_mixin.py:188} INFO - [2024-05-25T03:56:29.670+0530] {dag.py:3096} INFO - Sync 1 DAGs
[2024-05-25T03:56:29.682+0530] {logging_mixin.py:188} INFO - [2024-05-25T03:56:29.682+0530] {dag.py:3954} INFO - Setting next_dagrun for example_time_delta_sensor_async to None, run_after=None
[2024-05-25T03:56:29.710+0530] {processor.py:183} INFO - Processing /home/wsl/airflow_venv/lib/python3.10/site-packages/airflow/example_dags/example_time_delta_sensor_async.py took 0.072 seconds
