[2024-05-25T03:33:21.447+0530] {processor.py:161} INFO - Started process (PID=1375) to work on /home/wsl/airflow_venv/lib/python3.10/site-packages/airflow/example_dags/example_branch_day_of_week_operator.py
[2024-05-25T03:33:21.448+0530] {processor.py:830} INFO - Processing file /home/wsl/airflow_venv/lib/python3.10/site-packages/airflow/example_dags/example_branch_day_of_week_operator.py for tasks to queue
[2024-05-25T03:33:21.452+0530] {logging_mixin.py:188} INFO - [2024-05-25T03:33:21.451+0530] {dagbag.py:540} INFO - Filling up the DagBag from /home/wsl/airflow_venv/lib/python3.10/site-packages/airflow/example_dags/example_branch_day_of_week_operator.py
[2024-05-25T03:33:21.471+0530] {processor.py:840} INFO - DAG(s) 'example_weekday_branch_operator' retrieved from /home/wsl/airflow_venv/lib/python3.10/site-packages/airflow/example_dags/example_branch_day_of_week_operator.py
[2024-05-25T03:33:21.663+0530] {logging_mixin.py:188} INFO - [2024-05-25T03:33:21.662+0530] {dag.py:3096} INFO - Sync 1 DAGs
[2024-05-25T03:33:21.695+0530] {logging_mixin.py:188} INFO - [2024-05-25T03:33:21.694+0530] {dag.py:3954} INFO - Setting next_dagrun for example_weekday_branch_operator to 2024-05-23 00:00:00+00:00, run_after=2024-05-24 00:00:00+00:00
[2024-05-25T03:33:21.953+0530] {processor.py:183} INFO - Processing /home/wsl/airflow_venv/lib/python3.10/site-packages/airflow/example_dags/example_branch_day_of_week_operator.py took 0.517 seconds
[2024-05-25T03:34:56.033+0530] {processor.py:161} INFO - Started process (PID=1817) to work on /home/wsl/airflow_venv/lib/python3.10/site-packages/airflow/example_dags/example_branch_day_of_week_operator.py
[2024-05-25T03:34:56.036+0530] {processor.py:830} INFO - Processing file /home/wsl/airflow_venv/lib/python3.10/site-packages/airflow/example_dags/example_branch_day_of_week_operator.py for tasks to queue
[2024-05-25T03:34:56.039+0530] {logging_mixin.py:188} INFO - [2024-05-25T03:34:56.038+0530] {dagbag.py:540} INFO - Filling up the DagBag from /home/wsl/airflow_venv/lib/python3.10/site-packages/airflow/example_dags/example_branch_day_of_week_operator.py
[2024-05-25T03:34:56.051+0530] {processor.py:840} INFO - DAG(s) 'example_weekday_branch_operator' retrieved from /home/wsl/airflow_venv/lib/python3.10/site-packages/airflow/example_dags/example_branch_day_of_week_operator.py
[2024-05-25T03:34:56.080+0530] {logging_mixin.py:188} INFO - [2024-05-25T03:34:56.079+0530] {dag.py:3096} INFO - Sync 1 DAGs
[2024-05-25T03:34:56.110+0530] {logging_mixin.py:188} INFO - [2024-05-25T03:34:56.110+0530] {dag.py:3954} INFO - Setting next_dagrun for example_weekday_branch_operator to 2024-05-23 00:00:00+00:00, run_after=2024-05-24 00:00:00+00:00
[2024-05-25T03:34:56.299+0530] {processor.py:183} INFO - Processing /home/wsl/airflow_venv/lib/python3.10/site-packages/airflow/example_dags/example_branch_day_of_week_operator.py took 0.282 seconds
[2024-05-25T03:36:07.162+0530] {processor.py:161} INFO - Started process (PID=2148) to work on /home/wsl/airflow_venv/lib/python3.10/site-packages/airflow/example_dags/example_branch_day_of_week_operator.py
[2024-05-25T03:36:07.164+0530] {processor.py:830} INFO - Processing file /home/wsl/airflow_venv/lib/python3.10/site-packages/airflow/example_dags/example_branch_day_of_week_operator.py for tasks to queue
[2024-05-25T03:36:07.166+0530] {logging_mixin.py:188} INFO - [2024-05-25T03:36:07.166+0530] {dagbag.py:540} INFO - Filling up the DagBag from /home/wsl/airflow_venv/lib/python3.10/site-packages/airflow/example_dags/example_branch_day_of_week_operator.py
[2024-05-25T03:36:07.175+0530] {processor.py:840} INFO - DAG(s) 'example_weekday_branch_operator' retrieved from /home/wsl/airflow_venv/lib/python3.10/site-packages/airflow/example_dags/example_branch_day_of_week_operator.py
[2024-05-25T03:36:07.283+0530] {logging_mixin.py:188} INFO - [2024-05-25T03:36:07.282+0530] {dag.py:3096} INFO - Sync 1 DAGs
[2024-05-25T03:36:07.300+0530] {logging_mixin.py:188} INFO - [2024-05-25T03:36:07.300+0530] {dag.py:3954} INFO - Setting next_dagrun for example_weekday_branch_operator to 2024-05-23 00:00:00+00:00, run_after=2024-05-24 00:00:00+00:00
[2024-05-25T03:36:07.324+0530] {processor.py:183} INFO - Processing /home/wsl/airflow_venv/lib/python3.10/site-packages/airflow/example_dags/example_branch_day_of_week_operator.py took 0.175 seconds
[2024-05-25T03:37:02.022+0530] {processor.py:161} INFO - Started process (PID=2409) to work on /home/wsl/airflow_venv/lib/python3.10/site-packages/airflow/example_dags/example_branch_day_of_week_operator.py
[2024-05-25T03:37:02.025+0530] {processor.py:830} INFO - Processing file /home/wsl/airflow_venv/lib/python3.10/site-packages/airflow/example_dags/example_branch_day_of_week_operator.py for tasks to queue
[2024-05-25T03:37:02.028+0530] {logging_mixin.py:188} INFO - [2024-05-25T03:37:02.027+0530] {dagbag.py:540} INFO - Filling up the DagBag from /home/wsl/airflow_venv/lib/python3.10/site-packages/airflow/example_dags/example_branch_day_of_week_operator.py
[2024-05-25T03:37:02.037+0530] {processor.py:840} INFO - DAG(s) 'example_weekday_branch_operator' retrieved from /home/wsl/airflow_venv/lib/python3.10/site-packages/airflow/example_dags/example_branch_day_of_week_operator.py
[2024-05-25T03:37:02.055+0530] {logging_mixin.py:188} INFO - [2024-05-25T03:37:02.055+0530] {dag.py:3096} INFO - Sync 1 DAGs
[2024-05-25T03:37:02.080+0530] {logging_mixin.py:188} INFO - [2024-05-25T03:37:02.080+0530] {dag.py:3954} INFO - Setting next_dagrun for example_weekday_branch_operator to 2024-05-23 00:00:00+00:00, run_after=2024-05-24 00:00:00+00:00
[2024-05-25T03:37:02.106+0530] {processor.py:183} INFO - Processing /home/wsl/airflow_venv/lib/python3.10/site-packages/airflow/example_dags/example_branch_day_of_week_operator.py took 0.099 seconds
[2024-05-25T03:37:56.471+0530] {processor.py:161} INFO - Started process (PID=2668) to work on /home/wsl/airflow_venv/lib/python3.10/site-packages/airflow/example_dags/example_branch_day_of_week_operator.py
[2024-05-25T03:37:56.473+0530] {processor.py:830} INFO - Processing file /home/wsl/airflow_venv/lib/python3.10/site-packages/airflow/example_dags/example_branch_day_of_week_operator.py for tasks to queue
[2024-05-25T03:37:56.476+0530] {logging_mixin.py:188} INFO - [2024-05-25T03:37:56.475+0530] {dagbag.py:540} INFO - Filling up the DagBag from /home/wsl/airflow_venv/lib/python3.10/site-packages/airflow/example_dags/example_branch_day_of_week_operator.py
[2024-05-25T03:37:56.488+0530] {processor.py:840} INFO - DAG(s) 'example_weekday_branch_operator' retrieved from /home/wsl/airflow_venv/lib/python3.10/site-packages/airflow/example_dags/example_branch_day_of_week_operator.py
[2024-05-25T03:37:56.508+0530] {logging_mixin.py:188} INFO - [2024-05-25T03:37:56.508+0530] {dag.py:3096} INFO - Sync 1 DAGs
[2024-05-25T03:37:56.530+0530] {logging_mixin.py:188} INFO - [2024-05-25T03:37:56.530+0530] {dag.py:3954} INFO - Setting next_dagrun for example_weekday_branch_operator to 2024-05-23 00:00:00+00:00, run_after=2024-05-24 00:00:00+00:00
[2024-05-25T03:37:56.558+0530] {processor.py:183} INFO - Processing /home/wsl/airflow_venv/lib/python3.10/site-packages/airflow/example_dags/example_branch_day_of_week_operator.py took 0.097 seconds
[2024-05-25T03:38:47.563+0530] {processor.py:161} INFO - Started process (PID=2911) to work on /home/wsl/airflow_venv/lib/python3.10/site-packages/airflow/example_dags/example_branch_day_of_week_operator.py
[2024-05-25T03:38:47.565+0530] {processor.py:830} INFO - Processing file /home/wsl/airflow_venv/lib/python3.10/site-packages/airflow/example_dags/example_branch_day_of_week_operator.py for tasks to queue
[2024-05-25T03:38:47.567+0530] {logging_mixin.py:188} INFO - [2024-05-25T03:38:47.567+0530] {dagbag.py:540} INFO - Filling up the DagBag from /home/wsl/airflow_venv/lib/python3.10/site-packages/airflow/example_dags/example_branch_day_of_week_operator.py
[2024-05-25T03:38:47.578+0530] {processor.py:840} INFO - DAG(s) 'example_weekday_branch_operator' retrieved from /home/wsl/airflow_venv/lib/python3.10/site-packages/airflow/example_dags/example_branch_day_of_week_operator.py
[2024-05-25T03:38:47.602+0530] {logging_mixin.py:188} INFO - [2024-05-25T03:38:47.602+0530] {dag.py:3096} INFO - Sync 1 DAGs
[2024-05-25T03:38:47.626+0530] {logging_mixin.py:188} INFO - [2024-05-25T03:38:47.626+0530] {dag.py:3954} INFO - Setting next_dagrun for example_weekday_branch_operator to 2024-05-23 00:00:00+00:00, run_after=2024-05-24 00:00:00+00:00
[2024-05-25T03:38:47.656+0530] {processor.py:183} INFO - Processing /home/wsl/airflow_venv/lib/python3.10/site-packages/airflow/example_dags/example_branch_day_of_week_operator.py took 0.109 seconds
[2024-05-25T03:39:41.233+0530] {processor.py:161} INFO - Started process (PID=3161) to work on /home/wsl/airflow_venv/lib/python3.10/site-packages/airflow/example_dags/example_branch_day_of_week_operator.py
[2024-05-25T03:39:41.235+0530] {processor.py:830} INFO - Processing file /home/wsl/airflow_venv/lib/python3.10/site-packages/airflow/example_dags/example_branch_day_of_week_operator.py for tasks to queue
[2024-05-25T03:39:41.237+0530] {logging_mixin.py:188} INFO - [2024-05-25T03:39:41.237+0530] {dagbag.py:540} INFO - Filling up the DagBag from /home/wsl/airflow_venv/lib/python3.10/site-packages/airflow/example_dags/example_branch_day_of_week_operator.py
[2024-05-25T03:39:41.249+0530] {processor.py:840} INFO - DAG(s) 'example_weekday_branch_operator' retrieved from /home/wsl/airflow_venv/lib/python3.10/site-packages/airflow/example_dags/example_branch_day_of_week_operator.py
[2024-05-25T03:39:41.278+0530] {logging_mixin.py:188} INFO - [2024-05-25T03:39:41.277+0530] {dag.py:3096} INFO - Sync 1 DAGs
[2024-05-25T03:39:41.329+0530] {logging_mixin.py:188} INFO - [2024-05-25T03:39:41.329+0530] {dag.py:3954} INFO - Setting next_dagrun for example_weekday_branch_operator to 2024-05-23 00:00:00+00:00, run_after=2024-05-24 00:00:00+00:00
[2024-05-25T03:39:41.379+0530] {processor.py:183} INFO - Processing /home/wsl/airflow_venv/lib/python3.10/site-packages/airflow/example_dags/example_branch_day_of_week_operator.py took 0.156 seconds
[2024-05-25T03:40:42.217+0530] {processor.py:161} INFO - Started process (PID=3537) to work on /home/wsl/airflow_venv/lib/python3.10/site-packages/airflow/example_dags/example_branch_day_of_week_operator.py
[2024-05-25T03:40:42.219+0530] {processor.py:830} INFO - Processing file /home/wsl/airflow_venv/lib/python3.10/site-packages/airflow/example_dags/example_branch_day_of_week_operator.py for tasks to queue
[2024-05-25T03:40:42.222+0530] {logging_mixin.py:188} INFO - [2024-05-25T03:40:42.221+0530] {dagbag.py:540} INFO - Filling up the DagBag from /home/wsl/airflow_venv/lib/python3.10/site-packages/airflow/example_dags/example_branch_day_of_week_operator.py
[2024-05-25T03:40:42.234+0530] {processor.py:840} INFO - DAG(s) 'example_weekday_branch_operator' retrieved from /home/wsl/airflow_venv/lib/python3.10/site-packages/airflow/example_dags/example_branch_day_of_week_operator.py
[2024-05-25T03:40:42.253+0530] {logging_mixin.py:188} INFO - [2024-05-25T03:40:42.253+0530] {dag.py:3096} INFO - Sync 1 DAGs
[2024-05-25T03:40:42.275+0530] {logging_mixin.py:188} INFO - [2024-05-25T03:40:42.275+0530] {dag.py:3954} INFO - Setting next_dagrun for example_weekday_branch_operator to 2024-05-23 00:00:00+00:00, run_after=2024-05-24 00:00:00+00:00
[2024-05-25T03:40:42.301+0530] {processor.py:183} INFO - Processing /home/wsl/airflow_venv/lib/python3.10/site-packages/airflow/example_dags/example_branch_day_of_week_operator.py took 0.097 seconds
[2024-05-25T03:41:38.208+0530] {processor.py:161} INFO - Started process (PID=3800) to work on /home/wsl/airflow_venv/lib/python3.10/site-packages/airflow/example_dags/example_branch_day_of_week_operator.py
[2024-05-25T03:41:38.210+0530] {processor.py:830} INFO - Processing file /home/wsl/airflow_venv/lib/python3.10/site-packages/airflow/example_dags/example_branch_day_of_week_operator.py for tasks to queue
[2024-05-25T03:41:38.211+0530] {logging_mixin.py:188} INFO - [2024-05-25T03:41:38.211+0530] {dagbag.py:540} INFO - Filling up the DagBag from /home/wsl/airflow_venv/lib/python3.10/site-packages/airflow/example_dags/example_branch_day_of_week_operator.py
[2024-05-25T03:41:38.222+0530] {processor.py:840} INFO - DAG(s) 'example_weekday_branch_operator' retrieved from /home/wsl/airflow_venv/lib/python3.10/site-packages/airflow/example_dags/example_branch_day_of_week_operator.py
[2024-05-25T03:41:38.240+0530] {logging_mixin.py:188} INFO - [2024-05-25T03:41:38.240+0530] {dag.py:3096} INFO - Sync 1 DAGs
[2024-05-25T03:41:38.262+0530] {logging_mixin.py:188} INFO - [2024-05-25T03:41:38.262+0530] {dag.py:3954} INFO - Setting next_dagrun for example_weekday_branch_operator to 2024-05-23 00:00:00+00:00, run_after=2024-05-24 00:00:00+00:00
[2024-05-25T03:41:38.289+0530] {processor.py:183} INFO - Processing /home/wsl/airflow_venv/lib/python3.10/site-packages/airflow/example_dags/example_branch_day_of_week_operator.py took 0.088 seconds
[2024-05-25T03:42:34.418+0530] {processor.py:161} INFO - Started process (PID=4066) to work on /home/wsl/airflow_venv/lib/python3.10/site-packages/airflow/example_dags/example_branch_day_of_week_operator.py
[2024-05-25T03:42:34.420+0530] {processor.py:830} INFO - Processing file /home/wsl/airflow_venv/lib/python3.10/site-packages/airflow/example_dags/example_branch_day_of_week_operator.py for tasks to queue
[2024-05-25T03:42:34.423+0530] {logging_mixin.py:188} INFO - [2024-05-25T03:42:34.422+0530] {dagbag.py:540} INFO - Filling up the DagBag from /home/wsl/airflow_venv/lib/python3.10/site-packages/airflow/example_dags/example_branch_day_of_week_operator.py
[2024-05-25T03:42:34.435+0530] {processor.py:840} INFO - DAG(s) 'example_weekday_branch_operator' retrieved from /home/wsl/airflow_venv/lib/python3.10/site-packages/airflow/example_dags/example_branch_day_of_week_operator.py
[2024-05-25T03:42:34.453+0530] {logging_mixin.py:188} INFO - [2024-05-25T03:42:34.452+0530] {dag.py:3096} INFO - Sync 1 DAGs
[2024-05-25T03:42:34.473+0530] {logging_mixin.py:188} INFO - [2024-05-25T03:42:34.473+0530] {dag.py:3954} INFO - Setting next_dagrun for example_weekday_branch_operator to 2024-05-23 00:00:00+00:00, run_after=2024-05-24 00:00:00+00:00
[2024-05-25T03:42:34.502+0530] {processor.py:183} INFO - Processing /home/wsl/airflow_venv/lib/python3.10/site-packages/airflow/example_dags/example_branch_day_of_week_operator.py took 0.093 seconds
[2024-05-25T03:43:27.801+0530] {processor.py:161} INFO - Started process (PID=4321) to work on /home/wsl/airflow_venv/lib/python3.10/site-packages/airflow/example_dags/example_branch_day_of_week_operator.py
[2024-05-25T03:43:27.803+0530] {processor.py:830} INFO - Processing file /home/wsl/airflow_venv/lib/python3.10/site-packages/airflow/example_dags/example_branch_day_of_week_operator.py for tasks to queue
[2024-05-25T03:43:27.805+0530] {logging_mixin.py:188} INFO - [2024-05-25T03:43:27.804+0530] {dagbag.py:540} INFO - Filling up the DagBag from /home/wsl/airflow_venv/lib/python3.10/site-packages/airflow/example_dags/example_branch_day_of_week_operator.py
[2024-05-25T03:43:27.814+0530] {processor.py:840} INFO - DAG(s) 'example_weekday_branch_operator' retrieved from /home/wsl/airflow_venv/lib/python3.10/site-packages/airflow/example_dags/example_branch_day_of_week_operator.py
[2024-05-25T03:43:27.833+0530] {logging_mixin.py:188} INFO - [2024-05-25T03:43:27.833+0530] {dag.py:3096} INFO - Sync 1 DAGs
[2024-05-25T03:43:27.855+0530] {logging_mixin.py:188} INFO - [2024-05-25T03:43:27.855+0530] {dag.py:3954} INFO - Setting next_dagrun for example_weekday_branch_operator to 2024-05-23 00:00:00+00:00, run_after=2024-05-24 00:00:00+00:00
[2024-05-25T03:43:27.882+0530] {processor.py:183} INFO - Processing /home/wsl/airflow_venv/lib/python3.10/site-packages/airflow/example_dags/example_branch_day_of_week_operator.py took 0.089 seconds
[2024-05-25T03:45:26.907+0530] {processor.py:161} INFO - Started process (PID=4800) to work on /home/wsl/airflow_venv/lib/python3.10/site-packages/airflow/example_dags/example_branch_day_of_week_operator.py
[2024-05-25T03:45:26.913+0530] {processor.py:830} INFO - Processing file /home/wsl/airflow_venv/lib/python3.10/site-packages/airflow/example_dags/example_branch_day_of_week_operator.py for tasks to queue
[2024-05-25T03:45:26.917+0530] {logging_mixin.py:188} INFO - [2024-05-25T03:45:26.916+0530] {dagbag.py:540} INFO - Filling up the DagBag from /home/wsl/airflow_venv/lib/python3.10/site-packages/airflow/example_dags/example_branch_day_of_week_operator.py
[2024-05-25T03:45:26.961+0530] {processor.py:840} INFO - DAG(s) 'example_weekday_branch_operator' retrieved from /home/wsl/airflow_venv/lib/python3.10/site-packages/airflow/example_dags/example_branch_day_of_week_operator.py
[2024-05-25T03:45:27.072+0530] {logging_mixin.py:188} INFO - [2024-05-25T03:45:27.071+0530] {dag.py:3096} INFO - Sync 1 DAGs
[2024-05-25T03:45:27.195+0530] {logging_mixin.py:188} INFO - [2024-05-25T03:45:27.193+0530] {dag.py:3954} INFO - Setting next_dagrun for example_weekday_branch_operator to 2024-05-23 00:00:00+00:00, run_after=2024-05-24 00:00:00+00:00
[2024-05-25T03:45:27.290+0530] {processor.py:183} INFO - Processing /home/wsl/airflow_venv/lib/python3.10/site-packages/airflow/example_dags/example_branch_day_of_week_operator.py took 0.415 seconds
[2024-05-25T03:46:32.345+0530] {processor.py:161} INFO - Started process (PID=5107) to work on /home/wsl/airflow_venv/lib/python3.10/site-packages/airflow/example_dags/example_branch_day_of_week_operator.py
[2024-05-25T03:46:32.346+0530] {processor.py:830} INFO - Processing file /home/wsl/airflow_venv/lib/python3.10/site-packages/airflow/example_dags/example_branch_day_of_week_operator.py for tasks to queue
[2024-05-25T03:46:32.348+0530] {logging_mixin.py:188} INFO - [2024-05-25T03:46:32.348+0530] {dagbag.py:540} INFO - Filling up the DagBag from /home/wsl/airflow_venv/lib/python3.10/site-packages/airflow/example_dags/example_branch_day_of_week_operator.py
[2024-05-25T03:46:32.358+0530] {processor.py:840} INFO - DAG(s) 'example_weekday_branch_operator' retrieved from /home/wsl/airflow_venv/lib/python3.10/site-packages/airflow/example_dags/example_branch_day_of_week_operator.py
[2024-05-25T03:46:32.376+0530] {logging_mixin.py:188} INFO - [2024-05-25T03:46:32.376+0530] {dag.py:3096} INFO - Sync 1 DAGs
[2024-05-25T03:46:32.397+0530] {logging_mixin.py:188} INFO - [2024-05-25T03:46:32.396+0530] {dag.py:3954} INFO - Setting next_dagrun for example_weekday_branch_operator to 2024-05-23 00:00:00+00:00, run_after=2024-05-24 00:00:00+00:00
[2024-05-25T03:46:32.424+0530] {processor.py:183} INFO - Processing /home/wsl/airflow_venv/lib/python3.10/site-packages/airflow/example_dags/example_branch_day_of_week_operator.py took 0.089 seconds
[2024-05-25T03:47:29.858+0530] {processor.py:161} INFO - Started process (PID=5379) to work on /home/wsl/airflow_venv/lib/python3.10/site-packages/airflow/example_dags/example_branch_day_of_week_operator.py
[2024-05-25T03:47:29.860+0530] {processor.py:830} INFO - Processing file /home/wsl/airflow_venv/lib/python3.10/site-packages/airflow/example_dags/example_branch_day_of_week_operator.py for tasks to queue
[2024-05-25T03:47:29.862+0530] {logging_mixin.py:188} INFO - [2024-05-25T03:47:29.861+0530] {dagbag.py:540} INFO - Filling up the DagBag from /home/wsl/airflow_venv/lib/python3.10/site-packages/airflow/example_dags/example_branch_day_of_week_operator.py
[2024-05-25T03:47:29.889+0530] {processor.py:840} INFO - DAG(s) 'example_weekday_branch_operator' retrieved from /home/wsl/airflow_venv/lib/python3.10/site-packages/airflow/example_dags/example_branch_day_of_week_operator.py
[2024-05-25T03:47:29.929+0530] {logging_mixin.py:188} INFO - [2024-05-25T03:47:29.929+0530] {dag.py:3096} INFO - Sync 1 DAGs
[2024-05-25T03:47:30.008+0530] {logging_mixin.py:188} INFO - [2024-05-25T03:47:30.007+0530] {dag.py:3954} INFO - Setting next_dagrun for example_weekday_branch_operator to 2024-05-23 00:00:00+00:00, run_after=2024-05-24 00:00:00+00:00
[2024-05-25T03:47:30.134+0530] {processor.py:183} INFO - Processing /home/wsl/airflow_venv/lib/python3.10/site-packages/airflow/example_dags/example_branch_day_of_week_operator.py took 0.287 seconds
[2024-05-25T03:48:23.232+0530] {processor.py:161} INFO - Started process (PID=5635) to work on /home/wsl/airflow_venv/lib/python3.10/site-packages/airflow/example_dags/example_branch_day_of_week_operator.py
[2024-05-25T03:48:23.235+0530] {processor.py:830} INFO - Processing file /home/wsl/airflow_venv/lib/python3.10/site-packages/airflow/example_dags/example_branch_day_of_week_operator.py for tasks to queue
[2024-05-25T03:48:23.239+0530] {logging_mixin.py:188} INFO - [2024-05-25T03:48:23.238+0530] {dagbag.py:540} INFO - Filling up the DagBag from /home/wsl/airflow_venv/lib/python3.10/site-packages/airflow/example_dags/example_branch_day_of_week_operator.py
[2024-05-25T03:48:23.251+0530] {processor.py:840} INFO - DAG(s) 'example_weekday_branch_operator' retrieved from /home/wsl/airflow_venv/lib/python3.10/site-packages/airflow/example_dags/example_branch_day_of_week_operator.py
[2024-05-25T03:48:23.269+0530] {logging_mixin.py:188} INFO - [2024-05-25T03:48:23.269+0530] {dag.py:3096} INFO - Sync 1 DAGs
[2024-05-25T03:48:23.290+0530] {logging_mixin.py:188} INFO - [2024-05-25T03:48:23.290+0530] {dag.py:3954} INFO - Setting next_dagrun for example_weekday_branch_operator to 2024-05-23 00:00:00+00:00, run_after=2024-05-24 00:00:00+00:00
[2024-05-25T03:48:23.319+0530] {processor.py:183} INFO - Processing /home/wsl/airflow_venv/lib/python3.10/site-packages/airflow/example_dags/example_branch_day_of_week_operator.py took 0.102 seconds
[2024-05-25T03:49:14.231+0530] {processor.py:161} INFO - Started process (PID=5879) to work on /home/wsl/airflow_venv/lib/python3.10/site-packages/airflow/example_dags/example_branch_day_of_week_operator.py
[2024-05-25T03:49:14.232+0530] {processor.py:830} INFO - Processing file /home/wsl/airflow_venv/lib/python3.10/site-packages/airflow/example_dags/example_branch_day_of_week_operator.py for tasks to queue
[2024-05-25T03:49:14.234+0530] {logging_mixin.py:188} INFO - [2024-05-25T03:49:14.234+0530] {dagbag.py:540} INFO - Filling up the DagBag from /home/wsl/airflow_venv/lib/python3.10/site-packages/airflow/example_dags/example_branch_day_of_week_operator.py
[2024-05-25T03:49:14.244+0530] {processor.py:840} INFO - DAG(s) 'example_weekday_branch_operator' retrieved from /home/wsl/airflow_venv/lib/python3.10/site-packages/airflow/example_dags/example_branch_day_of_week_operator.py
[2024-05-25T03:49:14.262+0530] {logging_mixin.py:188} INFO - [2024-05-25T03:49:14.262+0530] {dag.py:3096} INFO - Sync 1 DAGs
[2024-05-25T03:49:14.283+0530] {logging_mixin.py:188} INFO - [2024-05-25T03:49:14.283+0530] {dag.py:3954} INFO - Setting next_dagrun for example_weekday_branch_operator to 2024-05-23 00:00:00+00:00, run_after=2024-05-24 00:00:00+00:00
[2024-05-25T03:49:14.310+0530] {processor.py:183} INFO - Processing /home/wsl/airflow_venv/lib/python3.10/site-packages/airflow/example_dags/example_branch_day_of_week_operator.py took 0.091 seconds
[2024-05-25T03:50:07.674+0530] {processor.py:161} INFO - Started process (PID=6133) to work on /home/wsl/airflow_venv/lib/python3.10/site-packages/airflow/example_dags/example_branch_day_of_week_operator.py
[2024-05-25T03:50:07.677+0530] {processor.py:830} INFO - Processing file /home/wsl/airflow_venv/lib/python3.10/site-packages/airflow/example_dags/example_branch_day_of_week_operator.py for tasks to queue
[2024-05-25T03:50:07.679+0530] {logging_mixin.py:188} INFO - [2024-05-25T03:50:07.679+0530] {dagbag.py:540} INFO - Filling up the DagBag from /home/wsl/airflow_venv/lib/python3.10/site-packages/airflow/example_dags/example_branch_day_of_week_operator.py
[2024-05-25T03:50:07.691+0530] {processor.py:840} INFO - DAG(s) 'example_weekday_branch_operator' retrieved from /home/wsl/airflow_venv/lib/python3.10/site-packages/airflow/example_dags/example_branch_day_of_week_operator.py
[2024-05-25T03:50:07.711+0530] {logging_mixin.py:188} INFO - [2024-05-25T03:50:07.711+0530] {dag.py:3096} INFO - Sync 1 DAGs
[2024-05-25T03:50:07.734+0530] {logging_mixin.py:188} INFO - [2024-05-25T03:50:07.733+0530] {dag.py:3954} INFO - Setting next_dagrun for example_weekday_branch_operator to 2024-05-23 00:00:00+00:00, run_after=2024-05-24 00:00:00+00:00
[2024-05-25T03:50:07.760+0530] {processor.py:183} INFO - Processing /home/wsl/airflow_venv/lib/python3.10/site-packages/airflow/example_dags/example_branch_day_of_week_operator.py took 0.095 seconds
[2024-05-25T03:51:02.150+0530] {processor.py:161} INFO - Started process (PID=6393) to work on /home/wsl/airflow_venv/lib/python3.10/site-packages/airflow/example_dags/example_branch_day_of_week_operator.py
[2024-05-25T03:51:02.153+0530] {processor.py:830} INFO - Processing file /home/wsl/airflow_venv/lib/python3.10/site-packages/airflow/example_dags/example_branch_day_of_week_operator.py for tasks to queue
[2024-05-25T03:51:02.157+0530] {logging_mixin.py:188} INFO - [2024-05-25T03:51:02.156+0530] {dagbag.py:540} INFO - Filling up the DagBag from /home/wsl/airflow_venv/lib/python3.10/site-packages/airflow/example_dags/example_branch_day_of_week_operator.py
[2024-05-25T03:51:02.201+0530] {processor.py:840} INFO - DAG(s) 'example_weekday_branch_operator' retrieved from /home/wsl/airflow_venv/lib/python3.10/site-packages/airflow/example_dags/example_branch_day_of_week_operator.py
[2024-05-25T03:51:02.283+0530] {logging_mixin.py:188} INFO - [2024-05-25T03:51:02.283+0530] {dag.py:3096} INFO - Sync 1 DAGs
[2024-05-25T03:51:02.329+0530] {logging_mixin.py:188} INFO - [2024-05-25T03:51:02.328+0530] {dag.py:3954} INFO - Setting next_dagrun for example_weekday_branch_operator to 2024-05-23 00:00:00+00:00, run_after=2024-05-24 00:00:00+00:00
[2024-05-25T03:51:02.366+0530] {processor.py:183} INFO - Processing /home/wsl/airflow_venv/lib/python3.10/site-packages/airflow/example_dags/example_branch_day_of_week_operator.py took 0.260 seconds
[2024-05-25T03:51:57.893+0530] {processor.py:161} INFO - Started process (PID=6658) to work on /home/wsl/airflow_venv/lib/python3.10/site-packages/airflow/example_dags/example_branch_day_of_week_operator.py
[2024-05-25T03:51:57.895+0530] {processor.py:830} INFO - Processing file /home/wsl/airflow_venv/lib/python3.10/site-packages/airflow/example_dags/example_branch_day_of_week_operator.py for tasks to queue
[2024-05-25T03:51:57.898+0530] {logging_mixin.py:188} INFO - [2024-05-25T03:51:57.897+0530] {dagbag.py:540} INFO - Filling up the DagBag from /home/wsl/airflow_venv/lib/python3.10/site-packages/airflow/example_dags/example_branch_day_of_week_operator.py
[2024-05-25T03:51:57.910+0530] {processor.py:840} INFO - DAG(s) 'example_weekday_branch_operator' retrieved from /home/wsl/airflow_venv/lib/python3.10/site-packages/airflow/example_dags/example_branch_day_of_week_operator.py
[2024-05-25T03:51:57.929+0530] {logging_mixin.py:188} INFO - [2024-05-25T03:51:57.929+0530] {dag.py:3096} INFO - Sync 1 DAGs
[2024-05-25T03:51:57.951+0530] {logging_mixin.py:188} INFO - [2024-05-25T03:51:57.951+0530] {dag.py:3954} INFO - Setting next_dagrun for example_weekday_branch_operator to 2024-05-23 00:00:00+00:00, run_after=2024-05-24 00:00:00+00:00
[2024-05-25T03:51:58.128+0530] {processor.py:183} INFO - Processing /home/wsl/airflow_venv/lib/python3.10/site-packages/airflow/example_dags/example_branch_day_of_week_operator.py took 0.244 seconds
[2024-05-25T03:52:54.671+0530] {processor.py:161} INFO - Started process (PID=6928) to work on /home/wsl/airflow_venv/lib/python3.10/site-packages/airflow/example_dags/example_branch_day_of_week_operator.py
[2024-05-25T03:52:54.677+0530] {processor.py:830} INFO - Processing file /home/wsl/airflow_venv/lib/python3.10/site-packages/airflow/example_dags/example_branch_day_of_week_operator.py for tasks to queue
[2024-05-25T03:52:54.680+0530] {logging_mixin.py:188} INFO - [2024-05-25T03:52:54.680+0530] {dagbag.py:540} INFO - Filling up the DagBag from /home/wsl/airflow_venv/lib/python3.10/site-packages/airflow/example_dags/example_branch_day_of_week_operator.py
[2024-05-25T03:52:54.695+0530] {processor.py:840} INFO - DAG(s) 'example_weekday_branch_operator' retrieved from /home/wsl/airflow_venv/lib/python3.10/site-packages/airflow/example_dags/example_branch_day_of_week_operator.py
[2024-05-25T03:52:54.720+0530] {logging_mixin.py:188} INFO - [2024-05-25T03:52:54.719+0530] {dag.py:3096} INFO - Sync 1 DAGs
[2024-05-25T03:52:54.747+0530] {logging_mixin.py:188} INFO - [2024-05-25T03:52:54.747+0530] {dag.py:3954} INFO - Setting next_dagrun for example_weekday_branch_operator to 2024-05-23 00:00:00+00:00, run_after=2024-05-24 00:00:00+00:00
[2024-05-25T03:52:54.780+0530] {processor.py:183} INFO - Processing /home/wsl/airflow_venv/lib/python3.10/site-packages/airflow/example_dags/example_branch_day_of_week_operator.py took 0.118 seconds
[2024-05-25T03:54:20.301+0530] {processor.py:161} INFO - Started process (PID=7331) to work on /home/wsl/airflow_venv/lib/python3.10/site-packages/airflow/example_dags/example_branch_day_of_week_operator.py
[2024-05-25T03:54:20.305+0530] {processor.py:830} INFO - Processing file /home/wsl/airflow_venv/lib/python3.10/site-packages/airflow/example_dags/example_branch_day_of_week_operator.py for tasks to queue
[2024-05-25T03:54:20.308+0530] {logging_mixin.py:188} INFO - [2024-05-25T03:54:20.307+0530] {dagbag.py:540} INFO - Filling up the DagBag from /home/wsl/airflow_venv/lib/python3.10/site-packages/airflow/example_dags/example_branch_day_of_week_operator.py
[2024-05-25T03:54:20.336+0530] {processor.py:840} INFO - DAG(s) 'example_weekday_branch_operator' retrieved from /home/wsl/airflow_venv/lib/python3.10/site-packages/airflow/example_dags/example_branch_day_of_week_operator.py
[2024-05-25T03:54:20.420+0530] {logging_mixin.py:188} INFO - [2024-05-25T03:54:20.419+0530] {dag.py:3096} INFO - Sync 1 DAGs
[2024-05-25T03:54:20.513+0530] {logging_mixin.py:188} INFO - [2024-05-25T03:54:20.513+0530] {dag.py:3954} INFO - Setting next_dagrun for example_weekday_branch_operator to 2024-05-23 00:00:00+00:00, run_after=2024-05-24 00:00:00+00:00
[2024-05-25T03:54:20.593+0530] {processor.py:183} INFO - Processing /home/wsl/airflow_venv/lib/python3.10/site-packages/airflow/example_dags/example_branch_day_of_week_operator.py took 0.314 seconds
[2024-05-25T03:55:20.523+0530] {processor.py:161} INFO - Started process (PID=7617) to work on /home/wsl/airflow_venv/lib/python3.10/site-packages/airflow/example_dags/example_branch_day_of_week_operator.py
[2024-05-25T03:55:20.525+0530] {processor.py:830} INFO - Processing file /home/wsl/airflow_venv/lib/python3.10/site-packages/airflow/example_dags/example_branch_day_of_week_operator.py for tasks to queue
[2024-05-25T03:55:20.527+0530] {logging_mixin.py:188} INFO - [2024-05-25T03:55:20.526+0530] {dagbag.py:540} INFO - Filling up the DagBag from /home/wsl/airflow_venv/lib/python3.10/site-packages/airflow/example_dags/example_branch_day_of_week_operator.py
[2024-05-25T03:55:20.542+0530] {processor.py:840} INFO - DAG(s) 'example_weekday_branch_operator' retrieved from /home/wsl/airflow_venv/lib/python3.10/site-packages/airflow/example_dags/example_branch_day_of_week_operator.py
[2024-05-25T03:55:20.568+0530] {logging_mixin.py:188} INFO - [2024-05-25T03:55:20.568+0530] {dag.py:3096} INFO - Sync 1 DAGs
[2024-05-25T03:55:20.597+0530] {logging_mixin.py:188} INFO - [2024-05-25T03:55:20.597+0530] {dag.py:3954} INFO - Setting next_dagrun for example_weekday_branch_operator to 2024-05-23 00:00:00+00:00, run_after=2024-05-24 00:00:00+00:00
[2024-05-25T03:55:20.635+0530] {processor.py:183} INFO - Processing /home/wsl/airflow_venv/lib/python3.10/site-packages/airflow/example_dags/example_branch_day_of_week_operator.py took 0.123 seconds
[2024-05-25T03:56:16.329+0530] {processor.py:161} INFO - Started process (PID=7901) to work on /home/wsl/airflow_venv/lib/python3.10/site-packages/airflow/example_dags/example_branch_day_of_week_operator.py
[2024-05-25T03:56:16.341+0530] {processor.py:830} INFO - Processing file /home/wsl/airflow_venv/lib/python3.10/site-packages/airflow/example_dags/example_branch_day_of_week_operator.py for tasks to queue
[2024-05-25T03:56:16.344+0530] {logging_mixin.py:188} INFO - [2024-05-25T03:56:16.343+0530] {dagbag.py:540} INFO - Filling up the DagBag from /home/wsl/airflow_venv/lib/python3.10/site-packages/airflow/example_dags/example_branch_day_of_week_operator.py
[2024-05-25T03:56:16.420+0530] {processor.py:840} INFO - DAG(s) 'example_weekday_branch_operator' retrieved from /home/wsl/airflow_venv/lib/python3.10/site-packages/airflow/example_dags/example_branch_day_of_week_operator.py
[2024-05-25T03:56:16.628+0530] {logging_mixin.py:188} INFO - [2024-05-25T03:56:16.627+0530] {dag.py:3096} INFO - Sync 1 DAGs
[2024-05-25T03:56:16.734+0530] {logging_mixin.py:188} INFO - [2024-05-25T03:56:16.733+0530] {dag.py:3954} INFO - Setting next_dagrun for example_weekday_branch_operator to 2024-05-23 00:00:00+00:00, run_after=2024-05-24 00:00:00+00:00
[2024-05-25T03:56:16.807+0530] {processor.py:183} INFO - Processing /home/wsl/airflow_venv/lib/python3.10/site-packages/airflow/example_dags/example_branch_day_of_week_operator.py took 0.495 seconds
