[2024-05-25T03:32:33.194+0530] {processor.py:161} INFO - Started process (PID=1168) to work on /home/wsl/airflow_venv/lib/python3.10/site-packages/airflow/example_dags/example_subdag_operator.py
[2024-05-25T03:32:33.196+0530] {processor.py:830} INFO - Processing file /home/wsl/airflow_venv/lib/python3.10/site-packages/airflow/example_dags/example_subdag_operator.py for tasks to queue
[2024-05-25T03:32:33.199+0530] {logging_mixin.py:188} INFO - [2024-05-25T03:32:33.199+0530] {dagbag.py:540} INFO - Filling up the DagBag from /home/wsl/airflow_venv/lib/python3.10/site-packages/airflow/example_dags/example_subdag_operator.py
[2024-05-25T03:32:33.237+0530] {processor.py:840} INFO - DAG(s) 'example_subdag_operator.section-1', 'example_subdag_operator.section-2', 'example_subdag_operator' retrieved from /home/wsl/airflow_venv/lib/python3.10/site-packages/airflow/example_dags/example_subdag_operator.py
[2024-05-25T03:32:33.243+0530] {logging_mixin.py:188} INFO - [2024-05-25T03:32:33.243+0530] {dag.py:3096} INFO - Sync 3 DAGs
[2024-05-25T03:32:33.280+0530] {logging_mixin.py:188} INFO - [2024-05-25T03:32:33.280+0530] {dag.py:3954} INFO - Setting next_dagrun for example_subdag_operator to 2022-01-01 00:00:00+00:00, run_after=2022-01-01 00:00:00+00:00
[2024-05-25T03:32:33.284+0530] {logging_mixin.py:188} INFO - [2024-05-25T03:32:33.284+0530] {dag.py:3954} INFO - Setting next_dagrun for example_subdag_operator.section-1 to None, run_after=None
[2024-05-25T03:32:33.285+0530] {logging_mixin.py:188} INFO - [2024-05-25T03:32:33.285+0530] {dag.py:3954} INFO - Setting next_dagrun for example_subdag_operator.section-2 to None, run_after=None
[2024-05-25T03:32:33.293+0530] {logging_mixin.py:188} INFO - [2024-05-25T03:32:33.293+0530] {dag.py:3096} INFO - Sync 2 DAGs
[2024-05-25T03:32:33.301+0530] {logging_mixin.py:188} INFO - [2024-05-25T03:32:33.300+0530] {dag.py:3954} INFO - Setting next_dagrun for example_subdag_operator.section-1 to None, run_after=None
[2024-05-25T03:32:33.302+0530] {logging_mixin.py:188} INFO - [2024-05-25T03:32:33.301+0530] {dag.py:3954} INFO - Setting next_dagrun for example_subdag_operator.section-2 to None, run_after=None
[2024-05-25T03:32:33.334+0530] {processor.py:183} INFO - Processing /home/wsl/airflow_venv/lib/python3.10/site-packages/airflow/example_dags/example_subdag_operator.py took 0.152 seconds
[2024-05-25T03:34:03.660+0530] {processor.py:161} INFO - Started process (PID=1564) to work on /home/wsl/airflow_venv/lib/python3.10/site-packages/airflow/example_dags/example_subdag_operator.py
[2024-05-25T03:34:03.665+0530] {processor.py:830} INFO - Processing file /home/wsl/airflow_venv/lib/python3.10/site-packages/airflow/example_dags/example_subdag_operator.py for tasks to queue
[2024-05-25T03:34:03.669+0530] {logging_mixin.py:188} INFO - [2024-05-25T03:34:03.668+0530] {dagbag.py:540} INFO - Filling up the DagBag from /home/wsl/airflow_venv/lib/python3.10/site-packages/airflow/example_dags/example_subdag_operator.py
[2024-05-25T03:34:03.739+0530] {processor.py:840} INFO - DAG(s) 'example_subdag_operator.section-1', 'example_subdag_operator.section-2', 'example_subdag_operator' retrieved from /home/wsl/airflow_venv/lib/python3.10/site-packages/airflow/example_dags/example_subdag_operator.py
[2024-05-25T03:34:04.565+0530] {logging_mixin.py:188} INFO - [2024-05-25T03:34:04.565+0530] {dag.py:3096} INFO - Sync 3 DAGs
[2024-05-25T03:34:04.628+0530] {logging_mixin.py:188} INFO - [2024-05-25T03:34:04.628+0530] {dag.py:3954} INFO - Setting next_dagrun for example_subdag_operator to 2022-01-01 00:00:00+00:00, run_after=2022-01-01 00:00:00+00:00
[2024-05-25T03:34:04.644+0530] {logging_mixin.py:188} INFO - [2024-05-25T03:34:04.643+0530] {dag.py:3954} INFO - Setting next_dagrun for example_subdag_operator.section-1 to None, run_after=None
[2024-05-25T03:34:04.656+0530] {logging_mixin.py:188} INFO - [2024-05-25T03:34:04.656+0530] {dag.py:3954} INFO - Setting next_dagrun for example_subdag_operator.section-2 to None, run_after=None
[2024-05-25T03:34:04.690+0530] {logging_mixin.py:188} INFO - [2024-05-25T03:34:04.689+0530] {dag.py:3096} INFO - Sync 2 DAGs
[2024-05-25T03:34:04.720+0530] {logging_mixin.py:188} INFO - [2024-05-25T03:34:04.720+0530] {dag.py:3954} INFO - Setting next_dagrun for example_subdag_operator.section-1 to None, run_after=None
[2024-05-25T03:34:04.721+0530] {logging_mixin.py:188} INFO - [2024-05-25T03:34:04.721+0530] {dag.py:3954} INFO - Setting next_dagrun for example_subdag_operator.section-2 to None, run_after=None
[2024-05-25T03:34:04.777+0530] {processor.py:183} INFO - Processing /home/wsl/airflow_venv/lib/python3.10/site-packages/airflow/example_dags/example_subdag_operator.py took 1.136 seconds
[2024-05-25T03:34:47.191+0530] {processor.py:161} INFO - Started process (PID=1778) to work on /home/wsl/airflow_venv/lib/python3.10/site-packages/airflow/example_dags/example_subdag_operator.py
[2024-05-25T03:34:47.225+0530] {processor.py:830} INFO - Processing file /home/wsl/airflow_venv/lib/python3.10/site-packages/airflow/example_dags/example_subdag_operator.py for tasks to queue
[2024-05-25T03:34:47.228+0530] {logging_mixin.py:188} INFO - [2024-05-25T03:34:47.227+0530] {dagbag.py:540} INFO - Filling up the DagBag from /home/wsl/airflow_venv/lib/python3.10/site-packages/airflow/example_dags/example_subdag_operator.py
[2024-05-25T03:34:47.265+0530] {processor.py:840} INFO - DAG(s) 'example_subdag_operator.section-1', 'example_subdag_operator.section-2', 'example_subdag_operator' retrieved from /home/wsl/airflow_venv/lib/python3.10/site-packages/airflow/example_dags/example_subdag_operator.py
[2024-05-25T03:34:47.306+0530] {logging_mixin.py:188} INFO - [2024-05-25T03:34:47.306+0530] {dag.py:3096} INFO - Sync 3 DAGs
[2024-05-25T03:34:47.341+0530] {logging_mixin.py:188} INFO - [2024-05-25T03:34:47.341+0530] {dag.py:3954} INFO - Setting next_dagrun for example_subdag_operator to 2022-01-01 00:00:00+00:00, run_after=2022-01-01 00:00:00+00:00
[2024-05-25T03:34:47.346+0530] {logging_mixin.py:188} INFO - [2024-05-25T03:34:47.345+0530] {dag.py:3954} INFO - Setting next_dagrun for example_subdag_operator.section-1 to None, run_after=None
[2024-05-25T03:34:47.348+0530] {logging_mixin.py:188} INFO - [2024-05-25T03:34:47.347+0530] {dag.py:3954} INFO - Setting next_dagrun for example_subdag_operator.section-2 to None, run_after=None
[2024-05-25T03:34:47.359+0530] {logging_mixin.py:188} INFO - [2024-05-25T03:34:47.358+0530] {dag.py:3096} INFO - Sync 2 DAGs
[2024-05-25T03:34:47.366+0530] {logging_mixin.py:188} INFO - [2024-05-25T03:34:47.365+0530] {dag.py:3954} INFO - Setting next_dagrun for example_subdag_operator.section-1 to None, run_after=None
[2024-05-25T03:34:47.366+0530] {logging_mixin.py:188} INFO - [2024-05-25T03:34:47.366+0530] {dag.py:3954} INFO - Setting next_dagrun for example_subdag_operator.section-2 to None, run_after=None
[2024-05-25T03:34:47.463+0530] {processor.py:183} INFO - Processing /home/wsl/airflow_venv/lib/python3.10/site-packages/airflow/example_dags/example_subdag_operator.py took 0.286 seconds
[2024-05-25T03:36:00.512+0530] {processor.py:161} INFO - Started process (PID=2116) to work on /home/wsl/airflow_venv/lib/python3.10/site-packages/airflow/example_dags/example_subdag_operator.py
[2024-05-25T03:36:00.515+0530] {processor.py:830} INFO - Processing file /home/wsl/airflow_venv/lib/python3.10/site-packages/airflow/example_dags/example_subdag_operator.py for tasks to queue
[2024-05-25T03:36:00.518+0530] {logging_mixin.py:188} INFO - [2024-05-25T03:36:00.517+0530] {dagbag.py:540} INFO - Filling up the DagBag from /home/wsl/airflow_venv/lib/python3.10/site-packages/airflow/example_dags/example_subdag_operator.py
[2024-05-25T03:36:00.540+0530] {processor.py:840} INFO - DAG(s) 'example_subdag_operator.section-1', 'example_subdag_operator.section-2', 'example_subdag_operator' retrieved from /home/wsl/airflow_venv/lib/python3.10/site-packages/airflow/example_dags/example_subdag_operator.py
[2024-05-25T03:36:00.646+0530] {logging_mixin.py:188} INFO - [2024-05-25T03:36:00.645+0530] {dag.py:3096} INFO - Sync 3 DAGs
[2024-05-25T03:36:00.663+0530] {logging_mixin.py:188} INFO - [2024-05-25T03:36:00.663+0530] {dag.py:3954} INFO - Setting next_dagrun for example_subdag_operator to 2022-01-01 00:00:00+00:00, run_after=2022-01-01 00:00:00+00:00
[2024-05-25T03:36:00.670+0530] {logging_mixin.py:188} INFO - [2024-05-25T03:36:00.669+0530] {dag.py:3954} INFO - Setting next_dagrun for example_subdag_operator.section-1 to None, run_after=None
[2024-05-25T03:36:00.671+0530] {logging_mixin.py:188} INFO - [2024-05-25T03:36:00.671+0530] {dag.py:3954} INFO - Setting next_dagrun for example_subdag_operator.section-2 to None, run_after=None
[2024-05-25T03:36:00.677+0530] {logging_mixin.py:188} INFO - [2024-05-25T03:36:00.677+0530] {dag.py:3096} INFO - Sync 2 DAGs
[2024-05-25T03:36:00.682+0530] {logging_mixin.py:188} INFO - [2024-05-25T03:36:00.682+0530] {dag.py:3954} INFO - Setting next_dagrun for example_subdag_operator.section-1 to None, run_after=None
[2024-05-25T03:36:00.683+0530] {logging_mixin.py:188} INFO - [2024-05-25T03:36:00.682+0530] {dag.py:3954} INFO - Setting next_dagrun for example_subdag_operator.section-2 to None, run_after=None
[2024-05-25T03:36:00.702+0530] {processor.py:183} INFO - Processing /home/wsl/airflow_venv/lib/python3.10/site-packages/airflow/example_dags/example_subdag_operator.py took 0.205 seconds
[2024-05-25T03:36:56.118+0530] {processor.py:161} INFO - Started process (PID=2381) to work on /home/wsl/airflow_venv/lib/python3.10/site-packages/airflow/example_dags/example_subdag_operator.py
[2024-05-25T03:36:56.119+0530] {processor.py:830} INFO - Processing file /home/wsl/airflow_venv/lib/python3.10/site-packages/airflow/example_dags/example_subdag_operator.py for tasks to queue
[2024-05-25T03:36:56.121+0530] {logging_mixin.py:188} INFO - [2024-05-25T03:36:56.121+0530] {dagbag.py:540} INFO - Filling up the DagBag from /home/wsl/airflow_venv/lib/python3.10/site-packages/airflow/example_dags/example_subdag_operator.py
[2024-05-25T03:36:56.148+0530] {processor.py:840} INFO - DAG(s) 'example_subdag_operator.section-1', 'example_subdag_operator.section-2', 'example_subdag_operator' retrieved from /home/wsl/airflow_venv/lib/python3.10/site-packages/airflow/example_dags/example_subdag_operator.py
[2024-05-25T03:36:56.165+0530] {logging_mixin.py:188} INFO - [2024-05-25T03:36:56.165+0530] {dag.py:3096} INFO - Sync 3 DAGs
[2024-05-25T03:36:56.190+0530] {logging_mixin.py:188} INFO - [2024-05-25T03:36:56.190+0530] {dag.py:3954} INFO - Setting next_dagrun for example_subdag_operator to 2022-01-01 00:00:00+00:00, run_after=2022-01-01 00:00:00+00:00
[2024-05-25T03:36:56.194+0530] {logging_mixin.py:188} INFO - [2024-05-25T03:36:56.194+0530] {dag.py:3954} INFO - Setting next_dagrun for example_subdag_operator.section-1 to None, run_after=None
[2024-05-25T03:36:56.195+0530] {logging_mixin.py:188} INFO - [2024-05-25T03:36:56.195+0530] {dag.py:3954} INFO - Setting next_dagrun for example_subdag_operator.section-2 to None, run_after=None
[2024-05-25T03:36:56.201+0530] {logging_mixin.py:188} INFO - [2024-05-25T03:36:56.201+0530] {dag.py:3096} INFO - Sync 2 DAGs
[2024-05-25T03:36:56.208+0530] {logging_mixin.py:188} INFO - [2024-05-25T03:36:56.207+0530] {dag.py:3954} INFO - Setting next_dagrun for example_subdag_operator.section-1 to None, run_after=None
[2024-05-25T03:36:56.208+0530] {logging_mixin.py:188} INFO - [2024-05-25T03:36:56.208+0530] {dag.py:3954} INFO - Setting next_dagrun for example_subdag_operator.section-2 to None, run_after=None
[2024-05-25T03:36:56.232+0530] {processor.py:183} INFO - Processing /home/wsl/airflow_venv/lib/python3.10/site-packages/airflow/example_dags/example_subdag_operator.py took 0.125 seconds
[2024-05-25T03:37:44.235+0530] {processor.py:161} INFO - Started process (PID=2610) to work on /home/wsl/airflow_venv/lib/python3.10/site-packages/airflow/example_dags/example_subdag_operator.py
[2024-05-25T03:37:44.239+0530] {processor.py:830} INFO - Processing file /home/wsl/airflow_venv/lib/python3.10/site-packages/airflow/example_dags/example_subdag_operator.py for tasks to queue
[2024-05-25T03:37:44.242+0530] {logging_mixin.py:188} INFO - [2024-05-25T03:37:44.241+0530] {dagbag.py:540} INFO - Filling up the DagBag from /home/wsl/airflow_venv/lib/python3.10/site-packages/airflow/example_dags/example_subdag_operator.py
[2024-05-25T03:37:44.274+0530] {processor.py:840} INFO - DAG(s) 'example_subdag_operator.section-1', 'example_subdag_operator.section-2', 'example_subdag_operator' retrieved from /home/wsl/airflow_venv/lib/python3.10/site-packages/airflow/example_dags/example_subdag_operator.py
[2024-05-25T03:37:44.289+0530] {logging_mixin.py:188} INFO - [2024-05-25T03:37:44.289+0530] {dag.py:3096} INFO - Sync 3 DAGs
[2024-05-25T03:37:44.310+0530] {logging_mixin.py:188} INFO - [2024-05-25T03:37:44.310+0530] {dag.py:3954} INFO - Setting next_dagrun for example_subdag_operator to 2022-01-01 00:00:00+00:00, run_after=2022-01-01 00:00:00+00:00
[2024-05-25T03:37:44.313+0530] {logging_mixin.py:188} INFO - [2024-05-25T03:37:44.313+0530] {dag.py:3954} INFO - Setting next_dagrun for example_subdag_operator.section-1 to None, run_after=None
[2024-05-25T03:37:44.314+0530] {logging_mixin.py:188} INFO - [2024-05-25T03:37:44.314+0530] {dag.py:3954} INFO - Setting next_dagrun for example_subdag_operator.section-2 to None, run_after=None
[2024-05-25T03:37:44.320+0530] {logging_mixin.py:188} INFO - [2024-05-25T03:37:44.320+0530] {dag.py:3096} INFO - Sync 2 DAGs
[2024-05-25T03:37:44.325+0530] {logging_mixin.py:188} INFO - [2024-05-25T03:37:44.325+0530] {dag.py:3954} INFO - Setting next_dagrun for example_subdag_operator.section-1 to None, run_after=None
[2024-05-25T03:37:44.325+0530] {logging_mixin.py:188} INFO - [2024-05-25T03:37:44.325+0530] {dag.py:3954} INFO - Setting next_dagrun for example_subdag_operator.section-2 to None, run_after=None
[2024-05-25T03:37:44.343+0530] {processor.py:183} INFO - Processing /home/wsl/airflow_venv/lib/python3.10/site-packages/airflow/example_dags/example_subdag_operator.py took 0.122 seconds
[2024-05-25T03:38:34.227+0530] {processor.py:161} INFO - Started process (PID=2847) to work on /home/wsl/airflow_venv/lib/python3.10/site-packages/airflow/example_dags/example_subdag_operator.py
[2024-05-25T03:38:34.230+0530] {processor.py:830} INFO - Processing file /home/wsl/airflow_venv/lib/python3.10/site-packages/airflow/example_dags/example_subdag_operator.py for tasks to queue
[2024-05-25T03:38:34.233+0530] {logging_mixin.py:188} INFO - [2024-05-25T03:38:34.233+0530] {dagbag.py:540} INFO - Filling up the DagBag from /home/wsl/airflow_venv/lib/python3.10/site-packages/airflow/example_dags/example_subdag_operator.py
[2024-05-25T03:38:34.259+0530] {processor.py:840} INFO - DAG(s) 'example_subdag_operator.section-1', 'example_subdag_operator.section-2', 'example_subdag_operator' retrieved from /home/wsl/airflow_venv/lib/python3.10/site-packages/airflow/example_dags/example_subdag_operator.py
[2024-05-25T03:38:34.277+0530] {logging_mixin.py:188} INFO - [2024-05-25T03:38:34.276+0530] {dag.py:3096} INFO - Sync 3 DAGs
[2024-05-25T03:38:34.296+0530] {logging_mixin.py:188} INFO - [2024-05-25T03:38:34.296+0530] {dag.py:3954} INFO - Setting next_dagrun for example_subdag_operator to 2022-01-01 00:00:00+00:00, run_after=2022-01-01 00:00:00+00:00
[2024-05-25T03:38:34.299+0530] {logging_mixin.py:188} INFO - [2024-05-25T03:38:34.299+0530] {dag.py:3954} INFO - Setting next_dagrun for example_subdag_operator.section-1 to None, run_after=None
[2024-05-25T03:38:34.301+0530] {logging_mixin.py:188} INFO - [2024-05-25T03:38:34.300+0530] {dag.py:3954} INFO - Setting next_dagrun for example_subdag_operator.section-2 to None, run_after=None
[2024-05-25T03:38:34.307+0530] {logging_mixin.py:188} INFO - [2024-05-25T03:38:34.307+0530] {dag.py:3096} INFO - Sync 2 DAGs
[2024-05-25T03:38:34.312+0530] {logging_mixin.py:188} INFO - [2024-05-25T03:38:34.312+0530] {dag.py:3954} INFO - Setting next_dagrun for example_subdag_operator.section-1 to None, run_after=None
[2024-05-25T03:38:34.312+0530] {logging_mixin.py:188} INFO - [2024-05-25T03:38:34.312+0530] {dag.py:3954} INFO - Setting next_dagrun for example_subdag_operator.section-2 to None, run_after=None
[2024-05-25T03:38:34.334+0530] {processor.py:183} INFO - Processing /home/wsl/airflow_venv/lib/python3.10/site-packages/airflow/example_dags/example_subdag_operator.py took 0.116 seconds
[2024-05-25T03:39:28.350+0530] {processor.py:161} INFO - Started process (PID=3100) to work on /home/wsl/airflow_venv/lib/python3.10/site-packages/airflow/example_dags/example_subdag_operator.py
[2024-05-25T03:39:28.353+0530] {processor.py:830} INFO - Processing file /home/wsl/airflow_venv/lib/python3.10/site-packages/airflow/example_dags/example_subdag_operator.py for tasks to queue
[2024-05-25T03:39:28.356+0530] {logging_mixin.py:188} INFO - [2024-05-25T03:39:28.355+0530] {dagbag.py:540} INFO - Filling up the DagBag from /home/wsl/airflow_venv/lib/python3.10/site-packages/airflow/example_dags/example_subdag_operator.py
[2024-05-25T03:39:28.379+0530] {processor.py:840} INFO - DAG(s) 'example_subdag_operator.section-1', 'example_subdag_operator.section-2', 'example_subdag_operator' retrieved from /home/wsl/airflow_venv/lib/python3.10/site-packages/airflow/example_dags/example_subdag_operator.py
[2024-05-25T03:39:28.396+0530] {logging_mixin.py:188} INFO - [2024-05-25T03:39:28.395+0530] {dag.py:3096} INFO - Sync 3 DAGs
[2024-05-25T03:39:28.415+0530] {logging_mixin.py:188} INFO - [2024-05-25T03:39:28.415+0530] {dag.py:3954} INFO - Setting next_dagrun for example_subdag_operator to 2022-01-01 00:00:00+00:00, run_after=2022-01-01 00:00:00+00:00
[2024-05-25T03:39:28.419+0530] {logging_mixin.py:188} INFO - [2024-05-25T03:39:28.418+0530] {dag.py:3954} INFO - Setting next_dagrun for example_subdag_operator.section-1 to None, run_after=None
[2024-05-25T03:39:28.420+0530] {logging_mixin.py:188} INFO - [2024-05-25T03:39:28.419+0530] {dag.py:3954} INFO - Setting next_dagrun for example_subdag_operator.section-2 to None, run_after=None
[2024-05-25T03:39:28.426+0530] {logging_mixin.py:188} INFO - [2024-05-25T03:39:28.426+0530] {dag.py:3096} INFO - Sync 2 DAGs
[2024-05-25T03:39:28.430+0530] {logging_mixin.py:188} INFO - [2024-05-25T03:39:28.430+0530] {dag.py:3954} INFO - Setting next_dagrun for example_subdag_operator.section-1 to None, run_after=None
[2024-05-25T03:39:28.430+0530] {logging_mixin.py:188} INFO - [2024-05-25T03:39:28.430+0530] {dag.py:3954} INFO - Setting next_dagrun for example_subdag_operator.section-2 to None, run_after=None
[2024-05-25T03:39:28.450+0530] {processor.py:183} INFO - Processing /home/wsl/airflow_venv/lib/python3.10/site-packages/airflow/example_dags/example_subdag_operator.py took 0.109 seconds
[2024-05-25T03:40:27.545+0530] {processor.py:161} INFO - Started process (PID=3467) to work on /home/wsl/airflow_venv/lib/python3.10/site-packages/airflow/example_dags/example_subdag_operator.py
[2024-05-25T03:40:27.548+0530] {processor.py:830} INFO - Processing file /home/wsl/airflow_venv/lib/python3.10/site-packages/airflow/example_dags/example_subdag_operator.py for tasks to queue
[2024-05-25T03:40:27.551+0530] {logging_mixin.py:188} INFO - [2024-05-25T03:40:27.550+0530] {dagbag.py:540} INFO - Filling up the DagBag from /home/wsl/airflow_venv/lib/python3.10/site-packages/airflow/example_dags/example_subdag_operator.py
[2024-05-25T03:40:27.574+0530] {processor.py:840} INFO - DAG(s) 'example_subdag_operator.section-1', 'example_subdag_operator.section-2', 'example_subdag_operator' retrieved from /home/wsl/airflow_venv/lib/python3.10/site-packages/airflow/example_dags/example_subdag_operator.py
[2024-05-25T03:40:27.589+0530] {logging_mixin.py:188} INFO - [2024-05-25T03:40:27.589+0530] {dag.py:3096} INFO - Sync 3 DAGs
[2024-05-25T03:40:27.610+0530] {logging_mixin.py:188} INFO - [2024-05-25T03:40:27.610+0530] {dag.py:3954} INFO - Setting next_dagrun for example_subdag_operator to 2022-01-01 00:00:00+00:00, run_after=2022-01-01 00:00:00+00:00
[2024-05-25T03:40:27.614+0530] {logging_mixin.py:188} INFO - [2024-05-25T03:40:27.613+0530] {dag.py:3954} INFO - Setting next_dagrun for example_subdag_operator.section-1 to None, run_after=None
[2024-05-25T03:40:27.615+0530] {logging_mixin.py:188} INFO - [2024-05-25T03:40:27.615+0530] {dag.py:3954} INFO - Setting next_dagrun for example_subdag_operator.section-2 to None, run_after=None
[2024-05-25T03:40:27.621+0530] {logging_mixin.py:188} INFO - [2024-05-25T03:40:27.621+0530] {dag.py:3096} INFO - Sync 2 DAGs
[2024-05-25T03:40:27.625+0530] {logging_mixin.py:188} INFO - [2024-05-25T03:40:27.625+0530] {dag.py:3954} INFO - Setting next_dagrun for example_subdag_operator.section-1 to None, run_after=None
[2024-05-25T03:40:27.626+0530] {logging_mixin.py:188} INFO - [2024-05-25T03:40:27.626+0530] {dag.py:3954} INFO - Setting next_dagrun for example_subdag_operator.section-2 to None, run_after=None
[2024-05-25T03:40:27.646+0530] {processor.py:183} INFO - Processing /home/wsl/airflow_venv/lib/python3.10/site-packages/airflow/example_dags/example_subdag_operator.py took 0.115 seconds
[2024-05-25T03:41:23.479+0530] {processor.py:161} INFO - Started process (PID=3731) to work on /home/wsl/airflow_venv/lib/python3.10/site-packages/airflow/example_dags/example_subdag_operator.py
[2024-05-25T03:41:23.481+0530] {processor.py:830} INFO - Processing file /home/wsl/airflow_venv/lib/python3.10/site-packages/airflow/example_dags/example_subdag_operator.py for tasks to queue
[2024-05-25T03:41:23.483+0530] {logging_mixin.py:188} INFO - [2024-05-25T03:41:23.483+0530] {dagbag.py:540} INFO - Filling up the DagBag from /home/wsl/airflow_venv/lib/python3.10/site-packages/airflow/example_dags/example_subdag_operator.py
[2024-05-25T03:41:23.510+0530] {processor.py:840} INFO - DAG(s) 'example_subdag_operator.section-1', 'example_subdag_operator.section-2', 'example_subdag_operator' retrieved from /home/wsl/airflow_venv/lib/python3.10/site-packages/airflow/example_dags/example_subdag_operator.py
[2024-05-25T03:41:23.525+0530] {logging_mixin.py:188} INFO - [2024-05-25T03:41:23.525+0530] {dag.py:3096} INFO - Sync 3 DAGs
[2024-05-25T03:41:23.546+0530] {logging_mixin.py:188} INFO - [2024-05-25T03:41:23.545+0530] {dag.py:3954} INFO - Setting next_dagrun for example_subdag_operator to 2022-01-01 00:00:00+00:00, run_after=2022-01-01 00:00:00+00:00
[2024-05-25T03:41:23.550+0530] {logging_mixin.py:188} INFO - [2024-05-25T03:41:23.550+0530] {dag.py:3954} INFO - Setting next_dagrun for example_subdag_operator.section-1 to None, run_after=None
[2024-05-25T03:41:23.551+0530] {logging_mixin.py:188} INFO - [2024-05-25T03:41:23.551+0530] {dag.py:3954} INFO - Setting next_dagrun for example_subdag_operator.section-2 to None, run_after=None
[2024-05-25T03:41:23.558+0530] {logging_mixin.py:188} INFO - [2024-05-25T03:41:23.557+0530] {dag.py:3096} INFO - Sync 2 DAGs
[2024-05-25T03:41:23.562+0530] {logging_mixin.py:188} INFO - [2024-05-25T03:41:23.562+0530] {dag.py:3954} INFO - Setting next_dagrun for example_subdag_operator.section-1 to None, run_after=None
[2024-05-25T03:41:23.562+0530] {logging_mixin.py:188} INFO - [2024-05-25T03:41:23.562+0530] {dag.py:3954} INFO - Setting next_dagrun for example_subdag_operator.section-2 to None, run_after=None
[2024-05-25T03:41:23.582+0530] {processor.py:183} INFO - Processing /home/wsl/airflow_venv/lib/python3.10/site-packages/airflow/example_dags/example_subdag_operator.py took 0.112 seconds
[2024-05-25T03:42:19.586+0530] {processor.py:161} INFO - Started process (PID=3995) to work on /home/wsl/airflow_venv/lib/python3.10/site-packages/airflow/example_dags/example_subdag_operator.py
[2024-05-25T03:42:19.588+0530] {processor.py:830} INFO - Processing file /home/wsl/airflow_venv/lib/python3.10/site-packages/airflow/example_dags/example_subdag_operator.py for tasks to queue
[2024-05-25T03:42:19.590+0530] {logging_mixin.py:188} INFO - [2024-05-25T03:42:19.589+0530] {dagbag.py:540} INFO - Filling up the DagBag from /home/wsl/airflow_venv/lib/python3.10/site-packages/airflow/example_dags/example_subdag_operator.py
[2024-05-25T03:42:19.620+0530] {processor.py:840} INFO - DAG(s) 'example_subdag_operator.section-1', 'example_subdag_operator.section-2', 'example_subdag_operator' retrieved from /home/wsl/airflow_venv/lib/python3.10/site-packages/airflow/example_dags/example_subdag_operator.py
[2024-05-25T03:42:19.638+0530] {logging_mixin.py:188} INFO - [2024-05-25T03:42:19.638+0530] {dag.py:3096} INFO - Sync 3 DAGs
[2024-05-25T03:42:19.659+0530] {logging_mixin.py:188} INFO - [2024-05-25T03:42:19.658+0530] {dag.py:3954} INFO - Setting next_dagrun for example_subdag_operator to 2022-01-01 00:00:00+00:00, run_after=2022-01-01 00:00:00+00:00
[2024-05-25T03:42:19.662+0530] {logging_mixin.py:188} INFO - [2024-05-25T03:42:19.662+0530] {dag.py:3954} INFO - Setting next_dagrun for example_subdag_operator.section-1 to None, run_after=None
[2024-05-25T03:42:19.663+0530] {logging_mixin.py:188} INFO - [2024-05-25T03:42:19.663+0530] {dag.py:3954} INFO - Setting next_dagrun for example_subdag_operator.section-2 to None, run_after=None
[2024-05-25T03:42:19.670+0530] {logging_mixin.py:188} INFO - [2024-05-25T03:42:19.670+0530] {dag.py:3096} INFO - Sync 2 DAGs
[2024-05-25T03:42:19.675+0530] {logging_mixin.py:188} INFO - [2024-05-25T03:42:19.674+0530] {dag.py:3954} INFO - Setting next_dagrun for example_subdag_operator.section-1 to None, run_after=None
[2024-05-25T03:42:19.675+0530] {logging_mixin.py:188} INFO - [2024-05-25T03:42:19.675+0530] {dag.py:3954} INFO - Setting next_dagrun for example_subdag_operator.section-2 to None, run_after=None
[2024-05-25T03:42:19.697+0530] {processor.py:183} INFO - Processing /home/wsl/airflow_venv/lib/python3.10/site-packages/airflow/example_dags/example_subdag_operator.py took 0.121 seconds
[2024-05-25T03:43:12.087+0530] {processor.py:161} INFO - Started process (PID=4246) to work on /home/wsl/airflow_venv/lib/python3.10/site-packages/airflow/example_dags/example_subdag_operator.py
[2024-05-25T03:43:12.089+0530] {processor.py:830} INFO - Processing file /home/wsl/airflow_venv/lib/python3.10/site-packages/airflow/example_dags/example_subdag_operator.py for tasks to queue
[2024-05-25T03:43:12.092+0530] {logging_mixin.py:188} INFO - [2024-05-25T03:43:12.092+0530] {dagbag.py:540} INFO - Filling up the DagBag from /home/wsl/airflow_venv/lib/python3.10/site-packages/airflow/example_dags/example_subdag_operator.py
[2024-05-25T03:43:12.127+0530] {processor.py:840} INFO - DAG(s) 'example_subdag_operator.section-1', 'example_subdag_operator.section-2', 'example_subdag_operator' retrieved from /home/wsl/airflow_venv/lib/python3.10/site-packages/airflow/example_dags/example_subdag_operator.py
[2024-05-25T03:43:12.145+0530] {logging_mixin.py:188} INFO - [2024-05-25T03:43:12.145+0530] {dag.py:3096} INFO - Sync 3 DAGs
[2024-05-25T03:43:12.172+0530] {logging_mixin.py:188} INFO - [2024-05-25T03:43:12.172+0530] {dag.py:3954} INFO - Setting next_dagrun for example_subdag_operator to 2022-01-01 00:00:00+00:00, run_after=2022-01-01 00:00:00+00:00
[2024-05-25T03:43:12.176+0530] {logging_mixin.py:188} INFO - [2024-05-25T03:43:12.175+0530] {dag.py:3954} INFO - Setting next_dagrun for example_subdag_operator.section-1 to None, run_after=None
[2024-05-25T03:43:12.177+0530] {logging_mixin.py:188} INFO - [2024-05-25T03:43:12.177+0530] {dag.py:3954} INFO - Setting next_dagrun for example_subdag_operator.section-2 to None, run_after=None
[2024-05-25T03:43:12.188+0530] {logging_mixin.py:188} INFO - [2024-05-25T03:43:12.188+0530] {dag.py:3096} INFO - Sync 2 DAGs
[2024-05-25T03:43:12.195+0530] {logging_mixin.py:188} INFO - [2024-05-25T03:43:12.195+0530] {dag.py:3954} INFO - Setting next_dagrun for example_subdag_operator.section-1 to None, run_after=None
[2024-05-25T03:43:12.195+0530] {logging_mixin.py:188} INFO - [2024-05-25T03:43:12.195+0530] {dag.py:3954} INFO - Setting next_dagrun for example_subdag_operator.section-2 to None, run_after=None
[2024-05-25T03:43:12.216+0530] {processor.py:183} INFO - Processing /home/wsl/airflow_venv/lib/python3.10/site-packages/airflow/example_dags/example_subdag_operator.py took 0.139 seconds
[2024-05-25T03:44:29.339+0530] {processor.py:161} INFO - Started process (PID=4585) to work on /home/wsl/airflow_venv/lib/python3.10/site-packages/airflow/example_dags/example_subdag_operator.py
[2024-05-25T03:44:29.928+0530] {processor.py:830} INFO - Processing file /home/wsl/airflow_venv/lib/python3.10/site-packages/airflow/example_dags/example_subdag_operator.py for tasks to queue
[2024-05-25T03:44:29.933+0530] {logging_mixin.py:188} INFO - [2024-05-25T03:44:29.932+0530] {dagbag.py:540} INFO - Filling up the DagBag from /home/wsl/airflow_venv/lib/python3.10/site-packages/airflow/example_dags/example_subdag_operator.py
[2024-05-25T03:44:29.964+0530] {processor.py:840} INFO - DAG(s) 'example_subdag_operator.section-1', 'example_subdag_operator.section-2', 'example_subdag_operator' retrieved from /home/wsl/airflow_venv/lib/python3.10/site-packages/airflow/example_dags/example_subdag_operator.py
[2024-05-25T03:44:29.988+0530] {logging_mixin.py:188} INFO - [2024-05-25T03:44:29.987+0530] {dag.py:3096} INFO - Sync 3 DAGs
[2024-05-25T03:44:30.016+0530] {logging_mixin.py:188} INFO - [2024-05-25T03:44:30.016+0530] {dag.py:3954} INFO - Setting next_dagrun for example_subdag_operator to 2022-01-01 00:00:00+00:00, run_after=2022-01-01 00:00:00+00:00
[2024-05-25T03:44:30.021+0530] {logging_mixin.py:188} INFO - [2024-05-25T03:44:30.021+0530] {dag.py:3954} INFO - Setting next_dagrun for example_subdag_operator.section-1 to None, run_after=None
[2024-05-25T03:44:30.023+0530] {logging_mixin.py:188} INFO - [2024-05-25T03:44:30.023+0530] {dag.py:3954} INFO - Setting next_dagrun for example_subdag_operator.section-2 to None, run_after=None
[2024-05-25T03:44:30.033+0530] {logging_mixin.py:188} INFO - [2024-05-25T03:44:30.033+0530] {dag.py:3096} INFO - Sync 2 DAGs
[2024-05-25T03:44:30.038+0530] {logging_mixin.py:188} INFO - [2024-05-25T03:44:30.037+0530] {dag.py:3954} INFO - Setting next_dagrun for example_subdag_operator.section-1 to None, run_after=None
[2024-05-25T03:44:30.038+0530] {logging_mixin.py:188} INFO - [2024-05-25T03:44:30.038+0530] {dag.py:3954} INFO - Setting next_dagrun for example_subdag_operator.section-2 to None, run_after=None
[2024-05-25T03:44:33.782+0530] {processor.py:183} INFO - Processing /home/wsl/airflow_venv/lib/python3.10/site-packages/airflow/example_dags/example_subdag_operator.py took 4.452 seconds
[2024-05-25T03:45:43.210+0530] {processor.py:161} INFO - Started process (PID=4876) to work on /home/wsl/airflow_venv/lib/python3.10/site-packages/airflow/example_dags/example_subdag_operator.py
[2024-05-25T03:45:43.211+0530] {processor.py:830} INFO - Processing file /home/wsl/airflow_venv/lib/python3.10/site-packages/airflow/example_dags/example_subdag_operator.py for tasks to queue
[2024-05-25T03:45:43.214+0530] {logging_mixin.py:188} INFO - [2024-05-25T03:45:43.213+0530] {dagbag.py:540} INFO - Filling up the DagBag from /home/wsl/airflow_venv/lib/python3.10/site-packages/airflow/example_dags/example_subdag_operator.py
[2024-05-25T03:45:43.239+0530] {processor.py:840} INFO - DAG(s) 'example_subdag_operator.section-1', 'example_subdag_operator.section-2', 'example_subdag_operator' retrieved from /home/wsl/airflow_venv/lib/python3.10/site-packages/airflow/example_dags/example_subdag_operator.py
[2024-05-25T03:45:43.255+0530] {logging_mixin.py:188} INFO - [2024-05-25T03:45:43.254+0530] {dag.py:3096} INFO - Sync 3 DAGs
[2024-05-25T03:45:43.275+0530] {logging_mixin.py:188} INFO - [2024-05-25T03:45:43.275+0530] {dag.py:3954} INFO - Setting next_dagrun for example_subdag_operator to 2022-01-01 00:00:00+00:00, run_after=2022-01-01 00:00:00+00:00
[2024-05-25T03:45:43.279+0530] {logging_mixin.py:188} INFO - [2024-05-25T03:45:43.278+0530] {dag.py:3954} INFO - Setting next_dagrun for example_subdag_operator.section-1 to None, run_after=None
[2024-05-25T03:45:43.280+0530] {logging_mixin.py:188} INFO - [2024-05-25T03:45:43.279+0530] {dag.py:3954} INFO - Setting next_dagrun for example_subdag_operator.section-2 to None, run_after=None
[2024-05-25T03:45:43.286+0530] {logging_mixin.py:188} INFO - [2024-05-25T03:45:43.285+0530] {dag.py:3096} INFO - Sync 2 DAGs
[2024-05-25T03:45:43.290+0530] {logging_mixin.py:188} INFO - [2024-05-25T03:45:43.290+0530] {dag.py:3954} INFO - Setting next_dagrun for example_subdag_operator.section-1 to None, run_after=None
[2024-05-25T03:45:43.291+0530] {logging_mixin.py:188} INFO - [2024-05-25T03:45:43.291+0530] {dag.py:3954} INFO - Setting next_dagrun for example_subdag_operator.section-2 to None, run_after=None
[2024-05-25T03:45:43.312+0530] {processor.py:183} INFO - Processing /home/wsl/airflow_venv/lib/python3.10/site-packages/airflow/example_dags/example_subdag_operator.py took 0.110 seconds
[2024-05-25T03:46:41.724+0530] {processor.py:161} INFO - Started process (PID=5152) to work on /home/wsl/airflow_venv/lib/python3.10/site-packages/airflow/example_dags/example_subdag_operator.py
[2024-05-25T03:46:41.726+0530] {processor.py:830} INFO - Processing file /home/wsl/airflow_venv/lib/python3.10/site-packages/airflow/example_dags/example_subdag_operator.py for tasks to queue
[2024-05-25T03:46:41.729+0530] {logging_mixin.py:188} INFO - [2024-05-25T03:46:41.728+0530] {dagbag.py:540} INFO - Filling up the DagBag from /home/wsl/airflow_venv/lib/python3.10/site-packages/airflow/example_dags/example_subdag_operator.py
[2024-05-25T03:46:41.756+0530] {processor.py:840} INFO - DAG(s) 'example_subdag_operator.section-1', 'example_subdag_operator.section-2', 'example_subdag_operator' retrieved from /home/wsl/airflow_venv/lib/python3.10/site-packages/airflow/example_dags/example_subdag_operator.py
[2024-05-25T03:46:41.778+0530] {logging_mixin.py:188} INFO - [2024-05-25T03:46:41.778+0530] {dag.py:3096} INFO - Sync 3 DAGs
[2024-05-25T03:46:41.800+0530] {logging_mixin.py:188} INFO - [2024-05-25T03:46:41.799+0530] {dag.py:3954} INFO - Setting next_dagrun for example_subdag_operator to 2022-01-01 00:00:00+00:00, run_after=2022-01-01 00:00:00+00:00
[2024-05-25T03:46:41.804+0530] {logging_mixin.py:188} INFO - [2024-05-25T03:46:41.803+0530] {dag.py:3954} INFO - Setting next_dagrun for example_subdag_operator.section-1 to None, run_after=None
[2024-05-25T03:46:41.805+0530] {logging_mixin.py:188} INFO - [2024-05-25T03:46:41.805+0530] {dag.py:3954} INFO - Setting next_dagrun for example_subdag_operator.section-2 to None, run_after=None
[2024-05-25T03:46:41.812+0530] {logging_mixin.py:188} INFO - [2024-05-25T03:46:41.812+0530] {dag.py:3096} INFO - Sync 2 DAGs
[2024-05-25T03:46:41.818+0530] {logging_mixin.py:188} INFO - [2024-05-25T03:46:41.818+0530] {dag.py:3954} INFO - Setting next_dagrun for example_subdag_operator.section-1 to None, run_after=None
[2024-05-25T03:46:41.818+0530] {logging_mixin.py:188} INFO - [2024-05-25T03:46:41.818+0530] {dag.py:3954} INFO - Setting next_dagrun for example_subdag_operator.section-2 to None, run_after=None
[2024-05-25T03:46:41.839+0530] {processor.py:183} INFO - Processing /home/wsl/airflow_venv/lib/python3.10/site-packages/airflow/example_dags/example_subdag_operator.py took 0.128 seconds
[2024-05-25T03:47:38.654+0530] {processor.py:161} INFO - Started process (PID=5421) to work on /home/wsl/airflow_venv/lib/python3.10/site-packages/airflow/example_dags/example_subdag_operator.py
[2024-05-25T03:47:38.656+0530] {processor.py:830} INFO - Processing file /home/wsl/airflow_venv/lib/python3.10/site-packages/airflow/example_dags/example_subdag_operator.py for tasks to queue
[2024-05-25T03:47:38.658+0530] {logging_mixin.py:188} INFO - [2024-05-25T03:47:38.658+0530] {dagbag.py:540} INFO - Filling up the DagBag from /home/wsl/airflow_venv/lib/python3.10/site-packages/airflow/example_dags/example_subdag_operator.py
[2024-05-25T03:47:38.682+0530] {processor.py:840} INFO - DAG(s) 'example_subdag_operator.section-1', 'example_subdag_operator.section-2', 'example_subdag_operator' retrieved from /home/wsl/airflow_venv/lib/python3.10/site-packages/airflow/example_dags/example_subdag_operator.py
[2024-05-25T03:47:38.697+0530] {logging_mixin.py:188} INFO - [2024-05-25T03:47:38.696+0530] {dag.py:3096} INFO - Sync 3 DAGs
[2024-05-25T03:47:38.720+0530] {logging_mixin.py:188} INFO - [2024-05-25T03:47:38.720+0530] {dag.py:3954} INFO - Setting next_dagrun for example_subdag_operator to 2022-01-01 00:00:00+00:00, run_after=2022-01-01 00:00:00+00:00
[2024-05-25T03:47:38.727+0530] {logging_mixin.py:188} INFO - [2024-05-25T03:47:38.726+0530] {dag.py:3954} INFO - Setting next_dagrun for example_subdag_operator.section-1 to None, run_after=None
[2024-05-25T03:47:38.729+0530] {logging_mixin.py:188} INFO - [2024-05-25T03:47:38.729+0530] {dag.py:3954} INFO - Setting next_dagrun for example_subdag_operator.section-2 to None, run_after=None
[2024-05-25T03:47:38.740+0530] {logging_mixin.py:188} INFO - [2024-05-25T03:47:38.740+0530] {dag.py:3096} INFO - Sync 2 DAGs
[2024-05-25T03:47:38.747+0530] {logging_mixin.py:188} INFO - [2024-05-25T03:47:38.746+0530] {dag.py:3954} INFO - Setting next_dagrun for example_subdag_operator.section-1 to None, run_after=None
[2024-05-25T03:47:38.747+0530] {logging_mixin.py:188} INFO - [2024-05-25T03:47:38.747+0530] {dag.py:3954} INFO - Setting next_dagrun for example_subdag_operator.section-2 to None, run_after=None
[2024-05-25T03:47:38.770+0530] {processor.py:183} INFO - Processing /home/wsl/airflow_venv/lib/python3.10/site-packages/airflow/example_dags/example_subdag_operator.py took 0.124 seconds
[2024-05-25T03:48:29.941+0530] {processor.py:161} INFO - Started process (PID=5666) to work on /home/wsl/airflow_venv/lib/python3.10/site-packages/airflow/example_dags/example_subdag_operator.py
[2024-05-25T03:48:29.944+0530] {processor.py:830} INFO - Processing file /home/wsl/airflow_venv/lib/python3.10/site-packages/airflow/example_dags/example_subdag_operator.py for tasks to queue
[2024-05-25T03:48:29.947+0530] {logging_mixin.py:188} INFO - [2024-05-25T03:48:29.946+0530] {dagbag.py:540} INFO - Filling up the DagBag from /home/wsl/airflow_venv/lib/python3.10/site-packages/airflow/example_dags/example_subdag_operator.py
[2024-05-25T03:48:29.974+0530] {processor.py:840} INFO - DAG(s) 'example_subdag_operator.section-1', 'example_subdag_operator.section-2', 'example_subdag_operator' retrieved from /home/wsl/airflow_venv/lib/python3.10/site-packages/airflow/example_dags/example_subdag_operator.py
[2024-05-25T03:48:29.992+0530] {logging_mixin.py:188} INFO - [2024-05-25T03:48:29.992+0530] {dag.py:3096} INFO - Sync 3 DAGs
[2024-05-25T03:48:30.014+0530] {logging_mixin.py:188} INFO - [2024-05-25T03:48:30.014+0530] {dag.py:3954} INFO - Setting next_dagrun for example_subdag_operator to 2022-01-01 00:00:00+00:00, run_after=2022-01-01 00:00:00+00:00
[2024-05-25T03:48:30.019+0530] {logging_mixin.py:188} INFO - [2024-05-25T03:48:30.018+0530] {dag.py:3954} INFO - Setting next_dagrun for example_subdag_operator.section-1 to None, run_after=None
[2024-05-25T03:48:30.020+0530] {logging_mixin.py:188} INFO - [2024-05-25T03:48:30.020+0530] {dag.py:3954} INFO - Setting next_dagrun for example_subdag_operator.section-2 to None, run_after=None
[2024-05-25T03:48:30.026+0530] {logging_mixin.py:188} INFO - [2024-05-25T03:48:30.026+0530] {dag.py:3096} INFO - Sync 2 DAGs
[2024-05-25T03:48:30.031+0530] {logging_mixin.py:188} INFO - [2024-05-25T03:48:30.031+0530] {dag.py:3954} INFO - Setting next_dagrun for example_subdag_operator.section-1 to None, run_after=None
[2024-05-25T03:48:30.031+0530] {logging_mixin.py:188} INFO - [2024-05-25T03:48:30.031+0530] {dag.py:3954} INFO - Setting next_dagrun for example_subdag_operator.section-2 to None, run_after=None
[2024-05-25T03:48:30.054+0530] {processor.py:183} INFO - Processing /home/wsl/airflow_venv/lib/python3.10/site-packages/airflow/example_dags/example_subdag_operator.py took 0.121 seconds
[2024-05-25T03:49:21.021+0530] {processor.py:161} INFO - Started process (PID=5911) to work on /home/wsl/airflow_venv/lib/python3.10/site-packages/airflow/example_dags/example_subdag_operator.py
[2024-05-25T03:49:21.028+0530] {processor.py:830} INFO - Processing file /home/wsl/airflow_venv/lib/python3.10/site-packages/airflow/example_dags/example_subdag_operator.py for tasks to queue
[2024-05-25T03:49:21.031+0530] {logging_mixin.py:188} INFO - [2024-05-25T03:49:21.031+0530] {dagbag.py:540} INFO - Filling up the DagBag from /home/wsl/airflow_venv/lib/python3.10/site-packages/airflow/example_dags/example_subdag_operator.py
[2024-05-25T03:49:21.124+0530] {processor.py:840} INFO - DAG(s) 'example_subdag_operator.section-1', 'example_subdag_operator.section-2', 'example_subdag_operator' retrieved from /home/wsl/airflow_venv/lib/python3.10/site-packages/airflow/example_dags/example_subdag_operator.py
[2024-05-25T03:49:21.208+0530] {logging_mixin.py:188} INFO - [2024-05-25T03:49:21.207+0530] {dag.py:3096} INFO - Sync 3 DAGs
[2024-05-25T03:49:21.292+0530] {logging_mixin.py:188} INFO - [2024-05-25T03:49:21.291+0530] {dag.py:3954} INFO - Setting next_dagrun for example_subdag_operator to 2022-01-01 00:00:00+00:00, run_after=2022-01-01 00:00:00+00:00
[2024-05-25T03:49:21.299+0530] {logging_mixin.py:188} INFO - [2024-05-25T03:49:21.298+0530] {dag.py:3954} INFO - Setting next_dagrun for example_subdag_operator.section-1 to None, run_after=None
[2024-05-25T03:49:21.300+0530] {logging_mixin.py:188} INFO - [2024-05-25T03:49:21.300+0530] {dag.py:3954} INFO - Setting next_dagrun for example_subdag_operator.section-2 to None, run_after=None
[2024-05-25T03:49:21.312+0530] {logging_mixin.py:188} INFO - [2024-05-25T03:49:21.312+0530] {dag.py:3096} INFO - Sync 2 DAGs
[2024-05-25T03:49:21.318+0530] {logging_mixin.py:188} INFO - [2024-05-25T03:49:21.317+0530] {dag.py:3954} INFO - Setting next_dagrun for example_subdag_operator.section-1 to None, run_after=None
[2024-05-25T03:49:21.319+0530] {logging_mixin.py:188} INFO - [2024-05-25T03:49:21.318+0530] {dag.py:3954} INFO - Setting next_dagrun for example_subdag_operator.section-2 to None, run_after=None
[2024-05-25T03:49:21.391+0530] {processor.py:183} INFO - Processing /home/wsl/airflow_venv/lib/python3.10/site-packages/airflow/example_dags/example_subdag_operator.py took 0.398 seconds
[2024-05-25T03:50:15.204+0530] {processor.py:161} INFO - Started process (PID=6169) to work on /home/wsl/airflow_venv/lib/python3.10/site-packages/airflow/example_dags/example_subdag_operator.py
[2024-05-25T03:50:15.206+0530] {processor.py:830} INFO - Processing file /home/wsl/airflow_venv/lib/python3.10/site-packages/airflow/example_dags/example_subdag_operator.py for tasks to queue
[2024-05-25T03:50:15.209+0530] {logging_mixin.py:188} INFO - [2024-05-25T03:50:15.208+0530] {dagbag.py:540} INFO - Filling up the DagBag from /home/wsl/airflow_venv/lib/python3.10/site-packages/airflow/example_dags/example_subdag_operator.py
[2024-05-25T03:50:15.237+0530] {processor.py:840} INFO - DAG(s) 'example_subdag_operator.section-1', 'example_subdag_operator.section-2', 'example_subdag_operator' retrieved from /home/wsl/airflow_venv/lib/python3.10/site-packages/airflow/example_dags/example_subdag_operator.py
[2024-05-25T03:50:15.256+0530] {logging_mixin.py:188} INFO - [2024-05-25T03:50:15.255+0530] {dag.py:3096} INFO - Sync 3 DAGs
[2024-05-25T03:50:15.282+0530] {logging_mixin.py:188} INFO - [2024-05-25T03:50:15.282+0530] {dag.py:3954} INFO - Setting next_dagrun for example_subdag_operator to 2022-01-01 00:00:00+00:00, run_after=2022-01-01 00:00:00+00:00
[2024-05-25T03:50:15.287+0530] {logging_mixin.py:188} INFO - [2024-05-25T03:50:15.286+0530] {dag.py:3954} INFO - Setting next_dagrun for example_subdag_operator.section-1 to None, run_after=None
[2024-05-25T03:50:15.288+0530] {logging_mixin.py:188} INFO - [2024-05-25T03:50:15.288+0530] {dag.py:3954} INFO - Setting next_dagrun for example_subdag_operator.section-2 to None, run_after=None
[2024-05-25T03:50:15.296+0530] {logging_mixin.py:188} INFO - [2024-05-25T03:50:15.295+0530] {dag.py:3096} INFO - Sync 2 DAGs
[2024-05-25T03:50:15.300+0530] {logging_mixin.py:188} INFO - [2024-05-25T03:50:15.300+0530] {dag.py:3954} INFO - Setting next_dagrun for example_subdag_operator.section-1 to None, run_after=None
[2024-05-25T03:50:15.301+0530] {logging_mixin.py:188} INFO - [2024-05-25T03:50:15.301+0530] {dag.py:3954} INFO - Setting next_dagrun for example_subdag_operator.section-2 to None, run_after=None
[2024-05-25T03:50:15.630+0530] {processor.py:183} INFO - Processing /home/wsl/airflow_venv/lib/python3.10/site-packages/airflow/example_dags/example_subdag_operator.py took 0.438 seconds
[2024-05-25T03:51:10.465+0530] {processor.py:161} INFO - Started process (PID=6432) to work on /home/wsl/airflow_venv/lib/python3.10/site-packages/airflow/example_dags/example_subdag_operator.py
[2024-05-25T03:51:10.466+0530] {processor.py:830} INFO - Processing file /home/wsl/airflow_venv/lib/python3.10/site-packages/airflow/example_dags/example_subdag_operator.py for tasks to queue
[2024-05-25T03:51:10.469+0530] {logging_mixin.py:188} INFO - [2024-05-25T03:51:10.468+0530] {dagbag.py:540} INFO - Filling up the DagBag from /home/wsl/airflow_venv/lib/python3.10/site-packages/airflow/example_dags/example_subdag_operator.py
[2024-05-25T03:51:10.499+0530] {processor.py:840} INFO - DAG(s) 'example_subdag_operator.section-1', 'example_subdag_operator.section-2', 'example_subdag_operator' retrieved from /home/wsl/airflow_venv/lib/python3.10/site-packages/airflow/example_dags/example_subdag_operator.py
[2024-05-25T03:51:10.524+0530] {logging_mixin.py:188} INFO - [2024-05-25T03:51:10.523+0530] {dag.py:3096} INFO - Sync 3 DAGs
[2024-05-25T03:51:10.549+0530] {logging_mixin.py:188} INFO - [2024-05-25T03:51:10.549+0530] {dag.py:3954} INFO - Setting next_dagrun for example_subdag_operator to 2022-01-01 00:00:00+00:00, run_after=2022-01-01 00:00:00+00:00
[2024-05-25T03:51:10.554+0530] {logging_mixin.py:188} INFO - [2024-05-25T03:51:10.554+0530] {dag.py:3954} INFO - Setting next_dagrun for example_subdag_operator.section-1 to None, run_after=None
[2024-05-25T03:51:10.556+0530] {logging_mixin.py:188} INFO - [2024-05-25T03:51:10.555+0530] {dag.py:3954} INFO - Setting next_dagrun for example_subdag_operator.section-2 to None, run_after=None
[2024-05-25T03:51:10.568+0530] {logging_mixin.py:188} INFO - [2024-05-25T03:51:10.568+0530] {dag.py:3096} INFO - Sync 2 DAGs
[2024-05-25T03:51:10.577+0530] {logging_mixin.py:188} INFO - [2024-05-25T03:51:10.577+0530] {dag.py:3954} INFO - Setting next_dagrun for example_subdag_operator.section-1 to None, run_after=None
[2024-05-25T03:51:10.578+0530] {logging_mixin.py:188} INFO - [2024-05-25T03:51:10.578+0530] {dag.py:3954} INFO - Setting next_dagrun for example_subdag_operator.section-2 to None, run_after=None
[2024-05-25T03:51:10.637+0530] {processor.py:183} INFO - Processing /home/wsl/airflow_venv/lib/python3.10/site-packages/airflow/example_dags/example_subdag_operator.py took 0.181 seconds
[2024-05-25T03:52:08.269+0530] {processor.py:161} INFO - Started process (PID=6706) to work on /home/wsl/airflow_venv/lib/python3.10/site-packages/airflow/example_dags/example_subdag_operator.py
[2024-05-25T03:52:08.271+0530] {processor.py:830} INFO - Processing file /home/wsl/airflow_venv/lib/python3.10/site-packages/airflow/example_dags/example_subdag_operator.py for tasks to queue
[2024-05-25T03:52:08.273+0530] {logging_mixin.py:188} INFO - [2024-05-25T03:52:08.272+0530] {dagbag.py:540} INFO - Filling up the DagBag from /home/wsl/airflow_venv/lib/python3.10/site-packages/airflow/example_dags/example_subdag_operator.py
[2024-05-25T03:52:08.301+0530] {processor.py:840} INFO - DAG(s) 'example_subdag_operator.section-1', 'example_subdag_operator.section-2', 'example_subdag_operator' retrieved from /home/wsl/airflow_venv/lib/python3.10/site-packages/airflow/example_dags/example_subdag_operator.py
[2024-05-25T03:52:08.320+0530] {logging_mixin.py:188} INFO - [2024-05-25T03:52:08.319+0530] {dag.py:3096} INFO - Sync 3 DAGs
[2024-05-25T03:52:08.344+0530] {logging_mixin.py:188} INFO - [2024-05-25T03:52:08.344+0530] {dag.py:3954} INFO - Setting next_dagrun for example_subdag_operator to 2022-01-01 00:00:00+00:00, run_after=2022-01-01 00:00:00+00:00
[2024-05-25T03:52:08.348+0530] {logging_mixin.py:188} INFO - [2024-05-25T03:52:08.348+0530] {dag.py:3954} INFO - Setting next_dagrun for example_subdag_operator.section-1 to None, run_after=None
[2024-05-25T03:52:08.349+0530] {logging_mixin.py:188} INFO - [2024-05-25T03:52:08.349+0530] {dag.py:3954} INFO - Setting next_dagrun for example_subdag_operator.section-2 to None, run_after=None
[2024-05-25T03:52:08.357+0530] {logging_mixin.py:188} INFO - [2024-05-25T03:52:08.357+0530] {dag.py:3096} INFO - Sync 2 DAGs
[2024-05-25T03:52:08.363+0530] {logging_mixin.py:188} INFO - [2024-05-25T03:52:08.363+0530] {dag.py:3954} INFO - Setting next_dagrun for example_subdag_operator.section-1 to None, run_after=None
[2024-05-25T03:52:08.363+0530] {logging_mixin.py:188} INFO - [2024-05-25T03:52:08.363+0530] {dag.py:3954} INFO - Setting next_dagrun for example_subdag_operator.section-2 to None, run_after=None
[2024-05-25T03:52:08.684+0530] {processor.py:183} INFO - Processing /home/wsl/airflow_venv/lib/python3.10/site-packages/airflow/example_dags/example_subdag_operator.py took 0.423 seconds
[2024-05-25T03:53:00.112+0530] {processor.py:161} INFO - Started process (PID=6954) to work on /home/wsl/airflow_venv/lib/python3.10/site-packages/airflow/example_dags/example_subdag_operator.py
[2024-05-25T03:53:00.120+0530] {processor.py:830} INFO - Processing file /home/wsl/airflow_venv/lib/python3.10/site-packages/airflow/example_dags/example_subdag_operator.py for tasks to queue
[2024-05-25T03:53:00.123+0530] {logging_mixin.py:188} INFO - [2024-05-25T03:53:00.122+0530] {dagbag.py:540} INFO - Filling up the DagBag from /home/wsl/airflow_venv/lib/python3.10/site-packages/airflow/example_dags/example_subdag_operator.py
[2024-05-25T03:53:00.166+0530] {processor.py:840} INFO - DAG(s) 'example_subdag_operator.section-1', 'example_subdag_operator.section-2', 'example_subdag_operator' retrieved from /home/wsl/airflow_venv/lib/python3.10/site-packages/airflow/example_dags/example_subdag_operator.py
[2024-05-25T03:53:00.186+0530] {logging_mixin.py:188} INFO - [2024-05-25T03:53:00.186+0530] {dag.py:3096} INFO - Sync 3 DAGs
[2024-05-25T03:53:00.219+0530] {logging_mixin.py:188} INFO - [2024-05-25T03:53:00.219+0530] {dag.py:3954} INFO - Setting next_dagrun for example_subdag_operator to 2022-01-01 00:00:00+00:00, run_after=2022-01-01 00:00:00+00:00
[2024-05-25T03:53:00.228+0530] {logging_mixin.py:188} INFO - [2024-05-25T03:53:00.227+0530] {dag.py:3954} INFO - Setting next_dagrun for example_subdag_operator.section-1 to None, run_after=None
[2024-05-25T03:53:00.230+0530] {logging_mixin.py:188} INFO - [2024-05-25T03:53:00.229+0530] {dag.py:3954} INFO - Setting next_dagrun for example_subdag_operator.section-2 to None, run_after=None
[2024-05-25T03:53:00.244+0530] {logging_mixin.py:188} INFO - [2024-05-25T03:53:00.243+0530] {dag.py:3096} INFO - Sync 2 DAGs
[2024-05-25T03:53:00.253+0530] {logging_mixin.py:188} INFO - [2024-05-25T03:53:00.252+0530] {dag.py:3954} INFO - Setting next_dagrun for example_subdag_operator.section-1 to None, run_after=None
[2024-05-25T03:53:00.253+0530] {logging_mixin.py:188} INFO - [2024-05-25T03:53:00.253+0530] {dag.py:3954} INFO - Setting next_dagrun for example_subdag_operator.section-2 to None, run_after=None
[2024-05-25T03:53:00.280+0530] {processor.py:183} INFO - Processing /home/wsl/airflow_venv/lib/python3.10/site-packages/airflow/example_dags/example_subdag_operator.py took 0.186 seconds
[2024-05-25T03:54:01.132+0530] {processor.py:161} INFO - Started process (PID=7241) to work on /home/wsl/airflow_venv/lib/python3.10/site-packages/airflow/example_dags/example_subdag_operator.py
[2024-05-25T03:54:01.134+0530] {processor.py:830} INFO - Processing file /home/wsl/airflow_venv/lib/python3.10/site-packages/airflow/example_dags/example_subdag_operator.py for tasks to queue
[2024-05-25T03:54:01.137+0530] {logging_mixin.py:188} INFO - [2024-05-25T03:54:01.136+0530] {dagbag.py:540} INFO - Filling up the DagBag from /home/wsl/airflow_venv/lib/python3.10/site-packages/airflow/example_dags/example_subdag_operator.py
[2024-05-25T03:54:01.167+0530] {processor.py:840} INFO - DAG(s) 'example_subdag_operator.section-1', 'example_subdag_operator.section-2', 'example_subdag_operator' retrieved from /home/wsl/airflow_venv/lib/python3.10/site-packages/airflow/example_dags/example_subdag_operator.py
[2024-05-25T03:54:01.182+0530] {logging_mixin.py:188} INFO - [2024-05-25T03:54:01.182+0530] {dag.py:3096} INFO - Sync 3 DAGs
[2024-05-25T03:54:01.204+0530] {logging_mixin.py:188} INFO - [2024-05-25T03:54:01.204+0530] {dag.py:3954} INFO - Setting next_dagrun for example_subdag_operator to 2022-01-01 00:00:00+00:00, run_after=2022-01-01 00:00:00+00:00
[2024-05-25T03:54:01.208+0530] {logging_mixin.py:188} INFO - [2024-05-25T03:54:01.207+0530] {dag.py:3954} INFO - Setting next_dagrun for example_subdag_operator.section-1 to None, run_after=None
[2024-05-25T03:54:01.209+0530] {logging_mixin.py:188} INFO - [2024-05-25T03:54:01.209+0530] {dag.py:3954} INFO - Setting next_dagrun for example_subdag_operator.section-2 to None, run_after=None
[2024-05-25T03:54:01.219+0530] {logging_mixin.py:188} INFO - [2024-05-25T03:54:01.218+0530] {dag.py:3096} INFO - Sync 2 DAGs
[2024-05-25T03:54:01.224+0530] {logging_mixin.py:188} INFO - [2024-05-25T03:54:01.224+0530] {dag.py:3954} INFO - Setting next_dagrun for example_subdag_operator.section-1 to None, run_after=None
[2024-05-25T03:54:01.225+0530] {logging_mixin.py:188} INFO - [2024-05-25T03:54:01.224+0530] {dag.py:3954} INFO - Setting next_dagrun for example_subdag_operator.section-2 to None, run_after=None
[2024-05-25T03:54:01.248+0530] {processor.py:183} INFO - Processing /home/wsl/airflow_venv/lib/python3.10/site-packages/airflow/example_dags/example_subdag_operator.py took 0.125 seconds
[2024-05-25T03:55:02.348+0530] {processor.py:161} INFO - Started process (PID=7531) to work on /home/wsl/airflow_venv/lib/python3.10/site-packages/airflow/example_dags/example_subdag_operator.py
[2024-05-25T03:55:02.355+0530] {processor.py:830} INFO - Processing file /home/wsl/airflow_venv/lib/python3.10/site-packages/airflow/example_dags/example_subdag_operator.py for tasks to queue
[2024-05-25T03:55:02.357+0530] {logging_mixin.py:188} INFO - [2024-05-25T03:55:02.356+0530] {dagbag.py:540} INFO - Filling up the DagBag from /home/wsl/airflow_venv/lib/python3.10/site-packages/airflow/example_dags/example_subdag_operator.py
[2024-05-25T03:55:02.379+0530] {processor.py:840} INFO - DAG(s) 'example_subdag_operator.section-1', 'example_subdag_operator.section-2', 'example_subdag_operator' retrieved from /home/wsl/airflow_venv/lib/python3.10/site-packages/airflow/example_dags/example_subdag_operator.py
[2024-05-25T03:55:02.395+0530] {logging_mixin.py:188} INFO - [2024-05-25T03:55:02.394+0530] {dag.py:3096} INFO - Sync 3 DAGs
[2024-05-25T03:55:02.414+0530] {logging_mixin.py:188} INFO - [2024-05-25T03:55:02.414+0530] {dag.py:3954} INFO - Setting next_dagrun for example_subdag_operator to 2022-01-01 00:00:00+00:00, run_after=2022-01-01 00:00:00+00:00
[2024-05-25T03:55:02.418+0530] {logging_mixin.py:188} INFO - [2024-05-25T03:55:02.418+0530] {dag.py:3954} INFO - Setting next_dagrun for example_subdag_operator.section-1 to None, run_after=None
[2024-05-25T03:55:02.419+0530] {logging_mixin.py:188} INFO - [2024-05-25T03:55:02.419+0530] {dag.py:3954} INFO - Setting next_dagrun for example_subdag_operator.section-2 to None, run_after=None
[2024-05-25T03:55:02.425+0530] {logging_mixin.py:188} INFO - [2024-05-25T03:55:02.425+0530] {dag.py:3096} INFO - Sync 2 DAGs
[2024-05-25T03:55:02.430+0530] {logging_mixin.py:188} INFO - [2024-05-25T03:55:02.429+0530] {dag.py:3954} INFO - Setting next_dagrun for example_subdag_operator.section-1 to None, run_after=None
[2024-05-25T03:55:02.430+0530] {logging_mixin.py:188} INFO - [2024-05-25T03:55:02.430+0530] {dag.py:3954} INFO - Setting next_dagrun for example_subdag_operator.section-2 to None, run_after=None
[2024-05-25T03:55:02.615+0530] {processor.py:183} INFO - Processing /home/wsl/airflow_venv/lib/python3.10/site-packages/airflow/example_dags/example_subdag_operator.py took 0.282 seconds
[2024-05-25T03:55:59.794+0530] {processor.py:161} INFO - Started process (PID=7803) to work on /home/wsl/airflow_venv/lib/python3.10/site-packages/airflow/example_dags/example_subdag_operator.py
[2024-05-25T03:55:59.798+0530] {processor.py:830} INFO - Processing file /home/wsl/airflow_venv/lib/python3.10/site-packages/airflow/example_dags/example_subdag_operator.py for tasks to queue
[2024-05-25T03:55:59.800+0530] {logging_mixin.py:188} INFO - [2024-05-25T03:55:59.800+0530] {dagbag.py:540} INFO - Filling up the DagBag from /home/wsl/airflow_venv/lib/python3.10/site-packages/airflow/example_dags/example_subdag_operator.py
[2024-05-25T03:55:59.824+0530] {processor.py:840} INFO - DAG(s) 'example_subdag_operator.section-1', 'example_subdag_operator.section-2', 'example_subdag_operator' retrieved from /home/wsl/airflow_venv/lib/python3.10/site-packages/airflow/example_dags/example_subdag_operator.py
[2024-05-25T03:55:59.841+0530] {logging_mixin.py:188} INFO - [2024-05-25T03:55:59.841+0530] {dag.py:3096} INFO - Sync 3 DAGs
[2024-05-25T03:55:59.864+0530] {logging_mixin.py:188} INFO - [2024-05-25T03:55:59.864+0530] {dag.py:3954} INFO - Setting next_dagrun for example_subdag_operator to 2022-01-01 00:00:00+00:00, run_after=2022-01-01 00:00:00+00:00
[2024-05-25T03:55:59.868+0530] {logging_mixin.py:188} INFO - [2024-05-25T03:55:59.867+0530] {dag.py:3954} INFO - Setting next_dagrun for example_subdag_operator.section-1 to None, run_after=None
[2024-05-25T03:55:59.869+0530] {logging_mixin.py:188} INFO - [2024-05-25T03:55:59.868+0530] {dag.py:3954} INFO - Setting next_dagrun for example_subdag_operator.section-2 to None, run_after=None
[2024-05-25T03:55:59.875+0530] {logging_mixin.py:188} INFO - [2024-05-25T03:55:59.874+0530] {dag.py:3096} INFO - Sync 2 DAGs
[2024-05-25T03:55:59.881+0530] {logging_mixin.py:188} INFO - [2024-05-25T03:55:59.881+0530] {dag.py:3954} INFO - Setting next_dagrun for example_subdag_operator.section-1 to None, run_after=None
[2024-05-25T03:55:59.881+0530] {logging_mixin.py:188} INFO - [2024-05-25T03:55:59.881+0530] {dag.py:3954} INFO - Setting next_dagrun for example_subdag_operator.section-2 to None, run_after=None
[2024-05-25T03:55:59.905+0530] {processor.py:183} INFO - Processing /home/wsl/airflow_venv/lib/python3.10/site-packages/airflow/example_dags/example_subdag_operator.py took 0.124 seconds
