[2024-05-25T03:33:01.624+0530] {processor.py:161} INFO - Started process (PID=1284) to work on /home/wsl/airflow_venv/lib/python3.10/site-packages/airflow/example_dags/example_display_name.py
[2024-05-25T03:33:01.626+0530] {processor.py:830} INFO - Processing file /home/wsl/airflow_venv/lib/python3.10/site-packages/airflow/example_dags/example_display_name.py for tasks to queue
[2024-05-25T03:33:01.629+0530] {logging_mixin.py:188} INFO - [2024-05-25T03:33:01.628+0530] {dagbag.py:540} INFO - Filling up the DagBag from /home/wsl/airflow_venv/lib/python3.10/site-packages/airflow/example_dags/example_display_name.py
[2024-05-25T03:33:01.640+0530] {processor.py:840} INFO - DAG(s) 'example_display_name' retrieved from /home/wsl/airflow_venv/lib/python3.10/site-packages/airflow/example_dags/example_display_name.py
[2024-05-25T03:33:01.827+0530] {logging_mixin.py:188} INFO - [2024-05-25T03:33:01.826+0530] {dag.py:3096} INFO - Sync 1 DAGs
[2024-05-25T03:33:01.844+0530] {logging_mixin.py:188} INFO - [2024-05-25T03:33:01.844+0530] {dag.py:3954} INFO - Setting next_dagrun for example_display_name to None, run_after=None
[2024-05-25T03:33:01.905+0530] {processor.py:183} INFO - Processing /home/wsl/airflow_venv/lib/python3.10/site-packages/airflow/example_dags/example_display_name.py took 0.294 seconds
[2024-05-25T03:34:26.312+0530] {processor.py:161} INFO - Started process (PID=1673) to work on /home/wsl/airflow_venv/lib/python3.10/site-packages/airflow/example_dags/example_display_name.py
[2024-05-25T03:34:26.314+0530] {processor.py:830} INFO - Processing file /home/wsl/airflow_venv/lib/python3.10/site-packages/airflow/example_dags/example_display_name.py for tasks to queue
[2024-05-25T03:34:26.316+0530] {logging_mixin.py:188} INFO - [2024-05-25T03:34:26.316+0530] {dagbag.py:540} INFO - Filling up the DagBag from /home/wsl/airflow_venv/lib/python3.10/site-packages/airflow/example_dags/example_display_name.py
[2024-05-25T03:34:26.324+0530] {processor.py:840} INFO - DAG(s) 'example_display_name' retrieved from /home/wsl/airflow_venv/lib/python3.10/site-packages/airflow/example_dags/example_display_name.py
[2024-05-25T03:34:26.343+0530] {logging_mixin.py:188} INFO - [2024-05-25T03:34:26.343+0530] {dag.py:3096} INFO - Sync 1 DAGs
[2024-05-25T03:34:26.355+0530] {logging_mixin.py:188} INFO - [2024-05-25T03:34:26.354+0530] {dag.py:3954} INFO - Setting next_dagrun for example_display_name to None, run_after=None
[2024-05-25T03:34:26.383+0530] {processor.py:183} INFO - Processing /home/wsl/airflow_venv/lib/python3.10/site-packages/airflow/example_dags/example_display_name.py took 0.081 seconds
[2024-05-25T03:35:35.890+0530] {processor.py:161} INFO - Started process (PID=2002) to work on /home/wsl/airflow_venv/lib/python3.10/site-packages/airflow/example_dags/example_display_name.py
[2024-05-25T03:35:35.891+0530] {processor.py:830} INFO - Processing file /home/wsl/airflow_venv/lib/python3.10/site-packages/airflow/example_dags/example_display_name.py for tasks to queue
[2024-05-25T03:35:35.893+0530] {logging_mixin.py:188} INFO - [2024-05-25T03:35:35.893+0530] {dagbag.py:540} INFO - Filling up the DagBag from /home/wsl/airflow_venv/lib/python3.10/site-packages/airflow/example_dags/example_display_name.py
[2024-05-25T03:35:35.899+0530] {processor.py:840} INFO - DAG(s) 'example_display_name' retrieved from /home/wsl/airflow_venv/lib/python3.10/site-packages/airflow/example_dags/example_display_name.py
[2024-05-25T03:35:35.915+0530] {logging_mixin.py:188} INFO - [2024-05-25T03:35:35.915+0530] {dag.py:3096} INFO - Sync 1 DAGs
[2024-05-25T03:35:35.928+0530] {logging_mixin.py:188} INFO - [2024-05-25T03:35:35.928+0530] {dag.py:3954} INFO - Setting next_dagrun for example_display_name to None, run_after=None
[2024-05-25T03:35:36.045+0530] {processor.py:183} INFO - Processing /home/wsl/airflow_venv/lib/python3.10/site-packages/airflow/example_dags/example_display_name.py took 0.162 seconds
[2024-05-25T03:36:34.285+0530] {processor.py:161} INFO - Started process (PID=2277) to work on /home/wsl/airflow_venv/lib/python3.10/site-packages/airflow/example_dags/example_display_name.py
[2024-05-25T03:36:34.286+0530] {processor.py:830} INFO - Processing file /home/wsl/airflow_venv/lib/python3.10/site-packages/airflow/example_dags/example_display_name.py for tasks to queue
[2024-05-25T03:36:34.288+0530] {logging_mixin.py:188} INFO - [2024-05-25T03:36:34.288+0530] {dagbag.py:540} INFO - Filling up the DagBag from /home/wsl/airflow_venv/lib/python3.10/site-packages/airflow/example_dags/example_display_name.py
[2024-05-25T03:36:34.295+0530] {processor.py:840} INFO - DAG(s) 'example_display_name' retrieved from /home/wsl/airflow_venv/lib/python3.10/site-packages/airflow/example_dags/example_display_name.py
[2024-05-25T03:36:34.311+0530] {logging_mixin.py:188} INFO - [2024-05-25T03:36:34.311+0530] {dag.py:3096} INFO - Sync 1 DAGs
[2024-05-25T03:36:34.323+0530] {logging_mixin.py:188} INFO - [2024-05-25T03:36:34.322+0530] {dag.py:3954} INFO - Setting next_dagrun for example_display_name to None, run_after=None
[2024-05-25T03:36:34.355+0530] {processor.py:183} INFO - Processing /home/wsl/airflow_venv/lib/python3.10/site-packages/airflow/example_dags/example_display_name.py took 0.077 seconds
[2024-05-25T03:37:25.607+0530] {processor.py:161} INFO - Started process (PID=2522) to work on /home/wsl/airflow_venv/lib/python3.10/site-packages/airflow/example_dags/example_display_name.py
[2024-05-25T03:37:25.609+0530] {processor.py:830} INFO - Processing file /home/wsl/airflow_venv/lib/python3.10/site-packages/airflow/example_dags/example_display_name.py for tasks to queue
[2024-05-25T03:37:25.610+0530] {logging_mixin.py:188} INFO - [2024-05-25T03:37:25.610+0530] {dagbag.py:540} INFO - Filling up the DagBag from /home/wsl/airflow_venv/lib/python3.10/site-packages/airflow/example_dags/example_display_name.py
[2024-05-25T03:37:25.619+0530] {processor.py:840} INFO - DAG(s) 'example_display_name' retrieved from /home/wsl/airflow_venv/lib/python3.10/site-packages/airflow/example_dags/example_display_name.py
[2024-05-25T03:37:25.637+0530] {logging_mixin.py:188} INFO - [2024-05-25T03:37:25.637+0530] {dag.py:3096} INFO - Sync 1 DAGs
[2024-05-25T03:37:25.651+0530] {logging_mixin.py:188} INFO - [2024-05-25T03:37:25.651+0530] {dag.py:3954} INFO - Setting next_dagrun for example_display_name to None, run_after=None
[2024-05-25T03:37:25.679+0530] {processor.py:183} INFO - Processing /home/wsl/airflow_venv/lib/python3.10/site-packages/airflow/example_dags/example_display_name.py took 0.080 seconds
[2024-05-25T03:38:16.095+0530] {processor.py:161} INFO - Started process (PID=2760) to work on /home/wsl/airflow_venv/lib/python3.10/site-packages/airflow/example_dags/example_display_name.py
[2024-05-25T03:38:16.098+0530] {processor.py:830} INFO - Processing file /home/wsl/airflow_venv/lib/python3.10/site-packages/airflow/example_dags/example_display_name.py for tasks to queue
[2024-05-25T03:38:16.100+0530] {logging_mixin.py:188} INFO - [2024-05-25T03:38:16.100+0530] {dagbag.py:540} INFO - Filling up the DagBag from /home/wsl/airflow_venv/lib/python3.10/site-packages/airflow/example_dags/example_display_name.py
[2024-05-25T03:38:16.109+0530] {processor.py:840} INFO - DAG(s) 'example_display_name' retrieved from /home/wsl/airflow_venv/lib/python3.10/site-packages/airflow/example_dags/example_display_name.py
[2024-05-25T03:38:16.127+0530] {logging_mixin.py:188} INFO - [2024-05-25T03:38:16.127+0530] {dag.py:3096} INFO - Sync 1 DAGs
[2024-05-25T03:38:16.139+0530] {logging_mixin.py:188} INFO - [2024-05-25T03:38:16.139+0530] {dag.py:3954} INFO - Setting next_dagrun for example_display_name to None, run_after=None
[2024-05-25T03:38:16.170+0530] {processor.py:183} INFO - Processing /home/wsl/airflow_venv/lib/python3.10/site-packages/airflow/example_dags/example_display_name.py took 0.084 seconds
[2024-05-25T03:39:08.690+0530] {processor.py:161} INFO - Started process (PID=3007) to work on /home/wsl/airflow_venv/lib/python3.10/site-packages/airflow/example_dags/example_display_name.py
[2024-05-25T03:39:08.693+0530] {processor.py:830} INFO - Processing file /home/wsl/airflow_venv/lib/python3.10/site-packages/airflow/example_dags/example_display_name.py for tasks to queue
[2024-05-25T03:39:08.696+0530] {logging_mixin.py:188} INFO - [2024-05-25T03:39:08.695+0530] {dagbag.py:540} INFO - Filling up the DagBag from /home/wsl/airflow_venv/lib/python3.10/site-packages/airflow/example_dags/example_display_name.py
[2024-05-25T03:39:08.709+0530] {processor.py:840} INFO - DAG(s) 'example_display_name' retrieved from /home/wsl/airflow_venv/lib/python3.10/site-packages/airflow/example_dags/example_display_name.py
[2024-05-25T03:39:08.727+0530] {logging_mixin.py:188} INFO - [2024-05-25T03:39:08.727+0530] {dag.py:3096} INFO - Sync 1 DAGs
[2024-05-25T03:39:08.740+0530] {logging_mixin.py:188} INFO - [2024-05-25T03:39:08.740+0530] {dag.py:3954} INFO - Setting next_dagrun for example_display_name to None, run_after=None
[2024-05-25T03:39:08.770+0530] {processor.py:183} INFO - Processing /home/wsl/airflow_venv/lib/python3.10/site-packages/airflow/example_dags/example_display_name.py took 0.103 seconds
[2024-05-25T03:40:05.425+0530] {processor.py:161} INFO - Started process (PID=3365) to work on /home/wsl/airflow_venv/lib/python3.10/site-packages/airflow/example_dags/example_display_name.py
[2024-05-25T03:40:05.427+0530] {processor.py:830} INFO - Processing file /home/wsl/airflow_venv/lib/python3.10/site-packages/airflow/example_dags/example_display_name.py for tasks to queue
[2024-05-25T03:40:05.430+0530] {logging_mixin.py:188} INFO - [2024-05-25T03:40:05.429+0530] {dagbag.py:540} INFO - Filling up the DagBag from /home/wsl/airflow_venv/lib/python3.10/site-packages/airflow/example_dags/example_display_name.py
[2024-05-25T03:40:05.439+0530] {processor.py:840} INFO - DAG(s) 'example_display_name' retrieved from /home/wsl/airflow_venv/lib/python3.10/site-packages/airflow/example_dags/example_display_name.py
[2024-05-25T03:40:05.456+0530] {logging_mixin.py:188} INFO - [2024-05-25T03:40:05.455+0530] {dag.py:3096} INFO - Sync 1 DAGs
[2024-05-25T03:40:05.468+0530] {logging_mixin.py:188} INFO - [2024-05-25T03:40:05.467+0530] {dag.py:3954} INFO - Setting next_dagrun for example_display_name to None, run_after=None
[2024-05-25T03:40:05.646+0530] {processor.py:183} INFO - Processing /home/wsl/airflow_venv/lib/python3.10/site-packages/airflow/example_dags/example_display_name.py took 0.231 seconds
[2024-05-25T03:41:04.470+0530] {processor.py:161} INFO - Started process (PID=3642) to work on /home/wsl/airflow_venv/lib/python3.10/site-packages/airflow/example_dags/example_display_name.py
[2024-05-25T03:41:04.472+0530] {processor.py:830} INFO - Processing file /home/wsl/airflow_venv/lib/python3.10/site-packages/airflow/example_dags/example_display_name.py for tasks to queue
[2024-05-25T03:41:04.475+0530] {logging_mixin.py:188} INFO - [2024-05-25T03:41:04.474+0530] {dagbag.py:540} INFO - Filling up the DagBag from /home/wsl/airflow_venv/lib/python3.10/site-packages/airflow/example_dags/example_display_name.py
[2024-05-25T03:41:04.484+0530] {processor.py:840} INFO - DAG(s) 'example_display_name' retrieved from /home/wsl/airflow_venv/lib/python3.10/site-packages/airflow/example_dags/example_display_name.py
[2024-05-25T03:41:04.501+0530] {logging_mixin.py:188} INFO - [2024-05-25T03:41:04.500+0530] {dag.py:3096} INFO - Sync 1 DAGs
[2024-05-25T03:41:04.512+0530] {logging_mixin.py:188} INFO - [2024-05-25T03:41:04.512+0530] {dag.py:3954} INFO - Setting next_dagrun for example_display_name to None, run_after=None
[2024-05-25T03:41:04.539+0530] {processor.py:183} INFO - Processing /home/wsl/airflow_venv/lib/python3.10/site-packages/airflow/example_dags/example_display_name.py took 0.080 seconds
[2024-05-25T03:41:57.712+0530] {processor.py:161} INFO - Started process (PID=3892) to work on /home/wsl/airflow_venv/lib/python3.10/site-packages/airflow/example_dags/example_display_name.py
[2024-05-25T03:41:57.714+0530] {processor.py:830} INFO - Processing file /home/wsl/airflow_venv/lib/python3.10/site-packages/airflow/example_dags/example_display_name.py for tasks to queue
[2024-05-25T03:41:57.716+0530] {logging_mixin.py:188} INFO - [2024-05-25T03:41:57.716+0530] {dagbag.py:540} INFO - Filling up the DagBag from /home/wsl/airflow_venv/lib/python3.10/site-packages/airflow/example_dags/example_display_name.py
[2024-05-25T03:41:57.723+0530] {processor.py:840} INFO - DAG(s) 'example_display_name' retrieved from /home/wsl/airflow_venv/lib/python3.10/site-packages/airflow/example_dags/example_display_name.py
[2024-05-25T03:41:57.740+0530] {logging_mixin.py:188} INFO - [2024-05-25T03:41:57.739+0530] {dag.py:3096} INFO - Sync 1 DAGs
[2024-05-25T03:41:57.752+0530] {logging_mixin.py:188} INFO - [2024-05-25T03:41:57.752+0530] {dag.py:3954} INFO - Setting next_dagrun for example_display_name to None, run_after=None
[2024-05-25T03:41:57.785+0530] {processor.py:183} INFO - Processing /home/wsl/airflow_venv/lib/python3.10/site-packages/airflow/example_dags/example_display_name.py took 0.082 seconds
[2024-05-25T03:42:51.889+0530] {processor.py:161} INFO - Started process (PID=4151) to work on /home/wsl/airflow_venv/lib/python3.10/site-packages/airflow/example_dags/example_display_name.py
[2024-05-25T03:42:51.891+0530] {processor.py:830} INFO - Processing file /home/wsl/airflow_venv/lib/python3.10/site-packages/airflow/example_dags/example_display_name.py for tasks to queue
[2024-05-25T03:42:51.894+0530] {logging_mixin.py:188} INFO - [2024-05-25T03:42:51.893+0530] {dagbag.py:540} INFO - Filling up the DagBag from /home/wsl/airflow_venv/lib/python3.10/site-packages/airflow/example_dags/example_display_name.py
[2024-05-25T03:42:51.904+0530] {processor.py:840} INFO - DAG(s) 'example_display_name' retrieved from /home/wsl/airflow_venv/lib/python3.10/site-packages/airflow/example_dags/example_display_name.py
[2024-05-25T03:42:51.927+0530] {logging_mixin.py:188} INFO - [2024-05-25T03:42:51.927+0530] {dag.py:3096} INFO - Sync 1 DAGs
[2024-05-25T03:42:51.944+0530] {logging_mixin.py:188} INFO - [2024-05-25T03:42:51.944+0530] {dag.py:3954} INFO - Setting next_dagrun for example_display_name to None, run_after=None
[2024-05-25T03:42:51.983+0530] {processor.py:183} INFO - Processing /home/wsl/airflow_venv/lib/python3.10/site-packages/airflow/example_dags/example_display_name.py took 0.108 seconds
[2024-05-25T03:43:41.470+0530] {processor.py:161} INFO - Started process (PID=4388) to work on /home/wsl/airflow_venv/lib/python3.10/site-packages/airflow/example_dags/example_display_name.py
[2024-05-25T03:43:41.471+0530] {processor.py:830} INFO - Processing file /home/wsl/airflow_venv/lib/python3.10/site-packages/airflow/example_dags/example_display_name.py for tasks to queue
[2024-05-25T03:43:41.473+0530] {logging_mixin.py:188} INFO - [2024-05-25T03:43:41.473+0530] {dagbag.py:540} INFO - Filling up the DagBag from /home/wsl/airflow_venv/lib/python3.10/site-packages/airflow/example_dags/example_display_name.py
[2024-05-25T03:43:41.483+0530] {processor.py:840} INFO - DAG(s) 'example_display_name' retrieved from /home/wsl/airflow_venv/lib/python3.10/site-packages/airflow/example_dags/example_display_name.py
[2024-05-25T03:43:41.503+0530] {logging_mixin.py:188} INFO - [2024-05-25T03:43:41.502+0530] {dag.py:3096} INFO - Sync 1 DAGs
[2024-05-25T03:43:41.517+0530] {logging_mixin.py:188} INFO - [2024-05-25T03:43:41.517+0530] {dag.py:3954} INFO - Setting next_dagrun for example_display_name to None, run_after=None
[2024-05-25T03:43:41.549+0530] {processor.py:183} INFO - Processing /home/wsl/airflow_venv/lib/python3.10/site-packages/airflow/example_dags/example_display_name.py took 0.091 seconds
[2024-05-25T03:45:11.038+0530] {processor.py:161} INFO - Started process (PID=4728) to work on /home/wsl/airflow_venv/lib/python3.10/site-packages/airflow/example_dags/example_display_name.py
[2024-05-25T03:45:11.040+0530] {processor.py:830} INFO - Processing file /home/wsl/airflow_venv/lib/python3.10/site-packages/airflow/example_dags/example_display_name.py for tasks to queue
[2024-05-25T03:45:11.043+0530] {logging_mixin.py:188} INFO - [2024-05-25T03:45:11.042+0530] {dagbag.py:540} INFO - Filling up the DagBag from /home/wsl/airflow_venv/lib/python3.10/site-packages/airflow/example_dags/example_display_name.py
[2024-05-25T03:45:11.053+0530] {processor.py:840} INFO - DAG(s) 'example_display_name' retrieved from /home/wsl/airflow_venv/lib/python3.10/site-packages/airflow/example_dags/example_display_name.py
[2024-05-25T03:45:11.087+0530] {logging_mixin.py:188} INFO - [2024-05-25T03:45:11.087+0530] {dag.py:3096} INFO - Sync 1 DAGs
[2024-05-25T03:45:11.109+0530] {logging_mixin.py:188} INFO - [2024-05-25T03:45:11.109+0530] {dag.py:3954} INFO - Setting next_dagrun for example_display_name to None, run_after=None
[2024-05-25T03:45:11.158+0530] {processor.py:183} INFO - Processing /home/wsl/airflow_venv/lib/python3.10/site-packages/airflow/example_dags/example_display_name.py took 0.134 seconds
[2024-05-25T03:46:19.467+0530] {processor.py:161} INFO - Started process (PID=5046) to work on /home/wsl/airflow_venv/lib/python3.10/site-packages/airflow/example_dags/example_display_name.py
[2024-05-25T03:46:19.471+0530] {processor.py:830} INFO - Processing file /home/wsl/airflow_venv/lib/python3.10/site-packages/airflow/example_dags/example_display_name.py for tasks to queue
[2024-05-25T03:46:19.473+0530] {logging_mixin.py:188} INFO - [2024-05-25T03:46:19.472+0530] {dagbag.py:540} INFO - Filling up the DagBag from /home/wsl/airflow_venv/lib/python3.10/site-packages/airflow/example_dags/example_display_name.py
[2024-05-25T03:46:19.479+0530] {processor.py:840} INFO - DAG(s) 'example_display_name' retrieved from /home/wsl/airflow_venv/lib/python3.10/site-packages/airflow/example_dags/example_display_name.py
[2024-05-25T03:46:19.497+0530] {logging_mixin.py:188} INFO - [2024-05-25T03:46:19.497+0530] {dag.py:3096} INFO - Sync 1 DAGs
[2024-05-25T03:46:19.510+0530] {logging_mixin.py:188} INFO - [2024-05-25T03:46:19.510+0530] {dag.py:3954} INFO - Setting next_dagrun for example_display_name to None, run_after=None
[2024-05-25T03:46:19.538+0530] {processor.py:183} INFO - Processing /home/wsl/airflow_venv/lib/python3.10/site-packages/airflow/example_dags/example_display_name.py took 0.083 seconds
[2024-05-25T03:47:18.177+0530] {processor.py:161} INFO - Started process (PID=5323) to work on /home/wsl/airflow_venv/lib/python3.10/site-packages/airflow/example_dags/example_display_name.py
[2024-05-25T03:47:18.180+0530] {processor.py:830} INFO - Processing file /home/wsl/airflow_venv/lib/python3.10/site-packages/airflow/example_dags/example_display_name.py for tasks to queue
[2024-05-25T03:47:18.182+0530] {logging_mixin.py:188} INFO - [2024-05-25T03:47:18.182+0530] {dagbag.py:540} INFO - Filling up the DagBag from /home/wsl/airflow_venv/lib/python3.10/site-packages/airflow/example_dags/example_display_name.py
[2024-05-25T03:47:18.189+0530] {processor.py:840} INFO - DAG(s) 'example_display_name' retrieved from /home/wsl/airflow_venv/lib/python3.10/site-packages/airflow/example_dags/example_display_name.py
[2024-05-25T03:47:18.207+0530] {logging_mixin.py:188} INFO - [2024-05-25T03:47:18.207+0530] {dag.py:3096} INFO - Sync 1 DAGs
[2024-05-25T03:47:18.221+0530] {logging_mixin.py:188} INFO - [2024-05-25T03:47:18.221+0530] {dag.py:3954} INFO - Setting next_dagrun for example_display_name to None, run_after=None
[2024-05-25T03:47:18.253+0530] {processor.py:183} INFO - Processing /home/wsl/airflow_venv/lib/python3.10/site-packages/airflow/example_dags/example_display_name.py took 0.087 seconds
[2024-05-25T03:48:10.392+0530] {processor.py:161} INFO - Started process (PID=5574) to work on /home/wsl/airflow_venv/lib/python3.10/site-packages/airflow/example_dags/example_display_name.py
[2024-05-25T03:48:10.394+0530] {processor.py:830} INFO - Processing file /home/wsl/airflow_venv/lib/python3.10/site-packages/airflow/example_dags/example_display_name.py for tasks to queue
[2024-05-25T03:48:10.398+0530] {logging_mixin.py:188} INFO - [2024-05-25T03:48:10.398+0530] {dagbag.py:540} INFO - Filling up the DagBag from /home/wsl/airflow_venv/lib/python3.10/site-packages/airflow/example_dags/example_display_name.py
[2024-05-25T03:48:10.406+0530] {processor.py:840} INFO - DAG(s) 'example_display_name' retrieved from /home/wsl/airflow_venv/lib/python3.10/site-packages/airflow/example_dags/example_display_name.py
[2024-05-25T03:48:10.425+0530] {logging_mixin.py:188} INFO - [2024-05-25T03:48:10.424+0530] {dag.py:3096} INFO - Sync 1 DAGs
[2024-05-25T03:48:10.439+0530] {logging_mixin.py:188} INFO - [2024-05-25T03:48:10.439+0530] {dag.py:3954} INFO - Setting next_dagrun for example_display_name to None, run_after=None
[2024-05-25T03:48:10.468+0530] {processor.py:183} INFO - Processing /home/wsl/airflow_venv/lib/python3.10/site-packages/airflow/example_dags/example_display_name.py took 0.083 seconds
[2024-05-25T03:49:02.808+0530] {processor.py:161} INFO - Started process (PID=5824) to work on /home/wsl/airflow_venv/lib/python3.10/site-packages/airflow/example_dags/example_display_name.py
[2024-05-25T03:49:02.810+0530] {processor.py:830} INFO - Processing file /home/wsl/airflow_venv/lib/python3.10/site-packages/airflow/example_dags/example_display_name.py for tasks to queue
[2024-05-25T03:49:02.811+0530] {logging_mixin.py:188} INFO - [2024-05-25T03:49:02.811+0530] {dagbag.py:540} INFO - Filling up the DagBag from /home/wsl/airflow_venv/lib/python3.10/site-packages/airflow/example_dags/example_display_name.py
[2024-05-25T03:49:02.818+0530] {processor.py:840} INFO - DAG(s) 'example_display_name' retrieved from /home/wsl/airflow_venv/lib/python3.10/site-packages/airflow/example_dags/example_display_name.py
[2024-05-25T03:49:02.836+0530] {logging_mixin.py:188} INFO - [2024-05-25T03:49:02.836+0530] {dag.py:3096} INFO - Sync 1 DAGs
[2024-05-25T03:49:02.849+0530] {logging_mixin.py:188} INFO - [2024-05-25T03:49:02.849+0530] {dag.py:3954} INFO - Setting next_dagrun for example_display_name to None, run_after=None
[2024-05-25T03:49:02.889+0530] {processor.py:183} INFO - Processing /home/wsl/airflow_venv/lib/python3.10/site-packages/airflow/example_dags/example_display_name.py took 0.090 seconds
[2024-05-25T03:49:53.722+0530] {processor.py:161} INFO - Started process (PID=6068) to work on /home/wsl/airflow_venv/lib/python3.10/site-packages/airflow/example_dags/example_display_name.py
[2024-05-25T03:49:53.723+0530] {processor.py:830} INFO - Processing file /home/wsl/airflow_venv/lib/python3.10/site-packages/airflow/example_dags/example_display_name.py for tasks to queue
[2024-05-25T03:49:53.725+0530] {logging_mixin.py:188} INFO - [2024-05-25T03:49:53.725+0530] {dagbag.py:540} INFO - Filling up the DagBag from /home/wsl/airflow_venv/lib/python3.10/site-packages/airflow/example_dags/example_display_name.py
[2024-05-25T03:49:53.732+0530] {processor.py:840} INFO - DAG(s) 'example_display_name' retrieved from /home/wsl/airflow_venv/lib/python3.10/site-packages/airflow/example_dags/example_display_name.py
[2024-05-25T03:49:53.750+0530] {logging_mixin.py:188} INFO - [2024-05-25T03:49:53.749+0530] {dag.py:3096} INFO - Sync 1 DAGs
[2024-05-25T03:49:53.764+0530] {logging_mixin.py:188} INFO - [2024-05-25T03:49:53.763+0530] {dag.py:3954} INFO - Setting next_dagrun for example_display_name to None, run_after=None
[2024-05-25T03:49:53.791+0530] {processor.py:183} INFO - Processing /home/wsl/airflow_venv/lib/python3.10/site-packages/airflow/example_dags/example_display_name.py took 0.086 seconds
[2024-05-25T03:50:49.374+0530] {processor.py:161} INFO - Started process (PID=6332) to work on /home/wsl/airflow_venv/lib/python3.10/site-packages/airflow/example_dags/example_display_name.py
[2024-05-25T03:50:49.376+0530] {processor.py:830} INFO - Processing file /home/wsl/airflow_venv/lib/python3.10/site-packages/airflow/example_dags/example_display_name.py for tasks to queue
[2024-05-25T03:50:49.379+0530] {logging_mixin.py:188} INFO - [2024-05-25T03:50:49.378+0530] {dagbag.py:540} INFO - Filling up the DagBag from /home/wsl/airflow_venv/lib/python3.10/site-packages/airflow/example_dags/example_display_name.py
[2024-05-25T03:50:49.390+0530] {processor.py:840} INFO - DAG(s) 'example_display_name' retrieved from /home/wsl/airflow_venv/lib/python3.10/site-packages/airflow/example_dags/example_display_name.py
[2024-05-25T03:50:49.410+0530] {logging_mixin.py:188} INFO - [2024-05-25T03:50:49.410+0530] {dag.py:3096} INFO - Sync 1 DAGs
[2024-05-25T03:50:49.425+0530] {logging_mixin.py:188} INFO - [2024-05-25T03:50:49.424+0530] {dag.py:3954} INFO - Setting next_dagrun for example_display_name to None, run_after=None
[2024-05-25T03:50:49.456+0530] {processor.py:183} INFO - Processing /home/wsl/airflow_venv/lib/python3.10/site-packages/airflow/example_dags/example_display_name.py took 0.095 seconds
[2024-05-25T03:51:44.922+0530] {processor.py:161} INFO - Started process (PID=6596) to work on /home/wsl/airflow_venv/lib/python3.10/site-packages/airflow/example_dags/example_display_name.py
[2024-05-25T03:51:44.924+0530] {processor.py:830} INFO - Processing file /home/wsl/airflow_venv/lib/python3.10/site-packages/airflow/example_dags/example_display_name.py for tasks to queue
[2024-05-25T03:51:44.925+0530] {logging_mixin.py:188} INFO - [2024-05-25T03:51:44.925+0530] {dagbag.py:540} INFO - Filling up the DagBag from /home/wsl/airflow_venv/lib/python3.10/site-packages/airflow/example_dags/example_display_name.py
[2024-05-25T03:51:44.932+0530] {processor.py:840} INFO - DAG(s) 'example_display_name' retrieved from /home/wsl/airflow_venv/lib/python3.10/site-packages/airflow/example_dags/example_display_name.py
[2024-05-25T03:51:44.948+0530] {logging_mixin.py:188} INFO - [2024-05-25T03:51:44.948+0530] {dag.py:3096} INFO - Sync 1 DAGs
[2024-05-25T03:51:44.960+0530] {logging_mixin.py:188} INFO - [2024-05-25T03:51:44.960+0530] {dag.py:3954} INFO - Setting next_dagrun for example_display_name to None, run_after=None
[2024-05-25T03:51:44.990+0530] {processor.py:183} INFO - Processing /home/wsl/airflow_venv/lib/python3.10/site-packages/airflow/example_dags/example_display_name.py took 0.081 seconds
[2024-05-25T03:52:41.744+0530] {processor.py:161} INFO - Started process (PID=6867) to work on /home/wsl/airflow_venv/lib/python3.10/site-packages/airflow/example_dags/example_display_name.py
[2024-05-25T03:52:41.746+0530] {processor.py:830} INFO - Processing file /home/wsl/airflow_venv/lib/python3.10/site-packages/airflow/example_dags/example_display_name.py for tasks to queue
[2024-05-25T03:52:41.748+0530] {logging_mixin.py:188} INFO - [2024-05-25T03:52:41.748+0530] {dagbag.py:540} INFO - Filling up the DagBag from /home/wsl/airflow_venv/lib/python3.10/site-packages/airflow/example_dags/example_display_name.py
[2024-05-25T03:52:41.755+0530] {processor.py:840} INFO - DAG(s) 'example_display_name' retrieved from /home/wsl/airflow_venv/lib/python3.10/site-packages/airflow/example_dags/example_display_name.py
[2024-05-25T03:52:41.778+0530] {logging_mixin.py:188} INFO - [2024-05-25T03:52:41.777+0530] {dag.py:3096} INFO - Sync 1 DAGs
[2024-05-25T03:52:41.791+0530] {logging_mixin.py:188} INFO - [2024-05-25T03:52:41.791+0530] {dag.py:3954} INFO - Setting next_dagrun for example_display_name to None, run_after=None
[2024-05-25T03:52:41.823+0530] {processor.py:183} INFO - Processing /home/wsl/airflow_venv/lib/python3.10/site-packages/airflow/example_dags/example_display_name.py took 0.087 seconds
[2024-05-25T03:53:34.389+0530] {processor.py:161} INFO - Started process (PID=7117) to work on /home/wsl/airflow_venv/lib/python3.10/site-packages/airflow/example_dags/example_display_name.py
[2024-05-25T03:53:34.392+0530] {processor.py:830} INFO - Processing file /home/wsl/airflow_venv/lib/python3.10/site-packages/airflow/example_dags/example_display_name.py for tasks to queue
[2024-05-25T03:53:34.405+0530] {logging_mixin.py:188} INFO - [2024-05-25T03:53:34.395+0530] {dagbag.py:540} INFO - Filling up the DagBag from /home/wsl/airflow_venv/lib/python3.10/site-packages/airflow/example_dags/example_display_name.py
[2024-05-25T03:53:34.427+0530] {processor.py:840} INFO - DAG(s) 'example_display_name' retrieved from /home/wsl/airflow_venv/lib/python3.10/site-packages/airflow/example_dags/example_display_name.py
[2024-05-25T03:53:34.518+0530] {logging_mixin.py:188} INFO - [2024-05-25T03:53:34.517+0530] {dag.py:3096} INFO - Sync 1 DAGs
[2024-05-25T03:53:34.588+0530] {logging_mixin.py:188} INFO - [2024-05-25T03:53:34.587+0530] {dag.py:3954} INFO - Setting next_dagrun for example_display_name to None, run_after=None
[2024-05-25T03:53:34.734+0530] {processor.py:183} INFO - Processing /home/wsl/airflow_venv/lib/python3.10/site-packages/airflow/example_dags/example_display_name.py took 0.388 seconds
[2024-05-25T03:54:41.924+0530] {processor.py:161} INFO - Started process (PID=7434) to work on /home/wsl/airflow_venv/lib/python3.10/site-packages/airflow/example_dags/example_display_name.py
[2024-05-25T03:54:41.929+0530] {processor.py:830} INFO - Processing file /home/wsl/airflow_venv/lib/python3.10/site-packages/airflow/example_dags/example_display_name.py for tasks to queue
[2024-05-25T03:54:41.931+0530] {logging_mixin.py:188} INFO - [2024-05-25T03:54:41.931+0530] {dagbag.py:540} INFO - Filling up the DagBag from /home/wsl/airflow_venv/lib/python3.10/site-packages/airflow/example_dags/example_display_name.py
[2024-05-25T03:54:41.940+0530] {processor.py:840} INFO - DAG(s) 'example_display_name' retrieved from /home/wsl/airflow_venv/lib/python3.10/site-packages/airflow/example_dags/example_display_name.py
[2024-05-25T03:54:41.962+0530] {logging_mixin.py:188} INFO - [2024-05-25T03:54:41.961+0530] {dag.py:3096} INFO - Sync 1 DAGs
[2024-05-25T03:54:41.974+0530] {logging_mixin.py:188} INFO - [2024-05-25T03:54:41.974+0530] {dag.py:3954} INFO - Setting next_dagrun for example_display_name to None, run_after=None
[2024-05-25T03:54:42.004+0530] {processor.py:183} INFO - Processing /home/wsl/airflow_venv/lib/python3.10/site-packages/airflow/example_dags/example_display_name.py took 0.091 seconds
[2024-05-25T03:55:41.373+0530] {processor.py:161} INFO - Started process (PID=7716) to work on /home/wsl/airflow_venv/lib/python3.10/site-packages/airflow/example_dags/example_display_name.py
[2024-05-25T03:55:41.375+0530] {processor.py:830} INFO - Processing file /home/wsl/airflow_venv/lib/python3.10/site-packages/airflow/example_dags/example_display_name.py for tasks to queue
[2024-05-25T03:55:41.377+0530] {logging_mixin.py:188} INFO - [2024-05-25T03:55:41.376+0530] {dagbag.py:540} INFO - Filling up the DagBag from /home/wsl/airflow_venv/lib/python3.10/site-packages/airflow/example_dags/example_display_name.py
[2024-05-25T03:55:41.384+0530] {processor.py:840} INFO - DAG(s) 'example_display_name' retrieved from /home/wsl/airflow_venv/lib/python3.10/site-packages/airflow/example_dags/example_display_name.py
[2024-05-25T03:55:41.401+0530] {logging_mixin.py:188} INFO - [2024-05-25T03:55:41.401+0530] {dag.py:3096} INFO - Sync 1 DAGs
[2024-05-25T03:55:41.414+0530] {logging_mixin.py:188} INFO - [2024-05-25T03:55:41.414+0530] {dag.py:3954} INFO - Setting next_dagrun for example_display_name to None, run_after=None
[2024-05-25T03:55:41.450+0530] {processor.py:183} INFO - Processing /home/wsl/airflow_venv/lib/python3.10/site-packages/airflow/example_dags/example_display_name.py took 0.084 seconds
[2024-05-25T03:56:35.753+0530] {processor.py:161} INFO - Started process (PID=8406) to work on /home/wsl/airflow_venv/lib/python3.10/site-packages/airflow/example_dags/example_display_name.py
[2024-05-25T03:56:35.756+0530] {processor.py:830} INFO - Processing file /home/wsl/airflow_venv/lib/python3.10/site-packages/airflow/example_dags/example_display_name.py for tasks to queue
[2024-05-25T03:56:35.760+0530] {logging_mixin.py:188} INFO - [2024-05-25T03:56:35.759+0530] {dagbag.py:540} INFO - Filling up the DagBag from /home/wsl/airflow_venv/lib/python3.10/site-packages/airflow/example_dags/example_display_name.py
[2024-05-25T03:56:35.769+0530] {processor.py:840} INFO - DAG(s) 'example_display_name' retrieved from /home/wsl/airflow_venv/lib/python3.10/site-packages/airflow/example_dags/example_display_name.py
[2024-05-25T03:56:35.786+0530] {logging_mixin.py:188} INFO - [2024-05-25T03:56:35.786+0530] {dag.py:3096} INFO - Sync 1 DAGs
[2024-05-25T03:56:35.798+0530] {logging_mixin.py:188} INFO - [2024-05-25T03:56:35.798+0530] {dag.py:3954} INFO - Setting next_dagrun for example_display_name to None, run_after=None
[2024-05-25T03:56:35.827+0530] {processor.py:183} INFO - Processing /home/wsl/airflow_venv/lib/python3.10/site-packages/airflow/example_dags/example_display_name.py took 0.091 seconds
