[2024-05-25T03:32:27.224+0530] {processor.py:161} INFO - Started process (PID=1135) to work on /home/wsl/airflow_venv/lib/python3.10/site-packages/airflow/example_dags/example_trigger_target_dag.py
[2024-05-25T03:32:27.225+0530] {processor.py:830} INFO - Processing file /home/wsl/airflow_venv/lib/python3.10/site-packages/airflow/example_dags/example_trigger_target_dag.py for tasks to queue
[2024-05-25T03:32:27.228+0530] {logging_mixin.py:188} INFO - [2024-05-25T03:32:27.228+0530] {dagbag.py:540} INFO - Filling up the DagBag from /home/wsl/airflow_venv/lib/python3.10/site-packages/airflow/example_dags/example_trigger_target_dag.py
[2024-05-25T03:32:27.243+0530] {processor.py:840} INFO - DAG(s) 'example_trigger_target_dag' retrieved from /home/wsl/airflow_venv/lib/python3.10/site-packages/airflow/example_dags/example_trigger_target_dag.py
[2024-05-25T03:32:27.274+0530] {logging_mixin.py:188} INFO - [2024-05-25T03:32:27.274+0530] {dag.py:3096} INFO - Sync 1 DAGs
[2024-05-25T03:32:27.333+0530] {logging_mixin.py:188} INFO - [2024-05-25T03:32:27.333+0530] {dag.py:3954} INFO - Setting next_dagrun for example_trigger_target_dag to None, run_after=None
[2024-05-25T03:32:27.766+0530] {processor.py:183} INFO - Processing /home/wsl/airflow_venv/lib/python3.10/site-packages/airflow/example_dags/example_trigger_target_dag.py took 0.553 seconds
[2024-05-25T03:33:53.602+0530] {processor.py:161} INFO - Started process (PID=1521) to work on /home/wsl/airflow_venv/lib/python3.10/site-packages/airflow/example_dags/example_trigger_target_dag.py
[2024-05-25T03:33:53.604+0530] {processor.py:830} INFO - Processing file /home/wsl/airflow_venv/lib/python3.10/site-packages/airflow/example_dags/example_trigger_target_dag.py for tasks to queue
[2024-05-25T03:33:53.608+0530] {logging_mixin.py:188} INFO - [2024-05-25T03:33:53.607+0530] {dagbag.py:540} INFO - Filling up the DagBag from /home/wsl/airflow_venv/lib/python3.10/site-packages/airflow/example_dags/example_trigger_target_dag.py
[2024-05-25T03:33:53.621+0530] {processor.py:840} INFO - DAG(s) 'example_trigger_target_dag' retrieved from /home/wsl/airflow_venv/lib/python3.10/site-packages/airflow/example_dags/example_trigger_target_dag.py
[2024-05-25T03:33:53.833+0530] {logging_mixin.py:188} INFO - [2024-05-25T03:33:53.828+0530] {dag.py:3096} INFO - Sync 1 DAGs
[2024-05-25T03:33:53.988+0530] {logging_mixin.py:188} INFO - [2024-05-25T03:33:53.988+0530] {dag.py:3954} INFO - Setting next_dagrun for example_trigger_target_dag to None, run_after=None
[2024-05-25T03:33:54.397+0530] {processor.py:183} INFO - Processing /home/wsl/airflow_venv/lib/python3.10/site-packages/airflow/example_dags/example_trigger_target_dag.py took 0.811 seconds
[2024-05-25T03:34:42.183+0530] {processor.py:161} INFO - Started process (PID=1749) to work on /home/wsl/airflow_venv/lib/python3.10/site-packages/airflow/example_dags/example_trigger_target_dag.py
[2024-05-25T03:34:42.188+0530] {processor.py:830} INFO - Processing file /home/wsl/airflow_venv/lib/python3.10/site-packages/airflow/example_dags/example_trigger_target_dag.py for tasks to queue
[2024-05-25T03:34:42.191+0530] {logging_mixin.py:188} INFO - [2024-05-25T03:34:42.191+0530] {dagbag.py:540} INFO - Filling up the DagBag from /home/wsl/airflow_venv/lib/python3.10/site-packages/airflow/example_dags/example_trigger_target_dag.py
[2024-05-25T03:34:42.201+0530] {processor.py:840} INFO - DAG(s) 'example_trigger_target_dag' retrieved from /home/wsl/airflow_venv/lib/python3.10/site-packages/airflow/example_dags/example_trigger_target_dag.py
[2024-05-25T03:34:42.227+0530] {logging_mixin.py:188} INFO - [2024-05-25T03:34:42.227+0530] {dag.py:3096} INFO - Sync 1 DAGs
[2024-05-25T03:34:42.244+0530] {logging_mixin.py:188} INFO - [2024-05-25T03:34:42.244+0530] {dag.py:3954} INFO - Setting next_dagrun for example_trigger_target_dag to None, run_after=None
[2024-05-25T03:34:42.276+0530] {processor.py:183} INFO - Processing /home/wsl/airflow_venv/lib/python3.10/site-packages/airflow/example_dags/example_trigger_target_dag.py took 0.101 seconds
[2024-05-25T03:35:17.072+0530] {processor.py:161} INFO - Started process (PID=1913) to work on /home/wsl/airflow_venv/lib/python3.10/site-packages/airflow/example_dags/example_trigger_target_dag.py
[2024-05-25T03:35:17.074+0530] {processor.py:830} INFO - Processing file /home/wsl/airflow_venv/lib/python3.10/site-packages/airflow/example_dags/example_trigger_target_dag.py for tasks to queue
[2024-05-25T03:35:17.076+0530] {logging_mixin.py:188} INFO - [2024-05-25T03:35:17.076+0530] {dagbag.py:540} INFO - Filling up the DagBag from /home/wsl/airflow_venv/lib/python3.10/site-packages/airflow/example_dags/example_trigger_target_dag.py
[2024-05-25T03:35:17.085+0530] {processor.py:840} INFO - DAG(s) 'example_trigger_target_dag' retrieved from /home/wsl/airflow_venv/lib/python3.10/site-packages/airflow/example_dags/example_trigger_target_dag.py
[2024-05-25T03:35:17.103+0530] {logging_mixin.py:188} INFO - [2024-05-25T03:35:17.103+0530] {dag.py:3096} INFO - Sync 1 DAGs
[2024-05-25T03:35:17.116+0530] {logging_mixin.py:188} INFO - [2024-05-25T03:35:17.116+0530] {dag.py:3954} INFO - Setting next_dagrun for example_trigger_target_dag to None, run_after=None
[2024-05-25T03:35:17.145+0530] {processor.py:183} INFO - Processing /home/wsl/airflow_venv/lib/python3.10/site-packages/airflow/example_dags/example_trigger_target_dag.py took 0.081 seconds
[2024-05-25T03:35:53.968+0530] {processor.py:161} INFO - Started process (PID=2086) to work on /home/wsl/airflow_venv/lib/python3.10/site-packages/airflow/example_dags/example_trigger_target_dag.py
[2024-05-25T03:35:53.970+0530] {processor.py:830} INFO - Processing file /home/wsl/airflow_venv/lib/python3.10/site-packages/airflow/example_dags/example_trigger_target_dag.py for tasks to queue
[2024-05-25T03:35:53.973+0530] {logging_mixin.py:188} INFO - [2024-05-25T03:35:53.972+0530] {dagbag.py:540} INFO - Filling up the DagBag from /home/wsl/airflow_venv/lib/python3.10/site-packages/airflow/example_dags/example_trigger_target_dag.py
[2024-05-25T03:35:53.981+0530] {processor.py:840} INFO - DAG(s) 'example_trigger_target_dag' retrieved from /home/wsl/airflow_venv/lib/python3.10/site-packages/airflow/example_dags/example_trigger_target_dag.py
[2024-05-25T03:35:54.092+0530] {logging_mixin.py:188} INFO - [2024-05-25T03:35:54.092+0530] {dag.py:3096} INFO - Sync 1 DAGs
[2024-05-25T03:35:54.102+0530] {logging_mixin.py:188} INFO - [2024-05-25T03:35:54.101+0530] {dag.py:3954} INFO - Setting next_dagrun for example_trigger_target_dag to None, run_after=None
[2024-05-25T03:35:54.127+0530] {processor.py:183} INFO - Processing /home/wsl/airflow_venv/lib/python3.10/site-packages/airflow/example_dags/example_trigger_target_dag.py took 0.190 seconds
[2024-05-25T03:36:50.714+0530] {processor.py:161} INFO - Started process (PID=2355) to work on /home/wsl/airflow_venv/lib/python3.10/site-packages/airflow/example_dags/example_trigger_target_dag.py
[2024-05-25T03:36:50.716+0530] {processor.py:830} INFO - Processing file /home/wsl/airflow_venv/lib/python3.10/site-packages/airflow/example_dags/example_trigger_target_dag.py for tasks to queue
[2024-05-25T03:36:50.720+0530] {logging_mixin.py:188} INFO - [2024-05-25T03:36:50.719+0530] {dagbag.py:540} INFO - Filling up the DagBag from /home/wsl/airflow_venv/lib/python3.10/site-packages/airflow/example_dags/example_trigger_target_dag.py
[2024-05-25T03:36:50.732+0530] {processor.py:840} INFO - DAG(s) 'example_trigger_target_dag' retrieved from /home/wsl/airflow_venv/lib/python3.10/site-packages/airflow/example_dags/example_trigger_target_dag.py
[2024-05-25T03:36:50.753+0530] {logging_mixin.py:188} INFO - [2024-05-25T03:36:50.752+0530] {dag.py:3096} INFO - Sync 1 DAGs
[2024-05-25T03:36:50.766+0530] {logging_mixin.py:188} INFO - [2024-05-25T03:36:50.766+0530] {dag.py:3954} INFO - Setting next_dagrun for example_trigger_target_dag to None, run_after=None
[2024-05-25T03:36:50.794+0530] {processor.py:183} INFO - Processing /home/wsl/airflow_venv/lib/python3.10/site-packages/airflow/example_dags/example_trigger_target_dag.py took 0.092 seconds
[2024-05-25T03:37:39.483+0530] {processor.py:161} INFO - Started process (PID=2587) to work on /home/wsl/airflow_venv/lib/python3.10/site-packages/airflow/example_dags/example_trigger_target_dag.py
[2024-05-25T03:37:39.485+0530] {processor.py:830} INFO - Processing file /home/wsl/airflow_venv/lib/python3.10/site-packages/airflow/example_dags/example_trigger_target_dag.py for tasks to queue
[2024-05-25T03:37:39.488+0530] {logging_mixin.py:188} INFO - [2024-05-25T03:37:39.487+0530] {dagbag.py:540} INFO - Filling up the DagBag from /home/wsl/airflow_venv/lib/python3.10/site-packages/airflow/example_dags/example_trigger_target_dag.py
[2024-05-25T03:37:39.495+0530] {processor.py:840} INFO - DAG(s) 'example_trigger_target_dag' retrieved from /home/wsl/airflow_venv/lib/python3.10/site-packages/airflow/example_dags/example_trigger_target_dag.py
[2024-05-25T03:37:39.511+0530] {logging_mixin.py:188} INFO - [2024-05-25T03:37:39.511+0530] {dag.py:3096} INFO - Sync 1 DAGs
[2024-05-25T03:37:39.525+0530] {logging_mixin.py:188} INFO - [2024-05-25T03:37:39.524+0530] {dag.py:3954} INFO - Setting next_dagrun for example_trigger_target_dag to None, run_after=None
[2024-05-25T03:37:39.556+0530] {processor.py:183} INFO - Processing /home/wsl/airflow_venv/lib/python3.10/site-packages/airflow/example_dags/example_trigger_target_dag.py took 0.085 seconds
[2024-05-25T03:38:28.199+0530] {processor.py:161} INFO - Started process (PID=2819) to work on /home/wsl/airflow_venv/lib/python3.10/site-packages/airflow/example_dags/example_trigger_target_dag.py
[2024-05-25T03:38:28.201+0530] {processor.py:830} INFO - Processing file /home/wsl/airflow_venv/lib/python3.10/site-packages/airflow/example_dags/example_trigger_target_dag.py for tasks to queue
[2024-05-25T03:38:28.204+0530] {logging_mixin.py:188} INFO - [2024-05-25T03:38:28.204+0530] {dagbag.py:540} INFO - Filling up the DagBag from /home/wsl/airflow_venv/lib/python3.10/site-packages/airflow/example_dags/example_trigger_target_dag.py
[2024-05-25T03:38:28.215+0530] {processor.py:840} INFO - DAG(s) 'example_trigger_target_dag' retrieved from /home/wsl/airflow_venv/lib/python3.10/site-packages/airflow/example_dags/example_trigger_target_dag.py
[2024-05-25T03:38:28.239+0530] {logging_mixin.py:188} INFO - [2024-05-25T03:38:28.238+0530] {dag.py:3096} INFO - Sync 1 DAGs
[2024-05-25T03:38:28.251+0530] {logging_mixin.py:188} INFO - [2024-05-25T03:38:28.250+0530] {dag.py:3954} INFO - Setting next_dagrun for example_trigger_target_dag to None, run_after=None
[2024-05-25T03:38:28.279+0530] {processor.py:183} INFO - Processing /home/wsl/airflow_venv/lib/python3.10/site-packages/airflow/example_dags/example_trigger_target_dag.py took 0.092 seconds
[2024-05-25T03:39:23.278+0530] {processor.py:161} INFO - Started process (PID=3075) to work on /home/wsl/airflow_venv/lib/python3.10/site-packages/airflow/example_dags/example_trigger_target_dag.py
[2024-05-25T03:39:23.281+0530] {processor.py:830} INFO - Processing file /home/wsl/airflow_venv/lib/python3.10/site-packages/airflow/example_dags/example_trigger_target_dag.py for tasks to queue
[2024-05-25T03:39:23.284+0530] {logging_mixin.py:188} INFO - [2024-05-25T03:39:23.283+0530] {dagbag.py:540} INFO - Filling up the DagBag from /home/wsl/airflow_venv/lib/python3.10/site-packages/airflow/example_dags/example_trigger_target_dag.py
[2024-05-25T03:39:23.293+0530] {processor.py:840} INFO - DAG(s) 'example_trigger_target_dag' retrieved from /home/wsl/airflow_venv/lib/python3.10/site-packages/airflow/example_dags/example_trigger_target_dag.py
[2024-05-25T03:39:23.311+0530] {logging_mixin.py:188} INFO - [2024-05-25T03:39:23.310+0530] {dag.py:3096} INFO - Sync 1 DAGs
[2024-05-25T03:39:23.323+0530] {logging_mixin.py:188} INFO - [2024-05-25T03:39:23.322+0530] {dag.py:3954} INFO - Setting next_dagrun for example_trigger_target_dag to None, run_after=None
[2024-05-25T03:39:23.350+0530] {processor.py:183} INFO - Processing /home/wsl/airflow_venv/lib/python3.10/site-packages/airflow/example_dags/example_trigger_target_dag.py took 0.084 seconds
[2024-05-25T03:40:23.633+0530] {processor.py:161} INFO - Started process (PID=3447) to work on /home/wsl/airflow_venv/lib/python3.10/site-packages/airflow/example_dags/example_trigger_target_dag.py
[2024-05-25T03:40:23.635+0530] {processor.py:830} INFO - Processing file /home/wsl/airflow_venv/lib/python3.10/site-packages/airflow/example_dags/example_trigger_target_dag.py for tasks to queue
[2024-05-25T03:40:23.641+0530] {logging_mixin.py:188} INFO - [2024-05-25T03:40:23.638+0530] {dagbag.py:540} INFO - Filling up the DagBag from /home/wsl/airflow_venv/lib/python3.10/site-packages/airflow/example_dags/example_trigger_target_dag.py
[2024-05-25T03:40:23.652+0530] {processor.py:840} INFO - DAG(s) 'example_trigger_target_dag' retrieved from /home/wsl/airflow_venv/lib/python3.10/site-packages/airflow/example_dags/example_trigger_target_dag.py
[2024-05-25T03:40:23.678+0530] {logging_mixin.py:188} INFO - [2024-05-25T03:40:23.678+0530] {dag.py:3096} INFO - Sync 1 DAGs
[2024-05-25T03:40:23.691+0530] {logging_mixin.py:188} INFO - [2024-05-25T03:40:23.690+0530] {dag.py:3954} INFO - Setting next_dagrun for example_trigger_target_dag to None, run_after=None
[2024-05-25T03:40:23.721+0530] {processor.py:183} INFO - Processing /home/wsl/airflow_venv/lib/python3.10/site-packages/airflow/example_dags/example_trigger_target_dag.py took 0.101 seconds
[2024-05-25T03:41:18.381+0530] {processor.py:161} INFO - Started process (PID=3706) to work on /home/wsl/airflow_venv/lib/python3.10/site-packages/airflow/example_dags/example_trigger_target_dag.py
[2024-05-25T03:41:18.383+0530] {processor.py:830} INFO - Processing file /home/wsl/airflow_venv/lib/python3.10/site-packages/airflow/example_dags/example_trigger_target_dag.py for tasks to queue
[2024-05-25T03:41:18.386+0530] {logging_mixin.py:188} INFO - [2024-05-25T03:41:18.386+0530] {dagbag.py:540} INFO - Filling up the DagBag from /home/wsl/airflow_venv/lib/python3.10/site-packages/airflow/example_dags/example_trigger_target_dag.py
[2024-05-25T03:41:18.397+0530] {processor.py:840} INFO - DAG(s) 'example_trigger_target_dag' retrieved from /home/wsl/airflow_venv/lib/python3.10/site-packages/airflow/example_dags/example_trigger_target_dag.py
[2024-05-25T03:41:18.414+0530] {logging_mixin.py:188} INFO - [2024-05-25T03:41:18.414+0530] {dag.py:3096} INFO - Sync 1 DAGs
[2024-05-25T03:41:18.426+0530] {logging_mixin.py:188} INFO - [2024-05-25T03:41:18.426+0530] {dag.py:3954} INFO - Setting next_dagrun for example_trigger_target_dag to None, run_after=None
[2024-05-25T03:41:18.460+0530] {processor.py:183} INFO - Processing /home/wsl/airflow_venv/lib/python3.10/site-packages/airflow/example_dags/example_trigger_target_dag.py took 0.087 seconds
[2024-05-25T03:42:13.543+0530] {processor.py:161} INFO - Started process (PID=3967) to work on /home/wsl/airflow_venv/lib/python3.10/site-packages/airflow/example_dags/example_trigger_target_dag.py
[2024-05-25T03:42:13.545+0530] {processor.py:830} INFO - Processing file /home/wsl/airflow_venv/lib/python3.10/site-packages/airflow/example_dags/example_trigger_target_dag.py for tasks to queue
[2024-05-25T03:42:13.547+0530] {logging_mixin.py:188} INFO - [2024-05-25T03:42:13.547+0530] {dagbag.py:540} INFO - Filling up the DagBag from /home/wsl/airflow_venv/lib/python3.10/site-packages/airflow/example_dags/example_trigger_target_dag.py
[2024-05-25T03:42:13.555+0530] {processor.py:840} INFO - DAG(s) 'example_trigger_target_dag' retrieved from /home/wsl/airflow_venv/lib/python3.10/site-packages/airflow/example_dags/example_trigger_target_dag.py
[2024-05-25T03:42:13.572+0530] {logging_mixin.py:188} INFO - [2024-05-25T03:42:13.572+0530] {dag.py:3096} INFO - Sync 1 DAGs
[2024-05-25T03:42:13.585+0530] {logging_mixin.py:188} INFO - [2024-05-25T03:42:13.584+0530] {dag.py:3954} INFO - Setting next_dagrun for example_trigger_target_dag to None, run_after=None
[2024-05-25T03:42:13.612+0530] {processor.py:183} INFO - Processing /home/wsl/airflow_venv/lib/python3.10/site-packages/airflow/example_dags/example_trigger_target_dag.py took 0.084 seconds
[2024-05-25T03:43:06.800+0530] {processor.py:161} INFO - Started process (PID=4221) to work on /home/wsl/airflow_venv/lib/python3.10/site-packages/airflow/example_dags/example_trigger_target_dag.py
[2024-05-25T03:43:06.805+0530] {processor.py:830} INFO - Processing file /home/wsl/airflow_venv/lib/python3.10/site-packages/airflow/example_dags/example_trigger_target_dag.py for tasks to queue
[2024-05-25T03:43:06.807+0530] {logging_mixin.py:188} INFO - [2024-05-25T03:43:06.806+0530] {dagbag.py:540} INFO - Filling up the DagBag from /home/wsl/airflow_venv/lib/python3.10/site-packages/airflow/example_dags/example_trigger_target_dag.py
[2024-05-25T03:43:06.814+0530] {processor.py:840} INFO - DAG(s) 'example_trigger_target_dag' retrieved from /home/wsl/airflow_venv/lib/python3.10/site-packages/airflow/example_dags/example_trigger_target_dag.py
[2024-05-25T03:43:06.837+0530] {logging_mixin.py:188} INFO - [2024-05-25T03:43:06.836+0530] {dag.py:3096} INFO - Sync 1 DAGs
[2024-05-25T03:43:06.851+0530] {logging_mixin.py:188} INFO - [2024-05-25T03:43:06.850+0530] {dag.py:3954} INFO - Setting next_dagrun for example_trigger_target_dag to None, run_after=None
[2024-05-25T03:43:06.880+0530] {processor.py:183} INFO - Processing /home/wsl/airflow_venv/lib/python3.10/site-packages/airflow/example_dags/example_trigger_target_dag.py took 0.089 seconds
[2024-05-25T03:44:20.812+0530] {processor.py:161} INFO - Started process (PID=4548) to work on /home/wsl/airflow_venv/lib/python3.10/site-packages/airflow/example_dags/example_trigger_target_dag.py
[2024-05-25T03:44:20.834+0530] {processor.py:830} INFO - Processing file /home/wsl/airflow_venv/lib/python3.10/site-packages/airflow/example_dags/example_trigger_target_dag.py for tasks to queue
[2024-05-25T03:44:20.836+0530] {logging_mixin.py:188} INFO - [2024-05-25T03:44:20.836+0530] {dagbag.py:540} INFO - Filling up the DagBag from /home/wsl/airflow_venv/lib/python3.10/site-packages/airflow/example_dags/example_trigger_target_dag.py
[2024-05-25T03:44:20.852+0530] {processor.py:840} INFO - DAG(s) 'example_trigger_target_dag' retrieved from /home/wsl/airflow_venv/lib/python3.10/site-packages/airflow/example_dags/example_trigger_target_dag.py
[2024-05-25T03:44:20.880+0530] {logging_mixin.py:188} INFO - [2024-05-25T03:44:20.880+0530] {dag.py:3096} INFO - Sync 1 DAGs
[2024-05-25T03:44:20.899+0530] {logging_mixin.py:188} INFO - [2024-05-25T03:44:20.898+0530] {dag.py:3954} INFO - Setting next_dagrun for example_trigger_target_dag to None, run_after=None
[2024-05-25T03:44:20.968+0530] {processor.py:183} INFO - Processing /home/wsl/airflow_venv/lib/python3.10/site-packages/airflow/example_dags/example_trigger_target_dag.py took 0.168 seconds
[2024-05-25T03:45:36.752+0530] {processor.py:161} INFO - Started process (PID=4846) to work on /home/wsl/airflow_venv/lib/python3.10/site-packages/airflow/example_dags/example_trigger_target_dag.py
[2024-05-25T03:45:36.754+0530] {processor.py:830} INFO - Processing file /home/wsl/airflow_venv/lib/python3.10/site-packages/airflow/example_dags/example_trigger_target_dag.py for tasks to queue
[2024-05-25T03:45:36.758+0530] {logging_mixin.py:188} INFO - [2024-05-25T03:45:36.757+0530] {dagbag.py:540} INFO - Filling up the DagBag from /home/wsl/airflow_venv/lib/python3.10/site-packages/airflow/example_dags/example_trigger_target_dag.py
[2024-05-25T03:45:36.780+0530] {processor.py:840} INFO - DAG(s) 'example_trigger_target_dag' retrieved from /home/wsl/airflow_venv/lib/python3.10/site-packages/airflow/example_dags/example_trigger_target_dag.py
[2024-05-25T03:45:36.847+0530] {logging_mixin.py:188} INFO - [2024-05-25T03:45:36.847+0530] {dag.py:3096} INFO - Sync 1 DAGs
[2024-05-25T03:45:36.880+0530] {logging_mixin.py:188} INFO - [2024-05-25T03:45:36.879+0530] {dag.py:3954} INFO - Setting next_dagrun for example_trigger_target_dag to None, run_after=None
[2024-05-25T03:45:36.935+0530] {processor.py:183} INFO - Processing /home/wsl/airflow_venv/lib/python3.10/site-packages/airflow/example_dags/example_trigger_target_dag.py took 0.196 seconds
[2024-05-25T03:46:11.619+0530] {processor.py:161} INFO - Started process (PID=5009) to work on /home/wsl/airflow_venv/lib/python3.10/site-packages/airflow/example_dags/example_trigger_target_dag.py
[2024-05-25T03:46:11.622+0530] {processor.py:830} INFO - Processing file /home/wsl/airflow_venv/lib/python3.10/site-packages/airflow/example_dags/example_trigger_target_dag.py for tasks to queue
[2024-05-25T03:46:11.625+0530] {logging_mixin.py:188} INFO - [2024-05-25T03:46:11.625+0530] {dagbag.py:540} INFO - Filling up the DagBag from /home/wsl/airflow_venv/lib/python3.10/site-packages/airflow/example_dags/example_trigger_target_dag.py
[2024-05-25T03:46:11.632+0530] {processor.py:840} INFO - DAG(s) 'example_trigger_target_dag' retrieved from /home/wsl/airflow_venv/lib/python3.10/site-packages/airflow/example_dags/example_trigger_target_dag.py
[2024-05-25T03:46:11.652+0530] {logging_mixin.py:188} INFO - [2024-05-25T03:46:11.651+0530] {dag.py:3096} INFO - Sync 1 DAGs
[2024-05-25T03:46:11.667+0530] {logging_mixin.py:188} INFO - [2024-05-25T03:46:11.666+0530] {dag.py:3954} INFO - Setting next_dagrun for example_trigger_target_dag to None, run_after=None
[2024-05-25T03:46:11.703+0530] {processor.py:183} INFO - Processing /home/wsl/airflow_venv/lib/python3.10/site-packages/airflow/example_dags/example_trigger_target_dag.py took 0.091 seconds
[2024-05-25T03:47:09.394+0530] {processor.py:161} INFO - Started process (PID=5282) to work on /home/wsl/airflow_venv/lib/python3.10/site-packages/airflow/example_dags/example_trigger_target_dag.py
[2024-05-25T03:47:09.396+0530] {processor.py:830} INFO - Processing file /home/wsl/airflow_venv/lib/python3.10/site-packages/airflow/example_dags/example_trigger_target_dag.py for tasks to queue
[2024-05-25T03:47:09.398+0530] {logging_mixin.py:188} INFO - [2024-05-25T03:47:09.397+0530] {dagbag.py:540} INFO - Filling up the DagBag from /home/wsl/airflow_venv/lib/python3.10/site-packages/airflow/example_dags/example_trigger_target_dag.py
[2024-05-25T03:47:09.407+0530] {processor.py:840} INFO - DAG(s) 'example_trigger_target_dag' retrieved from /home/wsl/airflow_venv/lib/python3.10/site-packages/airflow/example_dags/example_trigger_target_dag.py
[2024-05-25T03:47:09.428+0530] {logging_mixin.py:188} INFO - [2024-05-25T03:47:09.428+0530] {dag.py:3096} INFO - Sync 1 DAGs
[2024-05-25T03:47:09.442+0530] {logging_mixin.py:188} INFO - [2024-05-25T03:47:09.442+0530] {dag.py:3954} INFO - Setting next_dagrun for example_trigger_target_dag to None, run_after=None
[2024-05-25T03:47:09.470+0530] {processor.py:183} INFO - Processing /home/wsl/airflow_venv/lib/python3.10/site-packages/airflow/example_dags/example_trigger_target_dag.py took 0.088 seconds
[2024-05-25T03:48:02.796+0530] {processor.py:161} INFO - Started process (PID=5537) to work on /home/wsl/airflow_venv/lib/python3.10/site-packages/airflow/example_dags/example_trigger_target_dag.py
[2024-05-25T03:48:02.798+0530] {processor.py:830} INFO - Processing file /home/wsl/airflow_venv/lib/python3.10/site-packages/airflow/example_dags/example_trigger_target_dag.py for tasks to queue
[2024-05-25T03:48:02.800+0530] {logging_mixin.py:188} INFO - [2024-05-25T03:48:02.799+0530] {dagbag.py:540} INFO - Filling up the DagBag from /home/wsl/airflow_venv/lib/python3.10/site-packages/airflow/example_dags/example_trigger_target_dag.py
[2024-05-25T03:48:02.806+0530] {processor.py:840} INFO - DAG(s) 'example_trigger_target_dag' retrieved from /home/wsl/airflow_venv/lib/python3.10/site-packages/airflow/example_dags/example_trigger_target_dag.py
[2024-05-25T03:48:02.824+0530] {logging_mixin.py:188} INFO - [2024-05-25T03:48:02.823+0530] {dag.py:3096} INFO - Sync 1 DAGs
[2024-05-25T03:48:02.836+0530] {logging_mixin.py:188} INFO - [2024-05-25T03:48:02.836+0530] {dag.py:3954} INFO - Setting next_dagrun for example_trigger_target_dag to None, run_after=None
[2024-05-25T03:48:02.866+0530] {processor.py:183} INFO - Processing /home/wsl/airflow_venv/lib/python3.10/site-packages/airflow/example_dags/example_trigger_target_dag.py took 0.078 seconds
[2024-05-25T03:48:54.866+0530] {processor.py:161} INFO - Started process (PID=5786) to work on /home/wsl/airflow_venv/lib/python3.10/site-packages/airflow/example_dags/example_trigger_target_dag.py
[2024-05-25T03:48:54.871+0530] {processor.py:830} INFO - Processing file /home/wsl/airflow_venv/lib/python3.10/site-packages/airflow/example_dags/example_trigger_target_dag.py for tasks to queue
[2024-05-25T03:48:54.874+0530] {logging_mixin.py:188} INFO - [2024-05-25T03:48:54.874+0530] {dagbag.py:540} INFO - Filling up the DagBag from /home/wsl/airflow_venv/lib/python3.10/site-packages/airflow/example_dags/example_trigger_target_dag.py
[2024-05-25T03:48:54.887+0530] {processor.py:840} INFO - DAG(s) 'example_trigger_target_dag' retrieved from /home/wsl/airflow_venv/lib/python3.10/site-packages/airflow/example_dags/example_trigger_target_dag.py
[2024-05-25T03:48:54.904+0530] {logging_mixin.py:188} INFO - [2024-05-25T03:48:54.903+0530] {dag.py:3096} INFO - Sync 1 DAGs
[2024-05-25T03:48:54.915+0530] {logging_mixin.py:188} INFO - [2024-05-25T03:48:54.915+0530] {dag.py:3954} INFO - Setting next_dagrun for example_trigger_target_dag to None, run_after=None
[2024-05-25T03:48:54.946+0530] {processor.py:183} INFO - Processing /home/wsl/airflow_venv/lib/python3.10/site-packages/airflow/example_dags/example_trigger_target_dag.py took 0.104 seconds
[2024-05-25T03:49:44.755+0530] {processor.py:161} INFO - Started process (PID=6026) to work on /home/wsl/airflow_venv/lib/python3.10/site-packages/airflow/example_dags/example_trigger_target_dag.py
[2024-05-25T03:49:44.756+0530] {processor.py:830} INFO - Processing file /home/wsl/airflow_venv/lib/python3.10/site-packages/airflow/example_dags/example_trigger_target_dag.py for tasks to queue
[2024-05-25T03:49:44.759+0530] {logging_mixin.py:188} INFO - [2024-05-25T03:49:44.758+0530] {dagbag.py:540} INFO - Filling up the DagBag from /home/wsl/airflow_venv/lib/python3.10/site-packages/airflow/example_dags/example_trigger_target_dag.py
[2024-05-25T03:49:44.766+0530] {processor.py:840} INFO - DAG(s) 'example_trigger_target_dag' retrieved from /home/wsl/airflow_venv/lib/python3.10/site-packages/airflow/example_dags/example_trigger_target_dag.py
[2024-05-25T03:49:44.783+0530] {logging_mixin.py:188} INFO - [2024-05-25T03:49:44.783+0530] {dag.py:3096} INFO - Sync 1 DAGs
[2024-05-25T03:49:44.798+0530] {logging_mixin.py:188} INFO - [2024-05-25T03:49:44.797+0530] {dag.py:3954} INFO - Setting next_dagrun for example_trigger_target_dag to None, run_after=None
[2024-05-25T03:49:44.828+0530] {processor.py:183} INFO - Processing /home/wsl/airflow_venv/lib/python3.10/site-packages/airflow/example_dags/example_trigger_target_dag.py took 0.089 seconds
[2024-05-25T03:50:42.610+0530] {processor.py:161} INFO - Started process (PID=6299) to work on /home/wsl/airflow_venv/lib/python3.10/site-packages/airflow/example_dags/example_trigger_target_dag.py
[2024-05-25T03:50:42.612+0530] {processor.py:830} INFO - Processing file /home/wsl/airflow_venv/lib/python3.10/site-packages/airflow/example_dags/example_trigger_target_dag.py for tasks to queue
[2024-05-25T03:50:42.614+0530] {logging_mixin.py:188} INFO - [2024-05-25T03:50:42.613+0530] {dagbag.py:540} INFO - Filling up the DagBag from /home/wsl/airflow_venv/lib/python3.10/site-packages/airflow/example_dags/example_trigger_target_dag.py
[2024-05-25T03:50:42.623+0530] {processor.py:840} INFO - DAG(s) 'example_trigger_target_dag' retrieved from /home/wsl/airflow_venv/lib/python3.10/site-packages/airflow/example_dags/example_trigger_target_dag.py
[2024-05-25T03:50:42.643+0530] {logging_mixin.py:188} INFO - [2024-05-25T03:50:42.643+0530] {dag.py:3096} INFO - Sync 1 DAGs
[2024-05-25T03:50:42.656+0530] {logging_mixin.py:188} INFO - [2024-05-25T03:50:42.655+0530] {dag.py:3954} INFO - Setting next_dagrun for example_trigger_target_dag to None, run_after=None
[2024-05-25T03:50:42.686+0530] {processor.py:183} INFO - Processing /home/wsl/airflow_venv/lib/python3.10/site-packages/airflow/example_dags/example_trigger_target_dag.py took 0.084 seconds
[2024-05-25T03:51:37.259+0530] {processor.py:161} INFO - Started process (PID=6559) to work on /home/wsl/airflow_venv/lib/python3.10/site-packages/airflow/example_dags/example_trigger_target_dag.py
[2024-05-25T03:51:37.281+0530] {processor.py:830} INFO - Processing file /home/wsl/airflow_venv/lib/python3.10/site-packages/airflow/example_dags/example_trigger_target_dag.py for tasks to queue
[2024-05-25T03:51:37.285+0530] {logging_mixin.py:188} INFO - [2024-05-25T03:51:37.284+0530] {dagbag.py:540} INFO - Filling up the DagBag from /home/wsl/airflow_venv/lib/python3.10/site-packages/airflow/example_dags/example_trigger_target_dag.py
[2024-05-25T03:51:37.319+0530] {processor.py:840} INFO - DAG(s) 'example_trigger_target_dag' retrieved from /home/wsl/airflow_venv/lib/python3.10/site-packages/airflow/example_dags/example_trigger_target_dag.py
[2024-05-25T03:51:37.370+0530] {logging_mixin.py:188} INFO - [2024-05-25T03:51:37.370+0530] {dag.py:3096} INFO - Sync 1 DAGs
[2024-05-25T03:51:37.406+0530] {logging_mixin.py:188} INFO - [2024-05-25T03:51:37.405+0530] {dag.py:3954} INFO - Setting next_dagrun for example_trigger_target_dag to None, run_after=None
[2024-05-25T03:51:37.454+0530] {processor.py:183} INFO - Processing /home/wsl/airflow_venv/lib/python3.10/site-packages/airflow/example_dags/example_trigger_target_dag.py took 0.205 seconds
[2024-05-25T03:52:33.947+0530] {processor.py:161} INFO - Started process (PID=6830) to work on /home/wsl/airflow_venv/lib/python3.10/site-packages/airflow/example_dags/example_trigger_target_dag.py
[2024-05-25T03:52:33.949+0530] {processor.py:830} INFO - Processing file /home/wsl/airflow_venv/lib/python3.10/site-packages/airflow/example_dags/example_trigger_target_dag.py for tasks to queue
[2024-05-25T03:52:33.952+0530] {logging_mixin.py:188} INFO - [2024-05-25T03:52:33.951+0530] {dagbag.py:540} INFO - Filling up the DagBag from /home/wsl/airflow_venv/lib/python3.10/site-packages/airflow/example_dags/example_trigger_target_dag.py
[2024-05-25T03:52:33.961+0530] {processor.py:840} INFO - DAG(s) 'example_trigger_target_dag' retrieved from /home/wsl/airflow_venv/lib/python3.10/site-packages/airflow/example_dags/example_trigger_target_dag.py
[2024-05-25T03:52:33.981+0530] {logging_mixin.py:188} INFO - [2024-05-25T03:52:33.981+0530] {dag.py:3096} INFO - Sync 1 DAGs
[2024-05-25T03:52:33.994+0530] {logging_mixin.py:188} INFO - [2024-05-25T03:52:33.994+0530] {dag.py:3954} INFO - Setting next_dagrun for example_trigger_target_dag to None, run_after=None
[2024-05-25T03:52:34.022+0530] {processor.py:183} INFO - Processing /home/wsl/airflow_venv/lib/python3.10/site-packages/airflow/example_dags/example_trigger_target_dag.py took 0.086 seconds
[2024-05-25T03:53:25.914+0530] {processor.py:161} INFO - Started process (PID=7077) to work on /home/wsl/airflow_venv/lib/python3.10/site-packages/airflow/example_dags/example_trigger_target_dag.py
[2024-05-25T03:53:25.916+0530] {processor.py:830} INFO - Processing file /home/wsl/airflow_venv/lib/python3.10/site-packages/airflow/example_dags/example_trigger_target_dag.py for tasks to queue
[2024-05-25T03:53:25.918+0530] {logging_mixin.py:188} INFO - [2024-05-25T03:53:25.918+0530] {dagbag.py:540} INFO - Filling up the DagBag from /home/wsl/airflow_venv/lib/python3.10/site-packages/airflow/example_dags/example_trigger_target_dag.py
[2024-05-25T03:53:25.928+0530] {processor.py:840} INFO - DAG(s) 'example_trigger_target_dag' retrieved from /home/wsl/airflow_venv/lib/python3.10/site-packages/airflow/example_dags/example_trigger_target_dag.py
[2024-05-25T03:53:25.949+0530] {logging_mixin.py:188} INFO - [2024-05-25T03:53:25.948+0530] {dag.py:3096} INFO - Sync 1 DAGs
[2024-05-25T03:53:25.964+0530] {logging_mixin.py:188} INFO - [2024-05-25T03:53:25.964+0530] {dag.py:3954} INFO - Setting next_dagrun for example_trigger_target_dag to None, run_after=None
[2024-05-25T03:53:25.997+0530] {processor.py:183} INFO - Processing /home/wsl/airflow_venv/lib/python3.10/site-packages/airflow/example_dags/example_trigger_target_dag.py took 0.097 seconds
[2024-05-25T03:53:57.613+0530] {processor.py:161} INFO - Started process (PID=7224) to work on /home/wsl/airflow_venv/lib/python3.10/site-packages/airflow/example_dags/example_trigger_target_dag.py
[2024-05-25T03:53:57.614+0530] {processor.py:830} INFO - Processing file /home/wsl/airflow_venv/lib/python3.10/site-packages/airflow/example_dags/example_trigger_target_dag.py for tasks to queue
[2024-05-25T03:53:57.615+0530] {logging_mixin.py:188} INFO - [2024-05-25T03:53:57.615+0530] {dagbag.py:540} INFO - Filling up the DagBag from /home/wsl/airflow_venv/lib/python3.10/site-packages/airflow/example_dags/example_trigger_target_dag.py
[2024-05-25T03:53:57.623+0530] {processor.py:840} INFO - DAG(s) 'example_trigger_target_dag' retrieved from /home/wsl/airflow_venv/lib/python3.10/site-packages/airflow/example_dags/example_trigger_target_dag.py
[2024-05-25T03:53:57.641+0530] {logging_mixin.py:188} INFO - [2024-05-25T03:53:57.641+0530] {dag.py:3096} INFO - Sync 1 DAGs
[2024-05-25T03:53:57.653+0530] {logging_mixin.py:188} INFO - [2024-05-25T03:53:57.653+0530] {dag.py:3954} INFO - Setting next_dagrun for example_trigger_target_dag to None, run_after=None
[2024-05-25T03:53:57.682+0530] {processor.py:183} INFO - Processing /home/wsl/airflow_venv/lib/python3.10/site-packages/airflow/example_dags/example_trigger_target_dag.py took 0.078 seconds
[2024-05-25T03:54:31.640+0530] {processor.py:161} INFO - Started process (PID=7386) to work on /home/wsl/airflow_venv/lib/python3.10/site-packages/airflow/example_dags/example_trigger_target_dag.py
[2024-05-25T03:54:31.641+0530] {processor.py:830} INFO - Processing file /home/wsl/airflow_venv/lib/python3.10/site-packages/airflow/example_dags/example_trigger_target_dag.py for tasks to queue
[2024-05-25T03:54:31.644+0530] {logging_mixin.py:188} INFO - [2024-05-25T03:54:31.643+0530] {dagbag.py:540} INFO - Filling up the DagBag from /home/wsl/airflow_venv/lib/python3.10/site-packages/airflow/example_dags/example_trigger_target_dag.py
[2024-05-25T03:54:31.655+0530] {processor.py:840} INFO - DAG(s) 'example_trigger_target_dag' retrieved from /home/wsl/airflow_venv/lib/python3.10/site-packages/airflow/example_dags/example_trigger_target_dag.py
[2024-05-25T03:54:31.690+0530] {logging_mixin.py:188} INFO - [2024-05-25T03:54:31.690+0530] {dag.py:3096} INFO - Sync 1 DAGs
[2024-05-25T03:54:31.711+0530] {logging_mixin.py:188} INFO - [2024-05-25T03:54:31.711+0530] {dag.py:3954} INFO - Setting next_dagrun for example_trigger_target_dag to None, run_after=None
[2024-05-25T03:54:31.760+0530] {processor.py:183} INFO - Processing /home/wsl/airflow_venv/lib/python3.10/site-packages/airflow/example_dags/example_trigger_target_dag.py took 0.130 seconds
[2024-05-25T03:55:31.107+0530] {processor.py:161} INFO - Started process (PID=7667) to work on /home/wsl/airflow_venv/lib/python3.10/site-packages/airflow/example_dags/example_trigger_target_dag.py
[2024-05-25T03:55:31.110+0530] {processor.py:830} INFO - Processing file /home/wsl/airflow_venv/lib/python3.10/site-packages/airflow/example_dags/example_trigger_target_dag.py for tasks to queue
[2024-05-25T03:55:31.115+0530] {logging_mixin.py:188} INFO - [2024-05-25T03:55:31.113+0530] {dagbag.py:540} INFO - Filling up the DagBag from /home/wsl/airflow_venv/lib/python3.10/site-packages/airflow/example_dags/example_trigger_target_dag.py
[2024-05-25T03:55:31.123+0530] {processor.py:840} INFO - DAG(s) 'example_trigger_target_dag' retrieved from /home/wsl/airflow_venv/lib/python3.10/site-packages/airflow/example_dags/example_trigger_target_dag.py
[2024-05-25T03:55:31.143+0530] {logging_mixin.py:188} INFO - [2024-05-25T03:55:31.143+0530] {dag.py:3096} INFO - Sync 1 DAGs
[2024-05-25T03:55:31.160+0530] {logging_mixin.py:188} INFO - [2024-05-25T03:55:31.160+0530] {dag.py:3954} INFO - Setting next_dagrun for example_trigger_target_dag to None, run_after=None
[2024-05-25T03:55:31.191+0530] {processor.py:183} INFO - Processing /home/wsl/airflow_venv/lib/python3.10/site-packages/airflow/example_dags/example_trigger_target_dag.py took 0.098 seconds
[2024-05-25T03:56:25.720+0530] {processor.py:161} INFO - Started process (PID=8353) to work on /home/wsl/airflow_venv/lib/python3.10/site-packages/airflow/example_dags/example_trigger_target_dag.py
[2024-05-25T03:56:25.722+0530] {processor.py:830} INFO - Processing file /home/wsl/airflow_venv/lib/python3.10/site-packages/airflow/example_dags/example_trigger_target_dag.py for tasks to queue
[2024-05-25T03:56:25.724+0530] {logging_mixin.py:188} INFO - [2024-05-25T03:56:25.723+0530] {dagbag.py:540} INFO - Filling up the DagBag from /home/wsl/airflow_venv/lib/python3.10/site-packages/airflow/example_dags/example_trigger_target_dag.py
[2024-05-25T03:56:25.734+0530] {processor.py:840} INFO - DAG(s) 'example_trigger_target_dag' retrieved from /home/wsl/airflow_venv/lib/python3.10/site-packages/airflow/example_dags/example_trigger_target_dag.py
[2024-05-25T03:56:25.755+0530] {logging_mixin.py:188} INFO - [2024-05-25T03:56:25.755+0530] {dag.py:3096} INFO - Sync 1 DAGs
[2024-05-25T03:56:25.771+0530] {logging_mixin.py:188} INFO - [2024-05-25T03:56:25.770+0530] {dag.py:3954} INFO - Setting next_dagrun for example_trigger_target_dag to None, run_after=None
[2024-05-25T03:56:25.807+0530] {processor.py:183} INFO - Processing /home/wsl/airflow_venv/lib/python3.10/site-packages/airflow/example_dags/example_trigger_target_dag.py took 0.094 seconds
