[2024-05-25T03:33:38.679+0530] {processor.py:161} INFO - Started process (PID=1452) to work on /home/wsl/airflow_venv/lib/python3.10/site-packages/airflow/example_dags/example_external_task_marker_dag.py
[2024-05-25T03:33:38.680+0530] {processor.py:830} INFO - Processing file /home/wsl/airflow_venv/lib/python3.10/site-packages/airflow/example_dags/example_external_task_marker_dag.py for tasks to queue
[2024-05-25T03:33:38.684+0530] {logging_mixin.py:188} INFO - [2024-05-25T03:33:38.683+0530] {dagbag.py:540} INFO - Filling up the DagBag from /home/wsl/airflow_venv/lib/python3.10/site-packages/airflow/example_dags/example_external_task_marker_dag.py
[2024-05-25T03:33:38.711+0530] {processor.py:840} INFO - DAG(s) 'example_external_task_marker_child', 'example_external_task_marker_parent' retrieved from /home/wsl/airflow_venv/lib/python3.10/site-packages/airflow/example_dags/example_external_task_marker_dag.py
[2024-05-25T03:33:39.074+0530] {logging_mixin.py:188} INFO - [2024-05-25T03:33:39.073+0530] {dag.py:3096} INFO - Sync 2 DAGs
[2024-05-25T03:33:39.274+0530] {logging_mixin.py:188} INFO - [2024-05-25T03:33:39.274+0530] {dag.py:3954} INFO - Setting next_dagrun for example_external_task_marker_child to None, run_after=None
[2024-05-25T03:33:39.294+0530] {logging_mixin.py:188} INFO - [2024-05-25T03:33:39.289+0530] {dag.py:3954} INFO - Setting next_dagrun for example_external_task_marker_parent to None, run_after=None
[2024-05-25T03:33:39.338+0530] {processor.py:183} INFO - Processing /home/wsl/airflow_venv/lib/python3.10/site-packages/airflow/example_dags/example_external_task_marker_dag.py took 0.671 seconds
[2024-05-25T03:35:08.528+0530] {processor.py:161} INFO - Started process (PID=1874) to work on /home/wsl/airflow_venv/lib/python3.10/site-packages/airflow/example_dags/example_external_task_marker_dag.py
[2024-05-25T03:35:08.531+0530] {processor.py:830} INFO - Processing file /home/wsl/airflow_venv/lib/python3.10/site-packages/airflow/example_dags/example_external_task_marker_dag.py for tasks to queue
[2024-05-25T03:35:08.533+0530] {logging_mixin.py:188} INFO - [2024-05-25T03:35:08.533+0530] {dagbag.py:540} INFO - Filling up the DagBag from /home/wsl/airflow_venv/lib/python3.10/site-packages/airflow/example_dags/example_external_task_marker_dag.py
[2024-05-25T03:35:08.544+0530] {processor.py:840} INFO - DAG(s) 'example_external_task_marker_child', 'example_external_task_marker_parent' retrieved from /home/wsl/airflow_venv/lib/python3.10/site-packages/airflow/example_dags/example_external_task_marker_dag.py
[2024-05-25T03:35:08.565+0530] {logging_mixin.py:188} INFO - [2024-05-25T03:35:08.565+0530] {dag.py:3096} INFO - Sync 2 DAGs
[2024-05-25T03:35:08.577+0530] {logging_mixin.py:188} INFO - [2024-05-25T03:35:08.577+0530] {dag.py:3954} INFO - Setting next_dagrun for example_external_task_marker_child to None, run_after=None
[2024-05-25T03:35:08.580+0530] {logging_mixin.py:188} INFO - [2024-05-25T03:35:08.580+0530] {dag.py:3954} INFO - Setting next_dagrun for example_external_task_marker_parent to None, run_after=None
[2024-05-25T03:35:08.606+0530] {processor.py:183} INFO - Processing /home/wsl/airflow_venv/lib/python3.10/site-packages/airflow/example_dags/example_external_task_marker_dag.py took 0.088 seconds
[2024-05-25T03:36:16.258+0530] {processor.py:161} INFO - Started process (PID=2190) to work on /home/wsl/airflow_venv/lib/python3.10/site-packages/airflow/example_dags/example_external_task_marker_dag.py
[2024-05-25T03:36:16.259+0530] {processor.py:830} INFO - Processing file /home/wsl/airflow_venv/lib/python3.10/site-packages/airflow/example_dags/example_external_task_marker_dag.py for tasks to queue
[2024-05-25T03:36:16.261+0530] {logging_mixin.py:188} INFO - [2024-05-25T03:36:16.261+0530] {dagbag.py:540} INFO - Filling up the DagBag from /home/wsl/airflow_venv/lib/python3.10/site-packages/airflow/example_dags/example_external_task_marker_dag.py
[2024-05-25T03:36:16.268+0530] {processor.py:840} INFO - DAG(s) 'example_external_task_marker_parent', 'example_external_task_marker_child' retrieved from /home/wsl/airflow_venv/lib/python3.10/site-packages/airflow/example_dags/example_external_task_marker_dag.py
[2024-05-25T03:36:16.289+0530] {logging_mixin.py:188} INFO - [2024-05-25T03:36:16.289+0530] {dag.py:3096} INFO - Sync 2 DAGs
[2024-05-25T03:36:16.301+0530] {logging_mixin.py:188} INFO - [2024-05-25T03:36:16.301+0530] {dag.py:3954} INFO - Setting next_dagrun for example_external_task_marker_child to None, run_after=None
[2024-05-25T03:36:16.304+0530] {logging_mixin.py:188} INFO - [2024-05-25T03:36:16.304+0530] {dag.py:3954} INFO - Setting next_dagrun for example_external_task_marker_parent to None, run_after=None
[2024-05-25T03:36:16.328+0530] {processor.py:183} INFO - Processing /home/wsl/airflow_venv/lib/python3.10/site-packages/airflow/example_dags/example_external_task_marker_dag.py took 0.077 seconds
[2024-05-25T03:37:10.753+0530] {processor.py:161} INFO - Started process (PID=2450) to work on /home/wsl/airflow_venv/lib/python3.10/site-packages/airflow/example_dags/example_external_task_marker_dag.py
[2024-05-25T03:37:10.755+0530] {processor.py:830} INFO - Processing file /home/wsl/airflow_venv/lib/python3.10/site-packages/airflow/example_dags/example_external_task_marker_dag.py for tasks to queue
[2024-05-25T03:37:10.758+0530] {logging_mixin.py:188} INFO - [2024-05-25T03:37:10.757+0530] {dagbag.py:540} INFO - Filling up the DagBag from /home/wsl/airflow_venv/lib/python3.10/site-packages/airflow/example_dags/example_external_task_marker_dag.py
[2024-05-25T03:37:10.769+0530] {processor.py:840} INFO - DAG(s) 'example_external_task_marker_parent', 'example_external_task_marker_child' retrieved from /home/wsl/airflow_venv/lib/python3.10/site-packages/airflow/example_dags/example_external_task_marker_dag.py
[2024-05-25T03:37:10.790+0530] {logging_mixin.py:188} INFO - [2024-05-25T03:37:10.790+0530] {dag.py:3096} INFO - Sync 2 DAGs
[2024-05-25T03:37:10.802+0530] {logging_mixin.py:188} INFO - [2024-05-25T03:37:10.802+0530] {dag.py:3954} INFO - Setting next_dagrun for example_external_task_marker_child to None, run_after=None
[2024-05-25T03:37:10.806+0530] {logging_mixin.py:188} INFO - [2024-05-25T03:37:10.805+0530] {dag.py:3954} INFO - Setting next_dagrun for example_external_task_marker_parent to None, run_after=None
[2024-05-25T03:37:10.833+0530] {processor.py:183} INFO - Processing /home/wsl/airflow_venv/lib/python3.10/site-packages/airflow/example_dags/example_external_task_marker_dag.py took 0.095 seconds
[2024-05-25T03:38:25.231+0530] {processor.py:161} INFO - Started process (PID=2804) to work on /home/wsl/airflow_venv/lib/python3.10/site-packages/airflow/example_dags/example_external_task_marker_dag.py
[2024-05-25T03:38:25.234+0530] {processor.py:830} INFO - Processing file /home/wsl/airflow_venv/lib/python3.10/site-packages/airflow/example_dags/example_external_task_marker_dag.py for tasks to queue
[2024-05-25T03:38:25.236+0530] {logging_mixin.py:188} INFO - [2024-05-25T03:38:25.236+0530] {dagbag.py:540} INFO - Filling up the DagBag from /home/wsl/airflow_venv/lib/python3.10/site-packages/airflow/example_dags/example_external_task_marker_dag.py
[2024-05-25T03:38:25.247+0530] {processor.py:840} INFO - DAG(s) 'example_external_task_marker_child', 'example_external_task_marker_parent' retrieved from /home/wsl/airflow_venv/lib/python3.10/site-packages/airflow/example_dags/example_external_task_marker_dag.py
[2024-05-25T03:38:25.267+0530] {logging_mixin.py:188} INFO - [2024-05-25T03:38:25.267+0530] {dag.py:3096} INFO - Sync 2 DAGs
[2024-05-25T03:38:25.279+0530] {logging_mixin.py:188} INFO - [2024-05-25T03:38:25.279+0530] {dag.py:3954} INFO - Setting next_dagrun for example_external_task_marker_child to None, run_after=None
[2024-05-25T03:38:25.283+0530] {logging_mixin.py:188} INFO - [2024-05-25T03:38:25.283+0530] {dag.py:3954} INFO - Setting next_dagrun for example_external_task_marker_parent to None, run_after=None
[2024-05-25T03:38:25.311+0530] {processor.py:183} INFO - Processing /home/wsl/airflow_venv/lib/python3.10/site-packages/airflow/example_dags/example_external_task_marker_dag.py took 0.089 seconds
[2024-05-25T03:39:45.199+0530] {processor.py:161} INFO - Started process (PID=3181) to work on /home/wsl/airflow_venv/lib/python3.10/site-packages/airflow/example_dags/example_external_task_marker_dag.py
[2024-05-25T03:39:45.201+0530] {processor.py:830} INFO - Processing file /home/wsl/airflow_venv/lib/python3.10/site-packages/airflow/example_dags/example_external_task_marker_dag.py for tasks to queue
[2024-05-25T03:39:45.204+0530] {logging_mixin.py:188} INFO - [2024-05-25T03:39:45.204+0530] {dagbag.py:540} INFO - Filling up the DagBag from /home/wsl/airflow_venv/lib/python3.10/site-packages/airflow/example_dags/example_external_task_marker_dag.py
[2024-05-25T03:39:45.216+0530] {processor.py:840} INFO - DAG(s) 'example_external_task_marker_child', 'example_external_task_marker_parent' retrieved from /home/wsl/airflow_venv/lib/python3.10/site-packages/airflow/example_dags/example_external_task_marker_dag.py
[2024-05-25T03:39:45.237+0530] {logging_mixin.py:188} INFO - [2024-05-25T03:39:45.237+0530] {dag.py:3096} INFO - Sync 2 DAGs
[2024-05-25T03:39:45.252+0530] {logging_mixin.py:188} INFO - [2024-05-25T03:39:45.252+0530] {dag.py:3954} INFO - Setting next_dagrun for example_external_task_marker_child to None, run_after=None
[2024-05-25T03:39:45.255+0530] {logging_mixin.py:188} INFO - [2024-05-25T03:39:45.255+0530] {dag.py:3954} INFO - Setting next_dagrun for example_external_task_marker_parent to None, run_after=None
[2024-05-25T03:39:45.288+0530] {processor.py:183} INFO - Processing /home/wsl/airflow_venv/lib/python3.10/site-packages/airflow/example_dags/example_external_task_marker_dag.py took 0.100 seconds
[2024-05-25T03:40:45.002+0530] {processor.py:161} INFO - Started process (PID=3551) to work on /home/wsl/airflow_venv/lib/python3.10/site-packages/airflow/example_dags/example_external_task_marker_dag.py
[2024-05-25T03:40:45.004+0530] {processor.py:830} INFO - Processing file /home/wsl/airflow_venv/lib/python3.10/site-packages/airflow/example_dags/example_external_task_marker_dag.py for tasks to queue
[2024-05-25T03:40:45.006+0530] {logging_mixin.py:188} INFO - [2024-05-25T03:40:45.006+0530] {dagbag.py:540} INFO - Filling up the DagBag from /home/wsl/airflow_venv/lib/python3.10/site-packages/airflow/example_dags/example_external_task_marker_dag.py
[2024-05-25T03:40:45.014+0530] {processor.py:840} INFO - DAG(s) 'example_external_task_marker_parent', 'example_external_task_marker_child' retrieved from /home/wsl/airflow_venv/lib/python3.10/site-packages/airflow/example_dags/example_external_task_marker_dag.py
[2024-05-25T03:40:45.036+0530] {logging_mixin.py:188} INFO - [2024-05-25T03:40:45.035+0530] {dag.py:3096} INFO - Sync 2 DAGs
[2024-05-25T03:40:45.049+0530] {logging_mixin.py:188} INFO - [2024-05-25T03:40:45.048+0530] {dag.py:3954} INFO - Setting next_dagrun for example_external_task_marker_child to None, run_after=None
[2024-05-25T03:40:45.052+0530] {logging_mixin.py:188} INFO - [2024-05-25T03:40:45.052+0530] {dag.py:3954} INFO - Setting next_dagrun for example_external_task_marker_parent to None, run_after=None
[2024-05-25T03:40:45.076+0530] {processor.py:183} INFO - Processing /home/wsl/airflow_venv/lib/python3.10/site-packages/airflow/example_dags/example_external_task_marker_dag.py took 0.081 seconds
[2024-05-25T03:41:42.223+0530] {processor.py:161} INFO - Started process (PID=3820) to work on /home/wsl/airflow_venv/lib/python3.10/site-packages/airflow/example_dags/example_external_task_marker_dag.py
[2024-05-25T03:41:42.225+0530] {processor.py:830} INFO - Processing file /home/wsl/airflow_venv/lib/python3.10/site-packages/airflow/example_dags/example_external_task_marker_dag.py for tasks to queue
[2024-05-25T03:41:42.227+0530] {logging_mixin.py:188} INFO - [2024-05-25T03:41:42.227+0530] {dagbag.py:540} INFO - Filling up the DagBag from /home/wsl/airflow_venv/lib/python3.10/site-packages/airflow/example_dags/example_external_task_marker_dag.py
[2024-05-25T03:41:42.236+0530] {processor.py:840} INFO - DAG(s) 'example_external_task_marker_child', 'example_external_task_marker_parent' retrieved from /home/wsl/airflow_venv/lib/python3.10/site-packages/airflow/example_dags/example_external_task_marker_dag.py
[2024-05-25T03:41:42.263+0530] {logging_mixin.py:188} INFO - [2024-05-25T03:41:42.263+0530] {dag.py:3096} INFO - Sync 2 DAGs
[2024-05-25T03:41:42.276+0530] {logging_mixin.py:188} INFO - [2024-05-25T03:41:42.276+0530] {dag.py:3954} INFO - Setting next_dagrun for example_external_task_marker_child to None, run_after=None
[2024-05-25T03:41:42.280+0530] {logging_mixin.py:188} INFO - [2024-05-25T03:41:42.280+0530] {dag.py:3954} INFO - Setting next_dagrun for example_external_task_marker_parent to None, run_after=None
[2024-05-25T03:41:42.308+0530] {processor.py:183} INFO - Processing /home/wsl/airflow_venv/lib/python3.10/site-packages/airflow/example_dags/example_external_task_marker_dag.py took 0.099 seconds
[2024-05-25T03:42:39.830+0530] {processor.py:161} INFO - Started process (PID=4092) to work on /home/wsl/airflow_venv/lib/python3.10/site-packages/airflow/example_dags/example_external_task_marker_dag.py
[2024-05-25T03:42:39.832+0530] {processor.py:830} INFO - Processing file /home/wsl/airflow_venv/lib/python3.10/site-packages/airflow/example_dags/example_external_task_marker_dag.py for tasks to queue
[2024-05-25T03:42:39.833+0530] {logging_mixin.py:188} INFO - [2024-05-25T03:42:39.833+0530] {dagbag.py:540} INFO - Filling up the DagBag from /home/wsl/airflow_venv/lib/python3.10/site-packages/airflow/example_dags/example_external_task_marker_dag.py
[2024-05-25T03:42:39.841+0530] {processor.py:840} INFO - DAG(s) 'example_external_task_marker_parent', 'example_external_task_marker_child' retrieved from /home/wsl/airflow_venv/lib/python3.10/site-packages/airflow/example_dags/example_external_task_marker_dag.py
[2024-05-25T03:42:39.863+0530] {logging_mixin.py:188} INFO - [2024-05-25T03:42:39.863+0530] {dag.py:3096} INFO - Sync 2 DAGs
[2024-05-25T03:42:39.883+0530] {logging_mixin.py:188} INFO - [2024-05-25T03:42:39.883+0530] {dag.py:3954} INFO - Setting next_dagrun for example_external_task_marker_child to None, run_after=None
[2024-05-25T03:42:39.887+0530] {logging_mixin.py:188} INFO - [2024-05-25T03:42:39.886+0530] {dag.py:3954} INFO - Setting next_dagrun for example_external_task_marker_parent to None, run_after=None
[2024-05-25T03:42:39.915+0530] {processor.py:183} INFO - Processing /home/wsl/airflow_venv/lib/python3.10/site-packages/airflow/example_dags/example_external_task_marker_dag.py took 0.093 seconds
[2024-05-25T03:44:18.821+0530] {processor.py:161} INFO - Started process (PID=4538) to work on /home/wsl/airflow_venv/lib/python3.10/site-packages/airflow/example_dags/example_external_task_marker_dag.py
[2024-05-25T03:44:18.823+0530] {processor.py:830} INFO - Processing file /home/wsl/airflow_venv/lib/python3.10/site-packages/airflow/example_dags/example_external_task_marker_dag.py for tasks to queue
[2024-05-25T03:44:18.828+0530] {logging_mixin.py:188} INFO - [2024-05-25T03:44:18.827+0530] {dagbag.py:540} INFO - Filling up the DagBag from /home/wsl/airflow_venv/lib/python3.10/site-packages/airflow/example_dags/example_external_task_marker_dag.py
[2024-05-25T03:44:18.841+0530] {processor.py:840} INFO - DAG(s) 'example_external_task_marker_parent', 'example_external_task_marker_child' retrieved from /home/wsl/airflow_venv/lib/python3.10/site-packages/airflow/example_dags/example_external_task_marker_dag.py
[2024-05-25T03:44:18.882+0530] {logging_mixin.py:188} INFO - [2024-05-25T03:44:18.882+0530] {dag.py:3096} INFO - Sync 2 DAGs
[2024-05-25T03:44:18.905+0530] {logging_mixin.py:188} INFO - [2024-05-25T03:44:18.904+0530] {dag.py:3954} INFO - Setting next_dagrun for example_external_task_marker_child to None, run_after=None
[2024-05-25T03:44:18.911+0530] {logging_mixin.py:188} INFO - [2024-05-25T03:44:18.911+0530] {dag.py:3954} INFO - Setting next_dagrun for example_external_task_marker_parent to None, run_after=None
[2024-05-25T03:44:19.018+0530] {processor.py:183} INFO - Processing /home/wsl/airflow_venv/lib/python3.10/site-packages/airflow/example_dags/example_external_task_marker_dag.py took 0.218 seconds
[2024-05-25T03:46:09.904+0530] {processor.py:161} INFO - Started process (PID=5000) to work on /home/wsl/airflow_venv/lib/python3.10/site-packages/airflow/example_dags/example_external_task_marker_dag.py
[2024-05-25T03:46:09.906+0530] {processor.py:830} INFO - Processing file /home/wsl/airflow_venv/lib/python3.10/site-packages/airflow/example_dags/example_external_task_marker_dag.py for tasks to queue
[2024-05-25T03:46:09.909+0530] {logging_mixin.py:188} INFO - [2024-05-25T03:46:09.908+0530] {dagbag.py:540} INFO - Filling up the DagBag from /home/wsl/airflow_venv/lib/python3.10/site-packages/airflow/example_dags/example_external_task_marker_dag.py
[2024-05-25T03:46:09.917+0530] {processor.py:840} INFO - DAG(s) 'example_external_task_marker_parent', 'example_external_task_marker_child' retrieved from /home/wsl/airflow_venv/lib/python3.10/site-packages/airflow/example_dags/example_external_task_marker_dag.py
[2024-05-25T03:46:09.945+0530] {logging_mixin.py:188} INFO - [2024-05-25T03:46:09.945+0530] {dag.py:3096} INFO - Sync 2 DAGs
[2024-05-25T03:46:09.961+0530] {logging_mixin.py:188} INFO - [2024-05-25T03:46:09.960+0530] {dag.py:3954} INFO - Setting next_dagrun for example_external_task_marker_child to None, run_after=None
[2024-05-25T03:46:09.964+0530] {logging_mixin.py:188} INFO - [2024-05-25T03:46:09.964+0530] {dag.py:3954} INFO - Setting next_dagrun for example_external_task_marker_parent to None, run_after=None
[2024-05-25T03:46:09.992+0530] {processor.py:183} INFO - Processing /home/wsl/airflow_venv/lib/python3.10/site-packages/airflow/example_dags/example_external_task_marker_dag.py took 0.106 seconds
[2024-05-25T03:47:07.859+0530] {processor.py:161} INFO - Started process (PID=5274) to work on /home/wsl/airflow_venv/lib/python3.10/site-packages/airflow/example_dags/example_external_task_marker_dag.py
[2024-05-25T03:47:07.861+0530] {processor.py:830} INFO - Processing file /home/wsl/airflow_venv/lib/python3.10/site-packages/airflow/example_dags/example_external_task_marker_dag.py for tasks to queue
[2024-05-25T03:47:07.864+0530] {logging_mixin.py:188} INFO - [2024-05-25T03:47:07.864+0530] {dagbag.py:540} INFO - Filling up the DagBag from /home/wsl/airflow_venv/lib/python3.10/site-packages/airflow/example_dags/example_external_task_marker_dag.py
[2024-05-25T03:47:07.877+0530] {processor.py:840} INFO - DAG(s) 'example_external_task_marker_child', 'example_external_task_marker_parent' retrieved from /home/wsl/airflow_venv/lib/python3.10/site-packages/airflow/example_dags/example_external_task_marker_dag.py
[2024-05-25T03:47:07.898+0530] {logging_mixin.py:188} INFO - [2024-05-25T03:47:07.898+0530] {dag.py:3096} INFO - Sync 2 DAGs
[2024-05-25T03:47:07.910+0530] {logging_mixin.py:188} INFO - [2024-05-25T03:47:07.910+0530] {dag.py:3954} INFO - Setting next_dagrun for example_external_task_marker_child to None, run_after=None
[2024-05-25T03:47:07.915+0530] {logging_mixin.py:188} INFO - [2024-05-25T03:47:07.915+0530] {dag.py:3954} INFO - Setting next_dagrun for example_external_task_marker_parent to None, run_after=None
[2024-05-25T03:47:07.941+0530] {processor.py:183} INFO - Processing /home/wsl/airflow_venv/lib/python3.10/site-packages/airflow/example_dags/example_external_task_marker_dag.py took 0.094 seconds
[2024-05-25T03:48:26.590+0530] {processor.py:161} INFO - Started process (PID=5651) to work on /home/wsl/airflow_venv/lib/python3.10/site-packages/airflow/example_dags/example_external_task_marker_dag.py
[2024-05-25T03:48:26.592+0530] {processor.py:830} INFO - Processing file /home/wsl/airflow_venv/lib/python3.10/site-packages/airflow/example_dags/example_external_task_marker_dag.py for tasks to queue
[2024-05-25T03:48:26.596+0530] {logging_mixin.py:188} INFO - [2024-05-25T03:48:26.594+0530] {dagbag.py:540} INFO - Filling up the DagBag from /home/wsl/airflow_venv/lib/python3.10/site-packages/airflow/example_dags/example_external_task_marker_dag.py
[2024-05-25T03:48:26.604+0530] {processor.py:840} INFO - DAG(s) 'example_external_task_marker_parent', 'example_external_task_marker_child' retrieved from /home/wsl/airflow_venv/lib/python3.10/site-packages/airflow/example_dags/example_external_task_marker_dag.py
[2024-05-25T03:48:26.632+0530] {logging_mixin.py:188} INFO - [2024-05-25T03:48:26.632+0530] {dag.py:3096} INFO - Sync 2 DAGs
[2024-05-25T03:48:26.650+0530] {logging_mixin.py:188} INFO - [2024-05-25T03:48:26.650+0530] {dag.py:3954} INFO - Setting next_dagrun for example_external_task_marker_child to None, run_after=None
[2024-05-25T03:48:26.654+0530] {logging_mixin.py:188} INFO - [2024-05-25T03:48:26.654+0530] {dag.py:3954} INFO - Setting next_dagrun for example_external_task_marker_parent to None, run_after=None
[2024-05-25T03:48:26.686+0530] {processor.py:183} INFO - Processing /home/wsl/airflow_venv/lib/python3.10/site-packages/airflow/example_dags/example_external_task_marker_dag.py took 0.106 seconds
[2024-05-25T03:49:43.174+0530] {processor.py:161} INFO - Started process (PID=6018) to work on /home/wsl/airflow_venv/lib/python3.10/site-packages/airflow/example_dags/example_external_task_marker_dag.py
[2024-05-25T03:49:43.176+0530] {processor.py:830} INFO - Processing file /home/wsl/airflow_venv/lib/python3.10/site-packages/airflow/example_dags/example_external_task_marker_dag.py for tasks to queue
[2024-05-25T03:49:43.178+0530] {logging_mixin.py:188} INFO - [2024-05-25T03:49:43.178+0530] {dagbag.py:540} INFO - Filling up the DagBag from /home/wsl/airflow_venv/lib/python3.10/site-packages/airflow/example_dags/example_external_task_marker_dag.py
[2024-05-25T03:49:43.189+0530] {processor.py:840} INFO - DAG(s) 'example_external_task_marker_child', 'example_external_task_marker_parent' retrieved from /home/wsl/airflow_venv/lib/python3.10/site-packages/airflow/example_dags/example_external_task_marker_dag.py
[2024-05-25T03:49:43.218+0530] {logging_mixin.py:188} INFO - [2024-05-25T03:49:43.218+0530] {dag.py:3096} INFO - Sync 2 DAGs
[2024-05-25T03:49:43.235+0530] {logging_mixin.py:188} INFO - [2024-05-25T03:49:43.234+0530] {dag.py:3954} INFO - Setting next_dagrun for example_external_task_marker_child to None, run_after=None
[2024-05-25T03:49:43.239+0530] {logging_mixin.py:188} INFO - [2024-05-25T03:49:43.239+0530] {dag.py:3954} INFO - Setting next_dagrun for example_external_task_marker_parent to None, run_after=None
[2024-05-25T03:49:43.272+0530] {processor.py:183} INFO - Processing /home/wsl/airflow_venv/lib/python3.10/site-packages/airflow/example_dags/example_external_task_marker_dag.py took 0.118 seconds
[2024-05-25T03:51:03.477+0530] {processor.py:161} INFO - Started process (PID=6399) to work on /home/wsl/airflow_venv/lib/python3.10/site-packages/airflow/example_dags/example_external_task_marker_dag.py
[2024-05-25T03:51:03.479+0530] {processor.py:830} INFO - Processing file /home/wsl/airflow_venv/lib/python3.10/site-packages/airflow/example_dags/example_external_task_marker_dag.py for tasks to queue
[2024-05-25T03:51:03.483+0530] {logging_mixin.py:188} INFO - [2024-05-25T03:51:03.482+0530] {dagbag.py:540} INFO - Filling up the DagBag from /home/wsl/airflow_venv/lib/python3.10/site-packages/airflow/example_dags/example_external_task_marker_dag.py
[2024-05-25T03:51:03.498+0530] {processor.py:840} INFO - DAG(s) 'example_external_task_marker_parent', 'example_external_task_marker_child' retrieved from /home/wsl/airflow_venv/lib/python3.10/site-packages/airflow/example_dags/example_external_task_marker_dag.py
[2024-05-25T03:51:03.527+0530] {logging_mixin.py:188} INFO - [2024-05-25T03:51:03.526+0530] {dag.py:3096} INFO - Sync 2 DAGs
[2024-05-25T03:51:03.544+0530] {logging_mixin.py:188} INFO - [2024-05-25T03:51:03.544+0530] {dag.py:3954} INFO - Setting next_dagrun for example_external_task_marker_child to None, run_after=None
[2024-05-25T03:51:03.551+0530] {logging_mixin.py:188} INFO - [2024-05-25T03:51:03.550+0530] {dag.py:3954} INFO - Setting next_dagrun for example_external_task_marker_parent to None, run_after=None
[2024-05-25T03:51:03.756+0530] {processor.py:183} INFO - Processing /home/wsl/airflow_venv/lib/python3.10/site-packages/airflow/example_dags/example_external_task_marker_dag.py took 0.295 seconds
[2024-05-25T03:52:00.665+0530] {processor.py:161} INFO - Started process (PID=6671) to work on /home/wsl/airflow_venv/lib/python3.10/site-packages/airflow/example_dags/example_external_task_marker_dag.py
[2024-05-25T03:52:00.667+0530] {processor.py:830} INFO - Processing file /home/wsl/airflow_venv/lib/python3.10/site-packages/airflow/example_dags/example_external_task_marker_dag.py for tasks to queue
[2024-05-25T03:52:00.670+0530] {logging_mixin.py:188} INFO - [2024-05-25T03:52:00.669+0530] {dagbag.py:540} INFO - Filling up the DagBag from /home/wsl/airflow_venv/lib/python3.10/site-packages/airflow/example_dags/example_external_task_marker_dag.py
[2024-05-25T03:52:00.678+0530] {processor.py:840} INFO - DAG(s) 'example_external_task_marker_parent', 'example_external_task_marker_child' retrieved from /home/wsl/airflow_venv/lib/python3.10/site-packages/airflow/example_dags/example_external_task_marker_dag.py
[2024-05-25T03:52:00.700+0530] {logging_mixin.py:188} INFO - [2024-05-25T03:52:00.699+0530] {dag.py:3096} INFO - Sync 2 DAGs
[2024-05-25T03:52:00.715+0530] {logging_mixin.py:188} INFO - [2024-05-25T03:52:00.715+0530] {dag.py:3954} INFO - Setting next_dagrun for example_external_task_marker_child to None, run_after=None
[2024-05-25T03:52:00.720+0530] {logging_mixin.py:188} INFO - [2024-05-25T03:52:00.719+0530] {dag.py:3954} INFO - Setting next_dagrun for example_external_task_marker_parent to None, run_after=None
[2024-05-25T03:52:00.886+0530] {processor.py:183} INFO - Processing /home/wsl/airflow_venv/lib/python3.10/site-packages/airflow/example_dags/example_external_task_marker_dag.py took 0.233 seconds
[2024-05-25T03:52:56.141+0530] {processor.py:161} INFO - Started process (PID=6935) to work on /home/wsl/airflow_venv/lib/python3.10/site-packages/airflow/example_dags/example_external_task_marker_dag.py
[2024-05-25T03:52:56.143+0530] {processor.py:830} INFO - Processing file /home/wsl/airflow_venv/lib/python3.10/site-packages/airflow/example_dags/example_external_task_marker_dag.py for tasks to queue
[2024-05-25T03:52:56.146+0530] {logging_mixin.py:188} INFO - [2024-05-25T03:52:56.145+0530] {dagbag.py:540} INFO - Filling up the DagBag from /home/wsl/airflow_venv/lib/python3.10/site-packages/airflow/example_dags/example_external_task_marker_dag.py
[2024-05-25T03:52:56.157+0530] {processor.py:840} INFO - DAG(s) 'example_external_task_marker_parent', 'example_external_task_marker_child' retrieved from /home/wsl/airflow_venv/lib/python3.10/site-packages/airflow/example_dags/example_external_task_marker_dag.py
[2024-05-25T03:52:56.200+0530] {logging_mixin.py:188} INFO - [2024-05-25T03:52:56.200+0530] {dag.py:3096} INFO - Sync 2 DAGs
[2024-05-25T03:52:56.216+0530] {logging_mixin.py:188} INFO - [2024-05-25T03:52:56.216+0530] {dag.py:3954} INFO - Setting next_dagrun for example_external_task_marker_child to None, run_after=None
[2024-05-25T03:52:56.220+0530] {logging_mixin.py:188} INFO - [2024-05-25T03:52:56.219+0530] {dag.py:3954} INFO - Setting next_dagrun for example_external_task_marker_parent to None, run_after=None
[2024-05-25T03:52:56.250+0530] {processor.py:183} INFO - Processing /home/wsl/airflow_venv/lib/python3.10/site-packages/airflow/example_dags/example_external_task_marker_dag.py took 0.119 seconds
[2024-05-25T03:54:27.104+0530] {processor.py:161} INFO - Started process (PID=7363) to work on /home/wsl/airflow_venv/lib/python3.10/site-packages/airflow/example_dags/example_external_task_marker_dag.py
[2024-05-25T03:54:27.106+0530] {processor.py:830} INFO - Processing file /home/wsl/airflow_venv/lib/python3.10/site-packages/airflow/example_dags/example_external_task_marker_dag.py for tasks to queue
[2024-05-25T03:54:27.108+0530] {logging_mixin.py:188} INFO - [2024-05-25T03:54:27.107+0530] {dagbag.py:540} INFO - Filling up the DagBag from /home/wsl/airflow_venv/lib/python3.10/site-packages/airflow/example_dags/example_external_task_marker_dag.py
[2024-05-25T03:54:27.118+0530] {processor.py:840} INFO - DAG(s) 'example_external_task_marker_parent', 'example_external_task_marker_child' retrieved from /home/wsl/airflow_venv/lib/python3.10/site-packages/airflow/example_dags/example_external_task_marker_dag.py
[2024-05-25T03:54:27.151+0530] {logging_mixin.py:188} INFO - [2024-05-25T03:54:27.151+0530] {dag.py:3096} INFO - Sync 2 DAGs
[2024-05-25T03:54:27.179+0530] {logging_mixin.py:188} INFO - [2024-05-25T03:54:27.179+0530] {dag.py:3954} INFO - Setting next_dagrun for example_external_task_marker_child to None, run_after=None
[2024-05-25T03:54:27.190+0530] {logging_mixin.py:188} INFO - [2024-05-25T03:54:27.189+0530] {dag.py:3954} INFO - Setting next_dagrun for example_external_task_marker_parent to None, run_after=None
[2024-05-25T03:54:27.236+0530] {processor.py:183} INFO - Processing /home/wsl/airflow_venv/lib/python3.10/site-packages/airflow/example_dags/example_external_task_marker_dag.py took 0.141 seconds
[2024-05-25T03:55:27.094+0530] {processor.py:161} INFO - Started process (PID=7648) to work on /home/wsl/airflow_venv/lib/python3.10/site-packages/airflow/example_dags/example_external_task_marker_dag.py
[2024-05-25T03:55:27.096+0530] {processor.py:830} INFO - Processing file /home/wsl/airflow_venv/lib/python3.10/site-packages/airflow/example_dags/example_external_task_marker_dag.py for tasks to queue
[2024-05-25T03:55:27.098+0530] {logging_mixin.py:188} INFO - [2024-05-25T03:55:27.098+0530] {dagbag.py:540} INFO - Filling up the DagBag from /home/wsl/airflow_venv/lib/python3.10/site-packages/airflow/example_dags/example_external_task_marker_dag.py
[2024-05-25T03:55:27.105+0530] {processor.py:840} INFO - DAG(s) 'example_external_task_marker_parent', 'example_external_task_marker_child' retrieved from /home/wsl/airflow_venv/lib/python3.10/site-packages/airflow/example_dags/example_external_task_marker_dag.py
[2024-05-25T03:55:27.127+0530] {logging_mixin.py:188} INFO - [2024-05-25T03:55:27.126+0530] {dag.py:3096} INFO - Sync 2 DAGs
[2024-05-25T03:55:27.139+0530] {logging_mixin.py:188} INFO - [2024-05-25T03:55:27.139+0530] {dag.py:3954} INFO - Setting next_dagrun for example_external_task_marker_child to None, run_after=None
[2024-05-25T03:55:27.143+0530] {logging_mixin.py:188} INFO - [2024-05-25T03:55:27.142+0530] {dag.py:3954} INFO - Setting next_dagrun for example_external_task_marker_parent to None, run_after=None
[2024-05-25T03:55:27.173+0530] {processor.py:183} INFO - Processing /home/wsl/airflow_venv/lib/python3.10/site-packages/airflow/example_dags/example_external_task_marker_dag.py took 0.087 seconds
[2024-05-25T03:56:24.150+0530] {processor.py:161} INFO - Started process (PID=8322) to work on /home/wsl/airflow_venv/lib/python3.10/site-packages/airflow/example_dags/example_external_task_marker_dag.py
[2024-05-25T03:56:24.153+0530] {processor.py:830} INFO - Processing file /home/wsl/airflow_venv/lib/python3.10/site-packages/airflow/example_dags/example_external_task_marker_dag.py for tasks to queue
[2024-05-25T03:56:24.155+0530] {logging_mixin.py:188} INFO - [2024-05-25T03:56:24.155+0530] {dagbag.py:540} INFO - Filling up the DagBag from /home/wsl/airflow_venv/lib/python3.10/site-packages/airflow/example_dags/example_external_task_marker_dag.py
[2024-05-25T03:56:24.163+0530] {processor.py:840} INFO - DAG(s) 'example_external_task_marker_child', 'example_external_task_marker_parent' retrieved from /home/wsl/airflow_venv/lib/python3.10/site-packages/airflow/example_dags/example_external_task_marker_dag.py
[2024-05-25T03:56:24.185+0530] {logging_mixin.py:188} INFO - [2024-05-25T03:56:24.185+0530] {dag.py:3096} INFO - Sync 2 DAGs
[2024-05-25T03:56:24.200+0530] {logging_mixin.py:188} INFO - [2024-05-25T03:56:24.200+0530] {dag.py:3954} INFO - Setting next_dagrun for example_external_task_marker_child to None, run_after=None
[2024-05-25T03:56:24.204+0530] {logging_mixin.py:188} INFO - [2024-05-25T03:56:24.204+0530] {dag.py:3954} INFO - Setting next_dagrun for example_external_task_marker_parent to None, run_after=None
[2024-05-25T03:56:24.238+0530] {processor.py:183} INFO - Processing /home/wsl/airflow_venv/lib/python3.10/site-packages/airflow/example_dags/example_external_task_marker_dag.py took 0.094 seconds
