[2024-06-15T04:57:49.807+0530] {local_task_job_runner.py:120} INFO - ::group::Pre task execution logs
[2024-06-15T04:57:49.828+0530] {taskinstance.py:2073} INFO - Dependencies all met for dep_context=non-requeueable deps ti=<TaskInstance: my_data_pipeline_dag.collect_data_1 manual__2024-06-14T23:22:03.054711+00:00 [queued]>
[2024-06-15T04:57:49.834+0530] {taskinstance.py:2073} INFO - Dependencies all met for dep_context=requeueable deps ti=<TaskInstance: my_data_pipeline_dag.collect_data_1 manual__2024-06-14T23:22:03.054711+00:00 [queued]>
[2024-06-15T04:57:49.834+0530] {taskinstance.py:2303} INFO - Starting attempt 2 of 2
[2024-06-15T04:57:49.855+0530] {taskinstance.py:2327} INFO - Executing <Task(BashOperator): collect_data_1> on 2024-06-14 23:22:03.054711+00:00
[2024-06-15T04:57:49.859+0530] {standard_task_runner.py:63} INFO - Started process 34168 to run task
[2024-06-15T04:57:49.864+0530] {standard_task_runner.py:90} INFO - Running: ['airflow', 'tasks', 'run', 'my_data_pipeline_dag', 'collect_data_1', 'manual__2024-06-14T23:22:03.054711+00:00', '--job-id', '120', '--raw', '--subdir', 'DAGS_FOLDER/my_first_dag.py', '--cfg-path', '/tmp/tmp9x2lp8lq']
[2024-06-15T04:57:49.866+0530] {standard_task_runner.py:91} INFO - Job 120: Subtask collect_data_1
[2024-06-15T04:57:49.917+0530] {task_command.py:426} INFO - Running <TaskInstance: my_data_pipeline_dag.collect_data_1 manual__2024-06-14T23:22:03.054711+00:00 [running]> on host DESKTOP-J05K55U.
[2024-06-15T04:57:49.995+0530] {taskinstance.py:2644} INFO - Exporting env vars: AIRFLOW_CTX_DAG_EMAIL='airflow@example.com' AIRFLOW_CTX_DAG_OWNER='airflow' AIRFLOW_CTX_DAG_ID='my_data_pipeline_dag' AIRFLOW_CTX_TASK_ID='collect_data_1' AIRFLOW_CTX_EXECUTION_DATE='2024-06-14T23:22:03.054711+00:00' AIRFLOW_CTX_TRY_NUMBER='2' AIRFLOW_CTX_DAG_RUN_ID='manual__2024-06-14T23:22:03.054711+00:00'
[2024-06-15T04:57:49.996+0530] {taskinstance.py:430} INFO - ::endgroup::
[2024-06-15T04:57:49.997+0530] {subprocess.py:63} INFO - Tmp dir root location: /tmp
[2024-06-15T04:57:49.997+0530] {subprocess.py:75} INFO - Running command: ['/usr/bin/bash', '-c', 'python "/home/wsl/airflow/dags/Collect Data/covid_19_usa.py"']
[2024-06-15T04:57:50.004+0530] {subprocess.py:86} INFO - Output:
[2024-06-15T04:57:51.683+0530] {subprocess.py:97} INFO - Command exited with return code 0
[2024-06-15T04:57:51.684+0530] {taskinstance.py:441} INFO - ::group::Post task execution logs
[2024-06-15T04:57:51.704+0530] {taskinstance.py:1205} INFO - Marking task as SUCCESS. dag_id=my_data_pipeline_dag, task_id=collect_data_1, execution_date=20240614T232203, start_date=20240614T232749, end_date=20240614T232751
[2024-06-15T04:57:51.729+0530] {local_task_job_runner.py:240} INFO - Task exited with return code 0
[2024-06-15T04:57:51.748+0530] {taskinstance.py:3482} INFO - 1 downstream tasks scheduled from follow-on schedule check
[2024-06-15T04:57:51.754+0530] {local_task_job_runner.py:222} INFO - ::endgroup::
