[2024-06-14T00:55:54.246+0530] {processor.py:161} INFO - Started process (PID=16452) to work on /home/wsl/airflow_venv/lib/python3.10/site-packages/airflow/example_dags/example_latest_only_with_trigger.py
[2024-06-14T00:55:54.247+0530] {processor.py:830} INFO - Processing file /home/wsl/airflow_venv/lib/python3.10/site-packages/airflow/example_dags/example_latest_only_with_trigger.py for tasks to queue
[2024-06-14T00:55:54.250+0530] {logging_mixin.py:188} INFO - [2024-06-14T00:55:54.249+0530] {dagbag.py:540} INFO - Filling up the DagBag from /home/wsl/airflow_venv/lib/python3.10/site-packages/airflow/example_dags/example_latest_only_with_trigger.py
[2024-06-14T00:55:54.266+0530] {processor.py:840} INFO - DAG(s) 'latest_only_with_trigger' retrieved from /home/wsl/airflow_venv/lib/python3.10/site-packages/airflow/example_dags/example_latest_only_with_trigger.py
[2024-06-14T00:55:54.632+0530] {logging_mixin.py:188} INFO - [2024-06-14T00:55:54.632+0530] {dag.py:3096} INFO - Sync 1 DAGs
[2024-06-14T00:55:54.666+0530] {logging_mixin.py:188} INFO - [2024-06-14T00:55:54.665+0530] {dag.py:3954} INFO - Setting next_dagrun for latest_only_with_trigger to 2024-06-13 12:00:00+00:00, run_after=2024-06-13 16:00:00+00:00
[2024-06-14T00:55:54.701+0530] {processor.py:183} INFO - Processing /home/wsl/airflow_venv/lib/python3.10/site-packages/airflow/example_dags/example_latest_only_with_trigger.py took 0.470 seconds
[2024-06-14T00:59:52.923+0530] {processor.py:161} INFO - Started process (PID=18408) to work on /home/wsl/airflow_venv/lib/python3.10/site-packages/airflow/example_dags/example_latest_only_with_trigger.py
[2024-06-14T00:59:52.925+0530] {processor.py:830} INFO - Processing file /home/wsl/airflow_venv/lib/python3.10/site-packages/airflow/example_dags/example_latest_only_with_trigger.py for tasks to queue
[2024-06-14T00:59:52.929+0530] {logging_mixin.py:188} INFO - [2024-06-14T00:59:52.928+0530] {dagbag.py:540} INFO - Filling up the DagBag from /home/wsl/airflow_venv/lib/python3.10/site-packages/airflow/example_dags/example_latest_only_with_trigger.py
[2024-06-14T00:59:52.935+0530] {processor.py:840} INFO - DAG(s) 'latest_only_with_trigger' retrieved from /home/wsl/airflow_venv/lib/python3.10/site-packages/airflow/example_dags/example_latest_only_with_trigger.py
[2024-06-14T00:59:52.954+0530] {logging_mixin.py:188} INFO - [2024-06-14T00:59:52.954+0530] {dag.py:3096} INFO - Sync 1 DAGs
[2024-06-14T00:59:53.080+0530] {logging_mixin.py:188} INFO - [2024-06-14T00:59:53.080+0530] {dag.py:3954} INFO - Setting next_dagrun for latest_only_with_trigger to 2024-06-13 12:00:00+00:00, run_after=2024-06-13 16:00:00+00:00
[2024-06-14T00:59:53.111+0530] {processor.py:183} INFO - Processing /home/wsl/airflow_venv/lib/python3.10/site-packages/airflow/example_dags/example_latest_only_with_trigger.py took 0.195 seconds
[2024-06-14T01:02:11.817+0530] {processor.py:161} INFO - Started process (PID=19637) to work on /home/wsl/airflow_venv/lib/python3.10/site-packages/airflow/example_dags/example_latest_only_with_trigger.py
[2024-06-14T01:02:11.821+0530] {processor.py:830} INFO - Processing file /home/wsl/airflow_venv/lib/python3.10/site-packages/airflow/example_dags/example_latest_only_with_trigger.py for tasks to queue
[2024-06-14T01:02:11.823+0530] {logging_mixin.py:188} INFO - [2024-06-14T01:02:11.822+0530] {dagbag.py:540} INFO - Filling up the DagBag from /home/wsl/airflow_venv/lib/python3.10/site-packages/airflow/example_dags/example_latest_only_with_trigger.py
[2024-06-14T01:02:11.830+0530] {processor.py:840} INFO - DAG(s) 'latest_only_with_trigger' retrieved from /home/wsl/airflow_venv/lib/python3.10/site-packages/airflow/example_dags/example_latest_only_with_trigger.py
[2024-06-14T01:02:11.848+0530] {logging_mixin.py:188} INFO - [2024-06-14T01:02:11.848+0530] {dag.py:3096} INFO - Sync 1 DAGs
[2024-06-14T01:02:11.870+0530] {logging_mixin.py:188} INFO - [2024-06-14T01:02:11.870+0530] {dag.py:3954} INFO - Setting next_dagrun for latest_only_with_trigger to 2024-06-13 12:00:00+00:00, run_after=2024-06-13 16:00:00+00:00
[2024-06-14T01:02:11.904+0530] {processor.py:183} INFO - Processing /home/wsl/airflow_venv/lib/python3.10/site-packages/airflow/example_dags/example_latest_only_with_trigger.py took 0.098 seconds
[2024-06-14T01:05:02.303+0530] {processor.py:161} INFO - Started process (PID=21294) to work on /home/wsl/airflow_venv/lib/python3.10/site-packages/airflow/example_dags/example_latest_only_with_trigger.py
[2024-06-14T01:05:02.305+0530] {processor.py:830} INFO - Processing file /home/wsl/airflow_venv/lib/python3.10/site-packages/airflow/example_dags/example_latest_only_with_trigger.py for tasks to queue
[2024-06-14T01:05:02.307+0530] {logging_mixin.py:188} INFO - [2024-06-14T01:05:02.307+0530] {dagbag.py:540} INFO - Filling up the DagBag from /home/wsl/airflow_venv/lib/python3.10/site-packages/airflow/example_dags/example_latest_only_with_trigger.py
[2024-06-14T01:05:02.317+0530] {processor.py:840} INFO - DAG(s) 'latest_only_with_trigger' retrieved from /home/wsl/airflow_venv/lib/python3.10/site-packages/airflow/example_dags/example_latest_only_with_trigger.py
[2024-06-14T01:05:02.341+0530] {logging_mixin.py:188} INFO - [2024-06-14T01:05:02.341+0530] {dag.py:3096} INFO - Sync 1 DAGs
[2024-06-14T01:05:02.369+0530] {logging_mixin.py:188} INFO - [2024-06-14T01:05:02.368+0530] {dag.py:3954} INFO - Setting next_dagrun for latest_only_with_trigger to 2024-06-13 12:00:00+00:00, run_after=2024-06-13 16:00:00+00:00
[2024-06-14T01:05:02.397+0530] {processor.py:183} INFO - Processing /home/wsl/airflow_venv/lib/python3.10/site-packages/airflow/example_dags/example_latest_only_with_trigger.py took 0.102 seconds
[2024-06-14T01:07:15.036+0530] {processor.py:161} INFO - Started process (PID=22498) to work on /home/wsl/airflow_venv/lib/python3.10/site-packages/airflow/example_dags/example_latest_only_with_trigger.py
[2024-06-14T01:07:15.039+0530] {processor.py:830} INFO - Processing file /home/wsl/airflow_venv/lib/python3.10/site-packages/airflow/example_dags/example_latest_only_with_trigger.py for tasks to queue
[2024-06-14T01:07:15.044+0530] {logging_mixin.py:188} INFO - [2024-06-14T01:07:15.043+0530] {dagbag.py:540} INFO - Filling up the DagBag from /home/wsl/airflow_venv/lib/python3.10/site-packages/airflow/example_dags/example_latest_only_with_trigger.py
[2024-06-14T01:07:15.061+0530] {processor.py:840} INFO - DAG(s) 'latest_only_with_trigger' retrieved from /home/wsl/airflow_venv/lib/python3.10/site-packages/airflow/example_dags/example_latest_only_with_trigger.py
[2024-06-14T01:07:15.099+0530] {logging_mixin.py:188} INFO - [2024-06-14T01:07:15.098+0530] {dag.py:3096} INFO - Sync 1 DAGs
[2024-06-14T01:07:15.124+0530] {logging_mixin.py:188} INFO - [2024-06-14T01:07:15.124+0530] {dag.py:3954} INFO - Setting next_dagrun for latest_only_with_trigger to 2024-06-13 12:00:00+00:00, run_after=2024-06-13 16:00:00+00:00
[2024-06-14T01:07:15.159+0530] {processor.py:183} INFO - Processing /home/wsl/airflow_venv/lib/python3.10/site-packages/airflow/example_dags/example_latest_only_with_trigger.py took 0.143 seconds
[2024-06-14T01:10:28.356+0530] {processor.py:161} INFO - Started process (PID=23898) to work on /home/wsl/airflow_venv/lib/python3.10/site-packages/airflow/example_dags/example_latest_only_with_trigger.py
[2024-06-14T01:10:28.359+0530] {processor.py:830} INFO - Processing file /home/wsl/airflow_venv/lib/python3.10/site-packages/airflow/example_dags/example_latest_only_with_trigger.py for tasks to queue
[2024-06-14T01:10:28.364+0530] {logging_mixin.py:188} INFO - [2024-06-14T01:10:28.363+0530] {dagbag.py:540} INFO - Filling up the DagBag from /home/wsl/airflow_venv/lib/python3.10/site-packages/airflow/example_dags/example_latest_only_with_trigger.py
[2024-06-14T01:10:28.382+0530] {processor.py:840} INFO - DAG(s) 'latest_only_with_trigger' retrieved from /home/wsl/airflow_venv/lib/python3.10/site-packages/airflow/example_dags/example_latest_only_with_trigger.py
[2024-06-14T01:10:28.402+0530] {logging_mixin.py:188} INFO - [2024-06-14T01:10:28.402+0530] {dag.py:3096} INFO - Sync 1 DAGs
[2024-06-14T01:10:28.423+0530] {logging_mixin.py:188} INFO - [2024-06-14T01:10:28.422+0530] {dag.py:3954} INFO - Setting next_dagrun for latest_only_with_trigger to 2024-06-13 12:00:00+00:00, run_after=2024-06-13 16:00:00+00:00
[2024-06-14T01:10:28.450+0530] {processor.py:183} INFO - Processing /home/wsl/airflow_venv/lib/python3.10/site-packages/airflow/example_dags/example_latest_only_with_trigger.py took 0.110 seconds
[2024-06-14T01:14:25.680+0530] {processor.py:161} INFO - Started process (PID=25940) to work on /home/wsl/airflow_venv/lib/python3.10/site-packages/airflow/example_dags/example_latest_only_with_trigger.py
[2024-06-14T01:14:25.682+0530] {processor.py:830} INFO - Processing file /home/wsl/airflow_venv/lib/python3.10/site-packages/airflow/example_dags/example_latest_only_with_trigger.py for tasks to queue
[2024-06-14T01:14:25.685+0530] {logging_mixin.py:188} INFO - [2024-06-14T01:14:25.684+0530] {dagbag.py:540} INFO - Filling up the DagBag from /home/wsl/airflow_venv/lib/python3.10/site-packages/airflow/example_dags/example_latest_only_with_trigger.py
[2024-06-14T01:14:25.692+0530] {processor.py:840} INFO - DAG(s) 'latest_only_with_trigger' retrieved from /home/wsl/airflow_venv/lib/python3.10/site-packages/airflow/example_dags/example_latest_only_with_trigger.py
[2024-06-14T01:14:25.712+0530] {logging_mixin.py:188} INFO - [2024-06-14T01:14:25.711+0530] {dag.py:3096} INFO - Sync 1 DAGs
[2024-06-14T01:14:25.732+0530] {logging_mixin.py:188} INFO - [2024-06-14T01:14:25.732+0530] {dag.py:3954} INFO - Setting next_dagrun for latest_only_with_trigger to 2024-06-13 12:00:00+00:00, run_after=2024-06-13 16:00:00+00:00
[2024-06-14T01:14:25.760+0530] {processor.py:183} INFO - Processing /home/wsl/airflow_venv/lib/python3.10/site-packages/airflow/example_dags/example_latest_only_with_trigger.py took 0.095 seconds
[2024-06-14T01:21:36.791+0530] {processor.py:161} INFO - Started process (PID=28165) to work on /home/wsl/airflow_venv/lib/python3.10/site-packages/airflow/example_dags/example_latest_only_with_trigger.py
[2024-06-14T01:21:36.793+0530] {processor.py:830} INFO - Processing file /home/wsl/airflow_venv/lib/python3.10/site-packages/airflow/example_dags/example_latest_only_with_trigger.py for tasks to queue
[2024-06-14T01:21:36.794+0530] {logging_mixin.py:188} INFO - [2024-06-14T01:21:36.794+0530] {dagbag.py:540} INFO - Filling up the DagBag from /home/wsl/airflow_venv/lib/python3.10/site-packages/airflow/example_dags/example_latest_only_with_trigger.py
[2024-06-14T01:21:36.809+0530] {processor.py:840} INFO - DAG(s) 'latest_only_with_trigger' retrieved from /home/wsl/airflow_venv/lib/python3.10/site-packages/airflow/example_dags/example_latest_only_with_trigger.py
[2024-06-14T01:21:36.842+0530] {logging_mixin.py:188} INFO - [2024-06-14T01:21:36.841+0530] {dag.py:3096} INFO - Sync 1 DAGs
[2024-06-14T01:21:36.877+0530] {logging_mixin.py:188} INFO - [2024-06-14T01:21:36.876+0530] {dag.py:3954} INFO - Setting next_dagrun for latest_only_with_trigger to 2024-06-13 12:00:00+00:00, run_after=2024-06-13 16:00:00+00:00
[2024-06-14T01:21:36.928+0530] {processor.py:183} INFO - Processing /home/wsl/airflow_venv/lib/python3.10/site-packages/airflow/example_dags/example_latest_only_with_trigger.py took 0.147 seconds
