[2024-06-14T00:55:28.150+0530] {processor.py:161} INFO - Started process (PID=16326) to work on /home/wsl/airflow_venv/lib/python3.10/site-packages/airflow/example_dags/example_bash_decorator.py
[2024-06-14T00:55:28.151+0530] {processor.py:830} INFO - Processing file /home/wsl/airflow_venv/lib/python3.10/site-packages/airflow/example_dags/example_bash_decorator.py for tasks to queue
[2024-06-14T00:55:28.154+0530] {logging_mixin.py:188} INFO - [2024-06-14T00:55:28.153+0530] {dagbag.py:540} INFO - Filling up the DagBag from /home/wsl/airflow_venv/lib/python3.10/site-packages/airflow/example_dags/example_bash_decorator.py
[2024-06-14T00:55:28.173+0530] {processor.py:840} INFO - DAG(s) 'example_bash_decorator' retrieved from /home/wsl/airflow_venv/lib/python3.10/site-packages/airflow/example_dags/example_bash_decorator.py
[2024-06-14T00:55:28.278+0530] {logging_mixin.py:188} INFO - [2024-06-14T00:55:28.278+0530] {dag.py:3096} INFO - Sync 1 DAGs
[2024-06-14T00:55:28.289+0530] {logging_mixin.py:188} INFO - [2024-06-14T00:55:28.289+0530] {dag.py:3954} INFO - Setting next_dagrun for example_bash_decorator to None, run_after=None
[2024-06-14T00:55:28.415+0530] {processor.py:183} INFO - Processing /home/wsl/airflow_venv/lib/python3.10/site-packages/airflow/example_dags/example_bash_decorator.py took 0.275 seconds
[2024-06-14T00:58:31.692+0530] {processor.py:161} INFO - Started process (PID=17748) to work on /home/wsl/airflow_venv/lib/python3.10/site-packages/airflow/example_dags/example_bash_decorator.py
[2024-06-14T00:58:31.695+0530] {processor.py:830} INFO - Processing file /home/wsl/airflow_venv/lib/python3.10/site-packages/airflow/example_dags/example_bash_decorator.py for tasks to queue
[2024-06-14T00:58:31.698+0530] {logging_mixin.py:188} INFO - [2024-06-14T00:58:31.697+0530] {dagbag.py:540} INFO - Filling up the DagBag from /home/wsl/airflow_venv/lib/python3.10/site-packages/airflow/example_dags/example_bash_decorator.py
[2024-06-14T00:58:31.717+0530] {processor.py:840} INFO - DAG(s) 'example_bash_decorator' retrieved from /home/wsl/airflow_venv/lib/python3.10/site-packages/airflow/example_dags/example_bash_decorator.py
[2024-06-14T00:58:31.737+0530] {logging_mixin.py:188} INFO - [2024-06-14T00:58:31.737+0530] {dag.py:3096} INFO - Sync 1 DAGs
[2024-06-14T00:58:31.748+0530] {logging_mixin.py:188} INFO - [2024-06-14T00:58:31.748+0530] {dag.py:3954} INFO - Setting next_dagrun for example_bash_decorator to None, run_after=None
[2024-06-14T00:58:31.922+0530] {processor.py:183} INFO - Processing /home/wsl/airflow_venv/lib/python3.10/site-packages/airflow/example_dags/example_bash_decorator.py took 0.241 seconds
[2024-06-14T01:01:02.647+0530] {processor.py:161} INFO - Started process (PID=19023) to work on /home/wsl/airflow_venv/lib/python3.10/site-packages/airflow/example_dags/example_bash_decorator.py
[2024-06-14T01:01:02.650+0530] {processor.py:830} INFO - Processing file /home/wsl/airflow_venv/lib/python3.10/site-packages/airflow/example_dags/example_bash_decorator.py for tasks to queue
[2024-06-14T01:01:02.651+0530] {logging_mixin.py:188} INFO - [2024-06-14T01:01:02.651+0530] {dagbag.py:540} INFO - Filling up the DagBag from /home/wsl/airflow_venv/lib/python3.10/site-packages/airflow/example_dags/example_bash_decorator.py
[2024-06-14T01:01:02.666+0530] {processor.py:840} INFO - DAG(s) 'example_bash_decorator' retrieved from /home/wsl/airflow_venv/lib/python3.10/site-packages/airflow/example_dags/example_bash_decorator.py
[2024-06-14T01:01:02.688+0530] {logging_mixin.py:188} INFO - [2024-06-14T01:01:02.688+0530] {dag.py:3096} INFO - Sync 1 DAGs
[2024-06-14T01:01:02.701+0530] {logging_mixin.py:188} INFO - [2024-06-14T01:01:02.701+0530] {dag.py:3954} INFO - Setting next_dagrun for example_bash_decorator to None, run_after=None
[2024-06-14T01:01:02.732+0530] {processor.py:183} INFO - Processing /home/wsl/airflow_venv/lib/python3.10/site-packages/airflow/example_dags/example_bash_decorator.py took 0.092 seconds
[2024-06-14T01:03:56.943+0530] {processor.py:161} INFO - Started process (PID=20705) to work on /home/wsl/airflow_venv/lib/python3.10/site-packages/airflow/example_dags/example_bash_decorator.py
[2024-06-14T01:03:56.945+0530] {processor.py:830} INFO - Processing file /home/wsl/airflow_venv/lib/python3.10/site-packages/airflow/example_dags/example_bash_decorator.py for tasks to queue
[2024-06-14T01:03:56.947+0530] {logging_mixin.py:188} INFO - [2024-06-14T01:03:56.947+0530] {dagbag.py:540} INFO - Filling up the DagBag from /home/wsl/airflow_venv/lib/python3.10/site-packages/airflow/example_dags/example_bash_decorator.py
[2024-06-14T01:03:56.963+0530] {processor.py:840} INFO - DAG(s) 'example_bash_decorator' retrieved from /home/wsl/airflow_venv/lib/python3.10/site-packages/airflow/example_dags/example_bash_decorator.py
[2024-06-14T01:03:56.990+0530] {logging_mixin.py:188} INFO - [2024-06-14T01:03:56.990+0530] {dag.py:3096} INFO - Sync 1 DAGs
[2024-06-14T01:03:57.004+0530] {logging_mixin.py:188} INFO - [2024-06-14T01:03:57.004+0530] {dag.py:3954} INFO - Setting next_dagrun for example_bash_decorator to None, run_after=None
[2024-06-14T01:03:57.033+0530] {processor.py:183} INFO - Processing /home/wsl/airflow_venv/lib/python3.10/site-packages/airflow/example_dags/example_bash_decorator.py took 0.097 seconds
[2024-06-14T01:06:06.566+0530] {processor.py:161} INFO - Started process (PID=21890) to work on /home/wsl/airflow_venv/lib/python3.10/site-packages/airflow/example_dags/example_bash_decorator.py
[2024-06-14T01:06:06.570+0530] {processor.py:830} INFO - Processing file /home/wsl/airflow_venv/lib/python3.10/site-packages/airflow/example_dags/example_bash_decorator.py for tasks to queue
[2024-06-14T01:06:06.574+0530] {logging_mixin.py:188} INFO - [2024-06-14T01:06:06.573+0530] {dagbag.py:540} INFO - Filling up the DagBag from /home/wsl/airflow_venv/lib/python3.10/site-packages/airflow/example_dags/example_bash_decorator.py
[2024-06-14T01:06:06.604+0530] {processor.py:840} INFO - DAG(s) 'example_bash_decorator' retrieved from /home/wsl/airflow_venv/lib/python3.10/site-packages/airflow/example_dags/example_bash_decorator.py
[2024-06-14T01:06:06.639+0530] {logging_mixin.py:188} INFO - [2024-06-14T01:06:06.639+0530] {dag.py:3096} INFO - Sync 1 DAGs
[2024-06-14T01:06:06.652+0530] {logging_mixin.py:188} INFO - [2024-06-14T01:06:06.652+0530] {dag.py:3954} INFO - Setting next_dagrun for example_bash_decorator to None, run_after=None
[2024-06-14T01:06:06.677+0530] {processor.py:183} INFO - Processing /home/wsl/airflow_venv/lib/python3.10/site-packages/airflow/example_dags/example_bash_decorator.py took 0.127 seconds
[2024-06-14T01:08:24.924+0530] {processor.py:161} INFO - Started process (PID=23173) to work on /home/wsl/airflow_venv/lib/python3.10/site-packages/airflow/example_dags/example_bash_decorator.py
[2024-06-14T01:08:24.928+0530] {processor.py:830} INFO - Processing file /home/wsl/airflow_venv/lib/python3.10/site-packages/airflow/example_dags/example_bash_decorator.py for tasks to queue
[2024-06-14T01:08:24.933+0530] {logging_mixin.py:188} INFO - [2024-06-14T01:08:24.932+0530] {dagbag.py:540} INFO - Filling up the DagBag from /home/wsl/airflow_venv/lib/python3.10/site-packages/airflow/example_dags/example_bash_decorator.py
[2024-06-14T01:08:24.961+0530] {processor.py:840} INFO - DAG(s) 'example_bash_decorator' retrieved from /home/wsl/airflow_venv/lib/python3.10/site-packages/airflow/example_dags/example_bash_decorator.py
[2024-06-14T01:08:24.982+0530] {logging_mixin.py:188} INFO - [2024-06-14T01:08:24.982+0530] {dag.py:3096} INFO - Sync 1 DAGs
[2024-06-14T01:08:24.993+0530] {logging_mixin.py:188} INFO - [2024-06-14T01:08:24.993+0530] {dag.py:3954} INFO - Setting next_dagrun for example_bash_decorator to None, run_after=None
[2024-06-14T01:08:25.022+0530] {processor.py:183} INFO - Processing /home/wsl/airflow_venv/lib/python3.10/site-packages/airflow/example_dags/example_bash_decorator.py took 0.117 seconds
[2024-06-14T01:12:55.755+0530] {processor.py:161} INFO - Started process (PID=25167) to work on /home/wsl/airflow_venv/lib/python3.10/site-packages/airflow/example_dags/example_bash_decorator.py
[2024-06-14T01:12:55.759+0530] {processor.py:830} INFO - Processing file /home/wsl/airflow_venv/lib/python3.10/site-packages/airflow/example_dags/example_bash_decorator.py for tasks to queue
[2024-06-14T01:12:55.761+0530] {logging_mixin.py:188} INFO - [2024-06-14T01:12:55.761+0530] {dagbag.py:540} INFO - Filling up the DagBag from /home/wsl/airflow_venv/lib/python3.10/site-packages/airflow/example_dags/example_bash_decorator.py
[2024-06-14T01:12:55.781+0530] {processor.py:840} INFO - DAG(s) 'example_bash_decorator' retrieved from /home/wsl/airflow_venv/lib/python3.10/site-packages/airflow/example_dags/example_bash_decorator.py
[2024-06-14T01:12:55.824+0530] {logging_mixin.py:188} INFO - [2024-06-14T01:12:55.824+0530] {dag.py:3096} INFO - Sync 1 DAGs
[2024-06-14T01:12:55.839+0530] {logging_mixin.py:188} INFO - [2024-06-14T01:12:55.838+0530] {dag.py:3954} INFO - Setting next_dagrun for example_bash_decorator to None, run_after=None
[2024-06-14T01:12:55.930+0530] {processor.py:183} INFO - Processing /home/wsl/airflow_venv/lib/python3.10/site-packages/airflow/example_dags/example_bash_decorator.py took 0.184 seconds
[2024-06-14T01:20:57.684+0530] {processor.py:161} INFO - Started process (PID=27903) to work on /home/wsl/airflow_venv/lib/python3.10/site-packages/airflow/example_dags/example_bash_decorator.py
[2024-06-14T01:20:57.688+0530] {processor.py:830} INFO - Processing file /home/wsl/airflow_venv/lib/python3.10/site-packages/airflow/example_dags/example_bash_decorator.py for tasks to queue
[2024-06-14T01:20:57.690+0530] {logging_mixin.py:188} INFO - [2024-06-14T01:20:57.689+0530] {dagbag.py:540} INFO - Filling up the DagBag from /home/wsl/airflow_venv/lib/python3.10/site-packages/airflow/example_dags/example_bash_decorator.py
[2024-06-14T01:20:57.721+0530] {processor.py:840} INFO - DAG(s) 'example_bash_decorator' retrieved from /home/wsl/airflow_venv/lib/python3.10/site-packages/airflow/example_dags/example_bash_decorator.py
[2024-06-14T01:20:57.745+0530] {logging_mixin.py:188} INFO - [2024-06-14T01:20:57.744+0530] {dag.py:3096} INFO - Sync 1 DAGs
[2024-06-14T01:20:57.757+0530] {logging_mixin.py:188} INFO - [2024-06-14T01:20:57.757+0530] {dag.py:3954} INFO - Setting next_dagrun for example_bash_decorator to None, run_after=None
[2024-06-14T01:20:57.783+0530] {processor.py:183} INFO - Processing /home/wsl/airflow_venv/lib/python3.10/site-packages/airflow/example_dags/example_bash_decorator.py took 0.115 seconds
