[2024-06-14T00:55:32.124+0530] {processor.py:161} INFO - Started process (PID=16343) to work on /home/wsl/airflow_venv/lib/python3.10/site-packages/airflow/example_dags/example_short_circuit_decorator.py
[2024-06-14T00:55:32.126+0530] {processor.py:830} INFO - Processing file /home/wsl/airflow_venv/lib/python3.10/site-packages/airflow/example_dags/example_short_circuit_decorator.py for tasks to queue
[2024-06-14T00:55:32.128+0530] {logging_mixin.py:188} INFO - [2024-06-14T00:55:32.127+0530] {dagbag.py:540} INFO - Filling up the DagBag from /home/wsl/airflow_venv/lib/python3.10/site-packages/airflow/example_dags/example_short_circuit_decorator.py
[2024-06-14T00:55:32.138+0530] {processor.py:840} INFO - DAG(s) 'example_short_circuit_decorator' retrieved from /home/wsl/airflow_venv/lib/python3.10/site-packages/airflow/example_dags/example_short_circuit_decorator.py
[2024-06-14T00:55:32.305+0530] {logging_mixin.py:188} INFO - [2024-06-14T00:55:32.304+0530] {dag.py:3096} INFO - Sync 1 DAGs
[2024-06-14T00:55:32.534+0530] {logging_mixin.py:188} INFO - [2024-06-14T00:55:32.534+0530] {dag.py:3954} INFO - Setting next_dagrun for example_short_circuit_decorator to 2024-06-12 00:00:00+00:00, run_after=2024-06-13 00:00:00+00:00
[2024-06-14T00:55:32.563+0530] {processor.py:183} INFO - Processing /home/wsl/airflow_venv/lib/python3.10/site-packages/airflow/example_dags/example_short_circuit_decorator.py took 0.446 seconds
[2024-06-14T00:59:34.374+0530] {processor.py:161} INFO - Started process (PID=18320) to work on /home/wsl/airflow_venv/lib/python3.10/site-packages/airflow/example_dags/example_short_circuit_decorator.py
[2024-06-14T00:59:34.377+0530] {processor.py:830} INFO - Processing file /home/wsl/airflow_venv/lib/python3.10/site-packages/airflow/example_dags/example_short_circuit_decorator.py for tasks to queue
[2024-06-14T00:59:34.379+0530] {logging_mixin.py:188} INFO - [2024-06-14T00:59:34.379+0530] {dagbag.py:540} INFO - Filling up the DagBag from /home/wsl/airflow_venv/lib/python3.10/site-packages/airflow/example_dags/example_short_circuit_decorator.py
[2024-06-14T00:59:34.391+0530] {processor.py:840} INFO - DAG(s) 'example_short_circuit_decorator' retrieved from /home/wsl/airflow_venv/lib/python3.10/site-packages/airflow/example_dags/example_short_circuit_decorator.py
[2024-06-14T00:59:34.418+0530] {logging_mixin.py:188} INFO - [2024-06-14T00:59:34.418+0530] {dag.py:3096} INFO - Sync 1 DAGs
[2024-06-14T00:59:34.442+0530] {logging_mixin.py:188} INFO - [2024-06-14T00:59:34.442+0530] {dag.py:3954} INFO - Setting next_dagrun for example_short_circuit_decorator to 2024-06-12 00:00:00+00:00, run_after=2024-06-13 00:00:00+00:00
[2024-06-14T00:59:34.563+0530] {processor.py:183} INFO - Processing /home/wsl/airflow_venv/lib/python3.10/site-packages/airflow/example_dags/example_short_circuit_decorator.py took 0.200 seconds
[2024-06-14T01:01:53.079+0530] {processor.py:161} INFO - Started process (PID=19548) to work on /home/wsl/airflow_venv/lib/python3.10/site-packages/airflow/example_dags/example_short_circuit_decorator.py
[2024-06-14T01:01:53.154+0530] {processor.py:830} INFO - Processing file /home/wsl/airflow_venv/lib/python3.10/site-packages/airflow/example_dags/example_short_circuit_decorator.py for tasks to queue
[2024-06-14T01:01:53.157+0530] {logging_mixin.py:188} INFO - [2024-06-14T01:01:53.156+0530] {dagbag.py:540} INFO - Filling up the DagBag from /home/wsl/airflow_venv/lib/python3.10/site-packages/airflow/example_dags/example_short_circuit_decorator.py
[2024-06-14T01:01:53.174+0530] {processor.py:840} INFO - DAG(s) 'example_short_circuit_decorator' retrieved from /home/wsl/airflow_venv/lib/python3.10/site-packages/airflow/example_dags/example_short_circuit_decorator.py
[2024-06-14T01:01:53.200+0530] {logging_mixin.py:188} INFO - [2024-06-14T01:01:53.200+0530] {dag.py:3096} INFO - Sync 1 DAGs
[2024-06-14T01:01:53.223+0530] {logging_mixin.py:188} INFO - [2024-06-14T01:01:53.223+0530] {dag.py:3954} INFO - Setting next_dagrun for example_short_circuit_decorator to 2024-06-12 00:00:00+00:00, run_after=2024-06-13 00:00:00+00:00
[2024-06-14T01:01:53.526+0530] {processor.py:183} INFO - Processing /home/wsl/airflow_venv/lib/python3.10/site-packages/airflow/example_dags/example_short_circuit_decorator.py took 0.457 seconds
[2024-06-14T01:04:42.388+0530] {processor.py:161} INFO - Started process (PID=21201) to work on /home/wsl/airflow_venv/lib/python3.10/site-packages/airflow/example_dags/example_short_circuit_decorator.py
[2024-06-14T01:04:42.390+0530] {processor.py:830} INFO - Processing file /home/wsl/airflow_venv/lib/python3.10/site-packages/airflow/example_dags/example_short_circuit_decorator.py for tasks to queue
[2024-06-14T01:04:42.392+0530] {logging_mixin.py:188} INFO - [2024-06-14T01:04:42.391+0530] {dagbag.py:540} INFO - Filling up the DagBag from /home/wsl/airflow_venv/lib/python3.10/site-packages/airflow/example_dags/example_short_circuit_decorator.py
[2024-06-14T01:04:42.402+0530] {processor.py:840} INFO - DAG(s) 'example_short_circuit_decorator' retrieved from /home/wsl/airflow_venv/lib/python3.10/site-packages/airflow/example_dags/example_short_circuit_decorator.py
[2024-06-14T01:04:42.422+0530] {logging_mixin.py:188} INFO - [2024-06-14T01:04:42.422+0530] {dag.py:3096} INFO - Sync 1 DAGs
[2024-06-14T01:04:42.442+0530] {logging_mixin.py:188} INFO - [2024-06-14T01:04:42.442+0530] {dag.py:3954} INFO - Setting next_dagrun for example_short_circuit_decorator to 2024-06-12 00:00:00+00:00, run_after=2024-06-13 00:00:00+00:00
[2024-06-14T01:04:42.643+0530] {processor.py:183} INFO - Processing /home/wsl/airflow_venv/lib/python3.10/site-packages/airflow/example_dags/example_short_circuit_decorator.py took 0.263 seconds
[2024-06-14T01:06:56.496+0530] {processor.py:161} INFO - Started process (PID=22410) to work on /home/wsl/airflow_venv/lib/python3.10/site-packages/airflow/example_dags/example_short_circuit_decorator.py
[2024-06-14T01:06:56.498+0530] {processor.py:830} INFO - Processing file /home/wsl/airflow_venv/lib/python3.10/site-packages/airflow/example_dags/example_short_circuit_decorator.py for tasks to queue
[2024-06-14T01:06:56.500+0530] {logging_mixin.py:188} INFO - [2024-06-14T01:06:56.500+0530] {dagbag.py:540} INFO - Filling up the DagBag from /home/wsl/airflow_venv/lib/python3.10/site-packages/airflow/example_dags/example_short_circuit_decorator.py
[2024-06-14T01:06:56.515+0530] {processor.py:840} INFO - DAG(s) 'example_short_circuit_decorator' retrieved from /home/wsl/airflow_venv/lib/python3.10/site-packages/airflow/example_dags/example_short_circuit_decorator.py
[2024-06-14T01:06:56.540+0530] {logging_mixin.py:188} INFO - [2024-06-14T01:06:56.539+0530] {dag.py:3096} INFO - Sync 1 DAGs
[2024-06-14T01:06:56.568+0530] {logging_mixin.py:188} INFO - [2024-06-14T01:06:56.567+0530] {dag.py:3954} INFO - Setting next_dagrun for example_short_circuit_decorator to 2024-06-12 00:00:00+00:00, run_after=2024-06-13 00:00:00+00:00
[2024-06-14T01:06:56.599+0530] {processor.py:183} INFO - Processing /home/wsl/airflow_venv/lib/python3.10/site-packages/airflow/example_dags/example_short_circuit_decorator.py took 0.115 seconds
[2024-06-14T01:10:08.743+0530] {processor.py:161} INFO - Started process (PID=23808) to work on /home/wsl/airflow_venv/lib/python3.10/site-packages/airflow/example_dags/example_short_circuit_decorator.py
[2024-06-14T01:10:08.744+0530] {processor.py:830} INFO - Processing file /home/wsl/airflow_venv/lib/python3.10/site-packages/airflow/example_dags/example_short_circuit_decorator.py for tasks to queue
[2024-06-14T01:10:08.746+0530] {logging_mixin.py:188} INFO - [2024-06-14T01:10:08.746+0530] {dagbag.py:540} INFO - Filling up the DagBag from /home/wsl/airflow_venv/lib/python3.10/site-packages/airflow/example_dags/example_short_circuit_decorator.py
[2024-06-14T01:10:08.756+0530] {processor.py:840} INFO - DAG(s) 'example_short_circuit_decorator' retrieved from /home/wsl/airflow_venv/lib/python3.10/site-packages/airflow/example_dags/example_short_circuit_decorator.py
[2024-06-14T01:10:08.778+0530] {logging_mixin.py:188} INFO - [2024-06-14T01:10:08.777+0530] {dag.py:3096} INFO - Sync 1 DAGs
[2024-06-14T01:10:08.799+0530] {logging_mixin.py:188} INFO - [2024-06-14T01:10:08.799+0530] {dag.py:3954} INFO - Setting next_dagrun for example_short_circuit_decorator to 2024-06-12 00:00:00+00:00, run_after=2024-06-13 00:00:00+00:00
[2024-06-14T01:10:08.829+0530] {processor.py:183} INFO - Processing /home/wsl/airflow_venv/lib/python3.10/site-packages/airflow/example_dags/example_short_circuit_decorator.py took 0.094 seconds
[2024-06-14T01:14:06.691+0530] {processor.py:161} INFO - Started process (PID=25849) to work on /home/wsl/airflow_venv/lib/python3.10/site-packages/airflow/example_dags/example_short_circuit_decorator.py
[2024-06-14T01:14:06.693+0530] {processor.py:830} INFO - Processing file /home/wsl/airflow_venv/lib/python3.10/site-packages/airflow/example_dags/example_short_circuit_decorator.py for tasks to queue
[2024-06-14T01:14:06.697+0530] {logging_mixin.py:188} INFO - [2024-06-14T01:14:06.696+0530] {dagbag.py:540} INFO - Filling up the DagBag from /home/wsl/airflow_venv/lib/python3.10/site-packages/airflow/example_dags/example_short_circuit_decorator.py
[2024-06-14T01:14:06.715+0530] {processor.py:840} INFO - DAG(s) 'example_short_circuit_decorator' retrieved from /home/wsl/airflow_venv/lib/python3.10/site-packages/airflow/example_dags/example_short_circuit_decorator.py
[2024-06-14T01:14:06.750+0530] {logging_mixin.py:188} INFO - [2024-06-14T01:14:06.750+0530] {dag.py:3096} INFO - Sync 1 DAGs
[2024-06-14T01:14:06.784+0530] {logging_mixin.py:188} INFO - [2024-06-14T01:14:06.783+0530] {dag.py:3954} INFO - Setting next_dagrun for example_short_circuit_decorator to 2024-06-12 00:00:00+00:00, run_after=2024-06-13 00:00:00+00:00
[2024-06-14T01:14:06.816+0530] {processor.py:183} INFO - Processing /home/wsl/airflow_venv/lib/python3.10/site-packages/airflow/example_dags/example_short_circuit_decorator.py took 0.134 seconds
[2024-06-14T01:21:01.548+0530] {processor.py:161} INFO - Started process (PID=27921) to work on /home/wsl/airflow_venv/lib/python3.10/site-packages/airflow/example_dags/example_short_circuit_decorator.py
[2024-06-14T01:21:01.549+0530] {processor.py:830} INFO - Processing file /home/wsl/airflow_venv/lib/python3.10/site-packages/airflow/example_dags/example_short_circuit_decorator.py for tasks to queue
[2024-06-14T01:21:01.551+0530] {logging_mixin.py:188} INFO - [2024-06-14T01:21:01.550+0530] {dagbag.py:540} INFO - Filling up the DagBag from /home/wsl/airflow_venv/lib/python3.10/site-packages/airflow/example_dags/example_short_circuit_decorator.py
[2024-06-14T01:21:01.563+0530] {processor.py:840} INFO - DAG(s) 'example_short_circuit_decorator' retrieved from /home/wsl/airflow_venv/lib/python3.10/site-packages/airflow/example_dags/example_short_circuit_decorator.py
[2024-06-14T01:21:01.584+0530] {logging_mixin.py:188} INFO - [2024-06-14T01:21:01.584+0530] {dag.py:3096} INFO - Sync 1 DAGs
[2024-06-14T01:21:01.602+0530] {logging_mixin.py:188} INFO - [2024-06-14T01:21:01.602+0530] {dag.py:3954} INFO - Setting next_dagrun for example_short_circuit_decorator to 2024-06-12 00:00:00+00:00, run_after=2024-06-13 00:00:00+00:00
[2024-06-14T01:21:01.630+0530] {processor.py:183} INFO - Processing /home/wsl/airflow_venv/lib/python3.10/site-packages/airflow/example_dags/example_short_circuit_decorator.py took 0.089 seconds
