[2024-06-14T00:55:30.852+0530] {processor.py:161} INFO - Started process (PID=16338) to work on /home/wsl/airflow_venv/lib/python3.10/site-packages/airflow/example_dags/example_branch_operator.py
[2024-06-14T00:55:30.853+0530] {processor.py:830} INFO - Processing file /home/wsl/airflow_venv/lib/python3.10/site-packages/airflow/example_dags/example_branch_operator.py for tasks to queue
[2024-06-14T00:55:30.854+0530] {logging_mixin.py:188} INFO - [2024-06-14T00:55:30.854+0530] {dagbag.py:540} INFO - Filling up the DagBag from /home/wsl/airflow_venv/lib/python3.10/site-packages/airflow/example_dags/example_branch_operator.py
[2024-06-14T00:55:30.998+0530] {processor.py:842} WARNING - No viable dags retrieved from /home/wsl/airflow_venv/lib/python3.10/site-packages/airflow/example_dags/example_branch_operator.py
[2024-06-14T00:55:31.010+0530] {processor.py:183} INFO - Processing /home/wsl/airflow_venv/lib/python3.10/site-packages/airflow/example_dags/example_branch_operator.py took 0.166 seconds
[2024-06-14T00:59:33.092+0530] {processor.py:161} INFO - Started process (PID=18314) to work on /home/wsl/airflow_venv/lib/python3.10/site-packages/airflow/example_dags/example_branch_operator.py
[2024-06-14T00:59:33.095+0530] {processor.py:830} INFO - Processing file /home/wsl/airflow_venv/lib/python3.10/site-packages/airflow/example_dags/example_branch_operator.py for tasks to queue
[2024-06-14T00:59:33.099+0530] {logging_mixin.py:188} INFO - [2024-06-14T00:59:33.098+0530] {dagbag.py:540} INFO - Filling up the DagBag from /home/wsl/airflow_venv/lib/python3.10/site-packages/airflow/example_dags/example_branch_operator.py
[2024-06-14T00:59:33.247+0530] {processor.py:842} WARNING - No viable dags retrieved from /home/wsl/airflow_venv/lib/python3.10/site-packages/airflow/example_dags/example_branch_operator.py
[2024-06-14T00:59:33.259+0530] {processor.py:183} INFO - Processing /home/wsl/airflow_venv/lib/python3.10/site-packages/airflow/example_dags/example_branch_operator.py took 0.179 seconds
[2024-06-14T01:01:51.544+0530] {processor.py:161} INFO - Started process (PID=19541) to work on /home/wsl/airflow_venv/lib/python3.10/site-packages/airflow/example_dags/example_branch_operator.py
[2024-06-14T01:01:51.583+0530] {processor.py:830} INFO - Processing file /home/wsl/airflow_venv/lib/python3.10/site-packages/airflow/example_dags/example_branch_operator.py for tasks to queue
[2024-06-14T01:01:51.587+0530] {logging_mixin.py:188} INFO - [2024-06-14T01:01:51.586+0530] {dagbag.py:540} INFO - Filling up the DagBag from /home/wsl/airflow_venv/lib/python3.10/site-packages/airflow/example_dags/example_branch_operator.py
[2024-06-14T01:01:51.763+0530] {processor.py:842} WARNING - No viable dags retrieved from /home/wsl/airflow_venv/lib/python3.10/site-packages/airflow/example_dags/example_branch_operator.py
[2024-06-14T01:01:51.784+0530] {processor.py:183} INFO - Processing /home/wsl/airflow_venv/lib/python3.10/site-packages/airflow/example_dags/example_branch_operator.py took 0.251 seconds
[2024-06-14T01:04:41.047+0530] {processor.py:161} INFO - Started process (PID=21195) to work on /home/wsl/airflow_venv/lib/python3.10/site-packages/airflow/example_dags/example_branch_operator.py
[2024-06-14T01:04:41.049+0530] {processor.py:830} INFO - Processing file /home/wsl/airflow_venv/lib/python3.10/site-packages/airflow/example_dags/example_branch_operator.py for tasks to queue
[2024-06-14T01:04:41.051+0530] {logging_mixin.py:188} INFO - [2024-06-14T01:04:41.051+0530] {dagbag.py:540} INFO - Filling up the DagBag from /home/wsl/airflow_venv/lib/python3.10/site-packages/airflow/example_dags/example_branch_operator.py
[2024-06-14T01:04:41.188+0530] {processor.py:842} WARNING - No viable dags retrieved from /home/wsl/airflow_venv/lib/python3.10/site-packages/airflow/example_dags/example_branch_operator.py
[2024-06-14T01:04:41.200+0530] {processor.py:183} INFO - Processing /home/wsl/airflow_venv/lib/python3.10/site-packages/airflow/example_dags/example_branch_operator.py took 0.160 seconds
[2024-06-14T01:06:55.140+0530] {processor.py:161} INFO - Started process (PID=22404) to work on /home/wsl/airflow_venv/lib/python3.10/site-packages/airflow/example_dags/example_branch_operator.py
[2024-06-14T01:06:55.142+0530] {processor.py:830} INFO - Processing file /home/wsl/airflow_venv/lib/python3.10/site-packages/airflow/example_dags/example_branch_operator.py for tasks to queue
[2024-06-14T01:06:55.145+0530] {logging_mixin.py:188} INFO - [2024-06-14T01:06:55.144+0530] {dagbag.py:540} INFO - Filling up the DagBag from /home/wsl/airflow_venv/lib/python3.10/site-packages/airflow/example_dags/example_branch_operator.py
[2024-06-14T01:06:55.316+0530] {processor.py:842} WARNING - No viable dags retrieved from /home/wsl/airflow_venv/lib/python3.10/site-packages/airflow/example_dags/example_branch_operator.py
[2024-06-14T01:06:55.330+0530] {processor.py:183} INFO - Processing /home/wsl/airflow_venv/lib/python3.10/site-packages/airflow/example_dags/example_branch_operator.py took 0.196 seconds
[2024-06-14T01:10:08.016+0530] {processor.py:161} INFO - Started process (PID=23805) to work on /home/wsl/airflow_venv/lib/python3.10/site-packages/airflow/example_dags/example_branch_operator.py
[2024-06-14T01:10:08.018+0530] {processor.py:830} INFO - Processing file /home/wsl/airflow_venv/lib/python3.10/site-packages/airflow/example_dags/example_branch_operator.py for tasks to queue
[2024-06-14T01:10:08.019+0530] {logging_mixin.py:188} INFO - [2024-06-14T01:10:08.019+0530] {dagbag.py:540} INFO - Filling up the DagBag from /home/wsl/airflow_venv/lib/python3.10/site-packages/airflow/example_dags/example_branch_operator.py
[2024-06-14T01:10:08.164+0530] {processor.py:842} WARNING - No viable dags retrieved from /home/wsl/airflow_venv/lib/python3.10/site-packages/airflow/example_dags/example_branch_operator.py
[2024-06-14T01:10:08.176+0530] {processor.py:183} INFO - Processing /home/wsl/airflow_venv/lib/python3.10/site-packages/airflow/example_dags/example_branch_operator.py took 0.168 seconds
[2024-06-14T01:14:05.856+0530] {processor.py:161} INFO - Started process (PID=25844) to work on /home/wsl/airflow_venv/lib/python3.10/site-packages/airflow/example_dags/example_branch_operator.py
[2024-06-14T01:14:05.865+0530] {processor.py:830} INFO - Processing file /home/wsl/airflow_venv/lib/python3.10/site-packages/airflow/example_dags/example_branch_operator.py for tasks to queue
[2024-06-14T01:14:05.867+0530] {logging_mixin.py:188} INFO - [2024-06-14T01:14:05.867+0530] {dagbag.py:540} INFO - Filling up the DagBag from /home/wsl/airflow_venv/lib/python3.10/site-packages/airflow/example_dags/example_branch_operator.py
[2024-06-14T01:14:06.042+0530] {processor.py:842} WARNING - No viable dags retrieved from /home/wsl/airflow_venv/lib/python3.10/site-packages/airflow/example_dags/example_branch_operator.py
[2024-06-14T01:14:06.060+0530] {processor.py:183} INFO - Processing /home/wsl/airflow_venv/lib/python3.10/site-packages/airflow/example_dags/example_branch_operator.py took 0.212 seconds
[2024-06-14T01:21:00.317+0530] {processor.py:161} INFO - Started process (PID=27915) to work on /home/wsl/airflow_venv/lib/python3.10/site-packages/airflow/example_dags/example_branch_operator.py
[2024-06-14T01:21:00.320+0530] {processor.py:830} INFO - Processing file /home/wsl/airflow_venv/lib/python3.10/site-packages/airflow/example_dags/example_branch_operator.py for tasks to queue
[2024-06-14T01:21:00.322+0530] {logging_mixin.py:188} INFO - [2024-06-14T01:21:00.321+0530] {dagbag.py:540} INFO - Filling up the DagBag from /home/wsl/airflow_venv/lib/python3.10/site-packages/airflow/example_dags/example_branch_operator.py
[2024-06-14T01:21:00.469+0530] {processor.py:842} WARNING - No viable dags retrieved from /home/wsl/airflow_venv/lib/python3.10/site-packages/airflow/example_dags/example_branch_operator.py
[2024-06-14T01:21:00.482+0530] {processor.py:183} INFO - Processing /home/wsl/airflow_venv/lib/python3.10/site-packages/airflow/example_dags/example_branch_operator.py took 0.179 seconds
