[2024-06-14T00:55:52.118+0530] {processor.py:161} INFO - Started process (PID=16439) to work on /home/wsl/airflow_venv/lib/python3.10/site-packages/airflow/example_dags/example_external_task_marker_dag.py
[2024-06-14T00:55:52.119+0530] {processor.py:830} INFO - Processing file /home/wsl/airflow_venv/lib/python3.10/site-packages/airflow/example_dags/example_external_task_marker_dag.py for tasks to queue
[2024-06-14T00:55:52.122+0530] {logging_mixin.py:188} INFO - [2024-06-14T00:55:52.121+0530] {dagbag.py:540} INFO - Filling up the DagBag from /home/wsl/airflow_venv/lib/python3.10/site-packages/airflow/example_dags/example_external_task_marker_dag.py
[2024-06-14T00:55:52.131+0530] {processor.py:840} INFO - DAG(s) 'example_external_task_marker_child', 'example_external_task_marker_parent' retrieved from /home/wsl/airflow_venv/lib/python3.10/site-packages/airflow/example_dags/example_external_task_marker_dag.py
[2024-06-14T00:55:52.428+0530] {logging_mixin.py:188} INFO - [2024-06-14T00:55:52.428+0530] {dag.py:3096} INFO - Sync 2 DAGs
[2024-06-14T00:55:52.438+0530] {logging_mixin.py:188} INFO - [2024-06-14T00:55:52.438+0530] {dag.py:3954} INFO - Setting next_dagrun for example_external_task_marker_child to None, run_after=None
[2024-06-14T00:55:52.441+0530] {logging_mixin.py:188} INFO - [2024-06-14T00:55:52.441+0530] {dag.py:3954} INFO - Setting next_dagrun for example_external_task_marker_parent to None, run_after=None
[2024-06-14T00:55:52.473+0530] {processor.py:183} INFO - Processing /home/wsl/airflow_venv/lib/python3.10/site-packages/airflow/example_dags/example_external_task_marker_dag.py took 0.365 seconds
[2024-06-14T00:59:50.270+0530] {processor.py:161} INFO - Started process (PID=18395) to work on /home/wsl/airflow_venv/lib/python3.10/site-packages/airflow/example_dags/example_external_task_marker_dag.py
[2024-06-14T00:59:50.274+0530] {processor.py:830} INFO - Processing file /home/wsl/airflow_venv/lib/python3.10/site-packages/airflow/example_dags/example_external_task_marker_dag.py for tasks to queue
[2024-06-14T00:59:50.276+0530] {logging_mixin.py:188} INFO - [2024-06-14T00:59:50.276+0530] {dagbag.py:540} INFO - Filling up the DagBag from /home/wsl/airflow_venv/lib/python3.10/site-packages/airflow/example_dags/example_external_task_marker_dag.py
[2024-06-14T00:59:50.284+0530] {processor.py:840} INFO - DAG(s) 'example_external_task_marker_child', 'example_external_task_marker_parent' retrieved from /home/wsl/airflow_venv/lib/python3.10/site-packages/airflow/example_dags/example_external_task_marker_dag.py
[2024-06-14T00:59:50.307+0530] {logging_mixin.py:188} INFO - [2024-06-14T00:59:50.307+0530] {dag.py:3096} INFO - Sync 2 DAGs
[2024-06-14T00:59:50.418+0530] {logging_mixin.py:188} INFO - [2024-06-14T00:59:50.418+0530] {dag.py:3954} INFO - Setting next_dagrun for example_external_task_marker_child to None, run_after=None
[2024-06-14T00:59:50.422+0530] {logging_mixin.py:188} INFO - [2024-06-14T00:59:50.421+0530] {dag.py:3954} INFO - Setting next_dagrun for example_external_task_marker_parent to None, run_after=None
[2024-06-14T00:59:50.446+0530] {processor.py:183} INFO - Processing /home/wsl/airflow_venv/lib/python3.10/site-packages/airflow/example_dags/example_external_task_marker_dag.py took 0.189 seconds
[2024-06-14T01:02:09.290+0530] {processor.py:161} INFO - Started process (PID=19625) to work on /home/wsl/airflow_venv/lib/python3.10/site-packages/airflow/example_dags/example_external_task_marker_dag.py
[2024-06-14T01:02:09.292+0530] {processor.py:830} INFO - Processing file /home/wsl/airflow_venv/lib/python3.10/site-packages/airflow/example_dags/example_external_task_marker_dag.py for tasks to queue
[2024-06-14T01:02:09.294+0530] {logging_mixin.py:188} INFO - [2024-06-14T01:02:09.294+0530] {dagbag.py:540} INFO - Filling up the DagBag from /home/wsl/airflow_venv/lib/python3.10/site-packages/airflow/example_dags/example_external_task_marker_dag.py
[2024-06-14T01:02:09.305+0530] {processor.py:840} INFO - DAG(s) 'example_external_task_marker_parent', 'example_external_task_marker_child' retrieved from /home/wsl/airflow_venv/lib/python3.10/site-packages/airflow/example_dags/example_external_task_marker_dag.py
[2024-06-14T01:02:09.332+0530] {logging_mixin.py:188} INFO - [2024-06-14T01:02:09.332+0530] {dag.py:3096} INFO - Sync 2 DAGs
[2024-06-14T01:02:09.351+0530] {logging_mixin.py:188} INFO - [2024-06-14T01:02:09.349+0530] {dag.py:3954} INFO - Setting next_dagrun for example_external_task_marker_child to None, run_after=None
[2024-06-14T01:02:09.356+0530] {logging_mixin.py:188} INFO - [2024-06-14T01:02:09.355+0530] {dag.py:3954} INFO - Setting next_dagrun for example_external_task_marker_parent to None, run_after=None
[2024-06-14T01:02:09.390+0530] {processor.py:183} INFO - Processing /home/wsl/airflow_venv/lib/python3.10/site-packages/airflow/example_dags/example_external_task_marker_dag.py took 0.110 seconds
[2024-06-14T01:04:59.775+0530] {processor.py:161} INFO - Started process (PID=21283) to work on /home/wsl/airflow_venv/lib/python3.10/site-packages/airflow/example_dags/example_external_task_marker_dag.py
[2024-06-14T01:04:59.777+0530] {processor.py:830} INFO - Processing file /home/wsl/airflow_venv/lib/python3.10/site-packages/airflow/example_dags/example_external_task_marker_dag.py for tasks to queue
[2024-06-14T01:04:59.779+0530] {logging_mixin.py:188} INFO - [2024-06-14T01:04:59.779+0530] {dagbag.py:540} INFO - Filling up the DagBag from /home/wsl/airflow_venv/lib/python3.10/site-packages/airflow/example_dags/example_external_task_marker_dag.py
[2024-06-14T01:04:59.788+0530] {processor.py:840} INFO - DAG(s) 'example_external_task_marker_child', 'example_external_task_marker_parent' retrieved from /home/wsl/airflow_venv/lib/python3.10/site-packages/airflow/example_dags/example_external_task_marker_dag.py
[2024-06-14T01:04:59.814+0530] {logging_mixin.py:188} INFO - [2024-06-14T01:04:59.814+0530] {dag.py:3096} INFO - Sync 2 DAGs
[2024-06-14T01:04:59.837+0530] {logging_mixin.py:188} INFO - [2024-06-14T01:04:59.837+0530] {dag.py:3954} INFO - Setting next_dagrun for example_external_task_marker_child to None, run_after=None
[2024-06-14T01:04:59.843+0530] {logging_mixin.py:188} INFO - [2024-06-14T01:04:59.843+0530] {dag.py:3954} INFO - Setting next_dagrun for example_external_task_marker_parent to None, run_after=None
[2024-06-14T01:04:59.880+0530] {processor.py:183} INFO - Processing /home/wsl/airflow_venv/lib/python3.10/site-packages/airflow/example_dags/example_external_task_marker_dag.py took 0.116 seconds
[2024-06-14T01:07:12.395+0530] {processor.py:161} INFO - Started process (PID=22486) to work on /home/wsl/airflow_venv/lib/python3.10/site-packages/airflow/example_dags/example_external_task_marker_dag.py
[2024-06-14T01:07:12.397+0530] {processor.py:830} INFO - Processing file /home/wsl/airflow_venv/lib/python3.10/site-packages/airflow/example_dags/example_external_task_marker_dag.py for tasks to queue
[2024-06-14T01:07:12.400+0530] {logging_mixin.py:188} INFO - [2024-06-14T01:07:12.399+0530] {dagbag.py:540} INFO - Filling up the DagBag from /home/wsl/airflow_venv/lib/python3.10/site-packages/airflow/example_dags/example_external_task_marker_dag.py
[2024-06-14T01:07:12.409+0530] {processor.py:840} INFO - DAG(s) 'example_external_task_marker_parent', 'example_external_task_marker_child' retrieved from /home/wsl/airflow_venv/lib/python3.10/site-packages/airflow/example_dags/example_external_task_marker_dag.py
[2024-06-14T01:07:12.432+0530] {logging_mixin.py:188} INFO - [2024-06-14T01:07:12.431+0530] {dag.py:3096} INFO - Sync 2 DAGs
[2024-06-14T01:07:12.445+0530] {logging_mixin.py:188} INFO - [2024-06-14T01:07:12.445+0530] {dag.py:3954} INFO - Setting next_dagrun for example_external_task_marker_child to None, run_after=None
[2024-06-14T01:07:12.449+0530] {logging_mixin.py:188} INFO - [2024-06-14T01:07:12.448+0530] {dag.py:3954} INFO - Setting next_dagrun for example_external_task_marker_parent to None, run_after=None
[2024-06-14T01:07:12.473+0530] {processor.py:183} INFO - Processing /home/wsl/airflow_venv/lib/python3.10/site-packages/airflow/example_dags/example_external_task_marker_dag.py took 0.093 seconds
[2024-06-14T01:10:25.973+0530] {processor.py:161} INFO - Started process (PID=23887) to work on /home/wsl/airflow_venv/lib/python3.10/site-packages/airflow/example_dags/example_external_task_marker_dag.py
[2024-06-14T01:10:25.976+0530] {processor.py:830} INFO - Processing file /home/wsl/airflow_venv/lib/python3.10/site-packages/airflow/example_dags/example_external_task_marker_dag.py for tasks to queue
[2024-06-14T01:10:25.978+0530] {logging_mixin.py:188} INFO - [2024-06-14T01:10:25.978+0530] {dagbag.py:540} INFO - Filling up the DagBag from /home/wsl/airflow_venv/lib/python3.10/site-packages/airflow/example_dags/example_external_task_marker_dag.py
[2024-06-14T01:10:25.987+0530] {processor.py:840} INFO - DAG(s) 'example_external_task_marker_parent', 'example_external_task_marker_child' retrieved from /home/wsl/airflow_venv/lib/python3.10/site-packages/airflow/example_dags/example_external_task_marker_dag.py
[2024-06-14T01:10:26.009+0530] {logging_mixin.py:188} INFO - [2024-06-14T01:10:26.009+0530] {dag.py:3096} INFO - Sync 2 DAGs
[2024-06-14T01:10:26.023+0530] {logging_mixin.py:188} INFO - [2024-06-14T01:10:26.022+0530] {dag.py:3954} INFO - Setting next_dagrun for example_external_task_marker_child to None, run_after=None
[2024-06-14T01:10:26.026+0530] {logging_mixin.py:188} INFO - [2024-06-14T01:10:26.026+0530] {dag.py:3954} INFO - Setting next_dagrun for example_external_task_marker_parent to None, run_after=None
[2024-06-14T01:10:26.050+0530] {processor.py:183} INFO - Processing /home/wsl/airflow_venv/lib/python3.10/site-packages/airflow/example_dags/example_external_task_marker_dag.py took 0.088 seconds
[2024-06-14T01:14:23.170+0530] {processor.py:161} INFO - Started process (PID=25928) to work on /home/wsl/airflow_venv/lib/python3.10/site-packages/airflow/example_dags/example_external_task_marker_dag.py
[2024-06-14T01:14:23.172+0530] {processor.py:830} INFO - Processing file /home/wsl/airflow_venv/lib/python3.10/site-packages/airflow/example_dags/example_external_task_marker_dag.py for tasks to queue
[2024-06-14T01:14:23.173+0530] {logging_mixin.py:188} INFO - [2024-06-14T01:14:23.173+0530] {dagbag.py:540} INFO - Filling up the DagBag from /home/wsl/airflow_venv/lib/python3.10/site-packages/airflow/example_dags/example_external_task_marker_dag.py
[2024-06-14T01:14:23.181+0530] {processor.py:840} INFO - DAG(s) 'example_external_task_marker_child', 'example_external_task_marker_parent' retrieved from /home/wsl/airflow_venv/lib/python3.10/site-packages/airflow/example_dags/example_external_task_marker_dag.py
[2024-06-14T01:14:23.202+0530] {logging_mixin.py:188} INFO - [2024-06-14T01:14:23.202+0530] {dag.py:3096} INFO - Sync 2 DAGs
[2024-06-14T01:14:23.215+0530] {logging_mixin.py:188} INFO - [2024-06-14T01:14:23.214+0530] {dag.py:3954} INFO - Setting next_dagrun for example_external_task_marker_child to None, run_after=None
[2024-06-14T01:14:23.218+0530] {logging_mixin.py:188} INFO - [2024-06-14T01:14:23.218+0530] {dag.py:3954} INFO - Setting next_dagrun for example_external_task_marker_parent to None, run_after=None
[2024-06-14T01:14:23.241+0530] {processor.py:183} INFO - Processing /home/wsl/airflow_venv/lib/python3.10/site-packages/airflow/example_dags/example_external_task_marker_dag.py took 0.084 seconds
[2024-06-14T01:21:35.336+0530] {processor.py:161} INFO - Started process (PID=28157) to work on /home/wsl/airflow_venv/lib/python3.10/site-packages/airflow/example_dags/example_external_task_marker_dag.py
[2024-06-14T01:21:35.338+0530] {processor.py:830} INFO - Processing file /home/wsl/airflow_venv/lib/python3.10/site-packages/airflow/example_dags/example_external_task_marker_dag.py for tasks to queue
[2024-06-14T01:21:35.340+0530] {logging_mixin.py:188} INFO - [2024-06-14T01:21:35.339+0530] {dagbag.py:540} INFO - Filling up the DagBag from /home/wsl/airflow_venv/lib/python3.10/site-packages/airflow/example_dags/example_external_task_marker_dag.py
[2024-06-14T01:21:35.361+0530] {processor.py:840} INFO - DAG(s) 'example_external_task_marker_child', 'example_external_task_marker_parent' retrieved from /home/wsl/airflow_venv/lib/python3.10/site-packages/airflow/example_dags/example_external_task_marker_dag.py
[2024-06-14T01:21:35.402+0530] {logging_mixin.py:188} INFO - [2024-06-14T01:21:35.402+0530] {dag.py:3096} INFO - Sync 2 DAGs
[2024-06-14T01:21:35.428+0530] {logging_mixin.py:188} INFO - [2024-06-14T01:21:35.428+0530] {dag.py:3954} INFO - Setting next_dagrun for example_external_task_marker_child to None, run_after=None
[2024-06-14T01:21:35.434+0530] {logging_mixin.py:188} INFO - [2024-06-14T01:21:35.434+0530] {dag.py:3954} INFO - Setting next_dagrun for example_external_task_marker_parent to None, run_after=None
[2024-06-14T01:21:35.485+0530] {processor.py:183} INFO - Processing /home/wsl/airflow_venv/lib/python3.10/site-packages/airflow/example_dags/example_external_task_marker_dag.py took 0.158 seconds
