[2024-06-14T00:55:02.672+0530] {processor.py:161} INFO - Started process (PID=16204) to work on /home/wsl/airflow_venv/lib/python3.10/site-packages/airflow/example_dags/example_subdag_operator.py
[2024-06-14T00:55:02.673+0530] {processor.py:830} INFO - Processing file /home/wsl/airflow_venv/lib/python3.10/site-packages/airflow/example_dags/example_subdag_operator.py for tasks to queue
[2024-06-14T00:55:02.676+0530] {logging_mixin.py:188} INFO - [2024-06-14T00:55:02.675+0530] {dagbag.py:540} INFO - Filling up the DagBag from /home/wsl/airflow_venv/lib/python3.10/site-packages/airflow/example_dags/example_subdag_operator.py
[2024-06-14T00:55:02.703+0530] {processor.py:840} INFO - DAG(s) 'example_subdag_operator.section-1', 'example_subdag_operator.section-2', 'example_subdag_operator' retrieved from /home/wsl/airflow_venv/lib/python3.10/site-packages/airflow/example_dags/example_subdag_operator.py
[2024-06-14T00:55:02.805+0530] {logging_mixin.py:188} INFO - [2024-06-14T00:55:02.805+0530] {dag.py:3096} INFO - Sync 3 DAGs
[2024-06-14T00:55:02.825+0530] {logging_mixin.py:188} INFO - [2024-06-14T00:55:02.824+0530] {dag.py:3954} INFO - Setting next_dagrun for example_subdag_operator to 2022-01-01 00:00:00+00:00, run_after=2022-01-01 00:00:00+00:00
[2024-06-14T00:55:02.827+0530] {logging_mixin.py:188} INFO - [2024-06-14T00:55:02.827+0530] {dag.py:3954} INFO - Setting next_dagrun for example_subdag_operator.section-1 to None, run_after=None
[2024-06-14T00:55:02.828+0530] {logging_mixin.py:188} INFO - [2024-06-14T00:55:02.828+0530] {dag.py:3954} INFO - Setting next_dagrun for example_subdag_operator.section-2 to None, run_after=None
[2024-06-14T00:55:02.836+0530] {logging_mixin.py:188} INFO - [2024-06-14T00:55:02.836+0530] {dag.py:3096} INFO - Sync 2 DAGs
[2024-06-14T00:55:02.841+0530] {logging_mixin.py:188} INFO - [2024-06-14T00:55:02.840+0530] {dag.py:3954} INFO - Setting next_dagrun for example_subdag_operator.section-1 to None, run_after=None
[2024-06-14T00:55:02.841+0530] {logging_mixin.py:188} INFO - [2024-06-14T00:55:02.841+0530] {dag.py:3954} INFO - Setting next_dagrun for example_subdag_operator.section-2 to None, run_after=None
[2024-06-14T00:55:02.862+0530] {processor.py:183} INFO - Processing /home/wsl/airflow_venv/lib/python3.10/site-packages/airflow/example_dags/example_subdag_operator.py took 0.205 seconds
[2024-06-14T00:58:07.014+0530] {processor.py:161} INFO - Started process (PID=17628) to work on /home/wsl/airflow_venv/lib/python3.10/site-packages/airflow/example_dags/example_subdag_operator.py
[2024-06-14T00:58:07.028+0530] {processor.py:830} INFO - Processing file /home/wsl/airflow_venv/lib/python3.10/site-packages/airflow/example_dags/example_subdag_operator.py for tasks to queue
[2024-06-14T00:58:07.031+0530] {logging_mixin.py:188} INFO - [2024-06-14T00:58:07.031+0530] {dagbag.py:540} INFO - Filling up the DagBag from /home/wsl/airflow_venv/lib/python3.10/site-packages/airflow/example_dags/example_subdag_operator.py
[2024-06-14T00:58:07.070+0530] {processor.py:840} INFO - DAG(s) 'example_subdag_operator.section-1', 'example_subdag_operator.section-2', 'example_subdag_operator' retrieved from /home/wsl/airflow_venv/lib/python3.10/site-packages/airflow/example_dags/example_subdag_operator.py
[2024-06-14T00:58:07.089+0530] {logging_mixin.py:188} INFO - [2024-06-14T00:58:07.089+0530] {dag.py:3096} INFO - Sync 3 DAGs
[2024-06-14T00:58:07.111+0530] {logging_mixin.py:188} INFO - [2024-06-14T00:58:07.111+0530] {dag.py:3954} INFO - Setting next_dagrun for example_subdag_operator to 2022-01-01 00:00:00+00:00, run_after=2022-01-01 00:00:00+00:00
[2024-06-14T00:58:07.114+0530] {logging_mixin.py:188} INFO - [2024-06-14T00:58:07.114+0530] {dag.py:3954} INFO - Setting next_dagrun for example_subdag_operator.section-1 to None, run_after=None
[2024-06-14T00:58:07.116+0530] {logging_mixin.py:188} INFO - [2024-06-14T00:58:07.115+0530] {dag.py:3954} INFO - Setting next_dagrun for example_subdag_operator.section-2 to None, run_after=None
[2024-06-14T00:58:07.127+0530] {logging_mixin.py:188} INFO - [2024-06-14T00:58:07.127+0530] {dag.py:3096} INFO - Sync 2 DAGs
[2024-06-14T00:58:07.132+0530] {logging_mixin.py:188} INFO - [2024-06-14T00:58:07.131+0530] {dag.py:3954} INFO - Setting next_dagrun for example_subdag_operator.section-1 to None, run_after=None
[2024-06-14T00:58:07.132+0530] {logging_mixin.py:188} INFO - [2024-06-14T00:58:07.132+0530] {dag.py:3954} INFO - Setting next_dagrun for example_subdag_operator.section-2 to None, run_after=None
[2024-06-14T00:58:07.156+0530] {processor.py:183} INFO - Processing /home/wsl/airflow_venv/lib/python3.10/site-packages/airflow/example_dags/example_subdag_operator.py took 0.154 seconds
[2024-06-14T01:00:37.260+0530] {processor.py:161} INFO - Started process (PID=18899) to work on /home/wsl/airflow_venv/lib/python3.10/site-packages/airflow/example_dags/example_subdag_operator.py
[2024-06-14T01:00:37.262+0530] {processor.py:830} INFO - Processing file /home/wsl/airflow_venv/lib/python3.10/site-packages/airflow/example_dags/example_subdag_operator.py for tasks to queue
[2024-06-14T01:00:37.264+0530] {logging_mixin.py:188} INFO - [2024-06-14T01:00:37.264+0530] {dagbag.py:540} INFO - Filling up the DagBag from /home/wsl/airflow_venv/lib/python3.10/site-packages/airflow/example_dags/example_subdag_operator.py
[2024-06-14T01:00:37.292+0530] {processor.py:840} INFO - DAG(s) 'example_subdag_operator.section-1', 'example_subdag_operator.section-2', 'example_subdag_operator' retrieved from /home/wsl/airflow_venv/lib/python3.10/site-packages/airflow/example_dags/example_subdag_operator.py
[2024-06-14T01:00:37.413+0530] {logging_mixin.py:188} INFO - [2024-06-14T01:00:37.412+0530] {dag.py:3096} INFO - Sync 3 DAGs
[2024-06-14T01:00:37.433+0530] {logging_mixin.py:188} INFO - [2024-06-14T01:00:37.433+0530] {dag.py:3954} INFO - Setting next_dagrun for example_subdag_operator to 2022-01-01 00:00:00+00:00, run_after=2022-01-01 00:00:00+00:00
[2024-06-14T01:00:37.437+0530] {logging_mixin.py:188} INFO - [2024-06-14T01:00:37.437+0530] {dag.py:3954} INFO - Setting next_dagrun for example_subdag_operator.section-1 to None, run_after=None
[2024-06-14T01:00:37.438+0530] {logging_mixin.py:188} INFO - [2024-06-14T01:00:37.438+0530] {dag.py:3954} INFO - Setting next_dagrun for example_subdag_operator.section-2 to None, run_after=None
[2024-06-14T01:00:37.445+0530] {logging_mixin.py:188} INFO - [2024-06-14T01:00:37.444+0530] {dag.py:3096} INFO - Sync 2 DAGs
[2024-06-14T01:00:37.449+0530] {logging_mixin.py:188} INFO - [2024-06-14T01:00:37.449+0530] {dag.py:3954} INFO - Setting next_dagrun for example_subdag_operator.section-1 to None, run_after=None
[2024-06-14T01:00:37.450+0530] {logging_mixin.py:188} INFO - [2024-06-14T01:00:37.450+0530] {dag.py:3954} INFO - Setting next_dagrun for example_subdag_operator.section-2 to None, run_after=None
[2024-06-14T01:00:37.469+0530] {processor.py:183} INFO - Processing /home/wsl/airflow_venv/lib/python3.10/site-packages/airflow/example_dags/example_subdag_operator.py took 0.219 seconds
[2024-06-14T01:03:32.255+0530] {processor.py:161} INFO - Started process (PID=20588) to work on /home/wsl/airflow_venv/lib/python3.10/site-packages/airflow/example_dags/example_subdag_operator.py
[2024-06-14T01:03:32.258+0530] {processor.py:830} INFO - Processing file /home/wsl/airflow_venv/lib/python3.10/site-packages/airflow/example_dags/example_subdag_operator.py for tasks to queue
[2024-06-14T01:03:32.261+0530] {logging_mixin.py:188} INFO - [2024-06-14T01:03:32.260+0530] {dagbag.py:540} INFO - Filling up the DagBag from /home/wsl/airflow_venv/lib/python3.10/site-packages/airflow/example_dags/example_subdag_operator.py
[2024-06-14T01:03:32.289+0530] {processor.py:840} INFO - DAG(s) 'example_subdag_operator.section-1', 'example_subdag_operator.section-2', 'example_subdag_operator' retrieved from /home/wsl/airflow_venv/lib/python3.10/site-packages/airflow/example_dags/example_subdag_operator.py
[2024-06-14T01:03:32.305+0530] {logging_mixin.py:188} INFO - [2024-06-14T01:03:32.305+0530] {dag.py:3096} INFO - Sync 3 DAGs
[2024-06-14T01:03:32.325+0530] {logging_mixin.py:188} INFO - [2024-06-14T01:03:32.325+0530] {dag.py:3954} INFO - Setting next_dagrun for example_subdag_operator to 2022-01-01 00:00:00+00:00, run_after=2022-01-01 00:00:00+00:00
[2024-06-14T01:03:32.329+0530] {logging_mixin.py:188} INFO - [2024-06-14T01:03:32.329+0530] {dag.py:3954} INFO - Setting next_dagrun for example_subdag_operator.section-1 to None, run_after=None
[2024-06-14T01:03:32.330+0530] {logging_mixin.py:188} INFO - [2024-06-14T01:03:32.330+0530] {dag.py:3954} INFO - Setting next_dagrun for example_subdag_operator.section-2 to None, run_after=None
[2024-06-14T01:03:32.336+0530] {logging_mixin.py:188} INFO - [2024-06-14T01:03:32.336+0530] {dag.py:3096} INFO - Sync 2 DAGs
[2024-06-14T01:03:32.340+0530] {logging_mixin.py:188} INFO - [2024-06-14T01:03:32.340+0530] {dag.py:3954} INFO - Setting next_dagrun for example_subdag_operator.section-1 to None, run_after=None
[2024-06-14T01:03:32.341+0530] {logging_mixin.py:188} INFO - [2024-06-14T01:03:32.341+0530] {dag.py:3954} INFO - Setting next_dagrun for example_subdag_operator.section-2 to None, run_after=None
[2024-06-14T01:03:32.371+0530] {processor.py:183} INFO - Processing /home/wsl/airflow_venv/lib/python3.10/site-packages/airflow/example_dags/example_subdag_operator.py took 0.129 seconds
[2024-06-14T01:05:42.848+0530] {processor.py:161} INFO - Started process (PID=21777) to work on /home/wsl/airflow_venv/lib/python3.10/site-packages/airflow/example_dags/example_subdag_operator.py
[2024-06-14T01:05:42.850+0530] {processor.py:830} INFO - Processing file /home/wsl/airflow_venv/lib/python3.10/site-packages/airflow/example_dags/example_subdag_operator.py for tasks to queue
[2024-06-14T01:05:42.852+0530] {logging_mixin.py:188} INFO - [2024-06-14T01:05:42.852+0530] {dagbag.py:540} INFO - Filling up the DagBag from /home/wsl/airflow_venv/lib/python3.10/site-packages/airflow/example_dags/example_subdag_operator.py
[2024-06-14T01:05:42.882+0530] {processor.py:840} INFO - DAG(s) 'example_subdag_operator.section-1', 'example_subdag_operator.section-2', 'example_subdag_operator' retrieved from /home/wsl/airflow_venv/lib/python3.10/site-packages/airflow/example_dags/example_subdag_operator.py
[2024-06-14T01:05:42.898+0530] {logging_mixin.py:188} INFO - [2024-06-14T01:05:42.898+0530] {dag.py:3096} INFO - Sync 3 DAGs
[2024-06-14T01:05:42.919+0530] {logging_mixin.py:188} INFO - [2024-06-14T01:05:42.918+0530] {dag.py:3954} INFO - Setting next_dagrun for example_subdag_operator to 2022-01-01 00:00:00+00:00, run_after=2022-01-01 00:00:00+00:00
[2024-06-14T01:05:42.922+0530] {logging_mixin.py:188} INFO - [2024-06-14T01:05:42.922+0530] {dag.py:3954} INFO - Setting next_dagrun for example_subdag_operator.section-1 to None, run_after=None
[2024-06-14T01:05:42.923+0530] {logging_mixin.py:188} INFO - [2024-06-14T01:05:42.923+0530] {dag.py:3954} INFO - Setting next_dagrun for example_subdag_operator.section-2 to None, run_after=None
[2024-06-14T01:05:42.929+0530] {logging_mixin.py:188} INFO - [2024-06-14T01:05:42.929+0530] {dag.py:3096} INFO - Sync 2 DAGs
[2024-06-14T01:05:42.934+0530] {logging_mixin.py:188} INFO - [2024-06-14T01:05:42.934+0530] {dag.py:3954} INFO - Setting next_dagrun for example_subdag_operator.section-1 to None, run_after=None
[2024-06-14T01:05:42.934+0530] {logging_mixin.py:188} INFO - [2024-06-14T01:05:42.934+0530] {dag.py:3954} INFO - Setting next_dagrun for example_subdag_operator.section-2 to None, run_after=None
[2024-06-14T01:05:42.955+0530] {processor.py:183} INFO - Processing /home/wsl/airflow_venv/lib/python3.10/site-packages/airflow/example_dags/example_subdag_operator.py took 0.117 seconds
[2024-06-14T01:07:59.776+0530] {processor.py:161} INFO - Started process (PID=23023) to work on /home/wsl/airflow_venv/lib/python3.10/site-packages/airflow/example_dags/example_subdag_operator.py
[2024-06-14T01:07:59.778+0530] {processor.py:830} INFO - Processing file /home/wsl/airflow_venv/lib/python3.10/site-packages/airflow/example_dags/example_subdag_operator.py for tasks to queue
[2024-06-14T01:07:59.780+0530] {logging_mixin.py:188} INFO - [2024-06-14T01:07:59.780+0530] {dagbag.py:540} INFO - Filling up the DagBag from /home/wsl/airflow_venv/lib/python3.10/site-packages/airflow/example_dags/example_subdag_operator.py
[2024-06-14T01:07:59.803+0530] {processor.py:840} INFO - DAG(s) 'example_subdag_operator.section-1', 'example_subdag_operator.section-2', 'example_subdag_operator' retrieved from /home/wsl/airflow_venv/lib/python3.10/site-packages/airflow/example_dags/example_subdag_operator.py
[2024-06-14T01:07:59.819+0530] {logging_mixin.py:188} INFO - [2024-06-14T01:07:59.819+0530] {dag.py:3096} INFO - Sync 3 DAGs
[2024-06-14T01:07:59.840+0530] {logging_mixin.py:188} INFO - [2024-06-14T01:07:59.839+0530] {dag.py:3954} INFO - Setting next_dagrun for example_subdag_operator to 2022-01-01 00:00:00+00:00, run_after=2022-01-01 00:00:00+00:00
[2024-06-14T01:07:59.843+0530] {logging_mixin.py:188} INFO - [2024-06-14T01:07:59.843+0530] {dag.py:3954} INFO - Setting next_dagrun for example_subdag_operator.section-1 to None, run_after=None
[2024-06-14T01:07:59.844+0530] {logging_mixin.py:188} INFO - [2024-06-14T01:07:59.844+0530] {dag.py:3954} INFO - Setting next_dagrun for example_subdag_operator.section-2 to None, run_after=None
[2024-06-14T01:07:59.850+0530] {logging_mixin.py:188} INFO - [2024-06-14T01:07:59.850+0530] {dag.py:3096} INFO - Sync 2 DAGs
[2024-06-14T01:07:59.855+0530] {logging_mixin.py:188} INFO - [2024-06-14T01:07:59.855+0530] {dag.py:3954} INFO - Setting next_dagrun for example_subdag_operator.section-1 to None, run_after=None
[2024-06-14T01:07:59.856+0530] {logging_mixin.py:188} INFO - [2024-06-14T01:07:59.856+0530] {dag.py:3954} INFO - Setting next_dagrun for example_subdag_operator.section-2 to None, run_after=None
[2024-06-14T01:07:59.877+0530] {processor.py:183} INFO - Processing /home/wsl/airflow_venv/lib/python3.10/site-packages/airflow/example_dags/example_subdag_operator.py took 0.117 seconds
[2024-06-14T01:11:25.166+0530] {processor.py:161} INFO - Started process (PID=24438) to work on /home/wsl/airflow_venv/lib/python3.10/site-packages/airflow/example_dags/example_subdag_operator.py
[2024-06-14T01:11:25.172+0530] {processor.py:830} INFO - Processing file /home/wsl/airflow_venv/lib/python3.10/site-packages/airflow/example_dags/example_subdag_operator.py for tasks to queue
[2024-06-14T01:11:25.175+0530] {logging_mixin.py:188} INFO - [2024-06-14T01:11:25.174+0530] {dagbag.py:540} INFO - Filling up the DagBag from /home/wsl/airflow_venv/lib/python3.10/site-packages/airflow/example_dags/example_subdag_operator.py
[2024-06-14T01:11:25.547+0530] {processor.py:840} INFO - DAG(s) 'example_subdag_operator.section-1', 'example_subdag_operator.section-2', 'example_subdag_operator' retrieved from /home/wsl/airflow_venv/lib/python3.10/site-packages/airflow/example_dags/example_subdag_operator.py
[2024-06-14T01:11:25.586+0530] {logging_mixin.py:188} INFO - [2024-06-14T01:11:25.585+0530] {dag.py:3096} INFO - Sync 3 DAGs
[2024-06-14T01:11:25.620+0530] {logging_mixin.py:188} INFO - [2024-06-14T01:11:25.620+0530] {dag.py:3954} INFO - Setting next_dagrun for example_subdag_operator to 2022-01-01 00:00:00+00:00, run_after=2022-01-01 00:00:00+00:00
[2024-06-14T01:11:25.628+0530] {logging_mixin.py:188} INFO - [2024-06-14T01:11:25.628+0530] {dag.py:3954} INFO - Setting next_dagrun for example_subdag_operator.section-1 to None, run_after=None
[2024-06-14T01:11:25.630+0530] {logging_mixin.py:188} INFO - [2024-06-14T01:11:25.630+0530] {dag.py:3954} INFO - Setting next_dagrun for example_subdag_operator.section-2 to None, run_after=None
[2024-06-14T01:11:25.643+0530] {logging_mixin.py:188} INFO - [2024-06-14T01:11:25.642+0530] {dag.py:3096} INFO - Sync 2 DAGs
[2024-06-14T01:11:25.651+0530] {logging_mixin.py:188} INFO - [2024-06-14T01:11:25.651+0530] {dag.py:3954} INFO - Setting next_dagrun for example_subdag_operator.section-1 to None, run_after=None
[2024-06-14T01:11:25.652+0530] {logging_mixin.py:188} INFO - [2024-06-14T01:11:25.652+0530] {dag.py:3954} INFO - Setting next_dagrun for example_subdag_operator.section-2 to None, run_after=None
[2024-06-14T01:11:25.845+0530] {processor.py:183} INFO - Processing /home/wsl/airflow_venv/lib/python3.10/site-packages/airflow/example_dags/example_subdag_operator.py took 0.691 seconds
[2024-06-14T01:13:39.276+0530] {processor.py:161} INFO - Started process (PID=25687) to work on /home/wsl/airflow_venv/lib/python3.10/site-packages/airflow/example_dags/example_subdag_operator.py
[2024-06-14T01:13:39.289+0530] {processor.py:830} INFO - Processing file /home/wsl/airflow_venv/lib/python3.10/site-packages/airflow/example_dags/example_subdag_operator.py for tasks to queue
[2024-06-14T01:13:39.294+0530] {logging_mixin.py:188} INFO - [2024-06-14T01:13:39.293+0530] {dagbag.py:540} INFO - Filling up the DagBag from /home/wsl/airflow_venv/lib/python3.10/site-packages/airflow/example_dags/example_subdag_operator.py
[2024-06-14T01:13:40.986+0530] {processor.py:840} INFO - DAG(s) 'example_subdag_operator.section-1', 'example_subdag_operator.section-2', 'example_subdag_operator' retrieved from /home/wsl/airflow_venv/lib/python3.10/site-packages/airflow/example_dags/example_subdag_operator.py
[2024-06-14T01:13:41.023+0530] {logging_mixin.py:188} INFO - [2024-06-14T01:13:41.022+0530] {dag.py:3096} INFO - Sync 3 DAGs
[2024-06-14T01:13:41.047+0530] {logging_mixin.py:188} INFO - [2024-06-14T01:13:41.047+0530] {dag.py:3954} INFO - Setting next_dagrun for example_subdag_operator to 2022-01-01 00:00:00+00:00, run_after=2022-01-01 00:00:00+00:00
[2024-06-14T01:13:41.051+0530] {logging_mixin.py:188} INFO - [2024-06-14T01:13:41.051+0530] {dag.py:3954} INFO - Setting next_dagrun for example_subdag_operator.section-1 to None, run_after=None
[2024-06-14T01:13:41.052+0530] {logging_mixin.py:188} INFO - [2024-06-14T01:13:41.052+0530] {dag.py:3954} INFO - Setting next_dagrun for example_subdag_operator.section-2 to None, run_after=None
[2024-06-14T01:13:41.059+0530] {logging_mixin.py:188} INFO - [2024-06-14T01:13:41.058+0530] {dag.py:3096} INFO - Sync 2 DAGs
[2024-06-14T01:13:41.063+0530] {logging_mixin.py:188} INFO - [2024-06-14T01:13:41.063+0530] {dag.py:3954} INFO - Setting next_dagrun for example_subdag_operator.section-1 to None, run_after=None
[2024-06-14T01:13:41.064+0530] {logging_mixin.py:188} INFO - [2024-06-14T01:13:41.064+0530] {dag.py:3954} INFO - Setting next_dagrun for example_subdag_operator.section-2 to None, run_after=None
[2024-06-14T01:13:41.736+0530] {processor.py:183} INFO - Processing /home/wsl/airflow_venv/lib/python3.10/site-packages/airflow/example_dags/example_subdag_operator.py took 2.471 seconds
[2024-06-14T01:20:33.994+0530] {processor.py:161} INFO - Started process (PID=27785) to work on /home/wsl/airflow_venv/lib/python3.10/site-packages/airflow/example_dags/example_subdag_operator.py
[2024-06-14T01:20:33.996+0530] {processor.py:830} INFO - Processing file /home/wsl/airflow_venv/lib/python3.10/site-packages/airflow/example_dags/example_subdag_operator.py for tasks to queue
[2024-06-14T01:20:33.998+0530] {logging_mixin.py:188} INFO - [2024-06-14T01:20:33.997+0530] {dagbag.py:540} INFO - Filling up the DagBag from /home/wsl/airflow_venv/lib/python3.10/site-packages/airflow/example_dags/example_subdag_operator.py
[2024-06-14T01:20:34.034+0530] {processor.py:840} INFO - DAG(s) 'example_subdag_operator.section-1', 'example_subdag_operator.section-2', 'example_subdag_operator' retrieved from /home/wsl/airflow_venv/lib/python3.10/site-packages/airflow/example_dags/example_subdag_operator.py
[2024-06-14T01:20:34.056+0530] {logging_mixin.py:188} INFO - [2024-06-14T01:20:34.056+0530] {dag.py:3096} INFO - Sync 3 DAGs
[2024-06-14T01:20:34.074+0530] {logging_mixin.py:188} INFO - [2024-06-14T01:20:34.074+0530] {dag.py:3954} INFO - Setting next_dagrun for example_subdag_operator to 2022-01-01 00:00:00+00:00, run_after=2022-01-01 00:00:00+00:00
[2024-06-14T01:20:34.077+0530] {logging_mixin.py:188} INFO - [2024-06-14T01:20:34.077+0530] {dag.py:3954} INFO - Setting next_dagrun for example_subdag_operator.section-1 to None, run_after=None
[2024-06-14T01:20:34.078+0530] {logging_mixin.py:188} INFO - [2024-06-14T01:20:34.078+0530] {dag.py:3954} INFO - Setting next_dagrun for example_subdag_operator.section-2 to None, run_after=None
[2024-06-14T01:20:34.085+0530] {logging_mixin.py:188} INFO - [2024-06-14T01:20:34.084+0530] {dag.py:3096} INFO - Sync 2 DAGs
[2024-06-14T01:20:34.089+0530] {logging_mixin.py:188} INFO - [2024-06-14T01:20:34.089+0530] {dag.py:3954} INFO - Setting next_dagrun for example_subdag_operator.section-1 to None, run_after=None
[2024-06-14T01:20:34.090+0530] {logging_mixin.py:188} INFO - [2024-06-14T01:20:34.089+0530] {dag.py:3954} INFO - Setting next_dagrun for example_subdag_operator.section-2 to None, run_after=None
[2024-06-14T01:20:34.108+0530] {processor.py:183} INFO - Processing /home/wsl/airflow_venv/lib/python3.10/site-packages/airflow/example_dags/example_subdag_operator.py took 0.122 seconds
