[2024-06-14T00:55:43.043+0530] {processor.py:161} INFO - Started process (PID=16396) to work on /home/wsl/airflow_venv/lib/python3.10/site-packages/airflow/example_dags/example_datasets.py
[2024-06-14T00:55:43.047+0530] {processor.py:830} INFO - Processing file /home/wsl/airflow_venv/lib/python3.10/site-packages/airflow/example_dags/example_datasets.py for tasks to queue
[2024-06-14T00:55:43.052+0530] {logging_mixin.py:188} INFO - [2024-06-14T00:55:43.051+0530] {dagbag.py:540} INFO - Filling up the DagBag from /home/wsl/airflow_venv/lib/python3.10/site-packages/airflow/example_dags/example_datasets.py
[2024-06-14T00:55:43.099+0530] {processor.py:840} INFO - DAG(s) 'consume_1_or_both_2_and_3_with_dataset_expressions', 'dataset_consumes_1', 'consume_1_and_2_with_dataset_expressions', 'consume_1_or_2_with_dataset_expressions', 'dataset_produces_1', 'conditional_dataset_and_time_based_timetable', 'dataset_consumes_1_and_2', 'dataset_consumes_unknown_never_scheduled', 'dataset_produces_2', 'dataset_consumes_1_never_scheduled' retrieved from /home/wsl/airflow_venv/lib/python3.10/site-packages/airflow/example_dags/example_datasets.py
[2024-06-14T00:55:43.640+0530] {logging_mixin.py:188} INFO - [2024-06-14T00:55:43.640+0530] {dag.py:3096} INFO - Sync 10 DAGs
[2024-06-14T00:55:43.666+0530] {logging_mixin.py:188} INFO - [2024-06-14T00:55:43.666+0530] {dag.py:3954} INFO - Setting next_dagrun for conditional_dataset_and_time_based_timetable to 2024-06-12 01:00:00+00:00, run_after=2024-06-12 01:00:00+00:00
[2024-06-14T00:55:43.671+0530] {logging_mixin.py:188} INFO - [2024-06-14T00:55:43.670+0530] {dag.py:3954} INFO - Setting next_dagrun for consume_1_and_2_with_dataset_expressions to None, run_after=None
[2024-06-14T00:55:43.673+0530] {logging_mixin.py:188} INFO - [2024-06-14T00:55:43.672+0530] {dag.py:3954} INFO - Setting next_dagrun for consume_1_or_2_with_dataset_expressions to None, run_after=None
[2024-06-14T00:55:43.675+0530] {logging_mixin.py:188} INFO - [2024-06-14T00:55:43.674+0530] {dag.py:3954} INFO - Setting next_dagrun for consume_1_or_both_2_and_3_with_dataset_expressions to None, run_after=None
[2024-06-14T00:55:43.677+0530] {logging_mixin.py:188} INFO - [2024-06-14T00:55:43.676+0530] {dag.py:3954} INFO - Setting next_dagrun for dataset_consumes_1 to None, run_after=None
[2024-06-14T00:55:43.679+0530] {logging_mixin.py:188} INFO - [2024-06-14T00:55:43.679+0530] {dag.py:3954} INFO - Setting next_dagrun for dataset_consumes_1_and_2 to None, run_after=None
[2024-06-14T00:55:43.682+0530] {logging_mixin.py:188} INFO - [2024-06-14T00:55:43.681+0530] {dag.py:3954} INFO - Setting next_dagrun for dataset_consumes_1_never_scheduled to None, run_after=None
[2024-06-14T00:55:43.684+0530] {logging_mixin.py:188} INFO - [2024-06-14T00:55:43.683+0530] {dag.py:3954} INFO - Setting next_dagrun for dataset_consumes_unknown_never_scheduled to None, run_after=None
[2024-06-14T00:55:43.688+0530] {logging_mixin.py:188} INFO - [2024-06-14T00:55:43.688+0530] {dag.py:3954} INFO - Setting next_dagrun for dataset_produces_1 to 2024-06-12 00:00:00+00:00, run_after=2024-06-13 00:00:00+00:00
[2024-06-14T00:55:43.690+0530] {logging_mixin.py:188} INFO - [2024-06-14T00:55:43.690+0530] {dag.py:3954} INFO - Setting next_dagrun for dataset_produces_2 to None, run_after=None
[2024-06-14T00:55:43.759+0530] {processor.py:183} INFO - Processing /home/wsl/airflow_venv/lib/python3.10/site-packages/airflow/example_dags/example_datasets.py took 0.732 seconds
[2024-06-14T00:59:43.647+0530] {processor.py:161} INFO - Started process (PID=18363) to work on /home/wsl/airflow_venv/lib/python3.10/site-packages/airflow/example_dags/example_datasets.py
[2024-06-14T00:59:43.649+0530] {processor.py:830} INFO - Processing file /home/wsl/airflow_venv/lib/python3.10/site-packages/airflow/example_dags/example_datasets.py for tasks to queue
[2024-06-14T00:59:43.652+0530] {logging_mixin.py:188} INFO - [2024-06-14T00:59:43.651+0530] {dagbag.py:540} INFO - Filling up the DagBag from /home/wsl/airflow_venv/lib/python3.10/site-packages/airflow/example_dags/example_datasets.py
[2024-06-14T00:59:43.687+0530] {processor.py:840} INFO - DAG(s) 'dataset_consumes_1_never_scheduled', 'conditional_dataset_and_time_based_timetable', 'dataset_produces_2', 'dataset_consumes_unknown_never_scheduled', 'consume_1_or_both_2_and_3_with_dataset_expressions', 'dataset_consumes_1_and_2', 'dataset_consumes_1', 'consume_1_and_2_with_dataset_expressions', 'dataset_produces_1', 'consume_1_or_2_with_dataset_expressions' retrieved from /home/wsl/airflow_venv/lib/python3.10/site-packages/airflow/example_dags/example_datasets.py
[2024-06-14T00:59:43.740+0530] {logging_mixin.py:188} INFO - [2024-06-14T00:59:43.740+0530] {dag.py:3096} INFO - Sync 10 DAGs
[2024-06-14T00:59:43.865+0530] {logging_mixin.py:188} INFO - [2024-06-14T00:59:43.865+0530] {dag.py:3954} INFO - Setting next_dagrun for conditional_dataset_and_time_based_timetable to 2024-06-12 01:00:00+00:00, run_after=2024-06-12 01:00:00+00:00
[2024-06-14T00:59:43.869+0530] {logging_mixin.py:188} INFO - [2024-06-14T00:59:43.868+0530] {dag.py:3954} INFO - Setting next_dagrun for consume_1_and_2_with_dataset_expressions to None, run_after=None
[2024-06-14T00:59:43.870+0530] {logging_mixin.py:188} INFO - [2024-06-14T00:59:43.870+0530] {dag.py:3954} INFO - Setting next_dagrun for consume_1_or_2_with_dataset_expressions to None, run_after=None
[2024-06-14T00:59:43.875+0530] {logging_mixin.py:188} INFO - [2024-06-14T00:59:43.875+0530] {dag.py:3954} INFO - Setting next_dagrun for consume_1_or_both_2_and_3_with_dataset_expressions to None, run_after=None
[2024-06-14T00:59:43.877+0530] {logging_mixin.py:188} INFO - [2024-06-14T00:59:43.876+0530] {dag.py:3954} INFO - Setting next_dagrun for dataset_consumes_1 to None, run_after=None
[2024-06-14T00:59:43.878+0530] {logging_mixin.py:188} INFO - [2024-06-14T00:59:43.878+0530] {dag.py:3954} INFO - Setting next_dagrun for dataset_consumes_1_and_2 to None, run_after=None
[2024-06-14T00:59:43.879+0530] {logging_mixin.py:188} INFO - [2024-06-14T00:59:43.879+0530] {dag.py:3954} INFO - Setting next_dagrun for dataset_consumes_1_never_scheduled to None, run_after=None
[2024-06-14T00:59:43.880+0530] {logging_mixin.py:188} INFO - [2024-06-14T00:59:43.880+0530] {dag.py:3954} INFO - Setting next_dagrun for dataset_consumes_unknown_never_scheduled to None, run_after=None
[2024-06-14T00:59:43.883+0530] {logging_mixin.py:188} INFO - [2024-06-14T00:59:43.883+0530] {dag.py:3954} INFO - Setting next_dagrun for dataset_produces_1 to 2024-06-12 00:00:00+00:00, run_after=2024-06-13 00:00:00+00:00
[2024-06-14T00:59:43.885+0530] {logging_mixin.py:188} INFO - [2024-06-14T00:59:43.885+0530] {dag.py:3954} INFO - Setting next_dagrun for dataset_produces_2 to None, run_after=None
[2024-06-14T00:59:43.921+0530] {processor.py:183} INFO - Processing /home/wsl/airflow_venv/lib/python3.10/site-packages/airflow/example_dags/example_datasets.py took 0.295 seconds
[2024-06-14T01:02:02.437+0530] {processor.py:161} INFO - Started process (PID=19592) to work on /home/wsl/airflow_venv/lib/python3.10/site-packages/airflow/example_dags/example_datasets.py
[2024-06-14T01:02:02.438+0530] {processor.py:830} INFO - Processing file /home/wsl/airflow_venv/lib/python3.10/site-packages/airflow/example_dags/example_datasets.py for tasks to queue
[2024-06-14T01:02:02.440+0530] {logging_mixin.py:188} INFO - [2024-06-14T01:02:02.440+0530] {dagbag.py:540} INFO - Filling up the DagBag from /home/wsl/airflow_venv/lib/python3.10/site-packages/airflow/example_dags/example_datasets.py
[2024-06-14T01:02:02.454+0530] {processor.py:840} INFO - DAG(s) 'dataset_consumes_1_never_scheduled', 'dataset_consumes_1', 'dataset_produces_1', 'dataset_produces_2', 'consume_1_or_both_2_and_3_with_dataset_expressions', 'dataset_consumes_unknown_never_scheduled', 'consume_1_or_2_with_dataset_expressions', 'conditional_dataset_and_time_based_timetable', 'consume_1_and_2_with_dataset_expressions', 'dataset_consumes_1_and_2' retrieved from /home/wsl/airflow_venv/lib/python3.10/site-packages/airflow/example_dags/example_datasets.py
[2024-06-14T01:02:02.498+0530] {logging_mixin.py:188} INFO - [2024-06-14T01:02:02.498+0530] {dag.py:3096} INFO - Sync 10 DAGs
[2024-06-14T01:02:02.523+0530] {logging_mixin.py:188} INFO - [2024-06-14T01:02:02.523+0530] {dag.py:3954} INFO - Setting next_dagrun for conditional_dataset_and_time_based_timetable to 2024-06-12 01:00:00+00:00, run_after=2024-06-12 01:00:00+00:00
[2024-06-14T01:02:02.527+0530] {logging_mixin.py:188} INFO - [2024-06-14T01:02:02.527+0530] {dag.py:3954} INFO - Setting next_dagrun for consume_1_and_2_with_dataset_expressions to None, run_after=None
[2024-06-14T01:02:02.528+0530] {logging_mixin.py:188} INFO - [2024-06-14T01:02:02.528+0530] {dag.py:3954} INFO - Setting next_dagrun for consume_1_or_2_with_dataset_expressions to None, run_after=None
[2024-06-14T01:02:02.529+0530] {logging_mixin.py:188} INFO - [2024-06-14T01:02:02.529+0530] {dag.py:3954} INFO - Setting next_dagrun for consume_1_or_both_2_and_3_with_dataset_expressions to None, run_after=None
[2024-06-14T01:02:02.530+0530] {logging_mixin.py:188} INFO - [2024-06-14T01:02:02.530+0530] {dag.py:3954} INFO - Setting next_dagrun for dataset_consumes_1 to None, run_after=None
[2024-06-14T01:02:02.531+0530] {logging_mixin.py:188} INFO - [2024-06-14T01:02:02.531+0530] {dag.py:3954} INFO - Setting next_dagrun for dataset_consumes_1_and_2 to None, run_after=None
[2024-06-14T01:02:02.532+0530] {logging_mixin.py:188} INFO - [2024-06-14T01:02:02.532+0530] {dag.py:3954} INFO - Setting next_dagrun for dataset_consumes_1_never_scheduled to None, run_after=None
[2024-06-14T01:02:02.534+0530] {logging_mixin.py:188} INFO - [2024-06-14T01:02:02.533+0530] {dag.py:3954} INFO - Setting next_dagrun for dataset_consumes_unknown_never_scheduled to None, run_after=None
[2024-06-14T01:02:02.536+0530] {logging_mixin.py:188} INFO - [2024-06-14T01:02:02.536+0530] {dag.py:3954} INFO - Setting next_dagrun for dataset_produces_1 to 2024-06-12 00:00:00+00:00, run_after=2024-06-13 00:00:00+00:00
[2024-06-14T01:02:02.537+0530] {logging_mixin.py:188} INFO - [2024-06-14T01:02:02.537+0530] {dag.py:3954} INFO - Setting next_dagrun for dataset_produces_2 to None, run_after=None
[2024-06-14T01:02:02.579+0530] {processor.py:183} INFO - Processing /home/wsl/airflow_venv/lib/python3.10/site-packages/airflow/example_dags/example_datasets.py took 0.151 seconds
[2024-06-14T01:04:51.923+0530] {processor.py:161} INFO - Started process (PID=21245) to work on /home/wsl/airflow_venv/lib/python3.10/site-packages/airflow/example_dags/example_datasets.py
[2024-06-14T01:04:51.925+0530] {processor.py:830} INFO - Processing file /home/wsl/airflow_venv/lib/python3.10/site-packages/airflow/example_dags/example_datasets.py for tasks to queue
[2024-06-14T01:04:51.927+0530] {logging_mixin.py:188} INFO - [2024-06-14T01:04:51.926+0530] {dagbag.py:540} INFO - Filling up the DagBag from /home/wsl/airflow_venv/lib/python3.10/site-packages/airflow/example_dags/example_datasets.py
[2024-06-14T01:04:51.943+0530] {processor.py:840} INFO - DAG(s) 'dataset_produces_2', 'dataset_consumes_unknown_never_scheduled', 'dataset_produces_1', 'consume_1_and_2_with_dataset_expressions', 'consume_1_or_both_2_and_3_with_dataset_expressions', 'dataset_consumes_1_never_scheduled', 'consume_1_or_2_with_dataset_expressions', 'dataset_consumes_1_and_2', 'conditional_dataset_and_time_based_timetable', 'dataset_consumes_1' retrieved from /home/wsl/airflow_venv/lib/python3.10/site-packages/airflow/example_dags/example_datasets.py
[2024-06-14T01:04:51.990+0530] {logging_mixin.py:188} INFO - [2024-06-14T01:04:51.990+0530] {dag.py:3096} INFO - Sync 10 DAGs
[2024-06-14T01:04:52.016+0530] {logging_mixin.py:188} INFO - [2024-06-14T01:04:52.016+0530] {dag.py:3954} INFO - Setting next_dagrun for conditional_dataset_and_time_based_timetable to 2024-06-12 01:00:00+00:00, run_after=2024-06-12 01:00:00+00:00
[2024-06-14T01:04:52.020+0530] {logging_mixin.py:188} INFO - [2024-06-14T01:04:52.020+0530] {dag.py:3954} INFO - Setting next_dagrun for consume_1_and_2_with_dataset_expressions to None, run_after=None
[2024-06-14T01:04:52.021+0530] {logging_mixin.py:188} INFO - [2024-06-14T01:04:52.021+0530] {dag.py:3954} INFO - Setting next_dagrun for consume_1_or_2_with_dataset_expressions to None, run_after=None
[2024-06-14T01:04:52.022+0530] {logging_mixin.py:188} INFO - [2024-06-14T01:04:52.022+0530] {dag.py:3954} INFO - Setting next_dagrun for consume_1_or_both_2_and_3_with_dataset_expressions to None, run_after=None
[2024-06-14T01:04:52.023+0530] {logging_mixin.py:188} INFO - [2024-06-14T01:04:52.023+0530] {dag.py:3954} INFO - Setting next_dagrun for dataset_consumes_1 to None, run_after=None
[2024-06-14T01:04:52.025+0530] {logging_mixin.py:188} INFO - [2024-06-14T01:04:52.025+0530] {dag.py:3954} INFO - Setting next_dagrun for dataset_consumes_1_and_2 to None, run_after=None
[2024-06-14T01:04:52.026+0530] {logging_mixin.py:188} INFO - [2024-06-14T01:04:52.026+0530] {dag.py:3954} INFO - Setting next_dagrun for dataset_consumes_1_never_scheduled to None, run_after=None
[2024-06-14T01:04:52.027+0530] {logging_mixin.py:188} INFO - [2024-06-14T01:04:52.027+0530] {dag.py:3954} INFO - Setting next_dagrun for dataset_consumes_unknown_never_scheduled to None, run_after=None
[2024-06-14T01:04:52.031+0530] {logging_mixin.py:188} INFO - [2024-06-14T01:04:52.031+0530] {dag.py:3954} INFO - Setting next_dagrun for dataset_produces_1 to 2024-06-12 00:00:00+00:00, run_after=2024-06-13 00:00:00+00:00
[2024-06-14T01:04:52.033+0530] {logging_mixin.py:188} INFO - [2024-06-14T01:04:52.033+0530] {dag.py:3954} INFO - Setting next_dagrun for dataset_produces_2 to None, run_after=None
[2024-06-14T01:04:52.075+0530] {processor.py:183} INFO - Processing /home/wsl/airflow_venv/lib/python3.10/site-packages/airflow/example_dags/example_datasets.py took 0.160 seconds
[2024-06-14T01:07:04.583+0530] {processor.py:161} INFO - Started process (PID=22450) to work on /home/wsl/airflow_venv/lib/python3.10/site-packages/airflow/example_dags/example_datasets.py
[2024-06-14T01:07:04.584+0530] {processor.py:830} INFO - Processing file /home/wsl/airflow_venv/lib/python3.10/site-packages/airflow/example_dags/example_datasets.py for tasks to queue
[2024-06-14T01:07:04.586+0530] {logging_mixin.py:188} INFO - [2024-06-14T01:07:04.586+0530] {dagbag.py:540} INFO - Filling up the DagBag from /home/wsl/airflow_venv/lib/python3.10/site-packages/airflow/example_dags/example_datasets.py
[2024-06-14T01:07:04.603+0530] {processor.py:840} INFO - DAG(s) 'dataset_consumes_1', 'dataset_produces_2', 'consume_1_or_2_with_dataset_expressions', 'dataset_consumes_1_never_scheduled', 'conditional_dataset_and_time_based_timetable', 'consume_1_and_2_with_dataset_expressions', 'dataset_consumes_unknown_never_scheduled', 'dataset_consumes_1_and_2', 'dataset_produces_1', 'consume_1_or_both_2_and_3_with_dataset_expressions' retrieved from /home/wsl/airflow_venv/lib/python3.10/site-packages/airflow/example_dags/example_datasets.py
[2024-06-14T01:07:04.670+0530] {logging_mixin.py:188} INFO - [2024-06-14T01:07:04.670+0530] {dag.py:3096} INFO - Sync 10 DAGs
[2024-06-14T01:07:04.704+0530] {logging_mixin.py:188} INFO - [2024-06-14T01:07:04.704+0530] {dag.py:3954} INFO - Setting next_dagrun for conditional_dataset_and_time_based_timetable to 2024-06-12 01:00:00+00:00, run_after=2024-06-12 01:00:00+00:00
[2024-06-14T01:07:04.708+0530] {logging_mixin.py:188} INFO - [2024-06-14T01:07:04.707+0530] {dag.py:3954} INFO - Setting next_dagrun for consume_1_and_2_with_dataset_expressions to None, run_after=None
[2024-06-14T01:07:04.709+0530] {logging_mixin.py:188} INFO - [2024-06-14T01:07:04.709+0530] {dag.py:3954} INFO - Setting next_dagrun for consume_1_or_2_with_dataset_expressions to None, run_after=None
[2024-06-14T01:07:04.712+0530] {logging_mixin.py:188} INFO - [2024-06-14T01:07:04.712+0530] {dag.py:3954} INFO - Setting next_dagrun for consume_1_or_both_2_and_3_with_dataset_expressions to None, run_after=None
[2024-06-14T01:07:04.713+0530] {logging_mixin.py:188} INFO - [2024-06-14T01:07:04.713+0530] {dag.py:3954} INFO - Setting next_dagrun for dataset_consumes_1 to None, run_after=None
[2024-06-14T01:07:04.715+0530] {logging_mixin.py:188} INFO - [2024-06-14T01:07:04.715+0530] {dag.py:3954} INFO - Setting next_dagrun for dataset_consumes_1_and_2 to None, run_after=None
[2024-06-14T01:07:04.718+0530] {logging_mixin.py:188} INFO - [2024-06-14T01:07:04.717+0530] {dag.py:3954} INFO - Setting next_dagrun for dataset_consumes_1_never_scheduled to None, run_after=None
[2024-06-14T01:07:04.721+0530] {logging_mixin.py:188} INFO - [2024-06-14T01:07:04.720+0530] {dag.py:3954} INFO - Setting next_dagrun for dataset_consumes_unknown_never_scheduled to None, run_after=None
[2024-06-14T01:07:04.726+0530] {logging_mixin.py:188} INFO - [2024-06-14T01:07:04.725+0530] {dag.py:3954} INFO - Setting next_dagrun for dataset_produces_1 to 2024-06-12 00:00:00+00:00, run_after=2024-06-13 00:00:00+00:00
[2024-06-14T01:07:04.728+0530] {logging_mixin.py:188} INFO - [2024-06-14T01:07:04.728+0530] {dag.py:3954} INFO - Setting next_dagrun for dataset_produces_2 to None, run_after=None
[2024-06-14T01:07:04.787+0530] {processor.py:183} INFO - Processing /home/wsl/airflow_venv/lib/python3.10/site-packages/airflow/example_dags/example_datasets.py took 0.216 seconds
[2024-06-14T01:10:17.605+0530] {processor.py:161} INFO - Started process (PID=23849) to work on /home/wsl/airflow_venv/lib/python3.10/site-packages/airflow/example_dags/example_datasets.py
[2024-06-14T01:10:17.608+0530] {processor.py:830} INFO - Processing file /home/wsl/airflow_venv/lib/python3.10/site-packages/airflow/example_dags/example_datasets.py for tasks to queue
[2024-06-14T01:10:17.612+0530] {logging_mixin.py:188} INFO - [2024-06-14T01:10:17.611+0530] {dagbag.py:540} INFO - Filling up the DagBag from /home/wsl/airflow_venv/lib/python3.10/site-packages/airflow/example_dags/example_datasets.py
[2024-06-14T01:10:17.626+0530] {processor.py:840} INFO - DAG(s) 'consume_1_and_2_with_dataset_expressions', 'consume_1_or_2_with_dataset_expressions', 'dataset_consumes_1_never_scheduled', 'dataset_produces_1', 'dataset_consumes_1_and_2', 'consume_1_or_both_2_and_3_with_dataset_expressions', 'dataset_consumes_unknown_never_scheduled', 'conditional_dataset_and_time_based_timetable', 'dataset_consumes_1', 'dataset_produces_2' retrieved from /home/wsl/airflow_venv/lib/python3.10/site-packages/airflow/example_dags/example_datasets.py
[2024-06-14T01:10:17.670+0530] {logging_mixin.py:188} INFO - [2024-06-14T01:10:17.670+0530] {dag.py:3096} INFO - Sync 10 DAGs
[2024-06-14T01:10:17.694+0530] {logging_mixin.py:188} INFO - [2024-06-14T01:10:17.694+0530] {dag.py:3954} INFO - Setting next_dagrun for conditional_dataset_and_time_based_timetable to 2024-06-12 01:00:00+00:00, run_after=2024-06-12 01:00:00+00:00
[2024-06-14T01:10:17.699+0530] {logging_mixin.py:188} INFO - [2024-06-14T01:10:17.699+0530] {dag.py:3954} INFO - Setting next_dagrun for consume_1_and_2_with_dataset_expressions to None, run_after=None
[2024-06-14T01:10:17.700+0530] {logging_mixin.py:188} INFO - [2024-06-14T01:10:17.700+0530] {dag.py:3954} INFO - Setting next_dagrun for consume_1_or_2_with_dataset_expressions to None, run_after=None
[2024-06-14T01:10:17.702+0530] {logging_mixin.py:188} INFO - [2024-06-14T01:10:17.701+0530] {dag.py:3954} INFO - Setting next_dagrun for consume_1_or_both_2_and_3_with_dataset_expressions to None, run_after=None
[2024-06-14T01:10:17.703+0530] {logging_mixin.py:188} INFO - [2024-06-14T01:10:17.703+0530] {dag.py:3954} INFO - Setting next_dagrun for dataset_consumes_1 to None, run_after=None
[2024-06-14T01:10:17.704+0530] {logging_mixin.py:188} INFO - [2024-06-14T01:10:17.704+0530] {dag.py:3954} INFO - Setting next_dagrun for dataset_consumes_1_and_2 to None, run_after=None
[2024-06-14T01:10:17.705+0530] {logging_mixin.py:188} INFO - [2024-06-14T01:10:17.705+0530] {dag.py:3954} INFO - Setting next_dagrun for dataset_consumes_1_never_scheduled to None, run_after=None
[2024-06-14T01:10:17.706+0530] {logging_mixin.py:188} INFO - [2024-06-14T01:10:17.706+0530] {dag.py:3954} INFO - Setting next_dagrun for dataset_consumes_unknown_never_scheduled to None, run_after=None
[2024-06-14T01:10:17.708+0530] {logging_mixin.py:188} INFO - [2024-06-14T01:10:17.708+0530] {dag.py:3954} INFO - Setting next_dagrun for dataset_produces_1 to 2024-06-12 00:00:00+00:00, run_after=2024-06-13 00:00:00+00:00
[2024-06-14T01:10:17.709+0530] {logging_mixin.py:188} INFO - [2024-06-14T01:10:17.709+0530] {dag.py:3954} INFO - Setting next_dagrun for dataset_produces_2 to None, run_after=None
[2024-06-14T01:10:17.749+0530] {processor.py:183} INFO - Processing /home/wsl/airflow_venv/lib/python3.10/site-packages/airflow/example_dags/example_datasets.py took 0.156 seconds
[2024-06-14T01:14:15.230+0530] {processor.py:161} INFO - Started process (PID=25892) to work on /home/wsl/airflow_venv/lib/python3.10/site-packages/airflow/example_dags/example_datasets.py
[2024-06-14T01:14:15.232+0530] {processor.py:830} INFO - Processing file /home/wsl/airflow_venv/lib/python3.10/site-packages/airflow/example_dags/example_datasets.py for tasks to queue
[2024-06-14T01:14:15.235+0530] {logging_mixin.py:188} INFO - [2024-06-14T01:14:15.234+0530] {dagbag.py:540} INFO - Filling up the DagBag from /home/wsl/airflow_venv/lib/python3.10/site-packages/airflow/example_dags/example_datasets.py
[2024-06-14T01:14:15.254+0530] {processor.py:840} INFO - DAG(s) 'consume_1_or_both_2_and_3_with_dataset_expressions', 'dataset_produces_1', 'dataset_consumes_1_never_scheduled', 'dataset_consumes_unknown_never_scheduled', 'dataset_produces_2', 'consume_1_and_2_with_dataset_expressions', 'dataset_consumes_1', 'consume_1_or_2_with_dataset_expressions', 'conditional_dataset_and_time_based_timetable', 'dataset_consumes_1_and_2' retrieved from /home/wsl/airflow_venv/lib/python3.10/site-packages/airflow/example_dags/example_datasets.py
[2024-06-14T01:14:15.296+0530] {logging_mixin.py:188} INFO - [2024-06-14T01:14:15.296+0530] {dag.py:3096} INFO - Sync 10 DAGs
[2024-06-14T01:14:15.321+0530] {logging_mixin.py:188} INFO - [2024-06-14T01:14:15.321+0530] {dag.py:3954} INFO - Setting next_dagrun for conditional_dataset_and_time_based_timetable to 2024-06-12 01:00:00+00:00, run_after=2024-06-12 01:00:00+00:00
[2024-06-14T01:14:15.325+0530] {logging_mixin.py:188} INFO - [2024-06-14T01:14:15.325+0530] {dag.py:3954} INFO - Setting next_dagrun for consume_1_and_2_with_dataset_expressions to None, run_after=None
[2024-06-14T01:14:15.326+0530] {logging_mixin.py:188} INFO - [2024-06-14T01:14:15.326+0530] {dag.py:3954} INFO - Setting next_dagrun for consume_1_or_2_with_dataset_expressions to None, run_after=None
[2024-06-14T01:14:15.328+0530] {logging_mixin.py:188} INFO - [2024-06-14T01:14:15.327+0530] {dag.py:3954} INFO - Setting next_dagrun for consume_1_or_both_2_and_3_with_dataset_expressions to None, run_after=None
[2024-06-14T01:14:15.329+0530] {logging_mixin.py:188} INFO - [2024-06-14T01:14:15.328+0530] {dag.py:3954} INFO - Setting next_dagrun for dataset_consumes_1 to None, run_after=None
[2024-06-14T01:14:15.330+0530] {logging_mixin.py:188} INFO - [2024-06-14T01:14:15.329+0530] {dag.py:3954} INFO - Setting next_dagrun for dataset_consumes_1_and_2 to None, run_after=None
[2024-06-14T01:14:15.331+0530] {logging_mixin.py:188} INFO - [2024-06-14T01:14:15.330+0530] {dag.py:3954} INFO - Setting next_dagrun for dataset_consumes_1_never_scheduled to None, run_after=None
[2024-06-14T01:14:15.332+0530] {logging_mixin.py:188} INFO - [2024-06-14T01:14:15.332+0530] {dag.py:3954} INFO - Setting next_dagrun for dataset_consumes_unknown_never_scheduled to None, run_after=None
[2024-06-14T01:14:15.335+0530] {logging_mixin.py:188} INFO - [2024-06-14T01:14:15.334+0530] {dag.py:3954} INFO - Setting next_dagrun for dataset_produces_1 to 2024-06-12 00:00:00+00:00, run_after=2024-06-13 00:00:00+00:00
[2024-06-14T01:14:15.336+0530] {logging_mixin.py:188} INFO - [2024-06-14T01:14:15.336+0530] {dag.py:3954} INFO - Setting next_dagrun for dataset_produces_2 to None, run_after=None
[2024-06-14T01:14:15.377+0530] {processor.py:183} INFO - Processing /home/wsl/airflow_venv/lib/python3.10/site-packages/airflow/example_dags/example_datasets.py took 0.158 seconds
[2024-06-14T01:21:22.974+0530] {processor.py:161} INFO - Started process (PID=28080) to work on /home/wsl/airflow_venv/lib/python3.10/site-packages/airflow/example_dags/example_datasets.py
[2024-06-14T01:21:23.071+0530] {processor.py:830} INFO - Processing file /home/wsl/airflow_venv/lib/python3.10/site-packages/airflow/example_dags/example_datasets.py for tasks to queue
[2024-06-14T01:21:23.121+0530] {logging_mixin.py:188} INFO - [2024-06-14T01:21:23.110+0530] {dagbag.py:540} INFO - Filling up the DagBag from /home/wsl/airflow_venv/lib/python3.10/site-packages/airflow/example_dags/example_datasets.py
[2024-06-14T01:21:25.641+0530] {processor.py:840} INFO - DAG(s) 'dataset_produces_2', 'conditional_dataset_and_time_based_timetable', 'consume_1_or_both_2_and_3_with_dataset_expressions', 'dataset_consumes_1_never_scheduled', 'dataset_consumes_1', 'dataset_produces_1', 'dataset_consumes_1_and_2', 'consume_1_and_2_with_dataset_expressions', 'consume_1_or_2_with_dataset_expressions', 'dataset_consumes_unknown_never_scheduled' retrieved from /home/wsl/airflow_venv/lib/python3.10/site-packages/airflow/example_dags/example_datasets.py
[2024-06-14T01:21:26.055+0530] {logging_mixin.py:188} INFO - [2024-06-14T01:21:26.055+0530] {dag.py:3096} INFO - Sync 10 DAGs
[2024-06-14T01:21:26.185+0530] {logging_mixin.py:188} INFO - [2024-06-14T01:21:26.183+0530] {dag.py:3954} INFO - Setting next_dagrun for conditional_dataset_and_time_based_timetable to 2024-06-12 01:00:00+00:00, run_after=2024-06-12 01:00:00+00:00
[2024-06-14T01:21:26.193+0530] {logging_mixin.py:188} INFO - [2024-06-14T01:21:26.193+0530] {dag.py:3954} INFO - Setting next_dagrun for consume_1_and_2_with_dataset_expressions to None, run_after=None
[2024-06-14T01:21:26.196+0530] {logging_mixin.py:188} INFO - [2024-06-14T01:21:26.195+0530] {dag.py:3954} INFO - Setting next_dagrun for consume_1_or_2_with_dataset_expressions to None, run_after=None
[2024-06-14T01:21:26.198+0530] {logging_mixin.py:188} INFO - [2024-06-14T01:21:26.198+0530] {dag.py:3954} INFO - Setting next_dagrun for consume_1_or_both_2_and_3_with_dataset_expressions to None, run_after=None
[2024-06-14T01:21:26.201+0530] {logging_mixin.py:188} INFO - [2024-06-14T01:21:26.200+0530] {dag.py:3954} INFO - Setting next_dagrun for dataset_consumes_1 to None, run_after=None
[2024-06-14T01:21:26.203+0530] {logging_mixin.py:188} INFO - [2024-06-14T01:21:26.203+0530] {dag.py:3954} INFO - Setting next_dagrun for dataset_consumes_1_and_2 to None, run_after=None
[2024-06-14T01:21:26.206+0530] {logging_mixin.py:188} INFO - [2024-06-14T01:21:26.206+0530] {dag.py:3954} INFO - Setting next_dagrun for dataset_consumes_1_never_scheduled to None, run_after=None
[2024-06-14T01:21:26.209+0530] {logging_mixin.py:188} INFO - [2024-06-14T01:21:26.208+0530] {dag.py:3954} INFO - Setting next_dagrun for dataset_consumes_unknown_never_scheduled to None, run_after=None
[2024-06-14T01:21:26.213+0530] {logging_mixin.py:188} INFO - [2024-06-14T01:21:26.213+0530] {dag.py:3954} INFO - Setting next_dagrun for dataset_produces_1 to 2024-06-12 00:00:00+00:00, run_after=2024-06-13 00:00:00+00:00
[2024-06-14T01:21:26.215+0530] {logging_mixin.py:188} INFO - [2024-06-14T01:21:26.215+0530] {dag.py:3954} INFO - Setting next_dagrun for dataset_produces_2 to None, run_after=None
[2024-06-14T01:21:26.314+0530] {processor.py:183} INFO - Processing /home/wsl/airflow_venv/lib/python3.10/site-packages/airflow/example_dags/example_datasets.py took 3.394 seconds
