[2024-06-14T17:57:38.909+0530] {local_task_job_runner.py:120} INFO - ::group::Pre task execution logs
[2024-06-14T17:57:38.931+0530] {taskinstance.py:2073} INFO - Dependencies all met for dep_context=non-requeueable deps ti=<TaskInstance: my_data_pipeline_dag.collect_data_3 manual__2024-06-14T12:21:17.973842+00:00 [queued]>
[2024-06-14T17:57:38.937+0530] {taskinstance.py:2073} INFO - Dependencies all met for dep_context=requeueable deps ti=<TaskInstance: my_data_pipeline_dag.collect_data_3 manual__2024-06-14T12:21:17.973842+00:00 [queued]>
[2024-06-14T17:57:38.937+0530] {taskinstance.py:2303} INFO - Starting attempt 2 of 2
[2024-06-14T17:57:38.958+0530] {taskinstance.py:2327} INFO - Executing <Task(BashOperator): collect_data_3> on 2024-06-14 12:21:17.973842+00:00
[2024-06-14T17:57:38.962+0530] {standard_task_runner.py:63} INFO - Started process 28407 to run task
[2024-06-14T17:57:38.966+0530] {standard_task_runner.py:90} INFO - Running: ['airflow', 'tasks', 'run', 'my_data_pipeline_dag', 'collect_data_3', 'manual__2024-06-14T12:21:17.973842+00:00', '--job-id', '42', '--raw', '--subdir', 'DAGS_FOLDER/my_first_dag.py', '--cfg-path', '/tmp/tmp591juw_0']
[2024-06-14T17:57:38.969+0530] {standard_task_runner.py:91} INFO - Job 42: Subtask collect_data_3
[2024-06-14T17:57:39.014+0530] {task_command.py:426} INFO - Running <TaskInstance: my_data_pipeline_dag.collect_data_3 manual__2024-06-14T12:21:17.973842+00:00 [running]> on host DESKTOP-J05K55U.
[2024-06-14T17:57:39.075+0530] {taskinstance.py:2644} INFO - Exporting env vars: AIRFLOW_CTX_DAG_EMAIL='airflow@example.com' AIRFLOW_CTX_DAG_OWNER='airflow' AIRFLOW_CTX_DAG_ID='my_data_pipeline_dag' AIRFLOW_CTX_TASK_ID='collect_data_3' AIRFLOW_CTX_EXECUTION_DATE='2024-06-14T12:21:17.973842+00:00' AIRFLOW_CTX_TRY_NUMBER='2' AIRFLOW_CTX_DAG_RUN_ID='manual__2024-06-14T12:21:17.973842+00:00'
[2024-06-14T17:57:39.077+0530] {taskinstance.py:430} INFO - ::endgroup::
[2024-06-14T17:57:39.077+0530] {subprocess.py:63} INFO - Tmp dir root location: /tmp
[2024-06-14T17:57:39.078+0530] {subprocess.py:75} INFO - Running command: ['/usr/bin/bash', '-c', 'python "/home/wsl/airflow/dags/Collect Data/test3.py"']
[2024-06-14T17:57:39.084+0530] {subprocess.py:86} INFO - Output:
[2024-06-14T17:57:44.499+0530] {subprocess.py:93} INFO - 24/06/14 17:57:44 WARN Utils: Your hostname, DESKTOP-J05K55U resolves to a loopback address: 127.0.1.1; using 172.31.56.255 instead (on interface eth0)
[2024-06-14T17:57:44.503+0530] {subprocess.py:93} INFO - 24/06/14 17:57:44 WARN Utils: Set SPARK_LOCAL_IP if you need to bind to another address
[2024-06-14T17:57:45.802+0530] {subprocess.py:93} INFO - :: loading settings :: url = jar:file:/home/wsl/airflow_venv/lib/python3.10/site-packages/pyspark/jars/ivy-2.5.1.jar!/org/apache/ivy/core/settings/ivysettings.xml
[2024-06-14T17:57:45.935+0530] {subprocess.py:93} INFO - Ivy Default Cache set to: /home/wsl/.ivy2/cache
[2024-06-14T17:57:45.935+0530] {subprocess.py:93} INFO - The jars for the packages stored in: /home/wsl/.ivy2/jars
[2024-06-14T17:57:45.944+0530] {subprocess.py:93} INFO - org.elasticsearch#elasticsearch-hadoop added as a dependency
[2024-06-14T17:57:45.945+0530] {subprocess.py:93} INFO - :: resolving dependencies :: org.apache.spark#spark-submit-parent-3e8095c5-4660-46b3-9af7-c6890f2ec179;1.0
[2024-06-14T17:57:45.946+0530] {subprocess.py:93} INFO - 	confs: [default]
[2024-06-14T17:57:46.093+0530] {subprocess.py:93} INFO - 	found org.elasticsearch#elasticsearch-hadoop;8.6.2 in central
[2024-06-14T17:57:46.159+0530] {subprocess.py:93} INFO - 	found commons-logging#commons-logging;1.1.1 in central
[2024-06-14T17:57:46.199+0530] {subprocess.py:93} INFO - 	found commons-codec#commons-codec;1.4 in central
[2024-06-14T17:57:46.235+0530] {subprocess.py:93} INFO - 	found javax.xml.bind#jaxb-api;2.3.1 in central
[2024-06-14T17:57:46.302+0530] {subprocess.py:93} INFO - 	found org.apache.hive#hive-service;3.1.2 in central
[2024-06-14T17:57:46.382+0530] {subprocess.py:93} INFO - 	found org.apache.hive#hive-exec;3.1.2 in central
[2024-06-14T17:57:46.429+0530] {subprocess.py:93} INFO - 	found org.apache.hive#hive-metastore;3.1.2 in central
[2024-06-14T17:57:46.454+0530] {subprocess.py:93} INFO - 	found org.apache.pig#pig;0.15.0 in central
[2024-06-14T17:57:46.549+0530] {subprocess.py:93} INFO - 	found org.apache.spark#spark-yarn_2.11;2.3.0 in central
[2024-06-14T17:57:46.571+0530] {subprocess.py:93} INFO - 	found org.scala-lang#scala-reflect;2.11.12 in central
[2024-06-14T17:57:46.595+0530] {subprocess.py:93} INFO - 	found org.apache.storm#storm-core;1.0.6 in central
[2024-06-14T17:57:46.623+0530] {subprocess.py:93} INFO - 	found org.apache.hadoop#hadoop-client;3.1.2 in central
[2024-06-14T17:57:46.653+0530] {subprocess.py:93} INFO - 	found org.apache.hadoop#hadoop-common;3.1.2 in central
[2024-06-14T17:57:46.687+0530] {subprocess.py:93} INFO - 	found org.apache.hadoop#hadoop-mapreduce-client-core;3.1.2 in central
[2024-06-14T17:57:46.709+0530] {subprocess.py:93} INFO - 	found joda-time#joda-time;2.9.3 in central
[2024-06-14T17:57:46.772+0530] {subprocess.py:93} INFO - :: resolution report :: resolve 788ms :: artifacts dl 39ms
[2024-06-14T17:57:46.773+0530] {subprocess.py:93} INFO - 	:: modules in use:
[2024-06-14T17:57:46.773+0530] {subprocess.py:93} INFO - 	commons-codec#commons-codec;1.4 from central in [default]
[2024-06-14T17:57:46.773+0530] {subprocess.py:93} INFO - 	commons-logging#commons-logging;1.1.1 from central in [default]
[2024-06-14T17:57:46.774+0530] {subprocess.py:93} INFO - 	javax.xml.bind#jaxb-api;2.3.1 from central in [default]
[2024-06-14T17:57:46.774+0530] {subprocess.py:93} INFO - 	joda-time#joda-time;2.9.3 from central in [default]
[2024-06-14T17:57:46.774+0530] {subprocess.py:93} INFO - 	org.apache.hadoop#hadoop-client;3.1.2 from central in [default]
[2024-06-14T17:57:46.775+0530] {subprocess.py:93} INFO - 	org.apache.hadoop#hadoop-common;3.1.2 from central in [default]
[2024-06-14T17:57:46.775+0530] {subprocess.py:93} INFO - 	org.apache.hadoop#hadoop-mapreduce-client-core;3.1.2 from central in [default]
[2024-06-14T17:57:46.775+0530] {subprocess.py:93} INFO - 	org.apache.hive#hive-exec;3.1.2 from central in [default]
[2024-06-14T17:57:46.775+0530] {subprocess.py:93} INFO - 	org.apache.hive#hive-metastore;3.1.2 from central in [default]
[2024-06-14T17:57:46.776+0530] {subprocess.py:93} INFO - 	org.apache.hive#hive-service;3.1.2 from central in [default]
[2024-06-14T17:57:46.776+0530] {subprocess.py:93} INFO - 	org.apache.pig#pig;0.15.0 from central in [default]
[2024-06-14T17:57:46.776+0530] {subprocess.py:93} INFO - 	org.apache.spark#spark-yarn_2.11;2.3.0 from central in [default]
[2024-06-14T17:57:46.776+0530] {subprocess.py:93} INFO - 	org.apache.storm#storm-core;1.0.6 from central in [default]
[2024-06-14T17:57:46.777+0530] {subprocess.py:93} INFO - 	org.elasticsearch#elasticsearch-hadoop;8.6.2 from central in [default]
[2024-06-14T17:57:46.777+0530] {subprocess.py:93} INFO - 	org.scala-lang#scala-reflect;2.11.12 from central in [default]
[2024-06-14T17:57:46.777+0530] {subprocess.py:93} INFO - 	---------------------------------------------------------------------
[2024-06-14T17:57:46.778+0530] {subprocess.py:93} INFO - 	|                  |            modules            ||   artifacts   |
[2024-06-14T17:57:46.778+0530] {subprocess.py:93} INFO - 	|       conf       | number| search|dwnlded|evicted|| number|dwnlded|
[2024-06-14T17:57:46.779+0530] {subprocess.py:93} INFO - 	---------------------------------------------------------------------
[2024-06-14T17:57:46.779+0530] {subprocess.py:93} INFO - 	|      default     |   15  |   0   |   0   |   0   ||   15  |   0   |
[2024-06-14T17:57:46.780+0530] {subprocess.py:93} INFO - 	---------------------------------------------------------------------
[2024-06-14T17:57:46.794+0530] {subprocess.py:93} INFO - :: retrieving :: org.apache.spark#spark-submit-parent-3e8095c5-4660-46b3-9af7-c6890f2ec179
[2024-06-14T17:57:46.795+0530] {subprocess.py:93} INFO - 	confs: [default]
[2024-06-14T17:57:46.811+0530] {subprocess.py:93} INFO - 	0 artifacts copied, 15 already retrieved (0kB/17ms)
[2024-06-14T17:57:47.083+0530] {subprocess.py:93} INFO - 24/06/14 17:57:47 WARN NativeCodeLoader: Unable to load native-hadoop library for your platform... using builtin-java classes where applicable
[2024-06-14T17:57:47.360+0530] {subprocess.py:93} INFO - Setting default log level to "WARN".
[2024-06-14T17:57:47.361+0530] {subprocess.py:93} INFO - To adjust logging level use sc.setLogLevel(newLevel). For SparkR, use setLogLevel(newLevel).
[2024-06-14T17:58:00.764+0530] {subprocess.py:93} INFO - [Stage 0:>                                                          (0 + 1) / 1]                                                                                24/06/14 17:58:00 WARN WindowExec: No Partition Defined for Window operation! Moving all data to a single partition, this can cause serious performance degradation.
[2024-06-14T17:58:00.856+0530] {subprocess.py:93} INFO - 24/06/14 17:58:00 WARN WindowExec: No Partition Defined for Window operation! Moving all data to a single partition, this can cause serious performance degradation.
[2024-06-14T17:58:00.882+0530] {subprocess.py:93} INFO - 24/06/14 17:58:00 WARN WindowExec: No Partition Defined for Window operation! Moving all data to a single partition, this can cause serious performance degradation.
[2024-06-14T17:58:04.740+0530] {subprocess.py:93} INFO - [Stage 3:>                                                          (0 + 3) / 3][Stage 3:===================>                                       (1 + 2) / 3][Stage 3:=======================================>                   (2 + 1) / 3]24/06/14 17:58:04 WARN WindowExec: No Partition Defined for Window operation! Moving all data to a single partition, this can cause serious performance degradation.
[2024-06-14T17:58:04.742+0530] {subprocess.py:93} INFO - 24/06/14 17:58:04 WARN WindowExec: No Partition Defined for Window operation! Moving all data to a single partition, this can cause serious performance degradation.
[2024-06-14T17:58:06.959+0530] {subprocess.py:93} INFO - [Stage 5:>                                                          (0 + 1) / 1]                                                                                <pyspark.sql.session.SparkSession object at 0x7fa73c456bf0>
[2024-06-14T17:58:06.959+0530] {subprocess.py:93} INFO - Traceback (most recent call last):
[2024-06-14T17:58:06.959+0530] {subprocess.py:93} INFO -   File "/home/wsl/airflow/dags/Collect Data/test3.py", line 86, in <module>
[2024-06-14T17:58:06.960+0530] {subprocess.py:93} INFO -     es = Elasticsearch(
[2024-06-14T17:58:06.960+0530] {subprocess.py:93} INFO - TypeError: Elasticsearch.__init__() got an unexpected keyword argument 'scheme'
[2024-06-14T17:58:07.816+0530] {subprocess.py:97} INFO - Command exited with return code 1
[2024-06-14T17:58:07.817+0530] {taskinstance.py:441} INFO - ::group::Post task execution logs
[2024-06-14T17:58:07.825+0530] {taskinstance.py:2890} ERROR - Task failed with exception
Traceback (most recent call last):
  File "/home/wsl/airflow_venv/lib/python3.10/site-packages/airflow/models/taskinstance.py", line 465, in _execute_task
    result = _execute_callable(context=context, **execute_callable_kwargs)
  File "/home/wsl/airflow_venv/lib/python3.10/site-packages/airflow/models/taskinstance.py", line 432, in _execute_callable
    return execute_callable(context=context, **execute_callable_kwargs)
  File "/home/wsl/airflow_venv/lib/python3.10/site-packages/airflow/models/baseoperator.py", line 400, in wrapper
    return func(self, *args, **kwargs)
  File "/home/wsl/airflow_venv/lib/python3.10/site-packages/airflow/operators/bash.py", line 243, in execute
    raise AirflowException(
airflow.exceptions.AirflowException: Bash command failed. The command returned a non-zero exit code 1.
[2024-06-14T17:58:07.827+0530] {taskinstance.py:1205} INFO - Marking task as FAILED. dag_id=my_data_pipeline_dag, task_id=collect_data_3, execution_date=20240614T122117, start_date=20240614T122738, end_date=20240614T122807
[2024-06-14T17:58:08.005+0530] {standard_task_runner.py:110} ERROR - Failed to execute job 42 for task collect_data_3 (Bash command failed. The command returned a non-zero exit code 1.; 28407)
[2024-06-14T17:58:08.046+0530] {local_task_job_runner.py:240} INFO - Task exited with return code 1
[2024-06-14T17:58:08.059+0530] {taskinstance.py:3482} INFO - 0 downstream tasks scheduled from follow-on schedule check
[2024-06-14T17:58:08.060+0530] {local_task_job_runner.py:222} INFO - ::endgroup::
