[2024-06-14T10:03:08.709+0530] {local_task_job_runner.py:120} INFO - ::group::Pre task execution logs
[2024-06-14T10:03:08.818+0530] {taskinstance.py:2073} INFO - Dependencies all met for dep_context=non-requeueable deps ti=<TaskInstance: my_data_pipeline_dag.collect_data_3 manual__2024-06-13T20:44:31.605824+00:00 [queued]>
[2024-06-14T10:03:08.838+0530] {taskinstance.py:2073} INFO - Dependencies all met for dep_context=requeueable deps ti=<TaskInstance: my_data_pipeline_dag.collect_data_3 manual__2024-06-13T20:44:31.605824+00:00 [queued]>
[2024-06-14T10:03:08.839+0530] {taskinstance.py:2303} INFO - Starting attempt 2 of 2
[2024-06-14T10:03:08.879+0530] {taskinstance.py:2327} INFO - Executing <Task(BashOperator): collect_data_3> on 2024-06-13 20:44:31.605824+00:00
[2024-06-14T10:03:08.886+0530] {standard_task_runner.py:63} INFO - Started process 11330 to run task
[2024-06-14T10:03:08.894+0530] {standard_task_runner.py:90} INFO - Running: ['airflow', 'tasks', 'run', 'my_data_pipeline_dag', 'collect_data_3', 'manual__2024-06-13T20:44:31.605824+00:00', '--job-id', '96', '--raw', '--subdir', 'DAGS_FOLDER/my_first_dag.py', '--cfg-path', '/tmp/tmp0y4durs6']
[2024-06-14T10:03:08.896+0530] {standard_task_runner.py:91} INFO - Job 96: Subtask collect_data_3
[2024-06-14T10:03:08.979+0530] {task_command.py:426} INFO - Running <TaskInstance: my_data_pipeline_dag.collect_data_3 manual__2024-06-13T20:44:31.605824+00:00 [running]> on host DESKTOP-J05K55U.
[2024-06-14T10:03:09.189+0530] {taskinstance.py:2644} INFO - Exporting env vars: AIRFLOW_CTX_DAG_EMAIL='airflow@example.com' AIRFLOW_CTX_DAG_OWNER='airflow' AIRFLOW_CTX_DAG_ID='my_data_pipeline_dag' AIRFLOW_CTX_TASK_ID='collect_data_3' AIRFLOW_CTX_EXECUTION_DATE='2024-06-13T20:44:31.605824+00:00' AIRFLOW_CTX_TRY_NUMBER='2' AIRFLOW_CTX_DAG_RUN_ID='manual__2024-06-13T20:44:31.605824+00:00'
[2024-06-14T10:03:09.191+0530] {taskinstance.py:430} INFO - ::endgroup::
[2024-06-14T10:03:09.198+0530] {subprocess.py:63} INFO - Tmp dir root location: /tmp
[2024-06-14T10:03:09.200+0530] {subprocess.py:75} INFO - Running command: ['/usr/bin/bash', '-c', 'python "/home/wsl/airflow/dags/Collect Data/test2.py"']
[2024-06-14T10:03:09.213+0530] {subprocess.py:86} INFO - Output:
[2024-06-14T10:05:20.051+0530] {subprocess.py:93} INFO - 24/06/14 10:05:20 WARN Utils: Your hostname, DESKTOP-J05K55U resolves to a loopback address: 127.0.1.1; using 172.31.56.255 instead (on interface eth0)
[2024-06-14T10:05:20.064+0530] {subprocess.py:93} INFO - 24/06/14 10:05:20 WARN Utils: Set SPARK_LOCAL_IP if you need to bind to another address
[2024-06-14T10:05:21.531+0530] {subprocess.py:93} INFO - :: loading settings :: url = jar:file:/home/wsl/airflow_venv/lib/python3.10/site-packages/pyspark/jars/ivy-2.5.1.jar!/org/apache/ivy/core/settings/ivysettings.xml
[2024-06-14T10:05:21.756+0530] {subprocess.py:93} INFO - Ivy Default Cache set to: /home/wsl/.ivy2/cache
[2024-06-14T10:05:21.756+0530] {subprocess.py:93} INFO - The jars for the packages stored in: /home/wsl/.ivy2/jars
[2024-06-14T10:05:21.765+0530] {subprocess.py:93} INFO - org.elasticsearch#elasticsearch-hadoop added as a dependency
[2024-06-14T10:05:21.766+0530] {subprocess.py:93} INFO - :: resolving dependencies :: org.apache.spark#spark-submit-parent-1d1cf2e8-bf67-4d84-a103-282c02c28ec9;1.0
[2024-06-14T10:05:21.767+0530] {subprocess.py:93} INFO - 	confs: [default]
[2024-06-14T10:05:21.994+0530] {subprocess.py:93} INFO - 	found org.elasticsearch#elasticsearch-hadoop;8.6.2 in central
[2024-06-14T10:05:22.082+0530] {subprocess.py:93} INFO - 	found commons-logging#commons-logging;1.1.1 in central
[2024-06-14T10:05:22.137+0530] {subprocess.py:93} INFO - 	found commons-codec#commons-codec;1.4 in central
[2024-06-14T10:05:22.193+0530] {subprocess.py:93} INFO - 	found javax.xml.bind#jaxb-api;2.3.1 in central
[2024-06-14T10:05:22.278+0530] {subprocess.py:93} INFO - 	found org.apache.hive#hive-service;3.1.2 in central
[2024-06-14T10:05:22.369+0530] {subprocess.py:93} INFO - 	found org.apache.hive#hive-exec;3.1.2 in central
[2024-06-14T10:05:22.421+0530] {subprocess.py:93} INFO - 	found org.apache.hive#hive-metastore;3.1.2 in central
[2024-06-14T10:05:22.455+0530] {subprocess.py:93} INFO - 	found org.apache.pig#pig;0.15.0 in central
[2024-06-14T10:05:22.529+0530] {subprocess.py:93} INFO - 	found org.apache.spark#spark-yarn_2.11;2.3.0 in central
[2024-06-14T10:05:22.555+0530] {subprocess.py:93} INFO - 	found org.scala-lang#scala-reflect;2.11.12 in central
[2024-06-14T10:05:22.586+0530] {subprocess.py:93} INFO - 	found org.apache.storm#storm-core;1.0.6 in central
[2024-06-14T10:05:22.626+0530] {subprocess.py:93} INFO - 	found org.apache.hadoop#hadoop-client;3.1.2 in central
[2024-06-14T10:05:22.665+0530] {subprocess.py:93} INFO - 	found org.apache.hadoop#hadoop-common;3.1.2 in central
[2024-06-14T10:05:22.704+0530] {subprocess.py:93} INFO - 	found org.apache.hadoop#hadoop-mapreduce-client-core;3.1.2 in central
[2024-06-14T10:05:22.732+0530] {subprocess.py:93} INFO - 	found joda-time#joda-time;2.9.3 in central
[2024-06-14T10:05:22.865+0530] {subprocess.py:93} INFO - :: resolution report :: resolve 990ms :: artifacts dl 109ms
[2024-06-14T10:05:22.865+0530] {subprocess.py:93} INFO - 	:: modules in use:
[2024-06-14T10:05:22.866+0530] {subprocess.py:93} INFO - 	commons-codec#commons-codec;1.4 from central in [default]
[2024-06-14T10:05:22.866+0530] {subprocess.py:93} INFO - 	commons-logging#commons-logging;1.1.1 from central in [default]
[2024-06-14T10:05:22.866+0530] {subprocess.py:93} INFO - 	javax.xml.bind#jaxb-api;2.3.1 from central in [default]
[2024-06-14T10:05:22.867+0530] {subprocess.py:93} INFO - 	joda-time#joda-time;2.9.3 from central in [default]
[2024-06-14T10:05:22.867+0530] {subprocess.py:93} INFO - 	org.apache.hadoop#hadoop-client;3.1.2 from central in [default]
[2024-06-14T10:05:22.867+0530] {subprocess.py:93} INFO - 	org.apache.hadoop#hadoop-common;3.1.2 from central in [default]
[2024-06-14T10:05:22.867+0530] {subprocess.py:93} INFO - 	org.apache.hadoop#hadoop-mapreduce-client-core;3.1.2 from central in [default]
[2024-06-14T10:05:22.868+0530] {subprocess.py:93} INFO - 	org.apache.hive#hive-exec;3.1.2 from central in [default]
[2024-06-14T10:05:22.868+0530] {subprocess.py:93} INFO - 	org.apache.hive#hive-metastore;3.1.2 from central in [default]
[2024-06-14T10:05:22.868+0530] {subprocess.py:93} INFO - 	org.apache.hive#hive-service;3.1.2 from central in [default]
[2024-06-14T10:05:22.868+0530] {subprocess.py:93} INFO - 	org.apache.pig#pig;0.15.0 from central in [default]
[2024-06-14T10:05:22.869+0530] {subprocess.py:93} INFO - 	org.apache.spark#spark-yarn_2.11;2.3.0 from central in [default]
[2024-06-14T10:05:22.869+0530] {subprocess.py:93} INFO - 	org.apache.storm#storm-core;1.0.6 from central in [default]
[2024-06-14T10:05:22.869+0530] {subprocess.py:93} INFO - 	org.elasticsearch#elasticsearch-hadoop;8.6.2 from central in [default]
[2024-06-14T10:05:22.869+0530] {subprocess.py:93} INFO - 	org.scala-lang#scala-reflect;2.11.12 from central in [default]
[2024-06-14T10:05:22.869+0530] {subprocess.py:93} INFO - 	---------------------------------------------------------------------
[2024-06-14T10:05:22.870+0530] {subprocess.py:93} INFO - 	|                  |            modules            ||   artifacts   |
[2024-06-14T10:05:22.870+0530] {subprocess.py:93} INFO - 	|       conf       | number| search|dwnlded|evicted|| number|dwnlded|
[2024-06-14T10:05:22.870+0530] {subprocess.py:93} INFO - 	---------------------------------------------------------------------
[2024-06-14T10:05:22.870+0530] {subprocess.py:93} INFO - 	|      default     |   15  |   0   |   0   |   0   ||   15  |   0   |
[2024-06-14T10:05:22.870+0530] {subprocess.py:93} INFO - 	---------------------------------------------------------------------
[2024-06-14T10:05:22.881+0530] {subprocess.py:93} INFO - :: retrieving :: org.apache.spark#spark-submit-parent-1d1cf2e8-bf67-4d84-a103-282c02c28ec9
[2024-06-14T10:05:22.882+0530] {subprocess.py:93} INFO - 	confs: [default]
[2024-06-14T10:05:22.895+0530] {subprocess.py:93} INFO - 	0 artifacts copied, 15 already retrieved (0kB/13ms)
[2024-06-14T10:05:23.609+0530] {subprocess.py:93} INFO - 24/06/14 10:05:23 WARN NativeCodeLoader: Unable to load native-hadoop library for your platform... using builtin-java classes where applicable
[2024-06-14T10:05:23.998+0530] {subprocess.py:93} INFO - Setting default log level to "WARN".
[2024-06-14T10:05:23.999+0530] {subprocess.py:93} INFO - To adjust logging level use sc.setLogLevel(newLevel). For SparkR, use setLogLevel(newLevel).
[2024-06-14T10:05:40.420+0530] {subprocess.py:93} INFO - [Stage 0:>                                                          (0 + 1) / 1]                                                                                24/06/14 10:05:40 WARN WindowExec: No Partition Defined for Window operation! Moving all data to a single partition, this can cause serious performance degradation.
[2024-06-14T10:05:40.493+0530] {subprocess.py:93} INFO - 24/06/14 10:05:40 WARN WindowExec: No Partition Defined for Window operation! Moving all data to a single partition, this can cause serious performance degradation.
[2024-06-14T10:05:40.520+0530] {subprocess.py:93} INFO - 24/06/14 10:05:40 WARN WindowExec: No Partition Defined for Window operation! Moving all data to a single partition, this can cause serious performance degradation.
