[2024-06-14T23:36:00.133+0530] {local_task_job_runner.py:120} INFO - ::group::Pre task execution logs
[2024-06-14T23:36:00.187+0530] {taskinstance.py:2073} INFO - Dependencies all met for dep_context=non-requeueable deps ti=<TaskInstance: my_data_pipeline_dag.index_elastic manual__2024-06-14T18:04:39.117726+00:00 [queued]>
[2024-06-14T23:36:00.202+0530] {taskinstance.py:2073} INFO - Dependencies all met for dep_context=requeueable deps ti=<TaskInstance: my_data_pipeline_dag.index_elastic manual__2024-06-14T18:04:39.117726+00:00 [queued]>
[2024-06-14T23:36:00.202+0530] {taskinstance.py:2303} INFO - Starting attempt 1 of 2
[2024-06-14T23:36:00.260+0530] {taskinstance.py:2327} INFO - Executing <Task(BashOperator): index_elastic> on 2024-06-14 18:04:39.117726+00:00
[2024-06-14T23:36:00.266+0530] {standard_task_runner.py:63} INFO - Started process 19105 to run task
[2024-06-14T23:36:00.280+0530] {standard_task_runner.py:90} INFO - Running: ['airflow', 'tasks', 'run', 'my_data_pipeline_dag', 'index_elastic', 'manual__2024-06-14T18:04:39.117726+00:00', '--job-id', '104', '--raw', '--subdir', 'DAGS_FOLDER/my_first_dag.py', '--cfg-path', '/tmp/tmpvpdnx6g4']
[2024-06-14T23:36:00.284+0530] {standard_task_runner.py:91} INFO - Job 104: Subtask index_elastic
[2024-06-14T23:36:00.367+0530] {task_command.py:426} INFO - Running <TaskInstance: my_data_pipeline_dag.index_elastic manual__2024-06-14T18:04:39.117726+00:00 [running]> on host DESKTOP-J05K55U.
[2024-06-14T23:36:00.566+0530] {taskinstance.py:2644} INFO - Exporting env vars: AIRFLOW_CTX_DAG_EMAIL='airflow@example.com' AIRFLOW_CTX_DAG_OWNER='airflow' AIRFLOW_CTX_DAG_ID='my_data_pipeline_dag' AIRFLOW_CTX_TASK_ID='index_elastic' AIRFLOW_CTX_EXECUTION_DATE='2024-06-14T18:04:39.117726+00:00' AIRFLOW_CTX_TRY_NUMBER='1' AIRFLOW_CTX_DAG_RUN_ID='manual__2024-06-14T18:04:39.117726+00:00'
[2024-06-14T23:36:00.568+0530] {taskinstance.py:430} INFO - ::endgroup::
[2024-06-14T23:36:00.569+0530] {subprocess.py:63} INFO - Tmp dir root location: /tmp
[2024-06-14T23:36:00.572+0530] {subprocess.py:75} INFO - Running command: ['/usr/bin/bash', '-c', 'python "/home/wsl/airflow/dags/Collect Data/eindex.py"']
[2024-06-14T23:36:00.582+0530] {subprocess.py:86} INFO - Output:
[2024-06-14T23:36:02.916+0530] {subprocess.py:93} INFO - Columns in DataFrame: Index(['date', 'continent', 'country', 'cases', 'deaths', 'idx'], dtype='object')
[2024-06-14T23:36:02.916+0530] {subprocess.py:93} INFO - Error: Connection to Elasticsearch failed
[2024-06-14T23:36:03.115+0530] {subprocess.py:97} INFO - Command exited with return code 0
[2024-06-14T23:36:03.116+0530] {taskinstance.py:441} INFO - ::group::Post task execution logs
[2024-06-14T23:36:03.138+0530] {taskinstance.py:1205} INFO - Marking task as SUCCESS. dag_id=my_data_pipeline_dag, task_id=index_elastic, execution_date=20240614T180439, start_date=20240614T180600, end_date=20240614T180603
[2024-06-14T23:36:03.163+0530] {local_task_job_runner.py:240} INFO - Task exited with return code 0
[2024-06-14T23:36:03.177+0530] {taskinstance.py:3482} INFO - 0 downstream tasks scheduled from follow-on schedule check
[2024-06-14T23:36:03.178+0530] {local_task_job_runner.py:222} INFO - ::endgroup::
