[2024-04-30T18:24:55.245+0530] {local_task_job_runner.py:120} INFO - ::group::Pre task execution logs
[2024-04-30T18:24:55.281+0530] {taskinstance.py:2073} INFO - Dependencies all met for dep_context=non-requeueable deps ti=<TaskInstance: example_bash_operator.run_after_loop scheduled__2024-04-29T00:00:00+00:00 [queued]>
[2024-04-30T18:24:55.291+0530] {taskinstance.py:2073} INFO - Dependencies all met for dep_context=requeueable deps ti=<TaskInstance: example_bash_operator.run_after_loop scheduled__2024-04-29T00:00:00+00:00 [queued]>
[2024-04-30T18:24:55.292+0530] {taskinstance.py:2303} INFO - Starting attempt 1 of 1
[2024-04-30T18:24:55.316+0530] {taskinstance.py:2327} INFO - Executing <Task(BashOperator): run_after_loop> on 2024-04-29 00:00:00+00:00
[2024-04-30T18:24:55.321+0530] {standard_task_runner.py:63} INFO - Started process 1816 to run task
[2024-04-30T18:24:55.329+0530] {standard_task_runner.py:90} INFO - Running: ['airflow', 'tasks', 'run', 'example_bash_operator', 'run_after_loop', 'scheduled__2024-04-29T00:00:00+00:00', '--job-id', '8', '--raw', '--subdir', '/home/wsl/airflow_venv/lib/python3.10/site-packages/airflow/example_dags/example_bash_operator.py', '--cfg-path', '/tmp/tmp8__hz5eq']
[2024-04-30T18:24:55.331+0530] {standard_task_runner.py:91} INFO - Job 8: Subtask run_after_loop
[2024-04-30T18:24:55.388+0530] {task_command.py:426} INFO - Running <TaskInstance: example_bash_operator.run_after_loop scheduled__2024-04-29T00:00:00+00:00 [running]> on host DESKTOP-J05K55U.
[2024-04-30T18:24:55.479+0530] {taskinstance.py:2644} INFO - Exporting env vars: AIRFLOW_CTX_DAG_OWNER='airflow' AIRFLOW_CTX_DAG_ID='example_bash_operator' AIRFLOW_CTX_TASK_ID='run_after_loop' AIRFLOW_CTX_EXECUTION_DATE='2024-04-29T00:00:00+00:00' AIRFLOW_CTX_TRY_NUMBER='1' AIRFLOW_CTX_DAG_RUN_ID='scheduled__2024-04-29T00:00:00+00:00'
[2024-04-30T18:24:55.481+0530] {taskinstance.py:430} INFO - ::endgroup::
[2024-04-30T18:24:55.482+0530] {subprocess.py:63} INFO - Tmp dir root location: /tmp
[2024-04-30T18:24:55.483+0530] {subprocess.py:75} INFO - Running command: ['/usr/bin/bash', '-c', "ls -alh --color=always / && echo https://airflow.apache.org/  && echo 'some <code>html</code>'"]
[2024-04-30T18:24:55.506+0530] {subprocess.py:86} INFO - Output:
[2024-04-30T18:24:55.525+0530] {subprocess.py:93} INFO - total 2.0M
[2024-04-30T18:24:55.525+0530] {subprocess.py:93} INFO - drwxr-xr-x  19 root root 4.0K Apr 30 18:08 [0m[01;34m.[0m
[2024-04-30T18:24:55.525+0530] {subprocess.py:93} INFO - drwxr-xr-x  19 root root 4.0K Apr 30 18:08 [01;34m..[0m
[2024-04-30T18:24:55.525+0530] {subprocess.py:93} INFO - lrwxrwxrwx   1 root root    7 Nov 23 03:06 [01;36mbin[0m -> [01;34musr/bin[0m
[2024-04-30T18:24:55.526+0530] {subprocess.py:93} INFO - drwxr-xr-x   2 root root 4.0K Apr 18  2022 [01;34mboot[0m
[2024-04-30T18:24:55.526+0530] {subprocess.py:93} INFO - drwxr-xr-x  16 root root 3.5K Apr 30 18:08 [01;34mdev[0m
[2024-04-30T18:24:55.526+0530] {subprocess.py:93} INFO - drwxr-xr-x  73 root root 4.0K Apr 30 18:09 [01;34metc[0m
[2024-04-30T18:24:55.526+0530] {subprocess.py:93} INFO - drwxr-xr-x   3 root root 4.0K Apr 30 18:08 [01;34mhome[0m
[2024-04-30T18:24:55.527+0530] {subprocess.py:93} INFO - -rwxrwxrwx   1 root root 1.9M Apr 20  2023 [01;32minit[0m
[2024-04-30T18:24:55.527+0530] {subprocess.py:93} INFO - lrwxrwxrwx   1 root root    7 Nov 23 03:06 [01;36mlib[0m -> [01;34musr/lib[0m
[2024-04-30T18:24:55.527+0530] {subprocess.py:93} INFO - lrwxrwxrwx   1 root root    9 Nov 23 03:06 [01;36mlib32[0m -> [01;34musr/lib32[0m
[2024-04-30T18:24:55.527+0530] {subprocess.py:93} INFO - lrwxrwxrwx   1 root root    9 Nov 23 03:06 [01;36mlib64[0m -> [01;34musr/lib64[0m
[2024-04-30T18:24:55.527+0530] {subprocess.py:93} INFO - lrwxrwxrwx   1 root root   10 Nov 23 03:06 [01;36mlibx32[0m -> [01;34musr/libx32[0m
[2024-04-30T18:24:55.527+0530] {subprocess.py:93} INFO - drwx------   2 root root  16K Apr 30 18:03 [01;34mlost+found[0m
[2024-04-30T18:24:55.527+0530] {subprocess.py:93} INFO - drwxr-xr-x   2 root root 4.0K Nov 23 03:06 [01;34mmedia[0m
[2024-04-30T18:24:55.527+0530] {subprocess.py:93} INFO - drwxr-xr-x   6 root root 4.0K Apr 30 18:05 [01;34mmnt[0m
[2024-04-30T18:24:55.528+0530] {subprocess.py:93} INFO - drwxr-xr-x   2 root root 4.0K Nov 23 03:06 [01;34mopt[0m
[2024-04-30T18:24:55.528+0530] {subprocess.py:93} INFO - dr-xr-xr-x 202 root root    0 Apr 30 18:08 [01;34mproc[0m
[2024-04-30T18:24:55.528+0530] {subprocess.py:93} INFO - drwx------   4 root root 4.0K Apr 30 18:06 [01;34mroot[0m
[2024-04-30T18:24:55.528+0530] {subprocess.py:93} INFO - drwxr-xr-x  20 root root  580 Apr 30 18:09 [01;34mrun[0m
[2024-04-30T18:24:55.528+0530] {subprocess.py:93} INFO - lrwxrwxrwx   1 root root    8 Nov 23 03:06 [01;36msbin[0m -> [01;34musr/sbin[0m
[2024-04-30T18:24:55.528+0530] {subprocess.py:93} INFO - drwxr-xr-x   8 root root 4.0K Nov 23 03:07 [01;34msnap[0m
[2024-04-30T18:24:55.528+0530] {subprocess.py:93} INFO - drwxr-xr-x   2 root root 4.0K Nov 23 03:06 [01;34msrv[0m
[2024-04-30T18:24:55.529+0530] {subprocess.py:93} INFO - dr-xr-xr-x  11 root root    0 Apr 30 18:08 [01;34msys[0m
[2024-04-30T18:24:55.529+0530] {subprocess.py:93} INFO - drwxrwxrwt   7 root root  12K Apr 30 18:24 [30;42mtmp[0m
[2024-04-30T18:24:55.529+0530] {subprocess.py:93} INFO - drwxr-xr-x  14 root root 4.0K Nov 23 03:06 [01;34musr[0m
[2024-04-30T18:24:55.529+0530] {subprocess.py:93} INFO - drwxr-xr-x  13 root root 4.0K Nov 23 03:07 [01;34mvar[0m
[2024-04-30T18:24:55.529+0530] {subprocess.py:93} INFO - https://airflow.apache.org/
[2024-04-30T18:24:55.529+0530] {subprocess.py:93} INFO - some <code>html</code>
[2024-04-30T18:24:55.530+0530] {subprocess.py:97} INFO - Command exited with return code 0
[2024-04-30T18:24:55.530+0530] {taskinstance.py:441} INFO - ::group::Post task execution logs
[2024-04-30T18:24:55.572+0530] {taskinstance.py:1205} INFO - Marking task as SUCCESS. dag_id=example_bash_operator, task_id=run_after_loop, execution_date=20240429T000000, start_date=20240430T125455, end_date=20240430T125455
[2024-04-30T18:24:55.661+0530] {local_task_job_runner.py:240} INFO - Task exited with return code 0
[2024-04-30T18:24:55.710+0530] {taskinstance.py:3482} INFO - 0 downstream tasks scheduled from follow-on schedule check
[2024-04-30T18:24:55.711+0530] {local_task_job_runner.py:222} INFO - ::endgroup::
