[2024-06-14T20:03:09.890+0530] {local_task_job_runner.py:120} INFO - ::group::Pre task execution logs
[2024-06-14T20:03:09.918+0530] {taskinstance.py:2073} INFO - Dependencies all met for dep_context=non-requeueable deps ti=<TaskInstance: my_data_pipeline_dag.collect_data_3 manual__2024-06-14T14:31:57.174119+00:00 [queued]>
[2024-06-14T20:03:09.925+0530] {taskinstance.py:2073} INFO - Dependencies all met for dep_context=requeueable deps ti=<TaskInstance: my_data_pipeline_dag.collect_data_3 manual__2024-06-14T14:31:57.174119+00:00 [queued]>
[2024-06-14T20:03:09.925+0530] {taskinstance.py:2303} INFO - Starting attempt 1 of 2
[2024-06-14T20:03:09.944+0530] {taskinstance.py:2327} INFO - Executing <Task(BashOperator): collect_data_3> on 2024-06-14 14:31:57.174119+00:00
[2024-06-14T20:03:09.949+0530] {standard_task_runner.py:63} INFO - Started process 82072 to run task
[2024-06-14T20:03:09.952+0530] {standard_task_runner.py:90} INFO - Running: ['airflow', 'tasks', 'run', 'my_data_pipeline_dag', 'collect_data_3', 'manual__2024-06-14T14:31:57.174119+00:00', '--job-id', '87', '--raw', '--subdir', 'DAGS_FOLDER/my_first_dag.py', '--cfg-path', '/tmp/tmpblpn8vwz']
[2024-06-14T20:03:09.955+0530] {standard_task_runner.py:91} INFO - Job 87: Subtask collect_data_3
[2024-06-14T20:03:10.012+0530] {task_command.py:426} INFO - Running <TaskInstance: my_data_pipeline_dag.collect_data_3 manual__2024-06-14T14:31:57.174119+00:00 [running]> on host DESKTOP-J05K55U.
[2024-06-14T20:03:13.817+0530] {taskinstance.py:2644} INFO - Exporting env vars: AIRFLOW_CTX_DAG_EMAIL='airflow@example.com' AIRFLOW_CTX_DAG_OWNER='airflow' AIRFLOW_CTX_DAG_ID='my_data_pipeline_dag' AIRFLOW_CTX_TASK_ID='collect_data_3' AIRFLOW_CTX_EXECUTION_DATE='2024-06-14T14:31:57.174119+00:00' AIRFLOW_CTX_TRY_NUMBER='1' AIRFLOW_CTX_DAG_RUN_ID='manual__2024-06-14T14:31:57.174119+00:00'
[2024-06-14T20:03:13.819+0530] {taskinstance.py:430} INFO - ::endgroup::
[2024-06-14T20:03:13.820+0530] {subprocess.py:63} INFO - Tmp dir root location: /tmp
[2024-06-14T20:03:13.821+0530] {subprocess.py:75} INFO - Running command: ['/usr/bin/bash', '-c', 'python "/home/wsl/airflow/dags/Collect Data/test3.py"']
[2024-06-14T20:03:13.830+0530] {subprocess.py:86} INFO - Output:
[2024-06-14T20:03:17.451+0530] {subprocess.py:93} INFO - 24/06/14 20:03:17 WARN Utils: Your hostname, DESKTOP-J05K55U resolves to a loopback address: 127.0.1.1; using 172.31.56.255 instead (on interface eth0)
[2024-06-14T20:03:17.455+0530] {subprocess.py:93} INFO - 24/06/14 20:03:17 WARN Utils: Set SPARK_LOCAL_IP if you need to bind to another address
[2024-06-14T20:03:18.950+0530] {subprocess.py:93} INFO - Setting default log level to "WARN".
[2024-06-14T20:03:18.950+0530] {subprocess.py:93} INFO - To adjust logging level use sc.setLogLevel(newLevel). For SparkR, use setLogLevel(newLevel).
[2024-06-14T20:03:19.722+0530] {subprocess.py:93} INFO - 24/06/14 20:03:19 WARN NativeCodeLoader: Unable to load native-hadoop library for your platform... using builtin-java classes where applicable
[2024-06-14T20:03:32.270+0530] {subprocess.py:93} INFO - [Stage 0:>                                                          (0 + 1) / 1]                                                                                24/06/14 20:03:32 WARN WindowExec: No Partition Defined for Window operation! Moving all data to a single partition, this can cause serious performance degradation.
[2024-06-14T20:03:32.339+0530] {subprocess.py:93} INFO - 24/06/14 20:03:32 WARN WindowExec: No Partition Defined for Window operation! Moving all data to a single partition, this can cause serious performance degradation.
[2024-06-14T20:03:32.366+0530] {subprocess.py:93} INFO - 24/06/14 20:03:32 WARN WindowExec: No Partition Defined for Window operation! Moving all data to a single partition, this can cause serious performance degradation.
[2024-06-14T20:03:36.414+0530] {subprocess.py:93} INFO - [Stage 3:>                                                          (0 + 3) / 3][Stage 3:===================>                                       (1 + 2) / 3][Stage 3:=======================================>                   (2 + 1) / 3]24/06/14 20:03:36 WARN WindowExec: No Partition Defined for Window operation! Moving all data to a single partition, this can cause serious performance degradation.
[2024-06-14T20:03:36.415+0530] {subprocess.py:93} INFO - 24/06/14 20:03:36 WARN WindowExec: No Partition Defined for Window operation! Moving all data to a single partition, this can cause serious performance degradation.
[2024-06-14T20:03:40.409+0530] {subprocess.py:93} INFO - [Stage 5:>                                                          (0 + 1) / 1]                                                                                <pyspark.sql.session.SparkSession object at 0x7fd5ea4b1cc0>
[2024-06-14T20:03:40.409+0530] {subprocess.py:93} INFO - Data saved successfully as Parquet file at /home/wsl/airflow/dags/Collect Data/world.parquet
[2024-06-14T20:03:41.010+0530] {subprocess.py:97} INFO - Command exited with return code 0
[2024-06-14T20:03:41.011+0530] {taskinstance.py:441} INFO - ::group::Post task execution logs
[2024-06-14T20:03:41.037+0530] {taskinstance.py:1205} INFO - Marking task as SUCCESS. dag_id=my_data_pipeline_dag, task_id=collect_data_3, execution_date=20240614T143157, start_date=20240614T143309, end_date=20240614T143341
[2024-06-14T20:03:41.064+0530] {local_task_job_runner.py:240} INFO - Task exited with return code 0
[2024-06-14T20:03:41.073+0530] {taskinstance.py:3482} INFO - 0 downstream tasks scheduled from follow-on schedule check
[2024-06-14T20:03:41.073+0530] {local_task_job_runner.py:222} INFO - ::endgroup::
