[2024-06-15T06:20:48.960+0530] {local_task_job_runner.py:120} INFO - ::group::Pre task execution logs
[2024-06-15T06:20:49.001+0530] {taskinstance.py:2073} INFO - Dependencies all met for dep_context=non-requeueable deps ti=<TaskInstance: my_data_pipeline_dag.index_elastic manual__2024-06-15T00:49:47.677333+00:00 [queued]>
[2024-06-15T06:20:49.012+0530] {taskinstance.py:2073} INFO - Dependencies all met for dep_context=requeueable deps ti=<TaskInstance: my_data_pipeline_dag.index_elastic manual__2024-06-15T00:49:47.677333+00:00 [queued]>
[2024-06-15T06:20:49.012+0530] {taskinstance.py:2303} INFO - Starting attempt 1 of 2
[2024-06-15T06:20:49.031+0530] {taskinstance.py:2327} INFO - Executing <Task(BashOperator): index_elastic> on 2024-06-15 00:49:47.677333+00:00
[2024-06-15T06:20:49.035+0530] {standard_task_runner.py:63} INFO - Started process 2592 to run task
[2024-06-15T06:20:49.040+0530] {standard_task_runner.py:90} INFO - Running: ['airflow', 'tasks', 'run', 'my_data_pipeline_dag', 'index_elastic', 'manual__2024-06-15T00:49:47.677333+00:00', '--job-id', '142', '--raw', '--subdir', 'DAGS_FOLDER/my_first_dag.py', '--cfg-path', '/tmp/tmphymzfqvl']
[2024-06-15T06:20:49.044+0530] {standard_task_runner.py:91} INFO - Job 142: Subtask index_elastic
[2024-06-15T06:20:49.093+0530] {task_command.py:426} INFO - Running <TaskInstance: my_data_pipeline_dag.index_elastic manual__2024-06-15T00:49:47.677333+00:00 [running]> on host DESKTOP-J05K55U.
[2024-06-15T06:20:49.182+0530] {taskinstance.py:2644} INFO - Exporting env vars: AIRFLOW_CTX_DAG_EMAIL='airflow@example.com' AIRFLOW_CTX_DAG_OWNER='airflow' AIRFLOW_CTX_DAG_ID='my_data_pipeline_dag' AIRFLOW_CTX_TASK_ID='index_elastic' AIRFLOW_CTX_EXECUTION_DATE='2024-06-15T00:49:47.677333+00:00' AIRFLOW_CTX_TRY_NUMBER='1' AIRFLOW_CTX_DAG_RUN_ID='manual__2024-06-15T00:49:47.677333+00:00'
[2024-06-15T06:20:49.184+0530] {taskinstance.py:430} INFO - ::endgroup::
[2024-06-15T06:20:49.185+0530] {subprocess.py:63} INFO - Tmp dir root location: /tmp
[2024-06-15T06:20:49.185+0530] {subprocess.py:75} INFO - Running command: ['/usr/bin/bash', '-c', 'python "/home/wsl/airflow/dags/Collect Data/elastic_index.py"']
[2024-06-15T06:20:49.195+0530] {subprocess.py:86} INFO - Output:
[2024-06-15T06:20:50.705+0530] {subprocess.py:93} INFO - Columns in DataFrame: Index(['date', 'continent', 'country', 'cases', 'deaths', 'idx'], dtype='object')
[2024-06-15T06:20:50.705+0530] {subprocess.py:93} INFO - Error: Connection to Elasticsearch failed
[2024-06-15T06:20:50.910+0530] {subprocess.py:97} INFO - Command exited with return code 0
[2024-06-15T06:20:50.910+0530] {taskinstance.py:441} INFO - ::group::Post task execution logs
[2024-06-15T06:20:50.936+0530] {taskinstance.py:1205} INFO - Marking task as SUCCESS. dag_id=my_data_pipeline_dag, task_id=index_elastic, execution_date=20240615T004947, start_date=20240615T005049, end_date=20240615T005050
[2024-06-15T06:20:50.981+0530] {local_task_job_runner.py:240} INFO - Task exited with return code 0
[2024-06-15T06:20:50.999+0530] {taskinstance.py:3482} INFO - 0 downstream tasks scheduled from follow-on schedule check
[2024-06-15T06:20:51.000+0530] {local_task_job_runner.py:222} INFO - ::endgroup::
