[2024-05-05T01:29:27.615+0530] {processor.py:161} INFO - Started process (PID=237275) to work on /home/wsl/airflow_venv/lib/python3.10/site-packages/airflow/example_dags/example_branch_day_of_week_operator.py
[2024-05-05T01:29:27.616+0530] {processor.py:830} INFO - Processing file /home/wsl/airflow_venv/lib/python3.10/site-packages/airflow/example_dags/example_branch_day_of_week_operator.py for tasks to queue
[2024-05-05T01:29:27.618+0530] {logging_mixin.py:188} INFO - [2024-05-05T01:29:27.618+0530] {dagbag.py:540} INFO - Filling up the DagBag from /home/wsl/airflow_venv/lib/python3.10/site-packages/airflow/example_dags/example_branch_day_of_week_operator.py
[2024-05-05T01:29:27.633+0530] {processor.py:840} INFO - DAG(s) 'example_weekday_branch_operator' retrieved from /home/wsl/airflow_venv/lib/python3.10/site-packages/airflow/example_dags/example_branch_day_of_week_operator.py
[2024-05-05T01:29:27.827+0530] {logging_mixin.py:188} INFO - [2024-05-05T01:29:27.826+0530] {dag.py:3096} INFO - Sync 1 DAGs
[2024-05-05T01:29:27.862+0530] {logging_mixin.py:188} INFO - [2024-05-05T01:29:27.862+0530] {dag.py:3954} INFO - Setting next_dagrun for example_weekday_branch_operator to 2024-05-03 00:00:00+00:00, run_after=2024-05-04 00:00:00+00:00
[2024-05-05T01:29:28.022+0530] {processor.py:183} INFO - Processing /home/wsl/airflow_venv/lib/python3.10/site-packages/airflow/example_dags/example_branch_day_of_week_operator.py took 0.417 seconds
[2024-05-05T01:30:42.249+0530] {processor.py:161} INFO - Started process (PID=237726) to work on /home/wsl/airflow_venv/lib/python3.10/site-packages/airflow/example_dags/example_branch_day_of_week_operator.py
[2024-05-05T01:30:42.252+0530] {processor.py:830} INFO - Processing file /home/wsl/airflow_venv/lib/python3.10/site-packages/airflow/example_dags/example_branch_day_of_week_operator.py for tasks to queue
[2024-05-05T01:30:42.264+0530] {logging_mixin.py:188} INFO - [2024-05-05T01:30:42.263+0530] {dagbag.py:540} INFO - Filling up the DagBag from /home/wsl/airflow_venv/lib/python3.10/site-packages/airflow/example_dags/example_branch_day_of_week_operator.py
[2024-05-05T01:30:42.299+0530] {processor.py:840} INFO - DAG(s) 'example_weekday_branch_operator' retrieved from /home/wsl/airflow_venv/lib/python3.10/site-packages/airflow/example_dags/example_branch_day_of_week_operator.py
[2024-05-05T01:30:42.380+0530] {logging_mixin.py:188} INFO - [2024-05-05T01:30:42.380+0530] {dag.py:3096} INFO - Sync 1 DAGs
[2024-05-05T01:30:42.475+0530] {logging_mixin.py:188} INFO - [2024-05-05T01:30:42.475+0530] {dag.py:3954} INFO - Setting next_dagrun for example_weekday_branch_operator to 2024-05-03 00:00:00+00:00, run_after=2024-05-04 00:00:00+00:00
[2024-05-05T01:30:42.539+0530] {processor.py:183} INFO - Processing /home/wsl/airflow_venv/lib/python3.10/site-packages/airflow/example_dags/example_branch_day_of_week_operator.py took 0.321 seconds
[2024-05-05T01:31:43.251+0530] {processor.py:161} INFO - Started process (PID=238160) to work on /home/wsl/airflow_venv/lib/python3.10/site-packages/airflow/example_dags/example_branch_day_of_week_operator.py
[2024-05-05T01:31:43.253+0530] {processor.py:830} INFO - Processing file /home/wsl/airflow_venv/lib/python3.10/site-packages/airflow/example_dags/example_branch_day_of_week_operator.py for tasks to queue
[2024-05-05T01:31:43.255+0530] {logging_mixin.py:188} INFO - [2024-05-05T01:31:43.255+0530] {dagbag.py:540} INFO - Filling up the DagBag from /home/wsl/airflow_venv/lib/python3.10/site-packages/airflow/example_dags/example_branch_day_of_week_operator.py
[2024-05-05T01:31:43.264+0530] {processor.py:840} INFO - DAG(s) 'example_weekday_branch_operator' retrieved from /home/wsl/airflow_venv/lib/python3.10/site-packages/airflow/example_dags/example_branch_day_of_week_operator.py
[2024-05-05T01:31:43.387+0530] {logging_mixin.py:188} INFO - [2024-05-05T01:31:43.387+0530] {dag.py:3096} INFO - Sync 1 DAGs
[2024-05-05T01:31:43.405+0530] {logging_mixin.py:188} INFO - [2024-05-05T01:31:43.405+0530] {dag.py:3954} INFO - Setting next_dagrun for example_weekday_branch_operator to 2024-05-03 00:00:00+00:00, run_after=2024-05-04 00:00:00+00:00
[2024-05-05T01:31:43.428+0530] {processor.py:183} INFO - Processing /home/wsl/airflow_venv/lib/python3.10/site-packages/airflow/example_dags/example_branch_day_of_week_operator.py took 0.185 seconds
[2024-05-05T01:32:44.392+0530] {processor.py:161} INFO - Started process (PID=238543) to work on /home/wsl/airflow_venv/lib/python3.10/site-packages/airflow/example_dags/example_branch_day_of_week_operator.py
[2024-05-05T01:32:44.395+0530] {processor.py:830} INFO - Processing file /home/wsl/airflow_venv/lib/python3.10/site-packages/airflow/example_dags/example_branch_day_of_week_operator.py for tasks to queue
[2024-05-05T01:32:44.398+0530] {logging_mixin.py:188} INFO - [2024-05-05T01:32:44.397+0530] {dagbag.py:540} INFO - Filling up the DagBag from /home/wsl/airflow_venv/lib/python3.10/site-packages/airflow/example_dags/example_branch_day_of_week_operator.py
[2024-05-05T01:32:44.409+0530] {processor.py:840} INFO - DAG(s) 'example_weekday_branch_operator' retrieved from /home/wsl/airflow_venv/lib/python3.10/site-packages/airflow/example_dags/example_branch_day_of_week_operator.py
[2024-05-05T01:32:44.444+0530] {logging_mixin.py:188} INFO - [2024-05-05T01:32:44.443+0530] {dag.py:3096} INFO - Sync 1 DAGs
[2024-05-05T01:32:44.467+0530] {logging_mixin.py:188} INFO - [2024-05-05T01:32:44.467+0530] {dag.py:3954} INFO - Setting next_dagrun for example_weekday_branch_operator to 2024-05-03 00:00:00+00:00, run_after=2024-05-04 00:00:00+00:00
[2024-05-05T01:32:44.494+0530] {processor.py:183} INFO - Processing /home/wsl/airflow_venv/lib/python3.10/site-packages/airflow/example_dags/example_branch_day_of_week_operator.py took 0.129 seconds
[2024-05-05T01:34:00.207+0530] {processor.py:161} INFO - Started process (PID=239073) to work on /home/wsl/airflow_venv/lib/python3.10/site-packages/airflow/example_dags/example_branch_day_of_week_operator.py
[2024-05-05T01:34:00.209+0530] {processor.py:830} INFO - Processing file /home/wsl/airflow_venv/lib/python3.10/site-packages/airflow/example_dags/example_branch_day_of_week_operator.py for tasks to queue
[2024-05-05T01:34:00.212+0530] {logging_mixin.py:188} INFO - [2024-05-05T01:34:00.211+0530] {dagbag.py:540} INFO - Filling up the DagBag from /home/wsl/airflow_venv/lib/python3.10/site-packages/airflow/example_dags/example_branch_day_of_week_operator.py
[2024-05-05T01:34:00.224+0530] {processor.py:840} INFO - DAG(s) 'example_weekday_branch_operator' retrieved from /home/wsl/airflow_venv/lib/python3.10/site-packages/airflow/example_dags/example_branch_day_of_week_operator.py
[2024-05-05T01:34:00.245+0530] {logging_mixin.py:188} INFO - [2024-05-05T01:34:00.244+0530] {dag.py:3096} INFO - Sync 1 DAGs
[2024-05-05T01:34:00.267+0530] {logging_mixin.py:188} INFO - [2024-05-05T01:34:00.267+0530] {dag.py:3954} INFO - Setting next_dagrun for example_weekday_branch_operator to 2024-05-03 00:00:00+00:00, run_after=2024-05-04 00:00:00+00:00
[2024-05-05T01:34:00.484+0530] {processor.py:183} INFO - Processing /home/wsl/airflow_venv/lib/python3.10/site-packages/airflow/example_dags/example_branch_day_of_week_operator.py took 0.289 seconds
[2024-05-05T02:51:05.357+0530] {processor.py:161} INFO - Started process (PID=239780) to work on /home/wsl/airflow_venv/lib/python3.10/site-packages/airflow/example_dags/example_branch_day_of_week_operator.py
[2024-05-05T02:51:05.360+0530] {processor.py:830} INFO - Processing file /home/wsl/airflow_venv/lib/python3.10/site-packages/airflow/example_dags/example_branch_day_of_week_operator.py for tasks to queue
[2024-05-05T02:51:05.362+0530] {logging_mixin.py:188} INFO - [2024-05-05T02:51:05.361+0530] {dagbag.py:540} INFO - Filling up the DagBag from /home/wsl/airflow_venv/lib/python3.10/site-packages/airflow/example_dags/example_branch_day_of_week_operator.py
[2024-05-05T02:51:05.374+0530] {processor.py:840} INFO - DAG(s) 'example_weekday_branch_operator' retrieved from /home/wsl/airflow_venv/lib/python3.10/site-packages/airflow/example_dags/example_branch_day_of_week_operator.py
[2024-05-05T02:51:05.393+0530] {logging_mixin.py:188} INFO - [2024-05-05T02:51:05.393+0530] {dag.py:3096} INFO - Sync 1 DAGs
[2024-05-05T02:51:05.415+0530] {logging_mixin.py:188} INFO - [2024-05-05T02:51:05.415+0530] {dag.py:3954} INFO - Setting next_dagrun for example_weekday_branch_operator to 2024-05-03 00:00:00+00:00, run_after=2024-05-04 00:00:00+00:00
[2024-05-05T02:51:05.450+0530] {processor.py:183} INFO - Processing /home/wsl/airflow_venv/lib/python3.10/site-packages/airflow/example_dags/example_branch_day_of_week_operator.py took 0.107 seconds
[2024-05-05T02:52:21.371+0530] {processor.py:161} INFO - Started process (PID=240277) to work on /home/wsl/airflow_venv/lib/python3.10/site-packages/airflow/example_dags/example_branch_day_of_week_operator.py
[2024-05-05T02:52:21.380+0530] {processor.py:830} INFO - Processing file /home/wsl/airflow_venv/lib/python3.10/site-packages/airflow/example_dags/example_branch_day_of_week_operator.py for tasks to queue
[2024-05-05T02:52:21.382+0530] {logging_mixin.py:188} INFO - [2024-05-05T02:52:21.381+0530] {dagbag.py:540} INFO - Filling up the DagBag from /home/wsl/airflow_venv/lib/python3.10/site-packages/airflow/example_dags/example_branch_day_of_week_operator.py
[2024-05-05T02:52:21.434+0530] {processor.py:840} INFO - DAG(s) 'example_weekday_branch_operator' retrieved from /home/wsl/airflow_venv/lib/python3.10/site-packages/airflow/example_dags/example_branch_day_of_week_operator.py
[2024-05-05T02:52:21.549+0530] {logging_mixin.py:188} INFO - [2024-05-05T02:52:21.549+0530] {dag.py:3096} INFO - Sync 1 DAGs
[2024-05-05T02:52:21.626+0530] {logging_mixin.py:188} INFO - [2024-05-05T02:52:21.626+0530] {dag.py:3954} INFO - Setting next_dagrun for example_weekday_branch_operator to 2024-05-03 00:00:00+00:00, run_after=2024-05-04 00:00:00+00:00
[2024-05-05T02:52:22.132+0530] {processor.py:183} INFO - Processing /home/wsl/airflow_venv/lib/python3.10/site-packages/airflow/example_dags/example_branch_day_of_week_operator.py took 0.808 seconds
[2024-05-05T02:53:29.363+0530] {processor.py:161} INFO - Started process (PID=240601) to work on /home/wsl/airflow_venv/lib/python3.10/site-packages/airflow/example_dags/example_branch_day_of_week_operator.py
[2024-05-05T02:53:29.365+0530] {processor.py:830} INFO - Processing file /home/wsl/airflow_venv/lib/python3.10/site-packages/airflow/example_dags/example_branch_day_of_week_operator.py for tasks to queue
[2024-05-05T02:53:29.366+0530] {logging_mixin.py:188} INFO - [2024-05-05T02:53:29.366+0530] {dagbag.py:540} INFO - Filling up the DagBag from /home/wsl/airflow_venv/lib/python3.10/site-packages/airflow/example_dags/example_branch_day_of_week_operator.py
[2024-05-05T02:53:29.377+0530] {processor.py:840} INFO - DAG(s) 'example_weekday_branch_operator' retrieved from /home/wsl/airflow_venv/lib/python3.10/site-packages/airflow/example_dags/example_branch_day_of_week_operator.py
[2024-05-05T02:53:29.396+0530] {logging_mixin.py:188} INFO - [2024-05-05T02:53:29.396+0530] {dag.py:3096} INFO - Sync 1 DAGs
[2024-05-05T02:53:29.419+0530] {logging_mixin.py:188} INFO - [2024-05-05T02:53:29.419+0530] {dag.py:3954} INFO - Setting next_dagrun for example_weekday_branch_operator to 2024-05-03 00:00:00+00:00, run_after=2024-05-04 00:00:00+00:00
[2024-05-05T02:53:29.448+0530] {processor.py:183} INFO - Processing /home/wsl/airflow_venv/lib/python3.10/site-packages/airflow/example_dags/example_branch_day_of_week_operator.py took 0.094 seconds
[2024-05-05T02:54:56.850+0530] {processor.py:161} INFO - Started process (PID=241203) to work on /home/wsl/airflow_venv/lib/python3.10/site-packages/airflow/example_dags/example_branch_day_of_week_operator.py
[2024-05-05T02:54:56.854+0530] {processor.py:830} INFO - Processing file /home/wsl/airflow_venv/lib/python3.10/site-packages/airflow/example_dags/example_branch_day_of_week_operator.py for tasks to queue
[2024-05-05T02:54:56.855+0530] {logging_mixin.py:188} INFO - [2024-05-05T02:54:56.855+0530] {dagbag.py:540} INFO - Filling up the DagBag from /home/wsl/airflow_venv/lib/python3.10/site-packages/airflow/example_dags/example_branch_day_of_week_operator.py
[2024-05-05T02:54:56.865+0530] {processor.py:840} INFO - DAG(s) 'example_weekday_branch_operator' retrieved from /home/wsl/airflow_venv/lib/python3.10/site-packages/airflow/example_dags/example_branch_day_of_week_operator.py
[2024-05-05T02:54:56.894+0530] {logging_mixin.py:188} INFO - [2024-05-05T02:54:56.893+0530] {dag.py:3096} INFO - Sync 1 DAGs
[2024-05-05T02:54:56.926+0530] {logging_mixin.py:188} INFO - [2024-05-05T02:54:56.926+0530] {dag.py:3954} INFO - Setting next_dagrun for example_weekday_branch_operator to 2024-05-03 00:00:00+00:00, run_after=2024-05-04 00:00:00+00:00
[2024-05-05T02:54:56.964+0530] {processor.py:183} INFO - Processing /home/wsl/airflow_venv/lib/python3.10/site-packages/airflow/example_dags/example_branch_day_of_week_operator.py took 0.124 seconds
[2024-05-05T02:55:53.341+0530] {processor.py:161} INFO - Started process (PID=241454) to work on /home/wsl/airflow_venv/lib/python3.10/site-packages/airflow/example_dags/example_branch_day_of_week_operator.py
[2024-05-05T02:55:53.345+0530] {processor.py:830} INFO - Processing file /home/wsl/airflow_venv/lib/python3.10/site-packages/airflow/example_dags/example_branch_day_of_week_operator.py for tasks to queue
[2024-05-05T02:55:53.347+0530] {logging_mixin.py:188} INFO - [2024-05-05T02:55:53.346+0530] {dagbag.py:540} INFO - Filling up the DagBag from /home/wsl/airflow_venv/lib/python3.10/site-packages/airflow/example_dags/example_branch_day_of_week_operator.py
[2024-05-05T02:55:53.360+0530] {processor.py:840} INFO - DAG(s) 'example_weekday_branch_operator' retrieved from /home/wsl/airflow_venv/lib/python3.10/site-packages/airflow/example_dags/example_branch_day_of_week_operator.py
[2024-05-05T02:55:53.387+0530] {logging_mixin.py:188} INFO - [2024-05-05T02:55:53.386+0530] {dag.py:3096} INFO - Sync 1 DAGs
[2024-05-05T02:55:53.422+0530] {logging_mixin.py:188} INFO - [2024-05-05T02:55:53.421+0530] {dag.py:3954} INFO - Setting next_dagrun for example_weekday_branch_operator to 2024-05-03 00:00:00+00:00, run_after=2024-05-04 00:00:00+00:00
[2024-05-05T02:55:53.462+0530] {processor.py:183} INFO - Processing /home/wsl/airflow_venv/lib/python3.10/site-packages/airflow/example_dags/example_branch_day_of_week_operator.py took 0.130 seconds
[2024-05-05T02:57:17.009+0530] {processor.py:161} INFO - Started process (PID=241957) to work on /home/wsl/airflow_venv/lib/python3.10/site-packages/airflow/example_dags/example_branch_day_of_week_operator.py
[2024-05-05T02:57:17.011+0530] {processor.py:830} INFO - Processing file /home/wsl/airflow_venv/lib/python3.10/site-packages/airflow/example_dags/example_branch_day_of_week_operator.py for tasks to queue
[2024-05-05T02:57:17.013+0530] {logging_mixin.py:188} INFO - [2024-05-05T02:57:17.012+0530] {dagbag.py:540} INFO - Filling up the DagBag from /home/wsl/airflow_venv/lib/python3.10/site-packages/airflow/example_dags/example_branch_day_of_week_operator.py
[2024-05-05T02:57:17.027+0530] {processor.py:840} INFO - DAG(s) 'example_weekday_branch_operator' retrieved from /home/wsl/airflow_venv/lib/python3.10/site-packages/airflow/example_dags/example_branch_day_of_week_operator.py
[2024-05-05T02:57:17.047+0530] {logging_mixin.py:188} INFO - [2024-05-05T02:57:17.047+0530] {dag.py:3096} INFO - Sync 1 DAGs
[2024-05-05T02:57:17.071+0530] {logging_mixin.py:188} INFO - [2024-05-05T02:57:17.071+0530] {dag.py:3954} INFO - Setting next_dagrun for example_weekday_branch_operator to 2024-05-03 00:00:00+00:00, run_after=2024-05-04 00:00:00+00:00
[2024-05-05T02:57:17.276+0530] {processor.py:183} INFO - Processing /home/wsl/airflow_venv/lib/python3.10/site-packages/airflow/example_dags/example_branch_day_of_week_operator.py took 0.285 seconds
[2024-05-05T02:58:26.210+0530] {processor.py:161} INFO - Started process (PID=242411) to work on /home/wsl/airflow_venv/lib/python3.10/site-packages/airflow/example_dags/example_branch_day_of_week_operator.py
[2024-05-05T02:58:26.212+0530] {processor.py:830} INFO - Processing file /home/wsl/airflow_venv/lib/python3.10/site-packages/airflow/example_dags/example_branch_day_of_week_operator.py for tasks to queue
[2024-05-05T02:58:26.214+0530] {logging_mixin.py:188} INFO - [2024-05-05T02:58:26.213+0530] {dagbag.py:540} INFO - Filling up the DagBag from /home/wsl/airflow_venv/lib/python3.10/site-packages/airflow/example_dags/example_branch_day_of_week_operator.py
[2024-05-05T02:58:26.225+0530] {processor.py:840} INFO - DAG(s) 'example_weekday_branch_operator' retrieved from /home/wsl/airflow_venv/lib/python3.10/site-packages/airflow/example_dags/example_branch_day_of_week_operator.py
[2024-05-05T02:58:26.246+0530] {logging_mixin.py:188} INFO - [2024-05-05T02:58:26.246+0530] {dag.py:3096} INFO - Sync 1 DAGs
[2024-05-05T02:58:26.269+0530] {logging_mixin.py:188} INFO - [2024-05-05T02:58:26.268+0530] {dag.py:3954} INFO - Setting next_dagrun for example_weekday_branch_operator to 2024-05-03 00:00:00+00:00, run_after=2024-05-04 00:00:00+00:00
[2024-05-05T02:58:26.298+0530] {processor.py:183} INFO - Processing /home/wsl/airflow_venv/lib/python3.10/site-packages/airflow/example_dags/example_branch_day_of_week_operator.py took 0.096 seconds
[2024-05-05T02:59:24.977+0530] {processor.py:161} INFO - Started process (PID=242769) to work on /home/wsl/airflow_venv/lib/python3.10/site-packages/airflow/example_dags/example_branch_day_of_week_operator.py
[2024-05-05T02:59:24.979+0530] {processor.py:830} INFO - Processing file /home/wsl/airflow_venv/lib/python3.10/site-packages/airflow/example_dags/example_branch_day_of_week_operator.py for tasks to queue
[2024-05-05T02:59:24.980+0530] {logging_mixin.py:188} INFO - [2024-05-05T02:59:24.979+0530] {dagbag.py:540} INFO - Filling up the DagBag from /home/wsl/airflow_venv/lib/python3.10/site-packages/airflow/example_dags/example_branch_day_of_week_operator.py
[2024-05-05T02:59:24.989+0530] {processor.py:840} INFO - DAG(s) 'example_weekday_branch_operator' retrieved from /home/wsl/airflow_venv/lib/python3.10/site-packages/airflow/example_dags/example_branch_day_of_week_operator.py
[2024-05-05T02:59:25.008+0530] {logging_mixin.py:188} INFO - [2024-05-05T02:59:25.007+0530] {dag.py:3096} INFO - Sync 1 DAGs
[2024-05-05T02:59:25.030+0530] {logging_mixin.py:188} INFO - [2024-05-05T02:59:25.029+0530] {dag.py:3954} INFO - Setting next_dagrun for example_weekday_branch_operator to 2024-05-03 00:00:00+00:00, run_after=2024-05-04 00:00:00+00:00
[2024-05-05T02:59:25.061+0530] {processor.py:183} INFO - Processing /home/wsl/airflow_venv/lib/python3.10/site-packages/airflow/example_dags/example_branch_day_of_week_operator.py took 0.091 seconds
[2024-05-05T03:00:22.836+0530] {processor.py:161} INFO - Started process (PID=243113) to work on /home/wsl/airflow_venv/lib/python3.10/site-packages/airflow/example_dags/example_branch_day_of_week_operator.py
[2024-05-05T03:00:22.838+0530] {processor.py:830} INFO - Processing file /home/wsl/airflow_venv/lib/python3.10/site-packages/airflow/example_dags/example_branch_day_of_week_operator.py for tasks to queue
[2024-05-05T03:00:22.842+0530] {logging_mixin.py:188} INFO - [2024-05-05T03:00:22.840+0530] {dagbag.py:540} INFO - Filling up the DagBag from /home/wsl/airflow_venv/lib/python3.10/site-packages/airflow/example_dags/example_branch_day_of_week_operator.py
[2024-05-05T03:00:22.853+0530] {processor.py:840} INFO - DAG(s) 'example_weekday_branch_operator' retrieved from /home/wsl/airflow_venv/lib/python3.10/site-packages/airflow/example_dags/example_branch_day_of_week_operator.py
[2024-05-05T03:00:22.881+0530] {logging_mixin.py:188} INFO - [2024-05-05T03:00:22.880+0530] {dag.py:3096} INFO - Sync 1 DAGs
[2024-05-05T03:00:22.913+0530] {logging_mixin.py:188} INFO - [2024-05-05T03:00:22.912+0530] {dag.py:3954} INFO - Setting next_dagrun for example_weekday_branch_operator to 2024-05-03 00:00:00+00:00, run_after=2024-05-04 00:00:00+00:00
[2024-05-05T03:00:22.950+0530] {processor.py:183} INFO - Processing /home/wsl/airflow_venv/lib/python3.10/site-packages/airflow/example_dags/example_branch_day_of_week_operator.py took 0.123 seconds
[2024-05-05T03:01:15.866+0530] {processor.py:161} INFO - Started process (PID=243496) to work on /home/wsl/airflow_venv/lib/python3.10/site-packages/airflow/example_dags/example_branch_day_of_week_operator.py
[2024-05-05T03:01:15.869+0530] {processor.py:830} INFO - Processing file /home/wsl/airflow_venv/lib/python3.10/site-packages/airflow/example_dags/example_branch_day_of_week_operator.py for tasks to queue
[2024-05-05T03:01:15.872+0530] {logging_mixin.py:188} INFO - [2024-05-05T03:01:15.871+0530] {dagbag.py:540} INFO - Filling up the DagBag from /home/wsl/airflow_venv/lib/python3.10/site-packages/airflow/example_dags/example_branch_day_of_week_operator.py
[2024-05-05T03:01:15.885+0530] {processor.py:840} INFO - DAG(s) 'example_weekday_branch_operator' retrieved from /home/wsl/airflow_venv/lib/python3.10/site-packages/airflow/example_dags/example_branch_day_of_week_operator.py
[2024-05-05T03:01:15.906+0530] {logging_mixin.py:188} INFO - [2024-05-05T03:01:15.906+0530] {dag.py:3096} INFO - Sync 1 DAGs
[2024-05-05T03:01:15.928+0530] {logging_mixin.py:188} INFO - [2024-05-05T03:01:15.928+0530] {dag.py:3954} INFO - Setting next_dagrun for example_weekday_branch_operator to 2024-05-03 00:00:00+00:00, run_after=2024-05-04 00:00:00+00:00
[2024-05-05T03:01:15.956+0530] {processor.py:183} INFO - Processing /home/wsl/airflow_venv/lib/python3.10/site-packages/airflow/example_dags/example_branch_day_of_week_operator.py took 0.108 seconds
[2024-05-05T03:02:07.820+0530] {processor.py:161} INFO - Started process (PID=243777) to work on /home/wsl/airflow_venv/lib/python3.10/site-packages/airflow/example_dags/example_branch_day_of_week_operator.py
[2024-05-05T03:02:07.822+0530] {processor.py:830} INFO - Processing file /home/wsl/airflow_venv/lib/python3.10/site-packages/airflow/example_dags/example_branch_day_of_week_operator.py for tasks to queue
[2024-05-05T03:02:07.823+0530] {logging_mixin.py:188} INFO - [2024-05-05T03:02:07.823+0530] {dagbag.py:540} INFO - Filling up the DagBag from /home/wsl/airflow_venv/lib/python3.10/site-packages/airflow/example_dags/example_branch_day_of_week_operator.py
[2024-05-05T03:02:07.833+0530] {processor.py:840} INFO - DAG(s) 'example_weekday_branch_operator' retrieved from /home/wsl/airflow_venv/lib/python3.10/site-packages/airflow/example_dags/example_branch_day_of_week_operator.py
[2024-05-05T03:02:07.853+0530] {logging_mixin.py:188} INFO - [2024-05-05T03:02:07.853+0530] {dag.py:3096} INFO - Sync 1 DAGs
[2024-05-05T03:02:07.875+0530] {logging_mixin.py:188} INFO - [2024-05-05T03:02:07.874+0530] {dag.py:3954} INFO - Setting next_dagrun for example_weekday_branch_operator to 2024-05-03 00:00:00+00:00, run_after=2024-05-04 00:00:00+00:00
[2024-05-05T03:02:07.902+0530] {processor.py:183} INFO - Processing /home/wsl/airflow_venv/lib/python3.10/site-packages/airflow/example_dags/example_branch_day_of_week_operator.py took 0.092 seconds
[2024-05-05T03:03:01.839+0530] {processor.py:161} INFO - Started process (PID=244148) to work on /home/wsl/airflow_venv/lib/python3.10/site-packages/airflow/example_dags/example_branch_day_of_week_operator.py
[2024-05-05T03:03:01.841+0530] {processor.py:830} INFO - Processing file /home/wsl/airflow_venv/lib/python3.10/site-packages/airflow/example_dags/example_branch_day_of_week_operator.py for tasks to queue
[2024-05-05T03:03:01.843+0530] {logging_mixin.py:188} INFO - [2024-05-05T03:03:01.842+0530] {dagbag.py:540} INFO - Filling up the DagBag from /home/wsl/airflow_venv/lib/python3.10/site-packages/airflow/example_dags/example_branch_day_of_week_operator.py
[2024-05-05T03:03:01.860+0530] {processor.py:840} INFO - DAG(s) 'example_weekday_branch_operator' retrieved from /home/wsl/airflow_venv/lib/python3.10/site-packages/airflow/example_dags/example_branch_day_of_week_operator.py
[2024-05-05T03:03:01.878+0530] {logging_mixin.py:188} INFO - [2024-05-05T03:03:01.878+0530] {dag.py:3096} INFO - Sync 1 DAGs
[2024-05-05T03:03:01.900+0530] {logging_mixin.py:188} INFO - [2024-05-05T03:03:01.900+0530] {dag.py:3954} INFO - Setting next_dagrun for example_weekday_branch_operator to 2024-05-03 00:00:00+00:00, run_after=2024-05-04 00:00:00+00:00
[2024-05-05T03:03:01.930+0530] {processor.py:183} INFO - Processing /home/wsl/airflow_venv/lib/python3.10/site-packages/airflow/example_dags/example_branch_day_of_week_operator.py took 0.101 seconds
[2024-05-05T03:03:55.404+0530] {processor.py:161} INFO - Started process (PID=244533) to work on /home/wsl/airflow_venv/lib/python3.10/site-packages/airflow/example_dags/example_branch_day_of_week_operator.py
[2024-05-05T03:03:55.406+0530] {processor.py:830} INFO - Processing file /home/wsl/airflow_venv/lib/python3.10/site-packages/airflow/example_dags/example_branch_day_of_week_operator.py for tasks to queue
[2024-05-05T03:03:55.407+0530] {logging_mixin.py:188} INFO - [2024-05-05T03:03:55.407+0530] {dagbag.py:540} INFO - Filling up the DagBag from /home/wsl/airflow_venv/lib/python3.10/site-packages/airflow/example_dags/example_branch_day_of_week_operator.py
[2024-05-05T03:03:55.416+0530] {processor.py:840} INFO - DAG(s) 'example_weekday_branch_operator' retrieved from /home/wsl/airflow_venv/lib/python3.10/site-packages/airflow/example_dags/example_branch_day_of_week_operator.py
[2024-05-05T03:03:55.447+0530] {logging_mixin.py:188} INFO - [2024-05-05T03:03:55.446+0530] {dag.py:3096} INFO - Sync 1 DAGs
[2024-05-05T03:03:55.491+0530] {logging_mixin.py:188} INFO - [2024-05-05T03:03:55.490+0530] {dag.py:3954} INFO - Setting next_dagrun for example_weekday_branch_operator to 2024-05-03 00:00:00+00:00, run_after=2024-05-04 00:00:00+00:00
[2024-05-05T03:03:55.518+0530] {processor.py:183} INFO - Processing /home/wsl/airflow_venv/lib/python3.10/site-packages/airflow/example_dags/example_branch_day_of_week_operator.py took 0.125 seconds
[2024-05-05T03:04:52.826+0530] {processor.py:161} INFO - Started process (PID=244906) to work on /home/wsl/airflow_venv/lib/python3.10/site-packages/airflow/example_dags/example_branch_day_of_week_operator.py
[2024-05-05T03:04:52.827+0530] {processor.py:830} INFO - Processing file /home/wsl/airflow_venv/lib/python3.10/site-packages/airflow/example_dags/example_branch_day_of_week_operator.py for tasks to queue
[2024-05-05T03:04:52.828+0530] {logging_mixin.py:188} INFO - [2024-05-05T03:04:52.828+0530] {dagbag.py:540} INFO - Filling up the DagBag from /home/wsl/airflow_venv/lib/python3.10/site-packages/airflow/example_dags/example_branch_day_of_week_operator.py
[2024-05-05T03:04:52.838+0530] {processor.py:840} INFO - DAG(s) 'example_weekday_branch_operator' retrieved from /home/wsl/airflow_venv/lib/python3.10/site-packages/airflow/example_dags/example_branch_day_of_week_operator.py
[2024-05-05T03:04:52.864+0530] {logging_mixin.py:188} INFO - [2024-05-05T03:04:52.864+0530] {dag.py:3096} INFO - Sync 1 DAGs
[2024-05-05T03:04:52.895+0530] {logging_mixin.py:188} INFO - [2024-05-05T03:04:52.895+0530] {dag.py:3954} INFO - Setting next_dagrun for example_weekday_branch_operator to 2024-05-03 00:00:00+00:00, run_after=2024-05-04 00:00:00+00:00
[2024-05-05T03:04:52.930+0530] {processor.py:183} INFO - Processing /home/wsl/airflow_venv/lib/python3.10/site-packages/airflow/example_dags/example_branch_day_of_week_operator.py took 0.111 seconds
[2024-05-05T03:05:51.048+0530] {processor.py:161} INFO - Started process (PID=245206) to work on /home/wsl/airflow_venv/lib/python3.10/site-packages/airflow/example_dags/example_branch_day_of_week_operator.py
[2024-05-05T03:05:51.051+0530] {processor.py:830} INFO - Processing file /home/wsl/airflow_venv/lib/python3.10/site-packages/airflow/example_dags/example_branch_day_of_week_operator.py for tasks to queue
[2024-05-05T03:05:51.053+0530] {logging_mixin.py:188} INFO - [2024-05-05T03:05:51.052+0530] {dagbag.py:540} INFO - Filling up the DagBag from /home/wsl/airflow_venv/lib/python3.10/site-packages/airflow/example_dags/example_branch_day_of_week_operator.py
[2024-05-05T03:05:51.067+0530] {processor.py:840} INFO - DAG(s) 'example_weekday_branch_operator' retrieved from /home/wsl/airflow_venv/lib/python3.10/site-packages/airflow/example_dags/example_branch_day_of_week_operator.py
[2024-05-05T03:05:51.086+0530] {logging_mixin.py:188} INFO - [2024-05-05T03:05:51.085+0530] {dag.py:3096} INFO - Sync 1 DAGs
[2024-05-05T03:05:51.108+0530] {logging_mixin.py:188} INFO - [2024-05-05T03:05:51.108+0530] {dag.py:3954} INFO - Setting next_dagrun for example_weekday_branch_operator to 2024-05-03 00:00:00+00:00, run_after=2024-05-04 00:00:00+00:00
[2024-05-05T03:05:51.136+0530] {processor.py:183} INFO - Processing /home/wsl/airflow_venv/lib/python3.10/site-packages/airflow/example_dags/example_branch_day_of_week_operator.py took 0.100 seconds
[2024-05-05T03:06:45.220+0530] {processor.py:161} INFO - Started process (PID=245605) to work on /home/wsl/airflow_venv/lib/python3.10/site-packages/airflow/example_dags/example_branch_day_of_week_operator.py
[2024-05-05T03:06:45.222+0530] {processor.py:830} INFO - Processing file /home/wsl/airflow_venv/lib/python3.10/site-packages/airflow/example_dags/example_branch_day_of_week_operator.py for tasks to queue
[2024-05-05T03:06:45.223+0530] {logging_mixin.py:188} INFO - [2024-05-05T03:06:45.223+0530] {dagbag.py:540} INFO - Filling up the DagBag from /home/wsl/airflow_venv/lib/python3.10/site-packages/airflow/example_dags/example_branch_day_of_week_operator.py
[2024-05-05T03:06:45.236+0530] {processor.py:840} INFO - DAG(s) 'example_weekday_branch_operator' retrieved from /home/wsl/airflow_venv/lib/python3.10/site-packages/airflow/example_dags/example_branch_day_of_week_operator.py
[2024-05-05T03:06:45.286+0530] {logging_mixin.py:188} INFO - [2024-05-05T03:06:45.286+0530] {dag.py:3096} INFO - Sync 1 DAGs
[2024-05-05T03:06:45.313+0530] {logging_mixin.py:188} INFO - [2024-05-05T03:06:45.313+0530] {dag.py:3954} INFO - Setting next_dagrun for example_weekday_branch_operator to 2024-05-03 00:00:00+00:00, run_after=2024-05-04 00:00:00+00:00
[2024-05-05T03:06:45.366+0530] {processor.py:183} INFO - Processing /home/wsl/airflow_venv/lib/python3.10/site-packages/airflow/example_dags/example_branch_day_of_week_operator.py took 0.159 seconds
[2024-05-05T03:07:39.199+0530] {processor.py:161} INFO - Started process (PID=245980) to work on /home/wsl/airflow_venv/lib/python3.10/site-packages/airflow/example_dags/example_branch_day_of_week_operator.py
[2024-05-05T03:07:39.202+0530] {processor.py:830} INFO - Processing file /home/wsl/airflow_venv/lib/python3.10/site-packages/airflow/example_dags/example_branch_day_of_week_operator.py for tasks to queue
[2024-05-05T03:07:39.203+0530] {logging_mixin.py:188} INFO - [2024-05-05T03:07:39.203+0530] {dagbag.py:540} INFO - Filling up the DagBag from /home/wsl/airflow_venv/lib/python3.10/site-packages/airflow/example_dags/example_branch_day_of_week_operator.py
[2024-05-05T03:07:39.213+0530] {processor.py:840} INFO - DAG(s) 'example_weekday_branch_operator' retrieved from /home/wsl/airflow_venv/lib/python3.10/site-packages/airflow/example_dags/example_branch_day_of_week_operator.py
[2024-05-05T03:07:39.247+0530] {logging_mixin.py:188} INFO - [2024-05-05T03:07:39.247+0530] {dag.py:3096} INFO - Sync 1 DAGs
[2024-05-05T03:07:39.270+0530] {logging_mixin.py:188} INFO - [2024-05-05T03:07:39.270+0530] {dag.py:3954} INFO - Setting next_dagrun for example_weekday_branch_operator to 2024-05-03 00:00:00+00:00, run_after=2024-05-04 00:00:00+00:00
[2024-05-05T03:07:39.298+0530] {processor.py:183} INFO - Processing /home/wsl/airflow_venv/lib/python3.10/site-packages/airflow/example_dags/example_branch_day_of_week_operator.py took 0.122 seconds
[2024-05-05T03:08:35.258+0530] {processor.py:161} INFO - Started process (PID=246331) to work on /home/wsl/airflow_venv/lib/python3.10/site-packages/airflow/example_dags/example_branch_day_of_week_operator.py
[2024-05-05T03:08:35.261+0530] {processor.py:830} INFO - Processing file /home/wsl/airflow_venv/lib/python3.10/site-packages/airflow/example_dags/example_branch_day_of_week_operator.py for tasks to queue
[2024-05-05T03:08:35.263+0530] {logging_mixin.py:188} INFO - [2024-05-05T03:08:35.262+0530] {dagbag.py:540} INFO - Filling up the DagBag from /home/wsl/airflow_venv/lib/python3.10/site-packages/airflow/example_dags/example_branch_day_of_week_operator.py
[2024-05-05T03:08:35.277+0530] {processor.py:840} INFO - DAG(s) 'example_weekday_branch_operator' retrieved from /home/wsl/airflow_venv/lib/python3.10/site-packages/airflow/example_dags/example_branch_day_of_week_operator.py
[2024-05-05T03:08:35.312+0530] {logging_mixin.py:188} INFO - [2024-05-05T03:08:35.312+0530] {dag.py:3096} INFO - Sync 1 DAGs
[2024-05-05T03:08:35.338+0530] {logging_mixin.py:188} INFO - [2024-05-05T03:08:35.338+0530] {dag.py:3954} INFO - Setting next_dagrun for example_weekday_branch_operator to 2024-05-03 00:00:00+00:00, run_after=2024-05-04 00:00:00+00:00
[2024-05-05T03:08:35.372+0530] {processor.py:183} INFO - Processing /home/wsl/airflow_venv/lib/python3.10/site-packages/airflow/example_dags/example_branch_day_of_week_operator.py took 0.126 seconds
[2024-05-05T03:09:30.718+0530] {processor.py:161} INFO - Started process (PID=246740) to work on /home/wsl/airflow_venv/lib/python3.10/site-packages/airflow/example_dags/example_branch_day_of_week_operator.py
[2024-05-05T03:09:30.721+0530] {processor.py:830} INFO - Processing file /home/wsl/airflow_venv/lib/python3.10/site-packages/airflow/example_dags/example_branch_day_of_week_operator.py for tasks to queue
[2024-05-05T03:09:30.723+0530] {logging_mixin.py:188} INFO - [2024-05-05T03:09:30.722+0530] {dagbag.py:540} INFO - Filling up the DagBag from /home/wsl/airflow_venv/lib/python3.10/site-packages/airflow/example_dags/example_branch_day_of_week_operator.py
[2024-05-05T03:09:30.737+0530] {processor.py:840} INFO - DAG(s) 'example_weekday_branch_operator' retrieved from /home/wsl/airflow_venv/lib/python3.10/site-packages/airflow/example_dags/example_branch_day_of_week_operator.py
[2024-05-05T03:09:30.756+0530] {logging_mixin.py:188} INFO - [2024-05-05T03:09:30.755+0530] {dag.py:3096} INFO - Sync 1 DAGs
[2024-05-05T03:09:30.780+0530] {logging_mixin.py:188} INFO - [2024-05-05T03:09:30.779+0530] {dag.py:3954} INFO - Setting next_dagrun for example_weekday_branch_operator to 2024-05-03 00:00:00+00:00, run_after=2024-05-04 00:00:00+00:00
[2024-05-05T03:09:30.809+0530] {processor.py:183} INFO - Processing /home/wsl/airflow_venv/lib/python3.10/site-packages/airflow/example_dags/example_branch_day_of_week_operator.py took 0.102 seconds
[2024-05-05T03:10:29.314+0530] {processor.py:161} INFO - Started process (PID=247122) to work on /home/wsl/airflow_venv/lib/python3.10/site-packages/airflow/example_dags/example_branch_day_of_week_operator.py
[2024-05-05T03:10:29.316+0530] {processor.py:830} INFO - Processing file /home/wsl/airflow_venv/lib/python3.10/site-packages/airflow/example_dags/example_branch_day_of_week_operator.py for tasks to queue
[2024-05-05T03:10:29.318+0530] {logging_mixin.py:188} INFO - [2024-05-05T03:10:29.317+0530] {dagbag.py:540} INFO - Filling up the DagBag from /home/wsl/airflow_venv/lib/python3.10/site-packages/airflow/example_dags/example_branch_day_of_week_operator.py
[2024-05-05T03:10:29.327+0530] {processor.py:840} INFO - DAG(s) 'example_weekday_branch_operator' retrieved from /home/wsl/airflow_venv/lib/python3.10/site-packages/airflow/example_dags/example_branch_day_of_week_operator.py
[2024-05-05T03:10:29.347+0530] {logging_mixin.py:188} INFO - [2024-05-05T03:10:29.347+0530] {dag.py:3096} INFO - Sync 1 DAGs
[2024-05-05T03:10:29.369+0530] {logging_mixin.py:188} INFO - [2024-05-05T03:10:29.369+0530] {dag.py:3954} INFO - Setting next_dagrun for example_weekday_branch_operator to 2024-05-03 00:00:00+00:00, run_after=2024-05-04 00:00:00+00:00
[2024-05-05T03:10:29.405+0530] {processor.py:183} INFO - Processing /home/wsl/airflow_venv/lib/python3.10/site-packages/airflow/example_dags/example_branch_day_of_week_operator.py took 0.098 seconds
[2024-05-05T03:11:23.839+0530] {processor.py:161} INFO - Started process (PID=247452) to work on /home/wsl/airflow_venv/lib/python3.10/site-packages/airflow/example_dags/example_branch_day_of_week_operator.py
[2024-05-05T03:11:23.841+0530] {processor.py:830} INFO - Processing file /home/wsl/airflow_venv/lib/python3.10/site-packages/airflow/example_dags/example_branch_day_of_week_operator.py for tasks to queue
[2024-05-05T03:11:23.842+0530] {logging_mixin.py:188} INFO - [2024-05-05T03:11:23.842+0530] {dagbag.py:540} INFO - Filling up the DagBag from /home/wsl/airflow_venv/lib/python3.10/site-packages/airflow/example_dags/example_branch_day_of_week_operator.py
[2024-05-05T03:11:23.851+0530] {processor.py:840} INFO - DAG(s) 'example_weekday_branch_operator' retrieved from /home/wsl/airflow_venv/lib/python3.10/site-packages/airflow/example_dags/example_branch_day_of_week_operator.py
[2024-05-05T03:11:23.871+0530] {logging_mixin.py:188} INFO - [2024-05-05T03:11:23.870+0530] {dag.py:3096} INFO - Sync 1 DAGs
[2024-05-05T03:11:23.894+0530] {logging_mixin.py:188} INFO - [2024-05-05T03:11:23.894+0530] {dag.py:3954} INFO - Setting next_dagrun for example_weekday_branch_operator to 2024-05-03 00:00:00+00:00, run_after=2024-05-04 00:00:00+00:00
[2024-05-05T03:11:23.922+0530] {processor.py:183} INFO - Processing /home/wsl/airflow_venv/lib/python3.10/site-packages/airflow/example_dags/example_branch_day_of_week_operator.py took 0.092 seconds
[2024-05-05T03:12:18.846+0530] {processor.py:161} INFO - Started process (PID=247731) to work on /home/wsl/airflow_venv/lib/python3.10/site-packages/airflow/example_dags/example_branch_day_of_week_operator.py
[2024-05-05T03:12:18.848+0530] {processor.py:830} INFO - Processing file /home/wsl/airflow_venv/lib/python3.10/site-packages/airflow/example_dags/example_branch_day_of_week_operator.py for tasks to queue
[2024-05-05T03:12:18.849+0530] {logging_mixin.py:188} INFO - [2024-05-05T03:12:18.849+0530] {dagbag.py:540} INFO - Filling up the DagBag from /home/wsl/airflow_venv/lib/python3.10/site-packages/airflow/example_dags/example_branch_day_of_week_operator.py
[2024-05-05T03:12:18.857+0530] {processor.py:840} INFO - DAG(s) 'example_weekday_branch_operator' retrieved from /home/wsl/airflow_venv/lib/python3.10/site-packages/airflow/example_dags/example_branch_day_of_week_operator.py
[2024-05-05T03:12:18.880+0530] {logging_mixin.py:188} INFO - [2024-05-05T03:12:18.879+0530] {dag.py:3096} INFO - Sync 1 DAGs
[2024-05-05T03:12:18.902+0530] {logging_mixin.py:188} INFO - [2024-05-05T03:12:18.902+0530] {dag.py:3954} INFO - Setting next_dagrun for example_weekday_branch_operator to 2024-05-03 00:00:00+00:00, run_after=2024-05-04 00:00:00+00:00
[2024-05-05T03:12:18.934+0530] {processor.py:183} INFO - Processing /home/wsl/airflow_venv/lib/python3.10/site-packages/airflow/example_dags/example_branch_day_of_week_operator.py took 0.094 seconds
[2024-05-05T03:13:16.873+0530] {processor.py:161} INFO - Started process (PID=248087) to work on /home/wsl/airflow_venv/lib/python3.10/site-packages/airflow/example_dags/example_branch_day_of_week_operator.py
[2024-05-05T03:13:16.875+0530] {processor.py:830} INFO - Processing file /home/wsl/airflow_venv/lib/python3.10/site-packages/airflow/example_dags/example_branch_day_of_week_operator.py for tasks to queue
[2024-05-05T03:13:16.876+0530] {logging_mixin.py:188} INFO - [2024-05-05T03:13:16.876+0530] {dagbag.py:540} INFO - Filling up the DagBag from /home/wsl/airflow_venv/lib/python3.10/site-packages/airflow/example_dags/example_branch_day_of_week_operator.py
[2024-05-05T03:13:16.888+0530] {processor.py:840} INFO - DAG(s) 'example_weekday_branch_operator' retrieved from /home/wsl/airflow_venv/lib/python3.10/site-packages/airflow/example_dags/example_branch_day_of_week_operator.py
[2024-05-05T03:13:16.910+0530] {logging_mixin.py:188} INFO - [2024-05-05T03:13:16.910+0530] {dag.py:3096} INFO - Sync 1 DAGs
[2024-05-05T03:13:16.933+0530] {logging_mixin.py:188} INFO - [2024-05-05T03:13:16.933+0530] {dag.py:3954} INFO - Setting next_dagrun for example_weekday_branch_operator to 2024-05-03 00:00:00+00:00, run_after=2024-05-04 00:00:00+00:00
[2024-05-05T03:13:16.962+0530] {processor.py:183} INFO - Processing /home/wsl/airflow_venv/lib/python3.10/site-packages/airflow/example_dags/example_branch_day_of_week_operator.py took 0.099 seconds
[2024-05-05T03:14:12.622+0530] {processor.py:161} INFO - Started process (PID=248401) to work on /home/wsl/airflow_venv/lib/python3.10/site-packages/airflow/example_dags/example_branch_day_of_week_operator.py
[2024-05-05T03:14:12.626+0530] {processor.py:830} INFO - Processing file /home/wsl/airflow_venv/lib/python3.10/site-packages/airflow/example_dags/example_branch_day_of_week_operator.py for tasks to queue
[2024-05-05T03:14:12.627+0530] {logging_mixin.py:188} INFO - [2024-05-05T03:14:12.627+0530] {dagbag.py:540} INFO - Filling up the DagBag from /home/wsl/airflow_venv/lib/python3.10/site-packages/airflow/example_dags/example_branch_day_of_week_operator.py
[2024-05-05T03:14:12.640+0530] {processor.py:840} INFO - DAG(s) 'example_weekday_branch_operator' retrieved from /home/wsl/airflow_venv/lib/python3.10/site-packages/airflow/example_dags/example_branch_day_of_week_operator.py
[2024-05-05T03:14:12.662+0530] {logging_mixin.py:188} INFO - [2024-05-05T03:14:12.662+0530] {dag.py:3096} INFO - Sync 1 DAGs
[2024-05-05T03:14:12.688+0530] {logging_mixin.py:188} INFO - [2024-05-05T03:14:12.688+0530] {dag.py:3954} INFO - Setting next_dagrun for example_weekday_branch_operator to 2024-05-03 00:00:00+00:00, run_after=2024-05-04 00:00:00+00:00
[2024-05-05T03:14:12.728+0530] {processor.py:183} INFO - Processing /home/wsl/airflow_venv/lib/python3.10/site-packages/airflow/example_dags/example_branch_day_of_week_operator.py took 0.122 seconds
[2024-05-05T03:15:11.137+0530] {processor.py:161} INFO - Started process (PID=248746) to work on /home/wsl/airflow_venv/lib/python3.10/site-packages/airflow/example_dags/example_branch_day_of_week_operator.py
[2024-05-05T03:15:11.139+0530] {processor.py:830} INFO - Processing file /home/wsl/airflow_venv/lib/python3.10/site-packages/airflow/example_dags/example_branch_day_of_week_operator.py for tasks to queue
[2024-05-05T03:15:11.141+0530] {logging_mixin.py:188} INFO - [2024-05-05T03:15:11.140+0530] {dagbag.py:540} INFO - Filling up the DagBag from /home/wsl/airflow_venv/lib/python3.10/site-packages/airflow/example_dags/example_branch_day_of_week_operator.py
[2024-05-05T03:15:11.150+0530] {processor.py:840} INFO - DAG(s) 'example_weekday_branch_operator' retrieved from /home/wsl/airflow_venv/lib/python3.10/site-packages/airflow/example_dags/example_branch_day_of_week_operator.py
[2024-05-05T03:15:11.169+0530] {logging_mixin.py:188} INFO - [2024-05-05T03:15:11.169+0530] {dag.py:3096} INFO - Sync 1 DAGs
[2024-05-05T03:15:11.191+0530] {logging_mixin.py:188} INFO - [2024-05-05T03:15:11.191+0530] {dag.py:3954} INFO - Setting next_dagrun for example_weekday_branch_operator to 2024-05-03 00:00:00+00:00, run_after=2024-05-04 00:00:00+00:00
[2024-05-05T03:15:11.239+0530] {processor.py:183} INFO - Processing /home/wsl/airflow_venv/lib/python3.10/site-packages/airflow/example_dags/example_branch_day_of_week_operator.py took 0.109 seconds
[2024-05-05T03:16:12.158+0530] {processor.py:161} INFO - Started process (PID=249094) to work on /home/wsl/airflow_venv/lib/python3.10/site-packages/airflow/example_dags/example_branch_day_of_week_operator.py
[2024-05-05T03:16:12.160+0530] {processor.py:830} INFO - Processing file /home/wsl/airflow_venv/lib/python3.10/site-packages/airflow/example_dags/example_branch_day_of_week_operator.py for tasks to queue
[2024-05-05T03:16:12.162+0530] {logging_mixin.py:188} INFO - [2024-05-05T03:16:12.161+0530] {dagbag.py:540} INFO - Filling up the DagBag from /home/wsl/airflow_venv/lib/python3.10/site-packages/airflow/example_dags/example_branch_day_of_week_operator.py
[2024-05-05T03:16:12.175+0530] {processor.py:840} INFO - DAG(s) 'example_weekday_branch_operator' retrieved from /home/wsl/airflow_venv/lib/python3.10/site-packages/airflow/example_dags/example_branch_day_of_week_operator.py
[2024-05-05T03:16:12.194+0530] {logging_mixin.py:188} INFO - [2024-05-05T03:16:12.194+0530] {dag.py:3096} INFO - Sync 1 DAGs
[2024-05-05T03:16:12.217+0530] {logging_mixin.py:188} INFO - [2024-05-05T03:16:12.217+0530] {dag.py:3954} INFO - Setting next_dagrun for example_weekday_branch_operator to 2024-05-03 00:00:00+00:00, run_after=2024-05-04 00:00:00+00:00
[2024-05-05T03:16:12.250+0530] {processor.py:183} INFO - Processing /home/wsl/airflow_venv/lib/python3.10/site-packages/airflow/example_dags/example_branch_day_of_week_operator.py took 0.108 seconds
[2024-05-05T03:17:23.265+0530] {processor.py:161} INFO - Started process (PID=249452) to work on /home/wsl/airflow_venv/lib/python3.10/site-packages/airflow/example_dags/example_branch_day_of_week_operator.py
[2024-05-05T03:17:23.289+0530] {processor.py:830} INFO - Processing file /home/wsl/airflow_venv/lib/python3.10/site-packages/airflow/example_dags/example_branch_day_of_week_operator.py for tasks to queue
[2024-05-05T03:17:23.291+0530] {logging_mixin.py:188} INFO - [2024-05-05T03:17:23.290+0530] {dagbag.py:540} INFO - Filling up the DagBag from /home/wsl/airflow_venv/lib/python3.10/site-packages/airflow/example_dags/example_branch_day_of_week_operator.py
[2024-05-05T03:17:23.308+0530] {processor.py:840} INFO - DAG(s) 'example_weekday_branch_operator' retrieved from /home/wsl/airflow_venv/lib/python3.10/site-packages/airflow/example_dags/example_branch_day_of_week_operator.py
[2024-05-05T03:17:23.331+0530] {logging_mixin.py:188} INFO - [2024-05-05T03:17:23.330+0530] {dag.py:3096} INFO - Sync 1 DAGs
[2024-05-05T03:17:23.354+0530] {logging_mixin.py:188} INFO - [2024-05-05T03:17:23.353+0530] {dag.py:3954} INFO - Setting next_dagrun for example_weekday_branch_operator to 2024-05-03 00:00:00+00:00, run_after=2024-05-04 00:00:00+00:00
[2024-05-05T03:17:23.590+0530] {processor.py:183} INFO - Processing /home/wsl/airflow_venv/lib/python3.10/site-packages/airflow/example_dags/example_branch_day_of_week_operator.py took 0.336 seconds
[2024-05-05T03:18:50.426+0530] {processor.py:161} INFO - Started process (PID=249900) to work on /home/wsl/airflow_venv/lib/python3.10/site-packages/airflow/example_dags/example_branch_day_of_week_operator.py
[2024-05-05T03:18:50.428+0530] {processor.py:830} INFO - Processing file /home/wsl/airflow_venv/lib/python3.10/site-packages/airflow/example_dags/example_branch_day_of_week_operator.py for tasks to queue
[2024-05-05T03:18:50.429+0530] {logging_mixin.py:188} INFO - [2024-05-05T03:18:50.428+0530] {dagbag.py:540} INFO - Filling up the DagBag from /home/wsl/airflow_venv/lib/python3.10/site-packages/airflow/example_dags/example_branch_day_of_week_operator.py
[2024-05-05T03:18:50.438+0530] {processor.py:840} INFO - DAG(s) 'example_weekday_branch_operator' retrieved from /home/wsl/airflow_venv/lib/python3.10/site-packages/airflow/example_dags/example_branch_day_of_week_operator.py
[2024-05-05T03:18:50.458+0530] {logging_mixin.py:188} INFO - [2024-05-05T03:18:50.458+0530] {dag.py:3096} INFO - Sync 1 DAGs
[2024-05-05T03:18:50.490+0530] {logging_mixin.py:188} INFO - [2024-05-05T03:18:50.489+0530] {dag.py:3954} INFO - Setting next_dagrun for example_weekday_branch_operator to 2024-05-03 00:00:00+00:00, run_after=2024-05-04 00:00:00+00:00
[2024-05-05T03:18:50.524+0530] {processor.py:183} INFO - Processing /home/wsl/airflow_venv/lib/python3.10/site-packages/airflow/example_dags/example_branch_day_of_week_operator.py took 0.105 seconds
[2024-05-05T03:19:54.598+0530] {processor.py:161} INFO - Started process (PID=250283) to work on /home/wsl/airflow_venv/lib/python3.10/site-packages/airflow/example_dags/example_branch_day_of_week_operator.py
[2024-05-05T03:19:54.601+0530] {processor.py:830} INFO - Processing file /home/wsl/airflow_venv/lib/python3.10/site-packages/airflow/example_dags/example_branch_day_of_week_operator.py for tasks to queue
[2024-05-05T03:19:54.603+0530] {logging_mixin.py:188} INFO - [2024-05-05T03:19:54.602+0530] {dagbag.py:540} INFO - Filling up the DagBag from /home/wsl/airflow_venv/lib/python3.10/site-packages/airflow/example_dags/example_branch_day_of_week_operator.py
[2024-05-05T03:19:54.634+0530] {processor.py:840} INFO - DAG(s) 'example_weekday_branch_operator' retrieved from /home/wsl/airflow_venv/lib/python3.10/site-packages/airflow/example_dags/example_branch_day_of_week_operator.py
[2024-05-05T03:19:54.703+0530] {logging_mixin.py:188} INFO - [2024-05-05T03:19:54.703+0530] {dag.py:3096} INFO - Sync 1 DAGs
[2024-05-05T03:19:54.741+0530] {logging_mixin.py:188} INFO - [2024-05-05T03:19:54.740+0530] {dag.py:3954} INFO - Setting next_dagrun for example_weekday_branch_operator to 2024-05-03 00:00:00+00:00, run_after=2024-05-04 00:00:00+00:00
[2024-05-05T03:19:54.817+0530] {processor.py:183} INFO - Processing /home/wsl/airflow_venv/lib/python3.10/site-packages/airflow/example_dags/example_branch_day_of_week_operator.py took 0.248 seconds
[2024-05-05T03:21:10.795+0530] {processor.py:161} INFO - Started process (PID=250750) to work on /home/wsl/airflow_venv/lib/python3.10/site-packages/airflow/example_dags/example_branch_day_of_week_operator.py
[2024-05-05T03:21:10.804+0530] {processor.py:830} INFO - Processing file /home/wsl/airflow_venv/lib/python3.10/site-packages/airflow/example_dags/example_branch_day_of_week_operator.py for tasks to queue
[2024-05-05T03:21:10.806+0530] {logging_mixin.py:188} INFO - [2024-05-05T03:21:10.805+0530] {dagbag.py:540} INFO - Filling up the DagBag from /home/wsl/airflow_venv/lib/python3.10/site-packages/airflow/example_dags/example_branch_day_of_week_operator.py
[2024-05-05T03:21:10.841+0530] {processor.py:840} INFO - DAG(s) 'example_weekday_branch_operator' retrieved from /home/wsl/airflow_venv/lib/python3.10/site-packages/airflow/example_dags/example_branch_day_of_week_operator.py
[2024-05-05T03:21:10.911+0530] {logging_mixin.py:188} INFO - [2024-05-05T03:21:10.911+0530] {dag.py:3096} INFO - Sync 1 DAGs
[2024-05-05T03:21:10.945+0530] {logging_mixin.py:188} INFO - [2024-05-05T03:21:10.945+0530] {dag.py:3954} INFO - Setting next_dagrun for example_weekday_branch_operator to 2024-05-03 00:00:00+00:00, run_after=2024-05-04 00:00:00+00:00
[2024-05-05T03:21:10.997+0530] {processor.py:183} INFO - Processing /home/wsl/airflow_venv/lib/python3.10/site-packages/airflow/example_dags/example_branch_day_of_week_operator.py took 0.233 seconds
[2024-05-05T03:22:18.885+0530] {processor.py:161} INFO - Started process (PID=251113) to work on /home/wsl/airflow_venv/lib/python3.10/site-packages/airflow/example_dags/example_branch_day_of_week_operator.py
[2024-05-05T03:22:18.887+0530] {processor.py:830} INFO - Processing file /home/wsl/airflow_venv/lib/python3.10/site-packages/airflow/example_dags/example_branch_day_of_week_operator.py for tasks to queue
[2024-05-05T03:22:18.889+0530] {logging_mixin.py:188} INFO - [2024-05-05T03:22:18.888+0530] {dagbag.py:540} INFO - Filling up the DagBag from /home/wsl/airflow_venv/lib/python3.10/site-packages/airflow/example_dags/example_branch_day_of_week_operator.py
[2024-05-05T03:22:18.906+0530] {processor.py:840} INFO - DAG(s) 'example_weekday_branch_operator' retrieved from /home/wsl/airflow_venv/lib/python3.10/site-packages/airflow/example_dags/example_branch_day_of_week_operator.py
[2024-05-05T03:22:18.933+0530] {logging_mixin.py:188} INFO - [2024-05-05T03:22:18.933+0530] {dag.py:3096} INFO - Sync 1 DAGs
[2024-05-05T03:22:18.974+0530] {logging_mixin.py:188} INFO - [2024-05-05T03:22:18.974+0530] {dag.py:3954} INFO - Setting next_dagrun for example_weekday_branch_operator to 2024-05-03 00:00:00+00:00, run_after=2024-05-04 00:00:00+00:00
[2024-05-05T03:22:19.032+0530] {processor.py:183} INFO - Processing /home/wsl/airflow_venv/lib/python3.10/site-packages/airflow/example_dags/example_branch_day_of_week_operator.py took 0.158 seconds
[2024-05-05T03:23:28.712+0530] {processor.py:161} INFO - Started process (PID=251454) to work on /home/wsl/airflow_venv/lib/python3.10/site-packages/airflow/example_dags/example_branch_day_of_week_operator.py
[2024-05-05T03:23:28.714+0530] {processor.py:830} INFO - Processing file /home/wsl/airflow_venv/lib/python3.10/site-packages/airflow/example_dags/example_branch_day_of_week_operator.py for tasks to queue
[2024-05-05T03:23:28.715+0530] {logging_mixin.py:188} INFO - [2024-05-05T03:23:28.715+0530] {dagbag.py:540} INFO - Filling up the DagBag from /home/wsl/airflow_venv/lib/python3.10/site-packages/airflow/example_dags/example_branch_day_of_week_operator.py
[2024-05-05T03:23:28.730+0530] {processor.py:840} INFO - DAG(s) 'example_weekday_branch_operator' retrieved from /home/wsl/airflow_venv/lib/python3.10/site-packages/airflow/example_dags/example_branch_day_of_week_operator.py
[2024-05-05T03:23:28.756+0530] {logging_mixin.py:188} INFO - [2024-05-05T03:23:28.756+0530] {dag.py:3096} INFO - Sync 1 DAGs
[2024-05-05T03:23:28.783+0530] {logging_mixin.py:188} INFO - [2024-05-05T03:23:28.783+0530] {dag.py:3954} INFO - Setting next_dagrun for example_weekday_branch_operator to 2024-05-03 00:00:00+00:00, run_after=2024-05-04 00:00:00+00:00
[2024-05-05T03:23:28.819+0530] {processor.py:183} INFO - Processing /home/wsl/airflow_venv/lib/python3.10/site-packages/airflow/example_dags/example_branch_day_of_week_operator.py took 0.120 seconds
[2024-05-05T03:24:23.496+0530] {processor.py:161} INFO - Started process (PID=251820) to work on /home/wsl/airflow_venv/lib/python3.10/site-packages/airflow/example_dags/example_branch_day_of_week_operator.py
[2024-05-05T03:24:23.498+0530] {processor.py:830} INFO - Processing file /home/wsl/airflow_venv/lib/python3.10/site-packages/airflow/example_dags/example_branch_day_of_week_operator.py for tasks to queue
[2024-05-05T03:24:23.499+0530] {logging_mixin.py:188} INFO - [2024-05-05T03:24:23.498+0530] {dagbag.py:540} INFO - Filling up the DagBag from /home/wsl/airflow_venv/lib/python3.10/site-packages/airflow/example_dags/example_branch_day_of_week_operator.py
[2024-05-05T03:24:23.513+0530] {processor.py:840} INFO - DAG(s) 'example_weekday_branch_operator' retrieved from /home/wsl/airflow_venv/lib/python3.10/site-packages/airflow/example_dags/example_branch_day_of_week_operator.py
[2024-05-05T03:24:23.534+0530] {logging_mixin.py:188} INFO - [2024-05-05T03:24:23.534+0530] {dag.py:3096} INFO - Sync 1 DAGs
[2024-05-05T03:24:23.556+0530] {logging_mixin.py:188} INFO - [2024-05-05T03:24:23.556+0530] {dag.py:3954} INFO - Setting next_dagrun for example_weekday_branch_operator to 2024-05-03 00:00:00+00:00, run_after=2024-05-04 00:00:00+00:00
[2024-05-05T03:24:23.586+0530] {processor.py:183} INFO - Processing /home/wsl/airflow_venv/lib/python3.10/site-packages/airflow/example_dags/example_branch_day_of_week_operator.py took 0.099 seconds
[2024-05-05T03:25:16.838+0530] {processor.py:161} INFO - Started process (PID=252168) to work on /home/wsl/airflow_venv/lib/python3.10/site-packages/airflow/example_dags/example_branch_day_of_week_operator.py
[2024-05-05T03:25:16.840+0530] {processor.py:830} INFO - Processing file /home/wsl/airflow_venv/lib/python3.10/site-packages/airflow/example_dags/example_branch_day_of_week_operator.py for tasks to queue
[2024-05-05T03:25:16.842+0530] {logging_mixin.py:188} INFO - [2024-05-05T03:25:16.841+0530] {dagbag.py:540} INFO - Filling up the DagBag from /home/wsl/airflow_venv/lib/python3.10/site-packages/airflow/example_dags/example_branch_day_of_week_operator.py
[2024-05-05T03:25:16.855+0530] {processor.py:840} INFO - DAG(s) 'example_weekday_branch_operator' retrieved from /home/wsl/airflow_venv/lib/python3.10/site-packages/airflow/example_dags/example_branch_day_of_week_operator.py
[2024-05-05T03:25:16.875+0530] {logging_mixin.py:188} INFO - [2024-05-05T03:25:16.874+0530] {dag.py:3096} INFO - Sync 1 DAGs
[2024-05-05T03:25:16.896+0530] {logging_mixin.py:188} INFO - [2024-05-05T03:25:16.896+0530] {dag.py:3954} INFO - Setting next_dagrun for example_weekday_branch_operator to 2024-05-03 00:00:00+00:00, run_after=2024-05-04 00:00:00+00:00
[2024-05-05T03:25:16.923+0530] {processor.py:183} INFO - Processing /home/wsl/airflow_venv/lib/python3.10/site-packages/airflow/example_dags/example_branch_day_of_week_operator.py took 0.096 seconds
[2024-05-05T03:26:16.746+0530] {processor.py:161} INFO - Started process (PID=252528) to work on /home/wsl/airflow_venv/lib/python3.10/site-packages/airflow/example_dags/example_branch_day_of_week_operator.py
[2024-05-05T03:26:16.750+0530] {processor.py:830} INFO - Processing file /home/wsl/airflow_venv/lib/python3.10/site-packages/airflow/example_dags/example_branch_day_of_week_operator.py for tasks to queue
[2024-05-05T03:26:16.752+0530] {logging_mixin.py:188} INFO - [2024-05-05T03:26:16.751+0530] {dagbag.py:540} INFO - Filling up the DagBag from /home/wsl/airflow_venv/lib/python3.10/site-packages/airflow/example_dags/example_branch_day_of_week_operator.py
[2024-05-05T03:26:16.762+0530] {processor.py:840} INFO - DAG(s) 'example_weekday_branch_operator' retrieved from /home/wsl/airflow_venv/lib/python3.10/site-packages/airflow/example_dags/example_branch_day_of_week_operator.py
[2024-05-05T03:26:16.787+0530] {logging_mixin.py:188} INFO - [2024-05-05T03:26:16.787+0530] {dag.py:3096} INFO - Sync 1 DAGs
[2024-05-05T03:26:16.816+0530] {logging_mixin.py:188} INFO - [2024-05-05T03:26:16.816+0530] {dag.py:3954} INFO - Setting next_dagrun for example_weekday_branch_operator to 2024-05-03 00:00:00+00:00, run_after=2024-05-04 00:00:00+00:00
[2024-05-05T03:26:16.852+0530] {processor.py:183} INFO - Processing /home/wsl/airflow_venv/lib/python3.10/site-packages/airflow/example_dags/example_branch_day_of_week_operator.py took 0.115 seconds
[2024-05-05T03:27:31.180+0530] {processor.py:161} INFO - Started process (PID=252972) to work on /home/wsl/airflow_venv/lib/python3.10/site-packages/airflow/example_dags/example_branch_day_of_week_operator.py
[2024-05-05T03:27:31.196+0530] {processor.py:830} INFO - Processing file /home/wsl/airflow_venv/lib/python3.10/site-packages/airflow/example_dags/example_branch_day_of_week_operator.py for tasks to queue
[2024-05-05T03:27:31.198+0530] {logging_mixin.py:188} INFO - [2024-05-05T03:27:31.197+0530] {dagbag.py:540} INFO - Filling up the DagBag from /home/wsl/airflow_venv/lib/python3.10/site-packages/airflow/example_dags/example_branch_day_of_week_operator.py
[2024-05-05T03:27:31.223+0530] {processor.py:840} INFO - DAG(s) 'example_weekday_branch_operator' retrieved from /home/wsl/airflow_venv/lib/python3.10/site-packages/airflow/example_dags/example_branch_day_of_week_operator.py
[2024-05-05T03:27:31.273+0530] {logging_mixin.py:188} INFO - [2024-05-05T03:27:31.272+0530] {dag.py:3096} INFO - Sync 1 DAGs
[2024-05-05T03:27:31.316+0530] {logging_mixin.py:188} INFO - [2024-05-05T03:27:31.316+0530] {dag.py:3954} INFO - Setting next_dagrun for example_weekday_branch_operator to 2024-05-03 00:00:00+00:00, run_after=2024-05-04 00:00:00+00:00
[2024-05-05T03:27:31.856+0530] {processor.py:183} INFO - Processing /home/wsl/airflow_venv/lib/python3.10/site-packages/airflow/example_dags/example_branch_day_of_week_operator.py took 0.698 seconds
