[2024-05-05T01:29:54.167+0530] {processor.py:161} INFO - Started process (PID=237387) to work on /home/wsl/airflow_venv/lib/python3.10/site-packages/airflow/example_dags/example_dag_decorator.py
[2024-05-05T01:29:54.168+0530] {processor.py:830} INFO - Processing file /home/wsl/airflow_venv/lib/python3.10/site-packages/airflow/example_dags/example_dag_decorator.py for tasks to queue
[2024-05-05T01:29:54.169+0530] {logging_mixin.py:188} INFO - [2024-05-05T01:29:54.169+0530] {dagbag.py:540} INFO - Filling up the DagBag from /home/wsl/airflow_venv/lib/python3.10/site-packages/airflow/example_dags/example_dag_decorator.py
[2024-05-05T01:29:54.289+0530] {processor.py:840} INFO - DAG(s) 'example_dag_decorator' retrieved from /home/wsl/airflow_venv/lib/python3.10/site-packages/airflow/example_dags/example_dag_decorator.py
[2024-05-05T01:29:54.480+0530] {logging_mixin.py:188} INFO - [2024-05-05T01:29:54.480+0530] {dag.py:3096} INFO - Sync 1 DAGs
[2024-05-05T01:29:54.489+0530] {logging_mixin.py:188} INFO - [2024-05-05T01:29:54.488+0530] {dag.py:3954} INFO - Setting next_dagrun for example_dag_decorator to None, run_after=None
[2024-05-05T01:29:54.518+0530] {processor.py:183} INFO - Processing /home/wsl/airflow_venv/lib/python3.10/site-packages/airflow/example_dags/example_dag_decorator.py took 0.358 seconds
[2024-05-05T01:31:08.565+0530] {processor.py:161} INFO - Started process (PID=237859) to work on /home/wsl/airflow_venv/lib/python3.10/site-packages/airflow/example_dags/example_dag_decorator.py
[2024-05-05T01:31:08.567+0530] {processor.py:830} INFO - Processing file /home/wsl/airflow_venv/lib/python3.10/site-packages/airflow/example_dags/example_dag_decorator.py for tasks to queue
[2024-05-05T01:31:08.569+0530] {logging_mixin.py:188} INFO - [2024-05-05T01:31:08.569+0530] {dagbag.py:540} INFO - Filling up the DagBag from /home/wsl/airflow_venv/lib/python3.10/site-packages/airflow/example_dags/example_dag_decorator.py
[2024-05-05T01:31:08.758+0530] {processor.py:840} INFO - DAG(s) 'example_dag_decorator' retrieved from /home/wsl/airflow_venv/lib/python3.10/site-packages/airflow/example_dags/example_dag_decorator.py
[2024-05-05T01:31:08.847+0530] {logging_mixin.py:188} INFO - [2024-05-05T01:31:08.847+0530] {dag.py:3096} INFO - Sync 1 DAGs
[2024-05-05T01:31:08.858+0530] {logging_mixin.py:188} INFO - [2024-05-05T01:31:08.858+0530] {dag.py:3954} INFO - Setting next_dagrun for example_dag_decorator to None, run_after=None
[2024-05-05T01:31:08.883+0530] {processor.py:183} INFO - Processing /home/wsl/airflow_venv/lib/python3.10/site-packages/airflow/example_dags/example_dag_decorator.py took 0.325 seconds
[2024-05-05T01:32:12.522+0530] {processor.py:161} INFO - Started process (PID=238271) to work on /home/wsl/airflow_venv/lib/python3.10/site-packages/airflow/example_dags/example_dag_decorator.py
[2024-05-05T01:32:12.558+0530] {processor.py:830} INFO - Processing file /home/wsl/airflow_venv/lib/python3.10/site-packages/airflow/example_dags/example_dag_decorator.py for tasks to queue
[2024-05-05T01:32:12.562+0530] {logging_mixin.py:188} INFO - [2024-05-05T01:32:12.561+0530] {dagbag.py:540} INFO - Filling up the DagBag from /home/wsl/airflow_venv/lib/python3.10/site-packages/airflow/example_dags/example_dag_decorator.py
[2024-05-05T01:32:13.009+0530] {processor.py:840} INFO - DAG(s) 'example_dag_decorator' retrieved from /home/wsl/airflow_venv/lib/python3.10/site-packages/airflow/example_dags/example_dag_decorator.py
[2024-05-05T01:32:13.492+0530] {logging_mixin.py:188} INFO - [2024-05-05T01:32:13.491+0530] {dag.py:3096} INFO - Sync 1 DAGs
[2024-05-05T01:32:13.550+0530] {logging_mixin.py:188} INFO - [2024-05-05T01:32:13.540+0530] {dag.py:3954} INFO - Setting next_dagrun for example_dag_decorator to None, run_after=None
[2024-05-05T01:32:13.647+0530] {processor.py:183} INFO - Processing /home/wsl/airflow_venv/lib/python3.10/site-packages/airflow/example_dags/example_dag_decorator.py took 1.155 seconds
[2024-05-05T01:33:11.775+0530] {processor.py:161} INFO - Started process (PID=238781) to work on /home/wsl/airflow_venv/lib/python3.10/site-packages/airflow/example_dags/example_dag_decorator.py
[2024-05-05T01:33:11.828+0530] {processor.py:830} INFO - Processing file /home/wsl/airflow_venv/lib/python3.10/site-packages/airflow/example_dags/example_dag_decorator.py for tasks to queue
[2024-05-05T01:33:11.831+0530] {logging_mixin.py:188} INFO - [2024-05-05T01:33:11.830+0530] {dagbag.py:540} INFO - Filling up the DagBag from /home/wsl/airflow_venv/lib/python3.10/site-packages/airflow/example_dags/example_dag_decorator.py
[2024-05-05T01:33:12.277+0530] {processor.py:840} INFO - DAG(s) 'example_dag_decorator' retrieved from /home/wsl/airflow_venv/lib/python3.10/site-packages/airflow/example_dags/example_dag_decorator.py
[2024-05-05T01:33:12.903+0530] {logging_mixin.py:188} INFO - [2024-05-05T01:33:12.903+0530] {dag.py:3096} INFO - Sync 1 DAGs
[2024-05-05T01:33:12.914+0530] {logging_mixin.py:188} INFO - [2024-05-05T01:33:12.913+0530] {dag.py:3954} INFO - Setting next_dagrun for example_dag_decorator to None, run_after=None
[2024-05-05T01:33:12.967+0530] {processor.py:183} INFO - Processing /home/wsl/airflow_venv/lib/python3.10/site-packages/airflow/example_dags/example_dag_decorator.py took 1.224 seconds
[2024-05-05T02:49:53.804+0530] {processor.py:161} INFO - Started process (PID=239468) to work on /home/wsl/airflow_venv/lib/python3.10/site-packages/airflow/example_dags/example_dag_decorator.py
[2024-05-05T02:49:53.808+0530] {processor.py:830} INFO - Processing file /home/wsl/airflow_venv/lib/python3.10/site-packages/airflow/example_dags/example_dag_decorator.py for tasks to queue
[2024-05-05T02:49:53.810+0530] {logging_mixin.py:188} INFO - [2024-05-05T02:49:53.809+0530] {dagbag.py:540} INFO - Filling up the DagBag from /home/wsl/airflow_venv/lib/python3.10/site-packages/airflow/example_dags/example_dag_decorator.py
[2024-05-05T02:49:57.354+0530] {processor.py:840} INFO - DAG(s) 'example_dag_decorator' retrieved from /home/wsl/airflow_venv/lib/python3.10/site-packages/airflow/example_dags/example_dag_decorator.py
[2024-05-05T02:50:06.813+0530] {logging_mixin.py:188} INFO - [2024-05-05T02:50:06.812+0530] {dag.py:3096} INFO - Sync 1 DAGs
[2024-05-05T02:50:06.905+0530] {logging_mixin.py:188} INFO - [2024-05-05T02:50:06.904+0530] {dag.py:3954} INFO - Setting next_dagrun for example_dag_decorator to None, run_after=None
[2024-05-05T02:50:07.114+0530] {processor.py:183} INFO - Processing /home/wsl/airflow_venv/lib/python3.10/site-packages/airflow/example_dags/example_dag_decorator.py took 14.024 seconds
[2024-05-05T02:51:47.183+0530] {processor.py:161} INFO - Started process (PID=240076) to work on /home/wsl/airflow_venv/lib/python3.10/site-packages/airflow/example_dags/example_dag_decorator.py
[2024-05-05T02:51:47.258+0530] {processor.py:830} INFO - Processing file /home/wsl/airflow_venv/lib/python3.10/site-packages/airflow/example_dags/example_dag_decorator.py for tasks to queue
[2024-05-05T02:51:47.331+0530] {logging_mixin.py:188} INFO - [2024-05-05T02:51:47.288+0530] {dagbag.py:540} INFO - Filling up the DagBag from /home/wsl/airflow_venv/lib/python3.10/site-packages/airflow/example_dags/example_dag_decorator.py
[2024-05-05T02:51:49.402+0530] {processor.py:840} INFO - DAG(s) 'example_dag_decorator' retrieved from /home/wsl/airflow_venv/lib/python3.10/site-packages/airflow/example_dags/example_dag_decorator.py
[2024-05-05T02:51:50.827+0530] {logging_mixin.py:188} INFO - [2024-05-05T02:51:50.826+0530] {dag.py:3096} INFO - Sync 1 DAGs
[2024-05-05T02:51:50.856+0530] {logging_mixin.py:188} INFO - [2024-05-05T02:51:50.856+0530] {dag.py:3954} INFO - Setting next_dagrun for example_dag_decorator to None, run_after=None
[2024-05-05T02:51:50.956+0530] {processor.py:183} INFO - Processing /home/wsl/airflow_venv/lib/python3.10/site-packages/airflow/example_dags/example_dag_decorator.py took 5.045 seconds
[2024-05-05T02:53:08.436+0530] {processor.py:161} INFO - Started process (PID=240520) to work on /home/wsl/airflow_venv/lib/python3.10/site-packages/airflow/example_dags/example_dag_decorator.py
[2024-05-05T02:53:08.439+0530] {processor.py:830} INFO - Processing file /home/wsl/airflow_venv/lib/python3.10/site-packages/airflow/example_dags/example_dag_decorator.py for tasks to queue
[2024-05-05T02:53:08.446+0530] {logging_mixin.py:188} INFO - [2024-05-05T02:53:08.445+0530] {dagbag.py:540} INFO - Filling up the DagBag from /home/wsl/airflow_venv/lib/python3.10/site-packages/airflow/example_dags/example_dag_decorator.py
[2024-05-05T02:53:08.699+0530] {processor.py:840} INFO - DAG(s) 'example_dag_decorator' retrieved from /home/wsl/airflow_venv/lib/python3.10/site-packages/airflow/example_dags/example_dag_decorator.py
[2024-05-05T02:53:08.801+0530] {logging_mixin.py:188} INFO - [2024-05-05T02:53:08.801+0530] {dag.py:3096} INFO - Sync 1 DAGs
[2024-05-05T02:53:08.868+0530] {logging_mixin.py:188} INFO - [2024-05-05T02:53:08.867+0530] {dag.py:3954} INFO - Setting next_dagrun for example_dag_decorator to None, run_after=None
[2024-05-05T02:53:09.053+0530] {processor.py:183} INFO - Processing /home/wsl/airflow_venv/lib/python3.10/site-packages/airflow/example_dags/example_dag_decorator.py took 0.636 seconds
[2024-05-05T02:54:25.111+0530] {processor.py:161} INFO - Started process (PID=240956) to work on /home/wsl/airflow_venv/lib/python3.10/site-packages/airflow/example_dags/example_dag_decorator.py
[2024-05-05T02:54:25.121+0530] {processor.py:830} INFO - Processing file /home/wsl/airflow_venv/lib/python3.10/site-packages/airflow/example_dags/example_dag_decorator.py for tasks to queue
[2024-05-05T02:54:25.124+0530] {logging_mixin.py:188} INFO - [2024-05-05T02:54:25.122+0530] {dagbag.py:540} INFO - Filling up the DagBag from /home/wsl/airflow_venv/lib/python3.10/site-packages/airflow/example_dags/example_dag_decorator.py
[2024-05-05T02:54:25.301+0530] {processor.py:840} INFO - DAG(s) 'example_dag_decorator' retrieved from /home/wsl/airflow_venv/lib/python3.10/site-packages/airflow/example_dags/example_dag_decorator.py
[2024-05-05T02:54:26.605+0530] {logging_mixin.py:188} INFO - [2024-05-05T02:54:26.604+0530] {dag.py:3096} INFO - Sync 1 DAGs
[2024-05-05T02:54:26.667+0530] {logging_mixin.py:188} INFO - [2024-05-05T02:54:26.667+0530] {dag.py:3954} INFO - Setting next_dagrun for example_dag_decorator to None, run_after=None
[2024-05-05T02:54:26.912+0530] {processor.py:183} INFO - Processing /home/wsl/airflow_venv/lib/python3.10/site-packages/airflow/example_dags/example_dag_decorator.py took 1.833 seconds
[2024-05-05T02:55:33.985+0530] {processor.py:161} INFO - Started process (PID=241335) to work on /home/wsl/airflow_venv/lib/python3.10/site-packages/airflow/example_dags/example_dag_decorator.py
[2024-05-05T02:55:33.988+0530] {processor.py:830} INFO - Processing file /home/wsl/airflow_venv/lib/python3.10/site-packages/airflow/example_dags/example_dag_decorator.py for tasks to queue
[2024-05-05T02:55:33.990+0530] {logging_mixin.py:188} INFO - [2024-05-05T02:55:33.989+0530] {dagbag.py:540} INFO - Filling up the DagBag from /home/wsl/airflow_venv/lib/python3.10/site-packages/airflow/example_dags/example_dag_decorator.py
[2024-05-05T02:55:34.118+0530] {processor.py:840} INFO - DAG(s) 'example_dag_decorator' retrieved from /home/wsl/airflow_venv/lib/python3.10/site-packages/airflow/example_dags/example_dag_decorator.py
[2024-05-05T02:55:34.239+0530] {logging_mixin.py:188} INFO - [2024-05-05T02:55:34.239+0530] {dag.py:3096} INFO - Sync 1 DAGs
[2024-05-05T02:55:34.254+0530] {logging_mixin.py:188} INFO - [2024-05-05T02:55:34.253+0530] {dag.py:3954} INFO - Setting next_dagrun for example_dag_decorator to None, run_after=None
[2024-05-05T02:55:34.456+0530] {processor.py:183} INFO - Processing /home/wsl/airflow_venv/lib/python3.10/site-packages/airflow/example_dags/example_dag_decorator.py took 0.481 seconds
[2024-05-05T02:57:26.348+0530] {processor.py:161} INFO - Started process (PID=242023) to work on /home/wsl/airflow_venv/lib/python3.10/site-packages/airflow/example_dags/example_dag_decorator.py
[2024-05-05T02:57:26.350+0530] {processor.py:830} INFO - Processing file /home/wsl/airflow_venv/lib/python3.10/site-packages/airflow/example_dags/example_dag_decorator.py for tasks to queue
[2024-05-05T02:57:26.351+0530] {logging_mixin.py:188} INFO - [2024-05-05T02:57:26.350+0530] {dagbag.py:540} INFO - Filling up the DagBag from /home/wsl/airflow_venv/lib/python3.10/site-packages/airflow/example_dags/example_dag_decorator.py
[2024-05-05T02:57:26.463+0530] {processor.py:840} INFO - DAG(s) 'example_dag_decorator' retrieved from /home/wsl/airflow_venv/lib/python3.10/site-packages/airflow/example_dags/example_dag_decorator.py
[2024-05-05T02:57:26.491+0530] {logging_mixin.py:188} INFO - [2024-05-05T02:57:26.490+0530] {dag.py:3096} INFO - Sync 1 DAGs
[2024-05-05T02:57:26.508+0530] {logging_mixin.py:188} INFO - [2024-05-05T02:57:26.508+0530] {dag.py:3954} INFO - Setting next_dagrun for example_dag_decorator to None, run_after=None
[2024-05-05T02:57:26.836+0530] {processor.py:183} INFO - Processing /home/wsl/airflow_venv/lib/python3.10/site-packages/airflow/example_dags/example_dag_decorator.py took 0.499 seconds
[2024-05-05T02:58:34.567+0530] {processor.py:161} INFO - Started process (PID=242419) to work on /home/wsl/airflow_venv/lib/python3.10/site-packages/airflow/example_dags/example_dag_decorator.py
[2024-05-05T02:58:34.573+0530] {processor.py:830} INFO - Processing file /home/wsl/airflow_venv/lib/python3.10/site-packages/airflow/example_dags/example_dag_decorator.py for tasks to queue
[2024-05-05T02:58:34.574+0530] {logging_mixin.py:188} INFO - [2024-05-05T02:58:34.573+0530] {dagbag.py:540} INFO - Filling up the DagBag from /home/wsl/airflow_venv/lib/python3.10/site-packages/airflow/example_dags/example_dag_decorator.py
[2024-05-05T02:58:34.706+0530] {processor.py:840} INFO - DAG(s) 'example_dag_decorator' retrieved from /home/wsl/airflow_venv/lib/python3.10/site-packages/airflow/example_dags/example_dag_decorator.py
[2024-05-05T02:58:34.731+0530] {logging_mixin.py:188} INFO - [2024-05-05T02:58:34.731+0530] {dag.py:3096} INFO - Sync 1 DAGs
[2024-05-05T02:58:34.752+0530] {logging_mixin.py:188} INFO - [2024-05-05T02:58:34.751+0530] {dag.py:3954} INFO - Setting next_dagrun for example_dag_decorator to None, run_after=None
[2024-05-05T02:58:34.903+0530] {processor.py:183} INFO - Processing /home/wsl/airflow_venv/lib/python3.10/site-packages/airflow/example_dags/example_dag_decorator.py took 0.350 seconds
[2024-05-05T02:59:34.734+0530] {processor.py:161} INFO - Started process (PID=242796) to work on /home/wsl/airflow_venv/lib/python3.10/site-packages/airflow/example_dags/example_dag_decorator.py
[2024-05-05T02:59:34.737+0530] {processor.py:830} INFO - Processing file /home/wsl/airflow_venv/lib/python3.10/site-packages/airflow/example_dags/example_dag_decorator.py for tasks to queue
[2024-05-05T02:59:34.739+0530] {logging_mixin.py:188} INFO - [2024-05-05T02:59:34.738+0530] {dagbag.py:540} INFO - Filling up the DagBag from /home/wsl/airflow_venv/lib/python3.10/site-packages/airflow/example_dags/example_dag_decorator.py
[2024-05-05T02:59:34.832+0530] {processor.py:840} INFO - DAG(s) 'example_dag_decorator' retrieved from /home/wsl/airflow_venv/lib/python3.10/site-packages/airflow/example_dags/example_dag_decorator.py
[2024-05-05T02:59:34.909+0530] {logging_mixin.py:188} INFO - [2024-05-05T02:59:34.909+0530] {dag.py:3096} INFO - Sync 1 DAGs
[2024-05-05T02:59:34.927+0530] {logging_mixin.py:188} INFO - [2024-05-05T02:59:34.926+0530] {dag.py:3954} INFO - Setting next_dagrun for example_dag_decorator to None, run_after=None
[2024-05-05T02:59:34.986+0530] {processor.py:183} INFO - Processing /home/wsl/airflow_venv/lib/python3.10/site-packages/airflow/example_dags/example_dag_decorator.py took 0.272 seconds
[2024-05-05T03:00:53.790+0530] {processor.py:161} INFO - Started process (PID=243355) to work on /home/wsl/airflow_venv/lib/python3.10/site-packages/airflow/example_dags/example_dag_decorator.py
[2024-05-05T03:00:53.792+0530] {processor.py:830} INFO - Processing file /home/wsl/airflow_venv/lib/python3.10/site-packages/airflow/example_dags/example_dag_decorator.py for tasks to queue
[2024-05-05T03:00:53.793+0530] {logging_mixin.py:188} INFO - [2024-05-05T03:00:53.793+0530] {dagbag.py:540} INFO - Filling up the DagBag from /home/wsl/airflow_venv/lib/python3.10/site-packages/airflow/example_dags/example_dag_decorator.py
[2024-05-05T03:00:53.877+0530] {processor.py:840} INFO - DAG(s) 'example_dag_decorator' retrieved from /home/wsl/airflow_venv/lib/python3.10/site-packages/airflow/example_dags/example_dag_decorator.py
[2024-05-05T03:00:53.970+0530] {logging_mixin.py:188} INFO - [2024-05-05T03:00:53.970+0530] {dag.py:3096} INFO - Sync 1 DAGs
[2024-05-05T03:00:53.980+0530] {logging_mixin.py:188} INFO - [2024-05-05T03:00:53.980+0530] {dag.py:3954} INFO - Setting next_dagrun for example_dag_decorator to None, run_after=None
[2024-05-05T03:00:54.005+0530] {processor.py:183} INFO - Processing /home/wsl/airflow_venv/lib/python3.10/site-packages/airflow/example_dags/example_dag_decorator.py took 0.230 seconds
[2024-05-05T03:02:13.662+0530] {processor.py:161} INFO - Started process (PID=243881) to work on /home/wsl/airflow_venv/lib/python3.10/site-packages/airflow/example_dags/example_dag_decorator.py
[2024-05-05T03:02:13.664+0530] {processor.py:830} INFO - Processing file /home/wsl/airflow_venv/lib/python3.10/site-packages/airflow/example_dags/example_dag_decorator.py for tasks to queue
[2024-05-05T03:02:13.665+0530] {logging_mixin.py:188} INFO - [2024-05-05T03:02:13.665+0530] {dagbag.py:540} INFO - Filling up the DagBag from /home/wsl/airflow_venv/lib/python3.10/site-packages/airflow/example_dags/example_dag_decorator.py
[2024-05-05T03:02:13.758+0530] {processor.py:840} INFO - DAG(s) 'example_dag_decorator' retrieved from /home/wsl/airflow_venv/lib/python3.10/site-packages/airflow/example_dags/example_dag_decorator.py
[2024-05-05T03:02:13.864+0530] {logging_mixin.py:188} INFO - [2024-05-05T03:02:13.863+0530] {dag.py:3096} INFO - Sync 1 DAGs
[2024-05-05T03:02:13.873+0530] {logging_mixin.py:188} INFO - [2024-05-05T03:02:13.873+0530] {dag.py:3954} INFO - Setting next_dagrun for example_dag_decorator to None, run_after=None
[2024-05-05T03:02:13.906+0530] {processor.py:183} INFO - Processing /home/wsl/airflow_venv/lib/python3.10/site-packages/airflow/example_dags/example_dag_decorator.py took 0.252 seconds
[2024-05-05T03:03:33.652+0530] {processor.py:161} INFO - Started process (PID=244393) to work on /home/wsl/airflow_venv/lib/python3.10/site-packages/airflow/example_dags/example_dag_decorator.py
[2024-05-05T03:03:33.655+0530] {processor.py:830} INFO - Processing file /home/wsl/airflow_venv/lib/python3.10/site-packages/airflow/example_dags/example_dag_decorator.py for tasks to queue
[2024-05-05T03:03:33.656+0530] {logging_mixin.py:188} INFO - [2024-05-05T03:03:33.655+0530] {dagbag.py:540} INFO - Filling up the DagBag from /home/wsl/airflow_venv/lib/python3.10/site-packages/airflow/example_dags/example_dag_decorator.py
[2024-05-05T03:03:33.754+0530] {processor.py:840} INFO - DAG(s) 'example_dag_decorator' retrieved from /home/wsl/airflow_venv/lib/python3.10/site-packages/airflow/example_dags/example_dag_decorator.py
[2024-05-05T03:03:33.856+0530] {logging_mixin.py:188} INFO - [2024-05-05T03:03:33.855+0530] {dag.py:3096} INFO - Sync 1 DAGs
[2024-05-05T03:03:33.865+0530] {logging_mixin.py:188} INFO - [2024-05-05T03:03:33.865+0530] {dag.py:3954} INFO - Setting next_dagrun for example_dag_decorator to None, run_after=None
[2024-05-05T03:03:33.898+0530] {processor.py:183} INFO - Processing /home/wsl/airflow_venv/lib/python3.10/site-packages/airflow/example_dags/example_dag_decorator.py took 0.252 seconds
[2024-05-05T03:04:58.415+0530] {processor.py:161} INFO - Started process (PID=244929) to work on /home/wsl/airflow_venv/lib/python3.10/site-packages/airflow/example_dags/example_dag_decorator.py
[2024-05-05T03:04:58.418+0530] {processor.py:830} INFO - Processing file /home/wsl/airflow_venv/lib/python3.10/site-packages/airflow/example_dags/example_dag_decorator.py for tasks to queue
[2024-05-05T03:04:58.420+0530] {logging_mixin.py:188} INFO - [2024-05-05T03:04:58.419+0530] {dagbag.py:540} INFO - Filling up the DagBag from /home/wsl/airflow_venv/lib/python3.10/site-packages/airflow/example_dags/example_dag_decorator.py
[2024-05-05T03:04:58.516+0530] {processor.py:840} INFO - DAG(s) 'example_dag_decorator' retrieved from /home/wsl/airflow_venv/lib/python3.10/site-packages/airflow/example_dags/example_dag_decorator.py
[2024-05-05T03:04:58.627+0530] {logging_mixin.py:188} INFO - [2024-05-05T03:04:58.627+0530] {dag.py:3096} INFO - Sync 1 DAGs
[2024-05-05T03:04:58.637+0530] {logging_mixin.py:188} INFO - [2024-05-05T03:04:58.637+0530] {dag.py:3954} INFO - Setting next_dagrun for example_dag_decorator to None, run_after=None
[2024-05-05T03:04:58.666+0530] {processor.py:183} INFO - Processing /home/wsl/airflow_venv/lib/python3.10/site-packages/airflow/example_dags/example_dag_decorator.py took 0.269 seconds
[2024-05-05T03:05:55.711+0530] {processor.py:161} INFO - Started process (PID=245319) to work on /home/wsl/airflow_venv/lib/python3.10/site-packages/airflow/example_dags/example_dag_decorator.py
[2024-05-05T03:05:55.714+0530] {processor.py:830} INFO - Processing file /home/wsl/airflow_venv/lib/python3.10/site-packages/airflow/example_dags/example_dag_decorator.py for tasks to queue
[2024-05-05T03:05:55.715+0530] {logging_mixin.py:188} INFO - [2024-05-05T03:05:55.715+0530] {dagbag.py:540} INFO - Filling up the DagBag from /home/wsl/airflow_venv/lib/python3.10/site-packages/airflow/example_dags/example_dag_decorator.py
[2024-05-05T03:05:55.834+0530] {processor.py:840} INFO - DAG(s) 'example_dag_decorator' retrieved from /home/wsl/airflow_venv/lib/python3.10/site-packages/airflow/example_dags/example_dag_decorator.py
[2024-05-05T03:05:55.969+0530] {logging_mixin.py:188} INFO - [2024-05-05T03:05:55.968+0530] {dag.py:3096} INFO - Sync 1 DAGs
[2024-05-05T03:05:55.979+0530] {logging_mixin.py:188} INFO - [2024-05-05T03:05:55.979+0530] {dag.py:3954} INFO - Setting next_dagrun for example_dag_decorator to None, run_after=None
[2024-05-05T03:05:56.085+0530] {processor.py:183} INFO - Processing /home/wsl/airflow_venv/lib/python3.10/site-packages/airflow/example_dags/example_dag_decorator.py took 0.390 seconds
[2024-05-05T03:07:16.457+0530] {processor.py:161} INFO - Started process (PID=245807) to work on /home/wsl/airflow_venv/lib/python3.10/site-packages/airflow/example_dags/example_dag_decorator.py
[2024-05-05T03:07:16.461+0530] {processor.py:830} INFO - Processing file /home/wsl/airflow_venv/lib/python3.10/site-packages/airflow/example_dags/example_dag_decorator.py for tasks to queue
[2024-05-05T03:07:16.463+0530] {logging_mixin.py:188} INFO - [2024-05-05T03:07:16.462+0530] {dagbag.py:540} INFO - Filling up the DagBag from /home/wsl/airflow_venv/lib/python3.10/site-packages/airflow/example_dags/example_dag_decorator.py
[2024-05-05T03:07:16.578+0530] {processor.py:840} INFO - DAG(s) 'example_dag_decorator' retrieved from /home/wsl/airflow_venv/lib/python3.10/site-packages/airflow/example_dags/example_dag_decorator.py
[2024-05-05T03:07:16.776+0530] {logging_mixin.py:188} INFO - [2024-05-05T03:07:16.776+0530] {dag.py:3096} INFO - Sync 1 DAGs
[2024-05-05T03:07:16.797+0530] {logging_mixin.py:188} INFO - [2024-05-05T03:07:16.797+0530] {dag.py:3954} INFO - Setting next_dagrun for example_dag_decorator to None, run_after=None
[2024-05-05T03:07:16.899+0530] {processor.py:183} INFO - Processing /home/wsl/airflow_venv/lib/python3.10/site-packages/airflow/example_dags/example_dag_decorator.py took 0.454 seconds
[2024-05-05T03:08:39.541+0530] {processor.py:161} INFO - Started process (PID=246385) to work on /home/wsl/airflow_venv/lib/python3.10/site-packages/airflow/example_dags/example_dag_decorator.py
[2024-05-05T03:08:39.543+0530] {processor.py:830} INFO - Processing file /home/wsl/airflow_venv/lib/python3.10/site-packages/airflow/example_dags/example_dag_decorator.py for tasks to queue
[2024-05-05T03:08:39.544+0530] {logging_mixin.py:188} INFO - [2024-05-05T03:08:39.544+0530] {dagbag.py:540} INFO - Filling up the DagBag from /home/wsl/airflow_venv/lib/python3.10/site-packages/airflow/example_dags/example_dag_decorator.py
[2024-05-05T03:08:39.665+0530] {processor.py:840} INFO - DAG(s) 'example_dag_decorator' retrieved from /home/wsl/airflow_venv/lib/python3.10/site-packages/airflow/example_dags/example_dag_decorator.py
[2024-05-05T03:08:39.790+0530] {logging_mixin.py:188} INFO - [2024-05-05T03:08:39.789+0530] {dag.py:3096} INFO - Sync 1 DAGs
[2024-05-05T03:08:39.800+0530] {logging_mixin.py:188} INFO - [2024-05-05T03:08:39.799+0530] {dag.py:3954} INFO - Setting next_dagrun for example_dag_decorator to None, run_after=None
[2024-05-05T03:08:39.829+0530] {processor.py:183} INFO - Processing /home/wsl/airflow_venv/lib/python3.10/site-packages/airflow/example_dags/example_dag_decorator.py took 0.300 seconds
[2024-05-05T03:09:36.958+0530] {processor.py:161} INFO - Started process (PID=246745) to work on /home/wsl/airflow_venv/lib/python3.10/site-packages/airflow/example_dags/example_dag_decorator.py
[2024-05-05T03:09:36.961+0530] {processor.py:830} INFO - Processing file /home/wsl/airflow_venv/lib/python3.10/site-packages/airflow/example_dags/example_dag_decorator.py for tasks to queue
[2024-05-05T03:09:36.962+0530] {logging_mixin.py:188} INFO - [2024-05-05T03:09:36.962+0530] {dagbag.py:540} INFO - Filling up the DagBag from /home/wsl/airflow_venv/lib/python3.10/site-packages/airflow/example_dags/example_dag_decorator.py
[2024-05-05T03:09:37.053+0530] {processor.py:840} INFO - DAG(s) 'example_dag_decorator' retrieved from /home/wsl/airflow_venv/lib/python3.10/site-packages/airflow/example_dags/example_dag_decorator.py
[2024-05-05T03:09:37.150+0530] {logging_mixin.py:188} INFO - [2024-05-05T03:09:37.150+0530] {dag.py:3096} INFO - Sync 1 DAGs
[2024-05-05T03:09:37.160+0530] {logging_mixin.py:188} INFO - [2024-05-05T03:09:37.159+0530] {dag.py:3954} INFO - Setting next_dagrun for example_dag_decorator to None, run_after=None
[2024-05-05T03:09:37.189+0530] {processor.py:183} INFO - Processing /home/wsl/airflow_venv/lib/python3.10/site-packages/airflow/example_dags/example_dag_decorator.py took 0.244 seconds
[2024-05-05T03:10:35.212+0530] {processor.py:161} INFO - Started process (PID=247128) to work on /home/wsl/airflow_venv/lib/python3.10/site-packages/airflow/example_dags/example_dag_decorator.py
[2024-05-05T03:10:35.215+0530] {processor.py:830} INFO - Processing file /home/wsl/airflow_venv/lib/python3.10/site-packages/airflow/example_dags/example_dag_decorator.py for tasks to queue
[2024-05-05T03:10:35.216+0530] {logging_mixin.py:188} INFO - [2024-05-05T03:10:35.216+0530] {dagbag.py:540} INFO - Filling up the DagBag from /home/wsl/airflow_venv/lib/python3.10/site-packages/airflow/example_dags/example_dag_decorator.py
[2024-05-05T03:10:35.325+0530] {processor.py:840} INFO - DAG(s) 'example_dag_decorator' retrieved from /home/wsl/airflow_venv/lib/python3.10/site-packages/airflow/example_dags/example_dag_decorator.py
[2024-05-05T03:10:35.489+0530] {logging_mixin.py:188} INFO - [2024-05-05T03:10:35.489+0530] {dag.py:3096} INFO - Sync 1 DAGs
[2024-05-05T03:10:35.507+0530] {logging_mixin.py:188} INFO - [2024-05-05T03:10:35.506+0530] {dag.py:3954} INFO - Setting next_dagrun for example_dag_decorator to None, run_after=None
[2024-05-05T03:10:35.538+0530] {processor.py:183} INFO - Processing /home/wsl/airflow_venv/lib/python3.10/site-packages/airflow/example_dags/example_dag_decorator.py took 0.338 seconds
[2024-05-05T03:11:55.125+0530] {processor.py:161} INFO - Started process (PID=247625) to work on /home/wsl/airflow_venv/lib/python3.10/site-packages/airflow/example_dags/example_dag_decorator.py
[2024-05-05T03:11:55.127+0530] {processor.py:830} INFO - Processing file /home/wsl/airflow_venv/lib/python3.10/site-packages/airflow/example_dags/example_dag_decorator.py for tasks to queue
[2024-05-05T03:11:55.129+0530] {logging_mixin.py:188} INFO - [2024-05-05T03:11:55.128+0530] {dagbag.py:540} INFO - Filling up the DagBag from /home/wsl/airflow_venv/lib/python3.10/site-packages/airflow/example_dags/example_dag_decorator.py
[2024-05-05T03:11:55.220+0530] {processor.py:840} INFO - DAG(s) 'example_dag_decorator' retrieved from /home/wsl/airflow_venv/lib/python3.10/site-packages/airflow/example_dags/example_dag_decorator.py
[2024-05-05T03:11:55.328+0530] {logging_mixin.py:188} INFO - [2024-05-05T03:11:55.328+0530] {dag.py:3096} INFO - Sync 1 DAGs
[2024-05-05T03:11:55.340+0530] {logging_mixin.py:188} INFO - [2024-05-05T03:11:55.340+0530] {dag.py:3954} INFO - Setting next_dagrun for example_dag_decorator to None, run_after=None
[2024-05-05T03:11:55.369+0530] {processor.py:183} INFO - Processing /home/wsl/airflow_venv/lib/python3.10/site-packages/airflow/example_dags/example_dag_decorator.py took 0.255 seconds
[2024-05-05T03:12:52.349+0530] {processor.py:161} INFO - Started process (PID=247969) to work on /home/wsl/airflow_venv/lib/python3.10/site-packages/airflow/example_dags/example_dag_decorator.py
[2024-05-05T03:12:52.352+0530] {processor.py:830} INFO - Processing file /home/wsl/airflow_venv/lib/python3.10/site-packages/airflow/example_dags/example_dag_decorator.py for tasks to queue
[2024-05-05T03:12:52.353+0530] {logging_mixin.py:188} INFO - [2024-05-05T03:12:52.353+0530] {dagbag.py:540} INFO - Filling up the DagBag from /home/wsl/airflow_venv/lib/python3.10/site-packages/airflow/example_dags/example_dag_decorator.py
[2024-05-05T03:12:52.445+0530] {processor.py:840} INFO - DAG(s) 'example_dag_decorator' retrieved from /home/wsl/airflow_venv/lib/python3.10/site-packages/airflow/example_dags/example_dag_decorator.py
[2024-05-05T03:12:52.543+0530] {logging_mixin.py:188} INFO - [2024-05-05T03:12:52.543+0530] {dag.py:3096} INFO - Sync 1 DAGs
[2024-05-05T03:12:52.553+0530] {logging_mixin.py:188} INFO - [2024-05-05T03:12:52.553+0530] {dag.py:3954} INFO - Setting next_dagrun for example_dag_decorator to None, run_after=None
[2024-05-05T03:12:52.581+0530] {processor.py:183} INFO - Processing /home/wsl/airflow_venv/lib/python3.10/site-packages/airflow/example_dags/example_dag_decorator.py took 0.239 seconds
[2024-05-05T03:13:50.475+0530] {processor.py:161} INFO - Started process (PID=248307) to work on /home/wsl/airflow_venv/lib/python3.10/site-packages/airflow/example_dags/example_dag_decorator.py
[2024-05-05T03:13:50.478+0530] {processor.py:830} INFO - Processing file /home/wsl/airflow_venv/lib/python3.10/site-packages/airflow/example_dags/example_dag_decorator.py for tasks to queue
[2024-05-05T03:13:50.479+0530] {logging_mixin.py:188} INFO - [2024-05-05T03:13:50.478+0530] {dagbag.py:540} INFO - Filling up the DagBag from /home/wsl/airflow_venv/lib/python3.10/site-packages/airflow/example_dags/example_dag_decorator.py
[2024-05-05T03:13:50.603+0530] {processor.py:840} INFO - DAG(s) 'example_dag_decorator' retrieved from /home/wsl/airflow_venv/lib/python3.10/site-packages/airflow/example_dags/example_dag_decorator.py
[2024-05-05T03:13:50.734+0530] {logging_mixin.py:188} INFO - [2024-05-05T03:13:50.734+0530] {dag.py:3096} INFO - Sync 1 DAGs
[2024-05-05T03:13:50.745+0530] {logging_mixin.py:188} INFO - [2024-05-05T03:13:50.745+0530] {dag.py:3954} INFO - Setting next_dagrun for example_dag_decorator to None, run_after=None
[2024-05-05T03:13:50.773+0530] {processor.py:183} INFO - Processing /home/wsl/airflow_venv/lib/python3.10/site-packages/airflow/example_dags/example_dag_decorator.py took 0.305 seconds
[2024-05-05T03:15:16.776+0530] {processor.py:161} INFO - Started process (PID=248770) to work on /home/wsl/airflow_venv/lib/python3.10/site-packages/airflow/example_dags/example_dag_decorator.py
[2024-05-05T03:15:16.778+0530] {processor.py:830} INFO - Processing file /home/wsl/airflow_venv/lib/python3.10/site-packages/airflow/example_dags/example_dag_decorator.py for tasks to queue
[2024-05-05T03:15:16.780+0530] {logging_mixin.py:188} INFO - [2024-05-05T03:15:16.779+0530] {dagbag.py:540} INFO - Filling up the DagBag from /home/wsl/airflow_venv/lib/python3.10/site-packages/airflow/example_dags/example_dag_decorator.py
[2024-05-05T03:15:17.159+0530] {processor.py:840} INFO - DAG(s) 'example_dag_decorator' retrieved from /home/wsl/airflow_venv/lib/python3.10/site-packages/airflow/example_dags/example_dag_decorator.py
[2024-05-05T03:15:17.519+0530] {logging_mixin.py:188} INFO - [2024-05-05T03:15:17.519+0530] {dag.py:3096} INFO - Sync 1 DAGs
[2024-05-05T03:15:17.533+0530] {logging_mixin.py:188} INFO - [2024-05-05T03:15:17.533+0530] {dag.py:3954} INFO - Setting next_dagrun for example_dag_decorator to None, run_after=None
[2024-05-05T03:15:17.568+0530] {processor.py:183} INFO - Processing /home/wsl/airflow_venv/lib/python3.10/site-packages/airflow/example_dags/example_dag_decorator.py took 0.804 seconds
[2024-05-05T03:16:18.603+0530] {processor.py:161} INFO - Started process (PID=249118) to work on /home/wsl/airflow_venv/lib/python3.10/site-packages/airflow/example_dags/example_dag_decorator.py
[2024-05-05T03:16:18.615+0530] {processor.py:830} INFO - Processing file /home/wsl/airflow_venv/lib/python3.10/site-packages/airflow/example_dags/example_dag_decorator.py for tasks to queue
[2024-05-05T03:16:18.616+0530] {logging_mixin.py:188} INFO - [2024-05-05T03:16:18.616+0530] {dagbag.py:540} INFO - Filling up the DagBag from /home/wsl/airflow_venv/lib/python3.10/site-packages/airflow/example_dags/example_dag_decorator.py
[2024-05-05T03:16:18.776+0530] {processor.py:840} INFO - DAG(s) 'example_dag_decorator' retrieved from /home/wsl/airflow_venv/lib/python3.10/site-packages/airflow/example_dags/example_dag_decorator.py
[2024-05-05T03:16:18.944+0530] {logging_mixin.py:188} INFO - [2024-05-05T03:16:18.943+0530] {dag.py:3096} INFO - Sync 1 DAGs
[2024-05-05T03:16:18.953+0530] {logging_mixin.py:188} INFO - [2024-05-05T03:16:18.953+0530] {dag.py:3954} INFO - Setting next_dagrun for example_dag_decorator to None, run_after=None
[2024-05-05T03:16:18.983+0530] {processor.py:183} INFO - Processing /home/wsl/airflow_venv/lib/python3.10/site-packages/airflow/example_dags/example_dag_decorator.py took 0.390 seconds
[2024-05-05T03:17:30.408+0530] {processor.py:161} INFO - Started process (PID=249478) to work on /home/wsl/airflow_venv/lib/python3.10/site-packages/airflow/example_dags/example_dag_decorator.py
[2024-05-05T03:17:30.410+0530] {processor.py:830} INFO - Processing file /home/wsl/airflow_venv/lib/python3.10/site-packages/airflow/example_dags/example_dag_decorator.py for tasks to queue
[2024-05-05T03:17:30.411+0530] {logging_mixin.py:188} INFO - [2024-05-05T03:17:30.411+0530] {dagbag.py:540} INFO - Filling up the DagBag from /home/wsl/airflow_venv/lib/python3.10/site-packages/airflow/example_dags/example_dag_decorator.py
[2024-05-05T03:17:30.499+0530] {processor.py:840} INFO - DAG(s) 'example_dag_decorator' retrieved from /home/wsl/airflow_venv/lib/python3.10/site-packages/airflow/example_dags/example_dag_decorator.py
[2024-05-05T03:17:30.593+0530] {logging_mixin.py:188} INFO - [2024-05-05T03:17:30.592+0530] {dag.py:3096} INFO - Sync 1 DAGs
[2024-05-05T03:17:30.605+0530] {logging_mixin.py:188} INFO - [2024-05-05T03:17:30.604+0530] {dag.py:3954} INFO - Setting next_dagrun for example_dag_decorator to None, run_after=None
[2024-05-05T03:17:30.814+0530] {processor.py:183} INFO - Processing /home/wsl/airflow_venv/lib/python3.10/site-packages/airflow/example_dags/example_dag_decorator.py took 0.412 seconds
[2024-05-05T03:18:56.428+0530] {processor.py:161} INFO - Started process (PID=249906) to work on /home/wsl/airflow_venv/lib/python3.10/site-packages/airflow/example_dags/example_dag_decorator.py
[2024-05-05T03:18:56.474+0530] {processor.py:830} INFO - Processing file /home/wsl/airflow_venv/lib/python3.10/site-packages/airflow/example_dags/example_dag_decorator.py for tasks to queue
[2024-05-05T03:18:56.475+0530] {logging_mixin.py:188} INFO - [2024-05-05T03:18:56.475+0530] {dagbag.py:540} INFO - Filling up the DagBag from /home/wsl/airflow_venv/lib/python3.10/site-packages/airflow/example_dags/example_dag_decorator.py
[2024-05-05T03:18:56.583+0530] {processor.py:840} INFO - DAG(s) 'example_dag_decorator' retrieved from /home/wsl/airflow_venv/lib/python3.10/site-packages/airflow/example_dags/example_dag_decorator.py
[2024-05-05T03:18:56.745+0530] {logging_mixin.py:188} INFO - [2024-05-05T03:18:56.745+0530] {dag.py:3096} INFO - Sync 1 DAGs
[2024-05-05T03:18:56.758+0530] {logging_mixin.py:188} INFO - [2024-05-05T03:18:56.758+0530] {dag.py:3954} INFO - Setting next_dagrun for example_dag_decorator to None, run_after=None
[2024-05-05T03:18:56.806+0530] {processor.py:183} INFO - Processing /home/wsl/airflow_venv/lib/python3.10/site-packages/airflow/example_dags/example_dag_decorator.py took 0.386 seconds
[2024-05-05T03:20:00.834+0530] {processor.py:161} INFO - Started process (PID=250339) to work on /home/wsl/airflow_venv/lib/python3.10/site-packages/airflow/example_dags/example_dag_decorator.py
[2024-05-05T03:20:00.837+0530] {processor.py:830} INFO - Processing file /home/wsl/airflow_venv/lib/python3.10/site-packages/airflow/example_dags/example_dag_decorator.py for tasks to queue
[2024-05-05T03:20:00.838+0530] {logging_mixin.py:188} INFO - [2024-05-05T03:20:00.837+0530] {dagbag.py:540} INFO - Filling up the DagBag from /home/wsl/airflow_venv/lib/python3.10/site-packages/airflow/example_dags/example_dag_decorator.py
[2024-05-05T03:20:00.959+0530] {processor.py:840} INFO - DAG(s) 'example_dag_decorator' retrieved from /home/wsl/airflow_venv/lib/python3.10/site-packages/airflow/example_dags/example_dag_decorator.py
[2024-05-05T03:20:01.152+0530] {logging_mixin.py:188} INFO - [2024-05-05T03:20:01.151+0530] {dag.py:3096} INFO - Sync 1 DAGs
[2024-05-05T03:20:01.169+0530] {logging_mixin.py:188} INFO - [2024-05-05T03:20:01.169+0530] {dag.py:3954} INFO - Setting next_dagrun for example_dag_decorator to None, run_after=None
[2024-05-05T03:20:01.203+0530] {processor.py:183} INFO - Processing /home/wsl/airflow_venv/lib/python3.10/site-packages/airflow/example_dags/example_dag_decorator.py took 0.376 seconds
[2024-05-05T03:21:17.118+0530] {processor.py:161} INFO - Started process (PID=250755) to work on /home/wsl/airflow_venv/lib/python3.10/site-packages/airflow/example_dags/example_dag_decorator.py
[2024-05-05T03:21:17.121+0530] {processor.py:830} INFO - Processing file /home/wsl/airflow_venv/lib/python3.10/site-packages/airflow/example_dags/example_dag_decorator.py for tasks to queue
[2024-05-05T03:21:17.123+0530] {logging_mixin.py:188} INFO - [2024-05-05T03:21:17.122+0530] {dagbag.py:540} INFO - Filling up the DagBag from /home/wsl/airflow_venv/lib/python3.10/site-packages/airflow/example_dags/example_dag_decorator.py
[2024-05-05T03:21:17.220+0530] {processor.py:840} INFO - DAG(s) 'example_dag_decorator' retrieved from /home/wsl/airflow_venv/lib/python3.10/site-packages/airflow/example_dags/example_dag_decorator.py
[2024-05-05T03:21:17.320+0530] {logging_mixin.py:188} INFO - [2024-05-05T03:21:17.320+0530] {dag.py:3096} INFO - Sync 1 DAGs
[2024-05-05T03:21:17.329+0530] {logging_mixin.py:188} INFO - [2024-05-05T03:21:17.329+0530] {dag.py:3954} INFO - Setting next_dagrun for example_dag_decorator to None, run_after=None
[2024-05-05T03:21:17.369+0530] {processor.py:183} INFO - Processing /home/wsl/airflow_venv/lib/python3.10/site-packages/airflow/example_dags/example_dag_decorator.py took 0.265 seconds
[2024-05-05T03:22:24.920+0530] {processor.py:161} INFO - Started process (PID=251118) to work on /home/wsl/airflow_venv/lib/python3.10/site-packages/airflow/example_dags/example_dag_decorator.py
[2024-05-05T03:22:24.922+0530] {processor.py:830} INFO - Processing file /home/wsl/airflow_venv/lib/python3.10/site-packages/airflow/example_dags/example_dag_decorator.py for tasks to queue
[2024-05-05T03:22:24.923+0530] {logging_mixin.py:188} INFO - [2024-05-05T03:22:24.922+0530] {dagbag.py:540} INFO - Filling up the DagBag from /home/wsl/airflow_venv/lib/python3.10/site-packages/airflow/example_dags/example_dag_decorator.py
[2024-05-05T03:22:25.013+0530] {processor.py:840} INFO - DAG(s) 'example_dag_decorator' retrieved from /home/wsl/airflow_venv/lib/python3.10/site-packages/airflow/example_dags/example_dag_decorator.py
[2024-05-05T03:22:25.118+0530] {logging_mixin.py:188} INFO - [2024-05-05T03:22:25.118+0530] {dag.py:3096} INFO - Sync 1 DAGs
[2024-05-05T03:22:25.153+0530] {logging_mixin.py:188} INFO - [2024-05-05T03:22:25.152+0530] {dag.py:3954} INFO - Setting next_dagrun for example_dag_decorator to None, run_after=None
[2024-05-05T03:22:25.307+0530] {processor.py:183} INFO - Processing /home/wsl/airflow_venv/lib/python3.10/site-packages/airflow/example_dags/example_dag_decorator.py took 0.397 seconds
[2024-05-05T03:23:33.878+0530] {processor.py:161} INFO - Started process (PID=251516) to work on /home/wsl/airflow_venv/lib/python3.10/site-packages/airflow/example_dags/example_dag_decorator.py
[2024-05-05T03:23:33.880+0530] {processor.py:830} INFO - Processing file /home/wsl/airflow_venv/lib/python3.10/site-packages/airflow/example_dags/example_dag_decorator.py for tasks to queue
[2024-05-05T03:23:33.881+0530] {logging_mixin.py:188} INFO - [2024-05-05T03:23:33.881+0530] {dagbag.py:540} INFO - Filling up the DagBag from /home/wsl/airflow_venv/lib/python3.10/site-packages/airflow/example_dags/example_dag_decorator.py
[2024-05-05T03:23:33.976+0530] {processor.py:840} INFO - DAG(s) 'example_dag_decorator' retrieved from /home/wsl/airflow_venv/lib/python3.10/site-packages/airflow/example_dags/example_dag_decorator.py
[2024-05-05T03:23:34.093+0530] {logging_mixin.py:188} INFO - [2024-05-05T03:23:34.093+0530] {dag.py:3096} INFO - Sync 1 DAGs
[2024-05-05T03:23:34.106+0530] {logging_mixin.py:188} INFO - [2024-05-05T03:23:34.105+0530] {dag.py:3954} INFO - Setting next_dagrun for example_dag_decorator to None, run_after=None
[2024-05-05T03:23:34.141+0530] {processor.py:183} INFO - Processing /home/wsl/airflow_venv/lib/python3.10/site-packages/airflow/example_dags/example_dag_decorator.py took 0.274 seconds
[2024-05-05T03:24:52.902+0530] {processor.py:161} INFO - Started process (PID=251948) to work on /home/wsl/airflow_venv/lib/python3.10/site-packages/airflow/example_dags/example_dag_decorator.py
[2024-05-05T03:24:52.904+0530] {processor.py:830} INFO - Processing file /home/wsl/airflow_venv/lib/python3.10/site-packages/airflow/example_dags/example_dag_decorator.py for tasks to queue
[2024-05-05T03:24:52.905+0530] {logging_mixin.py:188} INFO - [2024-05-05T03:24:52.904+0530] {dagbag.py:540} INFO - Filling up the DagBag from /home/wsl/airflow_venv/lib/python3.10/site-packages/airflow/example_dags/example_dag_decorator.py
[2024-05-05T03:24:53.001+0530] {processor.py:840} INFO - DAG(s) 'example_dag_decorator' retrieved from /home/wsl/airflow_venv/lib/python3.10/site-packages/airflow/example_dags/example_dag_decorator.py
[2024-05-05T03:24:53.183+0530] {logging_mixin.py:188} INFO - [2024-05-05T03:24:53.183+0530] {dag.py:3096} INFO - Sync 1 DAGs
[2024-05-05T03:24:53.194+0530] {logging_mixin.py:188} INFO - [2024-05-05T03:24:53.194+0530] {dag.py:3954} INFO - Setting next_dagrun for example_dag_decorator to None, run_after=None
[2024-05-05T03:24:53.230+0530] {processor.py:183} INFO - Processing /home/wsl/airflow_venv/lib/python3.10/site-packages/airflow/example_dags/example_dag_decorator.py took 0.344 seconds
[2024-05-05T03:26:19.240+0530] {processor.py:161} INFO - Started process (PID=252530) to work on /home/wsl/airflow_venv/lib/python3.10/site-packages/airflow/example_dags/example_dag_decorator.py
[2024-05-05T03:26:19.242+0530] {processor.py:830} INFO - Processing file /home/wsl/airflow_venv/lib/python3.10/site-packages/airflow/example_dags/example_dag_decorator.py for tasks to queue
[2024-05-05T03:26:19.244+0530] {logging_mixin.py:188} INFO - [2024-05-05T03:26:19.243+0530] {dagbag.py:540} INFO - Filling up the DagBag from /home/wsl/airflow_venv/lib/python3.10/site-packages/airflow/example_dags/example_dag_decorator.py
[2024-05-05T03:26:19.391+0530] {processor.py:840} INFO - DAG(s) 'example_dag_decorator' retrieved from /home/wsl/airflow_venv/lib/python3.10/site-packages/airflow/example_dags/example_dag_decorator.py
[2024-05-05T03:26:19.550+0530] {logging_mixin.py:188} INFO - [2024-05-05T03:26:19.550+0530] {dag.py:3096} INFO - Sync 1 DAGs
[2024-05-05T03:26:19.563+0530] {logging_mixin.py:188} INFO - [2024-05-05T03:26:19.563+0530] {dag.py:3954} INFO - Setting next_dagrun for example_dag_decorator to None, run_after=None
[2024-05-05T03:26:19.602+0530] {processor.py:183} INFO - Processing /home/wsl/airflow_venv/lib/python3.10/site-packages/airflow/example_dags/example_dag_decorator.py took 0.372 seconds
[2024-05-05T03:27:34.522+0530] {processor.py:161} INFO - Started process (PID=252977) to work on /home/wsl/airflow_venv/lib/python3.10/site-packages/airflow/example_dags/example_dag_decorator.py
[2024-05-05T03:27:34.528+0530] {processor.py:830} INFO - Processing file /home/wsl/airflow_venv/lib/python3.10/site-packages/airflow/example_dags/example_dag_decorator.py for tasks to queue
[2024-05-05T03:27:34.530+0530] {logging_mixin.py:188} INFO - [2024-05-05T03:27:34.529+0530] {dagbag.py:540} INFO - Filling up the DagBag from /home/wsl/airflow_venv/lib/python3.10/site-packages/airflow/example_dags/example_dag_decorator.py
[2024-05-05T03:27:35.025+0530] {processor.py:840} INFO - DAG(s) 'example_dag_decorator' retrieved from /home/wsl/airflow_venv/lib/python3.10/site-packages/airflow/example_dags/example_dag_decorator.py
[2024-05-05T03:27:35.047+0530] {logging_mixin.py:188} INFO - [2024-05-05T03:27:35.047+0530] {dag.py:3096} INFO - Sync 1 DAGs
[2024-05-05T03:27:35.061+0530] {logging_mixin.py:188} INFO - [2024-05-05T03:27:35.061+0530] {dag.py:3954} INFO - Setting next_dagrun for example_dag_decorator to None, run_after=None
[2024-05-05T03:27:36.629+0530] {processor.py:183} INFO - Processing /home/wsl/airflow_venv/lib/python3.10/site-packages/airflow/example_dags/example_dag_decorator.py took 2.138 seconds
