[2024-05-05T01:29:56.061+0530] {processor.py:161} INFO - Started process (PID=237428) to work on /home/wsl/airflow_venv/lib/python3.10/site-packages/airflow/example_dags/example_short_circuit_operator.py
[2024-05-05T01:29:56.063+0530] {processor.py:830} INFO - Processing file /home/wsl/airflow_venv/lib/python3.10/site-packages/airflow/example_dags/example_short_circuit_operator.py for tasks to queue
[2024-05-05T01:29:56.066+0530] {logging_mixin.py:188} INFO - [2024-05-05T01:29:56.065+0530] {dagbag.py:540} INFO - Filling up the DagBag from /home/wsl/airflow_venv/lib/python3.10/site-packages/airflow/example_dags/example_short_circuit_operator.py
[2024-05-05T01:29:56.102+0530] {processor.py:840} INFO - DAG(s) 'example_short_circuit_operator' retrieved from /home/wsl/airflow_venv/lib/python3.10/site-packages/airflow/example_dags/example_short_circuit_operator.py
[2024-05-05T01:29:56.836+0530] {logging_mixin.py:188} INFO - [2024-05-05T01:29:56.836+0530] {dag.py:3096} INFO - Sync 1 DAGs
[2024-05-05T01:29:56.975+0530] {logging_mixin.py:188} INFO - [2024-05-05T01:29:56.974+0530] {dag.py:3954} INFO - Setting next_dagrun for example_short_circuit_operator to 2024-05-03 00:00:00+00:00, run_after=2024-05-04 00:00:00+00:00
[2024-05-05T01:29:57.267+0530] {processor.py:183} INFO - Processing /home/wsl/airflow_venv/lib/python3.10/site-packages/airflow/example_dags/example_short_circuit_operator.py took 1.235 seconds
[2024-05-05T01:31:11.411+0530] {processor.py:161} INFO - Started process (PID=237861) to work on /home/wsl/airflow_venv/lib/python3.10/site-packages/airflow/example_dags/example_short_circuit_operator.py
[2024-05-05T01:31:11.414+0530] {processor.py:830} INFO - Processing file /home/wsl/airflow_venv/lib/python3.10/site-packages/airflow/example_dags/example_short_circuit_operator.py for tasks to queue
[2024-05-05T01:31:11.419+0530] {logging_mixin.py:188} INFO - [2024-05-05T01:31:11.417+0530] {dagbag.py:540} INFO - Filling up the DagBag from /home/wsl/airflow_venv/lib/python3.10/site-packages/airflow/example_dags/example_short_circuit_operator.py
[2024-05-05T01:31:11.436+0530] {processor.py:840} INFO - DAG(s) 'example_short_circuit_operator' retrieved from /home/wsl/airflow_venv/lib/python3.10/site-packages/airflow/example_dags/example_short_circuit_operator.py
[2024-05-05T01:31:11.474+0530] {logging_mixin.py:188} INFO - [2024-05-05T01:31:11.474+0530] {dag.py:3096} INFO - Sync 1 DAGs
[2024-05-05T01:31:11.514+0530] {logging_mixin.py:188} INFO - [2024-05-05T01:31:11.513+0530] {dag.py:3954} INFO - Setting next_dagrun for example_short_circuit_operator to 2024-05-03 00:00:00+00:00, run_after=2024-05-04 00:00:00+00:00
[2024-05-05T01:31:11.913+0530] {processor.py:183} INFO - Processing /home/wsl/airflow_venv/lib/python3.10/site-packages/airflow/example_dags/example_short_circuit_operator.py took 0.521 seconds
[2024-05-05T01:32:16.038+0530] {processor.py:161} INFO - Started process (PID=238349) to work on /home/wsl/airflow_venv/lib/python3.10/site-packages/airflow/example_dags/example_short_circuit_operator.py
[2024-05-05T01:32:16.040+0530] {processor.py:830} INFO - Processing file /home/wsl/airflow_venv/lib/python3.10/site-packages/airflow/example_dags/example_short_circuit_operator.py for tasks to queue
[2024-05-05T01:32:16.043+0530] {logging_mixin.py:188} INFO - [2024-05-05T01:32:16.042+0530] {dagbag.py:540} INFO - Filling up the DagBag from /home/wsl/airflow_venv/lib/python3.10/site-packages/airflow/example_dags/example_short_circuit_operator.py
[2024-05-05T01:32:16.054+0530] {processor.py:840} INFO - DAG(s) 'example_short_circuit_operator' retrieved from /home/wsl/airflow_venv/lib/python3.10/site-packages/airflow/example_dags/example_short_circuit_operator.py
[2024-05-05T01:32:16.075+0530] {logging_mixin.py:188} INFO - [2024-05-05T01:32:16.075+0530] {dag.py:3096} INFO - Sync 1 DAGs
[2024-05-05T01:32:16.102+0530] {logging_mixin.py:188} INFO - [2024-05-05T01:32:16.102+0530] {dag.py:3954} INFO - Setting next_dagrun for example_short_circuit_operator to 2024-05-03 00:00:00+00:00, run_after=2024-05-04 00:00:00+00:00
[2024-05-05T01:32:16.132+0530] {processor.py:183} INFO - Processing /home/wsl/airflow_venv/lib/python3.10/site-packages/airflow/example_dags/example_short_circuit_operator.py took 0.105 seconds
[2024-05-05T01:34:01.559+0530] {processor.py:161} INFO - Started process (PID=239074) to work on /home/wsl/airflow_venv/lib/python3.10/site-packages/airflow/example_dags/example_short_circuit_operator.py
[2024-05-05T01:34:01.562+0530] {processor.py:830} INFO - Processing file /home/wsl/airflow_venv/lib/python3.10/site-packages/airflow/example_dags/example_short_circuit_operator.py for tasks to queue
[2024-05-05T01:34:01.566+0530] {logging_mixin.py:188} INFO - [2024-05-05T01:34:01.566+0530] {dagbag.py:540} INFO - Filling up the DagBag from /home/wsl/airflow_venv/lib/python3.10/site-packages/airflow/example_dags/example_short_circuit_operator.py
[2024-05-05T01:34:01.582+0530] {processor.py:840} INFO - DAG(s) 'example_short_circuit_operator' retrieved from /home/wsl/airflow_venv/lib/python3.10/site-packages/airflow/example_dags/example_short_circuit_operator.py
[2024-05-05T01:34:01.610+0530] {logging_mixin.py:188} INFO - [2024-05-05T01:34:01.609+0530] {dag.py:3096} INFO - Sync 1 DAGs
[2024-05-05T01:34:01.637+0530] {logging_mixin.py:188} INFO - [2024-05-05T01:34:01.636+0530] {dag.py:3954} INFO - Setting next_dagrun for example_short_circuit_operator to 2024-05-03 00:00:00+00:00, run_after=2024-05-04 00:00:00+00:00
[2024-05-05T01:34:01.874+0530] {processor.py:183} INFO - Processing /home/wsl/airflow_venv/lib/python3.10/site-packages/airflow/example_dags/example_short_circuit_operator.py took 0.326 seconds
[2024-05-05T02:51:14.640+0530] {processor.py:161} INFO - Started process (PID=239888) to work on /home/wsl/airflow_venv/lib/python3.10/site-packages/airflow/example_dags/example_short_circuit_operator.py
[2024-05-05T02:51:14.643+0530] {processor.py:830} INFO - Processing file /home/wsl/airflow_venv/lib/python3.10/site-packages/airflow/example_dags/example_short_circuit_operator.py for tasks to queue
[2024-05-05T02:51:14.644+0530] {logging_mixin.py:188} INFO - [2024-05-05T02:51:14.644+0530] {dagbag.py:540} INFO - Filling up the DagBag from /home/wsl/airflow_venv/lib/python3.10/site-packages/airflow/example_dags/example_short_circuit_operator.py
[2024-05-05T02:51:14.657+0530] {processor.py:840} INFO - DAG(s) 'example_short_circuit_operator' retrieved from /home/wsl/airflow_venv/lib/python3.10/site-packages/airflow/example_dags/example_short_circuit_operator.py
[2024-05-05T02:51:14.681+0530] {logging_mixin.py:188} INFO - [2024-05-05T02:51:14.680+0530] {dag.py:3096} INFO - Sync 1 DAGs
[2024-05-05T02:51:14.702+0530] {logging_mixin.py:188} INFO - [2024-05-05T02:51:14.702+0530] {dag.py:3954} INFO - Setting next_dagrun for example_short_circuit_operator to 2024-05-03 00:00:00+00:00, run_after=2024-05-04 00:00:00+00:00
[2024-05-05T02:51:14.733+0530] {processor.py:183} INFO - Processing /home/wsl/airflow_venv/lib/python3.10/site-packages/airflow/example_dags/example_short_circuit_operator.py took 0.101 seconds
[2024-05-05T02:52:35.202+0530] {processor.py:161} INFO - Started process (PID=240309) to work on /home/wsl/airflow_venv/lib/python3.10/site-packages/airflow/example_dags/example_short_circuit_operator.py
[2024-05-05T02:52:35.204+0530] {processor.py:830} INFO - Processing file /home/wsl/airflow_venv/lib/python3.10/site-packages/airflow/example_dags/example_short_circuit_operator.py for tasks to queue
[2024-05-05T02:52:35.205+0530] {logging_mixin.py:188} INFO - [2024-05-05T02:52:35.205+0530] {dagbag.py:540} INFO - Filling up the DagBag from /home/wsl/airflow_venv/lib/python3.10/site-packages/airflow/example_dags/example_short_circuit_operator.py
[2024-05-05T02:52:35.236+0530] {processor.py:840} INFO - DAG(s) 'example_short_circuit_operator' retrieved from /home/wsl/airflow_venv/lib/python3.10/site-packages/airflow/example_dags/example_short_circuit_operator.py
[2024-05-05T02:52:35.299+0530] {logging_mixin.py:188} INFO - [2024-05-05T02:52:35.298+0530] {dag.py:3096} INFO - Sync 1 DAGs
[2024-05-05T02:52:35.342+0530] {logging_mixin.py:188} INFO - [2024-05-05T02:52:35.341+0530] {dag.py:3954} INFO - Setting next_dagrun for example_short_circuit_operator to 2024-05-03 00:00:00+00:00, run_after=2024-05-04 00:00:00+00:00
[2024-05-05T02:52:35.539+0530] {processor.py:183} INFO - Processing /home/wsl/airflow_venv/lib/python3.10/site-packages/airflow/example_dags/example_short_circuit_operator.py took 0.352 seconds
[2024-05-05T02:53:39.353+0530] {processor.py:161} INFO - Started process (PID=240711) to work on /home/wsl/airflow_venv/lib/python3.10/site-packages/airflow/example_dags/example_short_circuit_operator.py
[2024-05-05T02:53:39.365+0530] {processor.py:830} INFO - Processing file /home/wsl/airflow_venv/lib/python3.10/site-packages/airflow/example_dags/example_short_circuit_operator.py for tasks to queue
[2024-05-05T02:53:39.367+0530] {logging_mixin.py:188} INFO - [2024-05-05T02:53:39.366+0530] {dagbag.py:540} INFO - Filling up the DagBag from /home/wsl/airflow_venv/lib/python3.10/site-packages/airflow/example_dags/example_short_circuit_operator.py
[2024-05-05T02:53:39.384+0530] {processor.py:840} INFO - DAG(s) 'example_short_circuit_operator' retrieved from /home/wsl/airflow_venv/lib/python3.10/site-packages/airflow/example_dags/example_short_circuit_operator.py
[2024-05-05T02:53:39.433+0530] {logging_mixin.py:188} INFO - [2024-05-05T02:53:39.432+0530] {dag.py:3096} INFO - Sync 1 DAGs
[2024-05-05T02:53:39.502+0530] {logging_mixin.py:188} INFO - [2024-05-05T02:53:39.501+0530] {dag.py:3954} INFO - Setting next_dagrun for example_short_circuit_operator to 2024-05-03 00:00:00+00:00, run_after=2024-05-04 00:00:00+00:00
[2024-05-05T02:53:39.564+0530] {processor.py:183} INFO - Processing /home/wsl/airflow_venv/lib/python3.10/site-packages/airflow/example_dags/example_short_circuit_operator.py took 0.224 seconds
[2024-05-05T02:55:07.392+0530] {processor.py:161} INFO - Started process (PID=241227) to work on /home/wsl/airflow_venv/lib/python3.10/site-packages/airflow/example_dags/example_short_circuit_operator.py
[2024-05-05T02:55:07.396+0530] {processor.py:830} INFO - Processing file /home/wsl/airflow_venv/lib/python3.10/site-packages/airflow/example_dags/example_short_circuit_operator.py for tasks to queue
[2024-05-05T02:55:07.398+0530] {logging_mixin.py:188} INFO - [2024-05-05T02:55:07.397+0530] {dagbag.py:540} INFO - Filling up the DagBag from /home/wsl/airflow_venv/lib/python3.10/site-packages/airflow/example_dags/example_short_circuit_operator.py
[2024-05-05T02:55:07.412+0530] {processor.py:840} INFO - DAG(s) 'example_short_circuit_operator' retrieved from /home/wsl/airflow_venv/lib/python3.10/site-packages/airflow/example_dags/example_short_circuit_operator.py
[2024-05-05T02:55:07.442+0530] {logging_mixin.py:188} INFO - [2024-05-05T02:55:07.442+0530] {dag.py:3096} INFO - Sync 1 DAGs
[2024-05-05T02:55:07.468+0530] {logging_mixin.py:188} INFO - [2024-05-05T02:55:07.468+0530] {dag.py:3954} INFO - Setting next_dagrun for example_short_circuit_operator to 2024-05-03 00:00:00+00:00, run_after=2024-05-04 00:00:00+00:00
[2024-05-05T02:55:07.500+0530] {processor.py:183} INFO - Processing /home/wsl/airflow_venv/lib/python3.10/site-packages/airflow/example_dags/example_short_circuit_operator.py took 0.142 seconds
[2024-05-05T02:56:44.772+0530] {processor.py:161} INFO - Started process (PID=241791) to work on /home/wsl/airflow_venv/lib/python3.10/site-packages/airflow/example_dags/example_short_circuit_operator.py
[2024-05-05T02:56:44.802+0530] {processor.py:830} INFO - Processing file /home/wsl/airflow_venv/lib/python3.10/site-packages/airflow/example_dags/example_short_circuit_operator.py for tasks to queue
[2024-05-05T02:56:44.804+0530] {logging_mixin.py:188} INFO - [2024-05-05T02:56:44.803+0530] {dagbag.py:540} INFO - Filling up the DagBag from /home/wsl/airflow_venv/lib/python3.10/site-packages/airflow/example_dags/example_short_circuit_operator.py
[2024-05-05T02:56:44.820+0530] {processor.py:840} INFO - DAG(s) 'example_short_circuit_operator' retrieved from /home/wsl/airflow_venv/lib/python3.10/site-packages/airflow/example_dags/example_short_circuit_operator.py
[2024-05-05T02:56:44.853+0530] {logging_mixin.py:188} INFO - [2024-05-05T02:56:44.853+0530] {dag.py:3096} INFO - Sync 1 DAGs
[2024-05-05T02:56:44.876+0530] {logging_mixin.py:188} INFO - [2024-05-05T02:56:44.876+0530] {dag.py:3954} INFO - Setting next_dagrun for example_short_circuit_operator to 2024-05-03 00:00:00+00:00, run_after=2024-05-04 00:00:00+00:00
[2024-05-05T02:56:45.033+0530] {processor.py:183} INFO - Processing /home/wsl/airflow_venv/lib/python3.10/site-packages/airflow/example_dags/example_short_circuit_operator.py took 0.271 seconds
[2024-05-05T02:58:05.052+0530] {processor.py:161} INFO - Started process (PID=242313) to work on /home/wsl/airflow_venv/lib/python3.10/site-packages/airflow/example_dags/example_short_circuit_operator.py
[2024-05-05T02:58:05.054+0530] {processor.py:830} INFO - Processing file /home/wsl/airflow_venv/lib/python3.10/site-packages/airflow/example_dags/example_short_circuit_operator.py for tasks to queue
[2024-05-05T02:58:05.055+0530] {logging_mixin.py:188} INFO - [2024-05-05T02:58:05.055+0530] {dagbag.py:540} INFO - Filling up the DagBag from /home/wsl/airflow_venv/lib/python3.10/site-packages/airflow/example_dags/example_short_circuit_operator.py
[2024-05-05T02:58:05.064+0530] {processor.py:840} INFO - DAG(s) 'example_short_circuit_operator' retrieved from /home/wsl/airflow_venv/lib/python3.10/site-packages/airflow/example_dags/example_short_circuit_operator.py
[2024-05-05T02:58:05.085+0530] {logging_mixin.py:188} INFO - [2024-05-05T02:58:05.085+0530] {dag.py:3096} INFO - Sync 1 DAGs
[2024-05-05T02:58:05.107+0530] {logging_mixin.py:188} INFO - [2024-05-05T02:58:05.107+0530] {dag.py:3954} INFO - Setting next_dagrun for example_short_circuit_operator to 2024-05-03 00:00:00+00:00, run_after=2024-05-04 00:00:00+00:00
[2024-05-05T02:58:05.139+0530] {processor.py:183} INFO - Processing /home/wsl/airflow_venv/lib/python3.10/site-packages/airflow/example_dags/example_short_circuit_operator.py took 0.096 seconds
[2024-05-05T02:59:04.730+0530] {processor.py:161} INFO - Started process (PID=242685) to work on /home/wsl/airflow_venv/lib/python3.10/site-packages/airflow/example_dags/example_short_circuit_operator.py
[2024-05-05T02:59:04.733+0530] {processor.py:830} INFO - Processing file /home/wsl/airflow_venv/lib/python3.10/site-packages/airflow/example_dags/example_short_circuit_operator.py for tasks to queue
[2024-05-05T02:59:04.735+0530] {logging_mixin.py:188} INFO - [2024-05-05T02:59:04.735+0530] {dagbag.py:540} INFO - Filling up the DagBag from /home/wsl/airflow_venv/lib/python3.10/site-packages/airflow/example_dags/example_short_circuit_operator.py
[2024-05-05T02:59:04.748+0530] {processor.py:840} INFO - DAG(s) 'example_short_circuit_operator' retrieved from /home/wsl/airflow_venv/lib/python3.10/site-packages/airflow/example_dags/example_short_circuit_operator.py
[2024-05-05T02:59:04.769+0530] {logging_mixin.py:188} INFO - [2024-05-05T02:59:04.769+0530] {dag.py:3096} INFO - Sync 1 DAGs
[2024-05-05T02:59:04.791+0530] {logging_mixin.py:188} INFO - [2024-05-05T02:59:04.790+0530] {dag.py:3954} INFO - Setting next_dagrun for example_short_circuit_operator to 2024-05-03 00:00:00+00:00, run_after=2024-05-04 00:00:00+00:00
[2024-05-05T02:59:04.819+0530] {processor.py:183} INFO - Processing /home/wsl/airflow_venv/lib/python3.10/site-packages/airflow/example_dags/example_short_circuit_operator.py took 0.105 seconds
[2024-05-05T03:00:00.801+0530] {processor.py:161} INFO - Started process (PID=242992) to work on /home/wsl/airflow_venv/lib/python3.10/site-packages/airflow/example_dags/example_short_circuit_operator.py
[2024-05-05T03:00:00.803+0530] {processor.py:830} INFO - Processing file /home/wsl/airflow_venv/lib/python3.10/site-packages/airflow/example_dags/example_short_circuit_operator.py for tasks to queue
[2024-05-05T03:00:00.806+0530] {logging_mixin.py:188} INFO - [2024-05-05T03:00:00.805+0530] {dagbag.py:540} INFO - Filling up the DagBag from /home/wsl/airflow_venv/lib/python3.10/site-packages/airflow/example_dags/example_short_circuit_operator.py
[2024-05-05T03:00:00.818+0530] {processor.py:840} INFO - DAG(s) 'example_short_circuit_operator' retrieved from /home/wsl/airflow_venv/lib/python3.10/site-packages/airflow/example_dags/example_short_circuit_operator.py
[2024-05-05T03:00:00.839+0530] {logging_mixin.py:188} INFO - [2024-05-05T03:00:00.839+0530] {dag.py:3096} INFO - Sync 1 DAGs
[2024-05-05T03:00:00.870+0530] {logging_mixin.py:188} INFO - [2024-05-05T03:00:00.870+0530] {dag.py:3954} INFO - Setting next_dagrun for example_short_circuit_operator to 2024-05-03 00:00:00+00:00, run_after=2024-05-04 00:00:00+00:00
[2024-05-05T03:00:00.904+0530] {processor.py:183} INFO - Processing /home/wsl/airflow_venv/lib/python3.10/site-packages/airflow/example_dags/example_short_circuit_operator.py took 0.113 seconds
[2024-05-05T03:01:19.056+0530] {processor.py:161} INFO - Started process (PID=243500) to work on /home/wsl/airflow_venv/lib/python3.10/site-packages/airflow/example_dags/example_short_circuit_operator.py
[2024-05-05T03:01:19.057+0530] {processor.py:830} INFO - Processing file /home/wsl/airflow_venv/lib/python3.10/site-packages/airflow/example_dags/example_short_circuit_operator.py for tasks to queue
[2024-05-05T03:01:19.059+0530] {logging_mixin.py:188} INFO - [2024-05-05T03:01:19.058+0530] {dagbag.py:540} INFO - Filling up the DagBag from /home/wsl/airflow_venv/lib/python3.10/site-packages/airflow/example_dags/example_short_circuit_operator.py
[2024-05-05T03:01:19.070+0530] {processor.py:840} INFO - DAG(s) 'example_short_circuit_operator' retrieved from /home/wsl/airflow_venv/lib/python3.10/site-packages/airflow/example_dags/example_short_circuit_operator.py
[2024-05-05T03:01:19.094+0530] {logging_mixin.py:188} INFO - [2024-05-05T03:01:19.094+0530] {dag.py:3096} INFO - Sync 1 DAGs
[2024-05-05T03:01:19.118+0530] {logging_mixin.py:188} INFO - [2024-05-05T03:01:19.117+0530] {dag.py:3954} INFO - Setting next_dagrun for example_short_circuit_operator to 2024-05-03 00:00:00+00:00, run_after=2024-05-04 00:00:00+00:00
[2024-05-05T03:01:19.150+0530] {processor.py:183} INFO - Processing /home/wsl/airflow_venv/lib/python3.10/site-packages/airflow/example_dags/example_short_circuit_operator.py took 0.110 seconds
[2024-05-05T03:02:39.953+0530] {processor.py:161} INFO - Started process (PID=244086) to work on /home/wsl/airflow_venv/lib/python3.10/site-packages/airflow/example_dags/example_short_circuit_operator.py
[2024-05-05T03:02:39.956+0530] {processor.py:830} INFO - Processing file /home/wsl/airflow_venv/lib/python3.10/site-packages/airflow/example_dags/example_short_circuit_operator.py for tasks to queue
[2024-05-05T03:02:39.958+0530] {logging_mixin.py:188} INFO - [2024-05-05T03:02:39.958+0530] {dagbag.py:540} INFO - Filling up the DagBag from /home/wsl/airflow_venv/lib/python3.10/site-packages/airflow/example_dags/example_short_circuit_operator.py
[2024-05-05T03:02:39.978+0530] {processor.py:840} INFO - DAG(s) 'example_short_circuit_operator' retrieved from /home/wsl/airflow_venv/lib/python3.10/site-packages/airflow/example_dags/example_short_circuit_operator.py
[2024-05-05T03:02:40.048+0530] {logging_mixin.py:188} INFO - [2024-05-05T03:02:40.047+0530] {dag.py:3096} INFO - Sync 1 DAGs
[2024-05-05T03:02:40.139+0530] {logging_mixin.py:188} INFO - [2024-05-05T03:02:40.138+0530] {dag.py:3954} INFO - Setting next_dagrun for example_short_circuit_operator to 2024-05-03 00:00:00+00:00, run_after=2024-05-04 00:00:00+00:00
[2024-05-05T03:02:40.250+0530] {processor.py:183} INFO - Processing /home/wsl/airflow_venv/lib/python3.10/site-packages/airflow/example_dags/example_short_circuit_operator.py took 0.331 seconds
[2024-05-05T03:04:01.916+0530] {processor.py:161} INFO - Started process (PID=244539) to work on /home/wsl/airflow_venv/lib/python3.10/site-packages/airflow/example_dags/example_short_circuit_operator.py
[2024-05-05T03:04:01.918+0530] {processor.py:830} INFO - Processing file /home/wsl/airflow_venv/lib/python3.10/site-packages/airflow/example_dags/example_short_circuit_operator.py for tasks to queue
[2024-05-05T03:04:01.919+0530] {logging_mixin.py:188} INFO - [2024-05-05T03:04:01.919+0530] {dagbag.py:540} INFO - Filling up the DagBag from /home/wsl/airflow_venv/lib/python3.10/site-packages/airflow/example_dags/example_short_circuit_operator.py
[2024-05-05T03:04:01.928+0530] {processor.py:840} INFO - DAG(s) 'example_short_circuit_operator' retrieved from /home/wsl/airflow_venv/lib/python3.10/site-packages/airflow/example_dags/example_short_circuit_operator.py
[2024-05-05T03:04:01.948+0530] {logging_mixin.py:188} INFO - [2024-05-05T03:04:01.948+0530] {dag.py:3096} INFO - Sync 1 DAGs
[2024-05-05T03:04:01.969+0530] {logging_mixin.py:188} INFO - [2024-05-05T03:04:01.969+0530] {dag.py:3954} INFO - Setting next_dagrun for example_short_circuit_operator to 2024-05-03 00:00:00+00:00, run_after=2024-05-04 00:00:00+00:00
[2024-05-05T03:04:02.002+0530] {processor.py:183} INFO - Processing /home/wsl/airflow_venv/lib/python3.10/site-packages/airflow/example_dags/example_short_circuit_operator.py took 0.095 seconds
[2024-05-05T03:05:28.898+0530] {processor.py:161} INFO - Started process (PID=245124) to work on /home/wsl/airflow_venv/lib/python3.10/site-packages/airflow/example_dags/example_short_circuit_operator.py
[2024-05-05T03:05:28.901+0530] {processor.py:830} INFO - Processing file /home/wsl/airflow_venv/lib/python3.10/site-packages/airflow/example_dags/example_short_circuit_operator.py for tasks to queue
[2024-05-05T03:05:28.902+0530] {logging_mixin.py:188} INFO - [2024-05-05T03:05:28.902+0530] {dagbag.py:540} INFO - Filling up the DagBag from /home/wsl/airflow_venv/lib/python3.10/site-packages/airflow/example_dags/example_short_circuit_operator.py
[2024-05-05T03:05:28.916+0530] {processor.py:840} INFO - DAG(s) 'example_short_circuit_operator' retrieved from /home/wsl/airflow_venv/lib/python3.10/site-packages/airflow/example_dags/example_short_circuit_operator.py
[2024-05-05T03:05:28.937+0530] {logging_mixin.py:188} INFO - [2024-05-05T03:05:28.936+0530] {dag.py:3096} INFO - Sync 1 DAGs
[2024-05-05T03:05:28.958+0530] {logging_mixin.py:188} INFO - [2024-05-05T03:05:28.958+0530] {dag.py:3954} INFO - Setting next_dagrun for example_short_circuit_operator to 2024-05-03 00:00:00+00:00, run_after=2024-05-04 00:00:00+00:00
[2024-05-05T03:05:28.989+0530] {processor.py:183} INFO - Processing /home/wsl/airflow_venv/lib/python3.10/site-packages/airflow/example_dags/example_short_circuit_operator.py took 0.101 seconds
[2024-05-05T03:06:48.941+0530] {processor.py:161} INFO - Started process (PID=245608) to work on /home/wsl/airflow_venv/lib/python3.10/site-packages/airflow/example_dags/example_short_circuit_operator.py
[2024-05-05T03:06:48.943+0530] {processor.py:830} INFO - Processing file /home/wsl/airflow_venv/lib/python3.10/site-packages/airflow/example_dags/example_short_circuit_operator.py for tasks to queue
[2024-05-05T03:06:48.944+0530] {logging_mixin.py:188} INFO - [2024-05-05T03:06:48.944+0530] {dagbag.py:540} INFO - Filling up the DagBag from /home/wsl/airflow_venv/lib/python3.10/site-packages/airflow/example_dags/example_short_circuit_operator.py
[2024-05-05T03:06:48.953+0530] {processor.py:840} INFO - DAG(s) 'example_short_circuit_operator' retrieved from /home/wsl/airflow_venv/lib/python3.10/site-packages/airflow/example_dags/example_short_circuit_operator.py
[2024-05-05T03:06:48.975+0530] {logging_mixin.py:188} INFO - [2024-05-05T03:06:48.975+0530] {dag.py:3096} INFO - Sync 1 DAGs
[2024-05-05T03:06:48.999+0530] {logging_mixin.py:188} INFO - [2024-05-05T03:06:48.998+0530] {dag.py:3954} INFO - Setting next_dagrun for example_short_circuit_operator to 2024-05-03 00:00:00+00:00, run_after=2024-05-04 00:00:00+00:00
[2024-05-05T03:06:49.033+0530] {processor.py:183} INFO - Processing /home/wsl/airflow_venv/lib/python3.10/site-packages/airflow/example_dags/example_short_circuit_operator.py took 0.101 seconds
[2024-05-05T03:08:13.876+0530] {processor.py:161} INFO - Started process (PID=246205) to work on /home/wsl/airflow_venv/lib/python3.10/site-packages/airflow/example_dags/example_short_circuit_operator.py
[2024-05-05T03:08:13.878+0530] {processor.py:830} INFO - Processing file /home/wsl/airflow_venv/lib/python3.10/site-packages/airflow/example_dags/example_short_circuit_operator.py for tasks to queue
[2024-05-05T03:08:13.879+0530] {logging_mixin.py:188} INFO - [2024-05-05T03:08:13.879+0530] {dagbag.py:540} INFO - Filling up the DagBag from /home/wsl/airflow_venv/lib/python3.10/site-packages/airflow/example_dags/example_short_circuit_operator.py
[2024-05-05T03:08:13.889+0530] {processor.py:840} INFO - DAG(s) 'example_short_circuit_operator' retrieved from /home/wsl/airflow_venv/lib/python3.10/site-packages/airflow/example_dags/example_short_circuit_operator.py
[2024-05-05T03:08:13.909+0530] {logging_mixin.py:188} INFO - [2024-05-05T03:08:13.909+0530] {dag.py:3096} INFO - Sync 1 DAGs
[2024-05-05T03:08:13.930+0530] {logging_mixin.py:188} INFO - [2024-05-05T03:08:13.930+0530] {dag.py:3954} INFO - Setting next_dagrun for example_short_circuit_operator to 2024-05-03 00:00:00+00:00, run_after=2024-05-04 00:00:00+00:00
[2024-05-05T03:08:13.963+0530] {processor.py:183} INFO - Processing /home/wsl/airflow_venv/lib/python3.10/site-packages/airflow/example_dags/example_short_circuit_operator.py took 0.096 seconds
[2024-05-05T03:09:38.313+0530] {processor.py:161} INFO - Started process (PID=246746) to work on /home/wsl/airflow_venv/lib/python3.10/site-packages/airflow/example_dags/example_short_circuit_operator.py
[2024-05-05T03:09:38.322+0530] {processor.py:830} INFO - Processing file /home/wsl/airflow_venv/lib/python3.10/site-packages/airflow/example_dags/example_short_circuit_operator.py for tasks to queue
[2024-05-05T03:09:38.323+0530] {logging_mixin.py:188} INFO - [2024-05-05T03:09:38.323+0530] {dagbag.py:540} INFO - Filling up the DagBag from /home/wsl/airflow_venv/lib/python3.10/site-packages/airflow/example_dags/example_short_circuit_operator.py
[2024-05-05T03:09:38.336+0530] {processor.py:840} INFO - DAG(s) 'example_short_circuit_operator' retrieved from /home/wsl/airflow_venv/lib/python3.10/site-packages/airflow/example_dags/example_short_circuit_operator.py
[2024-05-05T03:09:38.359+0530] {logging_mixin.py:188} INFO - [2024-05-05T03:09:38.359+0530] {dag.py:3096} INFO - Sync 1 DAGs
[2024-05-05T03:09:38.382+0530] {logging_mixin.py:188} INFO - [2024-05-05T03:09:38.382+0530] {dag.py:3954} INFO - Setting next_dagrun for example_short_circuit_operator to 2024-05-03 00:00:00+00:00, run_after=2024-05-04 00:00:00+00:00
[2024-05-05T03:09:38.409+0530] {processor.py:183} INFO - Processing /home/wsl/airflow_venv/lib/python3.10/site-packages/airflow/example_dags/example_short_circuit_operator.py took 0.102 seconds
[2024-05-05T03:10:36.026+0530] {processor.py:161} INFO - Started process (PID=247129) to work on /home/wsl/airflow_venv/lib/python3.10/site-packages/airflow/example_dags/example_short_circuit_operator.py
[2024-05-05T03:10:36.029+0530] {processor.py:830} INFO - Processing file /home/wsl/airflow_venv/lib/python3.10/site-packages/airflow/example_dags/example_short_circuit_operator.py for tasks to queue
[2024-05-05T03:10:36.030+0530] {logging_mixin.py:188} INFO - [2024-05-05T03:10:36.030+0530] {dagbag.py:540} INFO - Filling up the DagBag from /home/wsl/airflow_venv/lib/python3.10/site-packages/airflow/example_dags/example_short_circuit_operator.py
[2024-05-05T03:10:36.046+0530] {processor.py:840} INFO - DAG(s) 'example_short_circuit_operator' retrieved from /home/wsl/airflow_venv/lib/python3.10/site-packages/airflow/example_dags/example_short_circuit_operator.py
[2024-05-05T03:10:36.081+0530] {logging_mixin.py:188} INFO - [2024-05-05T03:10:36.081+0530] {dag.py:3096} INFO - Sync 1 DAGs
[2024-05-05T03:10:36.108+0530] {logging_mixin.py:188} INFO - [2024-05-05T03:10:36.108+0530] {dag.py:3954} INFO - Setting next_dagrun for example_short_circuit_operator to 2024-05-03 00:00:00+00:00, run_after=2024-05-04 00:00:00+00:00
[2024-05-05T03:10:36.149+0530] {processor.py:183} INFO - Processing /home/wsl/airflow_venv/lib/python3.10/site-packages/airflow/example_dags/example_short_circuit_operator.py took 0.133 seconds
[2024-05-05T03:11:56.502+0530] {processor.py:161} INFO - Started process (PID=247626) to work on /home/wsl/airflow_venv/lib/python3.10/site-packages/airflow/example_dags/example_short_circuit_operator.py
[2024-05-05T03:11:56.505+0530] {processor.py:830} INFO - Processing file /home/wsl/airflow_venv/lib/python3.10/site-packages/airflow/example_dags/example_short_circuit_operator.py for tasks to queue
[2024-05-05T03:11:56.507+0530] {logging_mixin.py:188} INFO - [2024-05-05T03:11:56.506+0530] {dagbag.py:540} INFO - Filling up the DagBag from /home/wsl/airflow_venv/lib/python3.10/site-packages/airflow/example_dags/example_short_circuit_operator.py
[2024-05-05T03:11:56.522+0530] {processor.py:840} INFO - DAG(s) 'example_short_circuit_operator' retrieved from /home/wsl/airflow_venv/lib/python3.10/site-packages/airflow/example_dags/example_short_circuit_operator.py
[2024-05-05T03:11:56.546+0530] {logging_mixin.py:188} INFO - [2024-05-05T03:11:56.545+0530] {dag.py:3096} INFO - Sync 1 DAGs
[2024-05-05T03:11:56.569+0530] {logging_mixin.py:188} INFO - [2024-05-05T03:11:56.569+0530] {dag.py:3954} INFO - Setting next_dagrun for example_short_circuit_operator to 2024-05-03 00:00:00+00:00, run_after=2024-05-04 00:00:00+00:00
[2024-05-05T03:11:56.599+0530] {processor.py:183} INFO - Processing /home/wsl/airflow_venv/lib/python3.10/site-packages/airflow/example_dags/example_short_circuit_operator.py took 0.108 seconds
[2024-05-05T03:13:21.581+0530] {processor.py:161} INFO - Started process (PID=248092) to work on /home/wsl/airflow_venv/lib/python3.10/site-packages/airflow/example_dags/example_short_circuit_operator.py
[2024-05-05T03:13:21.586+0530] {processor.py:830} INFO - Processing file /home/wsl/airflow_venv/lib/python3.10/site-packages/airflow/example_dags/example_short_circuit_operator.py for tasks to queue
[2024-05-05T03:13:21.587+0530] {logging_mixin.py:188} INFO - [2024-05-05T03:13:21.587+0530] {dagbag.py:540} INFO - Filling up the DagBag from /home/wsl/airflow_venv/lib/python3.10/site-packages/airflow/example_dags/example_short_circuit_operator.py
[2024-05-05T03:13:21.604+0530] {processor.py:840} INFO - DAG(s) 'example_short_circuit_operator' retrieved from /home/wsl/airflow_venv/lib/python3.10/site-packages/airflow/example_dags/example_short_circuit_operator.py
[2024-05-05T03:13:21.659+0530] {logging_mixin.py:188} INFO - [2024-05-05T03:13:21.659+0530] {dag.py:3096} INFO - Sync 1 DAGs
[2024-05-05T03:13:21.686+0530] {logging_mixin.py:188} INFO - [2024-05-05T03:13:21.686+0530] {dag.py:3954} INFO - Setting next_dagrun for example_short_circuit_operator to 2024-05-03 00:00:00+00:00, run_after=2024-05-04 00:00:00+00:00
[2024-05-05T03:13:21.716+0530] {processor.py:183} INFO - Processing /home/wsl/airflow_venv/lib/python3.10/site-packages/airflow/example_dags/example_short_circuit_operator.py took 0.148 seconds
[2024-05-05T03:14:19.331+0530] {processor.py:161} INFO - Started process (PID=248426) to work on /home/wsl/airflow_venv/lib/python3.10/site-packages/airflow/example_dags/example_short_circuit_operator.py
[2024-05-05T03:14:19.334+0530] {processor.py:830} INFO - Processing file /home/wsl/airflow_venv/lib/python3.10/site-packages/airflow/example_dags/example_short_circuit_operator.py for tasks to queue
[2024-05-05T03:14:19.336+0530] {logging_mixin.py:188} INFO - [2024-05-05T03:14:19.336+0530] {dagbag.py:540} INFO - Filling up the DagBag from /home/wsl/airflow_venv/lib/python3.10/site-packages/airflow/example_dags/example_short_circuit_operator.py
[2024-05-05T03:14:19.346+0530] {processor.py:840} INFO - DAG(s) 'example_short_circuit_operator' retrieved from /home/wsl/airflow_venv/lib/python3.10/site-packages/airflow/example_dags/example_short_circuit_operator.py
[2024-05-05T03:14:19.366+0530] {logging_mixin.py:188} INFO - [2024-05-05T03:14:19.365+0530] {dag.py:3096} INFO - Sync 1 DAGs
[2024-05-05T03:14:19.386+0530] {logging_mixin.py:188} INFO - [2024-05-05T03:14:19.385+0530] {dag.py:3954} INFO - Setting next_dagrun for example_short_circuit_operator to 2024-05-03 00:00:00+00:00, run_after=2024-05-04 00:00:00+00:00
[2024-05-05T03:14:19.414+0530] {processor.py:183} INFO - Processing /home/wsl/airflow_venv/lib/python3.10/site-packages/airflow/example_dags/example_short_circuit_operator.py took 0.100 seconds
[2024-05-05T03:15:48.266+0530] {processor.py:161} INFO - Started process (PID=248946) to work on /home/wsl/airflow_venv/lib/python3.10/site-packages/airflow/example_dags/example_short_circuit_operator.py
[2024-05-05T03:15:48.268+0530] {processor.py:830} INFO - Processing file /home/wsl/airflow_venv/lib/python3.10/site-packages/airflow/example_dags/example_short_circuit_operator.py for tasks to queue
[2024-05-05T03:15:48.269+0530] {logging_mixin.py:188} INFO - [2024-05-05T03:15:48.269+0530] {dagbag.py:540} INFO - Filling up the DagBag from /home/wsl/airflow_venv/lib/python3.10/site-packages/airflow/example_dags/example_short_circuit_operator.py
[2024-05-05T03:15:48.282+0530] {processor.py:840} INFO - DAG(s) 'example_short_circuit_operator' retrieved from /home/wsl/airflow_venv/lib/python3.10/site-packages/airflow/example_dags/example_short_circuit_operator.py
[2024-05-05T03:15:48.306+0530] {logging_mixin.py:188} INFO - [2024-05-05T03:15:48.306+0530] {dag.py:3096} INFO - Sync 1 DAGs
[2024-05-05T03:15:48.335+0530] {logging_mixin.py:188} INFO - [2024-05-05T03:15:48.335+0530] {dag.py:3954} INFO - Setting next_dagrun for example_short_circuit_operator to 2024-05-03 00:00:00+00:00, run_after=2024-05-04 00:00:00+00:00
[2024-05-05T03:15:48.367+0530] {processor.py:183} INFO - Processing /home/wsl/airflow_venv/lib/python3.10/site-packages/airflow/example_dags/example_short_circuit_operator.py took 0.111 seconds
[2024-05-05T03:16:51.783+0530] {processor.py:161} INFO - Started process (PID=249295) to work on /home/wsl/airflow_venv/lib/python3.10/site-packages/airflow/example_dags/example_short_circuit_operator.py
[2024-05-05T03:16:51.793+0530] {processor.py:830} INFO - Processing file /home/wsl/airflow_venv/lib/python3.10/site-packages/airflow/example_dags/example_short_circuit_operator.py for tasks to queue
[2024-05-05T03:16:51.795+0530] {logging_mixin.py:188} INFO - [2024-05-05T03:16:51.794+0530] {dagbag.py:540} INFO - Filling up the DagBag from /home/wsl/airflow_venv/lib/python3.10/site-packages/airflow/example_dags/example_short_circuit_operator.py
[2024-05-05T03:16:51.809+0530] {processor.py:840} INFO - DAG(s) 'example_short_circuit_operator' retrieved from /home/wsl/airflow_venv/lib/python3.10/site-packages/airflow/example_dags/example_short_circuit_operator.py
[2024-05-05T03:16:51.848+0530] {logging_mixin.py:188} INFO - [2024-05-05T03:16:51.848+0530] {dag.py:3096} INFO - Sync 1 DAGs
[2024-05-05T03:16:51.910+0530] {logging_mixin.py:188} INFO - [2024-05-05T03:16:51.910+0530] {dag.py:3954} INFO - Setting next_dagrun for example_short_circuit_operator to 2024-05-03 00:00:00+00:00, run_after=2024-05-04 00:00:00+00:00
[2024-05-05T03:16:52.139+0530] {processor.py:183} INFO - Processing /home/wsl/airflow_venv/lib/python3.10/site-packages/airflow/example_dags/example_short_circuit_operator.py took 0.366 seconds
[2024-05-05T03:18:17.249+0530] {processor.py:161} INFO - Started process (PID=249708) to work on /home/wsl/airflow_venv/lib/python3.10/site-packages/airflow/example_dags/example_short_circuit_operator.py
[2024-05-05T03:18:17.253+0530] {processor.py:830} INFO - Processing file /home/wsl/airflow_venv/lib/python3.10/site-packages/airflow/example_dags/example_short_circuit_operator.py for tasks to queue
[2024-05-05T03:18:17.255+0530] {logging_mixin.py:188} INFO - [2024-05-05T03:18:17.254+0530] {dagbag.py:540} INFO - Filling up the DagBag from /home/wsl/airflow_venv/lib/python3.10/site-packages/airflow/example_dags/example_short_circuit_operator.py
[2024-05-05T03:18:17.269+0530] {processor.py:840} INFO - DAG(s) 'example_short_circuit_operator' retrieved from /home/wsl/airflow_venv/lib/python3.10/site-packages/airflow/example_dags/example_short_circuit_operator.py
[2024-05-05T03:18:17.293+0530] {logging_mixin.py:188} INFO - [2024-05-05T03:18:17.292+0530] {dag.py:3096} INFO - Sync 1 DAGs
[2024-05-05T03:18:17.323+0530] {logging_mixin.py:188} INFO - [2024-05-05T03:18:17.322+0530] {dag.py:3954} INFO - Setting next_dagrun for example_short_circuit_operator to 2024-05-03 00:00:00+00:00, run_after=2024-05-04 00:00:00+00:00
[2024-05-05T03:18:17.372+0530] {processor.py:183} INFO - Processing /home/wsl/airflow_venv/lib/python3.10/site-packages/airflow/example_dags/example_short_circuit_operator.py took 0.135 seconds
[2024-05-05T03:19:26.921+0530] {processor.py:161} INFO - Started process (PID=250161) to work on /home/wsl/airflow_venv/lib/python3.10/site-packages/airflow/example_dags/example_short_circuit_operator.py
[2024-05-05T03:19:26.923+0530] {processor.py:830} INFO - Processing file /home/wsl/airflow_venv/lib/python3.10/site-packages/airflow/example_dags/example_short_circuit_operator.py for tasks to queue
[2024-05-05T03:19:26.925+0530] {logging_mixin.py:188} INFO - [2024-05-05T03:19:26.924+0530] {dagbag.py:540} INFO - Filling up the DagBag from /home/wsl/airflow_venv/lib/python3.10/site-packages/airflow/example_dags/example_short_circuit_operator.py
[2024-05-05T03:19:26.936+0530] {processor.py:840} INFO - DAG(s) 'example_short_circuit_operator' retrieved from /home/wsl/airflow_venv/lib/python3.10/site-packages/airflow/example_dags/example_short_circuit_operator.py
[2024-05-05T03:19:26.961+0530] {logging_mixin.py:188} INFO - [2024-05-05T03:19:26.961+0530] {dag.py:3096} INFO - Sync 1 DAGs
[2024-05-05T03:19:26.991+0530] {logging_mixin.py:188} INFO - [2024-05-05T03:19:26.990+0530] {dag.py:3954} INFO - Setting next_dagrun for example_short_circuit_operator to 2024-05-03 00:00:00+00:00, run_after=2024-05-04 00:00:00+00:00
[2024-05-05T03:19:27.051+0530] {processor.py:183} INFO - Processing /home/wsl/airflow_venv/lib/python3.10/site-packages/airflow/example_dags/example_short_circuit_operator.py took 0.139 seconds
[2024-05-05T03:20:40.725+0530] {processor.py:161} INFO - Started process (PID=250541) to work on /home/wsl/airflow_venv/lib/python3.10/site-packages/airflow/example_dags/example_short_circuit_operator.py
[2024-05-05T03:20:40.727+0530] {processor.py:830} INFO - Processing file /home/wsl/airflow_venv/lib/python3.10/site-packages/airflow/example_dags/example_short_circuit_operator.py for tasks to queue
[2024-05-05T03:20:40.728+0530] {logging_mixin.py:188} INFO - [2024-05-05T03:20:40.728+0530] {dagbag.py:540} INFO - Filling up the DagBag from /home/wsl/airflow_venv/lib/python3.10/site-packages/airflow/example_dags/example_short_circuit_operator.py
[2024-05-05T03:20:40.741+0530] {processor.py:840} INFO - DAG(s) 'example_short_circuit_operator' retrieved from /home/wsl/airflow_venv/lib/python3.10/site-packages/airflow/example_dags/example_short_circuit_operator.py
[2024-05-05T03:20:40.764+0530] {logging_mixin.py:188} INFO - [2024-05-05T03:20:40.764+0530] {dag.py:3096} INFO - Sync 1 DAGs
[2024-05-05T03:20:40.817+0530] {logging_mixin.py:188} INFO - [2024-05-05T03:20:40.816+0530] {dag.py:3954} INFO - Setting next_dagrun for example_short_circuit_operator to 2024-05-03 00:00:00+00:00, run_after=2024-05-04 00:00:00+00:00
[2024-05-05T03:20:40.983+0530] {processor.py:183} INFO - Processing /home/wsl/airflow_venv/lib/python3.10/site-packages/airflow/example_dags/example_short_circuit_operator.py took 0.266 seconds
[2024-05-05T03:21:49.788+0530] {processor.py:161} INFO - Started process (PID=250986) to work on /home/wsl/airflow_venv/lib/python3.10/site-packages/airflow/example_dags/example_short_circuit_operator.py
[2024-05-05T03:21:49.793+0530] {processor.py:830} INFO - Processing file /home/wsl/airflow_venv/lib/python3.10/site-packages/airflow/example_dags/example_short_circuit_operator.py for tasks to queue
[2024-05-05T03:21:49.804+0530] {logging_mixin.py:188} INFO - [2024-05-05T03:21:49.795+0530] {dagbag.py:540} INFO - Filling up the DagBag from /home/wsl/airflow_venv/lib/python3.10/site-packages/airflow/example_dags/example_short_circuit_operator.py
[2024-05-05T03:21:49.832+0530] {processor.py:840} INFO - DAG(s) 'example_short_circuit_operator' retrieved from /home/wsl/airflow_venv/lib/python3.10/site-packages/airflow/example_dags/example_short_circuit_operator.py
[2024-05-05T03:21:49.913+0530] {logging_mixin.py:188} INFO - [2024-05-05T03:21:49.913+0530] {dag.py:3096} INFO - Sync 1 DAGs
[2024-05-05T03:21:50.007+0530] {logging_mixin.py:188} INFO - [2024-05-05T03:21:50.006+0530] {dag.py:3954} INFO - Setting next_dagrun for example_short_circuit_operator to 2024-05-03 00:00:00+00:00, run_after=2024-05-04 00:00:00+00:00
[2024-05-05T03:21:50.220+0530] {processor.py:183} INFO - Processing /home/wsl/airflow_venv/lib/python3.10/site-packages/airflow/example_dags/example_short_circuit_operator.py took 0.457 seconds
[2024-05-05T03:23:00.494+0530] {processor.py:161} INFO - Started process (PID=251335) to work on /home/wsl/airflow_venv/lib/python3.10/site-packages/airflow/example_dags/example_short_circuit_operator.py
[2024-05-05T03:23:00.496+0530] {processor.py:830} INFO - Processing file /home/wsl/airflow_venv/lib/python3.10/site-packages/airflow/example_dags/example_short_circuit_operator.py for tasks to queue
[2024-05-05T03:23:00.498+0530] {logging_mixin.py:188} INFO - [2024-05-05T03:23:00.497+0530] {dagbag.py:540} INFO - Filling up the DagBag from /home/wsl/airflow_venv/lib/python3.10/site-packages/airflow/example_dags/example_short_circuit_operator.py
[2024-05-05T03:23:00.508+0530] {processor.py:840} INFO - DAG(s) 'example_short_circuit_operator' retrieved from /home/wsl/airflow_venv/lib/python3.10/site-packages/airflow/example_dags/example_short_circuit_operator.py
[2024-05-05T03:23:00.534+0530] {logging_mixin.py:188} INFO - [2024-05-05T03:23:00.533+0530] {dag.py:3096} INFO - Sync 1 DAGs
[2024-05-05T03:23:00.565+0530] {logging_mixin.py:188} INFO - [2024-05-05T03:23:00.565+0530] {dag.py:3954} INFO - Setting next_dagrun for example_short_circuit_operator to 2024-05-03 00:00:00+00:00, run_after=2024-05-04 00:00:00+00:00
[2024-05-05T03:23:00.635+0530] {processor.py:183} INFO - Processing /home/wsl/airflow_venv/lib/python3.10/site-packages/airflow/example_dags/example_short_circuit_operator.py took 0.149 seconds
[2024-05-05T03:24:00.504+0530] {processor.py:161} INFO - Started process (PID=251704) to work on /home/wsl/airflow_venv/lib/python3.10/site-packages/airflow/example_dags/example_short_circuit_operator.py
[2024-05-05T03:24:00.506+0530] {processor.py:830} INFO - Processing file /home/wsl/airflow_venv/lib/python3.10/site-packages/airflow/example_dags/example_short_circuit_operator.py for tasks to queue
[2024-05-05T03:24:00.507+0530] {logging_mixin.py:188} INFO - [2024-05-05T03:24:00.507+0530] {dagbag.py:540} INFO - Filling up the DagBag from /home/wsl/airflow_venv/lib/python3.10/site-packages/airflow/example_dags/example_short_circuit_operator.py
[2024-05-05T03:24:00.517+0530] {processor.py:840} INFO - DAG(s) 'example_short_circuit_operator' retrieved from /home/wsl/airflow_venv/lib/python3.10/site-packages/airflow/example_dags/example_short_circuit_operator.py
[2024-05-05T03:24:00.540+0530] {logging_mixin.py:188} INFO - [2024-05-05T03:24:00.540+0530] {dag.py:3096} INFO - Sync 1 DAGs
[2024-05-05T03:24:00.563+0530] {logging_mixin.py:188} INFO - [2024-05-05T03:24:00.563+0530] {dag.py:3954} INFO - Setting next_dagrun for example_short_circuit_operator to 2024-05-03 00:00:00+00:00, run_after=2024-05-04 00:00:00+00:00
[2024-05-05T03:24:00.598+0530] {processor.py:183} INFO - Processing /home/wsl/airflow_venv/lib/python3.10/site-packages/airflow/example_dags/example_short_circuit_operator.py took 0.102 seconds
[2024-05-05T03:25:21.662+0530] {processor.py:161} INFO - Started process (PID=252190) to work on /home/wsl/airflow_venv/lib/python3.10/site-packages/airflow/example_dags/example_short_circuit_operator.py
[2024-05-05T03:25:21.663+0530] {processor.py:830} INFO - Processing file /home/wsl/airflow_venv/lib/python3.10/site-packages/airflow/example_dags/example_short_circuit_operator.py for tasks to queue
[2024-05-05T03:25:21.664+0530] {logging_mixin.py:188} INFO - [2024-05-05T03:25:21.664+0530] {dagbag.py:540} INFO - Filling up the DagBag from /home/wsl/airflow_venv/lib/python3.10/site-packages/airflow/example_dags/example_short_circuit_operator.py
[2024-05-05T03:25:21.674+0530] {processor.py:840} INFO - DAG(s) 'example_short_circuit_operator' retrieved from /home/wsl/airflow_venv/lib/python3.10/site-packages/airflow/example_dags/example_short_circuit_operator.py
[2024-05-05T03:25:21.706+0530] {logging_mixin.py:188} INFO - [2024-05-05T03:25:21.706+0530] {dag.py:3096} INFO - Sync 1 DAGs
[2024-05-05T03:25:21.732+0530] {logging_mixin.py:188} INFO - [2024-05-05T03:25:21.732+0530] {dag.py:3954} INFO - Setting next_dagrun for example_short_circuit_operator to 2024-05-03 00:00:00+00:00, run_after=2024-05-04 00:00:00+00:00
[2024-05-05T03:25:21.770+0530] {processor.py:183} INFO - Processing /home/wsl/airflow_venv/lib/python3.10/site-packages/airflow/example_dags/example_short_circuit_operator.py took 0.116 seconds
[2024-05-05T03:26:58.971+0530] {processor.py:161} INFO - Started process (PID=252837) to work on /home/wsl/airflow_venv/lib/python3.10/site-packages/airflow/example_dags/example_short_circuit_operator.py
[2024-05-05T03:26:58.974+0530] {processor.py:830} INFO - Processing file /home/wsl/airflow_venv/lib/python3.10/site-packages/airflow/example_dags/example_short_circuit_operator.py for tasks to queue
[2024-05-05T03:26:58.977+0530] {logging_mixin.py:188} INFO - [2024-05-05T03:26:58.976+0530] {dagbag.py:540} INFO - Filling up the DagBag from /home/wsl/airflow_venv/lib/python3.10/site-packages/airflow/example_dags/example_short_circuit_operator.py
[2024-05-05T03:26:58.991+0530] {processor.py:840} INFO - DAG(s) 'example_short_circuit_operator' retrieved from /home/wsl/airflow_venv/lib/python3.10/site-packages/airflow/example_dags/example_short_circuit_operator.py
[2024-05-05T03:26:59.010+0530] {logging_mixin.py:188} INFO - [2024-05-05T03:26:59.010+0530] {dag.py:3096} INFO - Sync 1 DAGs
[2024-05-05T03:26:59.031+0530] {logging_mixin.py:188} INFO - [2024-05-05T03:26:59.031+0530] {dag.py:3954} INFO - Setting next_dagrun for example_short_circuit_operator to 2024-05-03 00:00:00+00:00, run_after=2024-05-04 00:00:00+00:00
[2024-05-05T03:26:59.059+0530] {processor.py:183} INFO - Processing /home/wsl/airflow_venv/lib/python3.10/site-packages/airflow/example_dags/example_short_circuit_operator.py took 0.101 seconds
[2024-05-05T03:28:25.354+0530] {processor.py:161} INFO - Started process (PID=253287) to work on /home/wsl/airflow_venv/lib/python3.10/site-packages/airflow/example_dags/example_short_circuit_operator.py
[2024-05-05T03:28:25.882+0530] {processor.py:830} INFO - Processing file /home/wsl/airflow_venv/lib/python3.10/site-packages/airflow/example_dags/example_short_circuit_operator.py for tasks to queue
[2024-05-05T03:28:25.883+0530] {logging_mixin.py:188} INFO - [2024-05-05T03:28:25.883+0530] {dagbag.py:540} INFO - Filling up the DagBag from /home/wsl/airflow_venv/lib/python3.10/site-packages/airflow/example_dags/example_short_circuit_operator.py
[2024-05-05T03:28:25.892+0530] {processor.py:840} INFO - DAG(s) 'example_short_circuit_operator' retrieved from /home/wsl/airflow_venv/lib/python3.10/site-packages/airflow/example_dags/example_short_circuit_operator.py
[2024-05-05T03:28:25.913+0530] {logging_mixin.py:188} INFO - [2024-05-05T03:28:25.912+0530] {dag.py:3096} INFO - Sync 1 DAGs
[2024-05-05T03:28:25.933+0530] {logging_mixin.py:188} INFO - [2024-05-05T03:28:25.933+0530] {dag.py:3954} INFO - Setting next_dagrun for example_short_circuit_operator to 2024-05-03 00:00:00+00:00, run_after=2024-05-04 00:00:00+00:00
[2024-05-05T03:28:27.389+0530] {processor.py:183} INFO - Processing /home/wsl/airflow_venv/lib/python3.10/site-packages/airflow/example_dags/example_short_circuit_operator.py took 2.042 seconds
