[2024-05-05T01:29:04.134+0530] {processor.py:161} INFO - Started process (PID=237032) to work on /home/wsl/airflow_venv/lib/python3.10/site-packages/airflow/example_dags/example_dynamic_task_mapping.py
[2024-05-05T01:29:04.135+0530] {processor.py:830} INFO - Processing file /home/wsl/airflow_venv/lib/python3.10/site-packages/airflow/example_dags/example_dynamic_task_mapping.py for tasks to queue
[2024-05-05T01:29:04.138+0530] {logging_mixin.py:188} INFO - [2024-05-05T01:29:04.137+0530] {dagbag.py:540} INFO - Filling up the DagBag from /home/wsl/airflow_venv/lib/python3.10/site-packages/airflow/example_dags/example_dynamic_task_mapping.py
[2024-05-05T01:29:04.150+0530] {processor.py:840} INFO - DAG(s) 'example_dynamic_task_mapping' retrieved from /home/wsl/airflow_venv/lib/python3.10/site-packages/airflow/example_dags/example_dynamic_task_mapping.py
[2024-05-05T01:29:04.309+0530] {logging_mixin.py:188} INFO - [2024-05-05T01:29:04.308+0530] {dag.py:3096} INFO - Sync 1 DAGs
[2024-05-05T01:29:04.344+0530] {logging_mixin.py:188} INFO - [2024-05-05T01:29:04.344+0530] {dag.py:3954} INFO - Setting next_dagrun for example_dynamic_task_mapping to 2022-03-04 00:00:00+00:00, run_after=2022-03-05 00:00:00+00:00
[2024-05-05T01:29:04.386+0530] {processor.py:183} INFO - Processing /home/wsl/airflow_venv/lib/python3.10/site-packages/airflow/example_dags/example_dynamic_task_mapping.py took 0.266 seconds
[2024-05-05T01:30:28.193+0530] {processor.py:161} INFO - Started process (PID=237661) to work on /home/wsl/airflow_venv/lib/python3.10/site-packages/airflow/example_dags/example_dynamic_task_mapping.py
[2024-05-05T01:30:28.195+0530] {processor.py:830} INFO - Processing file /home/wsl/airflow_venv/lib/python3.10/site-packages/airflow/example_dags/example_dynamic_task_mapping.py for tasks to queue
[2024-05-05T01:30:28.197+0530] {logging_mixin.py:188} INFO - [2024-05-05T01:30:28.197+0530] {dagbag.py:540} INFO - Filling up the DagBag from /home/wsl/airflow_venv/lib/python3.10/site-packages/airflow/example_dags/example_dynamic_task_mapping.py
[2024-05-05T01:30:28.237+0530] {processor.py:840} INFO - DAG(s) 'example_dynamic_task_mapping' retrieved from /home/wsl/airflow_venv/lib/python3.10/site-packages/airflow/example_dags/example_dynamic_task_mapping.py
[2024-05-05T01:30:28.257+0530] {logging_mixin.py:188} INFO - [2024-05-05T01:30:28.257+0530] {dag.py:3096} INFO - Sync 1 DAGs
[2024-05-05T01:30:28.285+0530] {logging_mixin.py:188} INFO - [2024-05-05T01:30:28.284+0530] {dag.py:3954} INFO - Setting next_dagrun for example_dynamic_task_mapping to 2022-03-04 00:00:00+00:00, run_after=2022-03-05 00:00:00+00:00
[2024-05-05T01:30:28.327+0530] {processor.py:183} INFO - Processing /home/wsl/airflow_venv/lib/python3.10/site-packages/airflow/example_dags/example_dynamic_task_mapping.py took 0.149 seconds
[2024-05-05T01:31:27.083+0530] {processor.py:161} INFO - Started process (PID=238016) to work on /home/wsl/airflow_venv/lib/python3.10/site-packages/airflow/example_dags/example_dynamic_task_mapping.py
[2024-05-05T01:31:27.115+0530] {processor.py:830} INFO - Processing file /home/wsl/airflow_venv/lib/python3.10/site-packages/airflow/example_dags/example_dynamic_task_mapping.py for tasks to queue
[2024-05-05T01:31:27.118+0530] {logging_mixin.py:188} INFO - [2024-05-05T01:31:27.117+0530] {dagbag.py:540} INFO - Filling up the DagBag from /home/wsl/airflow_venv/lib/python3.10/site-packages/airflow/example_dags/example_dynamic_task_mapping.py
[2024-05-05T01:31:27.138+0530] {processor.py:840} INFO - DAG(s) 'example_dynamic_task_mapping' retrieved from /home/wsl/airflow_venv/lib/python3.10/site-packages/airflow/example_dags/example_dynamic_task_mapping.py
[2024-05-05T01:31:27.203+0530] {logging_mixin.py:188} INFO - [2024-05-05T01:31:27.203+0530] {dag.py:3096} INFO - Sync 1 DAGs
[2024-05-05T01:31:27.644+0530] {logging_mixin.py:188} INFO - [2024-05-05T01:31:27.643+0530] {dag.py:3954} INFO - Setting next_dagrun for example_dynamic_task_mapping to 2022-03-04 00:00:00+00:00, run_after=2022-03-05 00:00:00+00:00
[2024-05-05T01:31:27.784+0530] {processor.py:183} INFO - Processing /home/wsl/airflow_venv/lib/python3.10/site-packages/airflow/example_dags/example_dynamic_task_mapping.py took 0.732 seconds
[2024-05-05T01:32:29.703+0530] {processor.py:161} INFO - Started process (PID=238426) to work on /home/wsl/airflow_venv/lib/python3.10/site-packages/airflow/example_dags/example_dynamic_task_mapping.py
[2024-05-05T01:32:29.705+0530] {processor.py:830} INFO - Processing file /home/wsl/airflow_venv/lib/python3.10/site-packages/airflow/example_dags/example_dynamic_task_mapping.py for tasks to queue
[2024-05-05T01:32:29.707+0530] {logging_mixin.py:188} INFO - [2024-05-05T01:32:29.706+0530] {dagbag.py:540} INFO - Filling up the DagBag from /home/wsl/airflow_venv/lib/python3.10/site-packages/airflow/example_dags/example_dynamic_task_mapping.py
[2024-05-05T01:32:29.717+0530] {processor.py:840} INFO - DAG(s) 'example_dynamic_task_mapping' retrieved from /home/wsl/airflow_venv/lib/python3.10/site-packages/airflow/example_dags/example_dynamic_task_mapping.py
[2024-05-05T01:32:29.738+0530] {logging_mixin.py:188} INFO - [2024-05-05T01:32:29.737+0530] {dag.py:3096} INFO - Sync 1 DAGs
[2024-05-05T01:32:29.761+0530] {logging_mixin.py:188} INFO - [2024-05-05T01:32:29.760+0530] {dag.py:3954} INFO - Setting next_dagrun for example_dynamic_task_mapping to 2022-03-04 00:00:00+00:00, run_after=2022-03-05 00:00:00+00:00
[2024-05-05T01:32:29.792+0530] {processor.py:183} INFO - Processing /home/wsl/airflow_venv/lib/python3.10/site-packages/airflow/example_dags/example_dynamic_task_mapping.py took 0.098 seconds
[2024-05-05T01:33:37.681+0530] {processor.py:161} INFO - Started process (PID=238915) to work on /home/wsl/airflow_venv/lib/python3.10/site-packages/airflow/example_dags/example_dynamic_task_mapping.py
[2024-05-05T01:33:37.738+0530] {processor.py:830} INFO - Processing file /home/wsl/airflow_venv/lib/python3.10/site-packages/airflow/example_dags/example_dynamic_task_mapping.py for tasks to queue
[2024-05-05T01:33:37.742+0530] {logging_mixin.py:188} INFO - [2024-05-05T01:33:37.741+0530] {dagbag.py:540} INFO - Filling up the DagBag from /home/wsl/airflow_venv/lib/python3.10/site-packages/airflow/example_dags/example_dynamic_task_mapping.py
[2024-05-05T01:33:37.754+0530] {processor.py:840} INFO - DAG(s) 'example_dynamic_task_mapping' retrieved from /home/wsl/airflow_venv/lib/python3.10/site-packages/airflow/example_dags/example_dynamic_task_mapping.py
[2024-05-05T01:33:40.431+0530] {logging_mixin.py:188} INFO - [2024-05-05T01:33:40.431+0530] {dag.py:3096} INFO - Sync 1 DAGs
[2024-05-05T01:33:42.221+0530] {logging_mixin.py:188} INFO - [2024-05-05T01:33:42.221+0530] {dag.py:3954} INFO - Setting next_dagrun for example_dynamic_task_mapping to 2022-03-04 00:00:00+00:00, run_after=2022-03-05 00:00:00+00:00
[2024-05-05T01:33:42.268+0530] {processor.py:183} INFO - Processing /home/wsl/airflow_venv/lib/python3.10/site-packages/airflow/example_dags/example_dynamic_task_mapping.py took 4.620 seconds
[2024-05-05T02:50:49.093+0530] {processor.py:161} INFO - Started process (PID=239701) to work on /home/wsl/airflow_venv/lib/python3.10/site-packages/airflow/example_dags/example_dynamic_task_mapping.py
[2024-05-05T02:50:49.095+0530] {processor.py:830} INFO - Processing file /home/wsl/airflow_venv/lib/python3.10/site-packages/airflow/example_dags/example_dynamic_task_mapping.py for tasks to queue
[2024-05-05T02:50:49.096+0530] {logging_mixin.py:188} INFO - [2024-05-05T02:50:49.096+0530] {dagbag.py:540} INFO - Filling up the DagBag from /home/wsl/airflow_venv/lib/python3.10/site-packages/airflow/example_dags/example_dynamic_task_mapping.py
[2024-05-05T02:50:49.119+0530] {processor.py:840} INFO - DAG(s) 'example_dynamic_task_mapping' retrieved from /home/wsl/airflow_venv/lib/python3.10/site-packages/airflow/example_dags/example_dynamic_task_mapping.py
[2024-05-05T02:50:49.159+0530] {logging_mixin.py:188} INFO - [2024-05-05T02:50:49.158+0530] {dag.py:3096} INFO - Sync 1 DAGs
[2024-05-05T02:50:49.187+0530] {logging_mixin.py:188} INFO - [2024-05-05T02:50:49.186+0530] {dag.py:3954} INFO - Setting next_dagrun for example_dynamic_task_mapping to 2022-03-04 00:00:00+00:00, run_after=2022-03-05 00:00:00+00:00
[2024-05-05T02:50:49.349+0530] {processor.py:183} INFO - Processing /home/wsl/airflow_venv/lib/python3.10/site-packages/airflow/example_dags/example_dynamic_task_mapping.py took 0.263 seconds
[2024-05-05T02:52:05.633+0530] {processor.py:161} INFO - Started process (PID=240139) to work on /home/wsl/airflow_venv/lib/python3.10/site-packages/airflow/example_dags/example_dynamic_task_mapping.py
[2024-05-05T02:52:05.635+0530] {processor.py:830} INFO - Processing file /home/wsl/airflow_venv/lib/python3.10/site-packages/airflow/example_dags/example_dynamic_task_mapping.py for tasks to queue
[2024-05-05T02:52:05.636+0530] {logging_mixin.py:188} INFO - [2024-05-05T02:52:05.635+0530] {dagbag.py:540} INFO - Filling up the DagBag from /home/wsl/airflow_venv/lib/python3.10/site-packages/airflow/example_dags/example_dynamic_task_mapping.py
[2024-05-05T02:52:05.645+0530] {processor.py:840} INFO - DAG(s) 'example_dynamic_task_mapping' retrieved from /home/wsl/airflow_venv/lib/python3.10/site-packages/airflow/example_dags/example_dynamic_task_mapping.py
[2024-05-05T02:52:05.667+0530] {logging_mixin.py:188} INFO - [2024-05-05T02:52:05.666+0530] {dag.py:3096} INFO - Sync 1 DAGs
[2024-05-05T02:52:05.690+0530] {logging_mixin.py:188} INFO - [2024-05-05T02:52:05.690+0530] {dag.py:3954} INFO - Setting next_dagrun for example_dynamic_task_mapping to 2022-03-04 00:00:00+00:00, run_after=2022-03-05 00:00:00+00:00
[2024-05-05T02:52:05.725+0530] {processor.py:183} INFO - Processing /home/wsl/airflow_venv/lib/python3.10/site-packages/airflow/example_dags/example_dynamic_task_mapping.py took 0.099 seconds
[2024-05-05T02:53:06.117+0530] {processor.py:161} INFO - Started process (PID=240498) to work on /home/wsl/airflow_venv/lib/python3.10/site-packages/airflow/example_dags/example_dynamic_task_mapping.py
[2024-05-05T02:53:06.119+0530] {processor.py:830} INFO - Processing file /home/wsl/airflow_venv/lib/python3.10/site-packages/airflow/example_dags/example_dynamic_task_mapping.py for tasks to queue
[2024-05-05T02:53:06.121+0530] {logging_mixin.py:188} INFO - [2024-05-05T02:53:06.120+0530] {dagbag.py:540} INFO - Filling up the DagBag from /home/wsl/airflow_venv/lib/python3.10/site-packages/airflow/example_dags/example_dynamic_task_mapping.py
[2024-05-05T02:53:06.131+0530] {processor.py:840} INFO - DAG(s) 'example_dynamic_task_mapping' retrieved from /home/wsl/airflow_venv/lib/python3.10/site-packages/airflow/example_dags/example_dynamic_task_mapping.py
[2024-05-05T02:53:06.151+0530] {logging_mixin.py:188} INFO - [2024-05-05T02:53:06.151+0530] {dag.py:3096} INFO - Sync 1 DAGs
[2024-05-05T02:53:06.173+0530] {logging_mixin.py:188} INFO - [2024-05-05T02:53:06.173+0530] {dag.py:3954} INFO - Setting next_dagrun for example_dynamic_task_mapping to 2022-03-04 00:00:00+00:00, run_after=2022-03-05 00:00:00+00:00
[2024-05-05T02:53:06.200+0530] {processor.py:183} INFO - Processing /home/wsl/airflow_venv/lib/python3.10/site-packages/airflow/example_dags/example_dynamic_task_mapping.py took 0.092 seconds
[2024-05-05T02:54:21.208+0530] {processor.py:161} INFO - Started process (PID=240931) to work on /home/wsl/airflow_venv/lib/python3.10/site-packages/airflow/example_dags/example_dynamic_task_mapping.py
[2024-05-05T02:54:21.211+0530] {processor.py:830} INFO - Processing file /home/wsl/airflow_venv/lib/python3.10/site-packages/airflow/example_dags/example_dynamic_task_mapping.py for tasks to queue
[2024-05-05T02:54:21.213+0530] {logging_mixin.py:188} INFO - [2024-05-05T02:54:21.212+0530] {dagbag.py:540} INFO - Filling up the DagBag from /home/wsl/airflow_venv/lib/python3.10/site-packages/airflow/example_dags/example_dynamic_task_mapping.py
[2024-05-05T02:54:21.224+0530] {processor.py:840} INFO - DAG(s) 'example_dynamic_task_mapping' retrieved from /home/wsl/airflow_venv/lib/python3.10/site-packages/airflow/example_dags/example_dynamic_task_mapping.py
[2024-05-05T02:54:21.245+0530] {logging_mixin.py:188} INFO - [2024-05-05T02:54:21.245+0530] {dag.py:3096} INFO - Sync 1 DAGs
[2024-05-05T02:54:21.268+0530] {logging_mixin.py:188} INFO - [2024-05-05T02:54:21.267+0530] {dag.py:3954} INFO - Setting next_dagrun for example_dynamic_task_mapping to 2022-03-04 00:00:00+00:00, run_after=2022-03-05 00:00:00+00:00
[2024-05-05T02:54:21.296+0530] {processor.py:183} INFO - Processing /home/wsl/airflow_venv/lib/python3.10/site-packages/airflow/example_dags/example_dynamic_task_mapping.py took 0.098 seconds
[2024-05-05T02:55:30.185+0530] {processor.py:161} INFO - Started process (PID=241332) to work on /home/wsl/airflow_venv/lib/python3.10/site-packages/airflow/example_dags/example_dynamic_task_mapping.py
[2024-05-05T02:55:30.187+0530] {processor.py:830} INFO - Processing file /home/wsl/airflow_venv/lib/python3.10/site-packages/airflow/example_dags/example_dynamic_task_mapping.py for tasks to queue
[2024-05-05T02:55:30.188+0530] {logging_mixin.py:188} INFO - [2024-05-05T02:55:30.188+0530] {dagbag.py:540} INFO - Filling up the DagBag from /home/wsl/airflow_venv/lib/python3.10/site-packages/airflow/example_dags/example_dynamic_task_mapping.py
[2024-05-05T02:55:30.197+0530] {processor.py:840} INFO - DAG(s) 'example_dynamic_task_mapping' retrieved from /home/wsl/airflow_venv/lib/python3.10/site-packages/airflow/example_dags/example_dynamic_task_mapping.py
[2024-05-05T02:55:30.214+0530] {logging_mixin.py:188} INFO - [2024-05-05T02:55:30.214+0530] {dag.py:3096} INFO - Sync 1 DAGs
[2024-05-05T02:55:30.240+0530] {logging_mixin.py:188} INFO - [2024-05-05T02:55:30.239+0530] {dag.py:3954} INFO - Setting next_dagrun for example_dynamic_task_mapping to 2022-03-04 00:00:00+00:00, run_after=2022-03-05 00:00:00+00:00
[2024-05-05T02:55:30.281+0530] {processor.py:183} INFO - Processing /home/wsl/airflow_venv/lib/python3.10/site-packages/airflow/example_dags/example_dynamic_task_mapping.py took 0.105 seconds
[2024-05-05T02:56:37.445+0530] {processor.py:161} INFO - Started process (PID=241697) to work on /home/wsl/airflow_venv/lib/python3.10/site-packages/airflow/example_dags/example_dynamic_task_mapping.py
[2024-05-05T02:56:37.448+0530] {processor.py:830} INFO - Processing file /home/wsl/airflow_venv/lib/python3.10/site-packages/airflow/example_dags/example_dynamic_task_mapping.py for tasks to queue
[2024-05-05T02:56:37.450+0530] {logging_mixin.py:188} INFO - [2024-05-05T02:56:37.449+0530] {dagbag.py:540} INFO - Filling up the DagBag from /home/wsl/airflow_venv/lib/python3.10/site-packages/airflow/example_dags/example_dynamic_task_mapping.py
[2024-05-05T02:56:37.464+0530] {processor.py:840} INFO - DAG(s) 'example_dynamic_task_mapping' retrieved from /home/wsl/airflow_venv/lib/python3.10/site-packages/airflow/example_dags/example_dynamic_task_mapping.py
[2024-05-05T02:56:37.485+0530] {logging_mixin.py:188} INFO - [2024-05-05T02:56:37.485+0530] {dag.py:3096} INFO - Sync 1 DAGs
[2024-05-05T02:56:37.513+0530] {logging_mixin.py:188} INFO - [2024-05-05T02:56:37.513+0530] {dag.py:3954} INFO - Setting next_dagrun for example_dynamic_task_mapping to 2022-03-04 00:00:00+00:00, run_after=2022-03-05 00:00:00+00:00
[2024-05-05T02:56:37.699+0530] {processor.py:183} INFO - Processing /home/wsl/airflow_venv/lib/python3.10/site-packages/airflow/example_dags/example_dynamic_task_mapping.py took 0.273 seconds
[2024-05-05T02:57:59.218+0530] {processor.py:161} INFO - Started process (PID=242232) to work on /home/wsl/airflow_venv/lib/python3.10/site-packages/airflow/example_dags/example_dynamic_task_mapping.py
[2024-05-05T02:57:59.221+0530] {processor.py:830} INFO - Processing file /home/wsl/airflow_venv/lib/python3.10/site-packages/airflow/example_dags/example_dynamic_task_mapping.py for tasks to queue
[2024-05-05T02:57:59.222+0530] {logging_mixin.py:188} INFO - [2024-05-05T02:57:59.222+0530] {dagbag.py:540} INFO - Filling up the DagBag from /home/wsl/airflow_venv/lib/python3.10/site-packages/airflow/example_dags/example_dynamic_task_mapping.py
[2024-05-05T02:57:59.231+0530] {processor.py:840} INFO - DAG(s) 'example_dynamic_task_mapping' retrieved from /home/wsl/airflow_venv/lib/python3.10/site-packages/airflow/example_dags/example_dynamic_task_mapping.py
[2024-05-05T02:57:59.252+0530] {logging_mixin.py:188} INFO - [2024-05-05T02:57:59.251+0530] {dag.py:3096} INFO - Sync 1 DAGs
[2024-05-05T02:57:59.273+0530] {logging_mixin.py:188} INFO - [2024-05-05T02:57:59.273+0530] {dag.py:3954} INFO - Setting next_dagrun for example_dynamic_task_mapping to 2022-03-04 00:00:00+00:00, run_after=2022-03-05 00:00:00+00:00
[2024-05-05T02:57:59.303+0530] {processor.py:183} INFO - Processing /home/wsl/airflow_venv/lib/python3.10/site-packages/airflow/example_dags/example_dynamic_task_mapping.py took 0.098 seconds
[2024-05-05T02:58:59.434+0530] {processor.py:161} INFO - Started process (PID=242607) to work on /home/wsl/airflow_venv/lib/python3.10/site-packages/airflow/example_dags/example_dynamic_task_mapping.py
[2024-05-05T02:58:59.437+0530] {processor.py:830} INFO - Processing file /home/wsl/airflow_venv/lib/python3.10/site-packages/airflow/example_dags/example_dynamic_task_mapping.py for tasks to queue
[2024-05-05T02:58:59.438+0530] {logging_mixin.py:188} INFO - [2024-05-05T02:58:59.438+0530] {dagbag.py:540} INFO - Filling up the DagBag from /home/wsl/airflow_venv/lib/python3.10/site-packages/airflow/example_dags/example_dynamic_task_mapping.py
[2024-05-05T02:58:59.448+0530] {processor.py:840} INFO - DAG(s) 'example_dynamic_task_mapping' retrieved from /home/wsl/airflow_venv/lib/python3.10/site-packages/airflow/example_dags/example_dynamic_task_mapping.py
[2024-05-05T02:58:59.474+0530] {logging_mixin.py:188} INFO - [2024-05-05T02:58:59.473+0530] {dag.py:3096} INFO - Sync 1 DAGs
[2024-05-05T02:58:59.506+0530] {logging_mixin.py:188} INFO - [2024-05-05T02:58:59.506+0530] {dag.py:3954} INFO - Setting next_dagrun for example_dynamic_task_mapping to 2022-03-04 00:00:00+00:00, run_after=2022-03-05 00:00:00+00:00
[2024-05-05T02:58:59.549+0530] {processor.py:183} INFO - Processing /home/wsl/airflow_venv/lib/python3.10/site-packages/airflow/example_dags/example_dynamic_task_mapping.py took 0.127 seconds
[2024-05-05T02:59:55.168+0530] {processor.py:161} INFO - Started process (PID=242967) to work on /home/wsl/airflow_venv/lib/python3.10/site-packages/airflow/example_dags/example_dynamic_task_mapping.py
[2024-05-05T02:59:55.171+0530] {processor.py:830} INFO - Processing file /home/wsl/airflow_venv/lib/python3.10/site-packages/airflow/example_dags/example_dynamic_task_mapping.py for tasks to queue
[2024-05-05T02:59:55.172+0530] {logging_mixin.py:188} INFO - [2024-05-05T02:59:55.172+0530] {dagbag.py:540} INFO - Filling up the DagBag from /home/wsl/airflow_venv/lib/python3.10/site-packages/airflow/example_dags/example_dynamic_task_mapping.py
[2024-05-05T02:59:55.183+0530] {processor.py:840} INFO - DAG(s) 'example_dynamic_task_mapping' retrieved from /home/wsl/airflow_venv/lib/python3.10/site-packages/airflow/example_dags/example_dynamic_task_mapping.py
[2024-05-05T02:59:55.203+0530] {logging_mixin.py:188} INFO - [2024-05-05T02:59:55.203+0530] {dag.py:3096} INFO - Sync 1 DAGs
[2024-05-05T02:59:55.234+0530] {logging_mixin.py:188} INFO - [2024-05-05T02:59:55.234+0530] {dag.py:3954} INFO - Setting next_dagrun for example_dynamic_task_mapping to 2022-03-04 00:00:00+00:00, run_after=2022-03-05 00:00:00+00:00
[2024-05-05T02:59:55.271+0530] {processor.py:183} INFO - Processing /home/wsl/airflow_venv/lib/python3.10/site-packages/airflow/example_dags/example_dynamic_task_mapping.py took 0.116 seconds
[2024-05-05T03:00:48.018+0530] {processor.py:161} INFO - Started process (PID=243350) to work on /home/wsl/airflow_venv/lib/python3.10/site-packages/airflow/example_dags/example_dynamic_task_mapping.py
[2024-05-05T03:00:48.022+0530] {processor.py:830} INFO - Processing file /home/wsl/airflow_venv/lib/python3.10/site-packages/airflow/example_dags/example_dynamic_task_mapping.py for tasks to queue
[2024-05-05T03:00:48.024+0530] {logging_mixin.py:188} INFO - [2024-05-05T03:00:48.024+0530] {dagbag.py:540} INFO - Filling up the DagBag from /home/wsl/airflow_venv/lib/python3.10/site-packages/airflow/example_dags/example_dynamic_task_mapping.py
[2024-05-05T03:00:48.034+0530] {processor.py:840} INFO - DAG(s) 'example_dynamic_task_mapping' retrieved from /home/wsl/airflow_venv/lib/python3.10/site-packages/airflow/example_dags/example_dynamic_task_mapping.py
[2024-05-05T03:00:48.059+0530] {logging_mixin.py:188} INFO - [2024-05-05T03:00:48.059+0530] {dag.py:3096} INFO - Sync 1 DAGs
[2024-05-05T03:00:48.085+0530] {logging_mixin.py:188} INFO - [2024-05-05T03:00:48.085+0530] {dag.py:3954} INFO - Setting next_dagrun for example_dynamic_task_mapping to 2022-03-04 00:00:00+00:00, run_after=2022-03-05 00:00:00+00:00
[2024-05-05T03:00:48.125+0530] {processor.py:183} INFO - Processing /home/wsl/airflow_venv/lib/python3.10/site-packages/airflow/example_dags/example_dynamic_task_mapping.py took 0.114 seconds
[2024-05-05T03:01:39.652+0530] {processor.py:161} INFO - Started process (PID=243584) to work on /home/wsl/airflow_venv/lib/python3.10/site-packages/airflow/example_dags/example_dynamic_task_mapping.py
[2024-05-05T03:01:39.655+0530] {processor.py:830} INFO - Processing file /home/wsl/airflow_venv/lib/python3.10/site-packages/airflow/example_dags/example_dynamic_task_mapping.py for tasks to queue
[2024-05-05T03:01:39.656+0530] {logging_mixin.py:188} INFO - [2024-05-05T03:01:39.656+0530] {dagbag.py:540} INFO - Filling up the DagBag from /home/wsl/airflow_venv/lib/python3.10/site-packages/airflow/example_dags/example_dynamic_task_mapping.py
[2024-05-05T03:01:39.668+0530] {processor.py:840} INFO - DAG(s) 'example_dynamic_task_mapping' retrieved from /home/wsl/airflow_venv/lib/python3.10/site-packages/airflow/example_dags/example_dynamic_task_mapping.py
[2024-05-05T03:01:39.686+0530] {logging_mixin.py:188} INFO - [2024-05-05T03:01:39.686+0530] {dag.py:3096} INFO - Sync 1 DAGs
[2024-05-05T03:01:39.708+0530] {logging_mixin.py:188} INFO - [2024-05-05T03:01:39.708+0530] {dag.py:3954} INFO - Setting next_dagrun for example_dynamic_task_mapping to 2022-03-04 00:00:00+00:00, run_after=2022-03-05 00:00:00+00:00
[2024-05-05T03:01:39.741+0530] {processor.py:183} INFO - Processing /home/wsl/airflow_venv/lib/python3.10/site-packages/airflow/example_dags/example_dynamic_task_mapping.py took 0.104 seconds
[2024-05-05T03:02:32.645+0530] {processor.py:161} INFO - Started process (PID=244054) to work on /home/wsl/airflow_venv/lib/python3.10/site-packages/airflow/example_dags/example_dynamic_task_mapping.py
[2024-05-05T03:02:32.650+0530] {processor.py:830} INFO - Processing file /home/wsl/airflow_venv/lib/python3.10/site-packages/airflow/example_dags/example_dynamic_task_mapping.py for tasks to queue
[2024-05-05T03:02:32.651+0530] {logging_mixin.py:188} INFO - [2024-05-05T03:02:32.651+0530] {dagbag.py:540} INFO - Filling up the DagBag from /home/wsl/airflow_venv/lib/python3.10/site-packages/airflow/example_dags/example_dynamic_task_mapping.py
[2024-05-05T03:02:32.662+0530] {processor.py:840} INFO - DAG(s) 'example_dynamic_task_mapping' retrieved from /home/wsl/airflow_venv/lib/python3.10/site-packages/airflow/example_dags/example_dynamic_task_mapping.py
[2024-05-05T03:02:32.688+0530] {logging_mixin.py:188} INFO - [2024-05-05T03:02:32.688+0530] {dag.py:3096} INFO - Sync 1 DAGs
[2024-05-05T03:02:32.714+0530] {logging_mixin.py:188} INFO - [2024-05-05T03:02:32.713+0530] {dag.py:3954} INFO - Setting next_dagrun for example_dynamic_task_mapping to 2022-03-04 00:00:00+00:00, run_after=2022-03-05 00:00:00+00:00
[2024-05-05T03:02:32.744+0530] {processor.py:183} INFO - Processing /home/wsl/airflow_venv/lib/python3.10/site-packages/airflow/example_dags/example_dynamic_task_mapping.py took 0.118 seconds
[2024-05-05T03:03:26.502+0530] {processor.py:161} INFO - Started process (PID=244344) to work on /home/wsl/airflow_venv/lib/python3.10/site-packages/airflow/example_dags/example_dynamic_task_mapping.py
[2024-05-05T03:03:26.505+0530] {processor.py:830} INFO - Processing file /home/wsl/airflow_venv/lib/python3.10/site-packages/airflow/example_dags/example_dynamic_task_mapping.py for tasks to queue
[2024-05-05T03:03:26.506+0530] {logging_mixin.py:188} INFO - [2024-05-05T03:03:26.506+0530] {dagbag.py:540} INFO - Filling up the DagBag from /home/wsl/airflow_venv/lib/python3.10/site-packages/airflow/example_dags/example_dynamic_task_mapping.py
[2024-05-05T03:03:26.519+0530] {processor.py:840} INFO - DAG(s) 'example_dynamic_task_mapping' retrieved from /home/wsl/airflow_venv/lib/python3.10/site-packages/airflow/example_dags/example_dynamic_task_mapping.py
[2024-05-05T03:03:26.539+0530] {logging_mixin.py:188} INFO - [2024-05-05T03:03:26.538+0530] {dag.py:3096} INFO - Sync 1 DAGs
[2024-05-05T03:03:26.559+0530] {logging_mixin.py:188} INFO - [2024-05-05T03:03:26.559+0530] {dag.py:3954} INFO - Setting next_dagrun for example_dynamic_task_mapping to 2022-03-04 00:00:00+00:00, run_after=2022-03-05 00:00:00+00:00
[2024-05-05T03:03:26.586+0530] {processor.py:183} INFO - Processing /home/wsl/airflow_venv/lib/python3.10/site-packages/airflow/example_dags/example_dynamic_task_mapping.py took 0.098 seconds
[2024-05-05T03:04:22.858+0530] {processor.py:161} INFO - Started process (PID=244709) to work on /home/wsl/airflow_venv/lib/python3.10/site-packages/airflow/example_dags/example_dynamic_task_mapping.py
[2024-05-05T03:04:22.860+0530] {processor.py:830} INFO - Processing file /home/wsl/airflow_venv/lib/python3.10/site-packages/airflow/example_dags/example_dynamic_task_mapping.py for tasks to queue
[2024-05-05T03:04:22.862+0530] {logging_mixin.py:188} INFO - [2024-05-05T03:04:22.862+0530] {dagbag.py:540} INFO - Filling up the DagBag from /home/wsl/airflow_venv/lib/python3.10/site-packages/airflow/example_dags/example_dynamic_task_mapping.py
[2024-05-05T03:04:22.880+0530] {processor.py:840} INFO - DAG(s) 'example_dynamic_task_mapping' retrieved from /home/wsl/airflow_venv/lib/python3.10/site-packages/airflow/example_dags/example_dynamic_task_mapping.py
[2024-05-05T03:04:22.900+0530] {logging_mixin.py:188} INFO - [2024-05-05T03:04:22.899+0530] {dag.py:3096} INFO - Sync 1 DAGs
[2024-05-05T03:04:22.920+0530] {logging_mixin.py:188} INFO - [2024-05-05T03:04:22.920+0530] {dag.py:3954} INFO - Setting next_dagrun for example_dynamic_task_mapping to 2022-03-04 00:00:00+00:00, run_after=2022-03-05 00:00:00+00:00
[2024-05-05T03:04:22.947+0530] {processor.py:183} INFO - Processing /home/wsl/airflow_venv/lib/python3.10/site-packages/airflow/example_dags/example_dynamic_task_mapping.py took 0.109 seconds
[2024-05-05T03:05:21.285+0530] {processor.py:161} INFO - Started process (PID=245097) to work on /home/wsl/airflow_venv/lib/python3.10/site-packages/airflow/example_dags/example_dynamic_task_mapping.py
[2024-05-05T03:05:21.288+0530] {processor.py:830} INFO - Processing file /home/wsl/airflow_venv/lib/python3.10/site-packages/airflow/example_dags/example_dynamic_task_mapping.py for tasks to queue
[2024-05-05T03:05:21.289+0530] {logging_mixin.py:188} INFO - [2024-05-05T03:05:21.288+0530] {dagbag.py:540} INFO - Filling up the DagBag from /home/wsl/airflow_venv/lib/python3.10/site-packages/airflow/example_dags/example_dynamic_task_mapping.py
[2024-05-05T03:05:21.297+0530] {processor.py:840} INFO - DAG(s) 'example_dynamic_task_mapping' retrieved from /home/wsl/airflow_venv/lib/python3.10/site-packages/airflow/example_dags/example_dynamic_task_mapping.py
[2024-05-05T03:05:21.314+0530] {logging_mixin.py:188} INFO - [2024-05-05T03:05:21.314+0530] {dag.py:3096} INFO - Sync 1 DAGs
[2024-05-05T03:05:21.337+0530] {logging_mixin.py:188} INFO - [2024-05-05T03:05:21.336+0530] {dag.py:3954} INFO - Setting next_dagrun for example_dynamic_task_mapping to 2022-03-04 00:00:00+00:00, run_after=2022-03-05 00:00:00+00:00
[2024-05-05T03:05:21.363+0530] {processor.py:183} INFO - Processing /home/wsl/airflow_venv/lib/python3.10/site-packages/airflow/example_dags/example_dynamic_task_mapping.py took 0.086 seconds
[2024-05-05T03:06:17.146+0530] {processor.py:161} INFO - Started process (PID=245496) to work on /home/wsl/airflow_venv/lib/python3.10/site-packages/airflow/example_dags/example_dynamic_task_mapping.py
[2024-05-05T03:06:17.148+0530] {processor.py:830} INFO - Processing file /home/wsl/airflow_venv/lib/python3.10/site-packages/airflow/example_dags/example_dynamic_task_mapping.py for tasks to queue
[2024-05-05T03:06:17.150+0530] {logging_mixin.py:188} INFO - [2024-05-05T03:06:17.149+0530] {dagbag.py:540} INFO - Filling up the DagBag from /home/wsl/airflow_venv/lib/python3.10/site-packages/airflow/example_dags/example_dynamic_task_mapping.py
[2024-05-05T03:06:17.164+0530] {processor.py:840} INFO - DAG(s) 'example_dynamic_task_mapping' retrieved from /home/wsl/airflow_venv/lib/python3.10/site-packages/airflow/example_dags/example_dynamic_task_mapping.py
[2024-05-05T03:06:17.188+0530] {logging_mixin.py:188} INFO - [2024-05-05T03:06:17.188+0530] {dag.py:3096} INFO - Sync 1 DAGs
[2024-05-05T03:06:17.210+0530] {logging_mixin.py:188} INFO - [2024-05-05T03:06:17.210+0530] {dag.py:3954} INFO - Setting next_dagrun for example_dynamic_task_mapping to 2022-03-04 00:00:00+00:00, run_after=2022-03-05 00:00:00+00:00
[2024-05-05T03:06:17.239+0530] {processor.py:183} INFO - Processing /home/wsl/airflow_venv/lib/python3.10/site-packages/airflow/example_dags/example_dynamic_task_mapping.py took 0.104 seconds
[2024-05-05T03:07:09.667+0530] {processor.py:161} INFO - Started process (PID=245781) to work on /home/wsl/airflow_venv/lib/python3.10/site-packages/airflow/example_dags/example_dynamic_task_mapping.py
[2024-05-05T03:07:09.671+0530] {processor.py:830} INFO - Processing file /home/wsl/airflow_venv/lib/python3.10/site-packages/airflow/example_dags/example_dynamic_task_mapping.py for tasks to queue
[2024-05-05T03:07:09.673+0530] {logging_mixin.py:188} INFO - [2024-05-05T03:07:09.672+0530] {dagbag.py:540} INFO - Filling up the DagBag from /home/wsl/airflow_venv/lib/python3.10/site-packages/airflow/example_dags/example_dynamic_task_mapping.py
[2024-05-05T03:07:09.692+0530] {processor.py:840} INFO - DAG(s) 'example_dynamic_task_mapping' retrieved from /home/wsl/airflow_venv/lib/python3.10/site-packages/airflow/example_dags/example_dynamic_task_mapping.py
[2024-05-05T03:07:09.708+0530] {logging_mixin.py:188} INFO - [2024-05-05T03:07:09.707+0530] {dag.py:3096} INFO - Sync 1 DAGs
[2024-05-05T03:07:09.729+0530] {logging_mixin.py:188} INFO - [2024-05-05T03:07:09.729+0530] {dag.py:3954} INFO - Setting next_dagrun for example_dynamic_task_mapping to 2022-03-04 00:00:00+00:00, run_after=2022-03-05 00:00:00+00:00
[2024-05-05T03:07:09.795+0530] {processor.py:183} INFO - Processing /home/wsl/airflow_venv/lib/python3.10/site-packages/airflow/example_dags/example_dynamic_task_mapping.py took 0.145 seconds
[2024-05-05T03:08:07.433+0530] {processor.py:161} INFO - Started process (PID=246179) to work on /home/wsl/airflow_venv/lib/python3.10/site-packages/airflow/example_dags/example_dynamic_task_mapping.py
[2024-05-05T03:08:07.436+0530] {processor.py:830} INFO - Processing file /home/wsl/airflow_venv/lib/python3.10/site-packages/airflow/example_dags/example_dynamic_task_mapping.py for tasks to queue
[2024-05-05T03:08:07.438+0530] {logging_mixin.py:188} INFO - [2024-05-05T03:08:07.437+0530] {dagbag.py:540} INFO - Filling up the DagBag from /home/wsl/airflow_venv/lib/python3.10/site-packages/airflow/example_dags/example_dynamic_task_mapping.py
[2024-05-05T03:08:07.457+0530] {processor.py:840} INFO - DAG(s) 'example_dynamic_task_mapping' retrieved from /home/wsl/airflow_venv/lib/python3.10/site-packages/airflow/example_dags/example_dynamic_task_mapping.py
[2024-05-05T03:08:07.501+0530] {logging_mixin.py:188} INFO - [2024-05-05T03:08:07.500+0530] {dag.py:3096} INFO - Sync 1 DAGs
[2024-05-05T03:08:07.560+0530] {logging_mixin.py:188} INFO - [2024-05-05T03:08:07.560+0530] {dag.py:3954} INFO - Setting next_dagrun for example_dynamic_task_mapping to 2022-03-04 00:00:00+00:00, run_after=2022-03-05 00:00:00+00:00
[2024-05-05T03:08:07.624+0530] {processor.py:183} INFO - Processing /home/wsl/airflow_venv/lib/python3.10/site-packages/airflow/example_dags/example_dynamic_task_mapping.py took 0.207 seconds
[2024-05-05T03:09:01.296+0530] {processor.py:161} INFO - Started process (PID=246588) to work on /home/wsl/airflow_venv/lib/python3.10/site-packages/airflow/example_dags/example_dynamic_task_mapping.py
[2024-05-05T03:09:01.299+0530] {processor.py:830} INFO - Processing file /home/wsl/airflow_venv/lib/python3.10/site-packages/airflow/example_dags/example_dynamic_task_mapping.py for tasks to queue
[2024-05-05T03:09:01.300+0530] {logging_mixin.py:188} INFO - [2024-05-05T03:09:01.300+0530] {dagbag.py:540} INFO - Filling up the DagBag from /home/wsl/airflow_venv/lib/python3.10/site-packages/airflow/example_dags/example_dynamic_task_mapping.py
[2024-05-05T03:09:01.311+0530] {processor.py:840} INFO - DAG(s) 'example_dynamic_task_mapping' retrieved from /home/wsl/airflow_venv/lib/python3.10/site-packages/airflow/example_dags/example_dynamic_task_mapping.py
[2024-05-05T03:09:01.332+0530] {logging_mixin.py:188} INFO - [2024-05-05T03:09:01.332+0530] {dag.py:3096} INFO - Sync 1 DAGs
[2024-05-05T03:09:01.352+0530] {logging_mixin.py:188} INFO - [2024-05-05T03:09:01.352+0530] {dag.py:3954} INFO - Setting next_dagrun for example_dynamic_task_mapping to 2022-03-04 00:00:00+00:00, run_after=2022-03-05 00:00:00+00:00
[2024-05-05T03:09:01.513+0530] {processor.py:183} INFO - Processing /home/wsl/airflow_venv/lib/python3.10/site-packages/airflow/example_dags/example_dynamic_task_mapping.py took 0.227 seconds
[2024-05-05T03:10:00.613+0530] {processor.py:161} INFO - Started process (PID=246958) to work on /home/wsl/airflow_venv/lib/python3.10/site-packages/airflow/example_dags/example_dynamic_task_mapping.py
[2024-05-05T03:10:00.617+0530] {processor.py:830} INFO - Processing file /home/wsl/airflow_venv/lib/python3.10/site-packages/airflow/example_dags/example_dynamic_task_mapping.py for tasks to queue
[2024-05-05T03:10:00.618+0530] {logging_mixin.py:188} INFO - [2024-05-05T03:10:00.617+0530] {dagbag.py:540} INFO - Filling up the DagBag from /home/wsl/airflow_venv/lib/python3.10/site-packages/airflow/example_dags/example_dynamic_task_mapping.py
[2024-05-05T03:10:00.626+0530] {processor.py:840} INFO - DAG(s) 'example_dynamic_task_mapping' retrieved from /home/wsl/airflow_venv/lib/python3.10/site-packages/airflow/example_dags/example_dynamic_task_mapping.py
[2024-05-05T03:10:00.649+0530] {logging_mixin.py:188} INFO - [2024-05-05T03:10:00.649+0530] {dag.py:3096} INFO - Sync 1 DAGs
[2024-05-05T03:10:00.670+0530] {logging_mixin.py:188} INFO - [2024-05-05T03:10:00.670+0530] {dag.py:3954} INFO - Setting next_dagrun for example_dynamic_task_mapping to 2022-03-04 00:00:00+00:00, run_after=2022-03-05 00:00:00+00:00
[2024-05-05T03:10:00.702+0530] {processor.py:183} INFO - Processing /home/wsl/airflow_venv/lib/python3.10/site-packages/airflow/example_dags/example_dynamic_task_mapping.py took 0.101 seconds
[2024-05-05T03:10:56.569+0530] {processor.py:161} INFO - Started process (PID=247282) to work on /home/wsl/airflow_venv/lib/python3.10/site-packages/airflow/example_dags/example_dynamic_task_mapping.py
[2024-05-05T03:10:56.571+0530] {processor.py:830} INFO - Processing file /home/wsl/airflow_venv/lib/python3.10/site-packages/airflow/example_dags/example_dynamic_task_mapping.py for tasks to queue
[2024-05-05T03:10:56.572+0530] {logging_mixin.py:188} INFO - [2024-05-05T03:10:56.572+0530] {dagbag.py:540} INFO - Filling up the DagBag from /home/wsl/airflow_venv/lib/python3.10/site-packages/airflow/example_dags/example_dynamic_task_mapping.py
[2024-05-05T03:10:56.582+0530] {processor.py:840} INFO - DAG(s) 'example_dynamic_task_mapping' retrieved from /home/wsl/airflow_venv/lib/python3.10/site-packages/airflow/example_dags/example_dynamic_task_mapping.py
[2024-05-05T03:10:56.601+0530] {logging_mixin.py:188} INFO - [2024-05-05T03:10:56.601+0530] {dag.py:3096} INFO - Sync 1 DAGs
[2024-05-05T03:10:56.626+0530] {logging_mixin.py:188} INFO - [2024-05-05T03:10:56.625+0530] {dag.py:3954} INFO - Setting next_dagrun for example_dynamic_task_mapping to 2022-03-04 00:00:00+00:00, run_after=2022-03-05 00:00:00+00:00
[2024-05-05T03:10:56.656+0530] {processor.py:183} INFO - Processing /home/wsl/airflow_venv/lib/python3.10/site-packages/airflow/example_dags/example_dynamic_task_mapping.py took 0.104 seconds
[2024-05-05T03:11:48.499+0530] {processor.py:161} INFO - Started process (PID=247619) to work on /home/wsl/airflow_venv/lib/python3.10/site-packages/airflow/example_dags/example_dynamic_task_mapping.py
[2024-05-05T03:11:48.501+0530] {processor.py:830} INFO - Processing file /home/wsl/airflow_venv/lib/python3.10/site-packages/airflow/example_dags/example_dynamic_task_mapping.py for tasks to queue
[2024-05-05T03:11:48.503+0530] {logging_mixin.py:188} INFO - [2024-05-05T03:11:48.502+0530] {dagbag.py:540} INFO - Filling up the DagBag from /home/wsl/airflow_venv/lib/python3.10/site-packages/airflow/example_dags/example_dynamic_task_mapping.py
[2024-05-05T03:11:48.514+0530] {processor.py:840} INFO - DAG(s) 'example_dynamic_task_mapping' retrieved from /home/wsl/airflow_venv/lib/python3.10/site-packages/airflow/example_dags/example_dynamic_task_mapping.py
[2024-05-05T03:11:48.535+0530] {logging_mixin.py:188} INFO - [2024-05-05T03:11:48.534+0530] {dag.py:3096} INFO - Sync 1 DAGs
[2024-05-05T03:11:48.560+0530] {logging_mixin.py:188} INFO - [2024-05-05T03:11:48.560+0530] {dag.py:3954} INFO - Setting next_dagrun for example_dynamic_task_mapping to 2022-03-04 00:00:00+00:00, run_after=2022-03-05 00:00:00+00:00
[2024-05-05T03:11:48.595+0530] {processor.py:183} INFO - Processing /home/wsl/airflow_venv/lib/python3.10/site-packages/airflow/example_dags/example_dynamic_task_mapping.py took 0.107 seconds
[2024-05-05T03:12:45.110+0530] {processor.py:161} INFO - Started process (PID=247872) to work on /home/wsl/airflow_venv/lib/python3.10/site-packages/airflow/example_dags/example_dynamic_task_mapping.py
[2024-05-05T03:12:45.116+0530] {processor.py:830} INFO - Processing file /home/wsl/airflow_venv/lib/python3.10/site-packages/airflow/example_dags/example_dynamic_task_mapping.py for tasks to queue
[2024-05-05T03:12:45.118+0530] {logging_mixin.py:188} INFO - [2024-05-05T03:12:45.117+0530] {dagbag.py:540} INFO - Filling up the DagBag from /home/wsl/airflow_venv/lib/python3.10/site-packages/airflow/example_dags/example_dynamic_task_mapping.py
[2024-05-05T03:12:45.146+0530] {processor.py:840} INFO - DAG(s) 'example_dynamic_task_mapping' retrieved from /home/wsl/airflow_venv/lib/python3.10/site-packages/airflow/example_dags/example_dynamic_task_mapping.py
[2024-05-05T03:12:45.200+0530] {logging_mixin.py:188} INFO - [2024-05-05T03:12:45.199+0530] {dag.py:3096} INFO - Sync 1 DAGs
[2024-05-05T03:12:45.262+0530] {logging_mixin.py:188} INFO - [2024-05-05T03:12:45.261+0530] {dag.py:3954} INFO - Setting next_dagrun for example_dynamic_task_mapping to 2022-03-04 00:00:00+00:00, run_after=2022-03-05 00:00:00+00:00
[2024-05-05T03:12:45.330+0530] {processor.py:183} INFO - Processing /home/wsl/airflow_venv/lib/python3.10/site-packages/airflow/example_dags/example_dynamic_task_mapping.py took 0.239 seconds
[2024-05-05T03:13:42.568+0530] {processor.py:161} INFO - Started process (PID=248169) to work on /home/wsl/airflow_venv/lib/python3.10/site-packages/airflow/example_dags/example_dynamic_task_mapping.py
[2024-05-05T03:13:42.570+0530] {processor.py:830} INFO - Processing file /home/wsl/airflow_venv/lib/python3.10/site-packages/airflow/example_dags/example_dynamic_task_mapping.py for tasks to queue
[2024-05-05T03:13:42.572+0530] {logging_mixin.py:188} INFO - [2024-05-05T03:13:42.571+0530] {dagbag.py:540} INFO - Filling up the DagBag from /home/wsl/airflow_venv/lib/python3.10/site-packages/airflow/example_dags/example_dynamic_task_mapping.py
[2024-05-05T03:13:42.580+0530] {processor.py:840} INFO - DAG(s) 'example_dynamic_task_mapping' retrieved from /home/wsl/airflow_venv/lib/python3.10/site-packages/airflow/example_dags/example_dynamic_task_mapping.py
[2024-05-05T03:13:42.597+0530] {logging_mixin.py:188} INFO - [2024-05-05T03:13:42.597+0530] {dag.py:3096} INFO - Sync 1 DAGs
[2024-05-05T03:13:42.619+0530] {logging_mixin.py:188} INFO - [2024-05-05T03:13:42.619+0530] {dag.py:3954} INFO - Setting next_dagrun for example_dynamic_task_mapping to 2022-03-04 00:00:00+00:00, run_after=2022-03-05 00:00:00+00:00
[2024-05-05T03:13:42.658+0530] {processor.py:183} INFO - Processing /home/wsl/airflow_venv/lib/python3.10/site-packages/airflow/example_dags/example_dynamic_task_mapping.py took 0.097 seconds
[2024-05-05T03:14:40.626+0530] {processor.py:161} INFO - Started process (PID=248518) to work on /home/wsl/airflow_venv/lib/python3.10/site-packages/airflow/example_dags/example_dynamic_task_mapping.py
[2024-05-05T03:14:40.628+0530] {processor.py:830} INFO - Processing file /home/wsl/airflow_venv/lib/python3.10/site-packages/airflow/example_dags/example_dynamic_task_mapping.py for tasks to queue
[2024-05-05T03:14:40.630+0530] {logging_mixin.py:188} INFO - [2024-05-05T03:14:40.629+0530] {dagbag.py:540} INFO - Filling up the DagBag from /home/wsl/airflow_venv/lib/python3.10/site-packages/airflow/example_dags/example_dynamic_task_mapping.py
[2024-05-05T03:14:40.641+0530] {processor.py:840} INFO - DAG(s) 'example_dynamic_task_mapping' retrieved from /home/wsl/airflow_venv/lib/python3.10/site-packages/airflow/example_dags/example_dynamic_task_mapping.py
[2024-05-05T03:14:40.672+0530] {logging_mixin.py:188} INFO - [2024-05-05T03:14:40.671+0530] {dag.py:3096} INFO - Sync 1 DAGs
[2024-05-05T03:14:40.700+0530] {logging_mixin.py:188} INFO - [2024-05-05T03:14:40.699+0530] {dag.py:3954} INFO - Setting next_dagrun for example_dynamic_task_mapping to 2022-03-04 00:00:00+00:00, run_after=2022-03-05 00:00:00+00:00
[2024-05-05T03:14:40.725+0530] {processor.py:183} INFO - Processing /home/wsl/airflow_venv/lib/python3.10/site-packages/airflow/example_dags/example_dynamic_task_mapping.py took 0.106 seconds
[2024-05-05T03:15:38.728+0530] {processor.py:161} INFO - Started process (PID=248918) to work on /home/wsl/airflow_venv/lib/python3.10/site-packages/airflow/example_dags/example_dynamic_task_mapping.py
[2024-05-05T03:15:38.730+0530] {processor.py:830} INFO - Processing file /home/wsl/airflow_venv/lib/python3.10/site-packages/airflow/example_dags/example_dynamic_task_mapping.py for tasks to queue
[2024-05-05T03:15:38.732+0530] {logging_mixin.py:188} INFO - [2024-05-05T03:15:38.731+0530] {dagbag.py:540} INFO - Filling up the DagBag from /home/wsl/airflow_venv/lib/python3.10/site-packages/airflow/example_dags/example_dynamic_task_mapping.py
[2024-05-05T03:15:38.748+0530] {processor.py:840} INFO - DAG(s) 'example_dynamic_task_mapping' retrieved from /home/wsl/airflow_venv/lib/python3.10/site-packages/airflow/example_dags/example_dynamic_task_mapping.py
[2024-05-05T03:15:38.767+0530] {logging_mixin.py:188} INFO - [2024-05-05T03:15:38.766+0530] {dag.py:3096} INFO - Sync 1 DAGs
[2024-05-05T03:15:38.790+0530] {logging_mixin.py:188} INFO - [2024-05-05T03:15:38.790+0530] {dag.py:3954} INFO - Setting next_dagrun for example_dynamic_task_mapping to 2022-03-04 00:00:00+00:00, run_after=2022-03-05 00:00:00+00:00
[2024-05-05T03:15:38.817+0530] {processor.py:183} INFO - Processing /home/wsl/airflow_venv/lib/python3.10/site-packages/airflow/example_dags/example_dynamic_task_mapping.py took 0.103 seconds
[2024-05-05T03:16:40.533+0530] {processor.py:161} INFO - Started process (PID=249266) to work on /home/wsl/airflow_venv/lib/python3.10/site-packages/airflow/example_dags/example_dynamic_task_mapping.py
[2024-05-05T03:16:40.535+0530] {processor.py:830} INFO - Processing file /home/wsl/airflow_venv/lib/python3.10/site-packages/airflow/example_dags/example_dynamic_task_mapping.py for tasks to queue
[2024-05-05T03:16:40.536+0530] {logging_mixin.py:188} INFO - [2024-05-05T03:16:40.536+0530] {dagbag.py:540} INFO - Filling up the DagBag from /home/wsl/airflow_venv/lib/python3.10/site-packages/airflow/example_dags/example_dynamic_task_mapping.py
[2024-05-05T03:16:40.544+0530] {processor.py:840} INFO - DAG(s) 'example_dynamic_task_mapping' retrieved from /home/wsl/airflow_venv/lib/python3.10/site-packages/airflow/example_dags/example_dynamic_task_mapping.py
[2024-05-05T03:16:40.564+0530] {logging_mixin.py:188} INFO - [2024-05-05T03:16:40.563+0530] {dag.py:3096} INFO - Sync 1 DAGs
[2024-05-05T03:16:40.592+0530] {logging_mixin.py:188} INFO - [2024-05-05T03:16:40.592+0530] {dag.py:3954} INFO - Setting next_dagrun for example_dynamic_task_mapping to 2022-03-04 00:00:00+00:00, run_after=2022-03-05 00:00:00+00:00
[2024-05-05T03:16:40.743+0530] {processor.py:183} INFO - Processing /home/wsl/airflow_venv/lib/python3.10/site-packages/airflow/example_dags/example_dynamic_task_mapping.py took 0.219 seconds
[2024-05-05T03:18:06.760+0530] {processor.py:161} INFO - Started process (PID=249678) to work on /home/wsl/airflow_venv/lib/python3.10/site-packages/airflow/example_dags/example_dynamic_task_mapping.py
[2024-05-05T03:18:06.763+0530] {processor.py:830} INFO - Processing file /home/wsl/airflow_venv/lib/python3.10/site-packages/airflow/example_dags/example_dynamic_task_mapping.py for tasks to queue
[2024-05-05T03:18:06.765+0530] {logging_mixin.py:188} INFO - [2024-05-05T03:18:06.764+0530] {dagbag.py:540} INFO - Filling up the DagBag from /home/wsl/airflow_venv/lib/python3.10/site-packages/airflow/example_dags/example_dynamic_task_mapping.py
[2024-05-05T03:18:06.776+0530] {processor.py:840} INFO - DAG(s) 'example_dynamic_task_mapping' retrieved from /home/wsl/airflow_venv/lib/python3.10/site-packages/airflow/example_dags/example_dynamic_task_mapping.py
[2024-05-05T03:18:06.800+0530] {logging_mixin.py:188} INFO - [2024-05-05T03:18:06.800+0530] {dag.py:3096} INFO - Sync 1 DAGs
[2024-05-05T03:18:06.836+0530] {logging_mixin.py:188} INFO - [2024-05-05T03:18:06.835+0530] {dag.py:3954} INFO - Setting next_dagrun for example_dynamic_task_mapping to 2022-03-04 00:00:00+00:00, run_after=2022-03-05 00:00:00+00:00
[2024-05-05T03:18:07.096+0530] {processor.py:183} INFO - Processing /home/wsl/airflow_venv/lib/python3.10/site-packages/airflow/example_dags/example_dynamic_task_mapping.py took 0.350 seconds
[2024-05-05T03:19:17.671+0530] {processor.py:161} INFO - Started process (PID=250148) to work on /home/wsl/airflow_venv/lib/python3.10/site-packages/airflow/example_dags/example_dynamic_task_mapping.py
[2024-05-05T03:19:17.687+0530] {processor.py:830} INFO - Processing file /home/wsl/airflow_venv/lib/python3.10/site-packages/airflow/example_dags/example_dynamic_task_mapping.py for tasks to queue
[2024-05-05T03:19:17.696+0530] {logging_mixin.py:188} INFO - [2024-05-05T03:19:17.694+0530] {dagbag.py:540} INFO - Filling up the DagBag from /home/wsl/airflow_venv/lib/python3.10/site-packages/airflow/example_dags/example_dynamic_task_mapping.py
[2024-05-05T03:19:17.721+0530] {processor.py:840} INFO - DAG(s) 'example_dynamic_task_mapping' retrieved from /home/wsl/airflow_venv/lib/python3.10/site-packages/airflow/example_dags/example_dynamic_task_mapping.py
[2024-05-05T03:19:17.789+0530] {logging_mixin.py:188} INFO - [2024-05-05T03:19:17.788+0530] {dag.py:3096} INFO - Sync 1 DAGs
[2024-05-05T03:19:17.856+0530] {logging_mixin.py:188} INFO - [2024-05-05T03:19:17.856+0530] {dag.py:3954} INFO - Setting next_dagrun for example_dynamic_task_mapping to 2022-03-04 00:00:00+00:00, run_after=2022-03-05 00:00:00+00:00
[2024-05-05T03:19:17.922+0530] {processor.py:183} INFO - Processing /home/wsl/airflow_venv/lib/python3.10/site-packages/airflow/example_dags/example_dynamic_task_mapping.py took 0.279 seconds
[2024-05-05T03:20:31.486+0530] {processor.py:161} INFO - Started process (PID=250515) to work on /home/wsl/airflow_venv/lib/python3.10/site-packages/airflow/example_dags/example_dynamic_task_mapping.py
[2024-05-05T03:20:31.488+0530] {processor.py:830} INFO - Processing file /home/wsl/airflow_venv/lib/python3.10/site-packages/airflow/example_dags/example_dynamic_task_mapping.py for tasks to queue
[2024-05-05T03:20:31.490+0530] {logging_mixin.py:188} INFO - [2024-05-05T03:20:31.489+0530] {dagbag.py:540} INFO - Filling up the DagBag from /home/wsl/airflow_venv/lib/python3.10/site-packages/airflow/example_dags/example_dynamic_task_mapping.py
[2024-05-05T03:20:31.503+0530] {processor.py:840} INFO - DAG(s) 'example_dynamic_task_mapping' retrieved from /home/wsl/airflow_venv/lib/python3.10/site-packages/airflow/example_dags/example_dynamic_task_mapping.py
[2024-05-05T03:20:31.524+0530] {logging_mixin.py:188} INFO - [2024-05-05T03:20:31.524+0530] {dag.py:3096} INFO - Sync 1 DAGs
[2024-05-05T03:20:31.562+0530] {logging_mixin.py:188} INFO - [2024-05-05T03:20:31.562+0530] {dag.py:3954} INFO - Setting next_dagrun for example_dynamic_task_mapping to 2022-03-04 00:00:00+00:00, run_after=2022-03-05 00:00:00+00:00
[2024-05-05T03:20:31.613+0530] {processor.py:183} INFO - Processing /home/wsl/airflow_venv/lib/python3.10/site-packages/airflow/example_dags/example_dynamic_task_mapping.py took 0.147 seconds
[2024-05-05T03:21:35.742+0530] {processor.py:161} INFO - Started process (PID=250866) to work on /home/wsl/airflow_venv/lib/python3.10/site-packages/airflow/example_dags/example_dynamic_task_mapping.py
[2024-05-05T03:21:35.744+0530] {processor.py:830} INFO - Processing file /home/wsl/airflow_venv/lib/python3.10/site-packages/airflow/example_dags/example_dynamic_task_mapping.py for tasks to queue
[2024-05-05T03:21:35.746+0530] {logging_mixin.py:188} INFO - [2024-05-05T03:21:35.745+0530] {dagbag.py:540} INFO - Filling up the DagBag from /home/wsl/airflow_venv/lib/python3.10/site-packages/airflow/example_dags/example_dynamic_task_mapping.py
[2024-05-05T03:21:35.760+0530] {processor.py:840} INFO - DAG(s) 'example_dynamic_task_mapping' retrieved from /home/wsl/airflow_venv/lib/python3.10/site-packages/airflow/example_dags/example_dynamic_task_mapping.py
[2024-05-05T03:21:35.787+0530] {logging_mixin.py:188} INFO - [2024-05-05T03:21:35.786+0530] {dag.py:3096} INFO - Sync 1 DAGs
[2024-05-05T03:21:35.824+0530] {logging_mixin.py:188} INFO - [2024-05-05T03:21:35.824+0530] {dag.py:3954} INFO - Setting next_dagrun for example_dynamic_task_mapping to 2022-03-04 00:00:00+00:00, run_after=2022-03-05 00:00:00+00:00
[2024-05-05T03:21:35.866+0530] {processor.py:183} INFO - Processing /home/wsl/airflow_venv/lib/python3.10/site-packages/airflow/example_dags/example_dynamic_task_mapping.py took 0.138 seconds
[2024-05-05T03:22:50.774+0530] {processor.py:161} INFO - Started process (PID=251262) to work on /home/wsl/airflow_venv/lib/python3.10/site-packages/airflow/example_dags/example_dynamic_task_mapping.py
[2024-05-05T03:22:50.776+0530] {processor.py:830} INFO - Processing file /home/wsl/airflow_venv/lib/python3.10/site-packages/airflow/example_dags/example_dynamic_task_mapping.py for tasks to queue
[2024-05-05T03:22:50.777+0530] {logging_mixin.py:188} INFO - [2024-05-05T03:22:50.777+0530] {dagbag.py:540} INFO - Filling up the DagBag from /home/wsl/airflow_venv/lib/python3.10/site-packages/airflow/example_dags/example_dynamic_task_mapping.py
[2024-05-05T03:22:50.788+0530] {processor.py:840} INFO - DAG(s) 'example_dynamic_task_mapping' retrieved from /home/wsl/airflow_venv/lib/python3.10/site-packages/airflow/example_dags/example_dynamic_task_mapping.py
[2024-05-05T03:22:50.811+0530] {logging_mixin.py:188} INFO - [2024-05-05T03:22:50.811+0530] {dag.py:3096} INFO - Sync 1 DAGs
[2024-05-05T03:22:50.839+0530] {logging_mixin.py:188} INFO - [2024-05-05T03:22:50.839+0530] {dag.py:3954} INFO - Setting next_dagrun for example_dynamic_task_mapping to 2022-03-04 00:00:00+00:00, run_after=2022-03-05 00:00:00+00:00
[2024-05-05T03:22:50.872+0530] {processor.py:183} INFO - Processing /home/wsl/airflow_venv/lib/python3.10/site-packages/airflow/example_dags/example_dynamic_task_mapping.py took 0.108 seconds
[2024-05-05T03:23:51.548+0530] {processor.py:161} INFO - Started process (PID=251574) to work on /home/wsl/airflow_venv/lib/python3.10/site-packages/airflow/example_dags/example_dynamic_task_mapping.py
[2024-05-05T03:23:51.551+0530] {processor.py:830} INFO - Processing file /home/wsl/airflow_venv/lib/python3.10/site-packages/airflow/example_dags/example_dynamic_task_mapping.py for tasks to queue
[2024-05-05T03:23:51.553+0530] {logging_mixin.py:188} INFO - [2024-05-05T03:23:51.552+0530] {dagbag.py:540} INFO - Filling up the DagBag from /home/wsl/airflow_venv/lib/python3.10/site-packages/airflow/example_dags/example_dynamic_task_mapping.py
[2024-05-05T03:23:51.566+0530] {processor.py:840} INFO - DAG(s) 'example_dynamic_task_mapping' retrieved from /home/wsl/airflow_venv/lib/python3.10/site-packages/airflow/example_dags/example_dynamic_task_mapping.py
[2024-05-05T03:23:51.585+0530] {logging_mixin.py:188} INFO - [2024-05-05T03:23:51.585+0530] {dag.py:3096} INFO - Sync 1 DAGs
[2024-05-05T03:23:51.606+0530] {logging_mixin.py:188} INFO - [2024-05-05T03:23:51.606+0530] {dag.py:3954} INFO - Setting next_dagrun for example_dynamic_task_mapping to 2022-03-04 00:00:00+00:00, run_after=2022-03-05 00:00:00+00:00
[2024-05-05T03:23:51.633+0530] {processor.py:183} INFO - Processing /home/wsl/airflow_venv/lib/python3.10/site-packages/airflow/example_dags/example_dynamic_task_mapping.py took 0.100 seconds
[2024-05-05T03:24:45.493+0530] {processor.py:161} INFO - Started process (PID=251919) to work on /home/wsl/airflow_venv/lib/python3.10/site-packages/airflow/example_dags/example_dynamic_task_mapping.py
[2024-05-05T03:24:45.514+0530] {processor.py:830} INFO - Processing file /home/wsl/airflow_venv/lib/python3.10/site-packages/airflow/example_dags/example_dynamic_task_mapping.py for tasks to queue
[2024-05-05T03:24:45.516+0530] {logging_mixin.py:188} INFO - [2024-05-05T03:24:45.515+0530] {dagbag.py:540} INFO - Filling up the DagBag from /home/wsl/airflow_venv/lib/python3.10/site-packages/airflow/example_dags/example_dynamic_task_mapping.py
[2024-05-05T03:24:45.529+0530] {processor.py:840} INFO - DAG(s) 'example_dynamic_task_mapping' retrieved from /home/wsl/airflow_venv/lib/python3.10/site-packages/airflow/example_dags/example_dynamic_task_mapping.py
[2024-05-05T03:24:45.546+0530] {logging_mixin.py:188} INFO - [2024-05-05T03:24:45.545+0530] {dag.py:3096} INFO - Sync 1 DAGs
[2024-05-05T03:24:45.571+0530] {logging_mixin.py:188} INFO - [2024-05-05T03:24:45.571+0530] {dag.py:3954} INFO - Setting next_dagrun for example_dynamic_task_mapping to 2022-03-04 00:00:00+00:00, run_after=2022-03-05 00:00:00+00:00
[2024-05-05T03:24:45.600+0530] {processor.py:183} INFO - Processing /home/wsl/airflow_venv/lib/python3.10/site-packages/airflow/example_dags/example_dynamic_task_mapping.py took 0.121 seconds
[2024-05-05T03:25:39.285+0530] {processor.py:161} INFO - Started process (PID=252283) to work on /home/wsl/airflow_venv/lib/python3.10/site-packages/airflow/example_dags/example_dynamic_task_mapping.py
[2024-05-05T03:25:39.287+0530] {processor.py:830} INFO - Processing file /home/wsl/airflow_venv/lib/python3.10/site-packages/airflow/example_dags/example_dynamic_task_mapping.py for tasks to queue
[2024-05-05T03:25:39.288+0530] {logging_mixin.py:188} INFO - [2024-05-05T03:25:39.288+0530] {dagbag.py:540} INFO - Filling up the DagBag from /home/wsl/airflow_venv/lib/python3.10/site-packages/airflow/example_dags/example_dynamic_task_mapping.py
[2024-05-05T03:25:39.301+0530] {processor.py:840} INFO - DAG(s) 'example_dynamic_task_mapping' retrieved from /home/wsl/airflow_venv/lib/python3.10/site-packages/airflow/example_dags/example_dynamic_task_mapping.py
[2024-05-05T03:25:39.318+0530] {logging_mixin.py:188} INFO - [2024-05-05T03:25:39.318+0530] {dag.py:3096} INFO - Sync 1 DAGs
[2024-05-05T03:25:39.338+0530] {logging_mixin.py:188} INFO - [2024-05-05T03:25:39.338+0530] {dag.py:3954} INFO - Setting next_dagrun for example_dynamic_task_mapping to 2022-03-04 00:00:00+00:00, run_after=2022-03-05 00:00:00+00:00
[2024-05-05T03:25:39.366+0530] {processor.py:183} INFO - Processing /home/wsl/airflow_venv/lib/python3.10/site-packages/airflow/example_dags/example_dynamic_task_mapping.py took 0.094 seconds
[2024-05-05T03:26:43.897+0530] {processor.py:161} INFO - Started process (PID=252663) to work on /home/wsl/airflow_venv/lib/python3.10/site-packages/airflow/example_dags/example_dynamic_task_mapping.py
[2024-05-05T03:26:43.900+0530] {processor.py:830} INFO - Processing file /home/wsl/airflow_venv/lib/python3.10/site-packages/airflow/example_dags/example_dynamic_task_mapping.py for tasks to queue
[2024-05-05T03:26:43.901+0530] {logging_mixin.py:188} INFO - [2024-05-05T03:26:43.901+0530] {dagbag.py:540} INFO - Filling up the DagBag from /home/wsl/airflow_venv/lib/python3.10/site-packages/airflow/example_dags/example_dynamic_task_mapping.py
[2024-05-05T03:26:43.913+0530] {processor.py:840} INFO - DAG(s) 'example_dynamic_task_mapping' retrieved from /home/wsl/airflow_venv/lib/python3.10/site-packages/airflow/example_dags/example_dynamic_task_mapping.py
[2024-05-05T03:26:43.932+0530] {logging_mixin.py:188} INFO - [2024-05-05T03:26:43.932+0530] {dag.py:3096} INFO - Sync 1 DAGs
[2024-05-05T03:26:43.952+0530] {logging_mixin.py:188} INFO - [2024-05-05T03:26:43.952+0530] {dag.py:3954} INFO - Setting next_dagrun for example_dynamic_task_mapping to 2022-03-04 00:00:00+00:00, run_after=2022-03-05 00:00:00+00:00
[2024-05-05T03:26:44.130+0530] {processor.py:183} INFO - Processing /home/wsl/airflow_venv/lib/python3.10/site-packages/airflow/example_dags/example_dynamic_task_mapping.py took 0.248 seconds
[2024-05-05T03:28:01.941+0530] {processor.py:161} INFO - Started process (PID=253141) to work on /home/wsl/airflow_venv/lib/python3.10/site-packages/airflow/example_dags/example_dynamic_task_mapping.py
[2024-05-05T03:28:01.943+0530] {processor.py:830} INFO - Processing file /home/wsl/airflow_venv/lib/python3.10/site-packages/airflow/example_dags/example_dynamic_task_mapping.py for tasks to queue
[2024-05-05T03:28:01.944+0530] {logging_mixin.py:188} INFO - [2024-05-05T03:28:01.944+0530] {dagbag.py:540} INFO - Filling up the DagBag from /home/wsl/airflow_venv/lib/python3.10/site-packages/airflow/example_dags/example_dynamic_task_mapping.py
[2024-05-05T03:28:01.956+0530] {processor.py:840} INFO - DAG(s) 'example_dynamic_task_mapping' retrieved from /home/wsl/airflow_venv/lib/python3.10/site-packages/airflow/example_dags/example_dynamic_task_mapping.py
[2024-05-05T03:28:01.980+0530] {logging_mixin.py:188} INFO - [2024-05-05T03:28:01.980+0530] {dag.py:3096} INFO - Sync 1 DAGs
[2024-05-05T03:28:02.008+0530] {logging_mixin.py:188} INFO - [2024-05-05T03:28:02.008+0530] {dag.py:3954} INFO - Setting next_dagrun for example_dynamic_task_mapping to 2022-03-04 00:00:00+00:00, run_after=2022-03-05 00:00:00+00:00
[2024-05-05T03:28:02.038+0530] {processor.py:183} INFO - Processing /home/wsl/airflow_venv/lib/python3.10/site-packages/airflow/example_dags/example_dynamic_task_mapping.py took 0.109 seconds
