[2024-05-05T01:29:47.238+0530] {processor.py:161} INFO - Started process (PID=237383) to work on /home/wsl/airflow_venv/lib/python3.10/site-packages/airflow/example_dags/example_skip_dag.py
[2024-05-05T01:29:47.239+0530] {processor.py:830} INFO - Processing file /home/wsl/airflow_venv/lib/python3.10/site-packages/airflow/example_dags/example_skip_dag.py for tasks to queue
[2024-05-05T01:29:47.243+0530] {logging_mixin.py:188} INFO - [2024-05-05T01:29:47.242+0530] {dagbag.py:540} INFO - Filling up the DagBag from /home/wsl/airflow_venv/lib/python3.10/site-packages/airflow/example_dags/example_skip_dag.py
[2024-05-05T01:29:47.258+0530] {processor.py:840} INFO - DAG(s) 'example_skip_dag' retrieved from /home/wsl/airflow_venv/lib/python3.10/site-packages/airflow/example_dags/example_skip_dag.py
[2024-05-05T01:29:47.427+0530] {logging_mixin.py:188} INFO - [2024-05-05T01:29:47.427+0530] {dag.py:3096} INFO - Sync 1 DAGs
[2024-05-05T01:29:47.611+0530] {logging_mixin.py:188} INFO - [2024-05-05T01:29:47.611+0530] {dag.py:3954} INFO - Setting next_dagrun for example_skip_dag to 2024-05-03 00:00:00+00:00, run_after=2024-05-04 00:00:00+00:00
[2024-05-05T01:29:47.646+0530] {processor.py:183} INFO - Processing /home/wsl/airflow_venv/lib/python3.10/site-packages/airflow/example_dags/example_skip_dag.py took 0.419 seconds
[2024-05-05T01:31:04.555+0530] {processor.py:161} INFO - Started process (PID=237855) to work on /home/wsl/airflow_venv/lib/python3.10/site-packages/airflow/example_dags/example_skip_dag.py
[2024-05-05T01:31:04.557+0530] {processor.py:830} INFO - Processing file /home/wsl/airflow_venv/lib/python3.10/site-packages/airflow/example_dags/example_skip_dag.py for tasks to queue
[2024-05-05T01:31:04.559+0530] {logging_mixin.py:188} INFO - [2024-05-05T01:31:04.558+0530] {dagbag.py:540} INFO - Filling up the DagBag from /home/wsl/airflow_venv/lib/python3.10/site-packages/airflow/example_dags/example_skip_dag.py
[2024-05-05T01:31:04.566+0530] {processor.py:840} INFO - DAG(s) 'example_skip_dag' retrieved from /home/wsl/airflow_venv/lib/python3.10/site-packages/airflow/example_dags/example_skip_dag.py
[2024-05-05T01:31:04.585+0530] {logging_mixin.py:188} INFO - [2024-05-05T01:31:04.585+0530] {dag.py:3096} INFO - Sync 1 DAGs
[2024-05-05T01:31:04.610+0530] {logging_mixin.py:188} INFO - [2024-05-05T01:31:04.610+0530] {dag.py:3954} INFO - Setting next_dagrun for example_skip_dag to 2024-05-03 00:00:00+00:00, run_after=2024-05-04 00:00:00+00:00
[2024-05-05T01:31:04.731+0530] {processor.py:183} INFO - Processing /home/wsl/airflow_venv/lib/python3.10/site-packages/airflow/example_dags/example_skip_dag.py took 0.183 seconds
[2024-05-05T01:32:08.561+0530] {processor.py:161} INFO - Started process (PID=238247) to work on /home/wsl/airflow_venv/lib/python3.10/site-packages/airflow/example_dags/example_skip_dag.py
[2024-05-05T01:32:08.563+0530] {processor.py:830} INFO - Processing file /home/wsl/airflow_venv/lib/python3.10/site-packages/airflow/example_dags/example_skip_dag.py for tasks to queue
[2024-05-05T01:32:08.565+0530] {logging_mixin.py:188} INFO - [2024-05-05T01:32:08.564+0530] {dagbag.py:540} INFO - Filling up the DagBag from /home/wsl/airflow_venv/lib/python3.10/site-packages/airflow/example_dags/example_skip_dag.py
[2024-05-05T01:32:08.573+0530] {processor.py:840} INFO - DAG(s) 'example_skip_dag' retrieved from /home/wsl/airflow_venv/lib/python3.10/site-packages/airflow/example_dags/example_skip_dag.py
[2024-05-05T01:32:08.594+0530] {logging_mixin.py:188} INFO - [2024-05-05T01:32:08.593+0530] {dag.py:3096} INFO - Sync 1 DAGs
[2024-05-05T01:32:08.616+0530] {logging_mixin.py:188} INFO - [2024-05-05T01:32:08.616+0530] {dag.py:3954} INFO - Setting next_dagrun for example_skip_dag to 2024-05-03 00:00:00+00:00, run_after=2024-05-04 00:00:00+00:00
[2024-05-05T01:32:08.646+0530] {processor.py:183} INFO - Processing /home/wsl/airflow_venv/lib/python3.10/site-packages/airflow/example_dags/example_skip_dag.py took 0.093 seconds
[2024-05-05T01:33:07.529+0530] {processor.py:161} INFO - Started process (PID=238609) to work on /home/wsl/airflow_venv/lib/python3.10/site-packages/airflow/example_dags/example_skip_dag.py
[2024-05-05T01:33:07.534+0530] {processor.py:830} INFO - Processing file /home/wsl/airflow_venv/lib/python3.10/site-packages/airflow/example_dags/example_skip_dag.py for tasks to queue
[2024-05-05T01:33:07.536+0530] {logging_mixin.py:188} INFO - [2024-05-05T01:33:07.535+0530] {dagbag.py:540} INFO - Filling up the DagBag from /home/wsl/airflow_venv/lib/python3.10/site-packages/airflow/example_dags/example_skip_dag.py
[2024-05-05T01:33:07.545+0530] {processor.py:840} INFO - DAG(s) 'example_skip_dag' retrieved from /home/wsl/airflow_venv/lib/python3.10/site-packages/airflow/example_dags/example_skip_dag.py
[2024-05-05T01:33:07.575+0530] {logging_mixin.py:188} INFO - [2024-05-05T01:33:07.575+0530] {dag.py:3096} INFO - Sync 1 DAGs
[2024-05-05T01:33:07.605+0530] {logging_mixin.py:188} INFO - [2024-05-05T01:33:07.604+0530] {dag.py:3954} INFO - Setting next_dagrun for example_skip_dag to 2024-05-03 00:00:00+00:00, run_after=2024-05-04 00:00:00+00:00
[2024-05-05T01:33:07.638+0530] {processor.py:183} INFO - Processing /home/wsl/airflow_venv/lib/python3.10/site-packages/airflow/example_dags/example_skip_dag.py took 0.118 seconds
[2024-05-05T02:49:35.980+0530] {processor.py:161} INFO - Started process (PID=239335) to work on /home/wsl/airflow_venv/lib/python3.10/site-packages/airflow/example_dags/example_skip_dag.py
[2024-05-05T02:49:35.990+0530] {processor.py:830} INFO - Processing file /home/wsl/airflow_venv/lib/python3.10/site-packages/airflow/example_dags/example_skip_dag.py for tasks to queue
[2024-05-05T02:49:35.992+0530] {logging_mixin.py:188} INFO - [2024-05-05T02:49:35.991+0530] {dagbag.py:540} INFO - Filling up the DagBag from /home/wsl/airflow_venv/lib/python3.10/site-packages/airflow/example_dags/example_skip_dag.py
[2024-05-05T02:49:36.033+0530] {processor.py:840} INFO - DAG(s) 'example_skip_dag' retrieved from /home/wsl/airflow_venv/lib/python3.10/site-packages/airflow/example_dags/example_skip_dag.py
[2024-05-05T02:49:36.141+0530] {logging_mixin.py:188} INFO - [2024-05-05T02:49:36.140+0530] {dag.py:3096} INFO - Sync 1 DAGs
[2024-05-05T02:49:36.289+0530] {logging_mixin.py:188} INFO - [2024-05-05T02:49:36.289+0530] {dag.py:3954} INFO - Setting next_dagrun for example_skip_dag to 2024-05-03 00:00:00+00:00, run_after=2024-05-04 00:00:00+00:00
[2024-05-05T02:49:36.490+0530] {processor.py:183} INFO - Processing /home/wsl/airflow_venv/lib/python3.10/site-packages/airflow/example_dags/example_skip_dag.py took 0.557 seconds
[2024-05-05T02:51:12.070+0530] {processor.py:161} INFO - Started process (PID=239886) to work on /home/wsl/airflow_venv/lib/python3.10/site-packages/airflow/example_dags/example_skip_dag.py
[2024-05-05T02:51:12.072+0530] {processor.py:830} INFO - Processing file /home/wsl/airflow_venv/lib/python3.10/site-packages/airflow/example_dags/example_skip_dag.py for tasks to queue
[2024-05-05T02:51:12.073+0530] {logging_mixin.py:188} INFO - [2024-05-05T02:51:12.072+0530] {dagbag.py:540} INFO - Filling up the DagBag from /home/wsl/airflow_venv/lib/python3.10/site-packages/airflow/example_dags/example_skip_dag.py
[2024-05-05T02:51:12.085+0530] {processor.py:840} INFO - DAG(s) 'example_skip_dag' retrieved from /home/wsl/airflow_venv/lib/python3.10/site-packages/airflow/example_dags/example_skip_dag.py
[2024-05-05T02:51:12.116+0530] {logging_mixin.py:188} INFO - [2024-05-05T02:51:12.116+0530] {dag.py:3096} INFO - Sync 1 DAGs
[2024-05-05T02:51:12.151+0530] {logging_mixin.py:188} INFO - [2024-05-05T02:51:12.150+0530] {dag.py:3954} INFO - Setting next_dagrun for example_skip_dag to 2024-05-03 00:00:00+00:00, run_after=2024-05-04 00:00:00+00:00
[2024-05-05T02:51:12.190+0530] {processor.py:183} INFO - Processing /home/wsl/airflow_venv/lib/python3.10/site-packages/airflow/example_dags/example_skip_dag.py took 0.131 seconds
[2024-05-05T02:52:32.751+0530] {processor.py:161} INFO - Started process (PID=240304) to work on /home/wsl/airflow_venv/lib/python3.10/site-packages/airflow/example_dags/example_skip_dag.py
[2024-05-05T02:52:32.753+0530] {processor.py:830} INFO - Processing file /home/wsl/airflow_venv/lib/python3.10/site-packages/airflow/example_dags/example_skip_dag.py for tasks to queue
[2024-05-05T02:52:32.754+0530] {logging_mixin.py:188} INFO - [2024-05-05T02:52:32.754+0530] {dagbag.py:540} INFO - Filling up the DagBag from /home/wsl/airflow_venv/lib/python3.10/site-packages/airflow/example_dags/example_skip_dag.py
[2024-05-05T02:52:32.765+0530] {processor.py:840} INFO - DAG(s) 'example_skip_dag' retrieved from /home/wsl/airflow_venv/lib/python3.10/site-packages/airflow/example_dags/example_skip_dag.py
[2024-05-05T02:52:32.791+0530] {logging_mixin.py:188} INFO - [2024-05-05T02:52:32.791+0530] {dag.py:3096} INFO - Sync 1 DAGs
[2024-05-05T02:52:32.826+0530] {logging_mixin.py:188} INFO - [2024-05-05T02:52:32.826+0530] {dag.py:3954} INFO - Setting next_dagrun for example_skip_dag to 2024-05-03 00:00:00+00:00, run_after=2024-05-04 00:00:00+00:00
[2024-05-05T02:52:32.873+0530] {processor.py:183} INFO - Processing /home/wsl/airflow_venv/lib/python3.10/site-packages/airflow/example_dags/example_skip_dag.py took 0.130 seconds
[2024-05-05T02:53:36.837+0530] {processor.py:161} INFO - Started process (PID=240691) to work on /home/wsl/airflow_venv/lib/python3.10/site-packages/airflow/example_dags/example_skip_dag.py
[2024-05-05T02:53:36.843+0530] {processor.py:830} INFO - Processing file /home/wsl/airflow_venv/lib/python3.10/site-packages/airflow/example_dags/example_skip_dag.py for tasks to queue
[2024-05-05T02:53:36.845+0530] {logging_mixin.py:188} INFO - [2024-05-05T02:53:36.845+0530] {dagbag.py:540} INFO - Filling up the DagBag from /home/wsl/airflow_venv/lib/python3.10/site-packages/airflow/example_dags/example_skip_dag.py
[2024-05-05T02:53:36.857+0530] {processor.py:840} INFO - DAG(s) 'example_skip_dag' retrieved from /home/wsl/airflow_venv/lib/python3.10/site-packages/airflow/example_dags/example_skip_dag.py
[2024-05-05T02:53:36.907+0530] {logging_mixin.py:188} INFO - [2024-05-05T02:53:36.907+0530] {dag.py:3096} INFO - Sync 1 DAGs
[2024-05-05T02:53:36.946+0530] {logging_mixin.py:188} INFO - [2024-05-05T02:53:36.946+0530] {dag.py:3954} INFO - Setting next_dagrun for example_skip_dag to 2024-05-03 00:00:00+00:00, run_after=2024-05-04 00:00:00+00:00
[2024-05-05T02:53:36.979+0530] {processor.py:183} INFO - Processing /home/wsl/airflow_venv/lib/python3.10/site-packages/airflow/example_dags/example_skip_dag.py took 0.160 seconds
[2024-05-05T02:55:04.363+0530] {processor.py:161} INFO - Started process (PID=241224) to work on /home/wsl/airflow_venv/lib/python3.10/site-packages/airflow/example_dags/example_skip_dag.py
[2024-05-05T02:55:04.366+0530] {processor.py:830} INFO - Processing file /home/wsl/airflow_venv/lib/python3.10/site-packages/airflow/example_dags/example_skip_dag.py for tasks to queue
[2024-05-05T02:55:04.367+0530] {logging_mixin.py:188} INFO - [2024-05-05T02:55:04.366+0530] {dagbag.py:540} INFO - Filling up the DagBag from /home/wsl/airflow_venv/lib/python3.10/site-packages/airflow/example_dags/example_skip_dag.py
[2024-05-05T02:55:04.376+0530] {processor.py:840} INFO - DAG(s) 'example_skip_dag' retrieved from /home/wsl/airflow_venv/lib/python3.10/site-packages/airflow/example_dags/example_skip_dag.py
[2024-05-05T02:55:04.396+0530] {logging_mixin.py:188} INFO - [2024-05-05T02:55:04.396+0530] {dag.py:3096} INFO - Sync 1 DAGs
[2024-05-05T02:55:04.426+0530] {logging_mixin.py:188} INFO - [2024-05-05T02:55:04.426+0530] {dag.py:3954} INFO - Setting next_dagrun for example_skip_dag to 2024-05-03 00:00:00+00:00, run_after=2024-05-04 00:00:00+00:00
[2024-05-05T02:55:04.459+0530] {processor.py:183} INFO - Processing /home/wsl/airflow_venv/lib/python3.10/site-packages/airflow/example_dags/example_skip_dag.py took 0.105 seconds
[2024-05-05T02:56:02.420+0530] {processor.py:161} INFO - Started process (PID=241604) to work on /home/wsl/airflow_venv/lib/python3.10/site-packages/airflow/example_dags/example_skip_dag.py
[2024-05-05T02:56:02.423+0530] {processor.py:830} INFO - Processing file /home/wsl/airflow_venv/lib/python3.10/site-packages/airflow/example_dags/example_skip_dag.py for tasks to queue
[2024-05-05T02:56:02.426+0530] {logging_mixin.py:188} INFO - [2024-05-05T02:56:02.425+0530] {dagbag.py:540} INFO - Filling up the DagBag from /home/wsl/airflow_venv/lib/python3.10/site-packages/airflow/example_dags/example_skip_dag.py
[2024-05-05T02:56:02.449+0530] {processor.py:840} INFO - DAG(s) 'example_skip_dag' retrieved from /home/wsl/airflow_venv/lib/python3.10/site-packages/airflow/example_dags/example_skip_dag.py
[2024-05-05T02:56:02.472+0530] {logging_mixin.py:188} INFO - [2024-05-05T02:56:02.472+0530] {dag.py:3096} INFO - Sync 1 DAGs
[2024-05-05T02:56:02.508+0530] {logging_mixin.py:188} INFO - [2024-05-05T02:56:02.507+0530] {dag.py:3954} INFO - Setting next_dagrun for example_skip_dag to 2024-05-03 00:00:00+00:00, run_after=2024-05-04 00:00:00+00:00
[2024-05-05T02:56:02.548+0530] {processor.py:183} INFO - Processing /home/wsl/airflow_venv/lib/python3.10/site-packages/airflow/example_dags/example_skip_dag.py took 0.137 seconds
[2024-05-05T02:57:25.629+0530] {processor.py:161} INFO - Started process (PID=242016) to work on /home/wsl/airflow_venv/lib/python3.10/site-packages/airflow/example_dags/example_skip_dag.py
[2024-05-05T02:57:25.631+0530] {processor.py:830} INFO - Processing file /home/wsl/airflow_venv/lib/python3.10/site-packages/airflow/example_dags/example_skip_dag.py for tasks to queue
[2024-05-05T02:57:25.632+0530] {logging_mixin.py:188} INFO - [2024-05-05T02:57:25.632+0530] {dagbag.py:540} INFO - Filling up the DagBag from /home/wsl/airflow_venv/lib/python3.10/site-packages/airflow/example_dags/example_skip_dag.py
[2024-05-05T02:57:25.640+0530] {processor.py:840} INFO - DAG(s) 'example_skip_dag' retrieved from /home/wsl/airflow_venv/lib/python3.10/site-packages/airflow/example_dags/example_skip_dag.py
[2024-05-05T02:57:25.659+0530] {logging_mixin.py:188} INFO - [2024-05-05T02:57:25.659+0530] {dag.py:3096} INFO - Sync 1 DAGs
[2024-05-05T02:57:25.681+0530] {logging_mixin.py:188} INFO - [2024-05-05T02:57:25.681+0530] {dag.py:3954} INFO - Setting next_dagrun for example_skip_dag to 2024-05-03 00:00:00+00:00, run_after=2024-05-04 00:00:00+00:00
[2024-05-05T02:57:25.968+0530] {processor.py:183} INFO - Processing /home/wsl/airflow_venv/lib/python3.10/site-packages/airflow/example_dags/example_skip_dag.py took 0.354 seconds
[2024-05-05T02:58:33.257+0530] {processor.py:161} INFO - Started process (PID=242418) to work on /home/wsl/airflow_venv/lib/python3.10/site-packages/airflow/example_dags/example_skip_dag.py
[2024-05-05T02:58:33.259+0530] {processor.py:830} INFO - Processing file /home/wsl/airflow_venv/lib/python3.10/site-packages/airflow/example_dags/example_skip_dag.py for tasks to queue
[2024-05-05T02:58:33.260+0530] {logging_mixin.py:188} INFO - [2024-05-05T02:58:33.260+0530] {dagbag.py:540} INFO - Filling up the DagBag from /home/wsl/airflow_venv/lib/python3.10/site-packages/airflow/example_dags/example_skip_dag.py
[2024-05-05T02:58:33.272+0530] {processor.py:840} INFO - DAG(s) 'example_skip_dag' retrieved from /home/wsl/airflow_venv/lib/python3.10/site-packages/airflow/example_dags/example_skip_dag.py
[2024-05-05T02:58:33.294+0530] {logging_mixin.py:188} INFO - [2024-05-05T02:58:33.293+0530] {dag.py:3096} INFO - Sync 1 DAGs
[2024-05-05T02:58:33.323+0530] {logging_mixin.py:188} INFO - [2024-05-05T02:58:33.323+0530] {dag.py:3954} INFO - Setting next_dagrun for example_skip_dag to 2024-05-03 00:00:00+00:00, run_after=2024-05-04 00:00:00+00:00
[2024-05-05T02:58:33.359+0530] {processor.py:183} INFO - Processing /home/wsl/airflow_venv/lib/python3.10/site-packages/airflow/example_dags/example_skip_dag.py took 0.112 seconds
[2024-05-05T02:59:33.404+0530] {processor.py:161} INFO - Started process (PID=242795) to work on /home/wsl/airflow_venv/lib/python3.10/site-packages/airflow/example_dags/example_skip_dag.py
[2024-05-05T02:59:33.406+0530] {processor.py:830} INFO - Processing file /home/wsl/airflow_venv/lib/python3.10/site-packages/airflow/example_dags/example_skip_dag.py for tasks to queue
[2024-05-05T02:59:33.408+0530] {logging_mixin.py:188} INFO - [2024-05-05T02:59:33.407+0530] {dagbag.py:540} INFO - Filling up the DagBag from /home/wsl/airflow_venv/lib/python3.10/site-packages/airflow/example_dags/example_skip_dag.py
[2024-05-05T02:59:33.420+0530] {processor.py:840} INFO - DAG(s) 'example_skip_dag' retrieved from /home/wsl/airflow_venv/lib/python3.10/site-packages/airflow/example_dags/example_skip_dag.py
[2024-05-05T02:59:33.447+0530] {logging_mixin.py:188} INFO - [2024-05-05T02:59:33.446+0530] {dag.py:3096} INFO - Sync 1 DAGs
[2024-05-05T02:59:33.472+0530] {logging_mixin.py:188} INFO - [2024-05-05T02:59:33.472+0530] {dag.py:3954} INFO - Setting next_dagrun for example_skip_dag to 2024-05-03 00:00:00+00:00, run_after=2024-05-04 00:00:00+00:00
[2024-05-05T02:59:33.504+0530] {processor.py:183} INFO - Processing /home/wsl/airflow_venv/lib/python3.10/site-packages/airflow/example_dags/example_skip_dag.py took 0.112 seconds
[2024-05-05T03:00:49.968+0530] {processor.py:161} INFO - Started process (PID=243352) to work on /home/wsl/airflow_venv/lib/python3.10/site-packages/airflow/example_dags/example_skip_dag.py
[2024-05-05T03:00:49.970+0530] {processor.py:830} INFO - Processing file /home/wsl/airflow_venv/lib/python3.10/site-packages/airflow/example_dags/example_skip_dag.py for tasks to queue
[2024-05-05T03:00:49.972+0530] {logging_mixin.py:188} INFO - [2024-05-05T03:00:49.972+0530] {dagbag.py:540} INFO - Filling up the DagBag from /home/wsl/airflow_venv/lib/python3.10/site-packages/airflow/example_dags/example_skip_dag.py
[2024-05-05T03:00:49.984+0530] {processor.py:840} INFO - DAG(s) 'example_skip_dag' retrieved from /home/wsl/airflow_venv/lib/python3.10/site-packages/airflow/example_dags/example_skip_dag.py
[2024-05-05T03:00:50.010+0530] {logging_mixin.py:188} INFO - [2024-05-05T03:00:50.010+0530] {dag.py:3096} INFO - Sync 1 DAGs
[2024-05-05T03:00:50.035+0530] {logging_mixin.py:188} INFO - [2024-05-05T03:00:50.035+0530] {dag.py:3954} INFO - Setting next_dagrun for example_skip_dag to 2024-05-03 00:00:00+00:00, run_after=2024-05-04 00:00:00+00:00
[2024-05-05T03:00:50.068+0530] {processor.py:183} INFO - Processing /home/wsl/airflow_venv/lib/python3.10/site-packages/airflow/example_dags/example_skip_dag.py took 0.107 seconds
[2024-05-05T03:02:10.275+0530] {processor.py:161} INFO - Started process (PID=243860) to work on /home/wsl/airflow_venv/lib/python3.10/site-packages/airflow/example_dags/example_skip_dag.py
[2024-05-05T03:02:10.278+0530] {processor.py:830} INFO - Processing file /home/wsl/airflow_venv/lib/python3.10/site-packages/airflow/example_dags/example_skip_dag.py for tasks to queue
[2024-05-05T03:02:10.279+0530] {logging_mixin.py:188} INFO - [2024-05-05T03:02:10.279+0530] {dagbag.py:540} INFO - Filling up the DagBag from /home/wsl/airflow_venv/lib/python3.10/site-packages/airflow/example_dags/example_skip_dag.py
[2024-05-05T03:02:10.294+0530] {processor.py:840} INFO - DAG(s) 'example_skip_dag' retrieved from /home/wsl/airflow_venv/lib/python3.10/site-packages/airflow/example_dags/example_skip_dag.py
[2024-05-05T03:02:10.322+0530] {logging_mixin.py:188} INFO - [2024-05-05T03:02:10.322+0530] {dag.py:3096} INFO - Sync 1 DAGs
[2024-05-05T03:02:10.345+0530] {logging_mixin.py:188} INFO - [2024-05-05T03:02:10.345+0530] {dag.py:3954} INFO - Setting next_dagrun for example_skip_dag to 2024-05-03 00:00:00+00:00, run_after=2024-05-04 00:00:00+00:00
[2024-05-05T03:02:10.377+0530] {processor.py:183} INFO - Processing /home/wsl/airflow_venv/lib/python3.10/site-packages/airflow/example_dags/example_skip_dag.py took 0.113 seconds
[2024-05-05T03:03:05.492+0530] {processor.py:161} INFO - Started process (PID=244151) to work on /home/wsl/airflow_venv/lib/python3.10/site-packages/airflow/example_dags/example_skip_dag.py
[2024-05-05T03:03:05.494+0530] {processor.py:830} INFO - Processing file /home/wsl/airflow_venv/lib/python3.10/site-packages/airflow/example_dags/example_skip_dag.py for tasks to queue
[2024-05-05T03:03:05.496+0530] {logging_mixin.py:188} INFO - [2024-05-05T03:03:05.495+0530] {dagbag.py:540} INFO - Filling up the DagBag from /home/wsl/airflow_venv/lib/python3.10/site-packages/airflow/example_dags/example_skip_dag.py
[2024-05-05T03:03:05.506+0530] {processor.py:840} INFO - DAG(s) 'example_skip_dag' retrieved from /home/wsl/airflow_venv/lib/python3.10/site-packages/airflow/example_dags/example_skip_dag.py
[2024-05-05T03:03:05.527+0530] {logging_mixin.py:188} INFO - [2024-05-05T03:03:05.526+0530] {dag.py:3096} INFO - Sync 1 DAGs
[2024-05-05T03:03:05.552+0530] {logging_mixin.py:188} INFO - [2024-05-05T03:03:05.551+0530] {dag.py:3954} INFO - Setting next_dagrun for example_skip_dag to 2024-05-03 00:00:00+00:00, run_after=2024-05-04 00:00:00+00:00
[2024-05-05T03:03:05.584+0530] {processor.py:183} INFO - Processing /home/wsl/airflow_venv/lib/python3.10/site-packages/airflow/example_dags/example_skip_dag.py took 0.102 seconds
[2024-05-05T03:04:27.936+0530] {processor.py:161} INFO - Started process (PID=244733) to work on /home/wsl/airflow_venv/lib/python3.10/site-packages/airflow/example_dags/example_skip_dag.py
[2024-05-05T03:04:27.938+0530] {processor.py:830} INFO - Processing file /home/wsl/airflow_venv/lib/python3.10/site-packages/airflow/example_dags/example_skip_dag.py for tasks to queue
[2024-05-05T03:04:27.940+0530] {logging_mixin.py:188} INFO - [2024-05-05T03:04:27.939+0530] {dagbag.py:540} INFO - Filling up the DagBag from /home/wsl/airflow_venv/lib/python3.10/site-packages/airflow/example_dags/example_skip_dag.py
[2024-05-05T03:04:27.953+0530] {processor.py:840} INFO - DAG(s) 'example_skip_dag' retrieved from /home/wsl/airflow_venv/lib/python3.10/site-packages/airflow/example_dags/example_skip_dag.py
[2024-05-05T03:04:27.976+0530] {logging_mixin.py:188} INFO - [2024-05-05T03:04:27.976+0530] {dag.py:3096} INFO - Sync 1 DAGs
[2024-05-05T03:04:27.996+0530] {logging_mixin.py:188} INFO - [2024-05-05T03:04:27.995+0530] {dag.py:3954} INFO - Setting next_dagrun for example_skip_dag to 2024-05-03 00:00:00+00:00, run_after=2024-05-04 00:00:00+00:00
[2024-05-05T03:04:28.026+0530] {processor.py:183} INFO - Processing /home/wsl/airflow_venv/lib/python3.10/site-packages/airflow/example_dags/example_skip_dag.py took 0.103 seconds
[2024-05-05T03:05:26.110+0530] {processor.py:161} INFO - Started process (PID=245121) to work on /home/wsl/airflow_venv/lib/python3.10/site-packages/airflow/example_dags/example_skip_dag.py
[2024-05-05T03:05:26.113+0530] {processor.py:830} INFO - Processing file /home/wsl/airflow_venv/lib/python3.10/site-packages/airflow/example_dags/example_skip_dag.py for tasks to queue
[2024-05-05T03:05:26.114+0530] {logging_mixin.py:188} INFO - [2024-05-05T03:05:26.114+0530] {dagbag.py:540} INFO - Filling up the DagBag from /home/wsl/airflow_venv/lib/python3.10/site-packages/airflow/example_dags/example_skip_dag.py
[2024-05-05T03:05:26.127+0530] {processor.py:840} INFO - DAG(s) 'example_skip_dag' retrieved from /home/wsl/airflow_venv/lib/python3.10/site-packages/airflow/example_dags/example_skip_dag.py
[2024-05-05T03:05:26.155+0530] {logging_mixin.py:188} INFO - [2024-05-05T03:05:26.155+0530] {dag.py:3096} INFO - Sync 1 DAGs
[2024-05-05T03:05:26.176+0530] {logging_mixin.py:188} INFO - [2024-05-05T03:05:26.176+0530] {dag.py:3954} INFO - Setting next_dagrun for example_skip_dag to 2024-05-03 00:00:00+00:00, run_after=2024-05-04 00:00:00+00:00
[2024-05-05T03:05:26.210+0530] {processor.py:183} INFO - Processing /home/wsl/airflow_venv/lib/python3.10/site-packages/airflow/example_dags/example_skip_dag.py took 0.111 seconds
[2024-05-05T03:06:21.122+0530] {processor.py:161} INFO - Started process (PID=245500) to work on /home/wsl/airflow_venv/lib/python3.10/site-packages/airflow/example_dags/example_skip_dag.py
[2024-05-05T03:06:21.124+0530] {processor.py:830} INFO - Processing file /home/wsl/airflow_venv/lib/python3.10/site-packages/airflow/example_dags/example_skip_dag.py for tasks to queue
[2024-05-05T03:06:21.127+0530] {logging_mixin.py:188} INFO - [2024-05-05T03:06:21.126+0530] {dagbag.py:540} INFO - Filling up the DagBag from /home/wsl/airflow_venv/lib/python3.10/site-packages/airflow/example_dags/example_skip_dag.py
[2024-05-05T03:06:21.141+0530] {processor.py:840} INFO - DAG(s) 'example_skip_dag' retrieved from /home/wsl/airflow_venv/lib/python3.10/site-packages/airflow/example_dags/example_skip_dag.py
[2024-05-05T03:06:21.169+0530] {logging_mixin.py:188} INFO - [2024-05-05T03:06:21.169+0530] {dag.py:3096} INFO - Sync 1 DAGs
[2024-05-05T03:06:21.201+0530] {logging_mixin.py:188} INFO - [2024-05-05T03:06:21.201+0530] {dag.py:3954} INFO - Setting next_dagrun for example_skip_dag to 2024-05-03 00:00:00+00:00, run_after=2024-05-04 00:00:00+00:00
[2024-05-05T03:06:21.244+0530] {processor.py:183} INFO - Processing /home/wsl/airflow_venv/lib/python3.10/site-packages/airflow/example_dags/example_skip_dag.py took 0.130 seconds
[2024-05-05T03:07:42.849+0530] {processor.py:161} INFO - Started process (PID=246002) to work on /home/wsl/airflow_venv/lib/python3.10/site-packages/airflow/example_dags/example_skip_dag.py
[2024-05-05T03:07:42.852+0530] {processor.py:830} INFO - Processing file /home/wsl/airflow_venv/lib/python3.10/site-packages/airflow/example_dags/example_skip_dag.py for tasks to queue
[2024-05-05T03:07:42.853+0530] {logging_mixin.py:188} INFO - [2024-05-05T03:07:42.852+0530] {dagbag.py:540} INFO - Filling up the DagBag from /home/wsl/airflow_venv/lib/python3.10/site-packages/airflow/example_dags/example_skip_dag.py
[2024-05-05T03:07:42.871+0530] {processor.py:840} INFO - DAG(s) 'example_skip_dag' retrieved from /home/wsl/airflow_venv/lib/python3.10/site-packages/airflow/example_dags/example_skip_dag.py
[2024-05-05T03:07:42.916+0530] {logging_mixin.py:188} INFO - [2024-05-05T03:07:42.916+0530] {dag.py:3096} INFO - Sync 1 DAGs
[2024-05-05T03:07:42.956+0530] {logging_mixin.py:188} INFO - [2024-05-05T03:07:42.956+0530] {dag.py:3954} INFO - Setting next_dagrun for example_skip_dag to 2024-05-03 00:00:00+00:00, run_after=2024-05-04 00:00:00+00:00
[2024-05-05T03:07:42.989+0530] {processor.py:183} INFO - Processing /home/wsl/airflow_venv/lib/python3.10/site-packages/airflow/example_dags/example_skip_dag.py took 0.157 seconds
[2024-05-05T03:08:39.246+0530] {processor.py:161} INFO - Started process (PID=246366) to work on /home/wsl/airflow_venv/lib/python3.10/site-packages/airflow/example_dags/example_skip_dag.py
[2024-05-05T03:08:39.257+0530] {processor.py:830} INFO - Processing file /home/wsl/airflow_venv/lib/python3.10/site-packages/airflow/example_dags/example_skip_dag.py for tasks to queue
[2024-05-05T03:08:39.259+0530] {logging_mixin.py:188} INFO - [2024-05-05T03:08:39.258+0530] {dagbag.py:540} INFO - Filling up the DagBag from /home/wsl/airflow_venv/lib/python3.10/site-packages/airflow/example_dags/example_skip_dag.py
[2024-05-05T03:08:39.277+0530] {processor.py:840} INFO - DAG(s) 'example_skip_dag' retrieved from /home/wsl/airflow_venv/lib/python3.10/site-packages/airflow/example_dags/example_skip_dag.py
[2024-05-05T03:08:39.311+0530] {logging_mixin.py:188} INFO - [2024-05-05T03:08:39.311+0530] {dag.py:3096} INFO - Sync 1 DAGs
[2024-05-05T03:08:39.345+0530] {logging_mixin.py:188} INFO - [2024-05-05T03:08:39.345+0530] {dag.py:3954} INFO - Setting next_dagrun for example_skip_dag to 2024-05-03 00:00:00+00:00, run_after=2024-05-04 00:00:00+00:00
[2024-05-05T03:08:39.398+0530] {processor.py:183} INFO - Processing /home/wsl/airflow_venv/lib/python3.10/site-packages/airflow/example_dags/example_skip_dag.py took 0.167 seconds
[2024-05-05T03:09:34.399+0530] {processor.py:161} INFO - Started process (PID=246743) to work on /home/wsl/airflow_venv/lib/python3.10/site-packages/airflow/example_dags/example_skip_dag.py
[2024-05-05T03:09:34.402+0530] {processor.py:830} INFO - Processing file /home/wsl/airflow_venv/lib/python3.10/site-packages/airflow/example_dags/example_skip_dag.py for tasks to queue
[2024-05-05T03:09:34.403+0530] {logging_mixin.py:188} INFO - [2024-05-05T03:09:34.403+0530] {dagbag.py:540} INFO - Filling up the DagBag from /home/wsl/airflow_venv/lib/python3.10/site-packages/airflow/example_dags/example_skip_dag.py
[2024-05-05T03:09:34.416+0530] {processor.py:840} INFO - DAG(s) 'example_skip_dag' retrieved from /home/wsl/airflow_venv/lib/python3.10/site-packages/airflow/example_dags/example_skip_dag.py
[2024-05-05T03:09:34.441+0530] {logging_mixin.py:188} INFO - [2024-05-05T03:09:34.441+0530] {dag.py:3096} INFO - Sync 1 DAGs
[2024-05-05T03:09:34.465+0530] {logging_mixin.py:188} INFO - [2024-05-05T03:09:34.464+0530] {dag.py:3954} INFO - Setting next_dagrun for example_skip_dag to 2024-05-03 00:00:00+00:00, run_after=2024-05-04 00:00:00+00:00
[2024-05-05T03:09:34.494+0530] {processor.py:183} INFO - Processing /home/wsl/airflow_venv/lib/python3.10/site-packages/airflow/example_dags/example_skip_dag.py took 0.108 seconds
[2024-05-05T03:10:33.308+0530] {processor.py:161} INFO - Started process (PID=247125) to work on /home/wsl/airflow_venv/lib/python3.10/site-packages/airflow/example_dags/example_skip_dag.py
[2024-05-05T03:10:33.310+0530] {processor.py:830} INFO - Processing file /home/wsl/airflow_venv/lib/python3.10/site-packages/airflow/example_dags/example_skip_dag.py for tasks to queue
[2024-05-05T03:10:33.313+0530] {logging_mixin.py:188} INFO - [2024-05-05T03:10:33.312+0530] {dagbag.py:540} INFO - Filling up the DagBag from /home/wsl/airflow_venv/lib/python3.10/site-packages/airflow/example_dags/example_skip_dag.py
[2024-05-05T03:10:33.323+0530] {processor.py:840} INFO - DAG(s) 'example_skip_dag' retrieved from /home/wsl/airflow_venv/lib/python3.10/site-packages/airflow/example_dags/example_skip_dag.py
[2024-05-05T03:10:33.346+0530] {logging_mixin.py:188} INFO - [2024-05-05T03:10:33.345+0530] {dag.py:3096} INFO - Sync 1 DAGs
[2024-05-05T03:10:33.371+0530] {logging_mixin.py:188} INFO - [2024-05-05T03:10:33.371+0530] {dag.py:3954} INFO - Setting next_dagrun for example_skip_dag to 2024-05-03 00:00:00+00:00, run_after=2024-05-04 00:00:00+00:00
[2024-05-05T03:10:33.412+0530] {processor.py:183} INFO - Processing /home/wsl/airflow_venv/lib/python3.10/site-packages/airflow/example_dags/example_skip_dag.py took 0.115 seconds
[2024-05-05T03:11:53.108+0530] {processor.py:161} INFO - Started process (PID=247623) to work on /home/wsl/airflow_venv/lib/python3.10/site-packages/airflow/example_dags/example_skip_dag.py
[2024-05-05T03:11:53.111+0530] {processor.py:830} INFO - Processing file /home/wsl/airflow_venv/lib/python3.10/site-packages/airflow/example_dags/example_skip_dag.py for tasks to queue
[2024-05-05T03:11:53.113+0530] {logging_mixin.py:188} INFO - [2024-05-05T03:11:53.112+0530] {dagbag.py:540} INFO - Filling up the DagBag from /home/wsl/airflow_venv/lib/python3.10/site-packages/airflow/example_dags/example_skip_dag.py
[2024-05-05T03:11:53.125+0530] {processor.py:840} INFO - DAG(s) 'example_skip_dag' retrieved from /home/wsl/airflow_venv/lib/python3.10/site-packages/airflow/example_dags/example_skip_dag.py
[2024-05-05T03:11:53.147+0530] {logging_mixin.py:188} INFO - [2024-05-05T03:11:53.147+0530] {dag.py:3096} INFO - Sync 1 DAGs
[2024-05-05T03:11:53.168+0530] {logging_mixin.py:188} INFO - [2024-05-05T03:11:53.168+0530] {dag.py:3954} INFO - Setting next_dagrun for example_skip_dag to 2024-05-03 00:00:00+00:00, run_after=2024-05-04 00:00:00+00:00
[2024-05-05T03:11:53.197+0530] {processor.py:183} INFO - Processing /home/wsl/airflow_venv/lib/python3.10/site-packages/airflow/example_dags/example_skip_dag.py took 0.100 seconds
[2024-05-05T03:12:49.837+0530] {processor.py:161} INFO - Started process (PID=247967) to work on /home/wsl/airflow_venv/lib/python3.10/site-packages/airflow/example_dags/example_skip_dag.py
[2024-05-05T03:12:49.839+0530] {processor.py:830} INFO - Processing file /home/wsl/airflow_venv/lib/python3.10/site-packages/airflow/example_dags/example_skip_dag.py for tasks to queue
[2024-05-05T03:12:49.841+0530] {logging_mixin.py:188} INFO - [2024-05-05T03:12:49.840+0530] {dagbag.py:540} INFO - Filling up the DagBag from /home/wsl/airflow_venv/lib/python3.10/site-packages/airflow/example_dags/example_skip_dag.py
[2024-05-05T03:12:49.854+0530] {processor.py:840} INFO - DAG(s) 'example_skip_dag' retrieved from /home/wsl/airflow_venv/lib/python3.10/site-packages/airflow/example_dags/example_skip_dag.py
[2024-05-05T03:12:49.880+0530] {logging_mixin.py:188} INFO - [2024-05-05T03:12:49.879+0530] {dag.py:3096} INFO - Sync 1 DAGs
[2024-05-05T03:12:49.911+0530] {logging_mixin.py:188} INFO - [2024-05-05T03:12:49.911+0530] {dag.py:3954} INFO - Setting next_dagrun for example_skip_dag to 2024-05-03 00:00:00+00:00, run_after=2024-05-04 00:00:00+00:00
[2024-05-05T03:12:49.947+0530] {processor.py:183} INFO - Processing /home/wsl/airflow_venv/lib/python3.10/site-packages/airflow/example_dags/example_skip_dag.py took 0.124 seconds
[2024-05-05T03:13:47.521+0530] {processor.py:161} INFO - Started process (PID=248304) to work on /home/wsl/airflow_venv/lib/python3.10/site-packages/airflow/example_dags/example_skip_dag.py
[2024-05-05T03:13:47.523+0530] {processor.py:830} INFO - Processing file /home/wsl/airflow_venv/lib/python3.10/site-packages/airflow/example_dags/example_skip_dag.py for tasks to queue
[2024-05-05T03:13:47.524+0530] {logging_mixin.py:188} INFO - [2024-05-05T03:13:47.524+0530] {dagbag.py:540} INFO - Filling up the DagBag from /home/wsl/airflow_venv/lib/python3.10/site-packages/airflow/example_dags/example_skip_dag.py
[2024-05-05T03:13:47.535+0530] {processor.py:840} INFO - DAG(s) 'example_skip_dag' retrieved from /home/wsl/airflow_venv/lib/python3.10/site-packages/airflow/example_dags/example_skip_dag.py
[2024-05-05T03:13:47.567+0530] {logging_mixin.py:188} INFO - [2024-05-05T03:13:47.566+0530] {dag.py:3096} INFO - Sync 1 DAGs
[2024-05-05T03:13:47.593+0530] {logging_mixin.py:188} INFO - [2024-05-05T03:13:47.592+0530] {dag.py:3954} INFO - Setting next_dagrun for example_skip_dag to 2024-05-03 00:00:00+00:00, run_after=2024-05-04 00:00:00+00:00
[2024-05-05T03:13:47.635+0530] {processor.py:183} INFO - Processing /home/wsl/airflow_venv/lib/python3.10/site-packages/airflow/example_dags/example_skip_dag.py took 0.124 seconds
[2024-05-05T03:14:45.500+0530] {processor.py:161} INFO - Started process (PID=248544) to work on /home/wsl/airflow_venv/lib/python3.10/site-packages/airflow/example_dags/example_skip_dag.py
[2024-05-05T03:14:45.502+0530] {processor.py:830} INFO - Processing file /home/wsl/airflow_venv/lib/python3.10/site-packages/airflow/example_dags/example_skip_dag.py for tasks to queue
[2024-05-05T03:14:45.505+0530] {logging_mixin.py:188} INFO - [2024-05-05T03:14:45.504+0530] {dagbag.py:540} INFO - Filling up the DagBag from /home/wsl/airflow_venv/lib/python3.10/site-packages/airflow/example_dags/example_skip_dag.py
[2024-05-05T03:14:45.534+0530] {processor.py:840} INFO - DAG(s) 'example_skip_dag' retrieved from /home/wsl/airflow_venv/lib/python3.10/site-packages/airflow/example_dags/example_skip_dag.py
[2024-05-05T03:14:45.561+0530] {logging_mixin.py:188} INFO - [2024-05-05T03:14:45.560+0530] {dag.py:3096} INFO - Sync 1 DAGs
[2024-05-05T03:14:45.584+0530] {logging_mixin.py:188} INFO - [2024-05-05T03:14:45.584+0530] {dag.py:3954} INFO - Setting next_dagrun for example_skip_dag to 2024-05-03 00:00:00+00:00, run_after=2024-05-04 00:00:00+00:00
[2024-05-05T03:14:45.612+0530] {processor.py:183} INFO - Processing /home/wsl/airflow_venv/lib/python3.10/site-packages/airflow/example_dags/example_skip_dag.py took 0.127 seconds
[2024-05-05T03:15:43.200+0530] {processor.py:161} INFO - Started process (PID=248922) to work on /home/wsl/airflow_venv/lib/python3.10/site-packages/airflow/example_dags/example_skip_dag.py
[2024-05-05T03:15:43.202+0530] {processor.py:830} INFO - Processing file /home/wsl/airflow_venv/lib/python3.10/site-packages/airflow/example_dags/example_skip_dag.py for tasks to queue
[2024-05-05T03:15:43.203+0530] {logging_mixin.py:188} INFO - [2024-05-05T03:15:43.202+0530] {dagbag.py:540} INFO - Filling up the DagBag from /home/wsl/airflow_venv/lib/python3.10/site-packages/airflow/example_dags/example_skip_dag.py
[2024-05-05T03:15:43.211+0530] {processor.py:840} INFO - DAG(s) 'example_skip_dag' retrieved from /home/wsl/airflow_venv/lib/python3.10/site-packages/airflow/example_dags/example_skip_dag.py
[2024-05-05T03:15:43.231+0530] {logging_mixin.py:188} INFO - [2024-05-05T03:15:43.231+0530] {dag.py:3096} INFO - Sync 1 DAGs
[2024-05-05T03:15:43.252+0530] {logging_mixin.py:188} INFO - [2024-05-05T03:15:43.251+0530] {dag.py:3954} INFO - Setting next_dagrun for example_skip_dag to 2024-05-03 00:00:00+00:00, run_after=2024-05-04 00:00:00+00:00
[2024-05-05T03:15:43.286+0530] {processor.py:183} INFO - Processing /home/wsl/airflow_venv/lib/python3.10/site-packages/airflow/example_dags/example_skip_dag.py took 0.093 seconds
[2024-05-05T03:16:46.561+0530] {processor.py:161} INFO - Started process (PID=249291) to work on /home/wsl/airflow_venv/lib/python3.10/site-packages/airflow/example_dags/example_skip_dag.py
[2024-05-05T03:16:46.563+0530] {processor.py:830} INFO - Processing file /home/wsl/airflow_venv/lib/python3.10/site-packages/airflow/example_dags/example_skip_dag.py for tasks to queue
[2024-05-05T03:16:46.564+0530] {logging_mixin.py:188} INFO - [2024-05-05T03:16:46.564+0530] {dagbag.py:540} INFO - Filling up the DagBag from /home/wsl/airflow_venv/lib/python3.10/site-packages/airflow/example_dags/example_skip_dag.py
[2024-05-05T03:16:46.573+0530] {processor.py:840} INFO - DAG(s) 'example_skip_dag' retrieved from /home/wsl/airflow_venv/lib/python3.10/site-packages/airflow/example_dags/example_skip_dag.py
[2024-05-05T03:16:46.591+0530] {logging_mixin.py:188} INFO - [2024-05-05T03:16:46.591+0530] {dag.py:3096} INFO - Sync 1 DAGs
[2024-05-05T03:16:46.616+0530] {logging_mixin.py:188} INFO - [2024-05-05T03:16:46.616+0530] {dag.py:3954} INFO - Setting next_dagrun for example_skip_dag to 2024-05-03 00:00:00+00:00, run_after=2024-05-04 00:00:00+00:00
[2024-05-05T03:16:46.877+0530] {processor.py:183} INFO - Processing /home/wsl/airflow_venv/lib/python3.10/site-packages/airflow/example_dags/example_skip_dag.py took 0.324 seconds
[2024-05-05T03:18:13.139+0530] {processor.py:161} INFO - Started process (PID=249682) to work on /home/wsl/airflow_venv/lib/python3.10/site-packages/airflow/example_dags/example_skip_dag.py
[2024-05-05T03:18:13.142+0530] {processor.py:830} INFO - Processing file /home/wsl/airflow_venv/lib/python3.10/site-packages/airflow/example_dags/example_skip_dag.py for tasks to queue
[2024-05-05T03:18:13.143+0530] {logging_mixin.py:188} INFO - [2024-05-05T03:18:13.142+0530] {dagbag.py:540} INFO - Filling up the DagBag from /home/wsl/airflow_venv/lib/python3.10/site-packages/airflow/example_dags/example_skip_dag.py
[2024-05-05T03:18:13.156+0530] {processor.py:840} INFO - DAG(s) 'example_skip_dag' retrieved from /home/wsl/airflow_venv/lib/python3.10/site-packages/airflow/example_dags/example_skip_dag.py
[2024-05-05T03:18:13.183+0530] {logging_mixin.py:188} INFO - [2024-05-05T03:18:13.183+0530] {dag.py:3096} INFO - Sync 1 DAGs
[2024-05-05T03:18:13.223+0530] {logging_mixin.py:188} INFO - [2024-05-05T03:18:13.222+0530] {dag.py:3954} INFO - Setting next_dagrun for example_skip_dag to 2024-05-03 00:00:00+00:00, run_after=2024-05-04 00:00:00+00:00
[2024-05-05T03:18:13.272+0530] {processor.py:183} INFO - Processing /home/wsl/airflow_venv/lib/python3.10/site-packages/airflow/example_dags/example_skip_dag.py took 0.147 seconds
[2024-05-05T03:19:22.037+0530] {processor.py:161} INFO - Started process (PID=250157) to work on /home/wsl/airflow_venv/lib/python3.10/site-packages/airflow/example_dags/example_skip_dag.py
[2024-05-05T03:19:22.041+0530] {processor.py:830} INFO - Processing file /home/wsl/airflow_venv/lib/python3.10/site-packages/airflow/example_dags/example_skip_dag.py for tasks to queue
[2024-05-05T03:19:22.044+0530] {logging_mixin.py:188} INFO - [2024-05-05T03:19:22.043+0530] {dagbag.py:540} INFO - Filling up the DagBag from /home/wsl/airflow_venv/lib/python3.10/site-packages/airflow/example_dags/example_skip_dag.py
[2024-05-05T03:19:22.059+0530] {processor.py:840} INFO - DAG(s) 'example_skip_dag' retrieved from /home/wsl/airflow_venv/lib/python3.10/site-packages/airflow/example_dags/example_skip_dag.py
[2024-05-05T03:19:22.085+0530] {logging_mixin.py:188} INFO - [2024-05-05T03:19:22.084+0530] {dag.py:3096} INFO - Sync 1 DAGs
[2024-05-05T03:19:22.115+0530] {logging_mixin.py:188} INFO - [2024-05-05T03:19:22.114+0530] {dag.py:3954} INFO - Setting next_dagrun for example_skip_dag to 2024-05-03 00:00:00+00:00, run_after=2024-05-04 00:00:00+00:00
[2024-05-05T03:19:22.157+0530] {processor.py:183} INFO - Processing /home/wsl/airflow_venv/lib/python3.10/site-packages/airflow/example_dags/example_skip_dag.py took 0.130 seconds
[2024-05-05T03:20:35.686+0530] {processor.py:161} INFO - Started process (PID=250537) to work on /home/wsl/airflow_venv/lib/python3.10/site-packages/airflow/example_dags/example_skip_dag.py
[2024-05-05T03:20:35.689+0530] {processor.py:830} INFO - Processing file /home/wsl/airflow_venv/lib/python3.10/site-packages/airflow/example_dags/example_skip_dag.py for tasks to queue
[2024-05-05T03:20:35.692+0530] {logging_mixin.py:188} INFO - [2024-05-05T03:20:35.691+0530] {dagbag.py:540} INFO - Filling up the DagBag from /home/wsl/airflow_venv/lib/python3.10/site-packages/airflow/example_dags/example_skip_dag.py
[2024-05-05T03:20:35.704+0530] {processor.py:840} INFO - DAG(s) 'example_skip_dag' retrieved from /home/wsl/airflow_venv/lib/python3.10/site-packages/airflow/example_dags/example_skip_dag.py
[2024-05-05T03:20:35.731+0530] {logging_mixin.py:188} INFO - [2024-05-05T03:20:35.731+0530] {dag.py:3096} INFO - Sync 1 DAGs
[2024-05-05T03:20:35.763+0530] {logging_mixin.py:188} INFO - [2024-05-05T03:20:35.762+0530] {dag.py:3954} INFO - Setting next_dagrun for example_skip_dag to 2024-05-03 00:00:00+00:00, run_after=2024-05-04 00:00:00+00:00
[2024-05-05T03:20:35.830+0530] {processor.py:183} INFO - Processing /home/wsl/airflow_venv/lib/python3.10/site-packages/airflow/example_dags/example_skip_dag.py took 0.163 seconds
[2024-05-05T03:21:40.056+0530] {processor.py:161} INFO - Started process (PID=250870) to work on /home/wsl/airflow_venv/lib/python3.10/site-packages/airflow/example_dags/example_skip_dag.py
[2024-05-05T03:21:40.297+0530] {processor.py:830} INFO - Processing file /home/wsl/airflow_venv/lib/python3.10/site-packages/airflow/example_dags/example_skip_dag.py for tasks to queue
[2024-05-05T03:21:40.299+0530] {logging_mixin.py:188} INFO - [2024-05-05T03:21:40.298+0530] {dagbag.py:540} INFO - Filling up the DagBag from /home/wsl/airflow_venv/lib/python3.10/site-packages/airflow/example_dags/example_skip_dag.py
[2024-05-05T03:21:40.310+0530] {processor.py:840} INFO - DAG(s) 'example_skip_dag' retrieved from /home/wsl/airflow_venv/lib/python3.10/site-packages/airflow/example_dags/example_skip_dag.py
[2024-05-05T03:21:40.333+0530] {logging_mixin.py:188} INFO - [2024-05-05T03:21:40.333+0530] {dag.py:3096} INFO - Sync 1 DAGs
[2024-05-05T03:21:40.366+0530] {logging_mixin.py:188} INFO - [2024-05-05T03:21:40.366+0530] {dag.py:3954} INFO - Setting next_dagrun for example_skip_dag to 2024-05-03 00:00:00+00:00, run_after=2024-05-04 00:00:00+00:00
[2024-05-05T03:21:42.804+0530] {processor.py:183} INFO - Processing /home/wsl/airflow_venv/lib/python3.10/site-packages/airflow/example_dags/example_skip_dag.py took 2.760 seconds
[2024-05-05T03:22:55.894+0530] {processor.py:161} INFO - Started process (PID=251331) to work on /home/wsl/airflow_venv/lib/python3.10/site-packages/airflow/example_dags/example_skip_dag.py
[2024-05-05T03:22:55.896+0530] {processor.py:830} INFO - Processing file /home/wsl/airflow_venv/lib/python3.10/site-packages/airflow/example_dags/example_skip_dag.py for tasks to queue
[2024-05-05T03:22:55.897+0530] {logging_mixin.py:188} INFO - [2024-05-05T03:22:55.897+0530] {dagbag.py:540} INFO - Filling up the DagBag from /home/wsl/airflow_venv/lib/python3.10/site-packages/airflow/example_dags/example_skip_dag.py
[2024-05-05T03:22:55.906+0530] {processor.py:840} INFO - DAG(s) 'example_skip_dag' retrieved from /home/wsl/airflow_venv/lib/python3.10/site-packages/airflow/example_dags/example_skip_dag.py
[2024-05-05T03:22:55.931+0530] {logging_mixin.py:188} INFO - [2024-05-05T03:22:55.930+0530] {dag.py:3096} INFO - Sync 1 DAGs
[2024-05-05T03:22:55.955+0530] {logging_mixin.py:188} INFO - [2024-05-05T03:22:55.955+0530] {dag.py:3954} INFO - Setting next_dagrun for example_skip_dag to 2024-05-03 00:00:00+00:00, run_after=2024-05-04 00:00:00+00:00
[2024-05-05T03:22:55.984+0530] {processor.py:183} INFO - Processing /home/wsl/airflow_venv/lib/python3.10/site-packages/airflow/example_dags/example_skip_dag.py took 0.097 seconds
[2024-05-05T03:23:56.225+0530] {processor.py:161} INFO - Started process (PID=251700) to work on /home/wsl/airflow_venv/lib/python3.10/site-packages/airflow/example_dags/example_skip_dag.py
[2024-05-05T03:23:56.227+0530] {processor.py:830} INFO - Processing file /home/wsl/airflow_venv/lib/python3.10/site-packages/airflow/example_dags/example_skip_dag.py for tasks to queue
[2024-05-05T03:23:56.228+0530] {logging_mixin.py:188} INFO - [2024-05-05T03:23:56.228+0530] {dagbag.py:540} INFO - Filling up the DagBag from /home/wsl/airflow_venv/lib/python3.10/site-packages/airflow/example_dags/example_skip_dag.py
[2024-05-05T03:23:56.237+0530] {processor.py:840} INFO - DAG(s) 'example_skip_dag' retrieved from /home/wsl/airflow_venv/lib/python3.10/site-packages/airflow/example_dags/example_skip_dag.py
[2024-05-05T03:23:56.262+0530] {logging_mixin.py:188} INFO - [2024-05-05T03:23:56.261+0530] {dag.py:3096} INFO - Sync 1 DAGs
[2024-05-05T03:23:56.299+0530] {logging_mixin.py:188} INFO - [2024-05-05T03:23:56.299+0530] {dag.py:3954} INFO - Setting next_dagrun for example_skip_dag to 2024-05-03 00:00:00+00:00, run_after=2024-05-04 00:00:00+00:00
[2024-05-05T03:23:56.349+0530] {processor.py:183} INFO - Processing /home/wsl/airflow_venv/lib/python3.10/site-packages/airflow/example_dags/example_skip_dag.py took 0.135 seconds
[2024-05-05T03:24:51.096+0530] {processor.py:161} INFO - Started process (PID=251946) to work on /home/wsl/airflow_venv/lib/python3.10/site-packages/airflow/example_dags/example_skip_dag.py
[2024-05-05T03:24:51.099+0530] {processor.py:830} INFO - Processing file /home/wsl/airflow_venv/lib/python3.10/site-packages/airflow/example_dags/example_skip_dag.py for tasks to queue
[2024-05-05T03:24:51.100+0530] {logging_mixin.py:188} INFO - [2024-05-05T03:24:51.099+0530] {dagbag.py:540} INFO - Filling up the DagBag from /home/wsl/airflow_venv/lib/python3.10/site-packages/airflow/example_dags/example_skip_dag.py
[2024-05-05T03:24:51.111+0530] {processor.py:840} INFO - DAG(s) 'example_skip_dag' retrieved from /home/wsl/airflow_venv/lib/python3.10/site-packages/airflow/example_dags/example_skip_dag.py
[2024-05-05T03:24:51.132+0530] {logging_mixin.py:188} INFO - [2024-05-05T03:24:51.132+0530] {dag.py:3096} INFO - Sync 1 DAGs
[2024-05-05T03:24:51.156+0530] {logging_mixin.py:188} INFO - [2024-05-05T03:24:51.155+0530] {dag.py:3954} INFO - Setting next_dagrun for example_skip_dag to 2024-05-03 00:00:00+00:00, run_after=2024-05-04 00:00:00+00:00
[2024-05-05T03:24:51.194+0530] {processor.py:183} INFO - Processing /home/wsl/airflow_venv/lib/python3.10/site-packages/airflow/example_dags/example_skip_dag.py took 0.108 seconds
[2024-05-05T03:25:47.028+0530] {processor.py:161} INFO - Started process (PID=252290) to work on /home/wsl/airflow_venv/lib/python3.10/site-packages/airflow/example_dags/example_skip_dag.py
[2024-05-05T03:25:47.030+0530] {processor.py:830} INFO - Processing file /home/wsl/airflow_venv/lib/python3.10/site-packages/airflow/example_dags/example_skip_dag.py for tasks to queue
[2024-05-05T03:25:47.031+0530] {logging_mixin.py:188} INFO - [2024-05-05T03:25:47.031+0530] {dagbag.py:540} INFO - Filling up the DagBag from /home/wsl/airflow_venv/lib/python3.10/site-packages/airflow/example_dags/example_skip_dag.py
[2024-05-05T03:25:47.039+0530] {processor.py:840} INFO - DAG(s) 'example_skip_dag' retrieved from /home/wsl/airflow_venv/lib/python3.10/site-packages/airflow/example_dags/example_skip_dag.py
[2024-05-05T03:25:47.057+0530] {logging_mixin.py:188} INFO - [2024-05-05T03:25:47.057+0530] {dag.py:3096} INFO - Sync 1 DAGs
[2024-05-05T03:25:47.077+0530] {logging_mixin.py:188} INFO - [2024-05-05T03:25:47.077+0530] {dag.py:3954} INFO - Setting next_dagrun for example_skip_dag to 2024-05-03 00:00:00+00:00, run_after=2024-05-04 00:00:00+00:00
[2024-05-05T03:25:47.103+0530] {processor.py:183} INFO - Processing /home/wsl/airflow_venv/lib/python3.10/site-packages/airflow/example_dags/example_skip_dag.py took 0.085 seconds
[2024-05-05T03:26:54.254+0530] {processor.py:161} INFO - Started process (PID=252833) to work on /home/wsl/airflow_venv/lib/python3.10/site-packages/airflow/example_dags/example_skip_dag.py
[2024-05-05T03:26:54.259+0530] {processor.py:830} INFO - Processing file /home/wsl/airflow_venv/lib/python3.10/site-packages/airflow/example_dags/example_skip_dag.py for tasks to queue
[2024-05-05T03:26:54.261+0530] {logging_mixin.py:188} INFO - [2024-05-05T03:26:54.260+0530] {dagbag.py:540} INFO - Filling up the DagBag from /home/wsl/airflow_venv/lib/python3.10/site-packages/airflow/example_dags/example_skip_dag.py
[2024-05-05T03:26:54.275+0530] {processor.py:840} INFO - DAG(s) 'example_skip_dag' retrieved from /home/wsl/airflow_venv/lib/python3.10/site-packages/airflow/example_dags/example_skip_dag.py
[2024-05-05T03:26:54.296+0530] {logging_mixin.py:188} INFO - [2024-05-05T03:26:54.296+0530] {dag.py:3096} INFO - Sync 1 DAGs
[2024-05-05T03:26:54.316+0530] {logging_mixin.py:188} INFO - [2024-05-05T03:26:54.316+0530] {dag.py:3954} INFO - Setting next_dagrun for example_skip_dag to 2024-05-03 00:00:00+00:00, run_after=2024-05-04 00:00:00+00:00
[2024-05-05T03:26:54.694+0530] {processor.py:183} INFO - Processing /home/wsl/airflow_venv/lib/python3.10/site-packages/airflow/example_dags/example_skip_dag.py took 0.451 seconds
[2024-05-05T03:28:19.675+0530] {processor.py:161} INFO - Started process (PID=253283) to work on /home/wsl/airflow_venv/lib/python3.10/site-packages/airflow/example_dags/example_skip_dag.py
[2024-05-05T03:28:19.679+0530] {processor.py:830} INFO - Processing file /home/wsl/airflow_venv/lib/python3.10/site-packages/airflow/example_dags/example_skip_dag.py for tasks to queue
[2024-05-05T03:28:19.681+0530] {logging_mixin.py:188} INFO - [2024-05-05T03:28:19.680+0530] {dagbag.py:540} INFO - Filling up the DagBag from /home/wsl/airflow_venv/lib/python3.10/site-packages/airflow/example_dags/example_skip_dag.py
[2024-05-05T03:28:19.696+0530] {processor.py:840} INFO - DAG(s) 'example_skip_dag' retrieved from /home/wsl/airflow_venv/lib/python3.10/site-packages/airflow/example_dags/example_skip_dag.py
[2024-05-05T03:28:19.732+0530] {logging_mixin.py:188} INFO - [2024-05-05T03:28:19.732+0530] {dag.py:3096} INFO - Sync 1 DAGs
[2024-05-05T03:28:19.772+0530] {logging_mixin.py:188} INFO - [2024-05-05T03:28:19.771+0530] {dag.py:3954} INFO - Setting next_dagrun for example_skip_dag to 2024-05-03 00:00:00+00:00, run_after=2024-05-04 00:00:00+00:00
[2024-05-05T03:28:19.848+0530] {processor.py:183} INFO - Processing /home/wsl/airflow_venv/lib/python3.10/site-packages/airflow/example_dags/example_skip_dag.py took 0.184 seconds
