[2024-05-05T01:28:47.395+0530] {processor.py:161} INFO - Started process (PID=236918) to work on /home/wsl/airflow_venv/lib/python3.10/site-packages/airflow/example_dags/example_task_group.py
[2024-05-05T01:28:47.397+0530] {processor.py:830} INFO - Processing file /home/wsl/airflow_venv/lib/python3.10/site-packages/airflow/example_dags/example_task_group.py for tasks to queue
[2024-05-05T01:28:47.400+0530] {logging_mixin.py:188} INFO - [2024-05-05T01:28:47.400+0530] {dagbag.py:540} INFO - Filling up the DagBag from /home/wsl/airflow_venv/lib/python3.10/site-packages/airflow/example_dags/example_task_group.py
[2024-05-05T01:28:47.432+0530] {processor.py:840} INFO - DAG(s) 'example_task_group' retrieved from /home/wsl/airflow_venv/lib/python3.10/site-packages/airflow/example_dags/example_task_group.py
[2024-05-05T01:28:47.797+0530] {logging_mixin.py:188} INFO - [2024-05-05T01:28:47.796+0530] {dag.py:3096} INFO - Sync 1 DAGs
[2024-05-05T01:28:47.828+0530] {logging_mixin.py:188} INFO - [2024-05-05T01:28:47.828+0530] {dag.py:3954} INFO - Setting next_dagrun for example_task_group to 2024-05-03 00:00:00+00:00, run_after=2024-05-04 00:00:00+00:00
[2024-05-05T01:28:48.180+0530] {processor.py:183} INFO - Processing /home/wsl/airflow_venv/lib/python3.10/site-packages/airflow/example_dags/example_task_group.py took 0.806 seconds
[2024-05-05T01:30:11.809+0530] {processor.py:161} INFO - Started process (PID=237589) to work on /home/wsl/airflow_venv/lib/python3.10/site-packages/airflow/example_dags/example_task_group.py
[2024-05-05T01:30:11.825+0530] {processor.py:830} INFO - Processing file /home/wsl/airflow_venv/lib/python3.10/site-packages/airflow/example_dags/example_task_group.py for tasks to queue
[2024-05-05T01:30:11.828+0530] {logging_mixin.py:188} INFO - [2024-05-05T01:30:11.827+0530] {dagbag.py:540} INFO - Filling up the DagBag from /home/wsl/airflow_venv/lib/python3.10/site-packages/airflow/example_dags/example_task_group.py
[2024-05-05T01:30:11.862+0530] {processor.py:840} INFO - DAG(s) 'example_task_group' retrieved from /home/wsl/airflow_venv/lib/python3.10/site-packages/airflow/example_dags/example_task_group.py
[2024-05-05T01:30:11.959+0530] {logging_mixin.py:188} INFO - [2024-05-05T01:30:11.958+0530] {dag.py:3096} INFO - Sync 1 DAGs
[2024-05-05T01:30:12.073+0530] {logging_mixin.py:188} INFO - [2024-05-05T01:30:12.072+0530] {dag.py:3954} INFO - Setting next_dagrun for example_task_group to 2024-05-03 00:00:00+00:00, run_after=2024-05-04 00:00:00+00:00
[2024-05-05T01:30:12.282+0530] {processor.py:183} INFO - Processing /home/wsl/airflow_venv/lib/python3.10/site-packages/airflow/example_dags/example_task_group.py took 0.504 seconds
[2024-05-05T01:30:56.125+0530] {processor.py:161} INFO - Started process (PID=237787) to work on /home/wsl/airflow_venv/lib/python3.10/site-packages/airflow/example_dags/example_task_group.py
[2024-05-05T01:30:56.128+0530] {processor.py:830} INFO - Processing file /home/wsl/airflow_venv/lib/python3.10/site-packages/airflow/example_dags/example_task_group.py for tasks to queue
[2024-05-05T01:30:56.140+0530] {logging_mixin.py:188} INFO - [2024-05-05T01:30:56.139+0530] {dagbag.py:540} INFO - Filling up the DagBag from /home/wsl/airflow_venv/lib/python3.10/site-packages/airflow/example_dags/example_task_group.py
[2024-05-05T01:30:56.174+0530] {processor.py:840} INFO - DAG(s) 'example_task_group' retrieved from /home/wsl/airflow_venv/lib/python3.10/site-packages/airflow/example_dags/example_task_group.py
[2024-05-05T01:30:56.246+0530] {logging_mixin.py:188} INFO - [2024-05-05T01:30:56.245+0530] {dag.py:3096} INFO - Sync 1 DAGs
[2024-05-05T01:30:56.346+0530] {logging_mixin.py:188} INFO - [2024-05-05T01:30:56.345+0530] {dag.py:3954} INFO - Setting next_dagrun for example_task_group to 2024-05-03 00:00:00+00:00, run_after=2024-05-04 00:00:00+00:00
[2024-05-05T01:30:56.445+0530] {processor.py:183} INFO - Processing /home/wsl/airflow_venv/lib/python3.10/site-packages/airflow/example_dags/example_task_group.py took 0.341 seconds
[2024-05-05T01:31:58.018+0530] {processor.py:161} INFO - Started process (PID=238231) to work on /home/wsl/airflow_venv/lib/python3.10/site-packages/airflow/example_dags/example_task_group.py
[2024-05-05T01:31:58.023+0530] {processor.py:830} INFO - Processing file /home/wsl/airflow_venv/lib/python3.10/site-packages/airflow/example_dags/example_task_group.py for tasks to queue
[2024-05-05T01:31:58.028+0530] {logging_mixin.py:188} INFO - [2024-05-05T01:31:58.027+0530] {dagbag.py:540} INFO - Filling up the DagBag from /home/wsl/airflow_venv/lib/python3.10/site-packages/airflow/example_dags/example_task_group.py
[2024-05-05T01:31:58.051+0530] {processor.py:840} INFO - DAG(s) 'example_task_group' retrieved from /home/wsl/airflow_venv/lib/python3.10/site-packages/airflow/example_dags/example_task_group.py
[2024-05-05T01:31:58.356+0530] {logging_mixin.py:188} INFO - [2024-05-05T01:31:58.356+0530] {dag.py:3096} INFO - Sync 1 DAGs
[2024-05-05T01:31:58.384+0530] {logging_mixin.py:188} INFO - [2024-05-05T01:31:58.383+0530] {dag.py:3954} INFO - Setting next_dagrun for example_task_group to 2024-05-03 00:00:00+00:00, run_after=2024-05-04 00:00:00+00:00
[2024-05-05T01:31:58.421+0530] {processor.py:183} INFO - Processing /home/wsl/airflow_venv/lib/python3.10/site-packages/airflow/example_dags/example_task_group.py took 0.420 seconds
[2024-05-05T01:32:56.053+0530] {processor.py:161} INFO - Started process (PID=238593) to work on /home/wsl/airflow_venv/lib/python3.10/site-packages/airflow/example_dags/example_task_group.py
[2024-05-05T01:32:56.055+0530] {processor.py:830} INFO - Processing file /home/wsl/airflow_venv/lib/python3.10/site-packages/airflow/example_dags/example_task_group.py for tasks to queue
[2024-05-05T01:32:56.057+0530] {logging_mixin.py:188} INFO - [2024-05-05T01:32:56.057+0530] {dagbag.py:540} INFO - Filling up the DagBag from /home/wsl/airflow_venv/lib/python3.10/site-packages/airflow/example_dags/example_task_group.py
[2024-05-05T01:32:56.065+0530] {processor.py:840} INFO - DAG(s) 'example_task_group' retrieved from /home/wsl/airflow_venv/lib/python3.10/site-packages/airflow/example_dags/example_task_group.py
[2024-05-05T01:32:56.084+0530] {logging_mixin.py:188} INFO - [2024-05-05T01:32:56.084+0530] {dag.py:3096} INFO - Sync 1 DAGs
[2024-05-05T01:32:56.106+0530] {logging_mixin.py:188} INFO - [2024-05-05T01:32:56.106+0530] {dag.py:3954} INFO - Setting next_dagrun for example_task_group to 2024-05-03 00:00:00+00:00, run_after=2024-05-04 00:00:00+00:00
[2024-05-05T01:32:56.139+0530] {processor.py:183} INFO - Processing /home/wsl/airflow_venv/lib/python3.10/site-packages/airflow/example_dags/example_task_group.py took 0.096 seconds
[2024-05-05T01:34:33.561+0530] {processor.py:161} INFO - Started process (PID=239256) to work on /home/wsl/airflow_venv/lib/python3.10/site-packages/airflow/example_dags/example_task_group.py
[2024-05-05T01:34:33.563+0530] {processor.py:830} INFO - Processing file /home/wsl/airflow_venv/lib/python3.10/site-packages/airflow/example_dags/example_task_group.py for tasks to queue
[2024-05-05T01:34:33.564+0530] {logging_mixin.py:188} INFO - [2024-05-05T01:34:33.564+0530] {dagbag.py:540} INFO - Filling up the DagBag from /home/wsl/airflow_venv/lib/python3.10/site-packages/airflow/example_dags/example_task_group.py
[2024-05-05T01:34:33.573+0530] {processor.py:840} INFO - DAG(s) 'example_task_group' retrieved from /home/wsl/airflow_venv/lib/python3.10/site-packages/airflow/example_dags/example_task_group.py
[2024-05-05T01:34:33.593+0530] {logging_mixin.py:188} INFO - [2024-05-05T01:34:33.592+0530] {dag.py:3096} INFO - Sync 1 DAGs
[2024-05-05T01:34:33.615+0530] {logging_mixin.py:188} INFO - [2024-05-05T01:34:33.615+0530] {dag.py:3954} INFO - Setting next_dagrun for example_task_group to 2024-05-03 00:00:00+00:00, run_after=2024-05-04 00:00:00+00:00
[2024-05-05T01:34:33.754+0530] {processor.py:183} INFO - Processing /home/wsl/airflow_venv/lib/python3.10/site-packages/airflow/example_dags/example_task_group.py took 0.200 seconds
[2024-05-05T02:50:34.528+0530] {processor.py:161} INFO - Started process (PID=239595) to work on /home/wsl/airflow_venv/lib/python3.10/site-packages/airflow/example_dags/example_task_group.py
[2024-05-05T02:50:34.535+0530] {processor.py:830} INFO - Processing file /home/wsl/airflow_venv/lib/python3.10/site-packages/airflow/example_dags/example_task_group.py for tasks to queue
[2024-05-05T02:50:34.539+0530] {logging_mixin.py:188} INFO - [2024-05-05T02:50:34.537+0530] {dagbag.py:540} INFO - Filling up the DagBag from /home/wsl/airflow_venv/lib/python3.10/site-packages/airflow/example_dags/example_task_group.py
[2024-05-05T02:50:34.559+0530] {processor.py:840} INFO - DAG(s) 'example_task_group' retrieved from /home/wsl/airflow_venv/lib/python3.10/site-packages/airflow/example_dags/example_task_group.py
[2024-05-05T02:50:34.591+0530] {logging_mixin.py:188} INFO - [2024-05-05T02:50:34.590+0530] {dag.py:3096} INFO - Sync 1 DAGs
[2024-05-05T02:50:34.624+0530] {logging_mixin.py:188} INFO - [2024-05-05T02:50:34.624+0530] {dag.py:3954} INFO - Setting next_dagrun for example_task_group to 2024-05-03 00:00:00+00:00, run_after=2024-05-04 00:00:00+00:00
[2024-05-05T02:50:34.694+0530] {processor.py:183} INFO - Processing /home/wsl/airflow_venv/lib/python3.10/site-packages/airflow/example_dags/example_task_group.py took 0.174 seconds
[2024-05-05T02:51:29.123+0530] {processor.py:161} INFO - Started process (PID=239964) to work on /home/wsl/airflow_venv/lib/python3.10/site-packages/airflow/example_dags/example_task_group.py
[2024-05-05T02:51:29.125+0530] {processor.py:830} INFO - Processing file /home/wsl/airflow_venv/lib/python3.10/site-packages/airflow/example_dags/example_task_group.py for tasks to queue
[2024-05-05T02:51:29.126+0530] {logging_mixin.py:188} INFO - [2024-05-05T02:51:29.126+0530] {dagbag.py:540} INFO - Filling up the DagBag from /home/wsl/airflow_venv/lib/python3.10/site-packages/airflow/example_dags/example_task_group.py
[2024-05-05T02:51:29.136+0530] {processor.py:840} INFO - DAG(s) 'example_task_group' retrieved from /home/wsl/airflow_venv/lib/python3.10/site-packages/airflow/example_dags/example_task_group.py
[2024-05-05T02:51:29.155+0530] {logging_mixin.py:188} INFO - [2024-05-05T02:51:29.155+0530] {dag.py:3096} INFO - Sync 1 DAGs
[2024-05-05T02:51:29.178+0530] {logging_mixin.py:188} INFO - [2024-05-05T02:51:29.177+0530] {dag.py:3954} INFO - Setting next_dagrun for example_task_group to 2024-05-03 00:00:00+00:00, run_after=2024-05-04 00:00:00+00:00
[2024-05-05T02:51:29.209+0530] {processor.py:183} INFO - Processing /home/wsl/airflow_venv/lib/python3.10/site-packages/airflow/example_dags/example_task_group.py took 0.093 seconds
[2024-05-05T02:52:51.429+0530] {processor.py:161} INFO - Started process (PID=240328) to work on /home/wsl/airflow_venv/lib/python3.10/site-packages/airflow/example_dags/example_task_group.py
[2024-05-05T02:52:51.432+0530] {processor.py:830} INFO - Processing file /home/wsl/airflow_venv/lib/python3.10/site-packages/airflow/example_dags/example_task_group.py for tasks to queue
[2024-05-05T02:52:51.434+0530] {logging_mixin.py:188} INFO - [2024-05-05T02:52:51.433+0530] {dagbag.py:540} INFO - Filling up the DagBag from /home/wsl/airflow_venv/lib/python3.10/site-packages/airflow/example_dags/example_task_group.py
[2024-05-05T02:52:51.445+0530] {processor.py:840} INFO - DAG(s) 'example_task_group' retrieved from /home/wsl/airflow_venv/lib/python3.10/site-packages/airflow/example_dags/example_task_group.py
[2024-05-05T02:52:51.908+0530] {logging_mixin.py:188} INFO - [2024-05-05T02:52:51.908+0530] {dag.py:3096} INFO - Sync 1 DAGs
[2024-05-05T02:52:52.156+0530] {logging_mixin.py:188} INFO - [2024-05-05T02:52:52.155+0530] {dag.py:3954} INFO - Setting next_dagrun for example_task_group to 2024-05-03 00:00:00+00:00, run_after=2024-05-04 00:00:00+00:00
[2024-05-05T02:52:52.312+0530] {processor.py:183} INFO - Processing /home/wsl/airflow_venv/lib/python3.10/site-packages/airflow/example_dags/example_task_group.py took 0.890 seconds
[2024-05-05T02:53:48.240+0530] {processor.py:161} INFO - Started process (PID=240722) to work on /home/wsl/airflow_venv/lib/python3.10/site-packages/airflow/example_dags/example_task_group.py
[2024-05-05T02:53:48.241+0530] {processor.py:830} INFO - Processing file /home/wsl/airflow_venv/lib/python3.10/site-packages/airflow/example_dags/example_task_group.py for tasks to queue
[2024-05-05T02:53:48.242+0530] {logging_mixin.py:188} INFO - [2024-05-05T02:53:48.242+0530] {dagbag.py:540} INFO - Filling up the DagBag from /home/wsl/airflow_venv/lib/python3.10/site-packages/airflow/example_dags/example_task_group.py
[2024-05-05T02:53:48.256+0530] {processor.py:840} INFO - DAG(s) 'example_task_group' retrieved from /home/wsl/airflow_venv/lib/python3.10/site-packages/airflow/example_dags/example_task_group.py
[2024-05-05T02:53:48.279+0530] {logging_mixin.py:188} INFO - [2024-05-05T02:53:48.278+0530] {dag.py:3096} INFO - Sync 1 DAGs
[2024-05-05T02:53:48.305+0530] {logging_mixin.py:188} INFO - [2024-05-05T02:53:48.305+0530] {dag.py:3954} INFO - Setting next_dagrun for example_task_group to 2024-05-03 00:00:00+00:00, run_after=2024-05-04 00:00:00+00:00
[2024-05-05T02:53:48.342+0530] {processor.py:183} INFO - Processing /home/wsl/airflow_venv/lib/python3.10/site-packages/airflow/example_dags/example_task_group.py took 0.111 seconds
[2024-05-05T02:54:41.173+0530] {processor.py:161} INFO - Started process (PID=241068) to work on /home/wsl/airflow_venv/lib/python3.10/site-packages/airflow/example_dags/example_task_group.py
[2024-05-05T02:54:41.176+0530] {processor.py:830} INFO - Processing file /home/wsl/airflow_venv/lib/python3.10/site-packages/airflow/example_dags/example_task_group.py for tasks to queue
[2024-05-05T02:54:41.177+0530] {logging_mixin.py:188} INFO - [2024-05-05T02:54:41.176+0530] {dagbag.py:540} INFO - Filling up the DagBag from /home/wsl/airflow_venv/lib/python3.10/site-packages/airflow/example_dags/example_task_group.py
[2024-05-05T02:54:41.188+0530] {processor.py:840} INFO - DAG(s) 'example_task_group' retrieved from /home/wsl/airflow_venv/lib/python3.10/site-packages/airflow/example_dags/example_task_group.py
[2024-05-05T02:54:41.211+0530] {logging_mixin.py:188} INFO - [2024-05-05T02:54:41.211+0530] {dag.py:3096} INFO - Sync 1 DAGs
[2024-05-05T02:54:41.240+0530] {logging_mixin.py:188} INFO - [2024-05-05T02:54:41.239+0530] {dag.py:3954} INFO - Setting next_dagrun for example_task_group to 2024-05-03 00:00:00+00:00, run_after=2024-05-04 00:00:00+00:00
[2024-05-05T02:54:41.277+0530] {processor.py:183} INFO - Processing /home/wsl/airflow_venv/lib/python3.10/site-packages/airflow/example_dags/example_task_group.py took 0.111 seconds
[2024-05-05T02:55:36.759+0530] {processor.py:161} INFO - Started process (PID=241338) to work on /home/wsl/airflow_venv/lib/python3.10/site-packages/airflow/example_dags/example_task_group.py
[2024-05-05T02:55:36.762+0530] {processor.py:830} INFO - Processing file /home/wsl/airflow_venv/lib/python3.10/site-packages/airflow/example_dags/example_task_group.py for tasks to queue
[2024-05-05T02:55:36.767+0530] {logging_mixin.py:188} INFO - [2024-05-05T02:55:36.766+0530] {dagbag.py:540} INFO - Filling up the DagBag from /home/wsl/airflow_venv/lib/python3.10/site-packages/airflow/example_dags/example_task_group.py
[2024-05-05T02:55:36.783+0530] {processor.py:840} INFO - DAG(s) 'example_task_group' retrieved from /home/wsl/airflow_venv/lib/python3.10/site-packages/airflow/example_dags/example_task_group.py
[2024-05-05T02:55:36.826+0530] {logging_mixin.py:188} INFO - [2024-05-05T02:55:36.825+0530] {dag.py:3096} INFO - Sync 1 DAGs
[2024-05-05T02:55:36.872+0530] {logging_mixin.py:188} INFO - [2024-05-05T02:55:36.872+0530] {dag.py:3954} INFO - Setting next_dagrun for example_task_group to 2024-05-03 00:00:00+00:00, run_after=2024-05-04 00:00:00+00:00
[2024-05-05T02:55:36.938+0530] {processor.py:183} INFO - Processing /home/wsl/airflow_venv/lib/python3.10/site-packages/airflow/example_dags/example_task_group.py took 0.189 seconds
[2024-05-05T02:56:58.484+0530] {processor.py:161} INFO - Started process (PID=241824) to work on /home/wsl/airflow_venv/lib/python3.10/site-packages/airflow/example_dags/example_task_group.py
[2024-05-05T02:56:58.492+0530] {processor.py:830} INFO - Processing file /home/wsl/airflow_venv/lib/python3.10/site-packages/airflow/example_dags/example_task_group.py for tasks to queue
[2024-05-05T02:56:58.493+0530] {logging_mixin.py:188} INFO - [2024-05-05T02:56:58.493+0530] {dagbag.py:540} INFO - Filling up the DagBag from /home/wsl/airflow_venv/lib/python3.10/site-packages/airflow/example_dags/example_task_group.py
[2024-05-05T02:56:58.505+0530] {processor.py:840} INFO - DAG(s) 'example_task_group' retrieved from /home/wsl/airflow_venv/lib/python3.10/site-packages/airflow/example_dags/example_task_group.py
[2024-05-05T02:56:58.526+0530] {logging_mixin.py:188} INFO - [2024-05-05T02:56:58.526+0530] {dag.py:3096} INFO - Sync 1 DAGs
[2024-05-05T02:56:58.557+0530] {logging_mixin.py:188} INFO - [2024-05-05T02:56:58.557+0530] {dag.py:3954} INFO - Setting next_dagrun for example_task_group to 2024-05-03 00:00:00+00:00, run_after=2024-05-04 00:00:00+00:00
[2024-05-05T02:56:58.881+0530] {processor.py:183} INFO - Processing /home/wsl/airflow_venv/lib/python3.10/site-packages/airflow/example_dags/example_task_group.py took 0.405 seconds
[2024-05-05T02:58:12.162+0530] {processor.py:161} INFO - Started process (PID=242338) to work on /home/wsl/airflow_venv/lib/python3.10/site-packages/airflow/example_dags/example_task_group.py
[2024-05-05T02:58:12.164+0530] {processor.py:830} INFO - Processing file /home/wsl/airflow_venv/lib/python3.10/site-packages/airflow/example_dags/example_task_group.py for tasks to queue
[2024-05-05T02:58:12.165+0530] {logging_mixin.py:188} INFO - [2024-05-05T02:58:12.165+0530] {dagbag.py:540} INFO - Filling up the DagBag from /home/wsl/airflow_venv/lib/python3.10/site-packages/airflow/example_dags/example_task_group.py
[2024-05-05T02:58:12.175+0530] {processor.py:840} INFO - DAG(s) 'example_task_group' retrieved from /home/wsl/airflow_venv/lib/python3.10/site-packages/airflow/example_dags/example_task_group.py
[2024-05-05T02:58:12.194+0530] {logging_mixin.py:188} INFO - [2024-05-05T02:58:12.194+0530] {dag.py:3096} INFO - Sync 1 DAGs
[2024-05-05T02:58:12.216+0530] {logging_mixin.py:188} INFO - [2024-05-05T02:58:12.216+0530] {dag.py:3954} INFO - Setting next_dagrun for example_task_group to 2024-05-03 00:00:00+00:00, run_after=2024-05-04 00:00:00+00:00
[2024-05-05T02:58:12.245+0530] {processor.py:183} INFO - Processing /home/wsl/airflow_venv/lib/python3.10/site-packages/airflow/example_dags/example_task_group.py took 0.090 seconds
[2024-05-05T02:59:11.211+0530] {processor.py:161} INFO - Started process (PID=242691) to work on /home/wsl/airflow_venv/lib/python3.10/site-packages/airflow/example_dags/example_task_group.py
[2024-05-05T02:59:11.213+0530] {processor.py:830} INFO - Processing file /home/wsl/airflow_venv/lib/python3.10/site-packages/airflow/example_dags/example_task_group.py for tasks to queue
[2024-05-05T02:59:11.215+0530] {logging_mixin.py:188} INFO - [2024-05-05T02:59:11.214+0530] {dagbag.py:540} INFO - Filling up the DagBag from /home/wsl/airflow_venv/lib/python3.10/site-packages/airflow/example_dags/example_task_group.py
[2024-05-05T02:59:11.232+0530] {processor.py:840} INFO - DAG(s) 'example_task_group' retrieved from /home/wsl/airflow_venv/lib/python3.10/site-packages/airflow/example_dags/example_task_group.py
[2024-05-05T02:59:11.251+0530] {logging_mixin.py:188} INFO - [2024-05-05T02:59:11.250+0530] {dag.py:3096} INFO - Sync 1 DAGs
[2024-05-05T02:59:11.272+0530] {logging_mixin.py:188} INFO - [2024-05-05T02:59:11.272+0530] {dag.py:3954} INFO - Setting next_dagrun for example_task_group to 2024-05-03 00:00:00+00:00, run_after=2024-05-04 00:00:00+00:00
[2024-05-05T02:59:11.303+0530] {processor.py:183} INFO - Processing /home/wsl/airflow_venv/lib/python3.10/site-packages/airflow/example_dags/example_task_group.py took 0.116 seconds
[2024-05-05T03:00:07.211+0530] {processor.py:161} INFO - Started process (PID=243081) to work on /home/wsl/airflow_venv/lib/python3.10/site-packages/airflow/example_dags/example_task_group.py
[2024-05-05T03:00:07.212+0530] {processor.py:830} INFO - Processing file /home/wsl/airflow_venv/lib/python3.10/site-packages/airflow/example_dags/example_task_group.py for tasks to queue
[2024-05-05T03:00:07.213+0530] {logging_mixin.py:188} INFO - [2024-05-05T03:00:07.213+0530] {dagbag.py:540} INFO - Filling up the DagBag from /home/wsl/airflow_venv/lib/python3.10/site-packages/airflow/example_dags/example_task_group.py
[2024-05-05T03:00:07.222+0530] {processor.py:840} INFO - DAG(s) 'example_task_group' retrieved from /home/wsl/airflow_venv/lib/python3.10/site-packages/airflow/example_dags/example_task_group.py
[2024-05-05T03:00:07.245+0530] {logging_mixin.py:188} INFO - [2024-05-05T03:00:07.244+0530] {dag.py:3096} INFO - Sync 1 DAGs
[2024-05-05T03:00:07.267+0530] {logging_mixin.py:188} INFO - [2024-05-05T03:00:07.267+0530] {dag.py:3954} INFO - Setting next_dagrun for example_task_group to 2024-05-03 00:00:00+00:00, run_after=2024-05-04 00:00:00+00:00
[2024-05-05T03:00:07.296+0530] {processor.py:183} INFO - Processing /home/wsl/airflow_venv/lib/python3.10/site-packages/airflow/example_dags/example_task_group.py took 0.097 seconds
[2024-05-05T03:01:00.431+0530] {processor.py:161} INFO - Started process (PID=243381) to work on /home/wsl/airflow_venv/lib/python3.10/site-packages/airflow/example_dags/example_task_group.py
[2024-05-05T03:01:00.434+0530] {processor.py:830} INFO - Processing file /home/wsl/airflow_venv/lib/python3.10/site-packages/airflow/example_dags/example_task_group.py for tasks to queue
[2024-05-05T03:01:00.435+0530] {logging_mixin.py:188} INFO - [2024-05-05T03:01:00.435+0530] {dagbag.py:540} INFO - Filling up the DagBag from /home/wsl/airflow_venv/lib/python3.10/site-packages/airflow/example_dags/example_task_group.py
[2024-05-05T03:01:00.447+0530] {processor.py:840} INFO - DAG(s) 'example_task_group' retrieved from /home/wsl/airflow_venv/lib/python3.10/site-packages/airflow/example_dags/example_task_group.py
[2024-05-05T03:01:00.467+0530] {logging_mixin.py:188} INFO - [2024-05-05T03:01:00.467+0530] {dag.py:3096} INFO - Sync 1 DAGs
[2024-05-05T03:01:00.488+0530] {logging_mixin.py:188} INFO - [2024-05-05T03:01:00.487+0530] {dag.py:3954} INFO - Setting next_dagrun for example_task_group to 2024-05-03 00:00:00+00:00, run_after=2024-05-04 00:00:00+00:00
[2024-05-05T03:01:00.515+0530] {processor.py:183} INFO - Processing /home/wsl/airflow_venv/lib/python3.10/site-packages/airflow/example_dags/example_task_group.py took 0.092 seconds
[2024-05-05T03:01:52.300+0530] {processor.py:161} INFO - Started process (PID=243745) to work on /home/wsl/airflow_venv/lib/python3.10/site-packages/airflow/example_dags/example_task_group.py
[2024-05-05T03:01:52.301+0530] {processor.py:830} INFO - Processing file /home/wsl/airflow_venv/lib/python3.10/site-packages/airflow/example_dags/example_task_group.py for tasks to queue
[2024-05-05T03:01:52.303+0530] {logging_mixin.py:188} INFO - [2024-05-05T03:01:52.302+0530] {dagbag.py:540} INFO - Filling up the DagBag from /home/wsl/airflow_venv/lib/python3.10/site-packages/airflow/example_dags/example_task_group.py
[2024-05-05T03:01:52.316+0530] {processor.py:840} INFO - DAG(s) 'example_task_group' retrieved from /home/wsl/airflow_venv/lib/python3.10/site-packages/airflow/example_dags/example_task_group.py
[2024-05-05T03:01:52.342+0530] {logging_mixin.py:188} INFO - [2024-05-05T03:01:52.342+0530] {dag.py:3096} INFO - Sync 1 DAGs
[2024-05-05T03:01:52.369+0530] {logging_mixin.py:188} INFO - [2024-05-05T03:01:52.368+0530] {dag.py:3954} INFO - Setting next_dagrun for example_task_group to 2024-05-03 00:00:00+00:00, run_after=2024-05-04 00:00:00+00:00
[2024-05-05T03:01:52.400+0530] {processor.py:183} INFO - Processing /home/wsl/airflow_venv/lib/python3.10/site-packages/airflow/example_dags/example_task_group.py took 0.109 seconds
[2024-05-05T03:02:48.438+0530] {processor.py:161} INFO - Started process (PID=244092) to work on /home/wsl/airflow_venv/lib/python3.10/site-packages/airflow/example_dags/example_task_group.py
[2024-05-05T03:02:48.441+0530] {processor.py:830} INFO - Processing file /home/wsl/airflow_venv/lib/python3.10/site-packages/airflow/example_dags/example_task_group.py for tasks to queue
[2024-05-05T03:02:48.444+0530] {logging_mixin.py:188} INFO - [2024-05-05T03:02:48.443+0530] {dagbag.py:540} INFO - Filling up the DagBag from /home/wsl/airflow_venv/lib/python3.10/site-packages/airflow/example_dags/example_task_group.py
[2024-05-05T03:02:48.459+0530] {processor.py:840} INFO - DAG(s) 'example_task_group' retrieved from /home/wsl/airflow_venv/lib/python3.10/site-packages/airflow/example_dags/example_task_group.py
[2024-05-05T03:02:48.480+0530] {logging_mixin.py:188} INFO - [2024-05-05T03:02:48.480+0530] {dag.py:3096} INFO - Sync 1 DAGs
[2024-05-05T03:02:48.504+0530] {logging_mixin.py:188} INFO - [2024-05-05T03:02:48.504+0530] {dag.py:3954} INFO - Setting next_dagrun for example_task_group to 2024-05-03 00:00:00+00:00, run_after=2024-05-04 00:00:00+00:00
[2024-05-05T03:02:48.536+0530] {processor.py:183} INFO - Processing /home/wsl/airflow_venv/lib/python3.10/site-packages/airflow/example_dags/example_task_group.py took 0.115 seconds
[2024-05-05T03:03:40.811+0530] {processor.py:161} INFO - Started process (PID=244420) to work on /home/wsl/airflow_venv/lib/python3.10/site-packages/airflow/example_dags/example_task_group.py
[2024-05-05T03:03:40.814+0530] {processor.py:830} INFO - Processing file /home/wsl/airflow_venv/lib/python3.10/site-packages/airflow/example_dags/example_task_group.py for tasks to queue
[2024-05-05T03:03:40.816+0530] {logging_mixin.py:188} INFO - [2024-05-05T03:03:40.815+0530] {dagbag.py:540} INFO - Filling up the DagBag from /home/wsl/airflow_venv/lib/python3.10/site-packages/airflow/example_dags/example_task_group.py
[2024-05-05T03:03:40.829+0530] {processor.py:840} INFO - DAG(s) 'example_task_group' retrieved from /home/wsl/airflow_venv/lib/python3.10/site-packages/airflow/example_dags/example_task_group.py
[2024-05-05T03:03:40.848+0530] {logging_mixin.py:188} INFO - [2024-05-05T03:03:40.847+0530] {dag.py:3096} INFO - Sync 1 DAGs
[2024-05-05T03:03:40.868+0530] {logging_mixin.py:188} INFO - [2024-05-05T03:03:40.867+0530] {dag.py:3954} INFO - Setting next_dagrun for example_task_group to 2024-05-03 00:00:00+00:00, run_after=2024-05-04 00:00:00+00:00
[2024-05-05T03:03:40.894+0530] {processor.py:183} INFO - Processing /home/wsl/airflow_venv/lib/python3.10/site-packages/airflow/example_dags/example_task_group.py took 0.096 seconds
[2024-05-05T03:04:37.019+0530] {processor.py:161} INFO - Started process (PID=244785) to work on /home/wsl/airflow_venv/lib/python3.10/site-packages/airflow/example_dags/example_task_group.py
[2024-05-05T03:04:37.022+0530] {processor.py:830} INFO - Processing file /home/wsl/airflow_venv/lib/python3.10/site-packages/airflow/example_dags/example_task_group.py for tasks to queue
[2024-05-05T03:04:37.024+0530] {logging_mixin.py:188} INFO - [2024-05-05T03:04:37.023+0530] {dagbag.py:540} INFO - Filling up the DagBag from /home/wsl/airflow_venv/lib/python3.10/site-packages/airflow/example_dags/example_task_group.py
[2024-05-05T03:04:37.044+0530] {processor.py:840} INFO - DAG(s) 'example_task_group' retrieved from /home/wsl/airflow_venv/lib/python3.10/site-packages/airflow/example_dags/example_task_group.py
[2024-05-05T03:04:37.084+0530] {logging_mixin.py:188} INFO - [2024-05-05T03:04:37.083+0530] {dag.py:3096} INFO - Sync 1 DAGs
[2024-05-05T03:04:37.121+0530] {logging_mixin.py:188} INFO - [2024-05-05T03:04:37.121+0530] {dag.py:3954} INFO - Setting next_dagrun for example_task_group to 2024-05-03 00:00:00+00:00, run_after=2024-05-04 00:00:00+00:00
[2024-05-05T03:04:37.167+0530] {processor.py:183} INFO - Processing /home/wsl/airflow_venv/lib/python3.10/site-packages/airflow/example_dags/example_task_group.py took 0.160 seconds
[2024-05-05T03:05:35.129+0530] {processor.py:161} INFO - Started process (PID=245173) to work on /home/wsl/airflow_venv/lib/python3.10/site-packages/airflow/example_dags/example_task_group.py
[2024-05-05T03:05:35.132+0530] {processor.py:830} INFO - Processing file /home/wsl/airflow_venv/lib/python3.10/site-packages/airflow/example_dags/example_task_group.py for tasks to queue
[2024-05-05T03:05:35.134+0530] {logging_mixin.py:188} INFO - [2024-05-05T03:05:35.133+0530] {dagbag.py:540} INFO - Filling up the DagBag from /home/wsl/airflow_venv/lib/python3.10/site-packages/airflow/example_dags/example_task_group.py
[2024-05-05T03:05:35.155+0530] {processor.py:840} INFO - DAG(s) 'example_task_group' retrieved from /home/wsl/airflow_venv/lib/python3.10/site-packages/airflow/example_dags/example_task_group.py
[2024-05-05T03:05:35.177+0530] {logging_mixin.py:188} INFO - [2024-05-05T03:05:35.176+0530] {dag.py:3096} INFO - Sync 1 DAGs
[2024-05-05T03:05:35.197+0530] {logging_mixin.py:188} INFO - [2024-05-05T03:05:35.197+0530] {dag.py:3954} INFO - Setting next_dagrun for example_task_group to 2024-05-03 00:00:00+00:00, run_after=2024-05-04 00:00:00+00:00
[2024-05-05T03:05:35.229+0530] {processor.py:183} INFO - Processing /home/wsl/airflow_venv/lib/python3.10/site-packages/airflow/example_dags/example_task_group.py took 0.115 seconds
[2024-05-05T03:06:29.123+0530] {processor.py:161} INFO - Started process (PID=245526) to work on /home/wsl/airflow_venv/lib/python3.10/site-packages/airflow/example_dags/example_task_group.py
[2024-05-05T03:06:29.125+0530] {processor.py:830} INFO - Processing file /home/wsl/airflow_venv/lib/python3.10/site-packages/airflow/example_dags/example_task_group.py for tasks to queue
[2024-05-05T03:06:29.127+0530] {logging_mixin.py:188} INFO - [2024-05-05T03:06:29.127+0530] {dagbag.py:540} INFO - Filling up the DagBag from /home/wsl/airflow_venv/lib/python3.10/site-packages/airflow/example_dags/example_task_group.py
[2024-05-05T03:06:29.139+0530] {processor.py:840} INFO - DAG(s) 'example_task_group' retrieved from /home/wsl/airflow_venv/lib/python3.10/site-packages/airflow/example_dags/example_task_group.py
[2024-05-05T03:06:29.159+0530] {logging_mixin.py:188} INFO - [2024-05-05T03:06:29.159+0530] {dag.py:3096} INFO - Sync 1 DAGs
[2024-05-05T03:06:29.184+0530] {logging_mixin.py:188} INFO - [2024-05-05T03:06:29.183+0530] {dag.py:3954} INFO - Setting next_dagrun for example_task_group to 2024-05-03 00:00:00+00:00, run_after=2024-05-04 00:00:00+00:00
[2024-05-05T03:06:29.214+0530] {processor.py:183} INFO - Processing /home/wsl/airflow_venv/lib/python3.10/site-packages/airflow/example_dags/example_task_group.py took 0.100 seconds
[2024-05-05T03:07:24.373+0530] {processor.py:161} INFO - Started process (PID=245903) to work on /home/wsl/airflow_venv/lib/python3.10/site-packages/airflow/example_dags/example_task_group.py
[2024-05-05T03:07:24.376+0530] {processor.py:830} INFO - Processing file /home/wsl/airflow_venv/lib/python3.10/site-packages/airflow/example_dags/example_task_group.py for tasks to queue
[2024-05-05T03:07:24.378+0530] {logging_mixin.py:188} INFO - [2024-05-05T03:07:24.377+0530] {dagbag.py:540} INFO - Filling up the DagBag from /home/wsl/airflow_venv/lib/python3.10/site-packages/airflow/example_dags/example_task_group.py
[2024-05-05T03:07:24.389+0530] {processor.py:840} INFO - DAG(s) 'example_task_group' retrieved from /home/wsl/airflow_venv/lib/python3.10/site-packages/airflow/example_dags/example_task_group.py
[2024-05-05T03:07:24.409+0530] {logging_mixin.py:188} INFO - [2024-05-05T03:07:24.409+0530] {dag.py:3096} INFO - Sync 1 DAGs
[2024-05-05T03:07:24.432+0530] {logging_mixin.py:188} INFO - [2024-05-05T03:07:24.432+0530] {dag.py:3954} INFO - Setting next_dagrun for example_task_group to 2024-05-03 00:00:00+00:00, run_after=2024-05-04 00:00:00+00:00
[2024-05-05T03:07:24.465+0530] {processor.py:183} INFO - Processing /home/wsl/airflow_venv/lib/python3.10/site-packages/airflow/example_dags/example_task_group.py took 0.102 seconds
[2024-05-05T03:08:19.409+0530] {processor.py:161} INFO - Started process (PID=246299) to work on /home/wsl/airflow_venv/lib/python3.10/site-packages/airflow/example_dags/example_task_group.py
[2024-05-05T03:08:19.411+0530] {processor.py:830} INFO - Processing file /home/wsl/airflow_venv/lib/python3.10/site-packages/airflow/example_dags/example_task_group.py for tasks to queue
[2024-05-05T03:08:19.412+0530] {logging_mixin.py:188} INFO - [2024-05-05T03:08:19.412+0530] {dagbag.py:540} INFO - Filling up the DagBag from /home/wsl/airflow_venv/lib/python3.10/site-packages/airflow/example_dags/example_task_group.py
[2024-05-05T03:08:19.425+0530] {processor.py:840} INFO - DAG(s) 'example_task_group' retrieved from /home/wsl/airflow_venv/lib/python3.10/site-packages/airflow/example_dags/example_task_group.py
[2024-05-05T03:08:19.444+0530] {logging_mixin.py:188} INFO - [2024-05-05T03:08:19.444+0530] {dag.py:3096} INFO - Sync 1 DAGs
[2024-05-05T03:08:19.467+0530] {logging_mixin.py:188} INFO - [2024-05-05T03:08:19.466+0530] {dag.py:3954} INFO - Setting next_dagrun for example_task_group to 2024-05-03 00:00:00+00:00, run_after=2024-05-04 00:00:00+00:00
[2024-05-05T03:08:19.497+0530] {processor.py:183} INFO - Processing /home/wsl/airflow_venv/lib/python3.10/site-packages/airflow/example_dags/example_task_group.py took 0.098 seconds
[2024-05-05T03:09:15.852+0530] {processor.py:161} INFO - Started process (PID=246620) to work on /home/wsl/airflow_venv/lib/python3.10/site-packages/airflow/example_dags/example_task_group.py
[2024-05-05T03:09:15.855+0530] {processor.py:830} INFO - Processing file /home/wsl/airflow_venv/lib/python3.10/site-packages/airflow/example_dags/example_task_group.py for tasks to queue
[2024-05-05T03:09:15.856+0530] {logging_mixin.py:188} INFO - [2024-05-05T03:09:15.856+0530] {dagbag.py:540} INFO - Filling up the DagBag from /home/wsl/airflow_venv/lib/python3.10/site-packages/airflow/example_dags/example_task_group.py
[2024-05-05T03:09:15.865+0530] {processor.py:840} INFO - DAG(s) 'example_task_group' retrieved from /home/wsl/airflow_venv/lib/python3.10/site-packages/airflow/example_dags/example_task_group.py
[2024-05-05T03:09:15.884+0530] {logging_mixin.py:188} INFO - [2024-05-05T03:09:15.884+0530] {dag.py:3096} INFO - Sync 1 DAGs
[2024-05-05T03:09:15.904+0530] {logging_mixin.py:188} INFO - [2024-05-05T03:09:15.903+0530] {dag.py:3954} INFO - Setting next_dagrun for example_task_group to 2024-05-03 00:00:00+00:00, run_after=2024-05-04 00:00:00+00:00
[2024-05-05T03:09:15.932+0530] {processor.py:183} INFO - Processing /home/wsl/airflow_venv/lib/python3.10/site-packages/airflow/example_dags/example_task_group.py took 0.088 seconds
[2024-05-05T03:10:14.188+0530] {processor.py:161} INFO - Started process (PID=247038) to work on /home/wsl/airflow_venv/lib/python3.10/site-packages/airflow/example_dags/example_task_group.py
[2024-05-05T03:10:14.191+0530] {processor.py:830} INFO - Processing file /home/wsl/airflow_venv/lib/python3.10/site-packages/airflow/example_dags/example_task_group.py for tasks to queue
[2024-05-05T03:10:14.193+0530] {logging_mixin.py:188} INFO - [2024-05-05T03:10:14.192+0530] {dagbag.py:540} INFO - Filling up the DagBag from /home/wsl/airflow_venv/lib/python3.10/site-packages/airflow/example_dags/example_task_group.py
[2024-05-05T03:10:14.207+0530] {processor.py:840} INFO - DAG(s) 'example_task_group' retrieved from /home/wsl/airflow_venv/lib/python3.10/site-packages/airflow/example_dags/example_task_group.py
[2024-05-05T03:10:14.227+0530] {logging_mixin.py:188} INFO - [2024-05-05T03:10:14.227+0530] {dag.py:3096} INFO - Sync 1 DAGs
[2024-05-05T03:10:14.251+0530] {logging_mixin.py:188} INFO - [2024-05-05T03:10:14.251+0530] {dag.py:3954} INFO - Setting next_dagrun for example_task_group to 2024-05-03 00:00:00+00:00, run_after=2024-05-04 00:00:00+00:00
[2024-05-05T03:10:14.283+0530] {processor.py:183} INFO - Processing /home/wsl/airflow_venv/lib/python3.10/site-packages/airflow/example_dags/example_task_group.py took 0.107 seconds
[2024-05-05T03:11:07.281+0530] {processor.py:161} INFO - Started process (PID=247364) to work on /home/wsl/airflow_venv/lib/python3.10/site-packages/airflow/example_dags/example_task_group.py
[2024-05-05T03:11:07.287+0530] {processor.py:830} INFO - Processing file /home/wsl/airflow_venv/lib/python3.10/site-packages/airflow/example_dags/example_task_group.py for tasks to queue
[2024-05-05T03:11:07.289+0530] {logging_mixin.py:188} INFO - [2024-05-05T03:11:07.288+0530] {dagbag.py:540} INFO - Filling up the DagBag from /home/wsl/airflow_venv/lib/python3.10/site-packages/airflow/example_dags/example_task_group.py
[2024-05-05T03:11:07.300+0530] {processor.py:840} INFO - DAG(s) 'example_task_group' retrieved from /home/wsl/airflow_venv/lib/python3.10/site-packages/airflow/example_dags/example_task_group.py
[2024-05-05T03:11:07.318+0530] {logging_mixin.py:188} INFO - [2024-05-05T03:11:07.318+0530] {dag.py:3096} INFO - Sync 1 DAGs
[2024-05-05T03:11:07.340+0530] {logging_mixin.py:188} INFO - [2024-05-05T03:11:07.340+0530] {dag.py:3954} INFO - Setting next_dagrun for example_task_group to 2024-05-03 00:00:00+00:00, run_after=2024-05-04 00:00:00+00:00
[2024-05-05T03:11:07.368+0530] {processor.py:183} INFO - Processing /home/wsl/airflow_venv/lib/python3.10/site-packages/airflow/example_dags/example_task_group.py took 0.102 seconds
[2024-05-05T03:12:04.144+0530] {processor.py:161} INFO - Started process (PID=247651) to work on /home/wsl/airflow_venv/lib/python3.10/site-packages/airflow/example_dags/example_task_group.py
[2024-05-05T03:12:04.147+0530] {processor.py:830} INFO - Processing file /home/wsl/airflow_venv/lib/python3.10/site-packages/airflow/example_dags/example_task_group.py for tasks to queue
[2024-05-05T03:12:04.149+0530] {logging_mixin.py:188} INFO - [2024-05-05T03:12:04.148+0530] {dagbag.py:540} INFO - Filling up the DagBag from /home/wsl/airflow_venv/lib/python3.10/site-packages/airflow/example_dags/example_task_group.py
[2024-05-05T03:12:04.163+0530] {processor.py:840} INFO - DAG(s) 'example_task_group' retrieved from /home/wsl/airflow_venv/lib/python3.10/site-packages/airflow/example_dags/example_task_group.py
[2024-05-05T03:12:04.184+0530] {logging_mixin.py:188} INFO - [2024-05-05T03:12:04.184+0530] {dag.py:3096} INFO - Sync 1 DAGs
[2024-05-05T03:12:04.206+0530] {logging_mixin.py:188} INFO - [2024-05-05T03:12:04.206+0530] {dag.py:3954} INFO - Setting next_dagrun for example_task_group to 2024-05-03 00:00:00+00:00, run_after=2024-05-04 00:00:00+00:00
[2024-05-05T03:12:04.236+0530] {processor.py:183} INFO - Processing /home/wsl/airflow_venv/lib/python3.10/site-packages/airflow/example_dags/example_task_group.py took 0.104 seconds
[2024-05-05T03:12:58.978+0530] {processor.py:161} INFO - Started process (PID=247995) to work on /home/wsl/airflow_venv/lib/python3.10/site-packages/airflow/example_dags/example_task_group.py
[2024-05-05T03:12:58.981+0530] {processor.py:830} INFO - Processing file /home/wsl/airflow_venv/lib/python3.10/site-packages/airflow/example_dags/example_task_group.py for tasks to queue
[2024-05-05T03:12:58.983+0530] {logging_mixin.py:188} INFO - [2024-05-05T03:12:58.982+0530] {dagbag.py:540} INFO - Filling up the DagBag from /home/wsl/airflow_venv/lib/python3.10/site-packages/airflow/example_dags/example_task_group.py
[2024-05-05T03:12:58.998+0530] {processor.py:840} INFO - DAG(s) 'example_task_group' retrieved from /home/wsl/airflow_venv/lib/python3.10/site-packages/airflow/example_dags/example_task_group.py
[2024-05-05T03:12:59.019+0530] {logging_mixin.py:188} INFO - [2024-05-05T03:12:59.019+0530] {dag.py:3096} INFO - Sync 1 DAGs
[2024-05-05T03:12:59.041+0530] {logging_mixin.py:188} INFO - [2024-05-05T03:12:59.041+0530] {dag.py:3954} INFO - Setting next_dagrun for example_task_group to 2024-05-03 00:00:00+00:00, run_after=2024-05-04 00:00:00+00:00
[2024-05-05T03:12:59.070+0530] {processor.py:183} INFO - Processing /home/wsl/airflow_venv/lib/python3.10/site-packages/airflow/example_dags/example_task_group.py took 0.103 seconds
[2024-05-05T03:13:56.558+0530] {processor.py:161} INFO - Started process (PID=248313) to work on /home/wsl/airflow_venv/lib/python3.10/site-packages/airflow/example_dags/example_task_group.py
[2024-05-05T03:13:56.560+0530] {processor.py:830} INFO - Processing file /home/wsl/airflow_venv/lib/python3.10/site-packages/airflow/example_dags/example_task_group.py for tasks to queue
[2024-05-05T03:13:56.561+0530] {logging_mixin.py:188} INFO - [2024-05-05T03:13:56.561+0530] {dagbag.py:540} INFO - Filling up the DagBag from /home/wsl/airflow_venv/lib/python3.10/site-packages/airflow/example_dags/example_task_group.py
[2024-05-05T03:13:56.570+0530] {processor.py:840} INFO - DAG(s) 'example_task_group' retrieved from /home/wsl/airflow_venv/lib/python3.10/site-packages/airflow/example_dags/example_task_group.py
[2024-05-05T03:13:56.590+0530] {logging_mixin.py:188} INFO - [2024-05-05T03:13:56.590+0530] {dag.py:3096} INFO - Sync 1 DAGs
[2024-05-05T03:13:56.617+0530] {logging_mixin.py:188} INFO - [2024-05-05T03:13:56.617+0530] {dag.py:3954} INFO - Setting next_dagrun for example_task_group to 2024-05-03 00:00:00+00:00, run_after=2024-05-04 00:00:00+00:00
[2024-05-05T03:13:56.658+0530] {processor.py:183} INFO - Processing /home/wsl/airflow_venv/lib/python3.10/site-packages/airflow/example_dags/example_task_group.py took 0.111 seconds
[2024-05-05T03:14:54.544+0530] {processor.py:161} INFO - Started process (PID=248658) to work on /home/wsl/airflow_venv/lib/python3.10/site-packages/airflow/example_dags/example_task_group.py
[2024-05-05T03:14:54.546+0530] {processor.py:830} INFO - Processing file /home/wsl/airflow_venv/lib/python3.10/site-packages/airflow/example_dags/example_task_group.py for tasks to queue
[2024-05-05T03:14:54.547+0530] {logging_mixin.py:188} INFO - [2024-05-05T03:14:54.546+0530] {dagbag.py:540} INFO - Filling up the DagBag from /home/wsl/airflow_venv/lib/python3.10/site-packages/airflow/example_dags/example_task_group.py
[2024-05-05T03:14:54.555+0530] {processor.py:840} INFO - DAG(s) 'example_task_group' retrieved from /home/wsl/airflow_venv/lib/python3.10/site-packages/airflow/example_dags/example_task_group.py
[2024-05-05T03:14:54.574+0530] {logging_mixin.py:188} INFO - [2024-05-05T03:14:54.574+0530] {dag.py:3096} INFO - Sync 1 DAGs
[2024-05-05T03:14:54.595+0530] {logging_mixin.py:188} INFO - [2024-05-05T03:14:54.595+0530] {dag.py:3954} INFO - Setting next_dagrun for example_task_group to 2024-05-03 00:00:00+00:00, run_after=2024-05-04 00:00:00+00:00
[2024-05-05T03:14:54.623+0530] {processor.py:183} INFO - Processing /home/wsl/airflow_venv/lib/python3.10/site-packages/airflow/example_dags/example_task_group.py took 0.089 seconds
[2024-05-05T03:15:55.828+0530] {processor.py:161} INFO - Started process (PID=249006) to work on /home/wsl/airflow_venv/lib/python3.10/site-packages/airflow/example_dags/example_task_group.py
[2024-05-05T03:15:55.831+0530] {processor.py:830} INFO - Processing file /home/wsl/airflow_venv/lib/python3.10/site-packages/airflow/example_dags/example_task_group.py for tasks to queue
[2024-05-05T03:15:55.832+0530] {logging_mixin.py:188} INFO - [2024-05-05T03:15:55.832+0530] {dagbag.py:540} INFO - Filling up the DagBag from /home/wsl/airflow_venv/lib/python3.10/site-packages/airflow/example_dags/example_task_group.py
[2024-05-05T03:15:55.844+0530] {processor.py:840} INFO - DAG(s) 'example_task_group' retrieved from /home/wsl/airflow_venv/lib/python3.10/site-packages/airflow/example_dags/example_task_group.py
[2024-05-05T03:15:55.865+0530] {logging_mixin.py:188} INFO - [2024-05-05T03:15:55.865+0530] {dag.py:3096} INFO - Sync 1 DAGs
[2024-05-05T03:15:55.885+0530] {logging_mixin.py:188} INFO - [2024-05-05T03:15:55.885+0530] {dag.py:3954} INFO - Setting next_dagrun for example_task_group to 2024-05-03 00:00:00+00:00, run_after=2024-05-04 00:00:00+00:00
[2024-05-05T03:15:55.915+0530] {processor.py:183} INFO - Processing /home/wsl/airflow_venv/lib/python3.10/site-packages/airflow/example_dags/example_task_group.py took 0.099 seconds
[2024-05-05T03:17:05.336+0530] {processor.py:161} INFO - Started process (PID=249373) to work on /home/wsl/airflow_venv/lib/python3.10/site-packages/airflow/example_dags/example_task_group.py
[2024-05-05T03:17:05.374+0530] {processor.py:830} INFO - Processing file /home/wsl/airflow_venv/lib/python3.10/site-packages/airflow/example_dags/example_task_group.py for tasks to queue
[2024-05-05T03:17:05.376+0530] {logging_mixin.py:188} INFO - [2024-05-05T03:17:05.375+0530] {dagbag.py:540} INFO - Filling up the DagBag from /home/wsl/airflow_venv/lib/python3.10/site-packages/airflow/example_dags/example_task_group.py
[2024-05-05T03:17:05.386+0530] {processor.py:840} INFO - DAG(s) 'example_task_group' retrieved from /home/wsl/airflow_venv/lib/python3.10/site-packages/airflow/example_dags/example_task_group.py
[2024-05-05T03:17:05.407+0530] {logging_mixin.py:188} INFO - [2024-05-05T03:17:05.407+0530] {dag.py:3096} INFO - Sync 1 DAGs
[2024-05-05T03:17:05.432+0530] {logging_mixin.py:188} INFO - [2024-05-05T03:17:05.431+0530] {dag.py:3954} INFO - Setting next_dagrun for example_task_group to 2024-05-03 00:00:00+00:00, run_after=2024-05-04 00:00:00+00:00
[2024-05-05T03:17:05.604+0530] {processor.py:183} INFO - Processing /home/wsl/airflow_venv/lib/python3.10/site-packages/airflow/example_dags/example_task_group.py took 0.279 seconds
[2024-05-05T03:18:31.881+0530] {processor.py:161} INFO - Started process (PID=249808) to work on /home/wsl/airflow_venv/lib/python3.10/site-packages/airflow/example_dags/example_task_group.py
[2024-05-05T03:18:31.884+0530] {processor.py:830} INFO - Processing file /home/wsl/airflow_venv/lib/python3.10/site-packages/airflow/example_dags/example_task_group.py for tasks to queue
[2024-05-05T03:18:31.885+0530] {logging_mixin.py:188} INFO - [2024-05-05T03:18:31.884+0530] {dagbag.py:540} INFO - Filling up the DagBag from /home/wsl/airflow_venv/lib/python3.10/site-packages/airflow/example_dags/example_task_group.py
[2024-05-05T03:18:31.900+0530] {processor.py:840} INFO - DAG(s) 'example_task_group' retrieved from /home/wsl/airflow_venv/lib/python3.10/site-packages/airflow/example_dags/example_task_group.py
[2024-05-05T03:18:31.937+0530] {logging_mixin.py:188} INFO - [2024-05-05T03:18:31.936+0530] {dag.py:3096} INFO - Sync 1 DAGs
[2024-05-05T03:18:31.979+0530] {logging_mixin.py:188} INFO - [2024-05-05T03:18:31.979+0530] {dag.py:3954} INFO - Setting next_dagrun for example_task_group to 2024-05-03 00:00:00+00:00, run_after=2024-05-04 00:00:00+00:00
[2024-05-05T03:18:32.016+0530] {processor.py:183} INFO - Processing /home/wsl/airflow_venv/lib/python3.10/site-packages/airflow/example_dags/example_task_group.py took 0.143 seconds
[2024-05-05T03:19:34.329+0530] {processor.py:161} INFO - Started process (PID=250190) to work on /home/wsl/airflow_venv/lib/python3.10/site-packages/airflow/example_dags/example_task_group.py
[2024-05-05T03:19:34.332+0530] {processor.py:830} INFO - Processing file /home/wsl/airflow_venv/lib/python3.10/site-packages/airflow/example_dags/example_task_group.py for tasks to queue
[2024-05-05T03:19:34.333+0530] {logging_mixin.py:188} INFO - [2024-05-05T03:19:34.333+0530] {dagbag.py:540} INFO - Filling up the DagBag from /home/wsl/airflow_venv/lib/python3.10/site-packages/airflow/example_dags/example_task_group.py
[2024-05-05T03:19:34.344+0530] {processor.py:840} INFO - DAG(s) 'example_task_group' retrieved from /home/wsl/airflow_venv/lib/python3.10/site-packages/airflow/example_dags/example_task_group.py
[2024-05-05T03:19:34.364+0530] {logging_mixin.py:188} INFO - [2024-05-05T03:19:34.364+0530] {dag.py:3096} INFO - Sync 1 DAGs
[2024-05-05T03:19:34.393+0530] {logging_mixin.py:188} INFO - [2024-05-05T03:19:34.393+0530] {dag.py:3954} INFO - Setting next_dagrun for example_task_group to 2024-05-03 00:00:00+00:00, run_after=2024-05-04 00:00:00+00:00
[2024-05-05T03:19:34.423+0530] {processor.py:183} INFO - Processing /home/wsl/airflow_venv/lib/python3.10/site-packages/airflow/example_dags/example_task_group.py took 0.109 seconds
[2024-05-05T03:20:52.673+0530] {processor.py:161} INFO - Started process (PID=250598) to work on /home/wsl/airflow_venv/lib/python3.10/site-packages/airflow/example_dags/example_task_group.py
[2024-05-05T03:20:52.676+0530] {processor.py:830} INFO - Processing file /home/wsl/airflow_venv/lib/python3.10/site-packages/airflow/example_dags/example_task_group.py for tasks to queue
[2024-05-05T03:20:52.677+0530] {logging_mixin.py:188} INFO - [2024-05-05T03:20:52.676+0530] {dagbag.py:540} INFO - Filling up the DagBag from /home/wsl/airflow_venv/lib/python3.10/site-packages/airflow/example_dags/example_task_group.py
[2024-05-05T03:20:52.689+0530] {processor.py:840} INFO - DAG(s) 'example_task_group' retrieved from /home/wsl/airflow_venv/lib/python3.10/site-packages/airflow/example_dags/example_task_group.py
[2024-05-05T03:20:52.710+0530] {logging_mixin.py:188} INFO - [2024-05-05T03:20:52.710+0530] {dag.py:3096} INFO - Sync 1 DAGs
[2024-05-05T03:20:52.736+0530] {logging_mixin.py:188} INFO - [2024-05-05T03:20:52.736+0530] {dag.py:3954} INFO - Setting next_dagrun for example_task_group to 2024-05-03 00:00:00+00:00, run_after=2024-05-04 00:00:00+00:00
[2024-05-05T03:20:52.770+0530] {processor.py:183} INFO - Processing /home/wsl/airflow_venv/lib/python3.10/site-packages/airflow/example_dags/example_task_group.py took 0.114 seconds
[2024-05-05T03:21:59.511+0530] {processor.py:161} INFO - Started process (PID=251004) to work on /home/wsl/airflow_venv/lib/python3.10/site-packages/airflow/example_dags/example_task_group.py
[2024-05-05T03:21:59.513+0530] {processor.py:830} INFO - Processing file /home/wsl/airflow_venv/lib/python3.10/site-packages/airflow/example_dags/example_task_group.py for tasks to queue
[2024-05-05T03:21:59.515+0530] {logging_mixin.py:188} INFO - [2024-05-05T03:21:59.514+0530] {dagbag.py:540} INFO - Filling up the DagBag from /home/wsl/airflow_venv/lib/python3.10/site-packages/airflow/example_dags/example_task_group.py
[2024-05-05T03:21:59.524+0530] {processor.py:840} INFO - DAG(s) 'example_task_group' retrieved from /home/wsl/airflow_venv/lib/python3.10/site-packages/airflow/example_dags/example_task_group.py
[2024-05-05T03:21:59.542+0530] {logging_mixin.py:188} INFO - [2024-05-05T03:21:59.542+0530] {dag.py:3096} INFO - Sync 1 DAGs
[2024-05-05T03:21:59.567+0530] {logging_mixin.py:188} INFO - [2024-05-05T03:21:59.567+0530] {dag.py:3954} INFO - Setting next_dagrun for example_task_group to 2024-05-03 00:00:00+00:00, run_after=2024-05-04 00:00:00+00:00
[2024-05-05T03:21:59.597+0530] {processor.py:183} INFO - Processing /home/wsl/airflow_venv/lib/python3.10/site-packages/airflow/example_dags/example_task_group.py took 0.095 seconds
[2024-05-05T03:23:09.503+0530] {processor.py:161} INFO - Started process (PID=251364) to work on /home/wsl/airflow_venv/lib/python3.10/site-packages/airflow/example_dags/example_task_group.py
[2024-05-05T03:23:09.507+0530] {processor.py:830} INFO - Processing file /home/wsl/airflow_venv/lib/python3.10/site-packages/airflow/example_dags/example_task_group.py for tasks to queue
[2024-05-05T03:23:09.508+0530] {logging_mixin.py:188} INFO - [2024-05-05T03:23:09.508+0530] {dagbag.py:540} INFO - Filling up the DagBag from /home/wsl/airflow_venv/lib/python3.10/site-packages/airflow/example_dags/example_task_group.py
[2024-05-05T03:23:09.521+0530] {processor.py:840} INFO - DAG(s) 'example_task_group' retrieved from /home/wsl/airflow_venv/lib/python3.10/site-packages/airflow/example_dags/example_task_group.py
[2024-05-05T03:23:09.550+0530] {logging_mixin.py:188} INFO - [2024-05-05T03:23:09.550+0530] {dag.py:3096} INFO - Sync 1 DAGs
[2024-05-05T03:23:09.583+0530] {logging_mixin.py:188} INFO - [2024-05-05T03:23:09.582+0530] {dag.py:3954} INFO - Setting next_dagrun for example_task_group to 2024-05-03 00:00:00+00:00, run_after=2024-05-04 00:00:00+00:00
[2024-05-05T03:23:09.647+0530] {processor.py:183} INFO - Processing /home/wsl/airflow_venv/lib/python3.10/site-packages/airflow/example_dags/example_task_group.py took 0.152 seconds
[2024-05-05T03:24:05.502+0530] {processor.py:161} INFO - Started process (PID=251729) to work on /home/wsl/airflow_venv/lib/python3.10/site-packages/airflow/example_dags/example_task_group.py
[2024-05-05T03:24:05.504+0530] {processor.py:830} INFO - Processing file /home/wsl/airflow_venv/lib/python3.10/site-packages/airflow/example_dags/example_task_group.py for tasks to queue
[2024-05-05T03:24:05.506+0530] {logging_mixin.py:188} INFO - [2024-05-05T03:24:05.505+0530] {dagbag.py:540} INFO - Filling up the DagBag from /home/wsl/airflow_venv/lib/python3.10/site-packages/airflow/example_dags/example_task_group.py
[2024-05-05T03:24:05.514+0530] {processor.py:840} INFO - DAG(s) 'example_task_group' retrieved from /home/wsl/airflow_venv/lib/python3.10/site-packages/airflow/example_dags/example_task_group.py
[2024-05-05T03:24:05.534+0530] {logging_mixin.py:188} INFO - [2024-05-05T03:24:05.534+0530] {dag.py:3096} INFO - Sync 1 DAGs
[2024-05-05T03:24:05.555+0530] {logging_mixin.py:188} INFO - [2024-05-05T03:24:05.554+0530] {dag.py:3954} INFO - Setting next_dagrun for example_task_group to 2024-05-03 00:00:00+00:00, run_after=2024-05-04 00:00:00+00:00
[2024-05-05T03:24:05.597+0530] {processor.py:183} INFO - Processing /home/wsl/airflow_venv/lib/python3.10/site-packages/airflow/example_dags/example_task_group.py took 0.104 seconds
[2024-05-05T03:24:58.548+0530] {processor.py:161} INFO - Started process (PID=252070) to work on /home/wsl/airflow_venv/lib/python3.10/site-packages/airflow/example_dags/example_task_group.py
[2024-05-05T03:24:58.549+0530] {processor.py:830} INFO - Processing file /home/wsl/airflow_venv/lib/python3.10/site-packages/airflow/example_dags/example_task_group.py for tasks to queue
[2024-05-05T03:24:58.550+0530] {logging_mixin.py:188} INFO - [2024-05-05T03:24:58.550+0530] {dagbag.py:540} INFO - Filling up the DagBag from /home/wsl/airflow_venv/lib/python3.10/site-packages/airflow/example_dags/example_task_group.py
[2024-05-05T03:24:58.559+0530] {processor.py:840} INFO - DAG(s) 'example_task_group' retrieved from /home/wsl/airflow_venv/lib/python3.10/site-packages/airflow/example_dags/example_task_group.py
[2024-05-05T03:24:58.578+0530] {logging_mixin.py:188} INFO - [2024-05-05T03:24:58.578+0530] {dag.py:3096} INFO - Sync 1 DAGs
[2024-05-05T03:24:58.598+0530] {logging_mixin.py:188} INFO - [2024-05-05T03:24:58.598+0530] {dag.py:3954} INFO - Setting next_dagrun for example_task_group to 2024-05-03 00:00:00+00:00, run_after=2024-05-04 00:00:00+00:00
[2024-05-05T03:24:58.626+0530] {processor.py:183} INFO - Processing /home/wsl/airflow_venv/lib/python3.10/site-packages/airflow/example_dags/example_task_group.py took 0.090 seconds
[2024-05-05T03:25:52.908+0530] {processor.py:161} INFO - Started process (PID=252317) to work on /home/wsl/airflow_venv/lib/python3.10/site-packages/airflow/example_dags/example_task_group.py
[2024-05-05T03:25:52.910+0530] {processor.py:830} INFO - Processing file /home/wsl/airflow_venv/lib/python3.10/site-packages/airflow/example_dags/example_task_group.py for tasks to queue
[2024-05-05T03:25:52.911+0530] {logging_mixin.py:188} INFO - [2024-05-05T03:25:52.911+0530] {dagbag.py:540} INFO - Filling up the DagBag from /home/wsl/airflow_venv/lib/python3.10/site-packages/airflow/example_dags/example_task_group.py
[2024-05-05T03:25:52.920+0530] {processor.py:840} INFO - DAG(s) 'example_task_group' retrieved from /home/wsl/airflow_venv/lib/python3.10/site-packages/airflow/example_dags/example_task_group.py
[2024-05-05T03:25:52.939+0530] {logging_mixin.py:188} INFO - [2024-05-05T03:25:52.939+0530] {dag.py:3096} INFO - Sync 1 DAGs
[2024-05-05T03:25:52.959+0530] {logging_mixin.py:188} INFO - [2024-05-05T03:25:52.959+0530] {dag.py:3954} INFO - Setting next_dagrun for example_task_group to 2024-05-03 00:00:00+00:00, run_after=2024-05-04 00:00:00+00:00
[2024-05-05T03:25:52.992+0530] {processor.py:183} INFO - Processing /home/wsl/airflow_venv/lib/python3.10/site-packages/airflow/example_dags/example_task_group.py took 0.095 seconds
[2024-05-05T03:27:09.553+0530] {processor.py:161} INFO - Started process (PID=252871) to work on /home/wsl/airflow_venv/lib/python3.10/site-packages/airflow/example_dags/example_task_group.py
[2024-05-05T03:27:09.556+0530] {processor.py:830} INFO - Processing file /home/wsl/airflow_venv/lib/python3.10/site-packages/airflow/example_dags/example_task_group.py for tasks to queue
[2024-05-05T03:27:09.558+0530] {logging_mixin.py:188} INFO - [2024-05-05T03:27:09.557+0530] {dagbag.py:540} INFO - Filling up the DagBag from /home/wsl/airflow_venv/lib/python3.10/site-packages/airflow/example_dags/example_task_group.py
[2024-05-05T03:27:09.572+0530] {processor.py:840} INFO - DAG(s) 'example_task_group' retrieved from /home/wsl/airflow_venv/lib/python3.10/site-packages/airflow/example_dags/example_task_group.py
[2024-05-05T03:27:09.590+0530] {logging_mixin.py:188} INFO - [2024-05-05T03:27:09.590+0530] {dag.py:3096} INFO - Sync 1 DAGs
[2024-05-05T03:27:09.617+0530] {logging_mixin.py:188} INFO - [2024-05-05T03:27:09.617+0530] {dag.py:3954} INFO - Setting next_dagrun for example_task_group to 2024-05-03 00:00:00+00:00, run_after=2024-05-04 00:00:00+00:00
[2024-05-05T03:27:09.646+0530] {processor.py:183} INFO - Processing /home/wsl/airflow_venv/lib/python3.10/site-packages/airflow/example_dags/example_task_group.py took 0.105 seconds
