[2024-05-05T01:29:41.097+0530] {processor.py:161} INFO - Started process (PID=237320) to work on /home/wsl/airflow_venv/lib/python3.10/site-packages/airflow/example_dags/example_sensors.py
[2024-05-05T01:29:41.098+0530] {processor.py:830} INFO - Processing file /home/wsl/airflow_venv/lib/python3.10/site-packages/airflow/example_dags/example_sensors.py for tasks to queue
[2024-05-05T01:29:41.111+0530] {logging_mixin.py:188} INFO - [2024-05-05T01:29:41.110+0530] {dagbag.py:540} INFO - Filling up the DagBag from /home/wsl/airflow_venv/lib/python3.10/site-packages/airflow/example_dags/example_sensors.py
[2024-05-05T01:29:41.151+0530] {processor.py:840} INFO - DAG(s) 'example_sensors' retrieved from /home/wsl/airflow_venv/lib/python3.10/site-packages/airflow/example_dags/example_sensors.py
[2024-05-05T01:29:42.547+0530] {logging_mixin.py:188} INFO - [2024-05-05T01:29:42.547+0530] {dag.py:3096} INFO - Sync 1 DAGs
[2024-05-05T01:29:42.688+0530] {logging_mixin.py:188} INFO - [2024-05-05T01:29:42.687+0530] {dag.py:3954} INFO - Setting next_dagrun for example_sensors to None, run_after=None
[2024-05-05T01:29:42.918+0530] {processor.py:183} INFO - Processing /home/wsl/airflow_venv/lib/python3.10/site-packages/airflow/example_dags/example_sensors.py took 1.843 seconds
[2024-05-05T01:31:02.931+0530] {processor.py:161} INFO - Started process (PID=237853) to work on /home/wsl/airflow_venv/lib/python3.10/site-packages/airflow/example_dags/example_sensors.py
[2024-05-05T01:31:02.932+0530] {processor.py:830} INFO - Processing file /home/wsl/airflow_venv/lib/python3.10/site-packages/airflow/example_dags/example_sensors.py for tasks to queue
[2024-05-05T01:31:02.935+0530] {logging_mixin.py:188} INFO - [2024-05-05T01:31:02.934+0530] {dagbag.py:540} INFO - Filling up the DagBag from /home/wsl/airflow_venv/lib/python3.10/site-packages/airflow/example_dags/example_sensors.py
[2024-05-05T01:31:02.945+0530] {processor.py:840} INFO - DAG(s) 'example_sensors' retrieved from /home/wsl/airflow_venv/lib/python3.10/site-packages/airflow/example_dags/example_sensors.py
[2024-05-05T01:31:02.968+0530] {logging_mixin.py:188} INFO - [2024-05-05T01:31:02.968+0530] {dag.py:3096} INFO - Sync 1 DAGs
[2024-05-05T01:31:02.980+0530] {logging_mixin.py:188} INFO - [2024-05-05T01:31:02.980+0530] {dag.py:3954} INFO - Setting next_dagrun for example_sensors to None, run_after=None
[2024-05-05T01:31:03.011+0530] {processor.py:183} INFO - Processing /home/wsl/airflow_venv/lib/python3.10/site-packages/airflow/example_dags/example_sensors.py took 0.087 seconds
[2024-05-05T01:32:07.146+0530] {processor.py:161} INFO - Started process (PID=238245) to work on /home/wsl/airflow_venv/lib/python3.10/site-packages/airflow/example_dags/example_sensors.py
[2024-05-05T01:32:07.152+0530] {processor.py:830} INFO - Processing file /home/wsl/airflow_venv/lib/python3.10/site-packages/airflow/example_dags/example_sensors.py for tasks to queue
[2024-05-05T01:32:07.154+0530] {logging_mixin.py:188} INFO - [2024-05-05T01:32:07.154+0530] {dagbag.py:540} INFO - Filling up the DagBag from /home/wsl/airflow_venv/lib/python3.10/site-packages/airflow/example_dags/example_sensors.py
[2024-05-05T01:32:07.165+0530] {processor.py:840} INFO - DAG(s) 'example_sensors' retrieved from /home/wsl/airflow_venv/lib/python3.10/site-packages/airflow/example_dags/example_sensors.py
[2024-05-05T01:32:07.187+0530] {logging_mixin.py:188} INFO - [2024-05-05T01:32:07.187+0530] {dag.py:3096} INFO - Sync 1 DAGs
[2024-05-05T01:32:07.199+0530] {logging_mixin.py:188} INFO - [2024-05-05T01:32:07.199+0530] {dag.py:3954} INFO - Setting next_dagrun for example_sensors to None, run_after=None
[2024-05-05T01:32:07.230+0530] {processor.py:183} INFO - Processing /home/wsl/airflow_venv/lib/python3.10/site-packages/airflow/example_dags/example_sensors.py took 0.093 seconds
[2024-05-05T01:33:05.108+0530] {processor.py:161} INFO - Started process (PID=238600) to work on /home/wsl/airflow_venv/lib/python3.10/site-packages/airflow/example_dags/example_sensors.py
[2024-05-05T01:33:05.111+0530] {processor.py:830} INFO - Processing file /home/wsl/airflow_venv/lib/python3.10/site-packages/airflow/example_dags/example_sensors.py for tasks to queue
[2024-05-05T01:33:05.113+0530] {logging_mixin.py:188} INFO - [2024-05-05T01:33:05.112+0530] {dagbag.py:540} INFO - Filling up the DagBag from /home/wsl/airflow_venv/lib/python3.10/site-packages/airflow/example_dags/example_sensors.py
[2024-05-05T01:33:05.125+0530] {processor.py:840} INFO - DAG(s) 'example_sensors' retrieved from /home/wsl/airflow_venv/lib/python3.10/site-packages/airflow/example_dags/example_sensors.py
[2024-05-05T01:33:05.147+0530] {logging_mixin.py:188} INFO - [2024-05-05T01:33:05.147+0530] {dag.py:3096} INFO - Sync 1 DAGs
[2024-05-05T01:33:05.160+0530] {logging_mixin.py:188} INFO - [2024-05-05T01:33:05.160+0530] {dag.py:3954} INFO - Setting next_dagrun for example_sensors to None, run_after=None
[2024-05-05T01:33:05.196+0530] {processor.py:183} INFO - Processing /home/wsl/airflow_venv/lib/python3.10/site-packages/airflow/example_dags/example_sensors.py took 0.095 seconds
[2024-05-05T02:49:27.774+0530] {processor.py:161} INFO - Started process (PID=239329) to work on /home/wsl/airflow_venv/lib/python3.10/site-packages/airflow/example_dags/example_sensors.py
[2024-05-05T02:49:27.966+0530] {processor.py:830} INFO - Processing file /home/wsl/airflow_venv/lib/python3.10/site-packages/airflow/example_dags/example_sensors.py for tasks to queue
[2024-05-05T02:49:27.968+0530] {logging_mixin.py:188} INFO - [2024-05-05T02:49:27.967+0530] {dagbag.py:540} INFO - Filling up the DagBag from /home/wsl/airflow_venv/lib/python3.10/site-packages/airflow/example_dags/example_sensors.py
[2024-05-05T02:49:28.216+0530] {processor.py:840} INFO - DAG(s) 'example_sensors' retrieved from /home/wsl/airflow_venv/lib/python3.10/site-packages/airflow/example_dags/example_sensors.py
[2024-05-05T02:49:28.255+0530] {logging_mixin.py:188} INFO - [2024-05-05T02:49:28.255+0530] {dag.py:3096} INFO - Sync 1 DAGs
[2024-05-05T02:49:28.274+0530] {logging_mixin.py:188} INFO - [2024-05-05T02:49:28.274+0530] {dag.py:3954} INFO - Setting next_dagrun for example_sensors to None, run_after=None
[2024-05-05T02:49:29.895+0530] {processor.py:183} INFO - Processing /home/wsl/airflow_venv/lib/python3.10/site-packages/airflow/example_dags/example_sensors.py took 2.130 seconds
[2024-05-05T02:51:10.166+0530] {processor.py:161} INFO - Started process (PID=239785) to work on /home/wsl/airflow_venv/lib/python3.10/site-packages/airflow/example_dags/example_sensors.py
[2024-05-05T02:51:10.169+0530] {processor.py:830} INFO - Processing file /home/wsl/airflow_venv/lib/python3.10/site-packages/airflow/example_dags/example_sensors.py for tasks to queue
[2024-05-05T02:51:10.171+0530] {logging_mixin.py:188} INFO - [2024-05-05T02:51:10.170+0530] {dagbag.py:540} INFO - Filling up the DagBag from /home/wsl/airflow_venv/lib/python3.10/site-packages/airflow/example_dags/example_sensors.py
[2024-05-05T02:51:10.187+0530] {processor.py:840} INFO - DAG(s) 'example_sensors' retrieved from /home/wsl/airflow_venv/lib/python3.10/site-packages/airflow/example_dags/example_sensors.py
[2024-05-05T02:51:10.233+0530] {logging_mixin.py:188} INFO - [2024-05-05T02:51:10.232+0530] {dag.py:3096} INFO - Sync 1 DAGs
[2024-05-05T02:51:10.256+0530] {logging_mixin.py:188} INFO - [2024-05-05T02:51:10.256+0530] {dag.py:3954} INFO - Setting next_dagrun for example_sensors to None, run_after=None
[2024-05-05T02:51:10.300+0530] {processor.py:183} INFO - Processing /home/wsl/airflow_venv/lib/python3.10/site-packages/airflow/example_dags/example_sensors.py took 0.146 seconds
[2024-05-05T02:52:29.586+0530] {processor.py:161} INFO - Started process (PID=240302) to work on /home/wsl/airflow_venv/lib/python3.10/site-packages/airflow/example_dags/example_sensors.py
[2024-05-05T02:52:29.591+0530] {processor.py:830} INFO - Processing file /home/wsl/airflow_venv/lib/python3.10/site-packages/airflow/example_dags/example_sensors.py for tasks to queue
[2024-05-05T02:52:29.593+0530] {logging_mixin.py:188} INFO - [2024-05-05T02:52:29.592+0530] {dagbag.py:540} INFO - Filling up the DagBag from /home/wsl/airflow_venv/lib/python3.10/site-packages/airflow/example_dags/example_sensors.py
[2024-05-05T02:52:29.652+0530] {processor.py:840} INFO - DAG(s) 'example_sensors' retrieved from /home/wsl/airflow_venv/lib/python3.10/site-packages/airflow/example_dags/example_sensors.py
[2024-05-05T02:52:29.767+0530] {logging_mixin.py:188} INFO - [2024-05-05T02:52:29.757+0530] {dag.py:3096} INFO - Sync 1 DAGs
[2024-05-05T02:52:29.831+0530] {logging_mixin.py:188} INFO - [2024-05-05T02:52:29.830+0530] {dag.py:3954} INFO - Setting next_dagrun for example_sensors to None, run_after=None
[2024-05-05T02:52:29.986+0530] {processor.py:183} INFO - Processing /home/wsl/airflow_venv/lib/python3.10/site-packages/airflow/example_dags/example_sensors.py took 0.431 seconds
[2024-05-05T02:53:34.528+0530] {processor.py:161} INFO - Started process (PID=240606) to work on /home/wsl/airflow_venv/lib/python3.10/site-packages/airflow/example_dags/example_sensors.py
[2024-05-05T02:53:34.530+0530] {processor.py:830} INFO - Processing file /home/wsl/airflow_venv/lib/python3.10/site-packages/airflow/example_dags/example_sensors.py for tasks to queue
[2024-05-05T02:53:34.531+0530] {logging_mixin.py:188} INFO - [2024-05-05T02:53:34.530+0530] {dagbag.py:540} INFO - Filling up the DagBag from /home/wsl/airflow_venv/lib/python3.10/site-packages/airflow/example_dags/example_sensors.py
[2024-05-05T02:53:34.543+0530] {processor.py:840} INFO - DAG(s) 'example_sensors' retrieved from /home/wsl/airflow_venv/lib/python3.10/site-packages/airflow/example_dags/example_sensors.py
[2024-05-05T02:53:34.567+0530] {logging_mixin.py:188} INFO - [2024-05-05T02:53:34.567+0530] {dag.py:3096} INFO - Sync 1 DAGs
[2024-05-05T02:53:34.585+0530] {logging_mixin.py:188} INFO - [2024-05-05T02:53:34.584+0530] {dag.py:3954} INFO - Setting next_dagrun for example_sensors to None, run_after=None
[2024-05-05T02:53:34.630+0530] {processor.py:183} INFO - Processing /home/wsl/airflow_venv/lib/python3.10/site-packages/airflow/example_dags/example_sensors.py took 0.110 seconds
[2024-05-05T02:55:03.522+0530] {processor.py:161} INFO - Started process (PID=241222) to work on /home/wsl/airflow_venv/lib/python3.10/site-packages/airflow/example_dags/example_sensors.py
[2024-05-05T02:55:03.524+0530] {processor.py:830} INFO - Processing file /home/wsl/airflow_venv/lib/python3.10/site-packages/airflow/example_dags/example_sensors.py for tasks to queue
[2024-05-05T02:55:03.525+0530] {logging_mixin.py:188} INFO - [2024-05-05T02:55:03.525+0530] {dagbag.py:540} INFO - Filling up the DagBag from /home/wsl/airflow_venv/lib/python3.10/site-packages/airflow/example_dags/example_sensors.py
[2024-05-05T02:55:03.536+0530] {processor.py:840} INFO - DAG(s) 'example_sensors' retrieved from /home/wsl/airflow_venv/lib/python3.10/site-packages/airflow/example_dags/example_sensors.py
[2024-05-05T02:55:03.559+0530] {logging_mixin.py:188} INFO - [2024-05-05T02:55:03.559+0530] {dag.py:3096} INFO - Sync 1 DAGs
[2024-05-05T02:55:03.572+0530] {logging_mixin.py:188} INFO - [2024-05-05T02:55:03.571+0530] {dag.py:3954} INFO - Setting next_dagrun for example_sensors to None, run_after=None
[2024-05-05T02:55:03.597+0530] {processor.py:183} INFO - Processing /home/wsl/airflow_venv/lib/python3.10/site-packages/airflow/example_dags/example_sensors.py took 0.090 seconds
[2024-05-05T02:55:59.905+0530] {processor.py:161} INFO - Started process (PID=241602) to work on /home/wsl/airflow_venv/lib/python3.10/site-packages/airflow/example_dags/example_sensors.py
[2024-05-05T02:55:59.908+0530] {processor.py:830} INFO - Processing file /home/wsl/airflow_venv/lib/python3.10/site-packages/airflow/example_dags/example_sensors.py for tasks to queue
[2024-05-05T02:55:59.910+0530] {logging_mixin.py:188} INFO - [2024-05-05T02:55:59.909+0530] {dagbag.py:540} INFO - Filling up the DagBag from /home/wsl/airflow_venv/lib/python3.10/site-packages/airflow/example_dags/example_sensors.py
[2024-05-05T02:55:59.939+0530] {processor.py:840} INFO - DAG(s) 'example_sensors' retrieved from /home/wsl/airflow_venv/lib/python3.10/site-packages/airflow/example_dags/example_sensors.py
[2024-05-05T02:55:59.966+0530] {logging_mixin.py:188} INFO - [2024-05-05T02:55:59.965+0530] {dag.py:3096} INFO - Sync 1 DAGs
[2024-05-05T02:55:59.987+0530] {logging_mixin.py:188} INFO - [2024-05-05T02:55:59.986+0530] {dag.py:3954} INFO - Setting next_dagrun for example_sensors to None, run_after=None
[2024-05-05T02:56:00.027+0530] {processor.py:183} INFO - Processing /home/wsl/airflow_venv/lib/python3.10/site-packages/airflow/example_dags/example_sensors.py took 0.130 seconds
[2024-05-05T02:57:22.370+0530] {processor.py:161} INFO - Started process (PID=241998) to work on /home/wsl/airflow_venv/lib/python3.10/site-packages/airflow/example_dags/example_sensors.py
[2024-05-05T02:57:22.372+0530] {processor.py:830} INFO - Processing file /home/wsl/airflow_venv/lib/python3.10/site-packages/airflow/example_dags/example_sensors.py for tasks to queue
[2024-05-05T02:57:22.374+0530] {logging_mixin.py:188} INFO - [2024-05-05T02:57:22.373+0530] {dagbag.py:540} INFO - Filling up the DagBag from /home/wsl/airflow_venv/lib/python3.10/site-packages/airflow/example_dags/example_sensors.py
[2024-05-05T02:57:22.384+0530] {processor.py:840} INFO - DAG(s) 'example_sensors' retrieved from /home/wsl/airflow_venv/lib/python3.10/site-packages/airflow/example_dags/example_sensors.py
[2024-05-05T02:57:22.414+0530] {logging_mixin.py:188} INFO - [2024-05-05T02:57:22.414+0530] {dag.py:3096} INFO - Sync 1 DAGs
[2024-05-05T02:57:22.428+0530] {logging_mixin.py:188} INFO - [2024-05-05T02:57:22.428+0530] {dag.py:3954} INFO - Setting next_dagrun for example_sensors to None, run_after=None
[2024-05-05T02:57:22.645+0530] {processor.py:183} INFO - Processing /home/wsl/airflow_venv/lib/python3.10/site-packages/airflow/example_dags/example_sensors.py took 0.295 seconds
[2024-05-05T02:58:31.723+0530] {processor.py:161} INFO - Started process (PID=242416) to work on /home/wsl/airflow_venv/lib/python3.10/site-packages/airflow/example_dags/example_sensors.py
[2024-05-05T02:58:31.725+0530] {processor.py:830} INFO - Processing file /home/wsl/airflow_venv/lib/python3.10/site-packages/airflow/example_dags/example_sensors.py for tasks to queue
[2024-05-05T02:58:31.726+0530] {logging_mixin.py:188} INFO - [2024-05-05T02:58:31.725+0530] {dagbag.py:540} INFO - Filling up the DagBag from /home/wsl/airflow_venv/lib/python3.10/site-packages/airflow/example_dags/example_sensors.py
[2024-05-05T02:58:31.744+0530] {processor.py:840} INFO - DAG(s) 'example_sensors' retrieved from /home/wsl/airflow_venv/lib/python3.10/site-packages/airflow/example_dags/example_sensors.py
[2024-05-05T02:58:31.775+0530] {logging_mixin.py:188} INFO - [2024-05-05T02:58:31.774+0530] {dag.py:3096} INFO - Sync 1 DAGs
[2024-05-05T02:58:31.790+0530] {logging_mixin.py:188} INFO - [2024-05-05T02:58:31.790+0530] {dag.py:3954} INFO - Setting next_dagrun for example_sensors to None, run_after=None
[2024-05-05T02:58:31.824+0530] {processor.py:183} INFO - Processing /home/wsl/airflow_venv/lib/python3.10/site-packages/airflow/example_dags/example_sensors.py took 0.111 seconds
[2024-05-05T02:59:30.735+0530] {processor.py:161} INFO - Started process (PID=242793) to work on /home/wsl/airflow_venv/lib/python3.10/site-packages/airflow/example_dags/example_sensors.py
[2024-05-05T02:59:30.738+0530] {processor.py:830} INFO - Processing file /home/wsl/airflow_venv/lib/python3.10/site-packages/airflow/example_dags/example_sensors.py for tasks to queue
[2024-05-05T02:59:30.739+0530] {logging_mixin.py:188} INFO - [2024-05-05T02:59:30.738+0530] {dagbag.py:540} INFO - Filling up the DagBag from /home/wsl/airflow_venv/lib/python3.10/site-packages/airflow/example_dags/example_sensors.py
[2024-05-05T02:59:30.754+0530] {processor.py:840} INFO - DAG(s) 'example_sensors' retrieved from /home/wsl/airflow_venv/lib/python3.10/site-packages/airflow/example_dags/example_sensors.py
[2024-05-05T02:59:30.778+0530] {logging_mixin.py:188} INFO - [2024-05-05T02:59:30.778+0530] {dag.py:3096} INFO - Sync 1 DAGs
[2024-05-05T02:59:30.919+0530] {logging_mixin.py:188} INFO - [2024-05-05T02:59:30.919+0530] {dag.py:3954} INFO - Setting next_dagrun for example_sensors to None, run_after=None
[2024-05-05T02:59:31.001+0530] {processor.py:183} INFO - Processing /home/wsl/airflow_venv/lib/python3.10/site-packages/airflow/example_dags/example_sensors.py took 0.277 seconds
[2024-05-05T03:00:27.487+0530] {processor.py:161} INFO - Started process (PID=243182) to work on /home/wsl/airflow_venv/lib/python3.10/site-packages/airflow/example_dags/example_sensors.py
[2024-05-05T03:00:27.497+0530] {processor.py:830} INFO - Processing file /home/wsl/airflow_venv/lib/python3.10/site-packages/airflow/example_dags/example_sensors.py for tasks to queue
[2024-05-05T03:00:27.501+0530] {logging_mixin.py:188} INFO - [2024-05-05T03:00:27.500+0530] {dagbag.py:540} INFO - Filling up the DagBag from /home/wsl/airflow_venv/lib/python3.10/site-packages/airflow/example_dags/example_sensors.py
[2024-05-05T03:00:27.526+0530] {processor.py:840} INFO - DAG(s) 'example_sensors' retrieved from /home/wsl/airflow_venv/lib/python3.10/site-packages/airflow/example_dags/example_sensors.py
[2024-05-05T03:00:27.561+0530] {logging_mixin.py:188} INFO - [2024-05-05T03:00:27.560+0530] {dag.py:3096} INFO - Sync 1 DAGs
[2024-05-05T03:00:27.576+0530] {logging_mixin.py:188} INFO - [2024-05-05T03:00:27.575+0530] {dag.py:3954} INFO - Setting next_dagrun for example_sensors to None, run_after=None
[2024-05-05T03:00:27.622+0530] {processor.py:183} INFO - Processing /home/wsl/airflow_venv/lib/python3.10/site-packages/airflow/example_dags/example_sensors.py took 0.155 seconds
[2024-05-05T03:01:44.407+0530] {processor.py:161} INFO - Started process (PID=243608) to work on /home/wsl/airflow_venv/lib/python3.10/site-packages/airflow/example_dags/example_sensors.py
[2024-05-05T03:01:44.410+0530] {processor.py:830} INFO - Processing file /home/wsl/airflow_venv/lib/python3.10/site-packages/airflow/example_dags/example_sensors.py for tasks to queue
[2024-05-05T03:01:44.412+0530] {logging_mixin.py:188} INFO - [2024-05-05T03:01:44.411+0530] {dagbag.py:540} INFO - Filling up the DagBag from /home/wsl/airflow_venv/lib/python3.10/site-packages/airflow/example_dags/example_sensors.py
[2024-05-05T03:01:44.428+0530] {processor.py:840} INFO - DAG(s) 'example_sensors' retrieved from /home/wsl/airflow_venv/lib/python3.10/site-packages/airflow/example_dags/example_sensors.py
[2024-05-05T03:01:44.453+0530] {logging_mixin.py:188} INFO - [2024-05-05T03:01:44.453+0530] {dag.py:3096} INFO - Sync 1 DAGs
[2024-05-05T03:01:44.465+0530] {logging_mixin.py:188} INFO - [2024-05-05T03:01:44.465+0530] {dag.py:3954} INFO - Setting next_dagrun for example_sensors to None, run_after=None
[2024-05-05T03:01:44.492+0530] {processor.py:183} INFO - Processing /home/wsl/airflow_venv/lib/python3.10/site-packages/airflow/example_dags/example_sensors.py took 0.102 seconds
[2024-05-05T03:02:37.559+0530] {processor.py:161} INFO - Started process (PID=244068) to work on /home/wsl/airflow_venv/lib/python3.10/site-packages/airflow/example_dags/example_sensors.py
[2024-05-05T03:02:37.561+0530] {processor.py:830} INFO - Processing file /home/wsl/airflow_venv/lib/python3.10/site-packages/airflow/example_dags/example_sensors.py for tasks to queue
[2024-05-05T03:02:37.562+0530] {logging_mixin.py:188} INFO - [2024-05-05T03:02:37.561+0530] {dagbag.py:540} INFO - Filling up the DagBag from /home/wsl/airflow_venv/lib/python3.10/site-packages/airflow/example_dags/example_sensors.py
[2024-05-05T03:02:37.583+0530] {processor.py:840} INFO - DAG(s) 'example_sensors' retrieved from /home/wsl/airflow_venv/lib/python3.10/site-packages/airflow/example_dags/example_sensors.py
[2024-05-05T03:02:37.607+0530] {logging_mixin.py:188} INFO - [2024-05-05T03:02:37.607+0530] {dag.py:3096} INFO - Sync 1 DAGs
[2024-05-05T03:02:37.620+0530] {logging_mixin.py:188} INFO - [2024-05-05T03:02:37.620+0530] {dag.py:3954} INFO - Setting next_dagrun for example_sensors to None, run_after=None
[2024-05-05T03:02:37.649+0530] {processor.py:183} INFO - Processing /home/wsl/airflow_venv/lib/python3.10/site-packages/airflow/example_dags/example_sensors.py took 0.101 seconds
[2024-05-05T03:03:57.950+0530] {processor.py:161} INFO - Started process (PID=244535) to work on /home/wsl/airflow_venv/lib/python3.10/site-packages/airflow/example_dags/example_sensors.py
[2024-05-05T03:03:57.952+0530] {processor.py:830} INFO - Processing file /home/wsl/airflow_venv/lib/python3.10/site-packages/airflow/example_dags/example_sensors.py for tasks to queue
[2024-05-05T03:03:57.954+0530] {logging_mixin.py:188} INFO - [2024-05-05T03:03:57.953+0530] {dagbag.py:540} INFO - Filling up the DagBag from /home/wsl/airflow_venv/lib/python3.10/site-packages/airflow/example_dags/example_sensors.py
[2024-05-05T03:03:57.965+0530] {processor.py:840} INFO - DAG(s) 'example_sensors' retrieved from /home/wsl/airflow_venv/lib/python3.10/site-packages/airflow/example_dags/example_sensors.py
[2024-05-05T03:03:57.987+0530] {logging_mixin.py:188} INFO - [2024-05-05T03:03:57.987+0530] {dag.py:3096} INFO - Sync 1 DAGs
[2024-05-05T03:03:58.001+0530] {logging_mixin.py:188} INFO - [2024-05-05T03:03:58.000+0530] {dag.py:3954} INFO - Setting next_dagrun for example_sensors to None, run_after=None
[2024-05-05T03:03:58.029+0530] {processor.py:183} INFO - Processing /home/wsl/airflow_venv/lib/python3.10/site-packages/airflow/example_dags/example_sensors.py took 0.089 seconds
[2024-05-05T03:04:54.412+0530] {processor.py:161} INFO - Started process (PID=244926) to work on /home/wsl/airflow_venv/lib/python3.10/site-packages/airflow/example_dags/example_sensors.py
[2024-05-05T03:04:54.416+0530] {processor.py:830} INFO - Processing file /home/wsl/airflow_venv/lib/python3.10/site-packages/airflow/example_dags/example_sensors.py for tasks to queue
[2024-05-05T03:04:54.418+0530] {logging_mixin.py:188} INFO - [2024-05-05T03:04:54.417+0530] {dagbag.py:540} INFO - Filling up the DagBag from /home/wsl/airflow_venv/lib/python3.10/site-packages/airflow/example_dags/example_sensors.py
[2024-05-05T03:04:54.464+0530] {processor.py:840} INFO - DAG(s) 'example_sensors' retrieved from /home/wsl/airflow_venv/lib/python3.10/site-packages/airflow/example_dags/example_sensors.py
[2024-05-05T03:04:54.522+0530] {logging_mixin.py:188} INFO - [2024-05-05T03:04:54.522+0530] {dag.py:3096} INFO - Sync 1 DAGs
[2024-05-05T03:04:54.545+0530] {logging_mixin.py:188} INFO - [2024-05-05T03:04:54.544+0530] {dag.py:3954} INFO - Setting next_dagrun for example_sensors to None, run_after=None
[2024-05-05T03:04:54.619+0530] {processor.py:183} INFO - Processing /home/wsl/airflow_venv/lib/python3.10/site-packages/airflow/example_dags/example_sensors.py took 0.228 seconds
[2024-05-05T03:05:52.634+0530] {processor.py:161} INFO - Started process (PID=245211) to work on /home/wsl/airflow_venv/lib/python3.10/site-packages/airflow/example_dags/example_sensors.py
[2024-05-05T03:05:52.637+0530] {processor.py:830} INFO - Processing file /home/wsl/airflow_venv/lib/python3.10/site-packages/airflow/example_dags/example_sensors.py for tasks to queue
[2024-05-05T03:05:52.640+0530] {logging_mixin.py:188} INFO - [2024-05-05T03:05:52.639+0530] {dagbag.py:540} INFO - Filling up the DagBag from /home/wsl/airflow_venv/lib/python3.10/site-packages/airflow/example_dags/example_sensors.py
[2024-05-05T03:05:52.652+0530] {processor.py:840} INFO - DAG(s) 'example_sensors' retrieved from /home/wsl/airflow_venv/lib/python3.10/site-packages/airflow/example_dags/example_sensors.py
[2024-05-05T03:05:52.678+0530] {logging_mixin.py:188} INFO - [2024-05-05T03:05:52.678+0530] {dag.py:3096} INFO - Sync 1 DAGs
[2024-05-05T03:05:52.693+0530] {logging_mixin.py:188} INFO - [2024-05-05T03:05:52.693+0530] {dag.py:3954} INFO - Setting next_dagrun for example_sensors to None, run_after=None
[2024-05-05T03:05:52.727+0530] {processor.py:183} INFO - Processing /home/wsl/airflow_venv/lib/python3.10/site-packages/airflow/example_dags/example_sensors.py took 0.108 seconds
[2024-05-05T03:06:47.780+0530] {processor.py:161} INFO - Started process (PID=245607) to work on /home/wsl/airflow_venv/lib/python3.10/site-packages/airflow/example_dags/example_sensors.py
[2024-05-05T03:06:47.782+0530] {processor.py:830} INFO - Processing file /home/wsl/airflow_venv/lib/python3.10/site-packages/airflow/example_dags/example_sensors.py for tasks to queue
[2024-05-05T03:06:47.783+0530] {logging_mixin.py:188} INFO - [2024-05-05T03:06:47.783+0530] {dagbag.py:540} INFO - Filling up the DagBag from /home/wsl/airflow_venv/lib/python3.10/site-packages/airflow/example_dags/example_sensors.py
[2024-05-05T03:06:47.795+0530] {processor.py:840} INFO - DAG(s) 'example_sensors' retrieved from /home/wsl/airflow_venv/lib/python3.10/site-packages/airflow/example_dags/example_sensors.py
[2024-05-05T03:06:47.819+0530] {logging_mixin.py:188} INFO - [2024-05-05T03:06:47.818+0530] {dag.py:3096} INFO - Sync 1 DAGs
[2024-05-05T03:06:47.832+0530] {logging_mixin.py:188} INFO - [2024-05-05T03:06:47.832+0530] {dag.py:3954} INFO - Setting next_dagrun for example_sensors to None, run_after=None
[2024-05-05T03:06:47.857+0530] {processor.py:183} INFO - Processing /home/wsl/airflow_venv/lib/python3.10/site-packages/airflow/example_dags/example_sensors.py took 0.084 seconds
[2024-05-05T03:07:41.949+0530] {processor.py:161} INFO - Started process (PID=246001) to work on /home/wsl/airflow_venv/lib/python3.10/site-packages/airflow/example_dags/example_sensors.py
[2024-05-05T03:07:41.951+0530] {processor.py:830} INFO - Processing file /home/wsl/airflow_venv/lib/python3.10/site-packages/airflow/example_dags/example_sensors.py for tasks to queue
[2024-05-05T03:07:41.953+0530] {logging_mixin.py:188} INFO - [2024-05-05T03:07:41.952+0530] {dagbag.py:540} INFO - Filling up the DagBag from /home/wsl/airflow_venv/lib/python3.10/site-packages/airflow/example_dags/example_sensors.py
[2024-05-05T03:07:41.970+0530] {processor.py:840} INFO - DAG(s) 'example_sensors' retrieved from /home/wsl/airflow_venv/lib/python3.10/site-packages/airflow/example_dags/example_sensors.py
[2024-05-05T03:07:42.006+0530] {logging_mixin.py:188} INFO - [2024-05-05T03:07:42.006+0530] {dag.py:3096} INFO - Sync 1 DAGs
[2024-05-05T03:07:42.038+0530] {logging_mixin.py:188} INFO - [2024-05-05T03:07:42.037+0530] {dag.py:3954} INFO - Setting next_dagrun for example_sensors to None, run_after=None
[2024-05-05T03:07:42.102+0530] {processor.py:183} INFO - Processing /home/wsl/airflow_venv/lib/python3.10/site-packages/airflow/example_dags/example_sensors.py took 0.163 seconds
[2024-05-05T03:08:37.826+0530] {processor.py:161} INFO - Started process (PID=246333) to work on /home/wsl/airflow_venv/lib/python3.10/site-packages/airflow/example_dags/example_sensors.py
[2024-05-05T03:08:37.831+0530] {processor.py:830} INFO - Processing file /home/wsl/airflow_venv/lib/python3.10/site-packages/airflow/example_dags/example_sensors.py for tasks to queue
[2024-05-05T03:08:37.833+0530] {logging_mixin.py:188} INFO - [2024-05-05T03:08:37.832+0530] {dagbag.py:540} INFO - Filling up the DagBag from /home/wsl/airflow_venv/lib/python3.10/site-packages/airflow/example_dags/example_sensors.py
[2024-05-05T03:08:37.873+0530] {processor.py:840} INFO - DAG(s) 'example_sensors' retrieved from /home/wsl/airflow_venv/lib/python3.10/site-packages/airflow/example_dags/example_sensors.py
[2024-05-05T03:08:37.950+0530] {logging_mixin.py:188} INFO - [2024-05-05T03:08:37.949+0530] {dag.py:3096} INFO - Sync 1 DAGs
[2024-05-05T03:08:37.979+0530] {logging_mixin.py:188} INFO - [2024-05-05T03:08:37.978+0530] {dag.py:3954} INFO - Setting next_dagrun for example_sensors to None, run_after=None
[2024-05-05T03:08:38.083+0530] {processor.py:183} INFO - Processing /home/wsl/airflow_venv/lib/python3.10/site-packages/airflow/example_dags/example_sensors.py took 0.269 seconds
[2024-05-05T03:09:33.107+0530] {processor.py:161} INFO - Started process (PID=246742) to work on /home/wsl/airflow_venv/lib/python3.10/site-packages/airflow/example_dags/example_sensors.py
[2024-05-05T03:09:33.110+0530] {processor.py:830} INFO - Processing file /home/wsl/airflow_venv/lib/python3.10/site-packages/airflow/example_dags/example_sensors.py for tasks to queue
[2024-05-05T03:09:33.113+0530] {logging_mixin.py:188} INFO - [2024-05-05T03:09:33.112+0530] {dagbag.py:540} INFO - Filling up the DagBag from /home/wsl/airflow_venv/lib/python3.10/site-packages/airflow/example_dags/example_sensors.py
[2024-05-05T03:09:33.131+0530] {processor.py:840} INFO - DAG(s) 'example_sensors' retrieved from /home/wsl/airflow_venv/lib/python3.10/site-packages/airflow/example_dags/example_sensors.py
[2024-05-05T03:09:33.156+0530] {logging_mixin.py:188} INFO - [2024-05-05T03:09:33.156+0530] {dag.py:3096} INFO - Sync 1 DAGs
[2024-05-05T03:09:33.169+0530] {logging_mixin.py:188} INFO - [2024-05-05T03:09:33.169+0530] {dag.py:3954} INFO - Setting next_dagrun for example_sensors to None, run_after=None
[2024-05-05T03:09:33.198+0530] {processor.py:183} INFO - Processing /home/wsl/airflow_venv/lib/python3.10/site-packages/airflow/example_dags/example_sensors.py took 0.108 seconds
[2024-05-05T03:10:32.045+0530] {processor.py:161} INFO - Started process (PID=247124) to work on /home/wsl/airflow_venv/lib/python3.10/site-packages/airflow/example_dags/example_sensors.py
[2024-05-05T03:10:32.047+0530] {processor.py:830} INFO - Processing file /home/wsl/airflow_venv/lib/python3.10/site-packages/airflow/example_dags/example_sensors.py for tasks to queue
[2024-05-05T03:10:32.049+0530] {logging_mixin.py:188} INFO - [2024-05-05T03:10:32.048+0530] {dagbag.py:540} INFO - Filling up the DagBag from /home/wsl/airflow_venv/lib/python3.10/site-packages/airflow/example_dags/example_sensors.py
[2024-05-05T03:10:32.069+0530] {processor.py:840} INFO - DAG(s) 'example_sensors' retrieved from /home/wsl/airflow_venv/lib/python3.10/site-packages/airflow/example_dags/example_sensors.py
[2024-05-05T03:10:32.106+0530] {logging_mixin.py:188} INFO - [2024-05-05T03:10:32.105+0530] {dag.py:3096} INFO - Sync 1 DAGs
[2024-05-05T03:10:32.125+0530] {logging_mixin.py:188} INFO - [2024-05-05T03:10:32.124+0530] {dag.py:3954} INFO - Setting next_dagrun for example_sensors to None, run_after=None
[2024-05-05T03:10:32.170+0530] {processor.py:183} INFO - Processing /home/wsl/airflow_venv/lib/python3.10/site-packages/airflow/example_dags/example_sensors.py took 0.139 seconds
[2024-05-05T03:11:51.778+0530] {processor.py:161} INFO - Started process (PID=247622) to work on /home/wsl/airflow_venv/lib/python3.10/site-packages/airflow/example_dags/example_sensors.py
[2024-05-05T03:11:51.779+0530] {processor.py:830} INFO - Processing file /home/wsl/airflow_venv/lib/python3.10/site-packages/airflow/example_dags/example_sensors.py for tasks to queue
[2024-05-05T03:11:51.781+0530] {logging_mixin.py:188} INFO - [2024-05-05T03:11:51.780+0530] {dagbag.py:540} INFO - Filling up the DagBag from /home/wsl/airflow_venv/lib/python3.10/site-packages/airflow/example_dags/example_sensors.py
[2024-05-05T03:11:51.794+0530] {processor.py:840} INFO - DAG(s) 'example_sensors' retrieved from /home/wsl/airflow_venv/lib/python3.10/site-packages/airflow/example_dags/example_sensors.py
[2024-05-05T03:11:51.827+0530] {logging_mixin.py:188} INFO - [2024-05-05T03:11:51.827+0530] {dag.py:3096} INFO - Sync 1 DAGs
[2024-05-05T03:11:51.840+0530] {logging_mixin.py:188} INFO - [2024-05-05T03:11:51.840+0530] {dag.py:3954} INFO - Setting next_dagrun for example_sensors to None, run_after=None
[2024-05-05T03:11:51.867+0530] {processor.py:183} INFO - Processing /home/wsl/airflow_venv/lib/python3.10/site-packages/airflow/example_dags/example_sensors.py took 0.100 seconds
[2024-05-05T03:12:48.589+0530] {processor.py:161} INFO - Started process (PID=247966) to work on /home/wsl/airflow_venv/lib/python3.10/site-packages/airflow/example_dags/example_sensors.py
[2024-05-05T03:12:48.593+0530] {processor.py:830} INFO - Processing file /home/wsl/airflow_venv/lib/python3.10/site-packages/airflow/example_dags/example_sensors.py for tasks to queue
[2024-05-05T03:12:48.594+0530] {logging_mixin.py:188} INFO - [2024-05-05T03:12:48.594+0530] {dagbag.py:540} INFO - Filling up the DagBag from /home/wsl/airflow_venv/lib/python3.10/site-packages/airflow/example_dags/example_sensors.py
[2024-05-05T03:12:48.611+0530] {processor.py:840} INFO - DAG(s) 'example_sensors' retrieved from /home/wsl/airflow_venv/lib/python3.10/site-packages/airflow/example_dags/example_sensors.py
[2024-05-05T03:12:48.643+0530] {logging_mixin.py:188} INFO - [2024-05-05T03:12:48.642+0530] {dag.py:3096} INFO - Sync 1 DAGs
[2024-05-05T03:12:48.658+0530] {logging_mixin.py:188} INFO - [2024-05-05T03:12:48.658+0530] {dag.py:3954} INFO - Setting next_dagrun for example_sensors to None, run_after=None
[2024-05-05T03:12:48.693+0530] {processor.py:183} INFO - Processing /home/wsl/airflow_venv/lib/python3.10/site-packages/airflow/example_dags/example_sensors.py took 0.114 seconds
[2024-05-05T03:13:46.268+0530] {processor.py:161} INFO - Started process (PID=248192) to work on /home/wsl/airflow_venv/lib/python3.10/site-packages/airflow/example_dags/example_sensors.py
[2024-05-05T03:13:46.270+0530] {processor.py:830} INFO - Processing file /home/wsl/airflow_venv/lib/python3.10/site-packages/airflow/example_dags/example_sensors.py for tasks to queue
[2024-05-05T03:13:46.271+0530] {logging_mixin.py:188} INFO - [2024-05-05T03:13:46.270+0530] {dagbag.py:540} INFO - Filling up the DagBag from /home/wsl/airflow_venv/lib/python3.10/site-packages/airflow/example_dags/example_sensors.py
[2024-05-05T03:13:46.294+0530] {processor.py:840} INFO - DAG(s) 'example_sensors' retrieved from /home/wsl/airflow_venv/lib/python3.10/site-packages/airflow/example_dags/example_sensors.py
[2024-05-05T03:13:46.336+0530] {logging_mixin.py:188} INFO - [2024-05-05T03:13:46.336+0530] {dag.py:3096} INFO - Sync 1 DAGs
[2024-05-05T03:13:46.355+0530] {logging_mixin.py:188} INFO - [2024-05-05T03:13:46.355+0530] {dag.py:3954} INFO - Setting next_dagrun for example_sensors to None, run_after=None
[2024-05-05T03:13:46.393+0530] {processor.py:183} INFO - Processing /home/wsl/airflow_venv/lib/python3.10/site-packages/airflow/example_dags/example_sensors.py took 0.141 seconds
[2024-05-05T03:14:44.203+0530] {processor.py:161} INFO - Started process (PID=248543) to work on /home/wsl/airflow_venv/lib/python3.10/site-packages/airflow/example_dags/example_sensors.py
[2024-05-05T03:14:44.205+0530] {processor.py:830} INFO - Processing file /home/wsl/airflow_venv/lib/python3.10/site-packages/airflow/example_dags/example_sensors.py for tasks to queue
[2024-05-05T03:14:44.206+0530] {logging_mixin.py:188} INFO - [2024-05-05T03:14:44.206+0530] {dagbag.py:540} INFO - Filling up the DagBag from /home/wsl/airflow_venv/lib/python3.10/site-packages/airflow/example_dags/example_sensors.py
[2024-05-05T03:14:44.227+0530] {processor.py:840} INFO - DAG(s) 'example_sensors' retrieved from /home/wsl/airflow_venv/lib/python3.10/site-packages/airflow/example_dags/example_sensors.py
[2024-05-05T03:14:44.290+0530] {logging_mixin.py:188} INFO - [2024-05-05T03:14:44.290+0530] {dag.py:3096} INFO - Sync 1 DAGs
[2024-05-05T03:14:44.314+0530] {logging_mixin.py:188} INFO - [2024-05-05T03:14:44.313+0530] {dag.py:3954} INFO - Setting next_dagrun for example_sensors to None, run_after=None
[2024-05-05T03:14:44.375+0530] {processor.py:183} INFO - Processing /home/wsl/airflow_venv/lib/python3.10/site-packages/airflow/example_dags/example_sensors.py took 0.185 seconds
[2024-05-05T03:15:41.851+0530] {processor.py:161} INFO - Started process (PID=248921) to work on /home/wsl/airflow_venv/lib/python3.10/site-packages/airflow/example_dags/example_sensors.py
[2024-05-05T03:15:41.855+0530] {processor.py:830} INFO - Processing file /home/wsl/airflow_venv/lib/python3.10/site-packages/airflow/example_dags/example_sensors.py for tasks to queue
[2024-05-05T03:15:41.857+0530] {logging_mixin.py:188} INFO - [2024-05-05T03:15:41.856+0530] {dagbag.py:540} INFO - Filling up the DagBag from /home/wsl/airflow_venv/lib/python3.10/site-packages/airflow/example_dags/example_sensors.py
[2024-05-05T03:15:41.871+0530] {processor.py:840} INFO - DAG(s) 'example_sensors' retrieved from /home/wsl/airflow_venv/lib/python3.10/site-packages/airflow/example_dags/example_sensors.py
[2024-05-05T03:15:41.897+0530] {logging_mixin.py:188} INFO - [2024-05-05T03:15:41.897+0530] {dag.py:3096} INFO - Sync 1 DAGs
[2024-05-05T03:15:41.912+0530] {logging_mixin.py:188} INFO - [2024-05-05T03:15:41.912+0530] {dag.py:3954} INFO - Setting next_dagrun for example_sensors to None, run_after=None
[2024-05-05T03:15:42.038+0530] {processor.py:183} INFO - Processing /home/wsl/airflow_venv/lib/python3.10/site-packages/airflow/example_dags/example_sensors.py took 0.207 seconds
[2024-05-05T03:16:44.919+0530] {processor.py:161} INFO - Started process (PID=249284) to work on /home/wsl/airflow_venv/lib/python3.10/site-packages/airflow/example_dags/example_sensors.py
[2024-05-05T03:16:44.974+0530] {processor.py:830} INFO - Processing file /home/wsl/airflow_venv/lib/python3.10/site-packages/airflow/example_dags/example_sensors.py for tasks to queue
[2024-05-05T03:16:44.976+0530] {logging_mixin.py:188} INFO - [2024-05-05T03:16:44.975+0530] {dagbag.py:540} INFO - Filling up the DagBag from /home/wsl/airflow_venv/lib/python3.10/site-packages/airflow/example_dags/example_sensors.py
[2024-05-05T03:16:44.993+0530] {processor.py:840} INFO - DAG(s) 'example_sensors' retrieved from /home/wsl/airflow_venv/lib/python3.10/site-packages/airflow/example_dags/example_sensors.py
[2024-05-05T03:16:45.026+0530] {logging_mixin.py:188} INFO - [2024-05-05T03:16:45.025+0530] {dag.py:3096} INFO - Sync 1 DAGs
[2024-05-05T03:16:45.042+0530] {logging_mixin.py:188} INFO - [2024-05-05T03:16:45.041+0530] {dag.py:3954} INFO - Setting next_dagrun for example_sensors to None, run_after=None
[2024-05-05T03:16:45.424+0530] {processor.py:183} INFO - Processing /home/wsl/airflow_venv/lib/python3.10/site-packages/airflow/example_dags/example_sensors.py took 0.521 seconds
[2024-05-05T03:18:11.873+0530] {processor.py:161} INFO - Started process (PID=249681) to work on /home/wsl/airflow_venv/lib/python3.10/site-packages/airflow/example_dags/example_sensors.py
[2024-05-05T03:18:11.875+0530] {processor.py:830} INFO - Processing file /home/wsl/airflow_venv/lib/python3.10/site-packages/airflow/example_dags/example_sensors.py for tasks to queue
[2024-05-05T03:18:11.876+0530] {logging_mixin.py:188} INFO - [2024-05-05T03:18:11.876+0530] {dagbag.py:540} INFO - Filling up the DagBag from /home/wsl/airflow_venv/lib/python3.10/site-packages/airflow/example_dags/example_sensors.py
[2024-05-05T03:18:11.888+0530] {processor.py:840} INFO - DAG(s) 'example_sensors' retrieved from /home/wsl/airflow_venv/lib/python3.10/site-packages/airflow/example_dags/example_sensors.py
[2024-05-05T03:18:11.917+0530] {logging_mixin.py:188} INFO - [2024-05-05T03:18:11.917+0530] {dag.py:3096} INFO - Sync 1 DAGs
[2024-05-05T03:18:11.935+0530] {logging_mixin.py:188} INFO - [2024-05-05T03:18:11.935+0530] {dag.py:3954} INFO - Setting next_dagrun for example_sensors to None, run_after=None
[2024-05-05T03:18:11.985+0530] {processor.py:183} INFO - Processing /home/wsl/airflow_venv/lib/python3.10/site-packages/airflow/example_dags/example_sensors.py took 0.118 seconds
[2024-05-05T03:19:20.754+0530] {processor.py:161} INFO - Started process (PID=250156) to work on /home/wsl/airflow_venv/lib/python3.10/site-packages/airflow/example_dags/example_sensors.py
[2024-05-05T03:19:20.757+0530] {processor.py:830} INFO - Processing file /home/wsl/airflow_venv/lib/python3.10/site-packages/airflow/example_dags/example_sensors.py for tasks to queue
[2024-05-05T03:19:20.758+0530] {logging_mixin.py:188} INFO - [2024-05-05T03:19:20.758+0530] {dagbag.py:540} INFO - Filling up the DagBag from /home/wsl/airflow_venv/lib/python3.10/site-packages/airflow/example_dags/example_sensors.py
[2024-05-05T03:19:20.769+0530] {processor.py:840} INFO - DAG(s) 'example_sensors' retrieved from /home/wsl/airflow_venv/lib/python3.10/site-packages/airflow/example_dags/example_sensors.py
[2024-05-05T03:19:20.799+0530] {logging_mixin.py:188} INFO - [2024-05-05T03:19:20.799+0530] {dag.py:3096} INFO - Sync 1 DAGs
[2024-05-05T03:19:20.813+0530] {logging_mixin.py:188} INFO - [2024-05-05T03:19:20.813+0530] {dag.py:3954} INFO - Setting next_dagrun for example_sensors to None, run_after=None
[2024-05-05T03:19:20.843+0530] {processor.py:183} INFO - Processing /home/wsl/airflow_venv/lib/python3.10/site-packages/airflow/example_dags/example_sensors.py took 0.097 seconds
[2024-05-05T03:20:35.306+0530] {processor.py:161} INFO - Started process (PID=250536) to work on /home/wsl/airflow_venv/lib/python3.10/site-packages/airflow/example_dags/example_sensors.py
[2024-05-05T03:20:35.308+0530] {processor.py:830} INFO - Processing file /home/wsl/airflow_venv/lib/python3.10/site-packages/airflow/example_dags/example_sensors.py for tasks to queue
[2024-05-05T03:20:35.310+0530] {logging_mixin.py:188} INFO - [2024-05-05T03:20:35.309+0530] {dagbag.py:540} INFO - Filling up the DagBag from /home/wsl/airflow_venv/lib/python3.10/site-packages/airflow/example_dags/example_sensors.py
[2024-05-05T03:20:35.325+0530] {processor.py:840} INFO - DAG(s) 'example_sensors' retrieved from /home/wsl/airflow_venv/lib/python3.10/site-packages/airflow/example_dags/example_sensors.py
[2024-05-05T03:20:35.354+0530] {logging_mixin.py:188} INFO - [2024-05-05T03:20:35.353+0530] {dag.py:3096} INFO - Sync 1 DAGs
[2024-05-05T03:20:35.366+0530] {logging_mixin.py:188} INFO - [2024-05-05T03:20:35.366+0530] {dag.py:3954} INFO - Setting next_dagrun for example_sensors to None, run_after=None
[2024-05-05T03:20:35.393+0530] {processor.py:183} INFO - Processing /home/wsl/airflow_venv/lib/python3.10/site-packages/airflow/example_dags/example_sensors.py took 0.101 seconds
[2024-05-05T03:21:38.758+0530] {processor.py:161} INFO - Started process (PID=250869) to work on /home/wsl/airflow_venv/lib/python3.10/site-packages/airflow/example_dags/example_sensors.py
[2024-05-05T03:21:38.762+0530] {processor.py:830} INFO - Processing file /home/wsl/airflow_venv/lib/python3.10/site-packages/airflow/example_dags/example_sensors.py for tasks to queue
[2024-05-05T03:21:38.764+0530] {logging_mixin.py:188} INFO - [2024-05-05T03:21:38.763+0530] {dagbag.py:540} INFO - Filling up the DagBag from /home/wsl/airflow_venv/lib/python3.10/site-packages/airflow/example_dags/example_sensors.py
[2024-05-05T03:21:38.792+0530] {processor.py:840} INFO - DAG(s) 'example_sensors' retrieved from /home/wsl/airflow_venv/lib/python3.10/site-packages/airflow/example_dags/example_sensors.py
[2024-05-05T03:21:38.870+0530] {logging_mixin.py:188} INFO - [2024-05-05T03:21:38.870+0530] {dag.py:3096} INFO - Sync 1 DAGs
[2024-05-05T03:21:38.893+0530] {logging_mixin.py:188} INFO - [2024-05-05T03:21:38.892+0530] {dag.py:3954} INFO - Setting next_dagrun for example_sensors to None, run_after=None
[2024-05-05T03:21:38.937+0530] {processor.py:183} INFO - Processing /home/wsl/airflow_venv/lib/python3.10/site-packages/airflow/example_dags/example_sensors.py took 0.192 seconds
[2024-05-05T03:22:54.672+0530] {processor.py:161} INFO - Started process (PID=251330) to work on /home/wsl/airflow_venv/lib/python3.10/site-packages/airflow/example_dags/example_sensors.py
[2024-05-05T03:22:54.677+0530] {processor.py:830} INFO - Processing file /home/wsl/airflow_venv/lib/python3.10/site-packages/airflow/example_dags/example_sensors.py for tasks to queue
[2024-05-05T03:22:54.679+0530] {logging_mixin.py:188} INFO - [2024-05-05T03:22:54.678+0530] {dagbag.py:540} INFO - Filling up the DagBag from /home/wsl/airflow_venv/lib/python3.10/site-packages/airflow/example_dags/example_sensors.py
[2024-05-05T03:22:54.695+0530] {processor.py:840} INFO - DAG(s) 'example_sensors' retrieved from /home/wsl/airflow_venv/lib/python3.10/site-packages/airflow/example_dags/example_sensors.py
[2024-05-05T03:22:54.740+0530] {logging_mixin.py:188} INFO - [2024-05-05T03:22:54.739+0530] {dag.py:3096} INFO - Sync 1 DAGs
[2024-05-05T03:22:54.763+0530] {logging_mixin.py:188} INFO - [2024-05-05T03:22:54.763+0530] {dag.py:3954} INFO - Setting next_dagrun for example_sensors to None, run_after=None
[2024-05-05T03:22:54.791+0530] {processor.py:183} INFO - Processing /home/wsl/airflow_venv/lib/python3.10/site-packages/airflow/example_dags/example_sensors.py took 0.139 seconds
[2024-05-05T03:23:54.975+0530] {processor.py:161} INFO - Started process (PID=251699) to work on /home/wsl/airflow_venv/lib/python3.10/site-packages/airflow/example_dags/example_sensors.py
[2024-05-05T03:23:54.977+0530] {processor.py:830} INFO - Processing file /home/wsl/airflow_venv/lib/python3.10/site-packages/airflow/example_dags/example_sensors.py for tasks to queue
[2024-05-05T03:23:54.978+0530] {logging_mixin.py:188} INFO - [2024-05-05T03:23:54.978+0530] {dagbag.py:540} INFO - Filling up the DagBag from /home/wsl/airflow_venv/lib/python3.10/site-packages/airflow/example_dags/example_sensors.py
[2024-05-05T03:23:54.990+0530] {processor.py:840} INFO - DAG(s) 'example_sensors' retrieved from /home/wsl/airflow_venv/lib/python3.10/site-packages/airflow/example_dags/example_sensors.py
[2024-05-05T03:23:55.018+0530] {logging_mixin.py:188} INFO - [2024-05-05T03:23:55.017+0530] {dag.py:3096} INFO - Sync 1 DAGs
[2024-05-05T03:23:55.037+0530] {logging_mixin.py:188} INFO - [2024-05-05T03:23:55.036+0530] {dag.py:3954} INFO - Setting next_dagrun for example_sensors to None, run_after=None
[2024-05-05T03:23:55.075+0530] {processor.py:183} INFO - Processing /home/wsl/airflow_venv/lib/python3.10/site-packages/airflow/example_dags/example_sensors.py took 0.112 seconds
[2024-05-05T03:24:49.281+0530] {processor.py:161} INFO - Started process (PID=251925) to work on /home/wsl/airflow_venv/lib/python3.10/site-packages/airflow/example_dags/example_sensors.py
[2024-05-05T03:24:49.283+0530] {processor.py:830} INFO - Processing file /home/wsl/airflow_venv/lib/python3.10/site-packages/airflow/example_dags/example_sensors.py for tasks to queue
[2024-05-05T03:24:49.284+0530] {logging_mixin.py:188} INFO - [2024-05-05T03:24:49.284+0530] {dagbag.py:540} INFO - Filling up the DagBag from /home/wsl/airflow_venv/lib/python3.10/site-packages/airflow/example_dags/example_sensors.py
[2024-05-05T03:24:49.296+0530] {processor.py:840} INFO - DAG(s) 'example_sensors' retrieved from /home/wsl/airflow_venv/lib/python3.10/site-packages/airflow/example_dags/example_sensors.py
[2024-05-05T03:24:49.322+0530] {logging_mixin.py:188} INFO - [2024-05-05T03:24:49.322+0530] {dag.py:3096} INFO - Sync 1 DAGs
[2024-05-05T03:24:49.337+0530] {logging_mixin.py:188} INFO - [2024-05-05T03:24:49.337+0530] {dag.py:3954} INFO - Setting next_dagrun for example_sensors to None, run_after=None
[2024-05-05T03:24:49.368+0530] {processor.py:183} INFO - Processing /home/wsl/airflow_venv/lib/python3.10/site-packages/airflow/example_dags/example_sensors.py took 0.095 seconds
[2024-05-05T03:25:44.563+0530] {processor.py:161} INFO - Started process (PID=252288) to work on /home/wsl/airflow_venv/lib/python3.10/site-packages/airflow/example_dags/example_sensors.py
[2024-05-05T03:25:44.565+0530] {processor.py:830} INFO - Processing file /home/wsl/airflow_venv/lib/python3.10/site-packages/airflow/example_dags/example_sensors.py for tasks to queue
[2024-05-05T03:25:44.566+0530] {logging_mixin.py:188} INFO - [2024-05-05T03:25:44.566+0530] {dagbag.py:540} INFO - Filling up the DagBag from /home/wsl/airflow_venv/lib/python3.10/site-packages/airflow/example_dags/example_sensors.py
[2024-05-05T03:25:44.578+0530] {processor.py:840} INFO - DAG(s) 'example_sensors' retrieved from /home/wsl/airflow_venv/lib/python3.10/site-packages/airflow/example_dags/example_sensors.py
[2024-05-05T03:25:44.600+0530] {logging_mixin.py:188} INFO - [2024-05-05T03:25:44.599+0530] {dag.py:3096} INFO - Sync 1 DAGs
[2024-05-05T03:25:44.612+0530] {logging_mixin.py:188} INFO - [2024-05-05T03:25:44.612+0530] {dag.py:3954} INFO - Setting next_dagrun for example_sensors to None, run_after=None
[2024-05-05T03:25:44.643+0530] {processor.py:183} INFO - Processing /home/wsl/airflow_venv/lib/python3.10/site-packages/airflow/example_dags/example_sensors.py took 0.089 seconds
[2024-05-05T03:26:51.175+0530] {processor.py:161} INFO - Started process (PID=252671) to work on /home/wsl/airflow_venv/lib/python3.10/site-packages/airflow/example_dags/example_sensors.py
[2024-05-05T03:26:51.177+0530] {processor.py:830} INFO - Processing file /home/wsl/airflow_venv/lib/python3.10/site-packages/airflow/example_dags/example_sensors.py for tasks to queue
[2024-05-05T03:26:51.178+0530] {logging_mixin.py:188} INFO - [2024-05-05T03:26:51.178+0530] {dagbag.py:540} INFO - Filling up the DagBag from /home/wsl/airflow_venv/lib/python3.10/site-packages/airflow/example_dags/example_sensors.py
[2024-05-05T03:26:51.189+0530] {processor.py:840} INFO - DAG(s) 'example_sensors' retrieved from /home/wsl/airflow_venv/lib/python3.10/site-packages/airflow/example_dags/example_sensors.py
[2024-05-05T03:26:51.213+0530] {logging_mixin.py:188} INFO - [2024-05-05T03:26:51.213+0530] {dag.py:3096} INFO - Sync 1 DAGs
[2024-05-05T03:26:51.226+0530] {logging_mixin.py:188} INFO - [2024-05-05T03:26:51.226+0530] {dag.py:3954} INFO - Setting next_dagrun for example_sensors to None, run_after=None
[2024-05-05T03:26:51.628+0530] {processor.py:183} INFO - Processing /home/wsl/airflow_venv/lib/python3.10/site-packages/airflow/example_dags/example_sensors.py took 0.459 seconds
[2024-05-05T03:28:14.925+0530] {processor.py:161} INFO - Started process (PID=253213) to work on /home/wsl/airflow_venv/lib/python3.10/site-packages/airflow/example_dags/example_sensors.py
[2024-05-05T03:28:15.078+0530] {processor.py:830} INFO - Processing file /home/wsl/airflow_venv/lib/python3.10/site-packages/airflow/example_dags/example_sensors.py for tasks to queue
[2024-05-05T03:28:15.080+0530] {logging_mixin.py:188} INFO - [2024-05-05T03:28:15.079+0530] {dagbag.py:540} INFO - Filling up the DagBag from /home/wsl/airflow_venv/lib/python3.10/site-packages/airflow/example_dags/example_sensors.py
[2024-05-05T03:28:15.272+0530] {processor.py:840} INFO - DAG(s) 'example_sensors' retrieved from /home/wsl/airflow_venv/lib/python3.10/site-packages/airflow/example_dags/example_sensors.py
[2024-05-05T03:28:15.368+0530] {logging_mixin.py:188} INFO - [2024-05-05T03:28:15.368+0530] {dag.py:3096} INFO - Sync 1 DAGs
[2024-05-05T03:28:15.543+0530] {logging_mixin.py:188} INFO - [2024-05-05T03:28:15.543+0530] {dag.py:3954} INFO - Setting next_dagrun for example_sensors to None, run_after=None
[2024-05-05T03:28:16.261+0530] {processor.py:183} INFO - Processing /home/wsl/airflow_venv/lib/python3.10/site-packages/airflow/example_dags/example_sensors.py took 1.366 seconds
