[2024-05-05T01:29:13.309+0530] {processor.py:161} INFO - Started process (PID=237195) to work on /home/wsl/airflow_venv/lib/python3.10/site-packages/airflow/example_dags/example_branch_operator.py
[2024-05-05T01:29:13.310+0530] {processor.py:830} INFO - Processing file /home/wsl/airflow_venv/lib/python3.10/site-packages/airflow/example_dags/example_branch_operator.py for tasks to queue
[2024-05-05T01:29:13.315+0530] {logging_mixin.py:188} INFO - [2024-05-05T01:29:13.313+0530] {dagbag.py:540} INFO - Filling up the DagBag from /home/wsl/airflow_venv/lib/python3.10/site-packages/airflow/example_dags/example_branch_operator.py
[2024-05-05T01:29:13.969+0530] {processor.py:842} WARNING - No viable dags retrieved from /home/wsl/airflow_venv/lib/python3.10/site-packages/airflow/example_dags/example_branch_operator.py
[2024-05-05T01:29:14.004+0530] {processor.py:183} INFO - Processing /home/wsl/airflow_venv/lib/python3.10/site-packages/airflow/example_dags/example_branch_operator.py took 0.712 seconds
[2024-05-05T01:30:33.586+0530] {processor.py:161} INFO - Started process (PID=237666) to work on /home/wsl/airflow_venv/lib/python3.10/site-packages/airflow/example_dags/example_branch_operator.py
[2024-05-05T01:30:33.588+0530] {processor.py:830} INFO - Processing file /home/wsl/airflow_venv/lib/python3.10/site-packages/airflow/example_dags/example_branch_operator.py for tasks to queue
[2024-05-05T01:30:33.590+0530] {logging_mixin.py:188} INFO - [2024-05-05T01:30:33.590+0530] {dagbag.py:540} INFO - Filling up the DagBag from /home/wsl/airflow_venv/lib/python3.10/site-packages/airflow/example_dags/example_branch_operator.py
[2024-05-05T01:30:33.716+0530] {processor.py:842} WARNING - No viable dags retrieved from /home/wsl/airflow_venv/lib/python3.10/site-packages/airflow/example_dags/example_branch_operator.py
[2024-05-05T01:30:33.729+0530] {processor.py:183} INFO - Processing /home/wsl/airflow_venv/lib/python3.10/site-packages/airflow/example_dags/example_branch_operator.py took 0.151 seconds
[2024-05-05T01:31:33.855+0530] {processor.py:161} INFO - Started process (PID=238060) to work on /home/wsl/airflow_venv/lib/python3.10/site-packages/airflow/example_dags/example_branch_operator.py
[2024-05-05T01:31:33.856+0530] {processor.py:830} INFO - Processing file /home/wsl/airflow_venv/lib/python3.10/site-packages/airflow/example_dags/example_branch_operator.py for tasks to queue
[2024-05-05T01:31:33.858+0530] {logging_mixin.py:188} INFO - [2024-05-05T01:31:33.858+0530] {dagbag.py:540} INFO - Filling up the DagBag from /home/wsl/airflow_venv/lib/python3.10/site-packages/airflow/example_dags/example_branch_operator.py
[2024-05-05T01:31:33.972+0530] {processor.py:842} WARNING - No viable dags retrieved from /home/wsl/airflow_venv/lib/python3.10/site-packages/airflow/example_dags/example_branch_operator.py
[2024-05-05T01:31:33.984+0530] {processor.py:183} INFO - Processing /home/wsl/airflow_venv/lib/python3.10/site-packages/airflow/example_dags/example_branch_operator.py took 0.139 seconds
[2024-05-05T01:32:35.336+0530] {processor.py:161} INFO - Started process (PID=238434) to work on /home/wsl/airflow_venv/lib/python3.10/site-packages/airflow/example_dags/example_branch_operator.py
[2024-05-05T01:32:35.338+0530] {processor.py:830} INFO - Processing file /home/wsl/airflow_venv/lib/python3.10/site-packages/airflow/example_dags/example_branch_operator.py for tasks to queue
[2024-05-05T01:32:35.340+0530] {logging_mixin.py:188} INFO - [2024-05-05T01:32:35.340+0530] {dagbag.py:540} INFO - Filling up the DagBag from /home/wsl/airflow_venv/lib/python3.10/site-packages/airflow/example_dags/example_branch_operator.py
[2024-05-05T01:32:35.475+0530] {processor.py:842} WARNING - No viable dags retrieved from /home/wsl/airflow_venv/lib/python3.10/site-packages/airflow/example_dags/example_branch_operator.py
[2024-05-05T01:32:35.488+0530] {processor.py:183} INFO - Processing /home/wsl/airflow_venv/lib/python3.10/site-packages/airflow/example_dags/example_branch_operator.py took 0.164 seconds
[2024-05-05T01:33:49.477+0530] {processor.py:161} INFO - Started process (PID=239023) to work on /home/wsl/airflow_venv/lib/python3.10/site-packages/airflow/example_dags/example_branch_operator.py
[2024-05-05T01:33:49.500+0530] {processor.py:830} INFO - Processing file /home/wsl/airflow_venv/lib/python3.10/site-packages/airflow/example_dags/example_branch_operator.py for tasks to queue
[2024-05-05T01:33:49.503+0530] {logging_mixin.py:188} INFO - [2024-05-05T01:33:49.502+0530] {dagbag.py:540} INFO - Filling up the DagBag from /home/wsl/airflow_venv/lib/python3.10/site-packages/airflow/example_dags/example_branch_operator.py
[2024-05-05T01:33:49.635+0530] {processor.py:842} WARNING - No viable dags retrieved from /home/wsl/airflow_venv/lib/python3.10/site-packages/airflow/example_dags/example_branch_operator.py
[2024-05-05T01:33:49.652+0530] {processor.py:183} INFO - Processing /home/wsl/airflow_venv/lib/python3.10/site-packages/airflow/example_dags/example_branch_operator.py took 0.185 seconds
[2024-05-05T02:50:54.620+0530] {processor.py:161} INFO - Started process (PID=239709) to work on /home/wsl/airflow_venv/lib/python3.10/site-packages/airflow/example_dags/example_branch_operator.py
[2024-05-05T02:50:54.629+0530] {processor.py:830} INFO - Processing file /home/wsl/airflow_venv/lib/python3.10/site-packages/airflow/example_dags/example_branch_operator.py for tasks to queue
[2024-05-05T02:50:54.631+0530] {logging_mixin.py:188} INFO - [2024-05-05T02:50:54.630+0530] {dagbag.py:540} INFO - Filling up the DagBag from /home/wsl/airflow_venv/lib/python3.10/site-packages/airflow/example_dags/example_branch_operator.py
[2024-05-05T02:50:55.202+0530] {processor.py:842} WARNING - No viable dags retrieved from /home/wsl/airflow_venv/lib/python3.10/site-packages/airflow/example_dags/example_branch_operator.py
[2024-05-05T02:50:55.224+0530] {processor.py:183} INFO - Processing /home/wsl/airflow_venv/lib/python3.10/site-packages/airflow/example_dags/example_branch_operator.py took 0.614 seconds
[2024-05-05T02:52:10.838+0530] {processor.py:161} INFO - Started process (PID=240144) to work on /home/wsl/airflow_venv/lib/python3.10/site-packages/airflow/example_dags/example_branch_operator.py
[2024-05-05T02:52:10.842+0530] {processor.py:830} INFO - Processing file /home/wsl/airflow_venv/lib/python3.10/site-packages/airflow/example_dags/example_branch_operator.py for tasks to queue
[2024-05-05T02:52:10.844+0530] {logging_mixin.py:188} INFO - [2024-05-05T02:52:10.843+0530] {dagbag.py:540} INFO - Filling up the DagBag from /home/wsl/airflow_venv/lib/python3.10/site-packages/airflow/example_dags/example_branch_operator.py
[2024-05-05T02:52:11.017+0530] {processor.py:842} WARNING - No viable dags retrieved from /home/wsl/airflow_venv/lib/python3.10/site-packages/airflow/example_dags/example_branch_operator.py
[2024-05-05T02:52:11.030+0530] {processor.py:183} INFO - Processing /home/wsl/airflow_venv/lib/python3.10/site-packages/airflow/example_dags/example_branch_operator.py took 0.212 seconds
[2024-05-05T02:53:20.038+0530] {processor.py:161} INFO - Started process (PID=240575) to work on /home/wsl/airflow_venv/lib/python3.10/site-packages/airflow/example_dags/example_branch_operator.py
[2024-05-05T02:53:20.041+0530] {processor.py:830} INFO - Processing file /home/wsl/airflow_venv/lib/python3.10/site-packages/airflow/example_dags/example_branch_operator.py for tasks to queue
[2024-05-05T02:53:20.043+0530] {logging_mixin.py:188} INFO - [2024-05-05T02:53:20.042+0530] {dagbag.py:540} INFO - Filling up the DagBag from /home/wsl/airflow_venv/lib/python3.10/site-packages/airflow/example_dags/example_branch_operator.py
[2024-05-05T02:53:20.188+0530] {processor.py:842} WARNING - No viable dags retrieved from /home/wsl/airflow_venv/lib/python3.10/site-packages/airflow/example_dags/example_branch_operator.py
[2024-05-05T02:53:20.208+0530] {processor.py:183} INFO - Processing /home/wsl/airflow_venv/lib/python3.10/site-packages/airflow/example_dags/example_branch_operator.py took 0.181 seconds
[2024-05-05T02:54:47.817+0530] {processor.py:161} INFO - Started process (PID=241074) to work on /home/wsl/airflow_venv/lib/python3.10/site-packages/airflow/example_dags/example_branch_operator.py
[2024-05-05T02:54:47.822+0530] {processor.py:830} INFO - Processing file /home/wsl/airflow_venv/lib/python3.10/site-packages/airflow/example_dags/example_branch_operator.py for tasks to queue
[2024-05-05T02:54:47.824+0530] {logging_mixin.py:188} INFO - [2024-05-05T02:54:47.823+0530] {dagbag.py:540} INFO - Filling up the DagBag from /home/wsl/airflow_venv/lib/python3.10/site-packages/airflow/example_dags/example_branch_operator.py
[2024-05-05T02:54:48.089+0530] {processor.py:842} WARNING - No viable dags retrieved from /home/wsl/airflow_venv/lib/python3.10/site-packages/airflow/example_dags/example_branch_operator.py
[2024-05-05T02:54:48.101+0530] {processor.py:183} INFO - Processing /home/wsl/airflow_venv/lib/python3.10/site-packages/airflow/example_dags/example_branch_operator.py took 0.296 seconds
[2024-05-05T02:55:44.369+0530] {processor.py:161} INFO - Started process (PID=241446) to work on /home/wsl/airflow_venv/lib/python3.10/site-packages/airflow/example_dags/example_branch_operator.py
[2024-05-05T02:55:44.371+0530] {processor.py:830} INFO - Processing file /home/wsl/airflow_venv/lib/python3.10/site-packages/airflow/example_dags/example_branch_operator.py for tasks to queue
[2024-05-05T02:55:44.373+0530] {logging_mixin.py:188} INFO - [2024-05-05T02:55:44.372+0530] {dagbag.py:540} INFO - Filling up the DagBag from /home/wsl/airflow_venv/lib/python3.10/site-packages/airflow/example_dags/example_branch_operator.py
[2024-05-05T02:55:44.507+0530] {processor.py:842} WARNING - No viable dags retrieved from /home/wsl/airflow_venv/lib/python3.10/site-packages/airflow/example_dags/example_branch_operator.py
[2024-05-05T02:55:44.551+0530] {processor.py:183} INFO - Processing /home/wsl/airflow_venv/lib/python3.10/site-packages/airflow/example_dags/example_branch_operator.py took 0.191 seconds
[2024-05-05T02:57:07.023+0530] {processor.py:161} INFO - Started process (PID=241930) to work on /home/wsl/airflow_venv/lib/python3.10/site-packages/airflow/example_dags/example_branch_operator.py
[2024-05-05T02:57:07.026+0530] {processor.py:830} INFO - Processing file /home/wsl/airflow_venv/lib/python3.10/site-packages/airflow/example_dags/example_branch_operator.py for tasks to queue
[2024-05-05T02:57:07.027+0530] {logging_mixin.py:188} INFO - [2024-05-05T02:57:07.026+0530] {dagbag.py:540} INFO - Filling up the DagBag from /home/wsl/airflow_venv/lib/python3.10/site-packages/airflow/example_dags/example_branch_operator.py
[2024-05-05T02:57:07.194+0530] {processor.py:842} WARNING - No viable dags retrieved from /home/wsl/airflow_venv/lib/python3.10/site-packages/airflow/example_dags/example_branch_operator.py
[2024-05-05T02:57:07.212+0530] {processor.py:183} INFO - Processing /home/wsl/airflow_venv/lib/python3.10/site-packages/airflow/example_dags/example_branch_operator.py took 0.204 seconds
[2024-05-05T02:58:17.496+0530] {processor.py:161} INFO - Started process (PID=242344) to work on /home/wsl/airflow_venv/lib/python3.10/site-packages/airflow/example_dags/example_branch_operator.py
[2024-05-05T02:58:17.498+0530] {processor.py:830} INFO - Processing file /home/wsl/airflow_venv/lib/python3.10/site-packages/airflow/example_dags/example_branch_operator.py for tasks to queue
[2024-05-05T02:58:17.500+0530] {logging_mixin.py:188} INFO - [2024-05-05T02:58:17.499+0530] {dagbag.py:540} INFO - Filling up the DagBag from /home/wsl/airflow_venv/lib/python3.10/site-packages/airflow/example_dags/example_branch_operator.py
[2024-05-05T02:58:17.625+0530] {processor.py:842} WARNING - No viable dags retrieved from /home/wsl/airflow_venv/lib/python3.10/site-packages/airflow/example_dags/example_branch_operator.py
[2024-05-05T02:58:17.640+0530] {processor.py:183} INFO - Processing /home/wsl/airflow_venv/lib/python3.10/site-packages/airflow/example_dags/example_branch_operator.py took 0.153 seconds
[2024-05-05T02:59:17.174+0530] {processor.py:161} INFO - Started process (PID=242715) to work on /home/wsl/airflow_venv/lib/python3.10/site-packages/airflow/example_dags/example_branch_operator.py
[2024-05-05T02:59:17.176+0530] {processor.py:830} INFO - Processing file /home/wsl/airflow_venv/lib/python3.10/site-packages/airflow/example_dags/example_branch_operator.py for tasks to queue
[2024-05-05T02:59:17.177+0530] {logging_mixin.py:188} INFO - [2024-05-05T02:59:17.177+0530] {dagbag.py:540} INFO - Filling up the DagBag from /home/wsl/airflow_venv/lib/python3.10/site-packages/airflow/example_dags/example_branch_operator.py
[2024-05-05T02:59:17.305+0530] {processor.py:842} WARNING - No viable dags retrieved from /home/wsl/airflow_venv/lib/python3.10/site-packages/airflow/example_dags/example_branch_operator.py
[2024-05-05T02:59:17.317+0530] {processor.py:183} INFO - Processing /home/wsl/airflow_venv/lib/python3.10/site-packages/airflow/example_dags/example_branch_operator.py took 0.150 seconds
[2024-05-05T03:00:13.809+0530] {processor.py:161} INFO - Started process (PID=243105) to work on /home/wsl/airflow_venv/lib/python3.10/site-packages/airflow/example_dags/example_branch_operator.py
[2024-05-05T03:00:13.812+0530] {processor.py:830} INFO - Processing file /home/wsl/airflow_venv/lib/python3.10/site-packages/airflow/example_dags/example_branch_operator.py for tasks to queue
[2024-05-05T03:00:13.813+0530] {logging_mixin.py:188} INFO - [2024-05-05T03:00:13.813+0530] {dagbag.py:540} INFO - Filling up the DagBag from /home/wsl/airflow_venv/lib/python3.10/site-packages/airflow/example_dags/example_branch_operator.py
[2024-05-05T03:00:13.951+0530] {processor.py:842} WARNING - No viable dags retrieved from /home/wsl/airflow_venv/lib/python3.10/site-packages/airflow/example_dags/example_branch_operator.py
[2024-05-05T03:00:13.963+0530] {processor.py:183} INFO - Processing /home/wsl/airflow_venv/lib/python3.10/site-packages/airflow/example_dags/example_branch_operator.py took 0.167 seconds
[2024-05-05T03:01:07.396+0530] {processor.py:161} INFO - Started process (PID=243470) to work on /home/wsl/airflow_venv/lib/python3.10/site-packages/airflow/example_dags/example_branch_operator.py
[2024-05-05T03:01:07.401+0530] {processor.py:830} INFO - Processing file /home/wsl/airflow_venv/lib/python3.10/site-packages/airflow/example_dags/example_branch_operator.py for tasks to queue
[2024-05-05T03:01:07.404+0530] {logging_mixin.py:188} INFO - [2024-05-05T03:01:07.402+0530] {dagbag.py:540} INFO - Filling up the DagBag from /home/wsl/airflow_venv/lib/python3.10/site-packages/airflow/example_dags/example_branch_operator.py
[2024-05-05T03:01:07.587+0530] {processor.py:842} WARNING - No viable dags retrieved from /home/wsl/airflow_venv/lib/python3.10/site-packages/airflow/example_dags/example_branch_operator.py
[2024-05-05T03:01:07.601+0530] {processor.py:183} INFO - Processing /home/wsl/airflow_venv/lib/python3.10/site-packages/airflow/example_dags/example_branch_operator.py took 0.215 seconds
[2024-05-05T03:01:58.883+0530] {processor.py:161} INFO - Started process (PID=243769) to work on /home/wsl/airflow_venv/lib/python3.10/site-packages/airflow/example_dags/example_branch_operator.py
[2024-05-05T03:01:58.886+0530] {processor.py:830} INFO - Processing file /home/wsl/airflow_venv/lib/python3.10/site-packages/airflow/example_dags/example_branch_operator.py for tasks to queue
[2024-05-05T03:01:58.888+0530] {logging_mixin.py:188} INFO - [2024-05-05T03:01:58.887+0530] {dagbag.py:540} INFO - Filling up the DagBag from /home/wsl/airflow_venv/lib/python3.10/site-packages/airflow/example_dags/example_branch_operator.py
[2024-05-05T03:01:59.012+0530] {processor.py:842} WARNING - No viable dags retrieved from /home/wsl/airflow_venv/lib/python3.10/site-packages/airflow/example_dags/example_branch_operator.py
[2024-05-05T03:01:59.024+0530] {processor.py:183} INFO - Processing /home/wsl/airflow_venv/lib/python3.10/site-packages/airflow/example_dags/example_branch_operator.py took 0.153 seconds
[2024-05-05T03:02:55.024+0530] {processor.py:161} INFO - Started process (PID=244140) to work on /home/wsl/airflow_venv/lib/python3.10/site-packages/airflow/example_dags/example_branch_operator.py
[2024-05-05T03:02:55.026+0530] {processor.py:830} INFO - Processing file /home/wsl/airflow_venv/lib/python3.10/site-packages/airflow/example_dags/example_branch_operator.py for tasks to queue
[2024-05-05T03:02:55.028+0530] {logging_mixin.py:188} INFO - [2024-05-05T03:02:55.027+0530] {dagbag.py:540} INFO - Filling up the DagBag from /home/wsl/airflow_venv/lib/python3.10/site-packages/airflow/example_dags/example_branch_operator.py
[2024-05-05T03:02:55.180+0530] {processor.py:842} WARNING - No viable dags retrieved from /home/wsl/airflow_venv/lib/python3.10/site-packages/airflow/example_dags/example_branch_operator.py
[2024-05-05T03:02:55.192+0530] {processor.py:183} INFO - Processing /home/wsl/airflow_venv/lib/python3.10/site-packages/airflow/example_dags/example_branch_operator.py took 0.176 seconds
[2024-05-05T03:03:46.137+0530] {processor.py:161} INFO - Started process (PID=244426) to work on /home/wsl/airflow_venv/lib/python3.10/site-packages/airflow/example_dags/example_branch_operator.py
[2024-05-05T03:03:46.139+0530] {processor.py:830} INFO - Processing file /home/wsl/airflow_venv/lib/python3.10/site-packages/airflow/example_dags/example_branch_operator.py for tasks to queue
[2024-05-05T03:03:46.141+0530] {logging_mixin.py:188} INFO - [2024-05-05T03:03:46.140+0530] {dagbag.py:540} INFO - Filling up the DagBag from /home/wsl/airflow_venv/lib/python3.10/site-packages/airflow/example_dags/example_branch_operator.py
[2024-05-05T03:03:46.262+0530] {processor.py:842} WARNING - No viable dags retrieved from /home/wsl/airflow_venv/lib/python3.10/site-packages/airflow/example_dags/example_branch_operator.py
[2024-05-05T03:03:46.275+0530] {processor.py:183} INFO - Processing /home/wsl/airflow_venv/lib/python3.10/site-packages/airflow/example_dags/example_branch_operator.py took 0.152 seconds
[2024-05-05T03:04:43.724+0530] {processor.py:161} INFO - Started process (PID=244812) to work on /home/wsl/airflow_venv/lib/python3.10/site-packages/airflow/example_dags/example_branch_operator.py
[2024-05-05T03:04:43.729+0530] {processor.py:830} INFO - Processing file /home/wsl/airflow_venv/lib/python3.10/site-packages/airflow/example_dags/example_branch_operator.py for tasks to queue
[2024-05-05T03:04:43.731+0530] {logging_mixin.py:188} INFO - [2024-05-05T03:04:43.731+0530] {dagbag.py:540} INFO - Filling up the DagBag from /home/wsl/airflow_venv/lib/python3.10/site-packages/airflow/example_dags/example_branch_operator.py
[2024-05-05T03:04:43.923+0530] {processor.py:842} WARNING - No viable dags retrieved from /home/wsl/airflow_venv/lib/python3.10/site-packages/airflow/example_dags/example_branch_operator.py
[2024-05-05T03:04:43.938+0530] {processor.py:183} INFO - Processing /home/wsl/airflow_venv/lib/python3.10/site-packages/airflow/example_dags/example_branch_operator.py took 0.227 seconds
[2024-05-05T03:05:41.980+0530] {processor.py:161} INFO - Started process (PID=245197) to work on /home/wsl/airflow_venv/lib/python3.10/site-packages/airflow/example_dags/example_branch_operator.py
[2024-05-05T03:05:41.982+0530] {processor.py:830} INFO - Processing file /home/wsl/airflow_venv/lib/python3.10/site-packages/airflow/example_dags/example_branch_operator.py for tasks to queue
[2024-05-05T03:05:41.984+0530] {logging_mixin.py:188} INFO - [2024-05-05T03:05:41.983+0530] {dagbag.py:540} INFO - Filling up the DagBag from /home/wsl/airflow_venv/lib/python3.10/site-packages/airflow/example_dags/example_branch_operator.py
[2024-05-05T03:05:42.141+0530] {processor.py:842} WARNING - No viable dags retrieved from /home/wsl/airflow_venv/lib/python3.10/site-packages/airflow/example_dags/example_branch_operator.py
[2024-05-05T03:05:42.157+0530] {processor.py:183} INFO - Processing /home/wsl/airflow_venv/lib/python3.10/site-packages/airflow/example_dags/example_branch_operator.py took 0.192 seconds
[2024-05-05T03:06:36.940+0530] {processor.py:161} INFO - Started process (PID=245578) to work on /home/wsl/airflow_venv/lib/python3.10/site-packages/airflow/example_dags/example_branch_operator.py
[2024-05-05T03:06:36.942+0530] {processor.py:830} INFO - Processing file /home/wsl/airflow_venv/lib/python3.10/site-packages/airflow/example_dags/example_branch_operator.py for tasks to queue
[2024-05-05T03:06:36.943+0530] {logging_mixin.py:188} INFO - [2024-05-05T03:06:36.943+0530] {dagbag.py:540} INFO - Filling up the DagBag from /home/wsl/airflow_venv/lib/python3.10/site-packages/airflow/example_dags/example_branch_operator.py
[2024-05-05T03:06:37.077+0530] {processor.py:842} WARNING - No viable dags retrieved from /home/wsl/airflow_venv/lib/python3.10/site-packages/airflow/example_dags/example_branch_operator.py
[2024-05-05T03:06:37.089+0530] {processor.py:183} INFO - Processing /home/wsl/airflow_venv/lib/python3.10/site-packages/airflow/example_dags/example_branch_operator.py took 0.160 seconds
[2024-05-05T03:07:31.418+0530] {processor.py:161} INFO - Started process (PID=245927) to work on /home/wsl/airflow_venv/lib/python3.10/site-packages/airflow/example_dags/example_branch_operator.py
[2024-05-05T03:07:31.420+0530] {processor.py:830} INFO - Processing file /home/wsl/airflow_venv/lib/python3.10/site-packages/airflow/example_dags/example_branch_operator.py for tasks to queue
[2024-05-05T03:07:31.421+0530] {logging_mixin.py:188} INFO - [2024-05-05T03:07:31.420+0530] {dagbag.py:540} INFO - Filling up the DagBag from /home/wsl/airflow_venv/lib/python3.10/site-packages/airflow/example_dags/example_branch_operator.py
[2024-05-05T03:07:31.568+0530] {processor.py:842} WARNING - No viable dags retrieved from /home/wsl/airflow_venv/lib/python3.10/site-packages/airflow/example_dags/example_branch_operator.py
[2024-05-05T03:07:31.581+0530] {processor.py:183} INFO - Processing /home/wsl/airflow_venv/lib/python3.10/site-packages/airflow/example_dags/example_branch_operator.py took 0.172 seconds
[2024-05-05T03:08:27.132+0530] {processor.py:161} INFO - Started process (PID=246323) to work on /home/wsl/airflow_venv/lib/python3.10/site-packages/airflow/example_dags/example_branch_operator.py
[2024-05-05T03:08:27.134+0530] {processor.py:830} INFO - Processing file /home/wsl/airflow_venv/lib/python3.10/site-packages/airflow/example_dags/example_branch_operator.py for tasks to queue
[2024-05-05T03:08:27.136+0530] {logging_mixin.py:188} INFO - [2024-05-05T03:08:27.135+0530] {dagbag.py:540} INFO - Filling up the DagBag from /home/wsl/airflow_venv/lib/python3.10/site-packages/airflow/example_dags/example_branch_operator.py
[2024-05-05T03:08:27.272+0530] {processor.py:842} WARNING - No viable dags retrieved from /home/wsl/airflow_venv/lib/python3.10/site-packages/airflow/example_dags/example_branch_operator.py
[2024-05-05T03:08:27.287+0530] {processor.py:183} INFO - Processing /home/wsl/airflow_venv/lib/python3.10/site-packages/airflow/example_dags/example_branch_operator.py took 0.163 seconds
[2024-05-05T03:09:21.739+0530] {processor.py:161} INFO - Started process (PID=246714) to work on /home/wsl/airflow_venv/lib/python3.10/site-packages/airflow/example_dags/example_branch_operator.py
[2024-05-05T03:09:21.741+0530] {processor.py:830} INFO - Processing file /home/wsl/airflow_venv/lib/python3.10/site-packages/airflow/example_dags/example_branch_operator.py for tasks to queue
[2024-05-05T03:09:21.742+0530] {logging_mixin.py:188} INFO - [2024-05-05T03:09:21.741+0530] {dagbag.py:540} INFO - Filling up the DagBag from /home/wsl/airflow_venv/lib/python3.10/site-packages/airflow/example_dags/example_branch_operator.py
[2024-05-05T03:09:21.868+0530] {processor.py:842} WARNING - No viable dags retrieved from /home/wsl/airflow_venv/lib/python3.10/site-packages/airflow/example_dags/example_branch_operator.py
[2024-05-05T03:09:21.880+0530] {processor.py:183} INFO - Processing /home/wsl/airflow_venv/lib/python3.10/site-packages/airflow/example_dags/example_branch_operator.py took 0.149 seconds
[2024-05-05T03:10:19.934+0530] {processor.py:161} INFO - Started process (PID=247044) to work on /home/wsl/airflow_venv/lib/python3.10/site-packages/airflow/example_dags/example_branch_operator.py
[2024-05-05T03:10:19.939+0530] {processor.py:830} INFO - Processing file /home/wsl/airflow_venv/lib/python3.10/site-packages/airflow/example_dags/example_branch_operator.py for tasks to queue
[2024-05-05T03:10:19.940+0530] {logging_mixin.py:188} INFO - [2024-05-05T03:10:19.940+0530] {dagbag.py:540} INFO - Filling up the DagBag from /home/wsl/airflow_venv/lib/python3.10/site-packages/airflow/example_dags/example_branch_operator.py
[2024-05-05T03:10:20.088+0530] {processor.py:842} WARNING - No viable dags retrieved from /home/wsl/airflow_venv/lib/python3.10/site-packages/airflow/example_dags/example_branch_operator.py
[2024-05-05T03:10:20.101+0530] {processor.py:183} INFO - Processing /home/wsl/airflow_venv/lib/python3.10/site-packages/airflow/example_dags/example_branch_operator.py took 0.179 seconds
[2024-05-05T03:11:14.455+0530] {processor.py:161} INFO - Started process (PID=247388) to work on /home/wsl/airflow_venv/lib/python3.10/site-packages/airflow/example_dags/example_branch_operator.py
[2024-05-05T03:11:14.462+0530] {processor.py:830} INFO - Processing file /home/wsl/airflow_venv/lib/python3.10/site-packages/airflow/example_dags/example_branch_operator.py for tasks to queue
[2024-05-05T03:11:14.464+0530] {logging_mixin.py:188} INFO - [2024-05-05T03:11:14.463+0530] {dagbag.py:540} INFO - Filling up the DagBag from /home/wsl/airflow_venv/lib/python3.10/site-packages/airflow/example_dags/example_branch_operator.py
[2024-05-05T03:11:14.604+0530] {processor.py:842} WARNING - No viable dags retrieved from /home/wsl/airflow_venv/lib/python3.10/site-packages/airflow/example_dags/example_branch_operator.py
[2024-05-05T03:11:14.617+0530] {processor.py:183} INFO - Processing /home/wsl/airflow_venv/lib/python3.10/site-packages/airflow/example_dags/example_branch_operator.py took 0.179 seconds
[2024-05-05T03:12:10.706+0530] {processor.py:161} INFO - Started process (PID=247704) to work on /home/wsl/airflow_venv/lib/python3.10/site-packages/airflow/example_dags/example_branch_operator.py
[2024-05-05T03:12:10.708+0530] {processor.py:830} INFO - Processing file /home/wsl/airflow_venv/lib/python3.10/site-packages/airflow/example_dags/example_branch_operator.py for tasks to queue
[2024-05-05T03:12:10.709+0530] {logging_mixin.py:188} INFO - [2024-05-05T03:12:10.709+0530] {dagbag.py:540} INFO - Filling up the DagBag from /home/wsl/airflow_venv/lib/python3.10/site-packages/airflow/example_dags/example_branch_operator.py
[2024-05-05T03:12:10.836+0530] {processor.py:842} WARNING - No viable dags retrieved from /home/wsl/airflow_venv/lib/python3.10/site-packages/airflow/example_dags/example_branch_operator.py
[2024-05-05T03:12:10.848+0530] {processor.py:183} INFO - Processing /home/wsl/airflow_venv/lib/python3.10/site-packages/airflow/example_dags/example_branch_operator.py took 0.150 seconds
[2024-05-05T03:13:06.680+0530] {processor.py:161} INFO - Started process (PID=248059) to work on /home/wsl/airflow_venv/lib/python3.10/site-packages/airflow/example_dags/example_branch_operator.py
[2024-05-05T03:13:06.681+0530] {processor.py:830} INFO - Processing file /home/wsl/airflow_venv/lib/python3.10/site-packages/airflow/example_dags/example_branch_operator.py for tasks to queue
[2024-05-05T03:13:06.683+0530] {logging_mixin.py:188} INFO - [2024-05-05T03:13:06.682+0530] {dagbag.py:540} INFO - Filling up the DagBag from /home/wsl/airflow_venv/lib/python3.10/site-packages/airflow/example_dags/example_branch_operator.py
[2024-05-05T03:13:06.810+0530] {processor.py:842} WARNING - No viable dags retrieved from /home/wsl/airflow_venv/lib/python3.10/site-packages/airflow/example_dags/example_branch_operator.py
[2024-05-05T03:13:06.822+0530] {processor.py:183} INFO - Processing /home/wsl/airflow_venv/lib/python3.10/site-packages/airflow/example_dags/example_branch_operator.py took 0.150 seconds
[2024-05-05T03:14:03.673+0530] {processor.py:161} INFO - Started process (PID=248338) to work on /home/wsl/airflow_venv/lib/python3.10/site-packages/airflow/example_dags/example_branch_operator.py
[2024-05-05T03:14:03.675+0530] {processor.py:830} INFO - Processing file /home/wsl/airflow_venv/lib/python3.10/site-packages/airflow/example_dags/example_branch_operator.py for tasks to queue
[2024-05-05T03:14:03.676+0530] {logging_mixin.py:188} INFO - [2024-05-05T03:14:03.675+0530] {dagbag.py:540} INFO - Filling up the DagBag from /home/wsl/airflow_venv/lib/python3.10/site-packages/airflow/example_dags/example_branch_operator.py
[2024-05-05T03:14:03.810+0530] {processor.py:842} WARNING - No viable dags retrieved from /home/wsl/airflow_venv/lib/python3.10/site-packages/airflow/example_dags/example_branch_operator.py
[2024-05-05T03:14:03.827+0530] {processor.py:183} INFO - Processing /home/wsl/airflow_venv/lib/python3.10/site-packages/airflow/example_dags/example_branch_operator.py took 0.165 seconds
[2024-05-05T03:15:01.697+0530] {processor.py:161} INFO - Started process (PID=248683) to work on /home/wsl/airflow_venv/lib/python3.10/site-packages/airflow/example_dags/example_branch_operator.py
[2024-05-05T03:15:01.698+0530] {processor.py:830} INFO - Processing file /home/wsl/airflow_venv/lib/python3.10/site-packages/airflow/example_dags/example_branch_operator.py for tasks to queue
[2024-05-05T03:15:01.700+0530] {logging_mixin.py:188} INFO - [2024-05-05T03:15:01.699+0530] {dagbag.py:540} INFO - Filling up the DagBag from /home/wsl/airflow_venv/lib/python3.10/site-packages/airflow/example_dags/example_branch_operator.py
[2024-05-05T03:15:01.850+0530] {processor.py:842} WARNING - No viable dags retrieved from /home/wsl/airflow_venv/lib/python3.10/site-packages/airflow/example_dags/example_branch_operator.py
[2024-05-05T03:15:01.862+0530] {processor.py:183} INFO - Processing /home/wsl/airflow_venv/lib/python3.10/site-packages/airflow/example_dags/example_branch_operator.py took 0.176 seconds
[2024-05-05T03:16:03.014+0530] {processor.py:161} INFO - Started process (PID=249030) to work on /home/wsl/airflow_venv/lib/python3.10/site-packages/airflow/example_dags/example_branch_operator.py
[2024-05-05T03:16:03.017+0530] {processor.py:830} INFO - Processing file /home/wsl/airflow_venv/lib/python3.10/site-packages/airflow/example_dags/example_branch_operator.py for tasks to queue
[2024-05-05T03:16:03.018+0530] {logging_mixin.py:188} INFO - [2024-05-05T03:16:03.017+0530] {dagbag.py:540} INFO - Filling up the DagBag from /home/wsl/airflow_venv/lib/python3.10/site-packages/airflow/example_dags/example_branch_operator.py
[2024-05-05T03:16:03.174+0530] {processor.py:842} WARNING - No viable dags retrieved from /home/wsl/airflow_venv/lib/python3.10/site-packages/airflow/example_dags/example_branch_operator.py
[2024-05-05T03:16:03.189+0530] {processor.py:183} INFO - Processing /home/wsl/airflow_venv/lib/python3.10/site-packages/airflow/example_dags/example_branch_operator.py took 0.183 seconds
[2024-05-05T03:17:12.873+0530] {processor.py:161} INFO - Started process (PID=249406) to work on /home/wsl/airflow_venv/lib/python3.10/site-packages/airflow/example_dags/example_branch_operator.py
[2024-05-05T03:17:12.876+0530] {processor.py:830} INFO - Processing file /home/wsl/airflow_venv/lib/python3.10/site-packages/airflow/example_dags/example_branch_operator.py for tasks to queue
[2024-05-05T03:17:12.878+0530] {logging_mixin.py:188} INFO - [2024-05-05T03:17:12.877+0530] {dagbag.py:540} INFO - Filling up the DagBag from /home/wsl/airflow_venv/lib/python3.10/site-packages/airflow/example_dags/example_branch_operator.py
[2024-05-05T03:17:13.063+0530] {processor.py:842} WARNING - No viable dags retrieved from /home/wsl/airflow_venv/lib/python3.10/site-packages/airflow/example_dags/example_branch_operator.py
[2024-05-05T03:17:13.079+0530] {processor.py:183} INFO - Processing /home/wsl/airflow_venv/lib/python3.10/site-packages/airflow/example_dags/example_branch_operator.py took 0.219 seconds
[2024-05-05T03:18:41.595+0530] {processor.py:161} INFO - Started process (PID=249870) to work on /home/wsl/airflow_venv/lib/python3.10/site-packages/airflow/example_dags/example_branch_operator.py
[2024-05-05T03:18:41.597+0530] {processor.py:830} INFO - Processing file /home/wsl/airflow_venv/lib/python3.10/site-packages/airflow/example_dags/example_branch_operator.py for tasks to queue
[2024-05-05T03:18:41.600+0530] {logging_mixin.py:188} INFO - [2024-05-05T03:18:41.599+0530] {dagbag.py:540} INFO - Filling up the DagBag from /home/wsl/airflow_venv/lib/python3.10/site-packages/airflow/example_dags/example_branch_operator.py
[2024-05-05T03:18:41.747+0530] {processor.py:842} WARNING - No viable dags retrieved from /home/wsl/airflow_venv/lib/python3.10/site-packages/airflow/example_dags/example_branch_operator.py
[2024-05-05T03:18:41.760+0530] {processor.py:183} INFO - Processing /home/wsl/airflow_venv/lib/python3.10/site-packages/airflow/example_dags/example_branch_operator.py took 0.181 seconds
[2024-05-05T03:19:45.524+0530] {processor.py:161} INFO - Started process (PID=250254) to work on /home/wsl/airflow_venv/lib/python3.10/site-packages/airflow/example_dags/example_branch_operator.py
[2024-05-05T03:19:45.530+0530] {processor.py:830} INFO - Processing file /home/wsl/airflow_venv/lib/python3.10/site-packages/airflow/example_dags/example_branch_operator.py for tasks to queue
[2024-05-05T03:19:45.533+0530] {logging_mixin.py:188} INFO - [2024-05-05T03:19:45.532+0530] {dagbag.py:540} INFO - Filling up the DagBag from /home/wsl/airflow_venv/lib/python3.10/site-packages/airflow/example_dags/example_branch_operator.py
[2024-05-05T03:19:45.658+0530] {processor.py:842} WARNING - No viable dags retrieved from /home/wsl/airflow_venv/lib/python3.10/site-packages/airflow/example_dags/example_branch_operator.py
[2024-05-05T03:19:45.701+0530] {processor.py:183} INFO - Processing /home/wsl/airflow_venv/lib/python3.10/site-packages/airflow/example_dags/example_branch_operator.py took 0.205 seconds
[2024-05-05T03:21:01.851+0530] {processor.py:161} INFO - Started process (PID=250607) to work on /home/wsl/airflow_venv/lib/python3.10/site-packages/airflow/example_dags/example_branch_operator.py
[2024-05-05T03:21:01.855+0530] {processor.py:830} INFO - Processing file /home/wsl/airflow_venv/lib/python3.10/site-packages/airflow/example_dags/example_branch_operator.py for tasks to queue
[2024-05-05T03:21:01.857+0530] {logging_mixin.py:188} INFO - [2024-05-05T03:21:01.856+0530] {dagbag.py:540} INFO - Filling up the DagBag from /home/wsl/airflow_venv/lib/python3.10/site-packages/airflow/example_dags/example_branch_operator.py
[2024-05-05T03:21:01.986+0530] {processor.py:842} WARNING - No viable dags retrieved from /home/wsl/airflow_venv/lib/python3.10/site-packages/airflow/example_dags/example_branch_operator.py
[2024-05-05T03:21:01.998+0530] {processor.py:183} INFO - Processing /home/wsl/airflow_venv/lib/python3.10/site-packages/airflow/example_dags/example_branch_operator.py took 0.164 seconds
[2024-05-05T03:22:09.619+0530] {processor.py:161} INFO - Started process (PID=251033) to work on /home/wsl/airflow_venv/lib/python3.10/site-packages/airflow/example_dags/example_branch_operator.py
[2024-05-05T03:22:09.622+0530] {processor.py:830} INFO - Processing file /home/wsl/airflow_venv/lib/python3.10/site-packages/airflow/example_dags/example_branch_operator.py for tasks to queue
[2024-05-05T03:22:09.624+0530] {logging_mixin.py:188} INFO - [2024-05-05T03:22:09.623+0530] {dagbag.py:540} INFO - Filling up the DagBag from /home/wsl/airflow_venv/lib/python3.10/site-packages/airflow/example_dags/example_branch_operator.py
[2024-05-05T03:22:09.784+0530] {processor.py:842} WARNING - No viable dags retrieved from /home/wsl/airflow_venv/lib/python3.10/site-packages/airflow/example_dags/example_branch_operator.py
[2024-05-05T03:22:09.797+0530] {processor.py:183} INFO - Processing /home/wsl/airflow_venv/lib/python3.10/site-packages/airflow/example_dags/example_branch_operator.py took 0.190 seconds
[2024-05-05T03:23:19.598+0530] {processor.py:161} INFO - Started process (PID=251446) to work on /home/wsl/airflow_venv/lib/python3.10/site-packages/airflow/example_dags/example_branch_operator.py
[2024-05-05T03:23:19.601+0530] {processor.py:830} INFO - Processing file /home/wsl/airflow_venv/lib/python3.10/site-packages/airflow/example_dags/example_branch_operator.py for tasks to queue
[2024-05-05T03:23:19.602+0530] {logging_mixin.py:188} INFO - [2024-05-05T03:23:19.602+0530] {dagbag.py:540} INFO - Filling up the DagBag from /home/wsl/airflow_venv/lib/python3.10/site-packages/airflow/example_dags/example_branch_operator.py
[2024-05-05T03:23:19.809+0530] {processor.py:842} WARNING - No viable dags retrieved from /home/wsl/airflow_venv/lib/python3.10/site-packages/airflow/example_dags/example_branch_operator.py
[2024-05-05T03:23:19.834+0530] {processor.py:183} INFO - Processing /home/wsl/airflow_venv/lib/python3.10/site-packages/airflow/example_dags/example_branch_operator.py took 0.248 seconds
[2024-05-05T03:24:15.547+0530] {processor.py:161} INFO - Started process (PID=251794) to work on /home/wsl/airflow_venv/lib/python3.10/site-packages/airflow/example_dags/example_branch_operator.py
[2024-05-05T03:24:15.551+0530] {processor.py:830} INFO - Processing file /home/wsl/airflow_venv/lib/python3.10/site-packages/airflow/example_dags/example_branch_operator.py for tasks to queue
[2024-05-05T03:24:15.553+0530] {logging_mixin.py:188} INFO - [2024-05-05T03:24:15.552+0530] {dagbag.py:540} INFO - Filling up the DagBag from /home/wsl/airflow_venv/lib/python3.10/site-packages/airflow/example_dags/example_branch_operator.py
[2024-05-05T03:24:15.689+0530] {processor.py:842} WARNING - No viable dags retrieved from /home/wsl/airflow_venv/lib/python3.10/site-packages/airflow/example_dags/example_branch_operator.py
[2024-05-05T03:24:15.701+0530] {processor.py:183} INFO - Processing /home/wsl/airflow_venv/lib/python3.10/site-packages/airflow/example_dags/example_branch_operator.py took 0.164 seconds
[2024-05-05T03:25:07.700+0530] {processor.py:161} INFO - Started process (PID=252099) to work on /home/wsl/airflow_venv/lib/python3.10/site-packages/airflow/example_dags/example_branch_operator.py
[2024-05-05T03:25:07.703+0530] {processor.py:830} INFO - Processing file /home/wsl/airflow_venv/lib/python3.10/site-packages/airflow/example_dags/example_branch_operator.py for tasks to queue
[2024-05-05T03:25:07.704+0530] {logging_mixin.py:188} INFO - [2024-05-05T03:25:07.703+0530] {dagbag.py:540} INFO - Filling up the DagBag from /home/wsl/airflow_venv/lib/python3.10/site-packages/airflow/example_dags/example_branch_operator.py
[2024-05-05T03:25:07.840+0530] {processor.py:842} WARNING - No viable dags retrieved from /home/wsl/airflow_venv/lib/python3.10/site-packages/airflow/example_dags/example_branch_operator.py
[2024-05-05T03:25:07.852+0530] {processor.py:183} INFO - Processing /home/wsl/airflow_venv/lib/python3.10/site-packages/airflow/example_dags/example_branch_operator.py took 0.166 seconds
[2024-05-05T03:26:04.612+0530] {processor.py:161} INFO - Started process (PID=252452) to work on /home/wsl/airflow_venv/lib/python3.10/site-packages/airflow/example_dags/example_branch_operator.py
[2024-05-05T03:26:04.616+0530] {processor.py:830} INFO - Processing file /home/wsl/airflow_venv/lib/python3.10/site-packages/airflow/example_dags/example_branch_operator.py for tasks to queue
[2024-05-05T03:26:04.617+0530] {logging_mixin.py:188} INFO - [2024-05-05T03:26:04.616+0530] {dagbag.py:540} INFO - Filling up the DagBag from /home/wsl/airflow_venv/lib/python3.10/site-packages/airflow/example_dags/example_branch_operator.py
[2024-05-05T03:26:04.749+0530] {processor.py:842} WARNING - No viable dags retrieved from /home/wsl/airflow_venv/lib/python3.10/site-packages/airflow/example_dags/example_branch_operator.py
[2024-05-05T03:26:04.761+0530] {processor.py:183} INFO - Processing /home/wsl/airflow_venv/lib/python3.10/site-packages/airflow/example_dags/example_branch_operator.py took 0.167 seconds
[2024-05-05T03:27:21.996+0530] {processor.py:161} INFO - Started process (PID=252963) to work on /home/wsl/airflow_venv/lib/python3.10/site-packages/airflow/example_dags/example_branch_operator.py
[2024-05-05T03:27:22.006+0530] {processor.py:830} INFO - Processing file /home/wsl/airflow_venv/lib/python3.10/site-packages/airflow/example_dags/example_branch_operator.py for tasks to queue
[2024-05-05T03:27:22.008+0530] {logging_mixin.py:188} INFO - [2024-05-05T03:27:22.007+0530] {dagbag.py:540} INFO - Filling up the DagBag from /home/wsl/airflow_venv/lib/python3.10/site-packages/airflow/example_dags/example_branch_operator.py
[2024-05-05T03:27:22.185+0530] {processor.py:842} WARNING - No viable dags retrieved from /home/wsl/airflow_venv/lib/python3.10/site-packages/airflow/example_dags/example_branch_operator.py
[2024-05-05T03:27:22.207+0530] {processor.py:183} INFO - Processing /home/wsl/airflow_venv/lib/python3.10/site-packages/airflow/example_dags/example_branch_operator.py took 0.243 seconds
