[2024-05-05T01:29:37.777+0530] {processor.py:161} INFO - Started process (PID=237281) to work on /home/wsl/airflow_venv/lib/python3.10/site-packages/airflow/example_dags/example_sensor_decorator.py
[2024-05-05T01:29:37.781+0530] {processor.py:830} INFO - Processing file /home/wsl/airflow_venv/lib/python3.10/site-packages/airflow/example_dags/example_sensor_decorator.py for tasks to queue
[2024-05-05T01:29:37.784+0530] {logging_mixin.py:188} INFO - [2024-05-05T01:29:37.784+0530] {dagbag.py:540} INFO - Filling up the DagBag from /home/wsl/airflow_venv/lib/python3.10/site-packages/airflow/example_dags/example_sensor_decorator.py
[2024-05-05T01:29:37.814+0530] {processor.py:840} INFO - DAG(s) 'example_sensor_decorator' retrieved from /home/wsl/airflow_venv/lib/python3.10/site-packages/airflow/example_dags/example_sensor_decorator.py
[2024-05-05T01:29:38.316+0530] {logging_mixin.py:188} INFO - [2024-05-05T01:29:38.316+0530] {dag.py:3096} INFO - Sync 1 DAGs
[2024-05-05T01:29:39.747+0530] {logging_mixin.py:188} INFO - [2024-05-05T01:29:39.746+0530] {dag.py:3954} INFO - Setting next_dagrun for example_sensor_decorator to None, run_after=None
[2024-05-05T01:29:39.882+0530] {processor.py:183} INFO - Processing /home/wsl/airflow_venv/lib/python3.10/site-packages/airflow/example_dags/example_sensor_decorator.py took 2.136 seconds
[2024-05-05T01:31:01.687+0530] {processor.py:161} INFO - Started process (PID=237852) to work on /home/wsl/airflow_venv/lib/python3.10/site-packages/airflow/example_dags/example_sensor_decorator.py
[2024-05-05T01:31:01.689+0530] {processor.py:830} INFO - Processing file /home/wsl/airflow_venv/lib/python3.10/site-packages/airflow/example_dags/example_sensor_decorator.py for tasks to queue
[2024-05-05T01:31:01.692+0530] {logging_mixin.py:188} INFO - [2024-05-05T01:31:01.691+0530] {dagbag.py:540} INFO - Filling up the DagBag from /home/wsl/airflow_venv/lib/python3.10/site-packages/airflow/example_dags/example_sensor_decorator.py
[2024-05-05T01:31:01.701+0530] {processor.py:840} INFO - DAG(s) 'example_sensor_decorator' retrieved from /home/wsl/airflow_venv/lib/python3.10/site-packages/airflow/example_dags/example_sensor_decorator.py
[2024-05-05T01:31:01.723+0530] {logging_mixin.py:188} INFO - [2024-05-05T01:31:01.723+0530] {dag.py:3096} INFO - Sync 1 DAGs
[2024-05-05T01:31:01.736+0530] {logging_mixin.py:188} INFO - [2024-05-05T01:31:01.735+0530] {dag.py:3954} INFO - Setting next_dagrun for example_sensor_decorator to None, run_after=None
[2024-05-05T01:31:01.766+0530] {processor.py:183} INFO - Processing /home/wsl/airflow_venv/lib/python3.10/site-packages/airflow/example_dags/example_sensor_decorator.py took 0.095 seconds
[2024-05-05T01:32:06.000+0530] {processor.py:161} INFO - Started process (PID=238244) to work on /home/wsl/airflow_venv/lib/python3.10/site-packages/airflow/example_dags/example_sensor_decorator.py
[2024-05-05T01:32:06.001+0530] {processor.py:830} INFO - Processing file /home/wsl/airflow_venv/lib/python3.10/site-packages/airflow/example_dags/example_sensor_decorator.py for tasks to queue
[2024-05-05T01:32:06.004+0530] {logging_mixin.py:188} INFO - [2024-05-05T01:32:06.003+0530] {dagbag.py:540} INFO - Filling up the DagBag from /home/wsl/airflow_venv/lib/python3.10/site-packages/airflow/example_dags/example_sensor_decorator.py
[2024-05-05T01:32:06.011+0530] {processor.py:840} INFO - DAG(s) 'example_sensor_decorator' retrieved from /home/wsl/airflow_venv/lib/python3.10/site-packages/airflow/example_dags/example_sensor_decorator.py
[2024-05-05T01:32:06.028+0530] {logging_mixin.py:188} INFO - [2024-05-05T01:32:06.028+0530] {dag.py:3096} INFO - Sync 1 DAGs
[2024-05-05T01:32:06.041+0530] {logging_mixin.py:188} INFO - [2024-05-05T01:32:06.040+0530] {dag.py:3954} INFO - Setting next_dagrun for example_sensor_decorator to None, run_after=None
[2024-05-05T01:32:06.071+0530] {processor.py:183} INFO - Processing /home/wsl/airflow_venv/lib/python3.10/site-packages/airflow/example_dags/example_sensor_decorator.py took 0.078 seconds
[2024-05-05T01:33:03.852+0530] {processor.py:161} INFO - Started process (PID=238599) to work on /home/wsl/airflow_venv/lib/python3.10/site-packages/airflow/example_dags/example_sensor_decorator.py
[2024-05-05T01:33:03.853+0530] {processor.py:830} INFO - Processing file /home/wsl/airflow_venv/lib/python3.10/site-packages/airflow/example_dags/example_sensor_decorator.py for tasks to queue
[2024-05-05T01:33:03.856+0530] {logging_mixin.py:188} INFO - [2024-05-05T01:33:03.856+0530] {dagbag.py:540} INFO - Filling up the DagBag from /home/wsl/airflow_venv/lib/python3.10/site-packages/airflow/example_dags/example_sensor_decorator.py
[2024-05-05T01:33:03.872+0530] {processor.py:840} INFO - DAG(s) 'example_sensor_decorator' retrieved from /home/wsl/airflow_venv/lib/python3.10/site-packages/airflow/example_dags/example_sensor_decorator.py
[2024-05-05T01:33:03.904+0530] {logging_mixin.py:188} INFO - [2024-05-05T01:33:03.903+0530] {dag.py:3096} INFO - Sync 1 DAGs
[2024-05-05T01:33:03.930+0530] {logging_mixin.py:188} INFO - [2024-05-05T01:33:03.930+0530] {dag.py:3954} INFO - Setting next_dagrun for example_sensor_decorator to None, run_after=None
[2024-05-05T01:33:04.019+0530] {processor.py:183} INFO - Processing /home/wsl/airflow_venv/lib/python3.10/site-packages/airflow/example_dags/example_sensor_decorator.py took 0.182 seconds
[2024-05-05T01:34:49.248+0530] {processor.py:161} INFO - Started process (PID=239327) to work on /home/wsl/airflow_venv/lib/python3.10/site-packages/airflow/example_dags/example_sensor_decorator.py
[2024-05-05T01:34:49.251+0530] {processor.py:830} INFO - Processing file /home/wsl/airflow_venv/lib/python3.10/site-packages/airflow/example_dags/example_sensor_decorator.py for tasks to queue
[2024-05-05T01:34:49.254+0530] {logging_mixin.py:188} INFO - [2024-05-05T01:34:49.253+0530] {dagbag.py:540} INFO - Filling up the DagBag from /home/wsl/airflow_venv/lib/python3.10/site-packages/airflow/example_dags/example_sensor_decorator.py
[2024-05-05T01:34:49.269+0530] {processor.py:840} INFO - DAG(s) 'example_sensor_decorator' retrieved from /home/wsl/airflow_venv/lib/python3.10/site-packages/airflow/example_dags/example_sensor_decorator.py
[2024-05-05T01:34:55.844+0530] {logging_mixin.py:188} INFO - [2024-05-05T01:34:55.844+0530] {dag.py:3096} INFO - Sync 1 DAGs
[2024-05-05T01:34:56.056+0530] {logging_mixin.py:188} INFO - [2024-05-05T01:34:56.056+0530] {dag.py:3954} INFO - Setting next_dagrun for example_sensor_decorator to None, run_after=None
[2024-05-05T02:49:24.852+0530] {processor.py:183} INFO - Processing /home/wsl/airflow_venv/lib/python3.10/site-packages/airflow/example_dags/example_sensor_decorator.py took 9.735 seconds
[2024-05-05T02:51:09.045+0530] {processor.py:161} INFO - Started process (PID=239784) to work on /home/wsl/airflow_venv/lib/python3.10/site-packages/airflow/example_dags/example_sensor_decorator.py
[2024-05-05T02:51:09.049+0530] {processor.py:830} INFO - Processing file /home/wsl/airflow_venv/lib/python3.10/site-packages/airflow/example_dags/example_sensor_decorator.py for tasks to queue
[2024-05-05T02:51:09.051+0530] {logging_mixin.py:188} INFO - [2024-05-05T02:51:09.051+0530] {dagbag.py:540} INFO - Filling up the DagBag from /home/wsl/airflow_venv/lib/python3.10/site-packages/airflow/example_dags/example_sensor_decorator.py
[2024-05-05T02:51:09.067+0530] {processor.py:840} INFO - DAG(s) 'example_sensor_decorator' retrieved from /home/wsl/airflow_venv/lib/python3.10/site-packages/airflow/example_dags/example_sensor_decorator.py
[2024-05-05T02:51:09.238+0530] {logging_mixin.py:188} INFO - [2024-05-05T02:51:09.238+0530] {dag.py:3096} INFO - Sync 1 DAGs
[2024-05-05T02:51:09.249+0530] {logging_mixin.py:188} INFO - [2024-05-05T02:51:09.249+0530] {dag.py:3954} INFO - Setting next_dagrun for example_sensor_decorator to None, run_after=None
[2024-05-05T02:51:09.284+0530] {processor.py:183} INFO - Processing /home/wsl/airflow_venv/lib/python3.10/site-packages/airflow/example_dags/example_sensor_decorator.py took 0.252 seconds
[2024-05-05T02:52:28.355+0530] {processor.py:161} INFO - Started process (PID=240301) to work on /home/wsl/airflow_venv/lib/python3.10/site-packages/airflow/example_dags/example_sensor_decorator.py
[2024-05-05T02:52:28.358+0530] {processor.py:830} INFO - Processing file /home/wsl/airflow_venv/lib/python3.10/site-packages/airflow/example_dags/example_sensor_decorator.py for tasks to queue
[2024-05-05T02:52:28.368+0530] {logging_mixin.py:188} INFO - [2024-05-05T02:52:28.359+0530] {dagbag.py:540} INFO - Filling up the DagBag from /home/wsl/airflow_venv/lib/python3.10/site-packages/airflow/example_dags/example_sensor_decorator.py
[2024-05-05T02:52:28.379+0530] {processor.py:840} INFO - DAG(s) 'example_sensor_decorator' retrieved from /home/wsl/airflow_venv/lib/python3.10/site-packages/airflow/example_dags/example_sensor_decorator.py
[2024-05-05T02:52:28.437+0530] {logging_mixin.py:188} INFO - [2024-05-05T02:52:28.436+0530] {dag.py:3096} INFO - Sync 1 DAGs
[2024-05-05T02:52:28.479+0530] {logging_mixin.py:188} INFO - [2024-05-05T02:52:28.478+0530] {dag.py:3954} INFO - Setting next_dagrun for example_sensor_decorator to None, run_after=None
[2024-05-05T02:52:28.559+0530] {processor.py:183} INFO - Processing /home/wsl/airflow_venv/lib/python3.10/site-packages/airflow/example_dags/example_sensor_decorator.py took 0.222 seconds
[2024-05-05T02:53:34.340+0530] {processor.py:161} INFO - Started process (PID=240605) to work on /home/wsl/airflow_venv/lib/python3.10/site-packages/airflow/example_dags/example_sensor_decorator.py
[2024-05-05T02:53:34.342+0530] {processor.py:830} INFO - Processing file /home/wsl/airflow_venv/lib/python3.10/site-packages/airflow/example_dags/example_sensor_decorator.py for tasks to queue
[2024-05-05T02:53:34.343+0530] {logging_mixin.py:188} INFO - [2024-05-05T02:53:34.343+0530] {dagbag.py:540} INFO - Filling up the DagBag from /home/wsl/airflow_venv/lib/python3.10/site-packages/airflow/example_dags/example_sensor_decorator.py
[2024-05-05T02:53:34.351+0530] {processor.py:840} INFO - DAG(s) 'example_sensor_decorator' retrieved from /home/wsl/airflow_venv/lib/python3.10/site-packages/airflow/example_dags/example_sensor_decorator.py
[2024-05-05T02:53:34.369+0530] {logging_mixin.py:188} INFO - [2024-05-05T02:53:34.369+0530] {dag.py:3096} INFO - Sync 1 DAGs
[2024-05-05T02:53:34.382+0530] {logging_mixin.py:188} INFO - [2024-05-05T02:53:34.382+0530] {dag.py:3954} INFO - Setting next_dagrun for example_sensor_decorator to None, run_after=None
[2024-05-05T02:53:34.412+0530] {processor.py:183} INFO - Processing /home/wsl/airflow_venv/lib/python3.10/site-packages/airflow/example_dags/example_sensor_decorator.py took 0.081 seconds
[2024-05-05T02:55:02.254+0530] {processor.py:161} INFO - Started process (PID=241221) to work on /home/wsl/airflow_venv/lib/python3.10/site-packages/airflow/example_dags/example_sensor_decorator.py
[2024-05-05T02:55:02.257+0530] {processor.py:830} INFO - Processing file /home/wsl/airflow_venv/lib/python3.10/site-packages/airflow/example_dags/example_sensor_decorator.py for tasks to queue
[2024-05-05T02:55:02.259+0530] {logging_mixin.py:188} INFO - [2024-05-05T02:55:02.258+0530] {dagbag.py:540} INFO - Filling up the DagBag from /home/wsl/airflow_venv/lib/python3.10/site-packages/airflow/example_dags/example_sensor_decorator.py
[2024-05-05T02:55:02.270+0530] {processor.py:840} INFO - DAG(s) 'example_sensor_decorator' retrieved from /home/wsl/airflow_venv/lib/python3.10/site-packages/airflow/example_dags/example_sensor_decorator.py
[2024-05-05T02:55:02.293+0530] {logging_mixin.py:188} INFO - [2024-05-05T02:55:02.292+0530] {dag.py:3096} INFO - Sync 1 DAGs
[2024-05-05T02:55:02.310+0530] {logging_mixin.py:188} INFO - [2024-05-05T02:55:02.309+0530] {dag.py:3954} INFO - Setting next_dagrun for example_sensor_decorator to None, run_after=None
[2024-05-05T02:55:02.348+0530] {processor.py:183} INFO - Processing /home/wsl/airflow_venv/lib/python3.10/site-packages/airflow/example_dags/example_sensor_decorator.py took 0.113 seconds
[2024-05-05T02:55:58.627+0530] {processor.py:161} INFO - Started process (PID=241601) to work on /home/wsl/airflow_venv/lib/python3.10/site-packages/airflow/example_dags/example_sensor_decorator.py
[2024-05-05T02:55:58.628+0530] {processor.py:830} INFO - Processing file /home/wsl/airflow_venv/lib/python3.10/site-packages/airflow/example_dags/example_sensor_decorator.py for tasks to queue
[2024-05-05T02:55:58.630+0530] {logging_mixin.py:188} INFO - [2024-05-05T02:55:58.629+0530] {dagbag.py:540} INFO - Filling up the DagBag from /home/wsl/airflow_venv/lib/python3.10/site-packages/airflow/example_dags/example_sensor_decorator.py
[2024-05-05T02:55:58.638+0530] {processor.py:840} INFO - DAG(s) 'example_sensor_decorator' retrieved from /home/wsl/airflow_venv/lib/python3.10/site-packages/airflow/example_dags/example_sensor_decorator.py
[2024-05-05T02:55:58.664+0530] {logging_mixin.py:188} INFO - [2024-05-05T02:55:58.664+0530] {dag.py:3096} INFO - Sync 1 DAGs
[2024-05-05T02:55:58.682+0530] {logging_mixin.py:188} INFO - [2024-05-05T02:55:58.681+0530] {dag.py:3954} INFO - Setting next_dagrun for example_sensor_decorator to None, run_after=None
[2024-05-05T02:55:58.723+0530] {processor.py:183} INFO - Processing /home/wsl/airflow_venv/lib/python3.10/site-packages/airflow/example_dags/example_sensor_decorator.py took 0.106 seconds
[2024-05-05T02:57:20.991+0530] {processor.py:161} INFO - Started process (PID=241997) to work on /home/wsl/airflow_venv/lib/python3.10/site-packages/airflow/example_dags/example_sensor_decorator.py
[2024-05-05T02:57:20.993+0530] {processor.py:830} INFO - Processing file /home/wsl/airflow_venv/lib/python3.10/site-packages/airflow/example_dags/example_sensor_decorator.py for tasks to queue
[2024-05-05T02:57:20.995+0530] {logging_mixin.py:188} INFO - [2024-05-05T02:57:20.994+0530] {dagbag.py:540} INFO - Filling up the DagBag from /home/wsl/airflow_venv/lib/python3.10/site-packages/airflow/example_dags/example_sensor_decorator.py
[2024-05-05T02:57:21.004+0530] {processor.py:840} INFO - DAG(s) 'example_sensor_decorator' retrieved from /home/wsl/airflow_venv/lib/python3.10/site-packages/airflow/example_dags/example_sensor_decorator.py
[2024-05-05T02:57:21.024+0530] {logging_mixin.py:188} INFO - [2024-05-05T02:57:21.024+0530] {dag.py:3096} INFO - Sync 1 DAGs
[2024-05-05T02:57:21.037+0530] {logging_mixin.py:188} INFO - [2024-05-05T02:57:21.037+0530] {dag.py:3954} INFO - Setting next_dagrun for example_sensor_decorator to None, run_after=None
[2024-05-05T02:57:21.220+0530] {processor.py:183} INFO - Processing /home/wsl/airflow_venv/lib/python3.10/site-packages/airflow/example_dags/example_sensor_decorator.py took 0.240 seconds
[2024-05-05T02:58:30.584+0530] {processor.py:161} INFO - Started process (PID=242415) to work on /home/wsl/airflow_venv/lib/python3.10/site-packages/airflow/example_dags/example_sensor_decorator.py
[2024-05-05T02:58:30.586+0530] {processor.py:830} INFO - Processing file /home/wsl/airflow_venv/lib/python3.10/site-packages/airflow/example_dags/example_sensor_decorator.py for tasks to queue
[2024-05-05T02:58:30.587+0530] {logging_mixin.py:188} INFO - [2024-05-05T02:58:30.587+0530] {dagbag.py:540} INFO - Filling up the DagBag from /home/wsl/airflow_venv/lib/python3.10/site-packages/airflow/example_dags/example_sensor_decorator.py
[2024-05-05T02:58:30.597+0530] {processor.py:840} INFO - DAG(s) 'example_sensor_decorator' retrieved from /home/wsl/airflow_venv/lib/python3.10/site-packages/airflow/example_dags/example_sensor_decorator.py
[2024-05-05T02:58:30.616+0530] {logging_mixin.py:188} INFO - [2024-05-05T02:58:30.616+0530] {dag.py:3096} INFO - Sync 1 DAGs
[2024-05-05T02:58:30.628+0530] {logging_mixin.py:188} INFO - [2024-05-05T02:58:30.628+0530] {dag.py:3954} INFO - Setting next_dagrun for example_sensor_decorator to None, run_after=None
[2024-05-05T02:58:30.658+0530] {processor.py:183} INFO - Processing /home/wsl/airflow_venv/lib/python3.10/site-packages/airflow/example_dags/example_sensor_decorator.py took 0.084 seconds
[2024-05-05T02:59:29.554+0530] {processor.py:161} INFO - Started process (PID=242792) to work on /home/wsl/airflow_venv/lib/python3.10/site-packages/airflow/example_dags/example_sensor_decorator.py
[2024-05-05T02:59:29.557+0530] {processor.py:830} INFO - Processing file /home/wsl/airflow_venv/lib/python3.10/site-packages/airflow/example_dags/example_sensor_decorator.py for tasks to queue
[2024-05-05T02:59:29.558+0530] {logging_mixin.py:188} INFO - [2024-05-05T02:59:29.558+0530] {dagbag.py:540} INFO - Filling up the DagBag from /home/wsl/airflow_venv/lib/python3.10/site-packages/airflow/example_dags/example_sensor_decorator.py
[2024-05-05T02:59:29.569+0530] {processor.py:840} INFO - DAG(s) 'example_sensor_decorator' retrieved from /home/wsl/airflow_venv/lib/python3.10/site-packages/airflow/example_dags/example_sensor_decorator.py
[2024-05-05T02:59:29.597+0530] {logging_mixin.py:188} INFO - [2024-05-05T02:59:29.597+0530] {dag.py:3096} INFO - Sync 1 DAGs
[2024-05-05T02:59:29.613+0530] {logging_mixin.py:188} INFO - [2024-05-05T02:59:29.612+0530] {dag.py:3954} INFO - Setting next_dagrun for example_sensor_decorator to None, run_after=None
[2024-05-05T02:59:29.642+0530] {processor.py:183} INFO - Processing /home/wsl/airflow_venv/lib/python3.10/site-packages/airflow/example_dags/example_sensor_decorator.py took 0.095 seconds
[2024-05-05T03:00:26.204+0530] {processor.py:161} INFO - Started process (PID=243162) to work on /home/wsl/airflow_venv/lib/python3.10/site-packages/airflow/example_dags/example_sensor_decorator.py
[2024-05-05T03:00:26.207+0530] {processor.py:830} INFO - Processing file /home/wsl/airflow_venv/lib/python3.10/site-packages/airflow/example_dags/example_sensor_decorator.py for tasks to queue
[2024-05-05T03:00:26.208+0530] {logging_mixin.py:188} INFO - [2024-05-05T03:00:26.207+0530] {dagbag.py:540} INFO - Filling up the DagBag from /home/wsl/airflow_venv/lib/python3.10/site-packages/airflow/example_dags/example_sensor_decorator.py
[2024-05-05T03:00:26.216+0530] {processor.py:840} INFO - DAG(s) 'example_sensor_decorator' retrieved from /home/wsl/airflow_venv/lib/python3.10/site-packages/airflow/example_dags/example_sensor_decorator.py
[2024-05-05T03:00:26.237+0530] {logging_mixin.py:188} INFO - [2024-05-05T03:00:26.237+0530] {dag.py:3096} INFO - Sync 1 DAGs
[2024-05-05T03:00:26.254+0530] {logging_mixin.py:188} INFO - [2024-05-05T03:00:26.254+0530] {dag.py:3954} INFO - Setting next_dagrun for example_sensor_decorator to None, run_after=None
[2024-05-05T03:00:26.324+0530] {processor.py:183} INFO - Processing /home/wsl/airflow_venv/lib/python3.10/site-packages/airflow/example_dags/example_sensor_decorator.py took 0.126 seconds
[2024-05-05T03:01:43.128+0530] {processor.py:161} INFO - Started process (PID=243607) to work on /home/wsl/airflow_venv/lib/python3.10/site-packages/airflow/example_dags/example_sensor_decorator.py
[2024-05-05T03:01:43.147+0530] {processor.py:830} INFO - Processing file /home/wsl/airflow_venv/lib/python3.10/site-packages/airflow/example_dags/example_sensor_decorator.py for tasks to queue
[2024-05-05T03:01:43.148+0530] {logging_mixin.py:188} INFO - [2024-05-05T03:01:43.148+0530] {dagbag.py:540} INFO - Filling up the DagBag from /home/wsl/airflow_venv/lib/python3.10/site-packages/airflow/example_dags/example_sensor_decorator.py
[2024-05-05T03:01:43.159+0530] {processor.py:840} INFO - DAG(s) 'example_sensor_decorator' retrieved from /home/wsl/airflow_venv/lib/python3.10/site-packages/airflow/example_dags/example_sensor_decorator.py
[2024-05-05T03:01:43.186+0530] {logging_mixin.py:188} INFO - [2024-05-05T03:01:43.185+0530] {dag.py:3096} INFO - Sync 1 DAGs
[2024-05-05T03:01:43.199+0530] {logging_mixin.py:188} INFO - [2024-05-05T03:01:43.199+0530] {dag.py:3954} INFO - Setting next_dagrun for example_sensor_decorator to None, run_after=None
[2024-05-05T03:01:43.237+0530] {processor.py:183} INFO - Processing /home/wsl/airflow_venv/lib/python3.10/site-packages/airflow/example_dags/example_sensor_decorator.py took 0.138 seconds
[2024-05-05T03:02:36.413+0530] {processor.py:161} INFO - Started process (PID=244059) to work on /home/wsl/airflow_venv/lib/python3.10/site-packages/airflow/example_dags/example_sensor_decorator.py
[2024-05-05T03:02:36.415+0530] {processor.py:830} INFO - Processing file /home/wsl/airflow_venv/lib/python3.10/site-packages/airflow/example_dags/example_sensor_decorator.py for tasks to queue
[2024-05-05T03:02:36.416+0530] {logging_mixin.py:188} INFO - [2024-05-05T03:02:36.416+0530] {dagbag.py:540} INFO - Filling up the DagBag from /home/wsl/airflow_venv/lib/python3.10/site-packages/airflow/example_dags/example_sensor_decorator.py
[2024-05-05T03:02:36.427+0530] {processor.py:840} INFO - DAG(s) 'example_sensor_decorator' retrieved from /home/wsl/airflow_venv/lib/python3.10/site-packages/airflow/example_dags/example_sensor_decorator.py
[2024-05-05T03:02:36.446+0530] {logging_mixin.py:188} INFO - [2024-05-05T03:02:36.446+0530] {dag.py:3096} INFO - Sync 1 DAGs
[2024-05-05T03:02:36.460+0530] {logging_mixin.py:188} INFO - [2024-05-05T03:02:36.459+0530] {dag.py:3954} INFO - Setting next_dagrun for example_sensor_decorator to None, run_after=None
[2024-05-05T03:02:36.492+0530] {processor.py:183} INFO - Processing /home/wsl/airflow_venv/lib/python3.10/site-packages/airflow/example_dags/example_sensor_decorator.py took 0.087 seconds
[2024-05-05T03:03:30.307+0530] {processor.py:161} INFO - Started process (PID=244350) to work on /home/wsl/airflow_venv/lib/python3.10/site-packages/airflow/example_dags/example_sensor_decorator.py
[2024-05-05T03:03:30.310+0530] {processor.py:830} INFO - Processing file /home/wsl/airflow_venv/lib/python3.10/site-packages/airflow/example_dags/example_sensor_decorator.py for tasks to queue
[2024-05-05T03:03:30.311+0530] {logging_mixin.py:188} INFO - [2024-05-05T03:03:30.310+0530] {dagbag.py:540} INFO - Filling up the DagBag from /home/wsl/airflow_venv/lib/python3.10/site-packages/airflow/example_dags/example_sensor_decorator.py
[2024-05-05T03:03:30.320+0530] {processor.py:840} INFO - DAG(s) 'example_sensor_decorator' retrieved from /home/wsl/airflow_venv/lib/python3.10/site-packages/airflow/example_dags/example_sensor_decorator.py
[2024-05-05T03:03:30.342+0530] {logging_mixin.py:188} INFO - [2024-05-05T03:03:30.342+0530] {dag.py:3096} INFO - Sync 1 DAGs
[2024-05-05T03:03:30.357+0530] {logging_mixin.py:188} INFO - [2024-05-05T03:03:30.357+0530] {dag.py:3954} INFO - Setting next_dagrun for example_sensor_decorator to None, run_after=None
[2024-05-05T03:03:30.405+0530] {processor.py:183} INFO - Processing /home/wsl/airflow_venv/lib/python3.10/site-packages/airflow/example_dags/example_sensor_decorator.py took 0.112 seconds
[2024-05-05T03:04:26.756+0530] {processor.py:161} INFO - Started process (PID=244732) to work on /home/wsl/airflow_venv/lib/python3.10/site-packages/airflow/example_dags/example_sensor_decorator.py
[2024-05-05T03:04:26.759+0530] {processor.py:830} INFO - Processing file /home/wsl/airflow_venv/lib/python3.10/site-packages/airflow/example_dags/example_sensor_decorator.py for tasks to queue
[2024-05-05T03:04:26.760+0530] {logging_mixin.py:188} INFO - [2024-05-05T03:04:26.759+0530] {dagbag.py:540} INFO - Filling up the DagBag from /home/wsl/airflow_venv/lib/python3.10/site-packages/airflow/example_dags/example_sensor_decorator.py
[2024-05-05T03:04:26.767+0530] {processor.py:840} INFO - DAG(s) 'example_sensor_decorator' retrieved from /home/wsl/airflow_venv/lib/python3.10/site-packages/airflow/example_dags/example_sensor_decorator.py
[2024-05-05T03:04:26.785+0530] {logging_mixin.py:188} INFO - [2024-05-05T03:04:26.785+0530] {dag.py:3096} INFO - Sync 1 DAGs
[2024-05-05T03:04:26.798+0530] {logging_mixin.py:188} INFO - [2024-05-05T03:04:26.798+0530] {dag.py:3954} INFO - Setting next_dagrun for example_sensor_decorator to None, run_after=None
[2024-05-05T03:04:26.824+0530] {processor.py:183} INFO - Processing /home/wsl/airflow_venv/lib/python3.10/site-packages/airflow/example_dags/example_sensor_decorator.py took 0.077 seconds
[2024-05-05T03:05:24.939+0530] {processor.py:161} INFO - Started process (PID=245120) to work on /home/wsl/airflow_venv/lib/python3.10/site-packages/airflow/example_dags/example_sensor_decorator.py
[2024-05-05T03:05:24.941+0530] {processor.py:830} INFO - Processing file /home/wsl/airflow_venv/lib/python3.10/site-packages/airflow/example_dags/example_sensor_decorator.py for tasks to queue
[2024-05-05T03:05:24.943+0530] {logging_mixin.py:188} INFO - [2024-05-05T03:05:24.942+0530] {dagbag.py:540} INFO - Filling up the DagBag from /home/wsl/airflow_venv/lib/python3.10/site-packages/airflow/example_dags/example_sensor_decorator.py
[2024-05-05T03:05:24.955+0530] {processor.py:840} INFO - DAG(s) 'example_sensor_decorator' retrieved from /home/wsl/airflow_venv/lib/python3.10/site-packages/airflow/example_dags/example_sensor_decorator.py
[2024-05-05T03:05:24.975+0530] {logging_mixin.py:188} INFO - [2024-05-05T03:05:24.975+0530] {dag.py:3096} INFO - Sync 1 DAGs
[2024-05-05T03:05:24.988+0530] {logging_mixin.py:188} INFO - [2024-05-05T03:05:24.988+0530] {dag.py:3954} INFO - Setting next_dagrun for example_sensor_decorator to None, run_after=None
[2024-05-05T03:05:25.021+0530] {processor.py:183} INFO - Processing /home/wsl/airflow_venv/lib/python3.10/site-packages/airflow/example_dags/example_sensor_decorator.py took 0.095 seconds
[2024-05-05T03:06:19.971+0530] {processor.py:161} INFO - Started process (PID=245499) to work on /home/wsl/airflow_venv/lib/python3.10/site-packages/airflow/example_dags/example_sensor_decorator.py
[2024-05-05T03:06:19.975+0530] {processor.py:830} INFO - Processing file /home/wsl/airflow_venv/lib/python3.10/site-packages/airflow/example_dags/example_sensor_decorator.py for tasks to queue
[2024-05-05T03:06:19.976+0530] {logging_mixin.py:188} INFO - [2024-05-05T03:06:19.975+0530] {dagbag.py:540} INFO - Filling up the DagBag from /home/wsl/airflow_venv/lib/python3.10/site-packages/airflow/example_dags/example_sensor_decorator.py
[2024-05-05T03:06:19.986+0530] {processor.py:840} INFO - DAG(s) 'example_sensor_decorator' retrieved from /home/wsl/airflow_venv/lib/python3.10/site-packages/airflow/example_dags/example_sensor_decorator.py
[2024-05-05T03:06:20.010+0530] {logging_mixin.py:188} INFO - [2024-05-05T03:06:20.010+0530] {dag.py:3096} INFO - Sync 1 DAGs
[2024-05-05T03:06:20.025+0530] {logging_mixin.py:188} INFO - [2024-05-05T03:06:20.025+0530] {dag.py:3954} INFO - Setting next_dagrun for example_sensor_decorator to None, run_after=None
[2024-05-05T03:06:20.056+0530] {processor.py:183} INFO - Processing /home/wsl/airflow_venv/lib/python3.10/site-packages/airflow/example_dags/example_sensor_decorator.py took 0.096 seconds
[2024-05-05T03:07:12.687+0530] {processor.py:161} INFO - Started process (PID=245804) to work on /home/wsl/airflow_venv/lib/python3.10/site-packages/airflow/example_dags/example_sensor_decorator.py
[2024-05-05T03:07:12.689+0530] {processor.py:830} INFO - Processing file /home/wsl/airflow_venv/lib/python3.10/site-packages/airflow/example_dags/example_sensor_decorator.py for tasks to queue
[2024-05-05T03:07:12.691+0530] {logging_mixin.py:188} INFO - [2024-05-05T03:07:12.690+0530] {dagbag.py:540} INFO - Filling up the DagBag from /home/wsl/airflow_venv/lib/python3.10/site-packages/airflow/example_dags/example_sensor_decorator.py
[2024-05-05T03:07:12.702+0530] {processor.py:840} INFO - DAG(s) 'example_sensor_decorator' retrieved from /home/wsl/airflow_venv/lib/python3.10/site-packages/airflow/example_dags/example_sensor_decorator.py
[2024-05-05T03:07:12.725+0530] {logging_mixin.py:188} INFO - [2024-05-05T03:07:12.725+0530] {dag.py:3096} INFO - Sync 1 DAGs
[2024-05-05T03:07:12.740+0530] {logging_mixin.py:188} INFO - [2024-05-05T03:07:12.740+0530] {dag.py:3954} INFO - Setting next_dagrun for example_sensor_decorator to None, run_after=None
[2024-05-05T03:07:12.769+0530] {processor.py:183} INFO - Processing /home/wsl/airflow_venv/lib/python3.10/site-packages/airflow/example_dags/example_sensor_decorator.py took 0.092 seconds
[2024-05-05T03:08:10.218+0530] {processor.py:161} INFO - Started process (PID=246182) to work on /home/wsl/airflow_venv/lib/python3.10/site-packages/airflow/example_dags/example_sensor_decorator.py
[2024-05-05T03:08:10.220+0530] {processor.py:830} INFO - Processing file /home/wsl/airflow_venv/lib/python3.10/site-packages/airflow/example_dags/example_sensor_decorator.py for tasks to queue
[2024-05-05T03:08:10.223+0530] {logging_mixin.py:188} INFO - [2024-05-05T03:08:10.222+0530] {dagbag.py:540} INFO - Filling up the DagBag from /home/wsl/airflow_venv/lib/python3.10/site-packages/airflow/example_dags/example_sensor_decorator.py
[2024-05-05T03:08:10.233+0530] {processor.py:840} INFO - DAG(s) 'example_sensor_decorator' retrieved from /home/wsl/airflow_venv/lib/python3.10/site-packages/airflow/example_dags/example_sensor_decorator.py
[2024-05-05T03:08:10.253+0530] {logging_mixin.py:188} INFO - [2024-05-05T03:08:10.253+0530] {dag.py:3096} INFO - Sync 1 DAGs
[2024-05-05T03:08:10.266+0530] {logging_mixin.py:188} INFO - [2024-05-05T03:08:10.266+0530] {dag.py:3954} INFO - Setting next_dagrun for example_sensor_decorator to None, run_after=None
[2024-05-05T03:08:10.297+0530] {processor.py:183} INFO - Processing /home/wsl/airflow_venv/lib/python3.10/site-packages/airflow/example_dags/example_sensor_decorator.py took 0.086 seconds
[2024-05-05T03:09:05.379+0530] {processor.py:161} INFO - Started process (PID=246591) to work on /home/wsl/airflow_venv/lib/python3.10/site-packages/airflow/example_dags/example_sensor_decorator.py
[2024-05-05T03:09:05.381+0530] {processor.py:830} INFO - Processing file /home/wsl/airflow_venv/lib/python3.10/site-packages/airflow/example_dags/example_sensor_decorator.py for tasks to queue
[2024-05-05T03:09:05.383+0530] {logging_mixin.py:188} INFO - [2024-05-05T03:09:05.382+0530] {dagbag.py:540} INFO - Filling up the DagBag from /home/wsl/airflow_venv/lib/python3.10/site-packages/airflow/example_dags/example_sensor_decorator.py
[2024-05-05T03:09:05.395+0530] {processor.py:840} INFO - DAG(s) 'example_sensor_decorator' retrieved from /home/wsl/airflow_venv/lib/python3.10/site-packages/airflow/example_dags/example_sensor_decorator.py
[2024-05-05T03:09:05.414+0530] {logging_mixin.py:188} INFO - [2024-05-05T03:09:05.414+0530] {dag.py:3096} INFO - Sync 1 DAGs
[2024-05-05T03:09:05.427+0530] {logging_mixin.py:188} INFO - [2024-05-05T03:09:05.427+0530] {dag.py:3954} INFO - Setting next_dagrun for example_sensor_decorator to None, run_after=None
[2024-05-05T03:09:05.456+0530] {processor.py:183} INFO - Processing /home/wsl/airflow_venv/lib/python3.10/site-packages/airflow/example_dags/example_sensor_decorator.py took 0.089 seconds
[2024-05-05T03:10:03.978+0530] {processor.py:161} INFO - Started process (PID=247010) to work on /home/wsl/airflow_venv/lib/python3.10/site-packages/airflow/example_dags/example_sensor_decorator.py
[2024-05-05T03:10:03.980+0530] {processor.py:830} INFO - Processing file /home/wsl/airflow_venv/lib/python3.10/site-packages/airflow/example_dags/example_sensor_decorator.py for tasks to queue
[2024-05-05T03:10:03.982+0530] {logging_mixin.py:188} INFO - [2024-05-05T03:10:03.981+0530] {dagbag.py:540} INFO - Filling up the DagBag from /home/wsl/airflow_venv/lib/python3.10/site-packages/airflow/example_dags/example_sensor_decorator.py
[2024-05-05T03:10:03.989+0530] {processor.py:840} INFO - DAG(s) 'example_sensor_decorator' retrieved from /home/wsl/airflow_venv/lib/python3.10/site-packages/airflow/example_dags/example_sensor_decorator.py
[2024-05-05T03:10:04.007+0530] {logging_mixin.py:188} INFO - [2024-05-05T03:10:04.007+0530] {dag.py:3096} INFO - Sync 1 DAGs
[2024-05-05T03:10:04.020+0530] {logging_mixin.py:188} INFO - [2024-05-05T03:10:04.020+0530] {dag.py:3954} INFO - Setting next_dagrun for example_sensor_decorator to None, run_after=None
[2024-05-05T03:10:04.050+0530] {processor.py:183} INFO - Processing /home/wsl/airflow_venv/lib/python3.10/site-packages/airflow/example_dags/example_sensor_decorator.py took 0.080 seconds
[2024-05-05T03:10:59.016+0530] {processor.py:161} INFO - Started process (PID=247305) to work on /home/wsl/airflow_venv/lib/python3.10/site-packages/airflow/example_dags/example_sensor_decorator.py
[2024-05-05T03:10:59.017+0530] {processor.py:830} INFO - Processing file /home/wsl/airflow_venv/lib/python3.10/site-packages/airflow/example_dags/example_sensor_decorator.py for tasks to queue
[2024-05-05T03:10:59.019+0530] {logging_mixin.py:188} INFO - [2024-05-05T03:10:59.018+0530] {dagbag.py:540} INFO - Filling up the DagBag from /home/wsl/airflow_venv/lib/python3.10/site-packages/airflow/example_dags/example_sensor_decorator.py
[2024-05-05T03:10:59.026+0530] {processor.py:840} INFO - DAG(s) 'example_sensor_decorator' retrieved from /home/wsl/airflow_venv/lib/python3.10/site-packages/airflow/example_dags/example_sensor_decorator.py
[2024-05-05T03:10:59.047+0530] {logging_mixin.py:188} INFO - [2024-05-05T03:10:59.047+0530] {dag.py:3096} INFO - Sync 1 DAGs
[2024-05-05T03:10:59.067+0530] {logging_mixin.py:188} INFO - [2024-05-05T03:10:59.067+0530] {dag.py:3954} INFO - Setting next_dagrun for example_sensor_decorator to None, run_after=None
[2024-05-05T03:10:59.100+0530] {processor.py:183} INFO - Processing /home/wsl/airflow_venv/lib/python3.10/site-packages/airflow/example_dags/example_sensor_decorator.py took 0.093 seconds
[2024-05-05T03:12:21.314+0530] {processor.py:161} INFO - Started process (PID=247733) to work on /home/wsl/airflow_venv/lib/python3.10/site-packages/airflow/example_dags/example_sensor_decorator.py
[2024-05-05T03:12:21.316+0530] {processor.py:830} INFO - Processing file /home/wsl/airflow_venv/lib/python3.10/site-packages/airflow/example_dags/example_sensor_decorator.py for tasks to queue
[2024-05-05T03:12:21.317+0530] {logging_mixin.py:188} INFO - [2024-05-05T03:12:21.317+0530] {dagbag.py:540} INFO - Filling up the DagBag from /home/wsl/airflow_venv/lib/python3.10/site-packages/airflow/example_dags/example_sensor_decorator.py
[2024-05-05T03:12:21.327+0530] {processor.py:840} INFO - DAG(s) 'example_sensor_decorator' retrieved from /home/wsl/airflow_venv/lib/python3.10/site-packages/airflow/example_dags/example_sensor_decorator.py
[2024-05-05T03:12:21.348+0530] {logging_mixin.py:188} INFO - [2024-05-05T03:12:21.348+0530] {dag.py:3096} INFO - Sync 1 DAGs
[2024-05-05T03:12:21.360+0530] {logging_mixin.py:188} INFO - [2024-05-05T03:12:21.360+0530] {dag.py:3954} INFO - Setting next_dagrun for example_sensor_decorator to None, run_after=None
[2024-05-05T03:12:21.388+0530] {processor.py:183} INFO - Processing /home/wsl/airflow_venv/lib/python3.10/site-packages/airflow/example_dags/example_sensor_decorator.py took 0.088 seconds
[2024-05-05T03:13:18.612+0530] {processor.py:161} INFO - Started process (PID=248089) to work on /home/wsl/airflow_venv/lib/python3.10/site-packages/airflow/example_dags/example_sensor_decorator.py
[2024-05-05T03:13:18.614+0530] {processor.py:830} INFO - Processing file /home/wsl/airflow_venv/lib/python3.10/site-packages/airflow/example_dags/example_sensor_decorator.py for tasks to queue
[2024-05-05T03:13:18.615+0530] {logging_mixin.py:188} INFO - [2024-05-05T03:13:18.615+0530] {dagbag.py:540} INFO - Filling up the DagBag from /home/wsl/airflow_venv/lib/python3.10/site-packages/airflow/example_dags/example_sensor_decorator.py
[2024-05-05T03:13:18.626+0530] {processor.py:840} INFO - DAG(s) 'example_sensor_decorator' retrieved from /home/wsl/airflow_venv/lib/python3.10/site-packages/airflow/example_dags/example_sensor_decorator.py
[2024-05-05T03:13:18.648+0530] {logging_mixin.py:188} INFO - [2024-05-05T03:13:18.648+0530] {dag.py:3096} INFO - Sync 1 DAGs
[2024-05-05T03:13:18.666+0530] {logging_mixin.py:188} INFO - [2024-05-05T03:13:18.665+0530] {dag.py:3954} INFO - Setting next_dagrun for example_sensor_decorator to None, run_after=None
[2024-05-05T03:13:18.751+0530] {processor.py:183} INFO - Processing /home/wsl/airflow_venv/lib/python3.10/site-packages/airflow/example_dags/example_sensor_decorator.py took 0.147 seconds
[2024-05-05T03:14:15.225+0530] {processor.py:161} INFO - Started process (PID=248422) to work on /home/wsl/airflow_venv/lib/python3.10/site-packages/airflow/example_dags/example_sensor_decorator.py
[2024-05-05T03:14:15.227+0530] {processor.py:830} INFO - Processing file /home/wsl/airflow_venv/lib/python3.10/site-packages/airflow/example_dags/example_sensor_decorator.py for tasks to queue
[2024-05-05T03:14:15.228+0530] {logging_mixin.py:188} INFO - [2024-05-05T03:14:15.227+0530] {dagbag.py:540} INFO - Filling up the DagBag from /home/wsl/airflow_venv/lib/python3.10/site-packages/airflow/example_dags/example_sensor_decorator.py
[2024-05-05T03:14:15.240+0530] {processor.py:840} INFO - DAG(s) 'example_sensor_decorator' retrieved from /home/wsl/airflow_venv/lib/python3.10/site-packages/airflow/example_dags/example_sensor_decorator.py
[2024-05-05T03:14:15.274+0530] {logging_mixin.py:188} INFO - [2024-05-05T03:14:15.274+0530] {dag.py:3096} INFO - Sync 1 DAGs
[2024-05-05T03:14:15.292+0530] {logging_mixin.py:188} INFO - [2024-05-05T03:14:15.292+0530] {dag.py:3954} INFO - Setting next_dagrun for example_sensor_decorator to None, run_after=None
[2024-05-05T03:14:15.331+0530] {processor.py:183} INFO - Processing /home/wsl/airflow_venv/lib/python3.10/site-packages/airflow/example_dags/example_sensor_decorator.py took 0.113 seconds
[2024-05-05T03:15:13.888+0530] {processor.py:161} INFO - Started process (PID=248748) to work on /home/wsl/airflow_venv/lib/python3.10/site-packages/airflow/example_dags/example_sensor_decorator.py
[2024-05-05T03:15:13.891+0530] {processor.py:830} INFO - Processing file /home/wsl/airflow_venv/lib/python3.10/site-packages/airflow/example_dags/example_sensor_decorator.py for tasks to queue
[2024-05-05T03:15:13.893+0530] {logging_mixin.py:188} INFO - [2024-05-05T03:15:13.892+0530] {dagbag.py:540} INFO - Filling up the DagBag from /home/wsl/airflow_venv/lib/python3.10/site-packages/airflow/example_dags/example_sensor_decorator.py
[2024-05-05T03:15:13.907+0530] {processor.py:840} INFO - DAG(s) 'example_sensor_decorator' retrieved from /home/wsl/airflow_venv/lib/python3.10/site-packages/airflow/example_dags/example_sensor_decorator.py
[2024-05-05T03:15:13.934+0530] {logging_mixin.py:188} INFO - [2024-05-05T03:15:13.933+0530] {dag.py:3096} INFO - Sync 1 DAGs
[2024-05-05T03:15:13.952+0530] {logging_mixin.py:188} INFO - [2024-05-05T03:15:13.952+0530] {dag.py:3954} INFO - Setting next_dagrun for example_sensor_decorator to None, run_after=None
[2024-05-05T03:15:13.998+0530] {processor.py:183} INFO - Processing /home/wsl/airflow_venv/lib/python3.10/site-packages/airflow/example_dags/example_sensor_decorator.py took 0.124 seconds
[2024-05-05T03:16:14.794+0530] {processor.py:161} INFO - Started process (PID=249115) to work on /home/wsl/airflow_venv/lib/python3.10/site-packages/airflow/example_dags/example_sensor_decorator.py
[2024-05-05T03:16:14.812+0530] {processor.py:830} INFO - Processing file /home/wsl/airflow_venv/lib/python3.10/site-packages/airflow/example_dags/example_sensor_decorator.py for tasks to queue
[2024-05-05T03:16:14.814+0530] {logging_mixin.py:188} INFO - [2024-05-05T03:16:14.813+0530] {dagbag.py:540} INFO - Filling up the DagBag from /home/wsl/airflow_venv/lib/python3.10/site-packages/airflow/example_dags/example_sensor_decorator.py
[2024-05-05T03:16:14.827+0530] {processor.py:840} INFO - DAG(s) 'example_sensor_decorator' retrieved from /home/wsl/airflow_venv/lib/python3.10/site-packages/airflow/example_dags/example_sensor_decorator.py
[2024-05-05T03:16:14.852+0530] {logging_mixin.py:188} INFO - [2024-05-05T03:16:14.851+0530] {dag.py:3096} INFO - Sync 1 DAGs
[2024-05-05T03:16:14.872+0530] {logging_mixin.py:188} INFO - [2024-05-05T03:16:14.872+0530] {dag.py:3954} INFO - Setting next_dagrun for example_sensor_decorator to None, run_after=None
[2024-05-05T03:16:14.926+0530] {processor.py:183} INFO - Processing /home/wsl/airflow_venv/lib/python3.10/site-packages/airflow/example_dags/example_sensor_decorator.py took 0.161 seconds
[2024-05-05T03:17:26.276+0530] {processor.py:161} INFO - Started process (PID=249454) to work on /home/wsl/airflow_venv/lib/python3.10/site-packages/airflow/example_dags/example_sensor_decorator.py
[2024-05-05T03:17:26.279+0530] {processor.py:830} INFO - Processing file /home/wsl/airflow_venv/lib/python3.10/site-packages/airflow/example_dags/example_sensor_decorator.py for tasks to queue
[2024-05-05T03:17:26.281+0530] {logging_mixin.py:188} INFO - [2024-05-05T03:17:26.280+0530] {dagbag.py:540} INFO - Filling up the DagBag from /home/wsl/airflow_venv/lib/python3.10/site-packages/airflow/example_dags/example_sensor_decorator.py
[2024-05-05T03:17:26.290+0530] {processor.py:840} INFO - DAG(s) 'example_sensor_decorator' retrieved from /home/wsl/airflow_venv/lib/python3.10/site-packages/airflow/example_dags/example_sensor_decorator.py
[2024-05-05T03:17:26.307+0530] {logging_mixin.py:188} INFO - [2024-05-05T03:17:26.307+0530] {dag.py:3096} INFO - Sync 1 DAGs
[2024-05-05T03:17:26.319+0530] {logging_mixin.py:188} INFO - [2024-05-05T03:17:26.319+0530] {dag.py:3954} INFO - Setting next_dagrun for example_sensor_decorator to None, run_after=None
[2024-05-05T03:17:26.547+0530] {processor.py:183} INFO - Processing /home/wsl/airflow_venv/lib/python3.10/site-packages/airflow/example_dags/example_sensor_decorator.py took 0.285 seconds
[2024-05-05T03:18:52.881+0530] {processor.py:161} INFO - Started process (PID=249902) to work on /home/wsl/airflow_venv/lib/python3.10/site-packages/airflow/example_dags/example_sensor_decorator.py
[2024-05-05T03:18:52.887+0530] {processor.py:830} INFO - Processing file /home/wsl/airflow_venv/lib/python3.10/site-packages/airflow/example_dags/example_sensor_decorator.py for tasks to queue
[2024-05-05T03:18:52.889+0530] {logging_mixin.py:188} INFO - [2024-05-05T03:18:52.888+0530] {dagbag.py:540} INFO - Filling up the DagBag from /home/wsl/airflow_venv/lib/python3.10/site-packages/airflow/example_dags/example_sensor_decorator.py
[2024-05-05T03:18:52.897+0530] {processor.py:840} INFO - DAG(s) 'example_sensor_decorator' retrieved from /home/wsl/airflow_venv/lib/python3.10/site-packages/airflow/example_dags/example_sensor_decorator.py
[2024-05-05T03:18:52.915+0530] {logging_mixin.py:188} INFO - [2024-05-05T03:18:52.915+0530] {dag.py:3096} INFO - Sync 1 DAGs
[2024-05-05T03:18:52.927+0530] {logging_mixin.py:188} INFO - [2024-05-05T03:18:52.927+0530] {dag.py:3954} INFO - Setting next_dagrun for example_sensor_decorator to None, run_after=None
[2024-05-05T03:18:52.956+0530] {processor.py:183} INFO - Processing /home/wsl/airflow_venv/lib/python3.10/site-packages/airflow/example_dags/example_sensor_decorator.py took 0.084 seconds
[2024-05-05T03:19:57.199+0530] {processor.py:161} INFO - Started process (PID=250285) to work on /home/wsl/airflow_venv/lib/python3.10/site-packages/airflow/example_dags/example_sensor_decorator.py
[2024-05-05T03:19:57.202+0530] {processor.py:830} INFO - Processing file /home/wsl/airflow_venv/lib/python3.10/site-packages/airflow/example_dags/example_sensor_decorator.py for tasks to queue
[2024-05-05T03:19:57.203+0530] {logging_mixin.py:188} INFO - [2024-05-05T03:19:57.203+0530] {dagbag.py:540} INFO - Filling up the DagBag from /home/wsl/airflow_venv/lib/python3.10/site-packages/airflow/example_dags/example_sensor_decorator.py
[2024-05-05T03:19:57.215+0530] {processor.py:840} INFO - DAG(s) 'example_sensor_decorator' retrieved from /home/wsl/airflow_venv/lib/python3.10/site-packages/airflow/example_dags/example_sensor_decorator.py
[2024-05-05T03:19:57.259+0530] {logging_mixin.py:188} INFO - [2024-05-05T03:19:57.258+0530] {dag.py:3096} INFO - Sync 1 DAGs
[2024-05-05T03:19:57.289+0530] {logging_mixin.py:188} INFO - [2024-05-05T03:19:57.283+0530] {dag.py:3954} INFO - Setting next_dagrun for example_sensor_decorator to None, run_after=None
[2024-05-05T03:19:57.340+0530] {processor.py:183} INFO - Processing /home/wsl/airflow_venv/lib/python3.10/site-packages/airflow/example_dags/example_sensor_decorator.py took 0.148 seconds
[2024-05-05T03:21:13.613+0530] {processor.py:161} INFO - Started process (PID=250752) to work on /home/wsl/airflow_venv/lib/python3.10/site-packages/airflow/example_dags/example_sensor_decorator.py
[2024-05-05T03:21:13.620+0530] {processor.py:830} INFO - Processing file /home/wsl/airflow_venv/lib/python3.10/site-packages/airflow/example_dags/example_sensor_decorator.py for tasks to queue
[2024-05-05T03:21:13.626+0530] {logging_mixin.py:188} INFO - [2024-05-05T03:21:13.625+0530] {dagbag.py:540} INFO - Filling up the DagBag from /home/wsl/airflow_venv/lib/python3.10/site-packages/airflow/example_dags/example_sensor_decorator.py
[2024-05-05T03:21:13.647+0530] {processor.py:840} INFO - DAG(s) 'example_sensor_decorator' retrieved from /home/wsl/airflow_venv/lib/python3.10/site-packages/airflow/example_dags/example_sensor_decorator.py
[2024-05-05T03:21:13.672+0530] {logging_mixin.py:188} INFO - [2024-05-05T03:21:13.672+0530] {dag.py:3096} INFO - Sync 1 DAGs
[2024-05-05T03:21:13.701+0530] {logging_mixin.py:188} INFO - [2024-05-05T03:21:13.700+0530] {dag.py:3954} INFO - Setting next_dagrun for example_sensor_decorator to None, run_after=None
[2024-05-05T03:21:13.735+0530] {processor.py:183} INFO - Processing /home/wsl/airflow_venv/lib/python3.10/site-packages/airflow/example_dags/example_sensor_decorator.py took 0.142 seconds
[2024-05-05T03:22:21.497+0530] {processor.py:161} INFO - Started process (PID=251115) to work on /home/wsl/airflow_venv/lib/python3.10/site-packages/airflow/example_dags/example_sensor_decorator.py
[2024-05-05T03:22:21.499+0530] {processor.py:830} INFO - Processing file /home/wsl/airflow_venv/lib/python3.10/site-packages/airflow/example_dags/example_sensor_decorator.py for tasks to queue
[2024-05-05T03:22:21.500+0530] {logging_mixin.py:188} INFO - [2024-05-05T03:22:21.500+0530] {dagbag.py:540} INFO - Filling up the DagBag from /home/wsl/airflow_venv/lib/python3.10/site-packages/airflow/example_dags/example_sensor_decorator.py
[2024-05-05T03:22:21.507+0530] {processor.py:840} INFO - DAG(s) 'example_sensor_decorator' retrieved from /home/wsl/airflow_venv/lib/python3.10/site-packages/airflow/example_dags/example_sensor_decorator.py
[2024-05-05T03:22:21.525+0530] {logging_mixin.py:188} INFO - [2024-05-05T03:22:21.524+0530] {dag.py:3096} INFO - Sync 1 DAGs
[2024-05-05T03:22:21.537+0530] {logging_mixin.py:188} INFO - [2024-05-05T03:22:21.537+0530] {dag.py:3954} INFO - Setting next_dagrun for example_sensor_decorator to None, run_after=None
[2024-05-05T03:22:21.569+0530] {processor.py:183} INFO - Processing /home/wsl/airflow_venv/lib/python3.10/site-packages/airflow/example_dags/example_sensor_decorator.py took 0.079 seconds
[2024-05-05T03:23:31.232+0530] {processor.py:161} INFO - Started process (PID=251456) to work on /home/wsl/airflow_venv/lib/python3.10/site-packages/airflow/example_dags/example_sensor_decorator.py
[2024-05-05T03:23:31.235+0530] {processor.py:830} INFO - Processing file /home/wsl/airflow_venv/lib/python3.10/site-packages/airflow/example_dags/example_sensor_decorator.py for tasks to queue
[2024-05-05T03:23:31.237+0530] {logging_mixin.py:188} INFO - [2024-05-05T03:23:31.236+0530] {dagbag.py:540} INFO - Filling up the DagBag from /home/wsl/airflow_venv/lib/python3.10/site-packages/airflow/example_dags/example_sensor_decorator.py
[2024-05-05T03:23:31.245+0530] {processor.py:840} INFO - DAG(s) 'example_sensor_decorator' retrieved from /home/wsl/airflow_venv/lib/python3.10/site-packages/airflow/example_dags/example_sensor_decorator.py
[2024-05-05T03:23:31.262+0530] {logging_mixin.py:188} INFO - [2024-05-05T03:23:31.262+0530] {dag.py:3096} INFO - Sync 1 DAGs
[2024-05-05T03:23:31.276+0530] {logging_mixin.py:188} INFO - [2024-05-05T03:23:31.275+0530] {dag.py:3954} INFO - Setting next_dagrun for example_sensor_decorator to None, run_after=None
[2024-05-05T03:23:31.304+0530] {processor.py:183} INFO - Processing /home/wsl/airflow_venv/lib/python3.10/site-packages/airflow/example_dags/example_sensor_decorator.py took 0.084 seconds
[2024-05-05T03:24:25.643+0530] {processor.py:161} INFO - Started process (PID=251822) to work on /home/wsl/airflow_venv/lib/python3.10/site-packages/airflow/example_dags/example_sensor_decorator.py
[2024-05-05T03:24:25.646+0530] {processor.py:830} INFO - Processing file /home/wsl/airflow_venv/lib/python3.10/site-packages/airflow/example_dags/example_sensor_decorator.py for tasks to queue
[2024-05-05T03:24:25.647+0530] {logging_mixin.py:188} INFO - [2024-05-05T03:24:25.647+0530] {dagbag.py:540} INFO - Filling up the DagBag from /home/wsl/airflow_venv/lib/python3.10/site-packages/airflow/example_dags/example_sensor_decorator.py
[2024-05-05T03:24:25.655+0530] {processor.py:840} INFO - DAG(s) 'example_sensor_decorator' retrieved from /home/wsl/airflow_venv/lib/python3.10/site-packages/airflow/example_dags/example_sensor_decorator.py
[2024-05-05T03:24:25.673+0530] {logging_mixin.py:188} INFO - [2024-05-05T03:24:25.673+0530] {dag.py:3096} INFO - Sync 1 DAGs
[2024-05-05T03:24:25.686+0530] {logging_mixin.py:188} INFO - [2024-05-05T03:24:25.686+0530] {dag.py:3954} INFO - Setting next_dagrun for example_sensor_decorator to None, run_after=None
[2024-05-05T03:24:25.715+0530] {processor.py:183} INFO - Processing /home/wsl/airflow_venv/lib/python3.10/site-packages/airflow/example_dags/example_sensor_decorator.py took 0.082 seconds
[2024-05-05T03:25:43.317+0530] {processor.py:161} INFO - Started process (PID=252287) to work on /home/wsl/airflow_venv/lib/python3.10/site-packages/airflow/example_dags/example_sensor_decorator.py
[2024-05-05T03:25:43.319+0530] {processor.py:830} INFO - Processing file /home/wsl/airflow_venv/lib/python3.10/site-packages/airflow/example_dags/example_sensor_decorator.py for tasks to queue
[2024-05-05T03:25:43.321+0530] {logging_mixin.py:188} INFO - [2024-05-05T03:25:43.320+0530] {dagbag.py:540} INFO - Filling up the DagBag from /home/wsl/airflow_venv/lib/python3.10/site-packages/airflow/example_dags/example_sensor_decorator.py
[2024-05-05T03:25:43.333+0530] {processor.py:840} INFO - DAG(s) 'example_sensor_decorator' retrieved from /home/wsl/airflow_venv/lib/python3.10/site-packages/airflow/example_dags/example_sensor_decorator.py
[2024-05-05T03:25:43.352+0530] {logging_mixin.py:188} INFO - [2024-05-05T03:25:43.352+0530] {dag.py:3096} INFO - Sync 1 DAGs
[2024-05-05T03:25:43.364+0530] {logging_mixin.py:188} INFO - [2024-05-05T03:25:43.364+0530] {dag.py:3954} INFO - Setting next_dagrun for example_sensor_decorator to None, run_after=None
[2024-05-05T03:25:43.390+0530] {processor.py:183} INFO - Processing /home/wsl/airflow_venv/lib/python3.10/site-packages/airflow/example_dags/example_sensor_decorator.py took 0.095 seconds
[2024-05-05T03:26:49.699+0530] {processor.py:161} INFO - Started process (PID=252670) to work on /home/wsl/airflow_venv/lib/python3.10/site-packages/airflow/example_dags/example_sensor_decorator.py
[2024-05-05T03:26:49.715+0530] {processor.py:830} INFO - Processing file /home/wsl/airflow_venv/lib/python3.10/site-packages/airflow/example_dags/example_sensor_decorator.py for tasks to queue
[2024-05-05T03:26:49.717+0530] {logging_mixin.py:188} INFO - [2024-05-05T03:26:49.716+0530] {dagbag.py:540} INFO - Filling up the DagBag from /home/wsl/airflow_venv/lib/python3.10/site-packages/airflow/example_dags/example_sensor_decorator.py
[2024-05-05T03:26:49.728+0530] {processor.py:840} INFO - DAG(s) 'example_sensor_decorator' retrieved from /home/wsl/airflow_venv/lib/python3.10/site-packages/airflow/example_dags/example_sensor_decorator.py
[2024-05-05T03:26:49.747+0530] {logging_mixin.py:188} INFO - [2024-05-05T03:26:49.747+0530] {dag.py:3096} INFO - Sync 1 DAGs
[2024-05-05T03:26:49.760+0530] {logging_mixin.py:188} INFO - [2024-05-05T03:26:49.759+0530] {dag.py:3954} INFO - Setting next_dagrun for example_sensor_decorator to None, run_after=None
[2024-05-05T03:26:50.065+0530] {processor.py:183} INFO - Processing /home/wsl/airflow_venv/lib/python3.10/site-packages/airflow/example_dags/example_sensor_decorator.py took 0.378 seconds
[2024-05-05T03:28:07.409+0530] {processor.py:161} INFO - Started process (PID=253192) to work on /home/wsl/airflow_venv/lib/python3.10/site-packages/airflow/example_dags/example_sensor_decorator.py
[2024-05-05T03:28:07.412+0530] {processor.py:830} INFO - Processing file /home/wsl/airflow_venv/lib/python3.10/site-packages/airflow/example_dags/example_sensor_decorator.py for tasks to queue
[2024-05-05T03:28:07.414+0530] {logging_mixin.py:188} INFO - [2024-05-05T03:28:07.413+0530] {dagbag.py:540} INFO - Filling up the DagBag from /home/wsl/airflow_venv/lib/python3.10/site-packages/airflow/example_dags/example_sensor_decorator.py
[2024-05-05T03:28:07.428+0530] {processor.py:840} INFO - DAG(s) 'example_sensor_decorator' retrieved from /home/wsl/airflow_venv/lib/python3.10/site-packages/airflow/example_dags/example_sensor_decorator.py
[2024-05-05T03:28:07.460+0530] {logging_mixin.py:188} INFO - [2024-05-05T03:28:07.460+0530] {dag.py:3096} INFO - Sync 1 DAGs
[2024-05-05T03:28:07.482+0530] {logging_mixin.py:188} INFO - [2024-05-05T03:28:07.481+0530] {dag.py:3954} INFO - Setting next_dagrun for example_sensor_decorator to None, run_after=None
[2024-05-05T03:28:07.575+0530] {processor.py:183} INFO - Processing /home/wsl/airflow_venv/lib/python3.10/site-packages/airflow/example_dags/example_sensor_decorator.py took 0.180 seconds
