[2024-05-05T01:29:48.850+0530] {processor.py:161} INFO - Started process (PID=237384) to work on /home/wsl/airflow_venv/lib/python3.10/site-packages/airflow/example_dags/example_external_task_marker_dag.py
[2024-05-05T01:29:48.851+0530] {processor.py:830} INFO - Processing file /home/wsl/airflow_venv/lib/python3.10/site-packages/airflow/example_dags/example_external_task_marker_dag.py for tasks to queue
[2024-05-05T01:29:48.853+0530] {logging_mixin.py:188} INFO - [2024-05-05T01:29:48.852+0530] {dagbag.py:540} INFO - Filling up the DagBag from /home/wsl/airflow_venv/lib/python3.10/site-packages/airflow/example_dags/example_external_task_marker_dag.py
[2024-05-05T01:29:48.866+0530] {processor.py:840} INFO - DAG(s) 'example_external_task_marker_parent', 'example_external_task_marker_child' retrieved from /home/wsl/airflow_venv/lib/python3.10/site-packages/airflow/example_dags/example_external_task_marker_dag.py
[2024-05-05T01:29:49.134+0530] {logging_mixin.py:188} INFO - [2024-05-05T01:29:49.133+0530] {dag.py:3096} INFO - Sync 2 DAGs
[2024-05-05T01:29:49.517+0530] {logging_mixin.py:188} INFO - [2024-05-05T01:29:49.517+0530] {dag.py:3954} INFO - Setting next_dagrun for example_external_task_marker_child to None, run_after=None
[2024-05-05T01:29:49.529+0530] {logging_mixin.py:188} INFO - [2024-05-05T01:29:49.529+0530] {dag.py:3954} INFO - Setting next_dagrun for example_external_task_marker_parent to None, run_after=None
[2024-05-05T01:29:49.617+0530] {processor.py:183} INFO - Processing /home/wsl/airflow_venv/lib/python3.10/site-packages/airflow/example_dags/example_external_task_marker_dag.py took 0.775 seconds
[2024-05-05T01:31:05.832+0530] {processor.py:161} INFO - Started process (PID=237856) to work on /home/wsl/airflow_venv/lib/python3.10/site-packages/airflow/example_dags/example_external_task_marker_dag.py
[2024-05-05T01:31:05.834+0530] {processor.py:830} INFO - Processing file /home/wsl/airflow_venv/lib/python3.10/site-packages/airflow/example_dags/example_external_task_marker_dag.py for tasks to queue
[2024-05-05T01:31:05.836+0530] {logging_mixin.py:188} INFO - [2024-05-05T01:31:05.836+0530] {dagbag.py:540} INFO - Filling up the DagBag from /home/wsl/airflow_venv/lib/python3.10/site-packages/airflow/example_dags/example_external_task_marker_dag.py
[2024-05-05T01:31:05.843+0530] {processor.py:840} INFO - DAG(s) 'example_external_task_marker_parent', 'example_external_task_marker_child' retrieved from /home/wsl/airflow_venv/lib/python3.10/site-packages/airflow/example_dags/example_external_task_marker_dag.py
[2024-05-05T01:31:05.863+0530] {logging_mixin.py:188} INFO - [2024-05-05T01:31:05.863+0530] {dag.py:3096} INFO - Sync 2 DAGs
[2024-05-05T01:31:05.875+0530] {logging_mixin.py:188} INFO - [2024-05-05T01:31:05.875+0530] {dag.py:3954} INFO - Setting next_dagrun for example_external_task_marker_child to None, run_after=None
[2024-05-05T01:31:05.879+0530] {logging_mixin.py:188} INFO - [2024-05-05T01:31:05.879+0530] {dag.py:3954} INFO - Setting next_dagrun for example_external_task_marker_parent to None, run_after=None
[2024-05-05T01:31:05.907+0530] {processor.py:183} INFO - Processing /home/wsl/airflow_venv/lib/python3.10/site-packages/airflow/example_dags/example_external_task_marker_dag.py took 0.091 seconds
[2024-05-05T01:32:08.903+0530] {processor.py:161} INFO - Started process (PID=238248) to work on /home/wsl/airflow_venv/lib/python3.10/site-packages/airflow/example_dags/example_external_task_marker_dag.py
[2024-05-05T01:32:08.905+0530] {processor.py:830} INFO - Processing file /home/wsl/airflow_venv/lib/python3.10/site-packages/airflow/example_dags/example_external_task_marker_dag.py for tasks to queue
[2024-05-05T01:32:08.907+0530] {logging_mixin.py:188} INFO - [2024-05-05T01:32:08.906+0530] {dagbag.py:540} INFO - Filling up the DagBag from /home/wsl/airflow_venv/lib/python3.10/site-packages/airflow/example_dags/example_external_task_marker_dag.py
[2024-05-05T01:32:08.915+0530] {processor.py:840} INFO - DAG(s) 'example_external_task_marker_parent', 'example_external_task_marker_child' retrieved from /home/wsl/airflow_venv/lib/python3.10/site-packages/airflow/example_dags/example_external_task_marker_dag.py
[2024-05-05T01:32:08.937+0530] {logging_mixin.py:188} INFO - [2024-05-05T01:32:08.937+0530] {dag.py:3096} INFO - Sync 2 DAGs
[2024-05-05T01:32:08.950+0530] {logging_mixin.py:188} INFO - [2024-05-05T01:32:08.950+0530] {dag.py:3954} INFO - Setting next_dagrun for example_external_task_marker_child to None, run_after=None
[2024-05-05T01:32:08.954+0530] {logging_mixin.py:188} INFO - [2024-05-05T01:32:08.954+0530] {dag.py:3954} INFO - Setting next_dagrun for example_external_task_marker_parent to None, run_after=None
[2024-05-05T01:32:08.984+0530] {processor.py:183} INFO - Processing /home/wsl/airflow_venv/lib/python3.10/site-packages/airflow/example_dags/example_external_task_marker_dag.py took 0.089 seconds
[2024-05-05T01:33:08.904+0530] {processor.py:161} INFO - Started process (PID=238669) to work on /home/wsl/airflow_venv/lib/python3.10/site-packages/airflow/example_dags/example_external_task_marker_dag.py
[2024-05-05T01:33:08.910+0530] {processor.py:830} INFO - Processing file /home/wsl/airflow_venv/lib/python3.10/site-packages/airflow/example_dags/example_external_task_marker_dag.py for tasks to queue
[2024-05-05T01:33:08.919+0530] {logging_mixin.py:188} INFO - [2024-05-05T01:33:08.918+0530] {dagbag.py:540} INFO - Filling up the DagBag from /home/wsl/airflow_venv/lib/python3.10/site-packages/airflow/example_dags/example_external_task_marker_dag.py
[2024-05-05T01:33:08.952+0530] {processor.py:840} INFO - DAG(s) 'example_external_task_marker_parent', 'example_external_task_marker_child' retrieved from /home/wsl/airflow_venv/lib/python3.10/site-packages/airflow/example_dags/example_external_task_marker_dag.py
[2024-05-05T01:33:09.049+0530] {logging_mixin.py:188} INFO - [2024-05-05T01:33:09.049+0530] {dag.py:3096} INFO - Sync 2 DAGs
[2024-05-05T01:33:09.114+0530] {logging_mixin.py:188} INFO - [2024-05-05T01:33:09.114+0530] {dag.py:3954} INFO - Setting next_dagrun for example_external_task_marker_child to None, run_after=None
[2024-05-05T01:33:09.141+0530] {logging_mixin.py:188} INFO - [2024-05-05T01:33:09.130+0530] {dag.py:3954} INFO - Setting next_dagrun for example_external_task_marker_parent to None, run_after=None
[2024-05-05T01:33:09.250+0530] {processor.py:183} INFO - Processing /home/wsl/airflow_venv/lib/python3.10/site-packages/airflow/example_dags/example_external_task_marker_dag.py took 0.378 seconds
[2024-05-05T02:49:37.857+0530] {processor.py:161} INFO - Started process (PID=239357) to work on /home/wsl/airflow_venv/lib/python3.10/site-packages/airflow/example_dags/example_external_task_marker_dag.py
[2024-05-05T02:49:37.876+0530] {processor.py:830} INFO - Processing file /home/wsl/airflow_venv/lib/python3.10/site-packages/airflow/example_dags/example_external_task_marker_dag.py for tasks to queue
[2024-05-05T02:49:37.879+0530] {logging_mixin.py:188} INFO - [2024-05-05T02:49:37.878+0530] {dagbag.py:540} INFO - Filling up the DagBag from /home/wsl/airflow_venv/lib/python3.10/site-packages/airflow/example_dags/example_external_task_marker_dag.py
[2024-05-05T02:49:37.968+0530] {processor.py:840} INFO - DAG(s) 'example_external_task_marker_child', 'example_external_task_marker_parent' retrieved from /home/wsl/airflow_venv/lib/python3.10/site-packages/airflow/example_dags/example_external_task_marker_dag.py
[2024-05-05T02:49:38.252+0530] {logging_mixin.py:188} INFO - [2024-05-05T02:49:38.252+0530] {dag.py:3096} INFO - Sync 2 DAGs
[2024-05-05T02:49:38.419+0530] {logging_mixin.py:188} INFO - [2024-05-05T02:49:38.419+0530] {dag.py:3954} INFO - Setting next_dagrun for example_external_task_marker_child to None, run_after=None
[2024-05-05T02:49:38.690+0530] {logging_mixin.py:188} INFO - [2024-05-05T02:49:38.690+0530] {dag.py:3954} INFO - Setting next_dagrun for example_external_task_marker_parent to None, run_after=None
[2024-05-05T02:49:39.048+0530] {processor.py:183} INFO - Processing /home/wsl/airflow_venv/lib/python3.10/site-packages/airflow/example_dags/example_external_task_marker_dag.py took 1.216 seconds
[2024-05-05T02:51:13.372+0530] {processor.py:161} INFO - Started process (PID=239887) to work on /home/wsl/airflow_venv/lib/python3.10/site-packages/airflow/example_dags/example_external_task_marker_dag.py
[2024-05-05T02:51:13.374+0530] {processor.py:830} INFO - Processing file /home/wsl/airflow_venv/lib/python3.10/site-packages/airflow/example_dags/example_external_task_marker_dag.py for tasks to queue
[2024-05-05T02:51:13.376+0530] {logging_mixin.py:188} INFO - [2024-05-05T02:51:13.376+0530] {dagbag.py:540} INFO - Filling up the DagBag from /home/wsl/airflow_venv/lib/python3.10/site-packages/airflow/example_dags/example_external_task_marker_dag.py
[2024-05-05T02:51:13.391+0530] {processor.py:840} INFO - DAG(s) 'example_external_task_marker_child', 'example_external_task_marker_parent' retrieved from /home/wsl/airflow_venv/lib/python3.10/site-packages/airflow/example_dags/example_external_task_marker_dag.py
[2024-05-05T02:51:13.419+0530] {logging_mixin.py:188} INFO - [2024-05-05T02:51:13.419+0530] {dag.py:3096} INFO - Sync 2 DAGs
[2024-05-05T02:51:13.436+0530] {logging_mixin.py:188} INFO - [2024-05-05T02:51:13.436+0530] {dag.py:3954} INFO - Setting next_dagrun for example_external_task_marker_child to None, run_after=None
[2024-05-05T02:51:13.440+0530] {logging_mixin.py:188} INFO - [2024-05-05T02:51:13.440+0530] {dag.py:3954} INFO - Setting next_dagrun for example_external_task_marker_parent to None, run_after=None
[2024-05-05T02:51:13.473+0530] {processor.py:183} INFO - Processing /home/wsl/airflow_venv/lib/python3.10/site-packages/airflow/example_dags/example_external_task_marker_dag.py took 0.109 seconds
[2024-05-05T02:52:34.002+0530] {processor.py:161} INFO - Started process (PID=240308) to work on /home/wsl/airflow_venv/lib/python3.10/site-packages/airflow/example_dags/example_external_task_marker_dag.py
[2024-05-05T02:52:34.012+0530] {processor.py:830} INFO - Processing file /home/wsl/airflow_venv/lib/python3.10/site-packages/airflow/example_dags/example_external_task_marker_dag.py for tasks to queue
[2024-05-05T02:52:34.014+0530] {logging_mixin.py:188} INFO - [2024-05-05T02:52:34.013+0530] {dagbag.py:540} INFO - Filling up the DagBag from /home/wsl/airflow_venv/lib/python3.10/site-packages/airflow/example_dags/example_external_task_marker_dag.py
[2024-05-05T02:52:34.045+0530] {processor.py:840} INFO - DAG(s) 'example_external_task_marker_parent', 'example_external_task_marker_child' retrieved from /home/wsl/airflow_venv/lib/python3.10/site-packages/airflow/example_dags/example_external_task_marker_dag.py
[2024-05-05T02:52:34.241+0530] {logging_mixin.py:188} INFO - [2024-05-05T02:52:34.241+0530] {dag.py:3096} INFO - Sync 2 DAGs
[2024-05-05T02:52:34.272+0530] {logging_mixin.py:188} INFO - [2024-05-05T02:52:34.272+0530] {dag.py:3954} INFO - Setting next_dagrun for example_external_task_marker_child to None, run_after=None
[2024-05-05T02:52:34.280+0530] {logging_mixin.py:188} INFO - [2024-05-05T02:52:34.279+0530] {dag.py:3954} INFO - Setting next_dagrun for example_external_task_marker_parent to None, run_after=None
[2024-05-05T02:52:34.947+0530] {processor.py:183} INFO - Processing /home/wsl/airflow_venv/lib/python3.10/site-packages/airflow/example_dags/example_external_task_marker_dag.py took 0.952 seconds
[2024-05-05T02:53:38.092+0530] {processor.py:161} INFO - Started process (PID=240692) to work on /home/wsl/airflow_venv/lib/python3.10/site-packages/airflow/example_dags/example_external_task_marker_dag.py
[2024-05-05T02:53:38.094+0530] {processor.py:830} INFO - Processing file /home/wsl/airflow_venv/lib/python3.10/site-packages/airflow/example_dags/example_external_task_marker_dag.py for tasks to queue
[2024-05-05T02:53:38.096+0530] {logging_mixin.py:188} INFO - [2024-05-05T02:53:38.096+0530] {dagbag.py:540} INFO - Filling up the DagBag from /home/wsl/airflow_venv/lib/python3.10/site-packages/airflow/example_dags/example_external_task_marker_dag.py
[2024-05-05T02:53:38.112+0530] {processor.py:840} INFO - DAG(s) 'example_external_task_marker_parent', 'example_external_task_marker_child' retrieved from /home/wsl/airflow_venv/lib/python3.10/site-packages/airflow/example_dags/example_external_task_marker_dag.py
[2024-05-05T02:53:38.154+0530] {logging_mixin.py:188} INFO - [2024-05-05T02:53:38.153+0530] {dag.py:3096} INFO - Sync 2 DAGs
[2024-05-05T02:53:38.177+0530] {logging_mixin.py:188} INFO - [2024-05-05T02:53:38.176+0530] {dag.py:3954} INFO - Setting next_dagrun for example_external_task_marker_child to None, run_after=None
[2024-05-05T02:53:38.184+0530] {logging_mixin.py:188} INFO - [2024-05-05T02:53:38.183+0530] {dag.py:3954} INFO - Setting next_dagrun for example_external_task_marker_parent to None, run_after=None
[2024-05-05T02:53:38.213+0530] {processor.py:183} INFO - Processing /home/wsl/airflow_venv/lib/python3.10/site-packages/airflow/example_dags/example_external_task_marker_dag.py took 0.138 seconds
[2024-05-05T02:55:04.780+0530] {processor.py:161} INFO - Started process (PID=241225) to work on /home/wsl/airflow_venv/lib/python3.10/site-packages/airflow/example_dags/example_external_task_marker_dag.py
[2024-05-05T02:55:04.782+0530] {processor.py:830} INFO - Processing file /home/wsl/airflow_venv/lib/python3.10/site-packages/airflow/example_dags/example_external_task_marker_dag.py for tasks to queue
[2024-05-05T02:55:04.785+0530] {logging_mixin.py:188} INFO - [2024-05-05T02:55:04.784+0530] {dagbag.py:540} INFO - Filling up the DagBag from /home/wsl/airflow_venv/lib/python3.10/site-packages/airflow/example_dags/example_external_task_marker_dag.py
[2024-05-05T02:55:04.804+0530] {processor.py:840} INFO - DAG(s) 'example_external_task_marker_parent', 'example_external_task_marker_child' retrieved from /home/wsl/airflow_venv/lib/python3.10/site-packages/airflow/example_dags/example_external_task_marker_dag.py
[2024-05-05T02:55:04.854+0530] {logging_mixin.py:188} INFO - [2024-05-05T02:55:04.854+0530] {dag.py:3096} INFO - Sync 2 DAGs
[2024-05-05T02:55:04.871+0530] {logging_mixin.py:188} INFO - [2024-05-05T02:55:04.871+0530] {dag.py:3954} INFO - Setting next_dagrun for example_external_task_marker_child to None, run_after=None
[2024-05-05T02:55:04.877+0530] {logging_mixin.py:188} INFO - [2024-05-05T02:55:04.877+0530] {dag.py:3954} INFO - Setting next_dagrun for example_external_task_marker_parent to None, run_after=None
[2024-05-05T02:55:04.901+0530] {processor.py:183} INFO - Processing /home/wsl/airflow_venv/lib/python3.10/site-packages/airflow/example_dags/example_external_task_marker_dag.py took 0.136 seconds
[2024-05-05T02:56:38.816+0530] {processor.py:161} INFO - Started process (PID=241701) to work on /home/wsl/airflow_venv/lib/python3.10/site-packages/airflow/example_dags/example_external_task_marker_dag.py
[2024-05-05T02:56:38.824+0530] {processor.py:830} INFO - Processing file /home/wsl/airflow_venv/lib/python3.10/site-packages/airflow/example_dags/example_external_task_marker_dag.py for tasks to queue
[2024-05-05T02:56:38.829+0530] {logging_mixin.py:188} INFO - [2024-05-05T02:56:38.826+0530] {dagbag.py:540} INFO - Filling up the DagBag from /home/wsl/airflow_venv/lib/python3.10/site-packages/airflow/example_dags/example_external_task_marker_dag.py
[2024-05-05T02:56:38.860+0530] {processor.py:840} INFO - DAG(s) 'example_external_task_marker_child', 'example_external_task_marker_parent' retrieved from /home/wsl/airflow_venv/lib/python3.10/site-packages/airflow/example_dags/example_external_task_marker_dag.py
[2024-05-05T02:56:38.911+0530] {logging_mixin.py:188} INFO - [2024-05-05T02:56:38.911+0530] {dag.py:3096} INFO - Sync 2 DAGs
[2024-05-05T02:56:38.942+0530] {logging_mixin.py:188} INFO - [2024-05-05T02:56:38.941+0530] {dag.py:3954} INFO - Setting next_dagrun for example_external_task_marker_child to None, run_after=None
[2024-05-05T02:56:38.946+0530] {logging_mixin.py:188} INFO - [2024-05-05T02:56:38.946+0530] {dag.py:3954} INFO - Setting next_dagrun for example_external_task_marker_parent to None, run_after=None
[2024-05-05T02:56:39.180+0530] {processor.py:183} INFO - Processing /home/wsl/airflow_venv/lib/python3.10/site-packages/airflow/example_dags/example_external_task_marker_dag.py took 0.379 seconds
[2024-05-05T02:58:00.490+0530] {processor.py:161} INFO - Started process (PID=242233) to work on /home/wsl/airflow_venv/lib/python3.10/site-packages/airflow/example_dags/example_external_task_marker_dag.py
[2024-05-05T02:58:00.492+0530] {processor.py:830} INFO - Processing file /home/wsl/airflow_venv/lib/python3.10/site-packages/airflow/example_dags/example_external_task_marker_dag.py for tasks to queue
[2024-05-05T02:58:00.493+0530] {logging_mixin.py:188} INFO - [2024-05-05T02:58:00.493+0530] {dagbag.py:540} INFO - Filling up the DagBag from /home/wsl/airflow_venv/lib/python3.10/site-packages/airflow/example_dags/example_external_task_marker_dag.py
[2024-05-05T02:58:00.504+0530] {processor.py:840} INFO - DAG(s) 'example_external_task_marker_child', 'example_external_task_marker_parent' retrieved from /home/wsl/airflow_venv/lib/python3.10/site-packages/airflow/example_dags/example_external_task_marker_dag.py
[2024-05-05T02:58:00.531+0530] {logging_mixin.py:188} INFO - [2024-05-05T02:58:00.531+0530] {dag.py:3096} INFO - Sync 2 DAGs
[2024-05-05T02:58:00.548+0530] {logging_mixin.py:188} INFO - [2024-05-05T02:58:00.547+0530] {dag.py:3954} INFO - Setting next_dagrun for example_external_task_marker_child to None, run_after=None
[2024-05-05T02:58:00.555+0530] {logging_mixin.py:188} INFO - [2024-05-05T02:58:00.555+0530] {dag.py:3954} INFO - Setting next_dagrun for example_external_task_marker_parent to None, run_after=None
[2024-05-05T02:58:00.589+0530] {processor.py:183} INFO - Processing /home/wsl/airflow_venv/lib/python3.10/site-packages/airflow/example_dags/example_external_task_marker_dag.py took 0.111 seconds
[2024-05-05T02:59:00.709+0530] {processor.py:161} INFO - Started process (PID=242608) to work on /home/wsl/airflow_venv/lib/python3.10/site-packages/airflow/example_dags/example_external_task_marker_dag.py
[2024-05-05T02:59:00.712+0530] {processor.py:830} INFO - Processing file /home/wsl/airflow_venv/lib/python3.10/site-packages/airflow/example_dags/example_external_task_marker_dag.py for tasks to queue
[2024-05-05T02:59:00.714+0530] {logging_mixin.py:188} INFO - [2024-05-05T02:59:00.713+0530] {dagbag.py:540} INFO - Filling up the DagBag from /home/wsl/airflow_venv/lib/python3.10/site-packages/airflow/example_dags/example_external_task_marker_dag.py
[2024-05-05T02:59:00.723+0530] {processor.py:840} INFO - DAG(s) 'example_external_task_marker_parent', 'example_external_task_marker_child' retrieved from /home/wsl/airflow_venv/lib/python3.10/site-packages/airflow/example_dags/example_external_task_marker_dag.py
[2024-05-05T02:59:00.754+0530] {logging_mixin.py:188} INFO - [2024-05-05T02:59:00.754+0530] {dag.py:3096} INFO - Sync 2 DAGs
[2024-05-05T02:59:00.781+0530] {logging_mixin.py:188} INFO - [2024-05-05T02:59:00.781+0530] {dag.py:3954} INFO - Setting next_dagrun for example_external_task_marker_child to None, run_after=None
[2024-05-05T02:59:00.791+0530] {logging_mixin.py:188} INFO - [2024-05-05T02:59:00.791+0530] {dag.py:3954} INFO - Setting next_dagrun for example_external_task_marker_parent to None, run_after=None
[2024-05-05T02:59:00.841+0530] {processor.py:183} INFO - Processing /home/wsl/airflow_venv/lib/python3.10/site-packages/airflow/example_dags/example_external_task_marker_dag.py took 0.147 seconds
[2024-05-05T02:59:55.637+0530] {processor.py:161} INFO - Started process (PID=242968) to work on /home/wsl/airflow_venv/lib/python3.10/site-packages/airflow/example_dags/example_external_task_marker_dag.py
[2024-05-05T02:59:55.640+0530] {processor.py:830} INFO - Processing file /home/wsl/airflow_venv/lib/python3.10/site-packages/airflow/example_dags/example_external_task_marker_dag.py for tasks to queue
[2024-05-05T02:59:55.641+0530] {logging_mixin.py:188} INFO - [2024-05-05T02:59:55.641+0530] {dagbag.py:540} INFO - Filling up the DagBag from /home/wsl/airflow_venv/lib/python3.10/site-packages/airflow/example_dags/example_external_task_marker_dag.py
[2024-05-05T02:59:55.654+0530] {processor.py:840} INFO - DAG(s) 'example_external_task_marker_child', 'example_external_task_marker_parent' retrieved from /home/wsl/airflow_venv/lib/python3.10/site-packages/airflow/example_dags/example_external_task_marker_dag.py
[2024-05-05T02:59:55.683+0530] {logging_mixin.py:188} INFO - [2024-05-05T02:59:55.683+0530] {dag.py:3096} INFO - Sync 2 DAGs
[2024-05-05T02:59:55.702+0530] {logging_mixin.py:188} INFO - [2024-05-05T02:59:55.702+0530] {dag.py:3954} INFO - Setting next_dagrun for example_external_task_marker_child to None, run_after=None
[2024-05-05T02:59:55.706+0530] {logging_mixin.py:188} INFO - [2024-05-05T02:59:55.706+0530] {dag.py:3954} INFO - Setting next_dagrun for example_external_task_marker_parent to None, run_after=None
[2024-05-05T02:59:55.743+0530] {processor.py:183} INFO - Processing /home/wsl/airflow_venv/lib/python3.10/site-packages/airflow/example_dags/example_external_task_marker_dag.py took 0.119 seconds
[2024-05-05T03:00:51.249+0530] {processor.py:161} INFO - Started process (PID=243353) to work on /home/wsl/airflow_venv/lib/python3.10/site-packages/airflow/example_dags/example_external_task_marker_dag.py
[2024-05-05T03:00:51.251+0530] {processor.py:830} INFO - Processing file /home/wsl/airflow_venv/lib/python3.10/site-packages/airflow/example_dags/example_external_task_marker_dag.py for tasks to queue
[2024-05-05T03:00:51.252+0530] {logging_mixin.py:188} INFO - [2024-05-05T03:00:51.251+0530] {dagbag.py:540} INFO - Filling up the DagBag from /home/wsl/airflow_venv/lib/python3.10/site-packages/airflow/example_dags/example_external_task_marker_dag.py
[2024-05-05T03:00:51.261+0530] {processor.py:840} INFO - DAG(s) 'example_external_task_marker_parent', 'example_external_task_marker_child' retrieved from /home/wsl/airflow_venv/lib/python3.10/site-packages/airflow/example_dags/example_external_task_marker_dag.py
[2024-05-05T03:00:51.284+0530] {logging_mixin.py:188} INFO - [2024-05-05T03:00:51.284+0530] {dag.py:3096} INFO - Sync 2 DAGs
[2024-05-05T03:00:51.301+0530] {logging_mixin.py:188} INFO - [2024-05-05T03:00:51.301+0530] {dag.py:3954} INFO - Setting next_dagrun for example_external_task_marker_child to None, run_after=None
[2024-05-05T03:00:51.305+0530] {logging_mixin.py:188} INFO - [2024-05-05T03:00:51.305+0530] {dag.py:3954} INFO - Setting next_dagrun for example_external_task_marker_parent to None, run_after=None
[2024-05-05T03:00:51.335+0530] {processor.py:183} INFO - Processing /home/wsl/airflow_venv/lib/python3.10/site-packages/airflow/example_dags/example_external_task_marker_dag.py took 0.099 seconds
[2024-05-05T03:02:11.590+0530] {processor.py:161} INFO - Started process (PID=243861) to work on /home/wsl/airflow_venv/lib/python3.10/site-packages/airflow/example_dags/example_external_task_marker_dag.py
[2024-05-05T03:02:11.592+0530] {processor.py:830} INFO - Processing file /home/wsl/airflow_venv/lib/python3.10/site-packages/airflow/example_dags/example_external_task_marker_dag.py for tasks to queue
[2024-05-05T03:02:11.593+0530] {logging_mixin.py:188} INFO - [2024-05-05T03:02:11.593+0530] {dagbag.py:540} INFO - Filling up the DagBag from /home/wsl/airflow_venv/lib/python3.10/site-packages/airflow/example_dags/example_external_task_marker_dag.py
[2024-05-05T03:02:11.603+0530] {processor.py:840} INFO - DAG(s) 'example_external_task_marker_child', 'example_external_task_marker_parent' retrieved from /home/wsl/airflow_venv/lib/python3.10/site-packages/airflow/example_dags/example_external_task_marker_dag.py
[2024-05-05T03:02:11.637+0530] {logging_mixin.py:188} INFO - [2024-05-05T03:02:11.637+0530] {dag.py:3096} INFO - Sync 2 DAGs
[2024-05-05T03:02:11.653+0530] {logging_mixin.py:188} INFO - [2024-05-05T03:02:11.652+0530] {dag.py:3954} INFO - Setting next_dagrun for example_external_task_marker_child to None, run_after=None
[2024-05-05T03:02:11.656+0530] {logging_mixin.py:188} INFO - [2024-05-05T03:02:11.656+0530] {dag.py:3954} INFO - Setting next_dagrun for example_external_task_marker_parent to None, run_after=None
[2024-05-05T03:02:11.684+0530] {processor.py:183} INFO - Processing /home/wsl/airflow_venv/lib/python3.10/site-packages/airflow/example_dags/example_external_task_marker_dag.py took 0.105 seconds
[2024-05-05T03:03:31.212+0530] {processor.py:161} INFO - Started process (PID=244391) to work on /home/wsl/airflow_venv/lib/python3.10/site-packages/airflow/example_dags/example_external_task_marker_dag.py
[2024-05-05T03:03:31.214+0530] {processor.py:830} INFO - Processing file /home/wsl/airflow_venv/lib/python3.10/site-packages/airflow/example_dags/example_external_task_marker_dag.py for tasks to queue
[2024-05-05T03:03:31.215+0530] {logging_mixin.py:188} INFO - [2024-05-05T03:03:31.215+0530] {dagbag.py:540} INFO - Filling up the DagBag from /home/wsl/airflow_venv/lib/python3.10/site-packages/airflow/example_dags/example_external_task_marker_dag.py
[2024-05-05T03:03:31.222+0530] {processor.py:840} INFO - DAG(s) 'example_external_task_marker_parent', 'example_external_task_marker_child' retrieved from /home/wsl/airflow_venv/lib/python3.10/site-packages/airflow/example_dags/example_external_task_marker_dag.py
[2024-05-05T03:03:31.246+0530] {logging_mixin.py:188} INFO - [2024-05-05T03:03:31.245+0530] {dag.py:3096} INFO - Sync 2 DAGs
[2024-05-05T03:03:31.259+0530] {logging_mixin.py:188} INFO - [2024-05-05T03:03:31.258+0530] {dag.py:3954} INFO - Setting next_dagrun for example_external_task_marker_child to None, run_after=None
[2024-05-05T03:03:31.262+0530] {logging_mixin.py:188} INFO - [2024-05-05T03:03:31.262+0530] {dag.py:3954} INFO - Setting next_dagrun for example_external_task_marker_parent to None, run_after=None
[2024-05-05T03:03:31.289+0530] {processor.py:183} INFO - Processing /home/wsl/airflow_venv/lib/python3.10/site-packages/airflow/example_dags/example_external_task_marker_dag.py took 0.084 seconds
[2024-05-05T03:04:29.285+0530] {processor.py:161} INFO - Started process (PID=244734) to work on /home/wsl/airflow_venv/lib/python3.10/site-packages/airflow/example_dags/example_external_task_marker_dag.py
[2024-05-05T03:04:29.288+0530] {processor.py:830} INFO - Processing file /home/wsl/airflow_venv/lib/python3.10/site-packages/airflow/example_dags/example_external_task_marker_dag.py for tasks to queue
[2024-05-05T03:04:29.290+0530] {logging_mixin.py:188} INFO - [2024-05-05T03:04:29.289+0530] {dagbag.py:540} INFO - Filling up the DagBag from /home/wsl/airflow_venv/lib/python3.10/site-packages/airflow/example_dags/example_external_task_marker_dag.py
[2024-05-05T03:04:29.297+0530] {processor.py:840} INFO - DAG(s) 'example_external_task_marker_parent', 'example_external_task_marker_child' retrieved from /home/wsl/airflow_venv/lib/python3.10/site-packages/airflow/example_dags/example_external_task_marker_dag.py
[2024-05-05T03:04:29.319+0530] {logging_mixin.py:188} INFO - [2024-05-05T03:04:29.318+0530] {dag.py:3096} INFO - Sync 2 DAGs
[2024-05-05T03:04:29.332+0530] {logging_mixin.py:188} INFO - [2024-05-05T03:04:29.332+0530] {dag.py:3954} INFO - Setting next_dagrun for example_external_task_marker_child to None, run_after=None
[2024-05-05T03:04:29.336+0530] {logging_mixin.py:188} INFO - [2024-05-05T03:04:29.336+0530] {dag.py:3954} INFO - Setting next_dagrun for example_external_task_marker_parent to None, run_after=None
[2024-05-05T03:04:29.363+0530] {processor.py:183} INFO - Processing /home/wsl/airflow_venv/lib/python3.10/site-packages/airflow/example_dags/example_external_task_marker_dag.py took 0.085 seconds
[2024-05-05T03:05:26.461+0530] {processor.py:161} INFO - Started process (PID=245122) to work on /home/wsl/airflow_venv/lib/python3.10/site-packages/airflow/example_dags/example_external_task_marker_dag.py
[2024-05-05T03:05:26.464+0530] {processor.py:830} INFO - Processing file /home/wsl/airflow_venv/lib/python3.10/site-packages/airflow/example_dags/example_external_task_marker_dag.py for tasks to queue
[2024-05-05T03:05:26.465+0530] {logging_mixin.py:188} INFO - [2024-05-05T03:05:26.464+0530] {dagbag.py:540} INFO - Filling up the DagBag from /home/wsl/airflow_venv/lib/python3.10/site-packages/airflow/example_dags/example_external_task_marker_dag.py
[2024-05-05T03:05:26.473+0530] {processor.py:840} INFO - DAG(s) 'example_external_task_marker_parent', 'example_external_task_marker_child' retrieved from /home/wsl/airflow_venv/lib/python3.10/site-packages/airflow/example_dags/example_external_task_marker_dag.py
[2024-05-05T03:05:26.493+0530] {logging_mixin.py:188} INFO - [2024-05-05T03:05:26.492+0530] {dag.py:3096} INFO - Sync 2 DAGs
[2024-05-05T03:05:26.509+0530] {logging_mixin.py:188} INFO - [2024-05-05T03:05:26.508+0530] {dag.py:3954} INFO - Setting next_dagrun for example_external_task_marker_child to None, run_after=None
[2024-05-05T03:05:26.514+0530] {logging_mixin.py:188} INFO - [2024-05-05T03:05:26.514+0530] {dag.py:3954} INFO - Setting next_dagrun for example_external_task_marker_parent to None, run_after=None
[2024-05-05T03:05:26.545+0530] {processor.py:183} INFO - Processing /home/wsl/airflow_venv/lib/python3.10/site-packages/airflow/example_dags/example_external_task_marker_dag.py took 0.091 seconds
[2024-05-05T03:06:22.378+0530] {processor.py:161} INFO - Started process (PID=245501) to work on /home/wsl/airflow_venv/lib/python3.10/site-packages/airflow/example_dags/example_external_task_marker_dag.py
[2024-05-05T03:06:22.381+0530] {processor.py:830} INFO - Processing file /home/wsl/airflow_venv/lib/python3.10/site-packages/airflow/example_dags/example_external_task_marker_dag.py for tasks to queue
[2024-05-05T03:06:22.384+0530] {logging_mixin.py:188} INFO - [2024-05-05T03:06:22.383+0530] {dagbag.py:540} INFO - Filling up the DagBag from /home/wsl/airflow_venv/lib/python3.10/site-packages/airflow/example_dags/example_external_task_marker_dag.py
[2024-05-05T03:06:22.392+0530] {processor.py:840} INFO - DAG(s) 'example_external_task_marker_parent', 'example_external_task_marker_child' retrieved from /home/wsl/airflow_venv/lib/python3.10/site-packages/airflow/example_dags/example_external_task_marker_dag.py
[2024-05-05T03:06:22.419+0530] {logging_mixin.py:188} INFO - [2024-05-05T03:06:22.419+0530] {dag.py:3096} INFO - Sync 2 DAGs
[2024-05-05T03:06:22.433+0530] {logging_mixin.py:188} INFO - [2024-05-05T03:06:22.433+0530] {dag.py:3954} INFO - Setting next_dagrun for example_external_task_marker_child to None, run_after=None
[2024-05-05T03:06:22.438+0530] {logging_mixin.py:188} INFO - [2024-05-05T03:06:22.438+0530] {dag.py:3954} INFO - Setting next_dagrun for example_external_task_marker_parent to None, run_after=None
[2024-05-05T03:06:22.486+0530] {processor.py:183} INFO - Processing /home/wsl/airflow_venv/lib/python3.10/site-packages/airflow/example_dags/example_external_task_marker_dag.py took 0.115 seconds
[2024-05-05T03:07:44.135+0530] {processor.py:161} INFO - Started process (PID=246003) to work on /home/wsl/airflow_venv/lib/python3.10/site-packages/airflow/example_dags/example_external_task_marker_dag.py
[2024-05-05T03:07:44.139+0530] {processor.py:830} INFO - Processing file /home/wsl/airflow_venv/lib/python3.10/site-packages/airflow/example_dags/example_external_task_marker_dag.py for tasks to queue
[2024-05-05T03:07:44.141+0530] {logging_mixin.py:188} INFO - [2024-05-05T03:07:44.141+0530] {dagbag.py:540} INFO - Filling up the DagBag from /home/wsl/airflow_venv/lib/python3.10/site-packages/airflow/example_dags/example_external_task_marker_dag.py
[2024-05-05T03:07:44.150+0530] {processor.py:840} INFO - DAG(s) 'example_external_task_marker_child', 'example_external_task_marker_parent' retrieved from /home/wsl/airflow_venv/lib/python3.10/site-packages/airflow/example_dags/example_external_task_marker_dag.py
[2024-05-05T03:07:44.183+0530] {logging_mixin.py:188} INFO - [2024-05-05T03:07:44.182+0530] {dag.py:3096} INFO - Sync 2 DAGs
[2024-05-05T03:07:44.221+0530] {logging_mixin.py:188} INFO - [2024-05-05T03:07:44.221+0530] {dag.py:3954} INFO - Setting next_dagrun for example_external_task_marker_child to None, run_after=None
[2024-05-05T03:07:44.234+0530] {logging_mixin.py:188} INFO - [2024-05-05T03:07:44.233+0530] {dag.py:3954} INFO - Setting next_dagrun for example_external_task_marker_parent to None, run_after=None
[2024-05-05T03:07:44.281+0530] {processor.py:183} INFO - Processing /home/wsl/airflow_venv/lib/python3.10/site-packages/airflow/example_dags/example_external_task_marker_dag.py took 0.159 seconds
[2024-05-05T03:09:07.872+0530] {processor.py:161} INFO - Started process (PID=246593) to work on /home/wsl/airflow_venv/lib/python3.10/site-packages/airflow/example_dags/example_external_task_marker_dag.py
[2024-05-05T03:09:07.874+0530] {processor.py:830} INFO - Processing file /home/wsl/airflow_venv/lib/python3.10/site-packages/airflow/example_dags/example_external_task_marker_dag.py for tasks to queue
[2024-05-05T03:09:07.875+0530] {logging_mixin.py:188} INFO - [2024-05-05T03:09:07.874+0530] {dagbag.py:540} INFO - Filling up the DagBag from /home/wsl/airflow_venv/lib/python3.10/site-packages/airflow/example_dags/example_external_task_marker_dag.py
[2024-05-05T03:09:07.882+0530] {processor.py:840} INFO - DAG(s) 'example_external_task_marker_child', 'example_external_task_marker_parent' retrieved from /home/wsl/airflow_venv/lib/python3.10/site-packages/airflow/example_dags/example_external_task_marker_dag.py
[2024-05-05T03:09:07.902+0530] {logging_mixin.py:188} INFO - [2024-05-05T03:09:07.902+0530] {dag.py:3096} INFO - Sync 2 DAGs
[2024-05-05T03:09:07.933+0530] {logging_mixin.py:188} INFO - [2024-05-05T03:09:07.932+0530] {dag.py:3954} INFO - Setting next_dagrun for example_external_task_marker_child to None, run_after=None
[2024-05-05T03:09:07.939+0530] {logging_mixin.py:188} INFO - [2024-05-05T03:09:07.939+0530] {dag.py:3954} INFO - Setting next_dagrun for example_external_task_marker_parent to None, run_after=None
[2024-05-05T03:09:07.967+0530] {processor.py:183} INFO - Processing /home/wsl/airflow_venv/lib/python3.10/site-packages/airflow/example_dags/example_external_task_marker_dag.py took 0.105 seconds
[2024-05-05T03:10:05.933+0530] {processor.py:161} INFO - Started process (PID=247012) to work on /home/wsl/airflow_venv/lib/python3.10/site-packages/airflow/example_dags/example_external_task_marker_dag.py
[2024-05-05T03:10:05.935+0530] {processor.py:830} INFO - Processing file /home/wsl/airflow_venv/lib/python3.10/site-packages/airflow/example_dags/example_external_task_marker_dag.py for tasks to queue
[2024-05-05T03:10:05.936+0530] {logging_mixin.py:188} INFO - [2024-05-05T03:10:05.936+0530] {dagbag.py:540} INFO - Filling up the DagBag from /home/wsl/airflow_venv/lib/python3.10/site-packages/airflow/example_dags/example_external_task_marker_dag.py
[2024-05-05T03:10:05.944+0530] {processor.py:840} INFO - DAG(s) 'example_external_task_marker_child', 'example_external_task_marker_parent' retrieved from /home/wsl/airflow_venv/lib/python3.10/site-packages/airflow/example_dags/example_external_task_marker_dag.py
[2024-05-05T03:10:05.965+0530] {logging_mixin.py:188} INFO - [2024-05-05T03:10:05.965+0530] {dag.py:3096} INFO - Sync 2 DAGs
[2024-05-05T03:10:05.978+0530] {logging_mixin.py:188} INFO - [2024-05-05T03:10:05.978+0530] {dag.py:3954} INFO - Setting next_dagrun for example_external_task_marker_child to None, run_after=None
[2024-05-05T03:10:05.983+0530] {logging_mixin.py:188} INFO - [2024-05-05T03:10:05.983+0530] {dag.py:3954} INFO - Setting next_dagrun for example_external_task_marker_parent to None, run_after=None
[2024-05-05T03:10:06.011+0530] {processor.py:183} INFO - Processing /home/wsl/airflow_venv/lib/python3.10/site-packages/airflow/example_dags/example_external_task_marker_dag.py took 0.086 seconds
[2024-05-05T03:11:01.451+0530] {processor.py:161} INFO - Started process (PID=247307) to work on /home/wsl/airflow_venv/lib/python3.10/site-packages/airflow/example_dags/example_external_task_marker_dag.py
[2024-05-05T03:11:01.453+0530] {processor.py:830} INFO - Processing file /home/wsl/airflow_venv/lib/python3.10/site-packages/airflow/example_dags/example_external_task_marker_dag.py for tasks to queue
[2024-05-05T03:11:01.454+0530] {logging_mixin.py:188} INFO - [2024-05-05T03:11:01.454+0530] {dagbag.py:540} INFO - Filling up the DagBag from /home/wsl/airflow_venv/lib/python3.10/site-packages/airflow/example_dags/example_external_task_marker_dag.py
[2024-05-05T03:11:01.462+0530] {processor.py:840} INFO - DAG(s) 'example_external_task_marker_parent', 'example_external_task_marker_child' retrieved from /home/wsl/airflow_venv/lib/python3.10/site-packages/airflow/example_dags/example_external_task_marker_dag.py
[2024-05-05T03:11:01.483+0530] {logging_mixin.py:188} INFO - [2024-05-05T03:11:01.482+0530] {dag.py:3096} INFO - Sync 2 DAGs
[2024-05-05T03:11:01.496+0530] {logging_mixin.py:188} INFO - [2024-05-05T03:11:01.496+0530] {dag.py:3954} INFO - Setting next_dagrun for example_external_task_marker_child to None, run_after=None
[2024-05-05T03:11:01.500+0530] {logging_mixin.py:188} INFO - [2024-05-05T03:11:01.499+0530] {dag.py:3954} INFO - Setting next_dagrun for example_external_task_marker_parent to None, run_after=None
[2024-05-05T03:11:01.544+0530] {processor.py:183} INFO - Processing /home/wsl/airflow_venv/lib/python3.10/site-packages/airflow/example_dags/example_external_task_marker_dag.py took 0.105 seconds
[2024-05-05T03:12:23.743+0530] {processor.py:161} INFO - Started process (PID=247735) to work on /home/wsl/airflow_venv/lib/python3.10/site-packages/airflow/example_dags/example_external_task_marker_dag.py
[2024-05-05T03:12:23.746+0530] {processor.py:830} INFO - Processing file /home/wsl/airflow_venv/lib/python3.10/site-packages/airflow/example_dags/example_external_task_marker_dag.py for tasks to queue
[2024-05-05T03:12:23.748+0530] {logging_mixin.py:188} INFO - [2024-05-05T03:12:23.747+0530] {dagbag.py:540} INFO - Filling up the DagBag from /home/wsl/airflow_venv/lib/python3.10/site-packages/airflow/example_dags/example_external_task_marker_dag.py
[2024-05-05T03:12:23.758+0530] {processor.py:840} INFO - DAG(s) 'example_external_task_marker_child', 'example_external_task_marker_parent' retrieved from /home/wsl/airflow_venv/lib/python3.10/site-packages/airflow/example_dags/example_external_task_marker_dag.py
[2024-05-05T03:12:23.779+0530] {logging_mixin.py:188} INFO - [2024-05-05T03:12:23.779+0530] {dag.py:3096} INFO - Sync 2 DAGs
[2024-05-05T03:12:23.798+0530] {logging_mixin.py:188} INFO - [2024-05-05T03:12:23.798+0530] {dag.py:3954} INFO - Setting next_dagrun for example_external_task_marker_child to None, run_after=None
[2024-05-05T03:12:23.802+0530] {logging_mixin.py:188} INFO - [2024-05-05T03:12:23.802+0530] {dag.py:3954} INFO - Setting next_dagrun for example_external_task_marker_parent to None, run_after=None
[2024-05-05T03:12:23.828+0530] {processor.py:183} INFO - Processing /home/wsl/airflow_venv/lib/python3.10/site-packages/airflow/example_dags/example_external_task_marker_dag.py took 0.095 seconds
[2024-05-05T03:13:20.322+0530] {processor.py:161} INFO - Started process (PID=248091) to work on /home/wsl/airflow_venv/lib/python3.10/site-packages/airflow/example_dags/example_external_task_marker_dag.py
[2024-05-05T03:13:20.326+0530] {processor.py:830} INFO - Processing file /home/wsl/airflow_venv/lib/python3.10/site-packages/airflow/example_dags/example_external_task_marker_dag.py for tasks to queue
[2024-05-05T03:13:20.329+0530] {logging_mixin.py:188} INFO - [2024-05-05T03:13:20.328+0530] {dagbag.py:540} INFO - Filling up the DagBag from /home/wsl/airflow_venv/lib/python3.10/site-packages/airflow/example_dags/example_external_task_marker_dag.py
[2024-05-05T03:13:20.346+0530] {processor.py:840} INFO - DAG(s) 'example_external_task_marker_parent', 'example_external_task_marker_child' retrieved from /home/wsl/airflow_venv/lib/python3.10/site-packages/airflow/example_dags/example_external_task_marker_dag.py
[2024-05-05T03:13:20.369+0530] {logging_mixin.py:188} INFO - [2024-05-05T03:13:20.369+0530] {dag.py:3096} INFO - Sync 2 DAGs
[2024-05-05T03:13:20.383+0530] {logging_mixin.py:188} INFO - [2024-05-05T03:13:20.383+0530] {dag.py:3954} INFO - Setting next_dagrun for example_external_task_marker_child to None, run_after=None
[2024-05-05T03:13:20.387+0530] {logging_mixin.py:188} INFO - [2024-05-05T03:13:20.387+0530] {dag.py:3954} INFO - Setting next_dagrun for example_external_task_marker_parent to None, run_after=None
[2024-05-05T03:13:20.413+0530] {processor.py:183} INFO - Processing /home/wsl/airflow_venv/lib/python3.10/site-packages/airflow/example_dags/example_external_task_marker_dag.py took 0.110 seconds
[2024-05-05T03:14:17.173+0530] {processor.py:161} INFO - Started process (PID=248424) to work on /home/wsl/airflow_venv/lib/python3.10/site-packages/airflow/example_dags/example_external_task_marker_dag.py
[2024-05-05T03:14:17.177+0530] {processor.py:830} INFO - Processing file /home/wsl/airflow_venv/lib/python3.10/site-packages/airflow/example_dags/example_external_task_marker_dag.py for tasks to queue
[2024-05-05T03:14:17.179+0530] {logging_mixin.py:188} INFO - [2024-05-05T03:14:17.178+0530] {dagbag.py:540} INFO - Filling up the DagBag from /home/wsl/airflow_venv/lib/python3.10/site-packages/airflow/example_dags/example_external_task_marker_dag.py
[2024-05-05T03:14:17.189+0530] {processor.py:840} INFO - DAG(s) 'example_external_task_marker_child', 'example_external_task_marker_parent' retrieved from /home/wsl/airflow_venv/lib/python3.10/site-packages/airflow/example_dags/example_external_task_marker_dag.py
[2024-05-05T03:14:17.209+0530] {logging_mixin.py:188} INFO - [2024-05-05T03:14:17.209+0530] {dag.py:3096} INFO - Sync 2 DAGs
[2024-05-05T03:14:17.221+0530] {logging_mixin.py:188} INFO - [2024-05-05T03:14:17.221+0530] {dag.py:3954} INFO - Setting next_dagrun for example_external_task_marker_child to None, run_after=None
[2024-05-05T03:14:17.227+0530] {logging_mixin.py:188} INFO - [2024-05-05T03:14:17.226+0530] {dag.py:3954} INFO - Setting next_dagrun for example_external_task_marker_parent to None, run_after=None
[2024-05-05T03:14:17.256+0530] {processor.py:183} INFO - Processing /home/wsl/airflow_venv/lib/python3.10/site-packages/airflow/example_dags/example_external_task_marker_dag.py took 0.099 seconds
[2024-05-05T03:15:15.505+0530] {processor.py:161} INFO - Started process (PID=248769) to work on /home/wsl/airflow_venv/lib/python3.10/site-packages/airflow/example_dags/example_external_task_marker_dag.py
[2024-05-05T03:15:15.507+0530] {processor.py:830} INFO - Processing file /home/wsl/airflow_venv/lib/python3.10/site-packages/airflow/example_dags/example_external_task_marker_dag.py for tasks to queue
[2024-05-05T03:15:15.508+0530] {logging_mixin.py:188} INFO - [2024-05-05T03:15:15.507+0530] {dagbag.py:540} INFO - Filling up the DagBag from /home/wsl/airflow_venv/lib/python3.10/site-packages/airflow/example_dags/example_external_task_marker_dag.py
[2024-05-05T03:15:15.516+0530] {processor.py:840} INFO - DAG(s) 'example_external_task_marker_parent', 'example_external_task_marker_child' retrieved from /home/wsl/airflow_venv/lib/python3.10/site-packages/airflow/example_dags/example_external_task_marker_dag.py
[2024-05-05T03:15:15.543+0530] {logging_mixin.py:188} INFO - [2024-05-05T03:15:15.543+0530] {dag.py:3096} INFO - Sync 2 DAGs
[2024-05-05T03:15:15.556+0530] {logging_mixin.py:188} INFO - [2024-05-05T03:15:15.555+0530] {dag.py:3954} INFO - Setting next_dagrun for example_external_task_marker_child to None, run_after=None
[2024-05-05T03:15:15.559+0530] {logging_mixin.py:188} INFO - [2024-05-05T03:15:15.559+0530] {dag.py:3954} INFO - Setting next_dagrun for example_external_task_marker_parent to None, run_after=None
[2024-05-05T03:15:15.586+0530] {processor.py:183} INFO - Processing /home/wsl/airflow_venv/lib/python3.10/site-packages/airflow/example_dags/example_external_task_marker_dag.py took 0.095 seconds
[2024-05-05T03:16:17.288+0530] {processor.py:161} INFO - Started process (PID=249117) to work on /home/wsl/airflow_venv/lib/python3.10/site-packages/airflow/example_dags/example_external_task_marker_dag.py
[2024-05-05T03:16:17.290+0530] {processor.py:830} INFO - Processing file /home/wsl/airflow_venv/lib/python3.10/site-packages/airflow/example_dags/example_external_task_marker_dag.py for tasks to queue
[2024-05-05T03:16:17.291+0530] {logging_mixin.py:188} INFO - [2024-05-05T03:16:17.290+0530] {dagbag.py:540} INFO - Filling up the DagBag from /home/wsl/airflow_venv/lib/python3.10/site-packages/airflow/example_dags/example_external_task_marker_dag.py
[2024-05-05T03:16:17.301+0530] {processor.py:840} INFO - DAG(s) 'example_external_task_marker_parent', 'example_external_task_marker_child' retrieved from /home/wsl/airflow_venv/lib/python3.10/site-packages/airflow/example_dags/example_external_task_marker_dag.py
[2024-05-05T03:16:17.335+0530] {logging_mixin.py:188} INFO - [2024-05-05T03:16:17.335+0530] {dag.py:3096} INFO - Sync 2 DAGs
[2024-05-05T03:16:17.354+0530] {logging_mixin.py:188} INFO - [2024-05-05T03:16:17.354+0530] {dag.py:3954} INFO - Setting next_dagrun for example_external_task_marker_child to None, run_after=None
[2024-05-05T03:16:17.360+0530] {logging_mixin.py:188} INFO - [2024-05-05T03:16:17.359+0530] {dag.py:3954} INFO - Setting next_dagrun for example_external_task_marker_parent to None, run_after=None
[2024-05-05T03:16:17.394+0530] {processor.py:183} INFO - Processing /home/wsl/airflow_venv/lib/python3.10/site-packages/airflow/example_dags/example_external_task_marker_dag.py took 0.116 seconds
[2024-05-05T03:17:29.070+0530] {processor.py:161} INFO - Started process (PID=249459) to work on /home/wsl/airflow_venv/lib/python3.10/site-packages/airflow/example_dags/example_external_task_marker_dag.py
[2024-05-05T03:17:29.072+0530] {processor.py:830} INFO - Processing file /home/wsl/airflow_venv/lib/python3.10/site-packages/airflow/example_dags/example_external_task_marker_dag.py for tasks to queue
[2024-05-05T03:17:29.074+0530] {logging_mixin.py:188} INFO - [2024-05-05T03:17:29.073+0530] {dagbag.py:540} INFO - Filling up the DagBag from /home/wsl/airflow_venv/lib/python3.10/site-packages/airflow/example_dags/example_external_task_marker_dag.py
[2024-05-05T03:17:29.086+0530] {processor.py:840} INFO - DAG(s) 'example_external_task_marker_parent', 'example_external_task_marker_child' retrieved from /home/wsl/airflow_venv/lib/python3.10/site-packages/airflow/example_dags/example_external_task_marker_dag.py
[2024-05-05T03:17:29.112+0530] {logging_mixin.py:188} INFO - [2024-05-05T03:17:29.112+0530] {dag.py:3096} INFO - Sync 2 DAGs
[2024-05-05T03:17:29.126+0530] {logging_mixin.py:188} INFO - [2024-05-05T03:17:29.126+0530] {dag.py:3954} INFO - Setting next_dagrun for example_external_task_marker_child to None, run_after=None
[2024-05-05T03:17:29.130+0530] {logging_mixin.py:188} INFO - [2024-05-05T03:17:29.130+0530] {dag.py:3954} INFO - Setting next_dagrun for example_external_task_marker_parent to None, run_after=None
[2024-05-05T03:17:29.292+0530] {processor.py:183} INFO - Processing /home/wsl/airflow_venv/lib/python3.10/site-packages/airflow/example_dags/example_external_task_marker_dag.py took 0.237 seconds
[2024-05-05T03:18:55.292+0530] {processor.py:161} INFO - Started process (PID=249904) to work on /home/wsl/airflow_venv/lib/python3.10/site-packages/airflow/example_dags/example_external_task_marker_dag.py
[2024-05-05T03:18:55.294+0530] {processor.py:830} INFO - Processing file /home/wsl/airflow_venv/lib/python3.10/site-packages/airflow/example_dags/example_external_task_marker_dag.py for tasks to queue
[2024-05-05T03:18:55.296+0530] {logging_mixin.py:188} INFO - [2024-05-05T03:18:55.296+0530] {dagbag.py:540} INFO - Filling up the DagBag from /home/wsl/airflow_venv/lib/python3.10/site-packages/airflow/example_dags/example_external_task_marker_dag.py
[2024-05-05T03:18:55.306+0530] {processor.py:840} INFO - DAG(s) 'example_external_task_marker_parent', 'example_external_task_marker_child' retrieved from /home/wsl/airflow_venv/lib/python3.10/site-packages/airflow/example_dags/example_external_task_marker_dag.py
[2024-05-05T03:18:55.328+0530] {logging_mixin.py:188} INFO - [2024-05-05T03:18:55.327+0530] {dag.py:3096} INFO - Sync 2 DAGs
[2024-05-05T03:18:55.340+0530] {logging_mixin.py:188} INFO - [2024-05-05T03:18:55.340+0530] {dag.py:3954} INFO - Setting next_dagrun for example_external_task_marker_child to None, run_after=None
[2024-05-05T03:18:55.344+0530] {logging_mixin.py:188} INFO - [2024-05-05T03:18:55.344+0530] {dag.py:3954} INFO - Setting next_dagrun for example_external_task_marker_parent to None, run_after=None
[2024-05-05T03:18:55.369+0530] {processor.py:183} INFO - Processing /home/wsl/airflow_venv/lib/python3.10/site-packages/airflow/example_dags/example_external_task_marker_dag.py took 0.088 seconds
[2024-05-05T03:19:59.914+0530] {processor.py:161} INFO - Started process (PID=250290) to work on /home/wsl/airflow_venv/lib/python3.10/site-packages/airflow/example_dags/example_external_task_marker_dag.py
[2024-05-05T03:19:59.916+0530] {processor.py:830} INFO - Processing file /home/wsl/airflow_venv/lib/python3.10/site-packages/airflow/example_dags/example_external_task_marker_dag.py for tasks to queue
[2024-05-05T03:19:59.917+0530] {logging_mixin.py:188} INFO - [2024-05-05T03:19:59.917+0530] {dagbag.py:540} INFO - Filling up the DagBag from /home/wsl/airflow_venv/lib/python3.10/site-packages/airflow/example_dags/example_external_task_marker_dag.py
[2024-05-05T03:19:59.928+0530] {processor.py:840} INFO - DAG(s) 'example_external_task_marker_parent', 'example_external_task_marker_child' retrieved from /home/wsl/airflow_venv/lib/python3.10/site-packages/airflow/example_dags/example_external_task_marker_dag.py
[2024-05-05T03:19:59.971+0530] {logging_mixin.py:188} INFO - [2024-05-05T03:19:59.971+0530] {dag.py:3096} INFO - Sync 2 DAGs
[2024-05-05T03:19:59.994+0530] {logging_mixin.py:188} INFO - [2024-05-05T03:19:59.994+0530] {dag.py:3954} INFO - Setting next_dagrun for example_external_task_marker_child to None, run_after=None
[2024-05-05T03:20:00.000+0530] {logging_mixin.py:188} INFO - [2024-05-05T03:20:00.000+0530] {dag.py:3954} INFO - Setting next_dagrun for example_external_task_marker_parent to None, run_after=None
[2024-05-05T03:20:00.094+0530] {processor.py:183} INFO - Processing /home/wsl/airflow_venv/lib/python3.10/site-packages/airflow/example_dags/example_external_task_marker_dag.py took 0.190 seconds
[2024-05-05T03:21:16.082+0530] {processor.py:161} INFO - Started process (PID=250754) to work on /home/wsl/airflow_venv/lib/python3.10/site-packages/airflow/example_dags/example_external_task_marker_dag.py
[2024-05-05T03:21:16.084+0530] {processor.py:830} INFO - Processing file /home/wsl/airflow_venv/lib/python3.10/site-packages/airflow/example_dags/example_external_task_marker_dag.py for tasks to queue
[2024-05-05T03:21:16.086+0530] {logging_mixin.py:188} INFO - [2024-05-05T03:21:16.085+0530] {dagbag.py:540} INFO - Filling up the DagBag from /home/wsl/airflow_venv/lib/python3.10/site-packages/airflow/example_dags/example_external_task_marker_dag.py
[2024-05-05T03:21:16.094+0530] {processor.py:840} INFO - DAG(s) 'example_external_task_marker_parent', 'example_external_task_marker_child' retrieved from /home/wsl/airflow_venv/lib/python3.10/site-packages/airflow/example_dags/example_external_task_marker_dag.py
[2024-05-05T03:21:16.116+0530] {logging_mixin.py:188} INFO - [2024-05-05T03:21:16.116+0530] {dag.py:3096} INFO - Sync 2 DAGs
[2024-05-05T03:21:16.129+0530] {logging_mixin.py:188} INFO - [2024-05-05T03:21:16.128+0530] {dag.py:3954} INFO - Setting next_dagrun for example_external_task_marker_child to None, run_after=None
[2024-05-05T03:21:16.132+0530] {logging_mixin.py:188} INFO - [2024-05-05T03:21:16.132+0530] {dag.py:3954} INFO - Setting next_dagrun for example_external_task_marker_parent to None, run_after=None
[2024-05-05T03:21:16.156+0530] {processor.py:183} INFO - Processing /home/wsl/airflow_venv/lib/python3.10/site-packages/airflow/example_dags/example_external_task_marker_dag.py took 0.082 seconds
[2024-05-05T03:22:23.772+0530] {processor.py:161} INFO - Started process (PID=251117) to work on /home/wsl/airflow_venv/lib/python3.10/site-packages/airflow/example_dags/example_external_task_marker_dag.py
[2024-05-05T03:22:23.774+0530] {processor.py:830} INFO - Processing file /home/wsl/airflow_venv/lib/python3.10/site-packages/airflow/example_dags/example_external_task_marker_dag.py for tasks to queue
[2024-05-05T03:22:23.776+0530] {logging_mixin.py:188} INFO - [2024-05-05T03:22:23.775+0530] {dagbag.py:540} INFO - Filling up the DagBag from /home/wsl/airflow_venv/lib/python3.10/site-packages/airflow/example_dags/example_external_task_marker_dag.py
[2024-05-05T03:22:23.783+0530] {processor.py:840} INFO - DAG(s) 'example_external_task_marker_child', 'example_external_task_marker_parent' retrieved from /home/wsl/airflow_venv/lib/python3.10/site-packages/airflow/example_dags/example_external_task_marker_dag.py
[2024-05-05T03:22:23.804+0530] {logging_mixin.py:188} INFO - [2024-05-05T03:22:23.804+0530] {dag.py:3096} INFO - Sync 2 DAGs
[2024-05-05T03:22:23.817+0530] {logging_mixin.py:188} INFO - [2024-05-05T03:22:23.817+0530] {dag.py:3954} INFO - Setting next_dagrun for example_external_task_marker_child to None, run_after=None
[2024-05-05T03:22:23.821+0530] {logging_mixin.py:188} INFO - [2024-05-05T03:22:23.820+0530] {dag.py:3954} INFO - Setting next_dagrun for example_external_task_marker_parent to None, run_after=None
[2024-05-05T03:22:23.851+0530] {processor.py:183} INFO - Processing /home/wsl/airflow_venv/lib/python3.10/site-packages/airflow/example_dags/example_external_task_marker_dag.py took 0.085 seconds
[2024-05-05T03:23:32.711+0530] {processor.py:161} INFO - Started process (PID=251515) to work on /home/wsl/airflow_venv/lib/python3.10/site-packages/airflow/example_dags/example_external_task_marker_dag.py
[2024-05-05T03:23:32.713+0530] {processor.py:830} INFO - Processing file /home/wsl/airflow_venv/lib/python3.10/site-packages/airflow/example_dags/example_external_task_marker_dag.py for tasks to queue
[2024-05-05T03:23:32.714+0530] {logging_mixin.py:188} INFO - [2024-05-05T03:23:32.714+0530] {dagbag.py:540} INFO - Filling up the DagBag from /home/wsl/airflow_venv/lib/python3.10/site-packages/airflow/example_dags/example_external_task_marker_dag.py
[2024-05-05T03:23:32.725+0530] {processor.py:840} INFO - DAG(s) 'example_external_task_marker_parent', 'example_external_task_marker_child' retrieved from /home/wsl/airflow_venv/lib/python3.10/site-packages/airflow/example_dags/example_external_task_marker_dag.py
[2024-05-05T03:23:32.748+0530] {logging_mixin.py:188} INFO - [2024-05-05T03:23:32.748+0530] {dag.py:3096} INFO - Sync 2 DAGs
[2024-05-05T03:23:32.762+0530] {logging_mixin.py:188} INFO - [2024-05-05T03:23:32.761+0530] {dag.py:3954} INFO - Setting next_dagrun for example_external_task_marker_child to None, run_after=None
[2024-05-05T03:23:32.765+0530] {logging_mixin.py:188} INFO - [2024-05-05T03:23:32.765+0530] {dag.py:3954} INFO - Setting next_dagrun for example_external_task_marker_parent to None, run_after=None
[2024-05-05T03:23:32.795+0530] {processor.py:183} INFO - Processing /home/wsl/airflow_venv/lib/python3.10/site-packages/airflow/example_dags/example_external_task_marker_dag.py took 0.094 seconds
[2024-05-05T03:24:51.702+0530] {processor.py:161} INFO - Started process (PID=251947) to work on /home/wsl/airflow_venv/lib/python3.10/site-packages/airflow/example_dags/example_external_task_marker_dag.py
[2024-05-05T03:24:51.704+0530] {processor.py:830} INFO - Processing file /home/wsl/airflow_venv/lib/python3.10/site-packages/airflow/example_dags/example_external_task_marker_dag.py for tasks to queue
[2024-05-05T03:24:51.705+0530] {logging_mixin.py:188} INFO - [2024-05-05T03:24:51.705+0530] {dagbag.py:540} INFO - Filling up the DagBag from /home/wsl/airflow_venv/lib/python3.10/site-packages/airflow/example_dags/example_external_task_marker_dag.py
[2024-05-05T03:24:51.713+0530] {processor.py:840} INFO - DAG(s) 'example_external_task_marker_parent', 'example_external_task_marker_child' retrieved from /home/wsl/airflow_venv/lib/python3.10/site-packages/airflow/example_dags/example_external_task_marker_dag.py
[2024-05-05T03:24:51.738+0530] {logging_mixin.py:188} INFO - [2024-05-05T03:24:51.737+0530] {dag.py:3096} INFO - Sync 2 DAGs
[2024-05-05T03:24:51.752+0530] {logging_mixin.py:188} INFO - [2024-05-05T03:24:51.752+0530] {dag.py:3954} INFO - Setting next_dagrun for example_external_task_marker_child to None, run_after=None
[2024-05-05T03:24:51.756+0530] {logging_mixin.py:188} INFO - [2024-05-05T03:24:51.756+0530] {dag.py:3954} INFO - Setting next_dagrun for example_external_task_marker_parent to None, run_after=None
[2024-05-05T03:24:51.786+0530] {processor.py:183} INFO - Processing /home/wsl/airflow_venv/lib/python3.10/site-packages/airflow/example_dags/example_external_task_marker_dag.py took 0.093 seconds
[2024-05-05T03:25:48.214+0530] {processor.py:161} INFO - Started process (PID=252291) to work on /home/wsl/airflow_venv/lib/python3.10/site-packages/airflow/example_dags/example_external_task_marker_dag.py
[2024-05-05T03:25:48.217+0530] {processor.py:830} INFO - Processing file /home/wsl/airflow_venv/lib/python3.10/site-packages/airflow/example_dags/example_external_task_marker_dag.py for tasks to queue
[2024-05-05T03:25:48.219+0530] {logging_mixin.py:188} INFO - [2024-05-05T03:25:48.218+0530] {dagbag.py:540} INFO - Filling up the DagBag from /home/wsl/airflow_venv/lib/python3.10/site-packages/airflow/example_dags/example_external_task_marker_dag.py
[2024-05-05T03:25:48.236+0530] {processor.py:840} INFO - DAG(s) 'example_external_task_marker_parent', 'example_external_task_marker_child' retrieved from /home/wsl/airflow_venv/lib/python3.10/site-packages/airflow/example_dags/example_external_task_marker_dag.py
[2024-05-05T03:25:48.257+0530] {logging_mixin.py:188} INFO - [2024-05-05T03:25:48.257+0530] {dag.py:3096} INFO - Sync 2 DAGs
[2024-05-05T03:25:48.270+0530] {logging_mixin.py:188} INFO - [2024-05-05T03:25:48.269+0530] {dag.py:3954} INFO - Setting next_dagrun for example_external_task_marker_child to None, run_after=None
[2024-05-05T03:25:48.273+0530] {logging_mixin.py:188} INFO - [2024-05-05T03:25:48.273+0530] {dag.py:3954} INFO - Setting next_dagrun for example_external_task_marker_parent to None, run_after=None
[2024-05-05T03:25:48.299+0530] {processor.py:183} INFO - Processing /home/wsl/airflow_venv/lib/python3.10/site-packages/airflow/example_dags/example_external_task_marker_dag.py took 0.100 seconds
[2024-05-05T03:26:55.851+0530] {processor.py:161} INFO - Started process (PID=252834) to work on /home/wsl/airflow_venv/lib/python3.10/site-packages/airflow/example_dags/example_external_task_marker_dag.py
[2024-05-05T03:26:55.856+0530] {processor.py:830} INFO - Processing file /home/wsl/airflow_venv/lib/python3.10/site-packages/airflow/example_dags/example_external_task_marker_dag.py for tasks to queue
[2024-05-05T03:26:55.859+0530] {logging_mixin.py:188} INFO - [2024-05-05T03:26:55.858+0530] {dagbag.py:540} INFO - Filling up the DagBag from /home/wsl/airflow_venv/lib/python3.10/site-packages/airflow/example_dags/example_external_task_marker_dag.py
[2024-05-05T03:26:55.868+0530] {processor.py:840} INFO - DAG(s) 'example_external_task_marker_child', 'example_external_task_marker_parent' retrieved from /home/wsl/airflow_venv/lib/python3.10/site-packages/airflow/example_dags/example_external_task_marker_dag.py
[2024-05-05T03:26:55.892+0530] {logging_mixin.py:188} INFO - [2024-05-05T03:26:55.891+0530] {dag.py:3096} INFO - Sync 2 DAGs
[2024-05-05T03:26:55.906+0530] {logging_mixin.py:188} INFO - [2024-05-05T03:26:55.906+0530] {dag.py:3954} INFO - Setting next_dagrun for example_external_task_marker_child to None, run_after=None
[2024-05-05T03:26:55.910+0530] {logging_mixin.py:188} INFO - [2024-05-05T03:26:55.909+0530] {dag.py:3954} INFO - Setting next_dagrun for example_external_task_marker_parent to None, run_after=None
[2024-05-05T03:26:55.944+0530] {processor.py:183} INFO - Processing /home/wsl/airflow_venv/lib/python3.10/site-packages/airflow/example_dags/example_external_task_marker_dag.py took 0.115 seconds
[2024-05-05T03:28:20.923+0530] {processor.py:161} INFO - Started process (PID=253284) to work on /home/wsl/airflow_venv/lib/python3.10/site-packages/airflow/example_dags/example_external_task_marker_dag.py
[2024-05-05T03:28:20.926+0530] {processor.py:830} INFO - Processing file /home/wsl/airflow_venv/lib/python3.10/site-packages/airflow/example_dags/example_external_task_marker_dag.py for tasks to queue
[2024-05-05T03:28:20.928+0530] {logging_mixin.py:188} INFO - [2024-05-05T03:28:20.927+0530] {dagbag.py:540} INFO - Filling up the DagBag from /home/wsl/airflow_venv/lib/python3.10/site-packages/airflow/example_dags/example_external_task_marker_dag.py
[2024-05-05T03:28:20.938+0530] {processor.py:840} INFO - DAG(s) 'example_external_task_marker_parent', 'example_external_task_marker_child' retrieved from /home/wsl/airflow_venv/lib/python3.10/site-packages/airflow/example_dags/example_external_task_marker_dag.py
[2024-05-05T03:28:20.972+0530] {logging_mixin.py:188} INFO - [2024-05-05T03:28:20.972+0530] {dag.py:3096} INFO - Sync 2 DAGs
[2024-05-05T03:28:20.992+0530] {logging_mixin.py:188} INFO - [2024-05-05T03:28:20.991+0530] {dag.py:3954} INFO - Setting next_dagrun for example_external_task_marker_child to None, run_after=None
[2024-05-05T03:28:20.998+0530] {logging_mixin.py:188} INFO - [2024-05-05T03:28:20.998+0530] {dag.py:3954} INFO - Setting next_dagrun for example_external_task_marker_parent to None, run_after=None
[2024-05-05T03:28:21.039+0530] {processor.py:183} INFO - Processing /home/wsl/airflow_venv/lib/python3.10/site-packages/airflow/example_dags/example_external_task_marker_dag.py took 0.123 seconds
