[2024-05-05T01:29:01.800+0530] {processor.py:161} INFO - Started process (PID=237030) to work on /home/wsl/airflow_venv/lib/python3.10/site-packages/airflow/example_dags/example_python_operator.py
[2024-05-05T01:29:01.801+0530] {processor.py:830} INFO - Processing file /home/wsl/airflow_venv/lib/python3.10/site-packages/airflow/example_dags/example_python_operator.py for tasks to queue
[2024-05-05T01:29:01.803+0530] {logging_mixin.py:188} INFO - [2024-05-05T01:29:01.803+0530] {dagbag.py:540} INFO - Filling up the DagBag from /home/wsl/airflow_venv/lib/python3.10/site-packages/airflow/example_dags/example_python_operator.py
[2024-05-05T01:29:01.970+0530] {logging_mixin.py:188} INFO - [2024-05-05T01:29:01.970+0530] {example_python_operator.py:93} WARNING - The virtalenv_python example task requires virtualenv, please install it.
[2024-05-05T01:29:01.971+0530] {processor.py:840} INFO - DAG(s) 'example_python_operator' retrieved from /home/wsl/airflow_venv/lib/python3.10/site-packages/airflow/example_dags/example_python_operator.py
[2024-05-05T01:29:02.108+0530] {logging_mixin.py:188} INFO - [2024-05-05T01:29:02.108+0530] {dag.py:3096} INFO - Sync 1 DAGs
[2024-05-05T01:29:02.120+0530] {logging_mixin.py:188} INFO - [2024-05-05T01:29:02.120+0530] {dag.py:3954} INFO - Setting next_dagrun for example_python_operator to None, run_after=None
[2024-05-05T01:29:02.148+0530] {processor.py:183} INFO - Processing /home/wsl/airflow_venv/lib/python3.10/site-packages/airflow/example_dags/example_python_operator.py took 0.358 seconds
[2024-05-05T01:30:24.860+0530] {processor.py:161} INFO - Started process (PID=237603) to work on /home/wsl/airflow_venv/lib/python3.10/site-packages/airflow/example_dags/example_python_operator.py
[2024-05-05T01:30:24.863+0530] {processor.py:830} INFO - Processing file /home/wsl/airflow_venv/lib/python3.10/site-packages/airflow/example_dags/example_python_operator.py for tasks to queue
[2024-05-05T01:30:24.865+0530] {logging_mixin.py:188} INFO - [2024-05-05T01:30:24.864+0530] {dagbag.py:540} INFO - Filling up the DagBag from /home/wsl/airflow_venv/lib/python3.10/site-packages/airflow/example_dags/example_python_operator.py
[2024-05-05T01:30:25.020+0530] {logging_mixin.py:188} INFO - [2024-05-05T01:30:25.020+0530] {example_python_operator.py:93} WARNING - The virtalenv_python example task requires virtualenv, please install it.
[2024-05-05T01:30:25.021+0530] {processor.py:840} INFO - DAG(s) 'example_python_operator' retrieved from /home/wsl/airflow_venv/lib/python3.10/site-packages/airflow/example_dags/example_python_operator.py
[2024-05-05T01:30:25.535+0530] {logging_mixin.py:188} INFO - [2024-05-05T01:30:25.535+0530] {dag.py:3096} INFO - Sync 1 DAGs
[2024-05-05T01:30:25.552+0530] {logging_mixin.py:188} INFO - [2024-05-05T01:30:25.551+0530] {dag.py:3954} INFO - Setting next_dagrun for example_python_operator to None, run_after=None
[2024-05-05T01:30:25.592+0530] {processor.py:183} INFO - Processing /home/wsl/airflow_venv/lib/python3.10/site-packages/airflow/example_dags/example_python_operator.py took 0.743 seconds
[2024-05-05T01:31:24.390+0530] {processor.py:161} INFO - Started process (PID=237992) to work on /home/wsl/airflow_venv/lib/python3.10/site-packages/airflow/example_dags/example_python_operator.py
[2024-05-05T01:31:24.391+0530] {processor.py:830} INFO - Processing file /home/wsl/airflow_venv/lib/python3.10/site-packages/airflow/example_dags/example_python_operator.py for tasks to queue
[2024-05-05T01:31:24.393+0530] {logging_mixin.py:188} INFO - [2024-05-05T01:31:24.393+0530] {dagbag.py:540} INFO - Filling up the DagBag from /home/wsl/airflow_venv/lib/python3.10/site-packages/airflow/example_dags/example_python_operator.py
[2024-05-05T01:31:24.524+0530] {logging_mixin.py:188} INFO - [2024-05-05T01:31:24.523+0530] {example_python_operator.py:93} WARNING - The virtalenv_python example task requires virtualenv, please install it.
[2024-05-05T01:31:24.524+0530] {processor.py:840} INFO - DAG(s) 'example_python_operator' retrieved from /home/wsl/airflow_venv/lib/python3.10/site-packages/airflow/example_dags/example_python_operator.py
[2024-05-05T01:31:24.542+0530] {logging_mixin.py:188} INFO - [2024-05-05T01:31:24.542+0530] {dag.py:3096} INFO - Sync 1 DAGs
[2024-05-05T01:31:24.556+0530] {logging_mixin.py:188} INFO - [2024-05-05T01:31:24.555+0530] {dag.py:3954} INFO - Setting next_dagrun for example_python_operator to None, run_after=None
[2024-05-05T01:31:24.678+0530] {processor.py:183} INFO - Processing /home/wsl/airflow_venv/lib/python3.10/site-packages/airflow/example_dags/example_python_operator.py took 0.296 seconds
[2024-05-05T01:32:27.957+0530] {processor.py:161} INFO - Started process (PID=238386) to work on /home/wsl/airflow_venv/lib/python3.10/site-packages/airflow/example_dags/example_python_operator.py
[2024-05-05T01:32:27.961+0530] {processor.py:830} INFO - Processing file /home/wsl/airflow_venv/lib/python3.10/site-packages/airflow/example_dags/example_python_operator.py for tasks to queue
[2024-05-05T01:32:27.964+0530] {logging_mixin.py:188} INFO - [2024-05-05T01:32:27.963+0530] {dagbag.py:540} INFO - Filling up the DagBag from /home/wsl/airflow_venv/lib/python3.10/site-packages/airflow/example_dags/example_python_operator.py
[2024-05-05T01:32:28.209+0530] {logging_mixin.py:188} INFO - [2024-05-05T01:32:28.209+0530] {example_python_operator.py:93} WARNING - The virtalenv_python example task requires virtualenv, please install it.
[2024-05-05T01:32:28.211+0530] {processor.py:840} INFO - DAG(s) 'example_python_operator' retrieved from /home/wsl/airflow_venv/lib/python3.10/site-packages/airflow/example_dags/example_python_operator.py
[2024-05-05T01:32:28.246+0530] {logging_mixin.py:188} INFO - [2024-05-05T01:32:28.246+0530] {dag.py:3096} INFO - Sync 1 DAGs
[2024-05-05T01:32:28.291+0530] {logging_mixin.py:188} INFO - [2024-05-05T01:32:28.290+0530] {dag.py:3954} INFO - Setting next_dagrun for example_python_operator to None, run_after=None
[2024-05-05T01:32:28.324+0530] {processor.py:183} INFO - Processing /home/wsl/airflow_venv/lib/python3.10/site-packages/airflow/example_dags/example_python_operator.py took 0.394 seconds
[2024-05-05T01:33:33.133+0530] {processor.py:161} INFO - Started process (PID=238839) to work on /home/wsl/airflow_venv/lib/python3.10/site-packages/airflow/example_dags/example_python_operator.py
[2024-05-05T01:33:33.146+0530] {processor.py:830} INFO - Processing file /home/wsl/airflow_venv/lib/python3.10/site-packages/airflow/example_dags/example_python_operator.py for tasks to queue
[2024-05-05T01:33:33.149+0530] {logging_mixin.py:188} INFO - [2024-05-05T01:33:33.148+0530] {dagbag.py:540} INFO - Filling up the DagBag from /home/wsl/airflow_venv/lib/python3.10/site-packages/airflow/example_dags/example_python_operator.py
[2024-05-05T01:33:34.018+0530] {logging_mixin.py:188} INFO - [2024-05-05T01:33:34.018+0530] {example_python_operator.py:93} WARNING - The virtalenv_python example task requires virtualenv, please install it.
[2024-05-05T01:33:34.019+0530] {processor.py:840} INFO - DAG(s) 'example_python_operator' retrieved from /home/wsl/airflow_venv/lib/python3.10/site-packages/airflow/example_dags/example_python_operator.py
[2024-05-05T01:33:34.054+0530] {logging_mixin.py:188} INFO - [2024-05-05T01:33:34.053+0530] {dag.py:3096} INFO - Sync 1 DAGs
[2024-05-05T01:33:34.112+0530] {logging_mixin.py:188} INFO - [2024-05-05T01:33:34.111+0530] {dag.py:3954} INFO - Setting next_dagrun for example_python_operator to None, run_after=None
[2024-05-05T01:33:34.586+0530] {processor.py:183} INFO - Processing /home/wsl/airflow_venv/lib/python3.10/site-packages/airflow/example_dags/example_python_operator.py took 1.495 seconds
[2024-05-05T02:50:46.730+0530] {processor.py:161} INFO - Started process (PID=239699) to work on /home/wsl/airflow_venv/lib/python3.10/site-packages/airflow/example_dags/example_python_operator.py
[2024-05-05T02:50:46.735+0530] {processor.py:830} INFO - Processing file /home/wsl/airflow_venv/lib/python3.10/site-packages/airflow/example_dags/example_python_operator.py for tasks to queue
[2024-05-05T02:50:46.738+0530] {logging_mixin.py:188} INFO - [2024-05-05T02:50:46.737+0530] {dagbag.py:540} INFO - Filling up the DagBag from /home/wsl/airflow_venv/lib/python3.10/site-packages/airflow/example_dags/example_python_operator.py
[2024-05-05T02:50:47.008+0530] {logging_mixin.py:188} INFO - [2024-05-05T02:50:47.008+0530] {example_python_operator.py:93} WARNING - The virtalenv_python example task requires virtualenv, please install it.
[2024-05-05T02:50:47.009+0530] {processor.py:840} INFO - DAG(s) 'example_python_operator' retrieved from /home/wsl/airflow_venv/lib/python3.10/site-packages/airflow/example_dags/example_python_operator.py
[2024-05-05T02:50:47.037+0530] {logging_mixin.py:188} INFO - [2024-05-05T02:50:47.037+0530] {dag.py:3096} INFO - Sync 1 DAGs
[2024-05-05T02:50:47.055+0530] {logging_mixin.py:188} INFO - [2024-05-05T02:50:47.055+0530] {dag.py:3954} INFO - Setting next_dagrun for example_python_operator to None, run_after=None
[2024-05-05T02:50:47.085+0530] {processor.py:183} INFO - Processing /home/wsl/airflow_venv/lib/python3.10/site-packages/airflow/example_dags/example_python_operator.py took 0.361 seconds
[2024-05-05T02:52:03.142+0530] {processor.py:161} INFO - Started process (PID=240134) to work on /home/wsl/airflow_venv/lib/python3.10/site-packages/airflow/example_dags/example_python_operator.py
[2024-05-05T02:52:03.145+0530] {processor.py:830} INFO - Processing file /home/wsl/airflow_venv/lib/python3.10/site-packages/airflow/example_dags/example_python_operator.py for tasks to queue
[2024-05-05T02:52:03.147+0530] {logging_mixin.py:188} INFO - [2024-05-05T02:52:03.146+0530] {dagbag.py:540} INFO - Filling up the DagBag from /home/wsl/airflow_venv/lib/python3.10/site-packages/airflow/example_dags/example_python_operator.py
[2024-05-05T02:52:03.317+0530] {logging_mixin.py:188} INFO - [2024-05-05T02:52:03.317+0530] {example_python_operator.py:93} WARNING - The virtalenv_python example task requires virtualenv, please install it.
[2024-05-05T02:52:03.318+0530] {processor.py:840} INFO - DAG(s) 'example_python_operator' retrieved from /home/wsl/airflow_venv/lib/python3.10/site-packages/airflow/example_dags/example_python_operator.py
[2024-05-05T02:52:03.338+0530] {logging_mixin.py:188} INFO - [2024-05-05T02:52:03.338+0530] {dag.py:3096} INFO - Sync 1 DAGs
[2024-05-05T02:52:03.353+0530] {logging_mixin.py:188} INFO - [2024-05-05T02:52:03.353+0530] {dag.py:3954} INFO - Setting next_dagrun for example_python_operator to None, run_after=None
[2024-05-05T02:52:03.386+0530] {processor.py:183} INFO - Processing /home/wsl/airflow_venv/lib/python3.10/site-packages/airflow/example_dags/example_python_operator.py took 0.252 seconds
[2024-05-05T02:53:03.931+0530] {processor.py:161} INFO - Started process (PID=240493) to work on /home/wsl/airflow_venv/lib/python3.10/site-packages/airflow/example_dags/example_python_operator.py
[2024-05-05T02:53:03.933+0530] {processor.py:830} INFO - Processing file /home/wsl/airflow_venv/lib/python3.10/site-packages/airflow/example_dags/example_python_operator.py for tasks to queue
[2024-05-05T02:53:03.934+0530] {logging_mixin.py:188} INFO - [2024-05-05T02:53:03.934+0530] {dagbag.py:540} INFO - Filling up the DagBag from /home/wsl/airflow_venv/lib/python3.10/site-packages/airflow/example_dags/example_python_operator.py
[2024-05-05T02:53:04.100+0530] {logging_mixin.py:188} INFO - [2024-05-05T02:53:04.100+0530] {example_python_operator.py:93} WARNING - The virtalenv_python example task requires virtualenv, please install it.
[2024-05-05T02:53:04.101+0530] {processor.py:840} INFO - DAG(s) 'example_python_operator' retrieved from /home/wsl/airflow_venv/lib/python3.10/site-packages/airflow/example_dags/example_python_operator.py
[2024-05-05T02:53:04.133+0530] {logging_mixin.py:188} INFO - [2024-05-05T02:53:04.132+0530] {dag.py:3096} INFO - Sync 1 DAGs
[2024-05-05T02:53:04.156+0530] {logging_mixin.py:188} INFO - [2024-05-05T02:53:04.156+0530] {dag.py:3954} INFO - Setting next_dagrun for example_python_operator to None, run_after=None
[2024-05-05T02:53:04.203+0530] {processor.py:183} INFO - Processing /home/wsl/airflow_venv/lib/python3.10/site-packages/airflow/example_dags/example_python_operator.py took 0.280 seconds
[2024-05-05T02:54:18.542+0530] {processor.py:161} INFO - Started process (PID=240926) to work on /home/wsl/airflow_venv/lib/python3.10/site-packages/airflow/example_dags/example_python_operator.py
[2024-05-05T02:54:18.545+0530] {processor.py:830} INFO - Processing file /home/wsl/airflow_venv/lib/python3.10/site-packages/airflow/example_dags/example_python_operator.py for tasks to queue
[2024-05-05T02:54:18.546+0530] {logging_mixin.py:188} INFO - [2024-05-05T02:54:18.545+0530] {dagbag.py:540} INFO - Filling up the DagBag from /home/wsl/airflow_venv/lib/python3.10/site-packages/airflow/example_dags/example_python_operator.py
[2024-05-05T02:54:18.690+0530] {logging_mixin.py:188} INFO - [2024-05-05T02:54:18.690+0530] {example_python_operator.py:93} WARNING - The virtalenv_python example task requires virtualenv, please install it.
[2024-05-05T02:54:18.691+0530] {processor.py:840} INFO - DAG(s) 'example_python_operator' retrieved from /home/wsl/airflow_venv/lib/python3.10/site-packages/airflow/example_dags/example_python_operator.py
[2024-05-05T02:54:18.712+0530] {logging_mixin.py:188} INFO - [2024-05-05T02:54:18.712+0530] {dag.py:3096} INFO - Sync 1 DAGs
[2024-05-05T02:54:18.726+0530] {logging_mixin.py:188} INFO - [2024-05-05T02:54:18.725+0530] {dag.py:3954} INFO - Setting next_dagrun for example_python_operator to None, run_after=None
[2024-05-05T02:54:18.759+0530] {processor.py:183} INFO - Processing /home/wsl/airflow_venv/lib/python3.10/site-packages/airflow/example_dags/example_python_operator.py took 0.225 seconds
[2024-05-05T02:55:27.642+0530] {processor.py:161} INFO - Started process (PID=241330) to work on /home/wsl/airflow_venv/lib/python3.10/site-packages/airflow/example_dags/example_python_operator.py
[2024-05-05T02:55:27.645+0530] {processor.py:830} INFO - Processing file /home/wsl/airflow_venv/lib/python3.10/site-packages/airflow/example_dags/example_python_operator.py for tasks to queue
[2024-05-05T02:55:27.646+0530] {logging_mixin.py:188} INFO - [2024-05-05T02:55:27.645+0530] {dagbag.py:540} INFO - Filling up the DagBag from /home/wsl/airflow_venv/lib/python3.10/site-packages/airflow/example_dags/example_python_operator.py
[2024-05-05T02:55:27.780+0530] {logging_mixin.py:188} INFO - [2024-05-05T02:55:27.779+0530] {example_python_operator.py:93} WARNING - The virtalenv_python example task requires virtualenv, please install it.
[2024-05-05T02:55:27.780+0530] {processor.py:840} INFO - DAG(s) 'example_python_operator' retrieved from /home/wsl/airflow_venv/lib/python3.10/site-packages/airflow/example_dags/example_python_operator.py
[2024-05-05T02:55:27.800+0530] {logging_mixin.py:188} INFO - [2024-05-05T02:55:27.800+0530] {dag.py:3096} INFO - Sync 1 DAGs
[2024-05-05T02:55:27.813+0530] {logging_mixin.py:188} INFO - [2024-05-05T02:55:27.813+0530] {dag.py:3954} INFO - Setting next_dagrun for example_python_operator to None, run_after=None
[2024-05-05T02:55:27.843+0530] {processor.py:183} INFO - Processing /home/wsl/airflow_venv/lib/python3.10/site-packages/airflow/example_dags/example_python_operator.py took 0.208 seconds
[2024-05-05T02:56:33.394+0530] {processor.py:161} INFO - Started process (PID=241695) to work on /home/wsl/airflow_venv/lib/python3.10/site-packages/airflow/example_dags/example_python_operator.py
[2024-05-05T02:56:33.596+0530] {processor.py:830} INFO - Processing file /home/wsl/airflow_venv/lib/python3.10/site-packages/airflow/example_dags/example_python_operator.py for tasks to queue
[2024-05-05T02:56:33.599+0530] {logging_mixin.py:188} INFO - [2024-05-05T02:56:33.598+0530] {dagbag.py:540} INFO - Filling up the DagBag from /home/wsl/airflow_venv/lib/python3.10/site-packages/airflow/example_dags/example_python_operator.py
[2024-05-05T02:56:34.394+0530] {logging_mixin.py:188} INFO - [2024-05-05T02:56:34.394+0530] {example_python_operator.py:93} WARNING - The virtalenv_python example task requires virtualenv, please install it.
[2024-05-05T02:56:34.395+0530] {processor.py:840} INFO - DAG(s) 'example_python_operator' retrieved from /home/wsl/airflow_venv/lib/python3.10/site-packages/airflow/example_dags/example_python_operator.py
[2024-05-05T02:56:34.418+0530] {logging_mixin.py:188} INFO - [2024-05-05T02:56:34.418+0530] {dag.py:3096} INFO - Sync 1 DAGs
[2024-05-05T02:56:34.433+0530] {logging_mixin.py:188} INFO - [2024-05-05T02:56:34.433+0530] {dag.py:3954} INFO - Setting next_dagrun for example_python_operator to None, run_after=None
[2024-05-05T02:56:34.963+0530] {processor.py:183} INFO - Processing /home/wsl/airflow_venv/lib/python3.10/site-packages/airflow/example_dags/example_python_operator.py took 1.577 seconds
[2024-05-05T02:57:56.545+0530] {processor.py:161} INFO - Started process (PID=242230) to work on /home/wsl/airflow_venv/lib/python3.10/site-packages/airflow/example_dags/example_python_operator.py
[2024-05-05T02:57:56.546+0530] {processor.py:830} INFO - Processing file /home/wsl/airflow_venv/lib/python3.10/site-packages/airflow/example_dags/example_python_operator.py for tasks to queue
[2024-05-05T02:57:56.548+0530] {logging_mixin.py:188} INFO - [2024-05-05T02:57:56.548+0530] {dagbag.py:540} INFO - Filling up the DagBag from /home/wsl/airflow_venv/lib/python3.10/site-packages/airflow/example_dags/example_python_operator.py
[2024-05-05T02:57:56.674+0530] {logging_mixin.py:188} INFO - [2024-05-05T02:57:56.674+0530] {example_python_operator.py:93} WARNING - The virtalenv_python example task requires virtualenv, please install it.
[2024-05-05T02:57:56.675+0530] {processor.py:840} INFO - DAG(s) 'example_python_operator' retrieved from /home/wsl/airflow_venv/lib/python3.10/site-packages/airflow/example_dags/example_python_operator.py
[2024-05-05T02:57:56.695+0530] {logging_mixin.py:188} INFO - [2024-05-05T02:57:56.694+0530] {dag.py:3096} INFO - Sync 1 DAGs
[2024-05-05T02:57:56.709+0530] {logging_mixin.py:188} INFO - [2024-05-05T02:57:56.709+0530] {dag.py:3954} INFO - Setting next_dagrun for example_python_operator to None, run_after=None
[2024-05-05T02:57:56.738+0530] {processor.py:183} INFO - Processing /home/wsl/airflow_venv/lib/python3.10/site-packages/airflow/example_dags/example_python_operator.py took 0.207 seconds
[2024-05-05T02:58:57.490+0530] {processor.py:161} INFO - Started process (PID=242605) to work on /home/wsl/airflow_venv/lib/python3.10/site-packages/airflow/example_dags/example_python_operator.py
[2024-05-05T02:58:57.492+0530] {processor.py:830} INFO - Processing file /home/wsl/airflow_venv/lib/python3.10/site-packages/airflow/example_dags/example_python_operator.py for tasks to queue
[2024-05-05T02:58:57.493+0530] {logging_mixin.py:188} INFO - [2024-05-05T02:58:57.493+0530] {dagbag.py:540} INFO - Filling up the DagBag from /home/wsl/airflow_venv/lib/python3.10/site-packages/airflow/example_dags/example_python_operator.py
[2024-05-05T02:58:57.632+0530] {logging_mixin.py:188} INFO - [2024-05-05T02:58:57.631+0530] {example_python_operator.py:93} WARNING - The virtalenv_python example task requires virtualenv, please install it.
[2024-05-05T02:58:57.633+0530] {processor.py:840} INFO - DAG(s) 'example_python_operator' retrieved from /home/wsl/airflow_venv/lib/python3.10/site-packages/airflow/example_dags/example_python_operator.py
[2024-05-05T02:58:57.660+0530] {logging_mixin.py:188} INFO - [2024-05-05T02:58:57.660+0530] {dag.py:3096} INFO - Sync 1 DAGs
[2024-05-05T02:58:57.677+0530] {logging_mixin.py:188} INFO - [2024-05-05T02:58:57.676+0530] {dag.py:3954} INFO - Setting next_dagrun for example_python_operator to None, run_after=None
[2024-05-05T02:58:57.714+0530] {processor.py:183} INFO - Processing /home/wsl/airflow_venv/lib/python3.10/site-packages/airflow/example_dags/example_python_operator.py took 0.232 seconds
[2024-05-05T02:59:53.144+0530] {processor.py:161} INFO - Started process (PID=242965) to work on /home/wsl/airflow_venv/lib/python3.10/site-packages/airflow/example_dags/example_python_operator.py
[2024-05-05T02:59:53.146+0530] {processor.py:830} INFO - Processing file /home/wsl/airflow_venv/lib/python3.10/site-packages/airflow/example_dags/example_python_operator.py for tasks to queue
[2024-05-05T02:59:53.148+0530] {logging_mixin.py:188} INFO - [2024-05-05T02:59:53.147+0530] {dagbag.py:540} INFO - Filling up the DagBag from /home/wsl/airflow_venv/lib/python3.10/site-packages/airflow/example_dags/example_python_operator.py
[2024-05-05T02:59:53.293+0530] {logging_mixin.py:188} INFO - [2024-05-05T02:59:53.293+0530] {example_python_operator.py:93} WARNING - The virtalenv_python example task requires virtualenv, please install it.
[2024-05-05T02:59:53.294+0530] {processor.py:840} INFO - DAG(s) 'example_python_operator' retrieved from /home/wsl/airflow_venv/lib/python3.10/site-packages/airflow/example_dags/example_python_operator.py
[2024-05-05T02:59:53.313+0530] {logging_mixin.py:188} INFO - [2024-05-05T02:59:53.313+0530] {dag.py:3096} INFO - Sync 1 DAGs
[2024-05-05T02:59:53.326+0530] {logging_mixin.py:188} INFO - [2024-05-05T02:59:53.325+0530] {dag.py:3954} INFO - Setting next_dagrun for example_python_operator to None, run_after=None
[2024-05-05T02:59:53.353+0530] {processor.py:183} INFO - Processing /home/wsl/airflow_venv/lib/python3.10/site-packages/airflow/example_dags/example_python_operator.py took 0.221 seconds
[2024-05-05T03:00:45.926+0530] {processor.py:161} INFO - Started process (PID=243264) to work on /home/wsl/airflow_venv/lib/python3.10/site-packages/airflow/example_dags/example_python_operator.py
[2024-05-05T03:00:45.928+0530] {processor.py:830} INFO - Processing file /home/wsl/airflow_venv/lib/python3.10/site-packages/airflow/example_dags/example_python_operator.py for tasks to queue
[2024-05-05T03:00:45.930+0530] {logging_mixin.py:188} INFO - [2024-05-05T03:00:45.929+0530] {dagbag.py:540} INFO - Filling up the DagBag from /home/wsl/airflow_venv/lib/python3.10/site-packages/airflow/example_dags/example_python_operator.py
[2024-05-05T03:00:46.076+0530] {logging_mixin.py:188} INFO - [2024-05-05T03:00:46.075+0530] {example_python_operator.py:93} WARNING - The virtalenv_python example task requires virtualenv, please install it.
[2024-05-05T03:00:46.077+0530] {processor.py:840} INFO - DAG(s) 'example_python_operator' retrieved from /home/wsl/airflow_venv/lib/python3.10/site-packages/airflow/example_dags/example_python_operator.py
[2024-05-05T03:00:46.109+0530] {logging_mixin.py:188} INFO - [2024-05-05T03:00:46.107+0530] {dag.py:3096} INFO - Sync 1 DAGs
[2024-05-05T03:00:46.130+0530] {logging_mixin.py:188} INFO - [2024-05-05T03:00:46.130+0530] {dag.py:3954} INFO - Setting next_dagrun for example_python_operator to None, run_after=None
[2024-05-05T03:00:46.185+0530] {processor.py:183} INFO - Processing /home/wsl/airflow_venv/lib/python3.10/site-packages/airflow/example_dags/example_python_operator.py took 0.269 seconds
[2024-05-05T03:01:37.886+0530] {processor.py:161} INFO - Started process (PID=243582) to work on /home/wsl/airflow_venv/lib/python3.10/site-packages/airflow/example_dags/example_python_operator.py
[2024-05-05T03:01:37.890+0530] {processor.py:830} INFO - Processing file /home/wsl/airflow_venv/lib/python3.10/site-packages/airflow/example_dags/example_python_operator.py for tasks to queue
[2024-05-05T03:01:37.892+0530] {logging_mixin.py:188} INFO - [2024-05-05T03:01:37.891+0530] {dagbag.py:540} INFO - Filling up the DagBag from /home/wsl/airflow_venv/lib/python3.10/site-packages/airflow/example_dags/example_python_operator.py
[2024-05-05T03:01:38.030+0530] {logging_mixin.py:188} INFO - [2024-05-05T03:01:38.029+0530] {example_python_operator.py:93} WARNING - The virtalenv_python example task requires virtualenv, please install it.
[2024-05-05T03:01:38.030+0530] {processor.py:840} INFO - DAG(s) 'example_python_operator' retrieved from /home/wsl/airflow_venv/lib/python3.10/site-packages/airflow/example_dags/example_python_operator.py
[2024-05-05T03:01:38.051+0530] {logging_mixin.py:188} INFO - [2024-05-05T03:01:38.051+0530] {dag.py:3096} INFO - Sync 1 DAGs
[2024-05-05T03:01:38.068+0530] {logging_mixin.py:188} INFO - [2024-05-05T03:01:38.068+0530] {dag.py:3954} INFO - Setting next_dagrun for example_python_operator to None, run_after=None
[2024-05-05T03:01:38.107+0530] {processor.py:183} INFO - Processing /home/wsl/airflow_venv/lib/python3.10/site-packages/airflow/example_dags/example_python_operator.py took 0.241 seconds
[2024-05-05T03:02:30.946+0530] {processor.py:161} INFO - Started process (PID=244052) to work on /home/wsl/airflow_venv/lib/python3.10/site-packages/airflow/example_dags/example_python_operator.py
[2024-05-05T03:02:30.949+0530] {processor.py:830} INFO - Processing file /home/wsl/airflow_venv/lib/python3.10/site-packages/airflow/example_dags/example_python_operator.py for tasks to queue
[2024-05-05T03:02:30.950+0530] {logging_mixin.py:188} INFO - [2024-05-05T03:02:30.950+0530] {dagbag.py:540} INFO - Filling up the DagBag from /home/wsl/airflow_venv/lib/python3.10/site-packages/airflow/example_dags/example_python_operator.py
[2024-05-05T03:02:31.091+0530] {logging_mixin.py:188} INFO - [2024-05-05T03:02:31.090+0530] {example_python_operator.py:93} WARNING - The virtalenv_python example task requires virtualenv, please install it.
[2024-05-05T03:02:31.091+0530] {processor.py:840} INFO - DAG(s) 'example_python_operator' retrieved from /home/wsl/airflow_venv/lib/python3.10/site-packages/airflow/example_dags/example_python_operator.py
[2024-05-05T03:02:31.110+0530] {logging_mixin.py:188} INFO - [2024-05-05T03:02:31.110+0530] {dag.py:3096} INFO - Sync 1 DAGs
[2024-05-05T03:02:31.122+0530] {logging_mixin.py:188} INFO - [2024-05-05T03:02:31.122+0530] {dag.py:3954} INFO - Setting next_dagrun for example_python_operator to None, run_after=None
[2024-05-05T03:02:31.152+0530] {processor.py:183} INFO - Processing /home/wsl/airflow_venv/lib/python3.10/site-packages/airflow/example_dags/example_python_operator.py took 0.217 seconds
[2024-05-05T03:03:23.529+0530] {processor.py:161} INFO - Started process (PID=244342) to work on /home/wsl/airflow_venv/lib/python3.10/site-packages/airflow/example_dags/example_python_operator.py
[2024-05-05T03:03:23.629+0530] {processor.py:830} INFO - Processing file /home/wsl/airflow_venv/lib/python3.10/site-packages/airflow/example_dags/example_python_operator.py for tasks to queue
[2024-05-05T03:03:23.631+0530] {logging_mixin.py:188} INFO - [2024-05-05T03:03:23.630+0530] {dagbag.py:540} INFO - Filling up the DagBag from /home/wsl/airflow_venv/lib/python3.10/site-packages/airflow/example_dags/example_python_operator.py
[2024-05-05T03:03:24.021+0530] {logging_mixin.py:188} INFO - [2024-05-05T03:03:24.021+0530] {example_python_operator.py:93} WARNING - The virtalenv_python example task requires virtualenv, please install it.
[2024-05-05T03:03:24.022+0530] {processor.py:840} INFO - DAG(s) 'example_python_operator' retrieved from /home/wsl/airflow_venv/lib/python3.10/site-packages/airflow/example_dags/example_python_operator.py
[2024-05-05T03:03:24.058+0530] {logging_mixin.py:188} INFO - [2024-05-05T03:03:24.057+0530] {dag.py:3096} INFO - Sync 1 DAGs
[2024-05-05T03:03:24.079+0530] {logging_mixin.py:188} INFO - [2024-05-05T03:03:24.079+0530] {dag.py:3954} INFO - Setting next_dagrun for example_python_operator to None, run_after=None
[2024-05-05T03:03:24.116+0530] {processor.py:183} INFO - Processing /home/wsl/airflow_venv/lib/python3.10/site-packages/airflow/example_dags/example_python_operator.py took 0.610 seconds
[2024-05-05T03:04:21.304+0530] {processor.py:161} INFO - Started process (PID=244707) to work on /home/wsl/airflow_venv/lib/python3.10/site-packages/airflow/example_dags/example_python_operator.py
[2024-05-05T03:04:21.308+0530] {processor.py:830} INFO - Processing file /home/wsl/airflow_venv/lib/python3.10/site-packages/airflow/example_dags/example_python_operator.py for tasks to queue
[2024-05-05T03:04:21.309+0530] {logging_mixin.py:188} INFO - [2024-05-05T03:04:21.308+0530] {dagbag.py:540} INFO - Filling up the DagBag from /home/wsl/airflow_venv/lib/python3.10/site-packages/airflow/example_dags/example_python_operator.py
[2024-05-05T03:04:21.438+0530] {logging_mixin.py:188} INFO - [2024-05-05T03:04:21.438+0530] {example_python_operator.py:93} WARNING - The virtalenv_python example task requires virtualenv, please install it.
[2024-05-05T03:04:21.439+0530] {processor.py:840} INFO - DAG(s) 'example_python_operator' retrieved from /home/wsl/airflow_venv/lib/python3.10/site-packages/airflow/example_dags/example_python_operator.py
[2024-05-05T03:04:21.458+0530] {logging_mixin.py:188} INFO - [2024-05-05T03:04:21.458+0530] {dag.py:3096} INFO - Sync 1 DAGs
[2024-05-05T03:04:21.470+0530] {logging_mixin.py:188} INFO - [2024-05-05T03:04:21.470+0530] {dag.py:3954} INFO - Setting next_dagrun for example_python_operator to None, run_after=None
[2024-05-05T03:04:21.498+0530] {processor.py:183} INFO - Processing /home/wsl/airflow_venv/lib/python3.10/site-packages/airflow/example_dags/example_python_operator.py took 0.205 seconds
[2024-05-05T03:05:19.424+0530] {processor.py:161} INFO - Started process (PID=245095) to work on /home/wsl/airflow_venv/lib/python3.10/site-packages/airflow/example_dags/example_python_operator.py
[2024-05-05T03:05:19.426+0530] {processor.py:830} INFO - Processing file /home/wsl/airflow_venv/lib/python3.10/site-packages/airflow/example_dags/example_python_operator.py for tasks to queue
[2024-05-05T03:05:19.427+0530] {logging_mixin.py:188} INFO - [2024-05-05T03:05:19.427+0530] {dagbag.py:540} INFO - Filling up the DagBag from /home/wsl/airflow_venv/lib/python3.10/site-packages/airflow/example_dags/example_python_operator.py
[2024-05-05T03:05:19.587+0530] {logging_mixin.py:188} INFO - [2024-05-05T03:05:19.586+0530] {example_python_operator.py:93} WARNING - The virtalenv_python example task requires virtualenv, please install it.
[2024-05-05T03:05:19.588+0530] {processor.py:840} INFO - DAG(s) 'example_python_operator' retrieved from /home/wsl/airflow_venv/lib/python3.10/site-packages/airflow/example_dags/example_python_operator.py
[2024-05-05T03:05:19.608+0530] {logging_mixin.py:188} INFO - [2024-05-05T03:05:19.608+0530] {dag.py:3096} INFO - Sync 1 DAGs
[2024-05-05T03:05:19.621+0530] {logging_mixin.py:188} INFO - [2024-05-05T03:05:19.621+0530] {dag.py:3954} INFO - Setting next_dagrun for example_python_operator to None, run_after=None
[2024-05-05T03:05:19.650+0530] {processor.py:183} INFO - Processing /home/wsl/airflow_venv/lib/python3.10/site-packages/airflow/example_dags/example_python_operator.py took 0.239 seconds
[2024-05-05T03:06:14.680+0530] {processor.py:161} INFO - Started process (PID=245425) to work on /home/wsl/airflow_venv/lib/python3.10/site-packages/airflow/example_dags/example_python_operator.py
[2024-05-05T03:06:14.683+0530] {processor.py:830} INFO - Processing file /home/wsl/airflow_venv/lib/python3.10/site-packages/airflow/example_dags/example_python_operator.py for tasks to queue
[2024-05-05T03:06:14.684+0530] {logging_mixin.py:188} INFO - [2024-05-05T03:06:14.684+0530] {dagbag.py:540} INFO - Filling up the DagBag from /home/wsl/airflow_venv/lib/python3.10/site-packages/airflow/example_dags/example_python_operator.py
[2024-05-05T03:06:14.845+0530] {logging_mixin.py:188} INFO - [2024-05-05T03:06:14.844+0530] {example_python_operator.py:93} WARNING - The virtalenv_python example task requires virtualenv, please install it.
[2024-05-05T03:06:14.846+0530] {processor.py:840} INFO - DAG(s) 'example_python_operator' retrieved from /home/wsl/airflow_venv/lib/python3.10/site-packages/airflow/example_dags/example_python_operator.py
[2024-05-05T03:06:14.869+0530] {logging_mixin.py:188} INFO - [2024-05-05T03:06:14.869+0530] {dag.py:3096} INFO - Sync 1 DAGs
[2024-05-05T03:06:14.889+0530] {logging_mixin.py:188} INFO - [2024-05-05T03:06:14.889+0530] {dag.py:3954} INFO - Setting next_dagrun for example_python_operator to None, run_after=None
[2024-05-05T03:06:14.958+0530] {processor.py:183} INFO - Processing /home/wsl/airflow_venv/lib/python3.10/site-packages/airflow/example_dags/example_python_operator.py took 0.288 seconds
[2024-05-05T03:07:07.074+0530] {processor.py:161} INFO - Started process (PID=245779) to work on /home/wsl/airflow_venv/lib/python3.10/site-packages/airflow/example_dags/example_python_operator.py
[2024-05-05T03:07:07.077+0530] {processor.py:830} INFO - Processing file /home/wsl/airflow_venv/lib/python3.10/site-packages/airflow/example_dags/example_python_operator.py for tasks to queue
[2024-05-05T03:07:07.079+0530] {logging_mixin.py:188} INFO - [2024-05-05T03:07:07.078+0530] {dagbag.py:540} INFO - Filling up the DagBag from /home/wsl/airflow_venv/lib/python3.10/site-packages/airflow/example_dags/example_python_operator.py
[2024-05-05T03:07:07.226+0530] {logging_mixin.py:188} INFO - [2024-05-05T03:07:07.225+0530] {example_python_operator.py:93} WARNING - The virtalenv_python example task requires virtualenv, please install it.
[2024-05-05T03:07:07.226+0530] {processor.py:840} INFO - DAG(s) 'example_python_operator' retrieved from /home/wsl/airflow_venv/lib/python3.10/site-packages/airflow/example_dags/example_python_operator.py
[2024-05-05T03:07:07.246+0530] {logging_mixin.py:188} INFO - [2024-05-05T03:07:07.246+0530] {dag.py:3096} INFO - Sync 1 DAGs
[2024-05-05T03:07:07.260+0530] {logging_mixin.py:188} INFO - [2024-05-05T03:07:07.260+0530] {dag.py:3954} INFO - Setting next_dagrun for example_python_operator to None, run_after=None
[2024-05-05T03:07:07.287+0530] {processor.py:183} INFO - Processing /home/wsl/airflow_venv/lib/python3.10/site-packages/airflow/example_dags/example_python_operator.py took 0.226 seconds
[2024-05-05T03:08:04.895+0530] {processor.py:161} INFO - Started process (PID=246177) to work on /home/wsl/airflow_venv/lib/python3.10/site-packages/airflow/example_dags/example_python_operator.py
[2024-05-05T03:08:04.897+0530] {processor.py:830} INFO - Processing file /home/wsl/airflow_venv/lib/python3.10/site-packages/airflow/example_dags/example_python_operator.py for tasks to queue
[2024-05-05T03:08:04.898+0530] {logging_mixin.py:188} INFO - [2024-05-05T03:08:04.897+0530] {dagbag.py:540} INFO - Filling up the DagBag from /home/wsl/airflow_venv/lib/python3.10/site-packages/airflow/example_dags/example_python_operator.py
[2024-05-05T03:08:05.032+0530] {logging_mixin.py:188} INFO - [2024-05-05T03:08:05.032+0530] {example_python_operator.py:93} WARNING - The virtalenv_python example task requires virtualenv, please install it.
[2024-05-05T03:08:05.033+0530] {processor.py:840} INFO - DAG(s) 'example_python_operator' retrieved from /home/wsl/airflow_venv/lib/python3.10/site-packages/airflow/example_dags/example_python_operator.py
[2024-05-05T03:08:05.053+0530] {logging_mixin.py:188} INFO - [2024-05-05T03:08:05.053+0530] {dag.py:3096} INFO - Sync 1 DAGs
[2024-05-05T03:08:05.067+0530] {logging_mixin.py:188} INFO - [2024-05-05T03:08:05.067+0530] {dag.py:3954} INFO - Setting next_dagrun for example_python_operator to None, run_after=None
[2024-05-05T03:08:05.099+0530] {processor.py:183} INFO - Processing /home/wsl/airflow_venv/lib/python3.10/site-packages/airflow/example_dags/example_python_operator.py took 0.212 seconds
[2024-05-05T03:08:58.749+0530] {processor.py:161} INFO - Started process (PID=246444) to work on /home/wsl/airflow_venv/lib/python3.10/site-packages/airflow/example_dags/example_python_operator.py
[2024-05-05T03:08:58.751+0530] {processor.py:830} INFO - Processing file /home/wsl/airflow_venv/lib/python3.10/site-packages/airflow/example_dags/example_python_operator.py for tasks to queue
[2024-05-05T03:08:58.753+0530] {logging_mixin.py:188} INFO - [2024-05-05T03:08:58.753+0530] {dagbag.py:540} INFO - Filling up the DagBag from /home/wsl/airflow_venv/lib/python3.10/site-packages/airflow/example_dags/example_python_operator.py
[2024-05-05T03:08:58.872+0530] {logging_mixin.py:188} INFO - [2024-05-05T03:08:58.872+0530] {example_python_operator.py:93} WARNING - The virtalenv_python example task requires virtualenv, please install it.
[2024-05-05T03:08:58.873+0530] {processor.py:840} INFO - DAG(s) 'example_python_operator' retrieved from /home/wsl/airflow_venv/lib/python3.10/site-packages/airflow/example_dags/example_python_operator.py
[2024-05-05T03:08:58.892+0530] {logging_mixin.py:188} INFO - [2024-05-05T03:08:58.891+0530] {dag.py:3096} INFO - Sync 1 DAGs
[2024-05-05T03:08:58.904+0530] {logging_mixin.py:188} INFO - [2024-05-05T03:08:58.904+0530] {dag.py:3954} INFO - Setting next_dagrun for example_python_operator to None, run_after=None
[2024-05-05T03:08:58.936+0530] {processor.py:183} INFO - Processing /home/wsl/airflow_venv/lib/python3.10/site-packages/airflow/example_dags/example_python_operator.py took 0.192 seconds
[2024-05-05T03:09:58.049+0530] {processor.py:161} INFO - Started process (PID=246956) to work on /home/wsl/airflow_venv/lib/python3.10/site-packages/airflow/example_dags/example_python_operator.py
[2024-05-05T03:09:58.051+0530] {processor.py:830} INFO - Processing file /home/wsl/airflow_venv/lib/python3.10/site-packages/airflow/example_dags/example_python_operator.py for tasks to queue
[2024-05-05T03:09:58.052+0530] {logging_mixin.py:188} INFO - [2024-05-05T03:09:58.052+0530] {dagbag.py:540} INFO - Filling up the DagBag from /home/wsl/airflow_venv/lib/python3.10/site-packages/airflow/example_dags/example_python_operator.py
[2024-05-05T03:09:58.188+0530] {logging_mixin.py:188} INFO - [2024-05-05T03:09:58.188+0530] {example_python_operator.py:93} WARNING - The virtalenv_python example task requires virtualenv, please install it.
[2024-05-05T03:09:58.189+0530] {processor.py:840} INFO - DAG(s) 'example_python_operator' retrieved from /home/wsl/airflow_venv/lib/python3.10/site-packages/airflow/example_dags/example_python_operator.py
[2024-05-05T03:09:58.209+0530] {logging_mixin.py:188} INFO - [2024-05-05T03:09:58.208+0530] {dag.py:3096} INFO - Sync 1 DAGs
[2024-05-05T03:09:58.222+0530] {logging_mixin.py:188} INFO - [2024-05-05T03:09:58.221+0530] {dag.py:3954} INFO - Setting next_dagrun for example_python_operator to None, run_after=None
[2024-05-05T03:09:58.252+0530] {processor.py:183} INFO - Processing /home/wsl/airflow_venv/lib/python3.10/site-packages/airflow/example_dags/example_python_operator.py took 0.212 seconds
[2024-05-05T03:10:53.922+0530] {processor.py:161} INFO - Started process (PID=247280) to work on /home/wsl/airflow_venv/lib/python3.10/site-packages/airflow/example_dags/example_python_operator.py
[2024-05-05T03:10:53.924+0530] {processor.py:830} INFO - Processing file /home/wsl/airflow_venv/lib/python3.10/site-packages/airflow/example_dags/example_python_operator.py for tasks to queue
[2024-05-05T03:10:53.925+0530] {logging_mixin.py:188} INFO - [2024-05-05T03:10:53.925+0530] {dagbag.py:540} INFO - Filling up the DagBag from /home/wsl/airflow_venv/lib/python3.10/site-packages/airflow/example_dags/example_python_operator.py
[2024-05-05T03:10:54.079+0530] {logging_mixin.py:188} INFO - [2024-05-05T03:10:54.079+0530] {example_python_operator.py:93} WARNING - The virtalenv_python example task requires virtualenv, please install it.
[2024-05-05T03:10:54.080+0530] {processor.py:840} INFO - DAG(s) 'example_python_operator' retrieved from /home/wsl/airflow_venv/lib/python3.10/site-packages/airflow/example_dags/example_python_operator.py
[2024-05-05T03:10:54.101+0530] {logging_mixin.py:188} INFO - [2024-05-05T03:10:54.100+0530] {dag.py:3096} INFO - Sync 1 DAGs
[2024-05-05T03:10:54.114+0530] {logging_mixin.py:188} INFO - [2024-05-05T03:10:54.114+0530] {dag.py:3954} INFO - Setting next_dagrun for example_python_operator to None, run_after=None
[2024-05-05T03:10:54.141+0530] {processor.py:183} INFO - Processing /home/wsl/airflow_venv/lib/python3.10/site-packages/airflow/example_dags/example_python_operator.py took 0.252 seconds
[2024-05-05T03:11:45.872+0530] {processor.py:161} INFO - Started process (PID=247617) to work on /home/wsl/airflow_venv/lib/python3.10/site-packages/airflow/example_dags/example_python_operator.py
[2024-05-05T03:11:45.874+0530] {processor.py:830} INFO - Processing file /home/wsl/airflow_venv/lib/python3.10/site-packages/airflow/example_dags/example_python_operator.py for tasks to queue
[2024-05-05T03:11:45.875+0530] {logging_mixin.py:188} INFO - [2024-05-05T03:11:45.875+0530] {dagbag.py:540} INFO - Filling up the DagBag from /home/wsl/airflow_venv/lib/python3.10/site-packages/airflow/example_dags/example_python_operator.py
[2024-05-05T03:11:46.004+0530] {logging_mixin.py:188} INFO - [2024-05-05T03:11:46.003+0530] {example_python_operator.py:93} WARNING - The virtalenv_python example task requires virtualenv, please install it.
[2024-05-05T03:11:46.004+0530] {processor.py:840} INFO - DAG(s) 'example_python_operator' retrieved from /home/wsl/airflow_venv/lib/python3.10/site-packages/airflow/example_dags/example_python_operator.py
[2024-05-05T03:11:46.023+0530] {logging_mixin.py:188} INFO - [2024-05-05T03:11:46.023+0530] {dag.py:3096} INFO - Sync 1 DAGs
[2024-05-05T03:11:46.035+0530] {logging_mixin.py:188} INFO - [2024-05-05T03:11:46.035+0530] {dag.py:3954} INFO - Setting next_dagrun for example_python_operator to None, run_after=None
[2024-05-05T03:11:46.066+0530] {processor.py:183} INFO - Processing /home/wsl/airflow_venv/lib/python3.10/site-packages/airflow/example_dags/example_python_operator.py took 0.212 seconds
[2024-05-05T03:12:43.306+0530] {processor.py:161} INFO - Started process (PID=247849) to work on /home/wsl/airflow_venv/lib/python3.10/site-packages/airflow/example_dags/example_python_operator.py
[2024-05-05T03:12:43.308+0530] {processor.py:830} INFO - Processing file /home/wsl/airflow_venv/lib/python3.10/site-packages/airflow/example_dags/example_python_operator.py for tasks to queue
[2024-05-05T03:12:43.310+0530] {logging_mixin.py:188} INFO - [2024-05-05T03:12:43.309+0530] {dagbag.py:540} INFO - Filling up the DagBag from /home/wsl/airflow_venv/lib/python3.10/site-packages/airflow/example_dags/example_python_operator.py
[2024-05-05T03:12:43.432+0530] {logging_mixin.py:188} INFO - [2024-05-05T03:12:43.432+0530] {example_python_operator.py:93} WARNING - The virtalenv_python example task requires virtualenv, please install it.
[2024-05-05T03:12:43.433+0530] {processor.py:840} INFO - DAG(s) 'example_python_operator' retrieved from /home/wsl/airflow_venv/lib/python3.10/site-packages/airflow/example_dags/example_python_operator.py
[2024-05-05T03:12:43.460+0530] {logging_mixin.py:188} INFO - [2024-05-05T03:12:43.459+0530] {dag.py:3096} INFO - Sync 1 DAGs
[2024-05-05T03:12:43.480+0530] {logging_mixin.py:188} INFO - [2024-05-05T03:12:43.479+0530] {dag.py:3954} INFO - Setting next_dagrun for example_python_operator to None, run_after=None
[2024-05-05T03:12:43.511+0530] {processor.py:183} INFO - Processing /home/wsl/airflow_venv/lib/python3.10/site-packages/airflow/example_dags/example_python_operator.py took 0.212 seconds
[2024-05-05T03:13:39.783+0530] {processor.py:161} INFO - Started process (PID=248164) to work on /home/wsl/airflow_venv/lib/python3.10/site-packages/airflow/example_dags/example_python_operator.py
[2024-05-05T03:13:39.786+0530] {processor.py:830} INFO - Processing file /home/wsl/airflow_venv/lib/python3.10/site-packages/airflow/example_dags/example_python_operator.py for tasks to queue
[2024-05-05T03:13:39.788+0530] {logging_mixin.py:188} INFO - [2024-05-05T03:13:39.787+0530] {dagbag.py:540} INFO - Filling up the DagBag from /home/wsl/airflow_venv/lib/python3.10/site-packages/airflow/example_dags/example_python_operator.py
[2024-05-05T03:13:39.936+0530] {logging_mixin.py:188} INFO - [2024-05-05T03:13:39.936+0530] {example_python_operator.py:93} WARNING - The virtalenv_python example task requires virtualenv, please install it.
[2024-05-05T03:13:39.937+0530] {processor.py:840} INFO - DAG(s) 'example_python_operator' retrieved from /home/wsl/airflow_venv/lib/python3.10/site-packages/airflow/example_dags/example_python_operator.py
[2024-05-05T03:13:39.962+0530] {logging_mixin.py:188} INFO - [2024-05-05T03:13:39.962+0530] {dag.py:3096} INFO - Sync 1 DAGs
[2024-05-05T03:13:39.978+0530] {logging_mixin.py:188} INFO - [2024-05-05T03:13:39.978+0530] {dag.py:3954} INFO - Setting next_dagrun for example_python_operator to None, run_after=None
[2024-05-05T03:13:40.009+0530] {processor.py:183} INFO - Processing /home/wsl/airflow_venv/lib/python3.10/site-packages/airflow/example_dags/example_python_operator.py took 0.239 seconds
[2024-05-05T03:14:38.920+0530] {processor.py:161} INFO - Started process (PID=248516) to work on /home/wsl/airflow_venv/lib/python3.10/site-packages/airflow/example_dags/example_python_operator.py
[2024-05-05T03:14:38.926+0530] {processor.py:830} INFO - Processing file /home/wsl/airflow_venv/lib/python3.10/site-packages/airflow/example_dags/example_python_operator.py for tasks to queue
[2024-05-05T03:14:38.930+0530] {logging_mixin.py:188} INFO - [2024-05-05T03:14:38.929+0530] {dagbag.py:540} INFO - Filling up the DagBag from /home/wsl/airflow_venv/lib/python3.10/site-packages/airflow/example_dags/example_python_operator.py
[2024-05-05T03:14:39.148+0530] {logging_mixin.py:188} INFO - [2024-05-05T03:14:39.147+0530] {example_python_operator.py:93} WARNING - The virtalenv_python example task requires virtualenv, please install it.
[2024-05-05T03:14:39.149+0530] {processor.py:840} INFO - DAG(s) 'example_python_operator' retrieved from /home/wsl/airflow_venv/lib/python3.10/site-packages/airflow/example_dags/example_python_operator.py
[2024-05-05T03:14:39.197+0530] {logging_mixin.py:188} INFO - [2024-05-05T03:14:39.197+0530] {dag.py:3096} INFO - Sync 1 DAGs
[2024-05-05T03:14:39.212+0530] {logging_mixin.py:188} INFO - [2024-05-05T03:14:39.212+0530] {dag.py:3954} INFO - Setting next_dagrun for example_python_operator to None, run_after=None
[2024-05-05T03:14:39.256+0530] {processor.py:183} INFO - Processing /home/wsl/airflow_venv/lib/python3.10/site-packages/airflow/example_dags/example_python_operator.py took 0.357 seconds
[2024-05-05T03:15:36.225+0530] {processor.py:161} INFO - Started process (PID=248916) to work on /home/wsl/airflow_venv/lib/python3.10/site-packages/airflow/example_dags/example_python_operator.py
[2024-05-05T03:15:36.229+0530] {processor.py:830} INFO - Processing file /home/wsl/airflow_venv/lib/python3.10/site-packages/airflow/example_dags/example_python_operator.py for tasks to queue
[2024-05-05T03:15:36.231+0530] {logging_mixin.py:188} INFO - [2024-05-05T03:15:36.230+0530] {dagbag.py:540} INFO - Filling up the DagBag from /home/wsl/airflow_venv/lib/python3.10/site-packages/airflow/example_dags/example_python_operator.py
[2024-05-05T03:15:36.414+0530] {logging_mixin.py:188} INFO - [2024-05-05T03:15:36.413+0530] {example_python_operator.py:93} WARNING - The virtalenv_python example task requires virtualenv, please install it.
[2024-05-05T03:15:36.414+0530] {processor.py:840} INFO - DAG(s) 'example_python_operator' retrieved from /home/wsl/airflow_venv/lib/python3.10/site-packages/airflow/example_dags/example_python_operator.py
[2024-05-05T03:15:36.437+0530] {logging_mixin.py:188} INFO - [2024-05-05T03:15:36.436+0530] {dag.py:3096} INFO - Sync 1 DAGs
[2024-05-05T03:15:36.451+0530] {logging_mixin.py:188} INFO - [2024-05-05T03:15:36.450+0530] {dag.py:3954} INFO - Setting next_dagrun for example_python_operator to None, run_after=None
[2024-05-05T03:15:36.483+0530] {processor.py:183} INFO - Processing /home/wsl/airflow_venv/lib/python3.10/site-packages/airflow/example_dags/example_python_operator.py took 0.270 seconds
[2024-05-05T03:16:38.036+0530] {processor.py:161} INFO - Started process (PID=249264) to work on /home/wsl/airflow_venv/lib/python3.10/site-packages/airflow/example_dags/example_python_operator.py
[2024-05-05T03:16:38.039+0530] {processor.py:830} INFO - Processing file /home/wsl/airflow_venv/lib/python3.10/site-packages/airflow/example_dags/example_python_operator.py for tasks to queue
[2024-05-05T03:16:38.040+0530] {logging_mixin.py:188} INFO - [2024-05-05T03:16:38.040+0530] {dagbag.py:540} INFO - Filling up the DagBag from /home/wsl/airflow_venv/lib/python3.10/site-packages/airflow/example_dags/example_python_operator.py
[2024-05-05T03:16:38.214+0530] {logging_mixin.py:188} INFO - [2024-05-05T03:16:38.214+0530] {example_python_operator.py:93} WARNING - The virtalenv_python example task requires virtualenv, please install it.
[2024-05-05T03:16:38.215+0530] {processor.py:840} INFO - DAG(s) 'example_python_operator' retrieved from /home/wsl/airflow_venv/lib/python3.10/site-packages/airflow/example_dags/example_python_operator.py
[2024-05-05T03:16:38.248+0530] {logging_mixin.py:188} INFO - [2024-05-05T03:16:38.248+0530] {dag.py:3096} INFO - Sync 1 DAGs
[2024-05-05T03:16:38.267+0530] {logging_mixin.py:188} INFO - [2024-05-05T03:16:38.266+0530] {dag.py:3954} INFO - Setting next_dagrun for example_python_operator to None, run_after=None
[2024-05-05T03:16:38.312+0530] {processor.py:183} INFO - Processing /home/wsl/airflow_venv/lib/python3.10/site-packages/airflow/example_dags/example_python_operator.py took 0.291 seconds
[2024-05-05T03:18:02.501+0530] {processor.py:161} INFO - Started process (PID=249676) to work on /home/wsl/airflow_venv/lib/python3.10/site-packages/airflow/example_dags/example_python_operator.py
[2024-05-05T03:18:02.518+0530] {processor.py:830} INFO - Processing file /home/wsl/airflow_venv/lib/python3.10/site-packages/airflow/example_dags/example_python_operator.py for tasks to queue
[2024-05-05T03:18:02.519+0530] {logging_mixin.py:188} INFO - [2024-05-05T03:18:02.519+0530] {dagbag.py:540} INFO - Filling up the DagBag from /home/wsl/airflow_venv/lib/python3.10/site-packages/airflow/example_dags/example_python_operator.py
[2024-05-05T03:18:03.155+0530] {logging_mixin.py:188} INFO - [2024-05-05T03:18:03.154+0530] {example_python_operator.py:93} WARNING - The virtalenv_python example task requires virtualenv, please install it.
[2024-05-05T03:18:03.156+0530] {processor.py:840} INFO - DAG(s) 'example_python_operator' retrieved from /home/wsl/airflow_venv/lib/python3.10/site-packages/airflow/example_dags/example_python_operator.py
[2024-05-05T03:18:03.179+0530] {logging_mixin.py:188} INFO - [2024-05-05T03:18:03.179+0530] {dag.py:3096} INFO - Sync 1 DAGs
[2024-05-05T03:18:03.195+0530] {logging_mixin.py:188} INFO - [2024-05-05T03:18:03.195+0530] {dag.py:3954} INFO - Setting next_dagrun for example_python_operator to None, run_after=None
[2024-05-05T03:18:03.465+0530] {processor.py:183} INFO - Processing /home/wsl/airflow_venv/lib/python3.10/site-packages/airflow/example_dags/example_python_operator.py took 0.971 seconds
[2024-05-05T03:19:14.428+0530] {processor.py:161} INFO - Started process (PID=249997) to work on /home/wsl/airflow_venv/lib/python3.10/site-packages/airflow/example_dags/example_python_operator.py
[2024-05-05T03:19:14.430+0530] {processor.py:830} INFO - Processing file /home/wsl/airflow_venv/lib/python3.10/site-packages/airflow/example_dags/example_python_operator.py for tasks to queue
[2024-05-05T03:19:14.432+0530] {logging_mixin.py:188} INFO - [2024-05-05T03:19:14.431+0530] {dagbag.py:540} INFO - Filling up the DagBag from /home/wsl/airflow_venv/lib/python3.10/site-packages/airflow/example_dags/example_python_operator.py
[2024-05-05T03:19:14.563+0530] {logging_mixin.py:188} INFO - [2024-05-05T03:19:14.562+0530] {example_python_operator.py:93} WARNING - The virtalenv_python example task requires virtualenv, please install it.
[2024-05-05T03:19:14.564+0530] {processor.py:840} INFO - DAG(s) 'example_python_operator' retrieved from /home/wsl/airflow_venv/lib/python3.10/site-packages/airflow/example_dags/example_python_operator.py
[2024-05-05T03:19:14.603+0530] {logging_mixin.py:188} INFO - [2024-05-05T03:19:14.602+0530] {dag.py:3096} INFO - Sync 1 DAGs
[2024-05-05T03:19:14.618+0530] {logging_mixin.py:188} INFO - [2024-05-05T03:19:14.618+0530] {dag.py:3954} INFO - Setting next_dagrun for example_python_operator to None, run_after=None
[2024-05-05T03:19:14.847+0530] {processor.py:183} INFO - Processing /home/wsl/airflow_venv/lib/python3.10/site-packages/airflow/example_dags/example_python_operator.py took 0.429 seconds
[2024-05-05T03:20:29.199+0530] {processor.py:161} INFO - Started process (PID=250513) to work on /home/wsl/airflow_venv/lib/python3.10/site-packages/airflow/example_dags/example_python_operator.py
[2024-05-05T03:20:29.203+0530] {processor.py:830} INFO - Processing file /home/wsl/airflow_venv/lib/python3.10/site-packages/airflow/example_dags/example_python_operator.py for tasks to queue
[2024-05-05T03:20:29.206+0530] {logging_mixin.py:188} INFO - [2024-05-05T03:20:29.205+0530] {dagbag.py:540} INFO - Filling up the DagBag from /home/wsl/airflow_venv/lib/python3.10/site-packages/airflow/example_dags/example_python_operator.py
[2024-05-05T03:20:29.436+0530] {logging_mixin.py:188} INFO - [2024-05-05T03:20:29.435+0530] {example_python_operator.py:93} WARNING - The virtalenv_python example task requires virtualenv, please install it.
[2024-05-05T03:20:29.437+0530] {processor.py:840} INFO - DAG(s) 'example_python_operator' retrieved from /home/wsl/airflow_venv/lib/python3.10/site-packages/airflow/example_dags/example_python_operator.py
[2024-05-05T03:20:29.489+0530] {logging_mixin.py:188} INFO - [2024-05-05T03:20:29.489+0530] {dag.py:3096} INFO - Sync 1 DAGs
[2024-05-05T03:20:29.513+0530] {logging_mixin.py:188} INFO - [2024-05-05T03:20:29.513+0530] {dag.py:3954} INFO - Setting next_dagrun for example_python_operator to None, run_after=None
[2024-05-05T03:20:29.565+0530] {processor.py:183} INFO - Processing /home/wsl/airflow_venv/lib/python3.10/site-packages/airflow/example_dags/example_python_operator.py took 0.398 seconds
[2024-05-05T03:21:33.120+0530] {processor.py:161} INFO - Started process (PID=250864) to work on /home/wsl/airflow_venv/lib/python3.10/site-packages/airflow/example_dags/example_python_operator.py
[2024-05-05T03:21:33.122+0530] {processor.py:830} INFO - Processing file /home/wsl/airflow_venv/lib/python3.10/site-packages/airflow/example_dags/example_python_operator.py for tasks to queue
[2024-05-05T03:21:33.123+0530] {logging_mixin.py:188} INFO - [2024-05-05T03:21:33.123+0530] {dagbag.py:540} INFO - Filling up the DagBag from /home/wsl/airflow_venv/lib/python3.10/site-packages/airflow/example_dags/example_python_operator.py
[2024-05-05T03:21:33.281+0530] {logging_mixin.py:188} INFO - [2024-05-05T03:21:33.280+0530] {example_python_operator.py:93} WARNING - The virtalenv_python example task requires virtualenv, please install it.
[2024-05-05T03:21:33.281+0530] {processor.py:840} INFO - DAG(s) 'example_python_operator' retrieved from /home/wsl/airflow_venv/lib/python3.10/site-packages/airflow/example_dags/example_python_operator.py
[2024-05-05T03:21:33.306+0530] {logging_mixin.py:188} INFO - [2024-05-05T03:21:33.306+0530] {dag.py:3096} INFO - Sync 1 DAGs
[2024-05-05T03:21:33.322+0530] {logging_mixin.py:188} INFO - [2024-05-05T03:21:33.322+0530] {dag.py:3954} INFO - Setting next_dagrun for example_python_operator to None, run_after=None
[2024-05-05T03:21:33.377+0530] {processor.py:183} INFO - Processing /home/wsl/airflow_venv/lib/python3.10/site-packages/airflow/example_dags/example_python_operator.py took 0.265 seconds
[2024-05-05T03:22:46.808+0530] {processor.py:161} INFO - Started process (PID=251207) to work on /home/wsl/airflow_venv/lib/python3.10/site-packages/airflow/example_dags/example_python_operator.py
[2024-05-05T03:22:46.984+0530] {processor.py:830} INFO - Processing file /home/wsl/airflow_venv/lib/python3.10/site-packages/airflow/example_dags/example_python_operator.py for tasks to queue
[2024-05-05T03:22:46.986+0530] {logging_mixin.py:188} INFO - [2024-05-05T03:22:46.986+0530] {dagbag.py:540} INFO - Filling up the DagBag from /home/wsl/airflow_venv/lib/python3.10/site-packages/airflow/example_dags/example_python_operator.py
[2024-05-05T03:22:48.413+0530] {logging_mixin.py:188} INFO - [2024-05-05T03:22:48.413+0530] {example_python_operator.py:93} WARNING - The virtalenv_python example task requires virtualenv, please install it.
[2024-05-05T03:22:48.414+0530] {processor.py:840} INFO - DAG(s) 'example_python_operator' retrieved from /home/wsl/airflow_venv/lib/python3.10/site-packages/airflow/example_dags/example_python_operator.py
[2024-05-05T03:22:48.476+0530] {logging_mixin.py:188} INFO - [2024-05-05T03:22:48.476+0530] {dag.py:3096} INFO - Sync 1 DAGs
[2024-05-05T03:22:48.521+0530] {logging_mixin.py:188} INFO - [2024-05-05T03:22:48.521+0530] {dag.py:3954} INFO - Setting next_dagrun for example_python_operator to None, run_after=None
[2024-05-05T03:22:49.103+0530] {processor.py:183} INFO - Processing /home/wsl/airflow_venv/lib/python3.10/site-packages/airflow/example_dags/example_python_operator.py took 2.307 seconds
[2024-05-05T03:23:49.639+0530] {processor.py:161} INFO - Started process (PID=251554) to work on /home/wsl/airflow_venv/lib/python3.10/site-packages/airflow/example_dags/example_python_operator.py
[2024-05-05T03:23:49.642+0530] {processor.py:830} INFO - Processing file /home/wsl/airflow_venv/lib/python3.10/site-packages/airflow/example_dags/example_python_operator.py for tasks to queue
[2024-05-05T03:23:49.644+0530] {logging_mixin.py:188} INFO - [2024-05-05T03:23:49.643+0530] {dagbag.py:540} INFO - Filling up the DagBag from /home/wsl/airflow_venv/lib/python3.10/site-packages/airflow/example_dags/example_python_operator.py
[2024-05-05T03:23:49.827+0530] {logging_mixin.py:188} INFO - [2024-05-05T03:23:49.827+0530] {example_python_operator.py:93} WARNING - The virtalenv_python example task requires virtualenv, please install it.
[2024-05-05T03:23:49.828+0530] {processor.py:840} INFO - DAG(s) 'example_python_operator' retrieved from /home/wsl/airflow_venv/lib/python3.10/site-packages/airflow/example_dags/example_python_operator.py
[2024-05-05T03:23:49.859+0530] {logging_mixin.py:188} INFO - [2024-05-05T03:23:49.859+0530] {dag.py:3096} INFO - Sync 1 DAGs
[2024-05-05T03:23:49.874+0530] {logging_mixin.py:188} INFO - [2024-05-05T03:23:49.874+0530] {dag.py:3954} INFO - Setting next_dagrun for example_python_operator to None, run_after=None
[2024-05-05T03:23:49.933+0530] {processor.py:183} INFO - Processing /home/wsl/airflow_venv/lib/python3.10/site-packages/airflow/example_dags/example_python_operator.py took 0.307 seconds
[2024-05-05T03:24:42.741+0530] {processor.py:161} INFO - Started process (PID=251917) to work on /home/wsl/airflow_venv/lib/python3.10/site-packages/airflow/example_dags/example_python_operator.py
[2024-05-05T03:24:42.743+0530] {processor.py:830} INFO - Processing file /home/wsl/airflow_venv/lib/python3.10/site-packages/airflow/example_dags/example_python_operator.py for tasks to queue
[2024-05-05T03:24:42.745+0530] {logging_mixin.py:188} INFO - [2024-05-05T03:24:42.744+0530] {dagbag.py:540} INFO - Filling up the DagBag from /home/wsl/airflow_venv/lib/python3.10/site-packages/airflow/example_dags/example_python_operator.py
[2024-05-05T03:24:42.890+0530] {logging_mixin.py:188} INFO - [2024-05-05T03:24:42.890+0530] {example_python_operator.py:93} WARNING - The virtalenv_python example task requires virtualenv, please install it.
[2024-05-05T03:24:42.891+0530] {processor.py:840} INFO - DAG(s) 'example_python_operator' retrieved from /home/wsl/airflow_venv/lib/python3.10/site-packages/airflow/example_dags/example_python_operator.py
[2024-05-05T03:24:42.910+0530] {logging_mixin.py:188} INFO - [2024-05-05T03:24:42.909+0530] {dag.py:3096} INFO - Sync 1 DAGs
[2024-05-05T03:24:42.922+0530] {logging_mixin.py:188} INFO - [2024-05-05T03:24:42.921+0530] {dag.py:3954} INFO - Setting next_dagrun for example_python_operator to None, run_after=None
[2024-05-05T03:24:42.955+0530] {processor.py:183} INFO - Processing /home/wsl/airflow_venv/lib/python3.10/site-packages/airflow/example_dags/example_python_operator.py took 0.230 seconds
[2024-05-05T03:25:36.673+0530] {processor.py:161} INFO - Started process (PID=252281) to work on /home/wsl/airflow_venv/lib/python3.10/site-packages/airflow/example_dags/example_python_operator.py
[2024-05-05T03:25:36.677+0530] {processor.py:830} INFO - Processing file /home/wsl/airflow_venv/lib/python3.10/site-packages/airflow/example_dags/example_python_operator.py for tasks to queue
[2024-05-05T03:25:36.679+0530] {logging_mixin.py:188} INFO - [2024-05-05T03:25:36.678+0530] {dagbag.py:540} INFO - Filling up the DagBag from /home/wsl/airflow_venv/lib/python3.10/site-packages/airflow/example_dags/example_python_operator.py
[2024-05-05T03:25:36.823+0530] {logging_mixin.py:188} INFO - [2024-05-05T03:25:36.822+0530] {example_python_operator.py:93} WARNING - The virtalenv_python example task requires virtualenv, please install it.
[2024-05-05T03:25:36.823+0530] {processor.py:840} INFO - DAG(s) 'example_python_operator' retrieved from /home/wsl/airflow_venv/lib/python3.10/site-packages/airflow/example_dags/example_python_operator.py
[2024-05-05T03:25:36.842+0530] {logging_mixin.py:188} INFO - [2024-05-05T03:25:36.842+0530] {dag.py:3096} INFO - Sync 1 DAGs
[2024-05-05T03:25:36.855+0530] {logging_mixin.py:188} INFO - [2024-05-05T03:25:36.854+0530] {dag.py:3954} INFO - Setting next_dagrun for example_python_operator to None, run_after=None
[2024-05-05T03:25:36.884+0530] {processor.py:183} INFO - Processing /home/wsl/airflow_venv/lib/python3.10/site-packages/airflow/example_dags/example_python_operator.py took 0.228 seconds
[2024-05-05T03:26:40.894+0530] {processor.py:161} INFO - Started process (PID=252661) to work on /home/wsl/airflow_venv/lib/python3.10/site-packages/airflow/example_dags/example_python_operator.py
[2024-05-05T03:26:40.897+0530] {processor.py:830} INFO - Processing file /home/wsl/airflow_venv/lib/python3.10/site-packages/airflow/example_dags/example_python_operator.py for tasks to queue
[2024-05-05T03:26:40.899+0530] {logging_mixin.py:188} INFO - [2024-05-05T03:26:40.898+0530] {dagbag.py:540} INFO - Filling up the DagBag from /home/wsl/airflow_venv/lib/python3.10/site-packages/airflow/example_dags/example_python_operator.py
[2024-05-05T03:26:41.044+0530] {logging_mixin.py:188} INFO - [2024-05-05T03:26:41.044+0530] {example_python_operator.py:93} WARNING - The virtalenv_python example task requires virtualenv, please install it.
[2024-05-05T03:26:41.045+0530] {processor.py:840} INFO - DAG(s) 'example_python_operator' retrieved from /home/wsl/airflow_venv/lib/python3.10/site-packages/airflow/example_dags/example_python_operator.py
[2024-05-05T03:26:41.064+0530] {logging_mixin.py:188} INFO - [2024-05-05T03:26:41.064+0530] {dag.py:3096} INFO - Sync 1 DAGs
[2024-05-05T03:26:41.077+0530] {logging_mixin.py:188} INFO - [2024-05-05T03:26:41.077+0530] {dag.py:3954} INFO - Setting next_dagrun for example_python_operator to None, run_after=None
[2024-05-05T03:26:41.224+0530] {processor.py:183} INFO - Processing /home/wsl/airflow_venv/lib/python3.10/site-packages/airflow/example_dags/example_python_operator.py took 0.344 seconds
[2024-05-05T03:27:58.694+0530] {processor.py:161} INFO - Started process (PID=253139) to work on /home/wsl/airflow_venv/lib/python3.10/site-packages/airflow/example_dags/example_python_operator.py
[2024-05-05T03:27:58.696+0530] {processor.py:830} INFO - Processing file /home/wsl/airflow_venv/lib/python3.10/site-packages/airflow/example_dags/example_python_operator.py for tasks to queue
[2024-05-05T03:27:58.698+0530] {logging_mixin.py:188} INFO - [2024-05-05T03:27:58.697+0530] {dagbag.py:540} INFO - Filling up the DagBag from /home/wsl/airflow_venv/lib/python3.10/site-packages/airflow/example_dags/example_python_operator.py
[2024-05-05T03:27:58.859+0530] {logging_mixin.py:188} INFO - [2024-05-05T03:27:58.859+0530] {example_python_operator.py:93} WARNING - The virtalenv_python example task requires virtualenv, please install it.
[2024-05-05T03:27:58.860+0530] {processor.py:840} INFO - DAG(s) 'example_python_operator' retrieved from /home/wsl/airflow_venv/lib/python3.10/site-packages/airflow/example_dags/example_python_operator.py
[2024-05-05T03:27:58.882+0530] {logging_mixin.py:188} INFO - [2024-05-05T03:27:58.882+0530] {dag.py:3096} INFO - Sync 1 DAGs
[2024-05-05T03:27:58.899+0530] {logging_mixin.py:188} INFO - [2024-05-05T03:27:58.898+0530] {dag.py:3954} INFO - Setting next_dagrun for example_python_operator to None, run_after=None
[2024-05-05T03:27:58.930+0530] {processor.py:183} INFO - Processing /home/wsl/airflow_venv/lib/python3.10/site-packages/airflow/example_dags/example_python_operator.py took 0.244 seconds
