[2024-05-05T01:28:43.376+0530] {processor.py:161} INFO - Started process (PID=236890) to work on /home/wsl/airflow_venv/lib/python3.10/site-packages/airflow/example_dags/tutorial_taskflow_api.py
[2024-05-05T01:28:43.377+0530] {processor.py:830} INFO - Processing file /home/wsl/airflow_venv/lib/python3.10/site-packages/airflow/example_dags/tutorial_taskflow_api.py for tasks to queue
[2024-05-05T01:28:43.378+0530] {logging_mixin.py:188} INFO - [2024-05-05T01:28:43.378+0530] {dagbag.py:540} INFO - Filling up the DagBag from /home/wsl/airflow_venv/lib/python3.10/site-packages/airflow/example_dags/tutorial_taskflow_api.py
[2024-05-05T01:28:43.386+0530] {processor.py:840} INFO - DAG(s) 'tutorial_taskflow_api' retrieved from /home/wsl/airflow_venv/lib/python3.10/site-packages/airflow/example_dags/tutorial_taskflow_api.py
[2024-05-05T01:28:43.484+0530] {logging_mixin.py:188} INFO - [2024-05-05T01:28:43.484+0530] {dag.py:3096} INFO - Sync 1 DAGs
[2024-05-05T01:28:43.494+0530] {logging_mixin.py:188} INFO - [2024-05-05T01:28:43.494+0530] {dag.py:3954} INFO - Setting next_dagrun for tutorial_taskflow_api to None, run_after=None
[2024-05-05T01:28:43.522+0530] {processor.py:183} INFO - Processing /home/wsl/airflow_venv/lib/python3.10/site-packages/airflow/example_dags/tutorial_taskflow_api.py took 0.154 seconds
[2024-05-05T01:30:06.975+0530] {processor.py:161} INFO - Started process (PID=237465) to work on /home/wsl/airflow_venv/lib/python3.10/site-packages/airflow/example_dags/tutorial_taskflow_api.py
[2024-05-05T01:30:06.978+0530] {processor.py:830} INFO - Processing file /home/wsl/airflow_venv/lib/python3.10/site-packages/airflow/example_dags/tutorial_taskflow_api.py for tasks to queue
[2024-05-05T01:30:06.980+0530] {logging_mixin.py:188} INFO - [2024-05-05T01:30:06.979+0530] {dagbag.py:540} INFO - Filling up the DagBag from /home/wsl/airflow_venv/lib/python3.10/site-packages/airflow/example_dags/tutorial_taskflow_api.py
[2024-05-05T01:30:06.987+0530] {processor.py:840} INFO - DAG(s) 'tutorial_taskflow_api' retrieved from /home/wsl/airflow_venv/lib/python3.10/site-packages/airflow/example_dags/tutorial_taskflow_api.py
[2024-05-05T01:30:07.012+0530] {logging_mixin.py:188} INFO - [2024-05-05T01:30:07.012+0530] {dag.py:3096} INFO - Sync 1 DAGs
[2024-05-05T01:30:07.027+0530] {logging_mixin.py:188} INFO - [2024-05-05T01:30:07.026+0530] {dag.py:3954} INFO - Setting next_dagrun for tutorial_taskflow_api to None, run_after=None
[2024-05-05T01:30:07.064+0530] {processor.py:183} INFO - Processing /home/wsl/airflow_venv/lib/python3.10/site-packages/airflow/example_dags/tutorial_taskflow_api.py took 0.099 seconds
[2024-05-05T01:30:52.647+0530] {processor.py:161} INFO - Started process (PID=237780) to work on /home/wsl/airflow_venv/lib/python3.10/site-packages/airflow/example_dags/tutorial_taskflow_api.py
[2024-05-05T01:30:52.649+0530] {processor.py:830} INFO - Processing file /home/wsl/airflow_venv/lib/python3.10/site-packages/airflow/example_dags/tutorial_taskflow_api.py for tasks to queue
[2024-05-05T01:30:52.652+0530] {logging_mixin.py:188} INFO - [2024-05-05T01:30:52.651+0530] {dagbag.py:540} INFO - Filling up the DagBag from /home/wsl/airflow_venv/lib/python3.10/site-packages/airflow/example_dags/tutorial_taskflow_api.py
[2024-05-05T01:30:52.660+0530] {processor.py:840} INFO - DAG(s) 'tutorial_taskflow_api' retrieved from /home/wsl/airflow_venv/lib/python3.10/site-packages/airflow/example_dags/tutorial_taskflow_api.py
[2024-05-05T01:30:52.678+0530] {logging_mixin.py:188} INFO - [2024-05-05T01:30:52.677+0530] {dag.py:3096} INFO - Sync 1 DAGs
[2024-05-05T01:30:52.690+0530] {logging_mixin.py:188} INFO - [2024-05-05T01:30:52.690+0530] {dag.py:3954} INFO - Setting next_dagrun for tutorial_taskflow_api to None, run_after=None
[2024-05-05T01:30:52.720+0530] {processor.py:183} INFO - Processing /home/wsl/airflow_venv/lib/python3.10/site-packages/airflow/example_dags/tutorial_taskflow_api.py took 0.080 seconds
[2024-05-05T01:31:53.657+0530] {processor.py:161} INFO - Started process (PID=238172) to work on /home/wsl/airflow_venv/lib/python3.10/site-packages/airflow/example_dags/tutorial_taskflow_api.py
[2024-05-05T01:31:53.659+0530] {processor.py:830} INFO - Processing file /home/wsl/airflow_venv/lib/python3.10/site-packages/airflow/example_dags/tutorial_taskflow_api.py for tasks to queue
[2024-05-05T01:31:53.661+0530] {logging_mixin.py:188} INFO - [2024-05-05T01:31:53.660+0530] {dagbag.py:540} INFO - Filling up the DagBag from /home/wsl/airflow_venv/lib/python3.10/site-packages/airflow/example_dags/tutorial_taskflow_api.py
[2024-05-05T01:31:53.669+0530] {processor.py:840} INFO - DAG(s) 'tutorial_taskflow_api' retrieved from /home/wsl/airflow_venv/lib/python3.10/site-packages/airflow/example_dags/tutorial_taskflow_api.py
[2024-05-05T01:31:53.785+0530] {logging_mixin.py:188} INFO - [2024-05-05T01:31:53.784+0530] {dag.py:3096} INFO - Sync 1 DAGs
[2024-05-05T01:31:53.796+0530] {logging_mixin.py:188} INFO - [2024-05-05T01:31:53.795+0530] {dag.py:3954} INFO - Setting next_dagrun for tutorial_taskflow_api to None, run_after=None
[2024-05-05T01:31:53.826+0530] {processor.py:183} INFO - Processing /home/wsl/airflow_venv/lib/python3.10/site-packages/airflow/example_dags/tutorial_taskflow_api.py took 0.175 seconds
[2024-05-05T01:32:52.194+0530] {processor.py:161} INFO - Started process (PID=238589) to work on /home/wsl/airflow_venv/lib/python3.10/site-packages/airflow/example_dags/tutorial_taskflow_api.py
[2024-05-05T01:32:52.198+0530] {processor.py:830} INFO - Processing file /home/wsl/airflow_venv/lib/python3.10/site-packages/airflow/example_dags/tutorial_taskflow_api.py for tasks to queue
[2024-05-05T01:32:52.209+0530] {logging_mixin.py:188} INFO - [2024-05-05T01:32:52.209+0530] {dagbag.py:540} INFO - Filling up the DagBag from /home/wsl/airflow_venv/lib/python3.10/site-packages/airflow/example_dags/tutorial_taskflow_api.py
[2024-05-05T01:32:52.242+0530] {processor.py:840} INFO - DAG(s) 'tutorial_taskflow_api' retrieved from /home/wsl/airflow_venv/lib/python3.10/site-packages/airflow/example_dags/tutorial_taskflow_api.py
[2024-05-05T01:32:52.324+0530] {logging_mixin.py:188} INFO - [2024-05-05T01:32:52.323+0530] {dag.py:3096} INFO - Sync 1 DAGs
[2024-05-05T01:32:52.382+0530] {logging_mixin.py:188} INFO - [2024-05-05T01:32:52.381+0530] {dag.py:3954} INFO - Setting next_dagrun for tutorial_taskflow_api to None, run_after=None
[2024-05-05T01:32:52.452+0530] {processor.py:183} INFO - Processing /home/wsl/airflow_venv/lib/python3.10/site-packages/airflow/example_dags/tutorial_taskflow_api.py took 0.291 seconds
[2024-05-05T01:34:27.577+0530] {processor.py:161} INFO - Started process (PID=239179) to work on /home/wsl/airflow_venv/lib/python3.10/site-packages/airflow/example_dags/tutorial_taskflow_api.py
[2024-05-05T01:34:27.579+0530] {processor.py:830} INFO - Processing file /home/wsl/airflow_venv/lib/python3.10/site-packages/airflow/example_dags/tutorial_taskflow_api.py for tasks to queue
[2024-05-05T01:34:27.582+0530] {logging_mixin.py:188} INFO - [2024-05-05T01:34:27.581+0530] {dagbag.py:540} INFO - Filling up the DagBag from /home/wsl/airflow_venv/lib/python3.10/site-packages/airflow/example_dags/tutorial_taskflow_api.py
[2024-05-05T01:34:27.592+0530] {processor.py:840} INFO - DAG(s) 'tutorial_taskflow_api' retrieved from /home/wsl/airflow_venv/lib/python3.10/site-packages/airflow/example_dags/tutorial_taskflow_api.py
[2024-05-05T01:34:27.611+0530] {logging_mixin.py:188} INFO - [2024-05-05T01:34:27.611+0530] {dag.py:3096} INFO - Sync 1 DAGs
[2024-05-05T01:34:27.627+0530] {logging_mixin.py:188} INFO - [2024-05-05T01:34:27.626+0530] {dag.py:3954} INFO - Setting next_dagrun for tutorial_taskflow_api to None, run_after=None
[2024-05-05T01:34:27.864+0530] {processor.py:183} INFO - Processing /home/wsl/airflow_venv/lib/python3.10/site-packages/airflow/example_dags/tutorial_taskflow_api.py took 0.296 seconds
[2024-05-05T02:50:29.465+0530] {processor.py:161} INFO - Started process (PID=239591) to work on /home/wsl/airflow_venv/lib/python3.10/site-packages/airflow/example_dags/tutorial_taskflow_api.py
[2024-05-05T02:50:29.469+0530] {processor.py:830} INFO - Processing file /home/wsl/airflow_venv/lib/python3.10/site-packages/airflow/example_dags/tutorial_taskflow_api.py for tasks to queue
[2024-05-05T02:50:29.470+0530] {logging_mixin.py:188} INFO - [2024-05-05T02:50:29.470+0530] {dagbag.py:540} INFO - Filling up the DagBag from /home/wsl/airflow_venv/lib/python3.10/site-packages/airflow/example_dags/tutorial_taskflow_api.py
[2024-05-05T02:50:29.478+0530] {processor.py:840} INFO - DAG(s) 'tutorial_taskflow_api' retrieved from /home/wsl/airflow_venv/lib/python3.10/site-packages/airflow/example_dags/tutorial_taskflow_api.py
[2024-05-05T02:50:29.498+0530] {logging_mixin.py:188} INFO - [2024-05-05T02:50:29.497+0530] {dag.py:3096} INFO - Sync 1 DAGs
[2024-05-05T02:50:29.510+0530] {logging_mixin.py:188} INFO - [2024-05-05T02:50:29.510+0530] {dag.py:3954} INFO - Setting next_dagrun for tutorial_taskflow_api to None, run_after=None
[2024-05-05T02:50:29.554+0530] {processor.py:183} INFO - Processing /home/wsl/airflow_venv/lib/python3.10/site-packages/airflow/example_dags/tutorial_taskflow_api.py took 0.096 seconds
[2024-05-05T02:51:25.073+0530] {processor.py:161} INFO - Started process (PID=239897) to work on /home/wsl/airflow_venv/lib/python3.10/site-packages/airflow/example_dags/tutorial_taskflow_api.py
[2024-05-05T02:51:25.075+0530] {processor.py:830} INFO - Processing file /home/wsl/airflow_venv/lib/python3.10/site-packages/airflow/example_dags/tutorial_taskflow_api.py for tasks to queue
[2024-05-05T02:51:25.076+0530] {logging_mixin.py:188} INFO - [2024-05-05T02:51:25.075+0530] {dagbag.py:540} INFO - Filling up the DagBag from /home/wsl/airflow_venv/lib/python3.10/site-packages/airflow/example_dags/tutorial_taskflow_api.py
[2024-05-05T02:51:25.084+0530] {processor.py:840} INFO - DAG(s) 'tutorial_taskflow_api' retrieved from /home/wsl/airflow_venv/lib/python3.10/site-packages/airflow/example_dags/tutorial_taskflow_api.py
[2024-05-05T02:51:25.103+0530] {logging_mixin.py:188} INFO - [2024-05-05T02:51:25.102+0530] {dag.py:3096} INFO - Sync 1 DAGs
[2024-05-05T02:51:25.115+0530] {logging_mixin.py:188} INFO - [2024-05-05T02:51:25.115+0530] {dag.py:3954} INFO - Setting next_dagrun for tutorial_taskflow_api to None, run_after=None
[2024-05-05T02:51:25.145+0530] {processor.py:183} INFO - Processing /home/wsl/airflow_venv/lib/python3.10/site-packages/airflow/example_dags/tutorial_taskflow_api.py took 0.079 seconds
[2024-05-05T02:52:46.164+0530] {processor.py:161} INFO - Started process (PID=240324) to work on /home/wsl/airflow_venv/lib/python3.10/site-packages/airflow/example_dags/tutorial_taskflow_api.py
[2024-05-05T02:52:46.168+0530] {processor.py:830} INFO - Processing file /home/wsl/airflow_venv/lib/python3.10/site-packages/airflow/example_dags/tutorial_taskflow_api.py for tasks to queue
[2024-05-05T02:52:46.169+0530] {logging_mixin.py:188} INFO - [2024-05-05T02:52:46.169+0530] {dagbag.py:540} INFO - Filling up the DagBag from /home/wsl/airflow_venv/lib/python3.10/site-packages/airflow/example_dags/tutorial_taskflow_api.py
[2024-05-05T02:52:46.180+0530] {processor.py:840} INFO - DAG(s) 'tutorial_taskflow_api' retrieved from /home/wsl/airflow_venv/lib/python3.10/site-packages/airflow/example_dags/tutorial_taskflow_api.py
[2024-05-05T02:52:46.200+0530] {logging_mixin.py:188} INFO - [2024-05-05T02:52:46.200+0530] {dag.py:3096} INFO - Sync 1 DAGs
[2024-05-05T02:52:46.218+0530] {logging_mixin.py:188} INFO - [2024-05-05T02:52:46.218+0530] {dag.py:3954} INFO - Setting next_dagrun for tutorial_taskflow_api to None, run_after=None
[2024-05-05T02:52:46.253+0530] {processor.py:183} INFO - Processing /home/wsl/airflow_venv/lib/python3.10/site-packages/airflow/example_dags/tutorial_taskflow_api.py took 0.099 seconds
[2024-05-05T02:53:44.367+0530] {processor.py:161} INFO - Started process (PID=240716) to work on /home/wsl/airflow_venv/lib/python3.10/site-packages/airflow/example_dags/tutorial_taskflow_api.py
[2024-05-05T02:53:44.369+0530] {processor.py:830} INFO - Processing file /home/wsl/airflow_venv/lib/python3.10/site-packages/airflow/example_dags/tutorial_taskflow_api.py for tasks to queue
[2024-05-05T02:53:44.370+0530] {logging_mixin.py:188} INFO - [2024-05-05T02:53:44.370+0530] {dagbag.py:540} INFO - Filling up the DagBag from /home/wsl/airflow_venv/lib/python3.10/site-packages/airflow/example_dags/tutorial_taskflow_api.py
[2024-05-05T02:53:44.379+0530] {processor.py:840} INFO - DAG(s) 'tutorial_taskflow_api' retrieved from /home/wsl/airflow_venv/lib/python3.10/site-packages/airflow/example_dags/tutorial_taskflow_api.py
[2024-05-05T02:53:44.400+0530] {logging_mixin.py:188} INFO - [2024-05-05T02:53:44.400+0530] {dag.py:3096} INFO - Sync 1 DAGs
[2024-05-05T02:53:44.415+0530] {logging_mixin.py:188} INFO - [2024-05-05T02:53:44.414+0530] {dag.py:3954} INFO - Setting next_dagrun for tutorial_taskflow_api to None, run_after=None
[2024-05-05T02:53:44.446+0530] {processor.py:183} INFO - Processing /home/wsl/airflow_venv/lib/python3.10/site-packages/airflow/example_dags/tutorial_taskflow_api.py took 0.086 seconds
[2024-05-05T02:54:36.608+0530] {processor.py:161} INFO - Started process (PID=241045) to work on /home/wsl/airflow_venv/lib/python3.10/site-packages/airflow/example_dags/tutorial_taskflow_api.py
[2024-05-05T02:54:36.612+0530] {processor.py:830} INFO - Processing file /home/wsl/airflow_venv/lib/python3.10/site-packages/airflow/example_dags/tutorial_taskflow_api.py for tasks to queue
[2024-05-05T02:54:36.613+0530] {logging_mixin.py:188} INFO - [2024-05-05T02:54:36.612+0530] {dagbag.py:540} INFO - Filling up the DagBag from /home/wsl/airflow_venv/lib/python3.10/site-packages/airflow/example_dags/tutorial_taskflow_api.py
[2024-05-05T02:54:36.623+0530] {processor.py:840} INFO - DAG(s) 'tutorial_taskflow_api' retrieved from /home/wsl/airflow_venv/lib/python3.10/site-packages/airflow/example_dags/tutorial_taskflow_api.py
[2024-05-05T02:54:36.646+0530] {logging_mixin.py:188} INFO - [2024-05-05T02:54:36.646+0530] {dag.py:3096} INFO - Sync 1 DAGs
[2024-05-05T02:54:36.661+0530] {logging_mixin.py:188} INFO - [2024-05-05T02:54:36.660+0530] {dag.py:3954} INFO - Setting next_dagrun for tutorial_taskflow_api to None, run_after=None
[2024-05-05T02:54:36.694+0530] {processor.py:183} INFO - Processing /home/wsl/airflow_venv/lib/python3.10/site-packages/airflow/example_dags/tutorial_taskflow_api.py took 0.101 seconds
[2024-05-05T02:55:16.333+0530] {processor.py:161} INFO - Started process (PID=241255) to work on /home/wsl/airflow_venv/lib/python3.10/site-packages/airflow/example_dags/tutorial_taskflow_api.py
[2024-05-05T02:55:16.335+0530] {processor.py:830} INFO - Processing file /home/wsl/airflow_venv/lib/python3.10/site-packages/airflow/example_dags/tutorial_taskflow_api.py for tasks to queue
[2024-05-05T02:55:16.336+0530] {logging_mixin.py:188} INFO - [2024-05-05T02:55:16.335+0530] {dagbag.py:540} INFO - Filling up the DagBag from /home/wsl/airflow_venv/lib/python3.10/site-packages/airflow/example_dags/tutorial_taskflow_api.py
[2024-05-05T02:55:16.344+0530] {processor.py:840} INFO - DAG(s) 'tutorial_taskflow_api' retrieved from /home/wsl/airflow_venv/lib/python3.10/site-packages/airflow/example_dags/tutorial_taskflow_api.py
[2024-05-05T02:55:16.366+0530] {logging_mixin.py:188} INFO - [2024-05-05T02:55:16.365+0530] {dag.py:3096} INFO - Sync 1 DAGs
[2024-05-05T02:55:16.382+0530] {logging_mixin.py:188} INFO - [2024-05-05T02:55:16.381+0530] {dag.py:3954} INFO - Setting next_dagrun for tutorial_taskflow_api to None, run_after=None
[2024-05-05T02:55:16.424+0530] {processor.py:183} INFO - Processing /home/wsl/airflow_venv/lib/python3.10/site-packages/airflow/example_dags/tutorial_taskflow_api.py took 0.103 seconds
[2024-05-05T02:56:18.020+0530] {processor.py:161} INFO - Started process (PID=241632) to work on /home/wsl/airflow_venv/lib/python3.10/site-packages/airflow/example_dags/tutorial_taskflow_api.py
[2024-05-05T02:56:18.022+0530] {processor.py:830} INFO - Processing file /home/wsl/airflow_venv/lib/python3.10/site-packages/airflow/example_dags/tutorial_taskflow_api.py for tasks to queue
[2024-05-05T02:56:18.024+0530] {logging_mixin.py:188} INFO - [2024-05-05T02:56:18.023+0530] {dagbag.py:540} INFO - Filling up the DagBag from /home/wsl/airflow_venv/lib/python3.10/site-packages/airflow/example_dags/tutorial_taskflow_api.py
[2024-05-05T02:56:18.034+0530] {processor.py:840} INFO - DAG(s) 'tutorial_taskflow_api' retrieved from /home/wsl/airflow_venv/lib/python3.10/site-packages/airflow/example_dags/tutorial_taskflow_api.py
[2024-05-05T02:56:18.058+0530] {logging_mixin.py:188} INFO - [2024-05-05T02:56:18.057+0530] {dag.py:3096} INFO - Sync 1 DAGs
[2024-05-05T02:56:18.074+0530] {logging_mixin.py:188} INFO - [2024-05-05T02:56:18.073+0530] {dag.py:3954} INFO - Setting next_dagrun for tutorial_taskflow_api to None, run_after=None
[2024-05-05T02:56:18.463+0530] {processor.py:183} INFO - Processing /home/wsl/airflow_venv/lib/python3.10/site-packages/airflow/example_dags/tutorial_taskflow_api.py took 0.452 seconds
[2024-05-05T02:57:38.949+0530] {processor.py:161} INFO - Started process (PID=242035) to work on /home/wsl/airflow_venv/lib/python3.10/site-packages/airflow/example_dags/tutorial_taskflow_api.py
[2024-05-05T02:57:38.953+0530] {processor.py:830} INFO - Processing file /home/wsl/airflow_venv/lib/python3.10/site-packages/airflow/example_dags/tutorial_taskflow_api.py for tasks to queue
[2024-05-05T02:57:38.954+0530] {logging_mixin.py:188} INFO - [2024-05-05T02:57:38.954+0530] {dagbag.py:540} INFO - Filling up the DagBag from /home/wsl/airflow_venv/lib/python3.10/site-packages/airflow/example_dags/tutorial_taskflow_api.py
[2024-05-05T02:57:38.967+0530] {processor.py:840} INFO - DAG(s) 'tutorial_taskflow_api' retrieved from /home/wsl/airflow_venv/lib/python3.10/site-packages/airflow/example_dags/tutorial_taskflow_api.py
[2024-05-05T02:57:38.990+0530] {logging_mixin.py:188} INFO - [2024-05-05T02:57:38.989+0530] {dag.py:3096} INFO - Sync 1 DAGs
[2024-05-05T02:57:39.003+0530] {logging_mixin.py:188} INFO - [2024-05-05T02:57:39.002+0530] {dag.py:3954} INFO - Setting next_dagrun for tutorial_taskflow_api to None, run_after=None
[2024-05-05T02:57:39.211+0530] {processor.py:183} INFO - Processing /home/wsl/airflow_venv/lib/python3.10/site-packages/airflow/example_dags/tutorial_taskflow_api.py took 0.275 seconds
[2024-05-05T02:58:40.228+0530] {processor.py:161} INFO - Started process (PID=242426) to work on /home/wsl/airflow_venv/lib/python3.10/site-packages/airflow/example_dags/tutorial_taskflow_api.py
[2024-05-05T02:58:40.231+0530] {processor.py:830} INFO - Processing file /home/wsl/airflow_venv/lib/python3.10/site-packages/airflow/example_dags/tutorial_taskflow_api.py for tasks to queue
[2024-05-05T02:58:40.232+0530] {logging_mixin.py:188} INFO - [2024-05-05T02:58:40.232+0530] {dagbag.py:540} INFO - Filling up the DagBag from /home/wsl/airflow_venv/lib/python3.10/site-packages/airflow/example_dags/tutorial_taskflow_api.py
[2024-05-05T02:58:40.240+0530] {processor.py:840} INFO - DAG(s) 'tutorial_taskflow_api' retrieved from /home/wsl/airflow_venv/lib/python3.10/site-packages/airflow/example_dags/tutorial_taskflow_api.py
[2024-05-05T02:58:40.262+0530] {logging_mixin.py:188} INFO - [2024-05-05T02:58:40.262+0530] {dag.py:3096} INFO - Sync 1 DAGs
[2024-05-05T02:58:40.276+0530] {logging_mixin.py:188} INFO - [2024-05-05T02:58:40.276+0530] {dag.py:3954} INFO - Setting next_dagrun for tutorial_taskflow_api to None, run_after=None
[2024-05-05T02:58:40.396+0530] {processor.py:183} INFO - Processing /home/wsl/airflow_venv/lib/python3.10/site-packages/airflow/example_dags/tutorial_taskflow_api.py took 0.181 seconds
[2024-05-05T02:59:38.616+0530] {processor.py:161} INFO - Started process (PID=242800) to work on /home/wsl/airflow_venv/lib/python3.10/site-packages/airflow/example_dags/tutorial_taskflow_api.py
[2024-05-05T02:59:38.618+0530] {processor.py:830} INFO - Processing file /home/wsl/airflow_venv/lib/python3.10/site-packages/airflow/example_dags/tutorial_taskflow_api.py for tasks to queue
[2024-05-05T02:59:38.619+0530] {logging_mixin.py:188} INFO - [2024-05-05T02:59:38.619+0530] {dagbag.py:540} INFO - Filling up the DagBag from /home/wsl/airflow_venv/lib/python3.10/site-packages/airflow/example_dags/tutorial_taskflow_api.py
[2024-05-05T02:59:38.633+0530] {processor.py:840} INFO - DAG(s) 'tutorial_taskflow_api' retrieved from /home/wsl/airflow_venv/lib/python3.10/site-packages/airflow/example_dags/tutorial_taskflow_api.py
[2024-05-05T02:59:38.656+0530] {logging_mixin.py:188} INFO - [2024-05-05T02:59:38.656+0530] {dag.py:3096} INFO - Sync 1 DAGs
[2024-05-05T02:59:38.673+0530] {logging_mixin.py:188} INFO - [2024-05-05T02:59:38.673+0530] {dag.py:3954} INFO - Setting next_dagrun for tutorial_taskflow_api to None, run_after=None
[2024-05-05T02:59:38.707+0530] {processor.py:183} INFO - Processing /home/wsl/airflow_venv/lib/python3.10/site-packages/airflow/example_dags/tutorial_taskflow_api.py took 0.110 seconds
[2024-05-05T03:00:31.813+0530] {processor.py:161} INFO - Started process (PID=243186) to work on /home/wsl/airflow_venv/lib/python3.10/site-packages/airflow/example_dags/tutorial_taskflow_api.py
[2024-05-05T03:00:31.815+0530] {processor.py:830} INFO - Processing file /home/wsl/airflow_venv/lib/python3.10/site-packages/airflow/example_dags/tutorial_taskflow_api.py for tasks to queue
[2024-05-05T03:00:31.816+0530] {logging_mixin.py:188} INFO - [2024-05-05T03:00:31.816+0530] {dagbag.py:540} INFO - Filling up the DagBag from /home/wsl/airflow_venv/lib/python3.10/site-packages/airflow/example_dags/tutorial_taskflow_api.py
[2024-05-05T03:00:31.827+0530] {processor.py:840} INFO - DAG(s) 'tutorial_taskflow_api' retrieved from /home/wsl/airflow_venv/lib/python3.10/site-packages/airflow/example_dags/tutorial_taskflow_api.py
[2024-05-05T03:00:31.852+0530] {logging_mixin.py:188} INFO - [2024-05-05T03:00:31.852+0530] {dag.py:3096} INFO - Sync 1 DAGs
[2024-05-05T03:00:31.869+0530] {logging_mixin.py:188} INFO - [2024-05-05T03:00:31.869+0530] {dag.py:3954} INFO - Setting next_dagrun for tutorial_taskflow_api to None, run_after=None
[2024-05-05T03:00:31.905+0530] {processor.py:183} INFO - Processing /home/wsl/airflow_venv/lib/python3.10/site-packages/airflow/example_dags/tutorial_taskflow_api.py took 0.104 seconds
[2024-05-05T03:01:23.723+0530] {processor.py:161} INFO - Started process (PID=243505) to work on /home/wsl/airflow_venv/lib/python3.10/site-packages/airflow/example_dags/tutorial_taskflow_api.py
[2024-05-05T03:01:23.725+0530] {processor.py:830} INFO - Processing file /home/wsl/airflow_venv/lib/python3.10/site-packages/airflow/example_dags/tutorial_taskflow_api.py for tasks to queue
[2024-05-05T03:01:23.726+0530] {logging_mixin.py:188} INFO - [2024-05-05T03:01:23.725+0530] {dagbag.py:540} INFO - Filling up the DagBag from /home/wsl/airflow_venv/lib/python3.10/site-packages/airflow/example_dags/tutorial_taskflow_api.py
[2024-05-05T03:01:23.734+0530] {processor.py:840} INFO - DAG(s) 'tutorial_taskflow_api' retrieved from /home/wsl/airflow_venv/lib/python3.10/site-packages/airflow/example_dags/tutorial_taskflow_api.py
[2024-05-05T03:01:23.752+0530] {logging_mixin.py:188} INFO - [2024-05-05T03:01:23.752+0530] {dag.py:3096} INFO - Sync 1 DAGs
[2024-05-05T03:01:23.765+0530] {logging_mixin.py:188} INFO - [2024-05-05T03:01:23.764+0530] {dag.py:3954} INFO - Setting next_dagrun for tutorial_taskflow_api to None, run_after=None
[2024-05-05T03:01:23.808+0530] {processor.py:183} INFO - Processing /home/wsl/airflow_venv/lib/python3.10/site-packages/airflow/example_dags/tutorial_taskflow_api.py took 0.096 seconds
[2024-05-05T03:02:18.199+0530] {processor.py:161} INFO - Started process (PID=243885) to work on /home/wsl/airflow_venv/lib/python3.10/site-packages/airflow/example_dags/tutorial_taskflow_api.py
[2024-05-05T03:02:18.202+0530] {processor.py:830} INFO - Processing file /home/wsl/airflow_venv/lib/python3.10/site-packages/airflow/example_dags/tutorial_taskflow_api.py for tasks to queue
[2024-05-05T03:02:18.203+0530] {logging_mixin.py:188} INFO - [2024-05-05T03:02:18.203+0530] {dagbag.py:540} INFO - Filling up the DagBag from /home/wsl/airflow_venv/lib/python3.10/site-packages/airflow/example_dags/tutorial_taskflow_api.py
[2024-05-05T03:02:18.217+0530] {processor.py:840} INFO - DAG(s) 'tutorial_taskflow_api' retrieved from /home/wsl/airflow_venv/lib/python3.10/site-packages/airflow/example_dags/tutorial_taskflow_api.py
[2024-05-05T03:02:18.241+0530] {logging_mixin.py:188} INFO - [2024-05-05T03:02:18.241+0530] {dag.py:3096} INFO - Sync 1 DAGs
[2024-05-05T03:02:18.255+0530] {logging_mixin.py:188} INFO - [2024-05-05T03:02:18.254+0530] {dag.py:3954} INFO - Setting next_dagrun for tutorial_taskflow_api to None, run_after=None
[2024-05-05T03:02:18.285+0530] {processor.py:183} INFO - Processing /home/wsl/airflow_venv/lib/python3.10/site-packages/airflow/example_dags/tutorial_taskflow_api.py took 0.098 seconds
[2024-05-05T03:03:09.494+0530] {processor.py:161} INFO - Started process (PID=244177) to work on /home/wsl/airflow_venv/lib/python3.10/site-packages/airflow/example_dags/tutorial_taskflow_api.py
[2024-05-05T03:03:09.497+0530] {processor.py:830} INFO - Processing file /home/wsl/airflow_venv/lib/python3.10/site-packages/airflow/example_dags/tutorial_taskflow_api.py for tasks to queue
[2024-05-05T03:03:09.499+0530] {logging_mixin.py:188} INFO - [2024-05-05T03:03:09.498+0530] {dagbag.py:540} INFO - Filling up the DagBag from /home/wsl/airflow_venv/lib/python3.10/site-packages/airflow/example_dags/tutorial_taskflow_api.py
[2024-05-05T03:03:09.510+0530] {processor.py:840} INFO - DAG(s) 'tutorial_taskflow_api' retrieved from /home/wsl/airflow_venv/lib/python3.10/site-packages/airflow/example_dags/tutorial_taskflow_api.py
[2024-05-05T03:03:09.541+0530] {logging_mixin.py:188} INFO - [2024-05-05T03:03:09.540+0530] {dag.py:3096} INFO - Sync 1 DAGs
[2024-05-05T03:03:09.562+0530] {logging_mixin.py:188} INFO - [2024-05-05T03:03:09.562+0530] {dag.py:3954} INFO - Setting next_dagrun for tutorial_taskflow_api to None, run_after=None
[2024-05-05T03:03:09.608+0530] {processor.py:183} INFO - Processing /home/wsl/airflow_venv/lib/python3.10/site-packages/airflow/example_dags/tutorial_taskflow_api.py took 0.126 seconds
[2024-05-05T03:04:07.134+0530] {processor.py:161} INFO - Started process (PID=244546) to work on /home/wsl/airflow_venv/lib/python3.10/site-packages/airflow/example_dags/tutorial_taskflow_api.py
[2024-05-05T03:04:07.136+0530] {processor.py:830} INFO - Processing file /home/wsl/airflow_venv/lib/python3.10/site-packages/airflow/example_dags/tutorial_taskflow_api.py for tasks to queue
[2024-05-05T03:04:07.137+0530] {logging_mixin.py:188} INFO - [2024-05-05T03:04:07.136+0530] {dagbag.py:540} INFO - Filling up the DagBag from /home/wsl/airflow_venv/lib/python3.10/site-packages/airflow/example_dags/tutorial_taskflow_api.py
[2024-05-05T03:04:07.144+0530] {processor.py:840} INFO - DAG(s) 'tutorial_taskflow_api' retrieved from /home/wsl/airflow_venv/lib/python3.10/site-packages/airflow/example_dags/tutorial_taskflow_api.py
[2024-05-05T03:04:07.161+0530] {logging_mixin.py:188} INFO - [2024-05-05T03:04:07.161+0530] {dag.py:3096} INFO - Sync 1 DAGs
[2024-05-05T03:04:07.173+0530] {logging_mixin.py:188} INFO - [2024-05-05T03:04:07.173+0530] {dag.py:3954} INFO - Setting next_dagrun for tutorial_taskflow_api to None, run_after=None
[2024-05-05T03:04:07.205+0530] {processor.py:183} INFO - Processing /home/wsl/airflow_venv/lib/python3.10/site-packages/airflow/example_dags/tutorial_taskflow_api.py took 0.081 seconds
[2024-05-05T03:05:04.492+0530] {processor.py:161} INFO - Started process (PID=244934) to work on /home/wsl/airflow_venv/lib/python3.10/site-packages/airflow/example_dags/tutorial_taskflow_api.py
[2024-05-05T03:05:04.493+0530] {processor.py:830} INFO - Processing file /home/wsl/airflow_venv/lib/python3.10/site-packages/airflow/example_dags/tutorial_taskflow_api.py for tasks to queue
[2024-05-05T03:05:04.494+0530] {logging_mixin.py:188} INFO - [2024-05-05T03:05:04.494+0530] {dagbag.py:540} INFO - Filling up the DagBag from /home/wsl/airflow_venv/lib/python3.10/site-packages/airflow/example_dags/tutorial_taskflow_api.py
[2024-05-05T03:05:04.503+0530] {processor.py:840} INFO - DAG(s) 'tutorial_taskflow_api' retrieved from /home/wsl/airflow_venv/lib/python3.10/site-packages/airflow/example_dags/tutorial_taskflow_api.py
[2024-05-05T03:05:04.524+0530] {logging_mixin.py:188} INFO - [2024-05-05T03:05:04.523+0530] {dag.py:3096} INFO - Sync 1 DAGs
[2024-05-05T03:05:04.541+0530] {logging_mixin.py:188} INFO - [2024-05-05T03:05:04.540+0530] {dag.py:3954} INFO - Setting next_dagrun for tutorial_taskflow_api to None, run_after=None
[2024-05-05T03:05:04.581+0530] {processor.py:183} INFO - Processing /home/wsl/airflow_venv/lib/python3.10/site-packages/airflow/example_dags/tutorial_taskflow_api.py took 0.102 seconds
[2024-05-05T03:06:01.622+0530] {processor.py:161} INFO - Started process (PID=245324) to work on /home/wsl/airflow_venv/lib/python3.10/site-packages/airflow/example_dags/tutorial_taskflow_api.py
[2024-05-05T03:06:01.624+0530] {processor.py:830} INFO - Processing file /home/wsl/airflow_venv/lib/python3.10/site-packages/airflow/example_dags/tutorial_taskflow_api.py for tasks to queue
[2024-05-05T03:06:01.625+0530] {logging_mixin.py:188} INFO - [2024-05-05T03:06:01.624+0530] {dagbag.py:540} INFO - Filling up the DagBag from /home/wsl/airflow_venv/lib/python3.10/site-packages/airflow/example_dags/tutorial_taskflow_api.py
[2024-05-05T03:06:01.633+0530] {processor.py:840} INFO - DAG(s) 'tutorial_taskflow_api' retrieved from /home/wsl/airflow_venv/lib/python3.10/site-packages/airflow/example_dags/tutorial_taskflow_api.py
[2024-05-05T03:06:01.651+0530] {logging_mixin.py:188} INFO - [2024-05-05T03:06:01.651+0530] {dag.py:3096} INFO - Sync 1 DAGs
[2024-05-05T03:06:01.664+0530] {logging_mixin.py:188} INFO - [2024-05-05T03:06:01.663+0530] {dag.py:3954} INFO - Setting next_dagrun for tutorial_taskflow_api to None, run_after=None
[2024-05-05T03:06:01.696+0530] {processor.py:183} INFO - Processing /home/wsl/airflow_venv/lib/python3.10/site-packages/airflow/example_dags/tutorial_taskflow_api.py took 0.081 seconds
[2024-05-05T03:06:53.187+0530] {processor.py:161} INFO - Started process (PID=245615) to work on /home/wsl/airflow_venv/lib/python3.10/site-packages/airflow/example_dags/tutorial_taskflow_api.py
[2024-05-05T03:06:53.189+0530] {processor.py:830} INFO - Processing file /home/wsl/airflow_venv/lib/python3.10/site-packages/airflow/example_dags/tutorial_taskflow_api.py for tasks to queue
[2024-05-05T03:06:53.190+0530] {logging_mixin.py:188} INFO - [2024-05-05T03:06:53.189+0530] {dagbag.py:540} INFO - Filling up the DagBag from /home/wsl/airflow_venv/lib/python3.10/site-packages/airflow/example_dags/tutorial_taskflow_api.py
[2024-05-05T03:06:53.198+0530] {processor.py:840} INFO - DAG(s) 'tutorial_taskflow_api' retrieved from /home/wsl/airflow_venv/lib/python3.10/site-packages/airflow/example_dags/tutorial_taskflow_api.py
[2024-05-05T03:06:53.219+0530] {logging_mixin.py:188} INFO - [2024-05-05T03:06:53.218+0530] {dag.py:3096} INFO - Sync 1 DAGs
[2024-05-05T03:06:53.236+0530] {logging_mixin.py:188} INFO - [2024-05-05T03:06:53.235+0530] {dag.py:3954} INFO - Setting next_dagrun for tutorial_taskflow_api to None, run_after=None
[2024-05-05T03:06:53.276+0530] {processor.py:183} INFO - Processing /home/wsl/airflow_venv/lib/python3.10/site-packages/airflow/example_dags/tutorial_taskflow_api.py took 0.098 seconds
[2024-05-05T03:07:49.741+0530] {processor.py:161} INFO - Started process (PID=246008) to work on /home/wsl/airflow_venv/lib/python3.10/site-packages/airflow/example_dags/tutorial_taskflow_api.py
[2024-05-05T03:07:49.743+0530] {processor.py:830} INFO - Processing file /home/wsl/airflow_venv/lib/python3.10/site-packages/airflow/example_dags/tutorial_taskflow_api.py for tasks to queue
[2024-05-05T03:07:49.745+0530] {logging_mixin.py:188} INFO - [2024-05-05T03:07:49.744+0530] {dagbag.py:540} INFO - Filling up the DagBag from /home/wsl/airflow_venv/lib/python3.10/site-packages/airflow/example_dags/tutorial_taskflow_api.py
[2024-05-05T03:07:49.755+0530] {processor.py:840} INFO - DAG(s) 'tutorial_taskflow_api' retrieved from /home/wsl/airflow_venv/lib/python3.10/site-packages/airflow/example_dags/tutorial_taskflow_api.py
[2024-05-05T03:07:49.779+0530] {logging_mixin.py:188} INFO - [2024-05-05T03:07:49.779+0530] {dag.py:3096} INFO - Sync 1 DAGs
[2024-05-05T03:07:49.798+0530] {logging_mixin.py:188} INFO - [2024-05-05T03:07:49.798+0530] {dag.py:3954} INFO - Setting next_dagrun for tutorial_taskflow_api to None, run_after=None
[2024-05-05T03:07:49.846+0530] {processor.py:183} INFO - Processing /home/wsl/airflow_venv/lib/python3.10/site-packages/airflow/example_dags/tutorial_taskflow_api.py took 0.114 seconds
[2024-05-05T03:08:45.330+0530] {processor.py:161} INFO - Started process (PID=246409) to work on /home/wsl/airflow_venv/lib/python3.10/site-packages/airflow/example_dags/tutorial_taskflow_api.py
[2024-05-05T03:08:45.332+0530] {processor.py:830} INFO - Processing file /home/wsl/airflow_venv/lib/python3.10/site-packages/airflow/example_dags/tutorial_taskflow_api.py for tasks to queue
[2024-05-05T03:08:45.334+0530] {logging_mixin.py:188} INFO - [2024-05-05T03:08:45.333+0530] {dagbag.py:540} INFO - Filling up the DagBag from /home/wsl/airflow_venv/lib/python3.10/site-packages/airflow/example_dags/tutorial_taskflow_api.py
[2024-05-05T03:08:45.346+0530] {processor.py:840} INFO - DAG(s) 'tutorial_taskflow_api' retrieved from /home/wsl/airflow_venv/lib/python3.10/site-packages/airflow/example_dags/tutorial_taskflow_api.py
[2024-05-05T03:08:45.366+0530] {logging_mixin.py:188} INFO - [2024-05-05T03:08:45.366+0530] {dag.py:3096} INFO - Sync 1 DAGs
[2024-05-05T03:08:45.380+0530] {logging_mixin.py:188} INFO - [2024-05-05T03:08:45.380+0530] {dag.py:3954} INFO - Setting next_dagrun for tutorial_taskflow_api to None, run_after=None
[2024-05-05T03:08:45.412+0530] {processor.py:183} INFO - Processing /home/wsl/airflow_venv/lib/python3.10/site-packages/airflow/example_dags/tutorial_taskflow_api.py took 0.090 seconds
[2024-05-05T03:09:43.545+0530] {processor.py:161} INFO - Started process (PID=246923) to work on /home/wsl/airflow_venv/lib/python3.10/site-packages/airflow/example_dags/tutorial_taskflow_api.py
[2024-05-05T03:09:43.547+0530] {processor.py:830} INFO - Processing file /home/wsl/airflow_venv/lib/python3.10/site-packages/airflow/example_dags/tutorial_taskflow_api.py for tasks to queue
[2024-05-05T03:09:43.549+0530] {logging_mixin.py:188} INFO - [2024-05-05T03:09:43.548+0530] {dagbag.py:540} INFO - Filling up the DagBag from /home/wsl/airflow_venv/lib/python3.10/site-packages/airflow/example_dags/tutorial_taskflow_api.py
[2024-05-05T03:09:43.559+0530] {processor.py:840} INFO - DAG(s) 'tutorial_taskflow_api' retrieved from /home/wsl/airflow_venv/lib/python3.10/site-packages/airflow/example_dags/tutorial_taskflow_api.py
[2024-05-05T03:09:43.581+0530] {logging_mixin.py:188} INFO - [2024-05-05T03:09:43.581+0530] {dag.py:3096} INFO - Sync 1 DAGs
[2024-05-05T03:09:43.595+0530] {logging_mixin.py:188} INFO - [2024-05-05T03:09:43.594+0530] {dag.py:3954} INFO - Setting next_dagrun for tutorial_taskflow_api to None, run_after=None
[2024-05-05T03:09:43.632+0530] {processor.py:183} INFO - Processing /home/wsl/airflow_venv/lib/python3.10/site-packages/airflow/example_dags/tutorial_taskflow_api.py took 0.102 seconds
[2024-05-05T03:10:41.010+0530] {processor.py:161} INFO - Started process (PID=247136) to work on /home/wsl/airflow_venv/lib/python3.10/site-packages/airflow/example_dags/tutorial_taskflow_api.py
[2024-05-05T03:10:41.013+0530] {processor.py:830} INFO - Processing file /home/wsl/airflow_venv/lib/python3.10/site-packages/airflow/example_dags/tutorial_taskflow_api.py for tasks to queue
[2024-05-05T03:10:41.016+0530] {logging_mixin.py:188} INFO - [2024-05-05T03:10:41.015+0530] {dagbag.py:540} INFO - Filling up the DagBag from /home/wsl/airflow_venv/lib/python3.10/site-packages/airflow/example_dags/tutorial_taskflow_api.py
[2024-05-05T03:10:41.026+0530] {processor.py:840} INFO - DAG(s) 'tutorial_taskflow_api' retrieved from /home/wsl/airflow_venv/lib/python3.10/site-packages/airflow/example_dags/tutorial_taskflow_api.py
[2024-05-05T03:10:41.050+0530] {logging_mixin.py:188} INFO - [2024-05-05T03:10:41.050+0530] {dag.py:3096} INFO - Sync 1 DAGs
[2024-05-05T03:10:41.073+0530] {logging_mixin.py:188} INFO - [2024-05-05T03:10:41.072+0530] {dag.py:3954} INFO - Setting next_dagrun for tutorial_taskflow_api to None, run_after=None
[2024-05-05T03:10:41.114+0530] {processor.py:183} INFO - Processing /home/wsl/airflow_venv/lib/python3.10/site-packages/airflow/example_dags/tutorial_taskflow_api.py took 0.114 seconds
[2024-05-05T03:11:32.834+0530] {processor.py:161} INFO - Started process (PID=247478) to work on /home/wsl/airflow_venv/lib/python3.10/site-packages/airflow/example_dags/tutorial_taskflow_api.py
[2024-05-05T03:11:32.836+0530] {processor.py:830} INFO - Processing file /home/wsl/airflow_venv/lib/python3.10/site-packages/airflow/example_dags/tutorial_taskflow_api.py for tasks to queue
[2024-05-05T03:11:32.838+0530] {logging_mixin.py:188} INFO - [2024-05-05T03:11:32.837+0530] {dagbag.py:540} INFO - Filling up the DagBag from /home/wsl/airflow_venv/lib/python3.10/site-packages/airflow/example_dags/tutorial_taskflow_api.py
[2024-05-05T03:11:32.852+0530] {processor.py:840} INFO - DAG(s) 'tutorial_taskflow_api' retrieved from /home/wsl/airflow_venv/lib/python3.10/site-packages/airflow/example_dags/tutorial_taskflow_api.py
[2024-05-05T03:11:32.871+0530] {logging_mixin.py:188} INFO - [2024-05-05T03:11:32.871+0530] {dag.py:3096} INFO - Sync 1 DAGs
[2024-05-05T03:11:32.884+0530] {logging_mixin.py:188} INFO - [2024-05-05T03:11:32.884+0530] {dag.py:3954} INFO - Setting next_dagrun for tutorial_taskflow_api to None, run_after=None
[2024-05-05T03:11:32.915+0530] {processor.py:183} INFO - Processing /home/wsl/airflow_venv/lib/python3.10/site-packages/airflow/example_dags/tutorial_taskflow_api.py took 0.096 seconds
[2024-05-05T03:12:29.161+0530] {processor.py:161} INFO - Started process (PID=247810) to work on /home/wsl/airflow_venv/lib/python3.10/site-packages/airflow/example_dags/tutorial_taskflow_api.py
[2024-05-05T03:12:29.163+0530] {processor.py:830} INFO - Processing file /home/wsl/airflow_venv/lib/python3.10/site-packages/airflow/example_dags/tutorial_taskflow_api.py for tasks to queue
[2024-05-05T03:12:29.164+0530] {logging_mixin.py:188} INFO - [2024-05-05T03:12:29.164+0530] {dagbag.py:540} INFO - Filling up the DagBag from /home/wsl/airflow_venv/lib/python3.10/site-packages/airflow/example_dags/tutorial_taskflow_api.py
[2024-05-05T03:12:29.176+0530] {processor.py:840} INFO - DAG(s) 'tutorial_taskflow_api' retrieved from /home/wsl/airflow_venv/lib/python3.10/site-packages/airflow/example_dags/tutorial_taskflow_api.py
[2024-05-05T03:12:29.206+0530] {logging_mixin.py:188} INFO - [2024-05-05T03:12:29.205+0530] {dag.py:3096} INFO - Sync 1 DAGs
[2024-05-05T03:12:29.230+0530] {logging_mixin.py:188} INFO - [2024-05-05T03:12:29.229+0530] {dag.py:3954} INFO - Setting next_dagrun for tutorial_taskflow_api to None, run_after=None
[2024-05-05T03:12:29.267+0530] {processor.py:183} INFO - Processing /home/wsl/airflow_venv/lib/python3.10/site-packages/airflow/example_dags/tutorial_taskflow_api.py took 0.117 seconds
[2024-05-05T03:13:25.361+0530] {processor.py:161} INFO - Started process (PID=248096) to work on /home/wsl/airflow_venv/lib/python3.10/site-packages/airflow/example_dags/tutorial_taskflow_api.py
[2024-05-05T03:13:25.364+0530] {processor.py:830} INFO - Processing file /home/wsl/airflow_venv/lib/python3.10/site-packages/airflow/example_dags/tutorial_taskflow_api.py for tasks to queue
[2024-05-05T03:13:25.366+0530] {logging_mixin.py:188} INFO - [2024-05-05T03:13:25.365+0530] {dagbag.py:540} INFO - Filling up the DagBag from /home/wsl/airflow_venv/lib/python3.10/site-packages/airflow/example_dags/tutorial_taskflow_api.py
[2024-05-05T03:13:25.382+0530] {processor.py:840} INFO - DAG(s) 'tutorial_taskflow_api' retrieved from /home/wsl/airflow_venv/lib/python3.10/site-packages/airflow/example_dags/tutorial_taskflow_api.py
[2024-05-05T03:13:25.426+0530] {logging_mixin.py:188} INFO - [2024-05-05T03:13:25.425+0530] {dag.py:3096} INFO - Sync 1 DAGs
[2024-05-05T03:13:25.461+0530] {logging_mixin.py:188} INFO - [2024-05-05T03:13:25.460+0530] {dag.py:3954} INFO - Setting next_dagrun for tutorial_taskflow_api to None, run_after=None
[2024-05-05T03:13:25.536+0530] {processor.py:183} INFO - Processing /home/wsl/airflow_venv/lib/python3.10/site-packages/airflow/example_dags/tutorial_taskflow_api.py took 0.187 seconds
[2024-05-05T03:14:24.328+0530] {processor.py:161} INFO - Started process (PID=248430) to work on /home/wsl/airflow_venv/lib/python3.10/site-packages/airflow/example_dags/tutorial_taskflow_api.py
[2024-05-05T03:14:24.334+0530] {processor.py:830} INFO - Processing file /home/wsl/airflow_venv/lib/python3.10/site-packages/airflow/example_dags/tutorial_taskflow_api.py for tasks to queue
[2024-05-05T03:14:24.336+0530] {logging_mixin.py:188} INFO - [2024-05-05T03:14:24.335+0530] {dagbag.py:540} INFO - Filling up the DagBag from /home/wsl/airflow_venv/lib/python3.10/site-packages/airflow/example_dags/tutorial_taskflow_api.py
[2024-05-05T03:14:24.351+0530] {processor.py:840} INFO - DAG(s) 'tutorial_taskflow_api' retrieved from /home/wsl/airflow_venv/lib/python3.10/site-packages/airflow/example_dags/tutorial_taskflow_api.py
[2024-05-05T03:14:24.376+0530] {logging_mixin.py:188} INFO - [2024-05-05T03:14:24.375+0530] {dag.py:3096} INFO - Sync 1 DAGs
[2024-05-05T03:14:24.389+0530] {logging_mixin.py:188} INFO - [2024-05-05T03:14:24.389+0530] {dag.py:3954} INFO - Setting next_dagrun for tutorial_taskflow_api to None, run_after=None
[2024-05-05T03:14:24.415+0530] {processor.py:183} INFO - Processing /home/wsl/airflow_venv/lib/python3.10/site-packages/airflow/example_dags/tutorial_taskflow_api.py took 0.096 seconds
[2024-05-05T03:15:22.238+0530] {processor.py:161} INFO - Started process (PID=248775) to work on /home/wsl/airflow_venv/lib/python3.10/site-packages/airflow/example_dags/tutorial_taskflow_api.py
[2024-05-05T03:15:22.242+0530] {processor.py:830} INFO - Processing file /home/wsl/airflow_venv/lib/python3.10/site-packages/airflow/example_dags/tutorial_taskflow_api.py for tasks to queue
[2024-05-05T03:15:22.243+0530] {logging_mixin.py:188} INFO - [2024-05-05T03:15:22.243+0530] {dagbag.py:540} INFO - Filling up the DagBag from /home/wsl/airflow_venv/lib/python3.10/site-packages/airflow/example_dags/tutorial_taskflow_api.py
[2024-05-05T03:15:22.252+0530] {processor.py:840} INFO - DAG(s) 'tutorial_taskflow_api' retrieved from /home/wsl/airflow_venv/lib/python3.10/site-packages/airflow/example_dags/tutorial_taskflow_api.py
[2024-05-05T03:15:22.271+0530] {logging_mixin.py:188} INFO - [2024-05-05T03:15:22.271+0530] {dag.py:3096} INFO - Sync 1 DAGs
[2024-05-05T03:15:22.284+0530] {logging_mixin.py:188} INFO - [2024-05-05T03:15:22.284+0530] {dag.py:3954} INFO - Setting next_dagrun for tutorial_taskflow_api to None, run_after=None
[2024-05-05T03:15:22.314+0530] {processor.py:183} INFO - Processing /home/wsl/airflow_venv/lib/python3.10/site-packages/airflow/example_dags/tutorial_taskflow_api.py took 0.087 seconds
[2024-05-05T03:16:23.725+0530] {processor.py:161} INFO - Started process (PID=249122) to work on /home/wsl/airflow_venv/lib/python3.10/site-packages/airflow/example_dags/tutorial_taskflow_api.py
[2024-05-05T03:16:23.747+0530] {processor.py:830} INFO - Processing file /home/wsl/airflow_venv/lib/python3.10/site-packages/airflow/example_dags/tutorial_taskflow_api.py for tasks to queue
[2024-05-05T03:16:23.749+0530] {logging_mixin.py:188} INFO - [2024-05-05T03:16:23.748+0530] {dagbag.py:540} INFO - Filling up the DagBag from /home/wsl/airflow_venv/lib/python3.10/site-packages/airflow/example_dags/tutorial_taskflow_api.py
[2024-05-05T03:16:23.780+0530] {processor.py:840} INFO - DAG(s) 'tutorial_taskflow_api' retrieved from /home/wsl/airflow_venv/lib/python3.10/site-packages/airflow/example_dags/tutorial_taskflow_api.py
[2024-05-05T03:16:23.824+0530] {logging_mixin.py:188} INFO - [2024-05-05T03:16:23.824+0530] {dag.py:3096} INFO - Sync 1 DAGs
[2024-05-05T03:16:23.846+0530] {logging_mixin.py:188} INFO - [2024-05-05T03:16:23.846+0530] {dag.py:3954} INFO - Setting next_dagrun for tutorial_taskflow_api to None, run_after=None
[2024-05-05T03:16:23.887+0530] {processor.py:183} INFO - Processing /home/wsl/airflow_venv/lib/python3.10/site-packages/airflow/example_dags/tutorial_taskflow_api.py took 0.202 seconds
[2024-05-05T03:17:40.576+0530] {processor.py:161} INFO - Started process (PID=249577) to work on /home/wsl/airflow_venv/lib/python3.10/site-packages/airflow/example_dags/tutorial_taskflow_api.py
[2024-05-05T03:17:40.580+0530] {processor.py:830} INFO - Processing file /home/wsl/airflow_venv/lib/python3.10/site-packages/airflow/example_dags/tutorial_taskflow_api.py for tasks to queue
[2024-05-05T03:17:40.582+0530] {logging_mixin.py:188} INFO - [2024-05-05T03:17:40.581+0530] {dagbag.py:540} INFO - Filling up the DagBag from /home/wsl/airflow_venv/lib/python3.10/site-packages/airflow/example_dags/tutorial_taskflow_api.py
[2024-05-05T03:17:40.591+0530] {processor.py:840} INFO - DAG(s) 'tutorial_taskflow_api' retrieved from /home/wsl/airflow_venv/lib/python3.10/site-packages/airflow/example_dags/tutorial_taskflow_api.py
[2024-05-05T03:17:40.616+0530] {logging_mixin.py:188} INFO - [2024-05-05T03:17:40.615+0530] {dag.py:3096} INFO - Sync 1 DAGs
[2024-05-05T03:17:40.628+0530] {logging_mixin.py:188} INFO - [2024-05-05T03:17:40.628+0530] {dag.py:3954} INFO - Setting next_dagrun for tutorial_taskflow_api to None, run_after=None
[2024-05-05T03:17:40.789+0530] {processor.py:183} INFO - Processing /home/wsl/airflow_venv/lib/python3.10/site-packages/airflow/example_dags/tutorial_taskflow_api.py took 0.225 seconds
[2024-05-05T03:18:27.889+0530] {processor.py:161} INFO - Started process (PID=249785) to work on /home/wsl/airflow_venv/lib/python3.10/site-packages/airflow/example_dags/tutorial_taskflow_api.py
[2024-05-05T03:18:27.892+0530] {processor.py:830} INFO - Processing file /home/wsl/airflow_venv/lib/python3.10/site-packages/airflow/example_dags/tutorial_taskflow_api.py for tasks to queue
[2024-05-05T03:18:27.894+0530] {logging_mixin.py:188} INFO - [2024-05-05T03:18:27.893+0530] {dagbag.py:540} INFO - Filling up the DagBag from /home/wsl/airflow_venv/lib/python3.10/site-packages/airflow/example_dags/tutorial_taskflow_api.py
[2024-05-05T03:18:27.907+0530] {processor.py:840} INFO - DAG(s) 'tutorial_taskflow_api' retrieved from /home/wsl/airflow_venv/lib/python3.10/site-packages/airflow/example_dags/tutorial_taskflow_api.py
[2024-05-05T03:18:27.946+0530] {logging_mixin.py:188} INFO - [2024-05-05T03:18:27.945+0530] {dag.py:3096} INFO - Sync 1 DAGs
[2024-05-05T03:18:27.968+0530] {logging_mixin.py:188} INFO - [2024-05-05T03:18:27.968+0530] {dag.py:3954} INFO - Setting next_dagrun for tutorial_taskflow_api to None, run_after=None
[2024-05-05T03:18:28.088+0530] {processor.py:183} INFO - Processing /home/wsl/airflow_venv/lib/python3.10/site-packages/airflow/example_dags/tutorial_taskflow_api.py took 0.209 seconds
[2024-05-05T03:19:29.442+0530] {processor.py:161} INFO - Started process (PID=250163) to work on /home/wsl/airflow_venv/lib/python3.10/site-packages/airflow/example_dags/tutorial_taskflow_api.py
[2024-05-05T03:19:29.445+0530] {processor.py:830} INFO - Processing file /home/wsl/airflow_venv/lib/python3.10/site-packages/airflow/example_dags/tutorial_taskflow_api.py for tasks to queue
[2024-05-05T03:19:29.446+0530] {logging_mixin.py:188} INFO - [2024-05-05T03:19:29.446+0530] {dagbag.py:540} INFO - Filling up the DagBag from /home/wsl/airflow_venv/lib/python3.10/site-packages/airflow/example_dags/tutorial_taskflow_api.py
[2024-05-05T03:19:29.459+0530] {processor.py:840} INFO - DAG(s) 'tutorial_taskflow_api' retrieved from /home/wsl/airflow_venv/lib/python3.10/site-packages/airflow/example_dags/tutorial_taskflow_api.py
[2024-05-05T03:19:29.496+0530] {logging_mixin.py:188} INFO - [2024-05-05T03:19:29.496+0530] {dag.py:3096} INFO - Sync 1 DAGs
[2024-05-05T03:19:29.514+0530] {logging_mixin.py:188} INFO - [2024-05-05T03:19:29.514+0530] {dag.py:3954} INFO - Setting next_dagrun for tutorial_taskflow_api to None, run_after=None
[2024-05-05T03:19:29.560+0530] {processor.py:183} INFO - Processing /home/wsl/airflow_venv/lib/python3.10/site-packages/airflow/example_dags/tutorial_taskflow_api.py took 0.130 seconds
[2024-05-05T03:20:11.494+0530] {processor.py:161} INFO - Started process (PID=250366) to work on /home/wsl/airflow_venv/lib/python3.10/site-packages/airflow/example_dags/tutorial_taskflow_api.py
[2024-05-05T03:20:11.496+0530] {processor.py:830} INFO - Processing file /home/wsl/airflow_venv/lib/python3.10/site-packages/airflow/example_dags/tutorial_taskflow_api.py for tasks to queue
[2024-05-05T03:20:11.497+0530] {logging_mixin.py:188} INFO - [2024-05-05T03:20:11.496+0530] {dagbag.py:540} INFO - Filling up the DagBag from /home/wsl/airflow_venv/lib/python3.10/site-packages/airflow/example_dags/tutorial_taskflow_api.py
[2024-05-05T03:20:11.507+0530] {processor.py:840} INFO - DAG(s) 'tutorial_taskflow_api' retrieved from /home/wsl/airflow_venv/lib/python3.10/site-packages/airflow/example_dags/tutorial_taskflow_api.py
[2024-05-05T03:20:11.527+0530] {logging_mixin.py:188} INFO - [2024-05-05T03:20:11.527+0530] {dag.py:3096} INFO - Sync 1 DAGs
[2024-05-05T03:20:11.554+0530] {logging_mixin.py:188} INFO - [2024-05-05T03:20:11.554+0530] {dag.py:3954} INFO - Setting next_dagrun for tutorial_taskflow_api to None, run_after=None
[2024-05-05T03:20:11.627+0530] {processor.py:183} INFO - Processing /home/wsl/airflow_venv/lib/python3.10/site-packages/airflow/example_dags/tutorial_taskflow_api.py took 0.140 seconds
[2024-05-05T03:20:50.645+0530] {processor.py:161} INFO - Started process (PID=250596) to work on /home/wsl/airflow_venv/lib/python3.10/site-packages/airflow/example_dags/tutorial_taskflow_api.py
[2024-05-05T03:20:50.648+0530] {processor.py:830} INFO - Processing file /home/wsl/airflow_venv/lib/python3.10/site-packages/airflow/example_dags/tutorial_taskflow_api.py for tasks to queue
[2024-05-05T03:20:50.649+0530] {logging_mixin.py:188} INFO - [2024-05-05T03:20:50.649+0530] {dagbag.py:540} INFO - Filling up the DagBag from /home/wsl/airflow_venv/lib/python3.10/site-packages/airflow/example_dags/tutorial_taskflow_api.py
[2024-05-05T03:20:50.660+0530] {processor.py:840} INFO - DAG(s) 'tutorial_taskflow_api' retrieved from /home/wsl/airflow_venv/lib/python3.10/site-packages/airflow/example_dags/tutorial_taskflow_api.py
[2024-05-05T03:20:50.680+0530] {logging_mixin.py:188} INFO - [2024-05-05T03:20:50.680+0530] {dag.py:3096} INFO - Sync 1 DAGs
[2024-05-05T03:20:50.694+0530] {logging_mixin.py:188} INFO - [2024-05-05T03:20:50.694+0530] {dag.py:3954} INFO - Setting next_dagrun for tutorial_taskflow_api to None, run_after=None
[2024-05-05T03:20:50.727+0530] {processor.py:183} INFO - Processing /home/wsl/airflow_venv/lib/python3.10/site-packages/airflow/example_dags/tutorial_taskflow_api.py took 0.093 seconds
[2024-05-05T03:21:57.007+0530] {processor.py:161} INFO - Started process (PID=251002) to work on /home/wsl/airflow_venv/lib/python3.10/site-packages/airflow/example_dags/tutorial_taskflow_api.py
[2024-05-05T03:21:57.010+0530] {processor.py:830} INFO - Processing file /home/wsl/airflow_venv/lib/python3.10/site-packages/airflow/example_dags/tutorial_taskflow_api.py for tasks to queue
[2024-05-05T03:21:57.011+0530] {logging_mixin.py:188} INFO - [2024-05-05T03:21:57.011+0530] {dagbag.py:540} INFO - Filling up the DagBag from /home/wsl/airflow_venv/lib/python3.10/site-packages/airflow/example_dags/tutorial_taskflow_api.py
[2024-05-05T03:21:57.021+0530] {processor.py:840} INFO - DAG(s) 'tutorial_taskflow_api' retrieved from /home/wsl/airflow_venv/lib/python3.10/site-packages/airflow/example_dags/tutorial_taskflow_api.py
[2024-05-05T03:21:57.049+0530] {logging_mixin.py:188} INFO - [2024-05-05T03:21:57.048+0530] {dag.py:3096} INFO - Sync 1 DAGs
[2024-05-05T03:21:57.067+0530] {logging_mixin.py:188} INFO - [2024-05-05T03:21:57.066+0530] {dag.py:3954} INFO - Setting next_dagrun for tutorial_taskflow_api to None, run_after=None
[2024-05-05T03:21:57.099+0530] {processor.py:183} INFO - Processing /home/wsl/airflow_venv/lib/python3.10/site-packages/airflow/example_dags/tutorial_taskflow_api.py took 0.100 seconds
[2024-05-05T03:23:07.734+0530] {processor.py:161} INFO - Started process (PID=251362) to work on /home/wsl/airflow_venv/lib/python3.10/site-packages/airflow/example_dags/tutorial_taskflow_api.py
[2024-05-05T03:23:07.736+0530] {processor.py:830} INFO - Processing file /home/wsl/airflow_venv/lib/python3.10/site-packages/airflow/example_dags/tutorial_taskflow_api.py for tasks to queue
[2024-05-05T03:23:07.739+0530] {logging_mixin.py:188} INFO - [2024-05-05T03:23:07.738+0530] {dagbag.py:540} INFO - Filling up the DagBag from /home/wsl/airflow_venv/lib/python3.10/site-packages/airflow/example_dags/tutorial_taskflow_api.py
[2024-05-05T03:23:07.751+0530] {processor.py:840} INFO - DAG(s) 'tutorial_taskflow_api' retrieved from /home/wsl/airflow_venv/lib/python3.10/site-packages/airflow/example_dags/tutorial_taskflow_api.py
[2024-05-05T03:23:07.773+0530] {logging_mixin.py:188} INFO - [2024-05-05T03:23:07.772+0530] {dag.py:3096} INFO - Sync 1 DAGs
[2024-05-05T03:23:07.787+0530] {logging_mixin.py:188} INFO - [2024-05-05T03:23:07.786+0530] {dag.py:3954} INFO - Setting next_dagrun for tutorial_taskflow_api to None, run_after=None
[2024-05-05T03:23:07.818+0530] {processor.py:183} INFO - Processing /home/wsl/airflow_venv/lib/python3.10/site-packages/airflow/example_dags/tutorial_taskflow_api.py took 0.097 seconds
[2024-05-05T03:24:04.062+0530] {processor.py:161} INFO - Started process (PID=251707) to work on /home/wsl/airflow_venv/lib/python3.10/site-packages/airflow/example_dags/tutorial_taskflow_api.py
[2024-05-05T03:24:04.065+0530] {processor.py:830} INFO - Processing file /home/wsl/airflow_venv/lib/python3.10/site-packages/airflow/example_dags/tutorial_taskflow_api.py for tasks to queue
[2024-05-05T03:24:04.066+0530] {logging_mixin.py:188} INFO - [2024-05-05T03:24:04.065+0530] {dagbag.py:540} INFO - Filling up the DagBag from /home/wsl/airflow_venv/lib/python3.10/site-packages/airflow/example_dags/tutorial_taskflow_api.py
[2024-05-05T03:24:04.077+0530] {processor.py:840} INFO - DAG(s) 'tutorial_taskflow_api' retrieved from /home/wsl/airflow_venv/lib/python3.10/site-packages/airflow/example_dags/tutorial_taskflow_api.py
[2024-05-05T03:24:04.096+0530] {logging_mixin.py:188} INFO - [2024-05-05T03:24:04.096+0530] {dag.py:3096} INFO - Sync 1 DAGs
[2024-05-05T03:24:04.109+0530] {logging_mixin.py:188} INFO - [2024-05-05T03:24:04.109+0530] {dag.py:3954} INFO - Setting next_dagrun for tutorial_taskflow_api to None, run_after=None
[2024-05-05T03:24:04.141+0530] {processor.py:183} INFO - Processing /home/wsl/airflow_venv/lib/python3.10/site-packages/airflow/example_dags/tutorial_taskflow_api.py took 0.086 seconds
[2024-05-05T03:24:56.060+0530] {processor.py:161} INFO - Started process (PID=252068) to work on /home/wsl/airflow_venv/lib/python3.10/site-packages/airflow/example_dags/tutorial_taskflow_api.py
[2024-05-05T03:24:56.062+0530] {processor.py:830} INFO - Processing file /home/wsl/airflow_venv/lib/python3.10/site-packages/airflow/example_dags/tutorial_taskflow_api.py for tasks to queue
[2024-05-05T03:24:56.064+0530] {logging_mixin.py:188} INFO - [2024-05-05T03:24:56.063+0530] {dagbag.py:540} INFO - Filling up the DagBag from /home/wsl/airflow_venv/lib/python3.10/site-packages/airflow/example_dags/tutorial_taskflow_api.py
[2024-05-05T03:24:56.077+0530] {processor.py:840} INFO - DAG(s) 'tutorial_taskflow_api' retrieved from /home/wsl/airflow_venv/lib/python3.10/site-packages/airflow/example_dags/tutorial_taskflow_api.py
[2024-05-05T03:24:56.102+0530] {logging_mixin.py:188} INFO - [2024-05-05T03:24:56.102+0530] {dag.py:3096} INFO - Sync 1 DAGs
[2024-05-05T03:24:56.120+0530] {logging_mixin.py:188} INFO - [2024-05-05T03:24:56.119+0530] {dag.py:3954} INFO - Setting next_dagrun for tutorial_taskflow_api to None, run_after=None
[2024-05-05T03:24:56.151+0530] {processor.py:183} INFO - Processing /home/wsl/airflow_venv/lib/python3.10/site-packages/airflow/example_dags/tutorial_taskflow_api.py took 0.103 seconds
[2024-05-05T03:25:51.151+0530] {processor.py:161} INFO - Started process (PID=252315) to work on /home/wsl/airflow_venv/lib/python3.10/site-packages/airflow/example_dags/tutorial_taskflow_api.py
[2024-05-05T03:25:51.154+0530] {processor.py:830} INFO - Processing file /home/wsl/airflow_venv/lib/python3.10/site-packages/airflow/example_dags/tutorial_taskflow_api.py for tasks to queue
[2024-05-05T03:25:51.155+0530] {logging_mixin.py:188} INFO - [2024-05-05T03:25:51.155+0530] {dagbag.py:540} INFO - Filling up the DagBag from /home/wsl/airflow_venv/lib/python3.10/site-packages/airflow/example_dags/tutorial_taskflow_api.py
[2024-05-05T03:25:51.164+0530] {processor.py:840} INFO - DAG(s) 'tutorial_taskflow_api' retrieved from /home/wsl/airflow_venv/lib/python3.10/site-packages/airflow/example_dags/tutorial_taskflow_api.py
[2024-05-05T03:25:51.181+0530] {logging_mixin.py:188} INFO - [2024-05-05T03:25:51.181+0530] {dag.py:3096} INFO - Sync 1 DAGs
[2024-05-05T03:25:51.193+0530] {logging_mixin.py:188} INFO - [2024-05-05T03:25:51.192+0530] {dag.py:3954} INFO - Setting next_dagrun for tutorial_taskflow_api to None, run_after=None
[2024-05-05T03:25:51.219+0530] {processor.py:183} INFO - Processing /home/wsl/airflow_venv/lib/python3.10/site-packages/airflow/example_dags/tutorial_taskflow_api.py took 0.075 seconds
[2024-05-05T03:27:08.607+0530] {processor.py:161} INFO - Started process (PID=252869) to work on /home/wsl/airflow_venv/lib/python3.10/site-packages/airflow/example_dags/tutorial_taskflow_api.py
[2024-05-05T03:27:08.609+0530] {processor.py:830} INFO - Processing file /home/wsl/airflow_venv/lib/python3.10/site-packages/airflow/example_dags/tutorial_taskflow_api.py for tasks to queue
[2024-05-05T03:27:08.610+0530] {logging_mixin.py:188} INFO - [2024-05-05T03:27:08.610+0530] {dagbag.py:540} INFO - Filling up the DagBag from /home/wsl/airflow_venv/lib/python3.10/site-packages/airflow/example_dags/tutorial_taskflow_api.py
[2024-05-05T03:27:08.618+0530] {processor.py:840} INFO - DAG(s) 'tutorial_taskflow_api' retrieved from /home/wsl/airflow_venv/lib/python3.10/site-packages/airflow/example_dags/tutorial_taskflow_api.py
[2024-05-05T03:27:08.637+0530] {logging_mixin.py:188} INFO - [2024-05-05T03:27:08.636+0530] {dag.py:3096} INFO - Sync 1 DAGs
[2024-05-05T03:27:08.649+0530] {logging_mixin.py:188} INFO - [2024-05-05T03:27:08.649+0530] {dag.py:3954} INFO - Setting next_dagrun for tutorial_taskflow_api to None, run_after=None
[2024-05-05T03:27:08.680+0530] {processor.py:183} INFO - Processing /home/wsl/airflow_venv/lib/python3.10/site-packages/airflow/example_dags/tutorial_taskflow_api.py took 0.082 seconds
