[2024-06-14T15:23:44.783+0530] {local_task_job_runner.py:120} INFO - ::group::Pre task execution logs
[2024-06-14T15:23:44.873+0530] {taskinstance.py:2073} INFO - Dependencies all met for dep_context=non-requeueable deps ti=<TaskInstance: my_data_pipeline_dag.collect_data_3 manual__2024-06-14T09:49:52.940074+00:00 [queued]>
[2024-06-14T15:23:44.903+0530] {taskinstance.py:2073} INFO - Dependencies all met for dep_context=requeueable deps ti=<TaskInstance: my_data_pipeline_dag.collect_data_3 manual__2024-06-14T09:49:52.940074+00:00 [queued]>
[2024-06-14T15:23:44.904+0530] {taskinstance.py:2303} INFO - Starting attempt 1 of 2
[2024-06-14T15:23:45.754+0530] {taskinstance.py:2327} INFO - Executing <Task(BashOperator): collect_data_3> on 2024-06-14 09:49:52.940074+00:00
[2024-06-14T15:23:45.761+0530] {standard_task_runner.py:63} INFO - Started process 62869 to run task
[2024-06-14T15:23:45.765+0530] {standard_task_runner.py:90} INFO - Running: ['airflow', 'tasks', 'run', 'my_data_pipeline_dag', 'collect_data_3', 'manual__2024-06-14T09:49:52.940074+00:00', '--job-id', '20', '--raw', '--subdir', 'DAGS_FOLDER/my_first_dag.py', '--cfg-path', '/tmp/tmpdnusckwj']
[2024-06-14T15:23:45.768+0530] {standard_task_runner.py:91} INFO - Job 20: Subtask collect_data_3
[2024-06-14T15:23:46.063+0530] {task_command.py:426} INFO - Running <TaskInstance: my_data_pipeline_dag.collect_data_3 manual__2024-06-14T09:49:52.940074+00:00 [running]> on host DESKTOP-J05K55U.
[2024-06-14T15:23:46.649+0530] {taskinstance.py:2644} INFO - Exporting env vars: AIRFLOW_CTX_DAG_EMAIL='airflow@example.com' AIRFLOW_CTX_DAG_OWNER='airflow' AIRFLOW_CTX_DAG_ID='my_data_pipeline_dag' AIRFLOW_CTX_TASK_ID='collect_data_3' AIRFLOW_CTX_EXECUTION_DATE='2024-06-14T09:49:52.940074+00:00' AIRFLOW_CTX_TRY_NUMBER='1' AIRFLOW_CTX_DAG_RUN_ID='manual__2024-06-14T09:49:52.940074+00:00'
[2024-06-14T15:23:46.661+0530] {taskinstance.py:430} INFO - ::endgroup::
[2024-06-14T15:23:46.662+0530] {subprocess.py:63} INFO - Tmp dir root location: /tmp
[2024-06-14T15:23:46.664+0530] {subprocess.py:75} INFO - Running command: ['/usr/bin/bash', '-c', 'python "/home/wsl/airflow/dags/Collect Data/test3.py"']
[2024-06-14T15:23:46.695+0530] {subprocess.py:86} INFO - Output:
[2024-06-14T15:23:54.003+0530] {subprocess.py:93} INFO - 24/06/14 15:23:54 WARN Utils: Your hostname, DESKTOP-J05K55U resolves to a loopback address: 127.0.1.1; using 172.31.56.255 instead (on interface eth0)
[2024-06-14T15:23:54.007+0530] {subprocess.py:93} INFO - 24/06/14 15:23:54 WARN Utils: Set SPARK_LOCAL_IP if you need to bind to another address
[2024-06-14T15:24:04.088+0530] {subprocess.py:93} INFO - :: loading settings :: url = jar:file:/home/wsl/airflow_venv/lib/python3.10/site-packages/pyspark/jars/ivy-2.5.1.jar!/org/apache/ivy/core/settings/ivysettings.xml
[2024-06-14T15:24:04.216+0530] {subprocess.py:93} INFO - Ivy Default Cache set to: /home/wsl/.ivy2/cache
[2024-06-14T15:24:04.217+0530] {subprocess.py:93} INFO - The jars for the packages stored in: /home/wsl/.ivy2/jars
[2024-06-14T15:24:04.224+0530] {subprocess.py:93} INFO - org.elasticsearch#elasticsearch-hadoop added as a dependency
[2024-06-14T15:24:04.226+0530] {subprocess.py:93} INFO - :: resolving dependencies :: org.apache.spark#spark-submit-parent-32af2488-54e9-46b7-a53b-c0097307f3b4;1.0
[2024-06-14T15:24:04.227+0530] {subprocess.py:93} INFO - 	confs: [default]
[2024-06-14T15:24:04.570+0530] {subprocess.py:93} INFO - 	found org.elasticsearch#elasticsearch-hadoop;8.6.2 in central
[2024-06-14T15:24:04.657+0530] {subprocess.py:93} INFO - 	found commons-logging#commons-logging;1.1.1 in central
[2024-06-14T15:24:04.699+0530] {subprocess.py:93} INFO - 	found commons-codec#commons-codec;1.4 in central
[2024-06-14T15:24:04.739+0530] {subprocess.py:93} INFO - 	found javax.xml.bind#jaxb-api;2.3.1 in central
[2024-06-14T15:24:04.826+0530] {subprocess.py:93} INFO - 	found org.apache.hive#hive-service;3.1.2 in central
[2024-06-14T15:24:04.981+0530] {subprocess.py:93} INFO - 	found org.apache.hive#hive-exec;3.1.2 in central
[2024-06-14T15:24:05.112+0530] {subprocess.py:93} INFO - 	found org.apache.hive#hive-metastore;3.1.2 in central
[2024-06-14T15:24:05.181+0530] {subprocess.py:93} INFO - 	found org.apache.pig#pig;0.15.0 in central
[2024-06-14T15:24:05.232+0530] {subprocess.py:93} INFO - 	found org.apache.spark#spark-yarn_2.11;2.3.0 in central
[2024-06-14T15:24:05.258+0530] {subprocess.py:93} INFO - 	found org.scala-lang#scala-reflect;2.11.12 in central
[2024-06-14T15:24:05.285+0530] {subprocess.py:93} INFO - 	found org.apache.storm#storm-core;1.0.6 in central
[2024-06-14T15:24:05.318+0530] {subprocess.py:93} INFO - 	found org.apache.hadoop#hadoop-client;3.1.2 in central
[2024-06-14T15:24:05.351+0530] {subprocess.py:93} INFO - 	found org.apache.hadoop#hadoop-common;3.1.2 in central
[2024-06-14T15:24:05.391+0530] {subprocess.py:93} INFO - 	found org.apache.hadoop#hadoop-mapreduce-client-core;3.1.2 in central
[2024-06-14T15:24:05.412+0530] {subprocess.py:93} INFO - 	found joda-time#joda-time;2.9.3 in central
[2024-06-14T15:24:05.465+0530] {subprocess.py:93} INFO - :: resolution report :: resolve 1205ms :: artifacts dl 34ms
[2024-06-14T15:24:05.466+0530] {subprocess.py:93} INFO - 	:: modules in use:
[2024-06-14T15:24:05.466+0530] {subprocess.py:93} INFO - 	commons-codec#commons-codec;1.4 from central in [default]
[2024-06-14T15:24:05.466+0530] {subprocess.py:93} INFO - 	commons-logging#commons-logging;1.1.1 from central in [default]
[2024-06-14T15:24:05.466+0530] {subprocess.py:93} INFO - 	javax.xml.bind#jaxb-api;2.3.1 from central in [default]
[2024-06-14T15:24:05.467+0530] {subprocess.py:93} INFO - 	joda-time#joda-time;2.9.3 from central in [default]
[2024-06-14T15:24:05.467+0530] {subprocess.py:93} INFO - 	org.apache.hadoop#hadoop-client;3.1.2 from central in [default]
[2024-06-14T15:24:05.467+0530] {subprocess.py:93} INFO - 	org.apache.hadoop#hadoop-common;3.1.2 from central in [default]
[2024-06-14T15:24:05.468+0530] {subprocess.py:93} INFO - 	org.apache.hadoop#hadoop-mapreduce-client-core;3.1.2 from central in [default]
[2024-06-14T15:24:05.468+0530] {subprocess.py:93} INFO - 	org.apache.hive#hive-exec;3.1.2 from central in [default]
[2024-06-14T15:24:05.468+0530] {subprocess.py:93} INFO - 	org.apache.hive#hive-metastore;3.1.2 from central in [default]
[2024-06-14T15:24:05.468+0530] {subprocess.py:93} INFO - 	org.apache.hive#hive-service;3.1.2 from central in [default]
[2024-06-14T15:24:05.469+0530] {subprocess.py:93} INFO - 	org.apache.pig#pig;0.15.0 from central in [default]
[2024-06-14T15:24:05.469+0530] {subprocess.py:93} INFO - 	org.apache.spark#spark-yarn_2.11;2.3.0 from central in [default]
[2024-06-14T15:24:05.469+0530] {subprocess.py:93} INFO - 	org.apache.storm#storm-core;1.0.6 from central in [default]
[2024-06-14T15:24:05.469+0530] {subprocess.py:93} INFO - 	org.elasticsearch#elasticsearch-hadoop;8.6.2 from central in [default]
[2024-06-14T15:24:05.469+0530] {subprocess.py:93} INFO - 	org.scala-lang#scala-reflect;2.11.12 from central in [default]
[2024-06-14T15:24:05.470+0530] {subprocess.py:93} INFO - 	---------------------------------------------------------------------
[2024-06-14T15:24:05.470+0530] {subprocess.py:93} INFO - 	|                  |            modules            ||   artifacts   |
[2024-06-14T15:24:05.470+0530] {subprocess.py:93} INFO - 	|       conf       | number| search|dwnlded|evicted|| number|dwnlded|
[2024-06-14T15:24:05.470+0530] {subprocess.py:93} INFO - 	---------------------------------------------------------------------
[2024-06-14T15:24:05.470+0530] {subprocess.py:93} INFO - 	|      default     |   15  |   0   |   0   |   0   ||   15  |   0   |
[2024-06-14T15:24:05.471+0530] {subprocess.py:93} INFO - 	---------------------------------------------------------------------
[2024-06-14T15:24:05.480+0530] {subprocess.py:93} INFO - :: retrieving :: org.apache.spark#spark-submit-parent-32af2488-54e9-46b7-a53b-c0097307f3b4
[2024-06-14T15:24:05.481+0530] {subprocess.py:93} INFO - 	confs: [default]
[2024-06-14T15:24:05.496+0530] {subprocess.py:93} INFO - 	0 artifacts copied, 15 already retrieved (0kB/16ms)
[2024-06-14T15:24:05.840+0530] {subprocess.py:93} INFO - 24/06/14 15:24:05 WARN NativeCodeLoader: Unable to load native-hadoop library for your platform... using builtin-java classes where applicable
[2024-06-14T15:24:07.017+0530] {subprocess.py:93} INFO - Setting default log level to "WARN".
[2024-06-14T15:24:07.017+0530] {subprocess.py:93} INFO - To adjust logging level use sc.setLogLevel(newLevel). For SparkR, use setLogLevel(newLevel).
[2024-06-14T15:24:31.459+0530] {subprocess.py:93} INFO - [Stage 0:>                                                          (0 + 1) / 1]                                                                                <pyspark.sql.session.SparkSession object at 0x7f5912ece4a0>
[2024-06-14T15:24:32.178+0530] {subprocess.py:97} INFO - Command exited with return code 0
[2024-06-14T15:24:32.179+0530] {taskinstance.py:441} INFO - ::group::Post task execution logs
[2024-06-14T15:24:32.203+0530] {taskinstance.py:1205} INFO - Marking task as SUCCESS. dag_id=my_data_pipeline_dag, task_id=collect_data_3, execution_date=20240614T094952, start_date=20240614T095344, end_date=20240614T095432
[2024-06-14T15:24:32.268+0530] {local_task_job_runner.py:240} INFO - Task exited with return code 0
[2024-06-14T15:24:32.278+0530] {taskinstance.py:3482} INFO - 0 downstream tasks scheduled from follow-on schedule check
[2024-06-14T15:24:32.278+0530] {local_task_job_runner.py:222} INFO - ::endgroup::
